Job dvb_un_sp started on c-gle.ch.cam.ac.uk at Thu Apr  6 14:12:05 2006
Jaguar version 4.2, release  77
Molecular Point Group: C2h     
Point Group used: C1 (symmetry turned off)
pre (input checking) done.
onee (1-electron integrals) done.
hfig (HF initial guess) done.
probe (project orbitals) done.
grid (grid generation) done.
scf type: UDFT=Becke_3_Parameter/HF+Slater+Becke88+VWN+LYP (B3LYP)
  
       i  u  d  i  g
       t  p  i  c  r                               RMS    maximum
       e  d  i  u  i                     energy  density   DIIS  
       r  t  s  t  d     total energy    change  change    error 
  
etot   1  N  N  0  N  -382.06476343152           1.3E-03  1.9E-02
etot   2  Y  Y  0  N  -382.07620216078  1.1E-02  4.7E-04  1.5E-02
etot   3  N  Y  0  N  -382.08064655909  4.4E-03  1.3E-04  5.1E-03
etot   4  Y  Y  0  N  -382.08103575426  3.9E-04  1.7E-04  3.0E-03
etot   5  Y  Y  0  N  -382.08128719753  2.5E-04  7.8E-05  2.4E-03
etot   6  Y  Y  0  N  -382.08135795749  7.1E-05  5.5E-05  8.7E-04
etot   7  N  Y  0  N  -382.08137882090  2.1E-05  2.0E-05  3.7E-04
etot   8  Y  Y  0  N  -382.08138190648  3.1E-06  8.8E-06  1.6E-04
etot   9  Y  Y  0  N  -382.08138256644  6.6E-07  4.8E-06  8.5E-05
etot  10  Y  N  0  N  -382.08138267276  1.1E-07  0.0E+00  0.0E+00
scfa (UDFT) done.
cutabab2 done.
der1a (1-e 1st deriv.) done.
der1bb (2-e 1st deriv.) done.
scf type: UDFT=Becke_3_Parameter/HF+Slater+Becke88+VWN+LYP (B3LYP)
  
       i  u  d  i  g
       t  p  i  c  r                               RMS    maximum
       e  d  i  u  i                     energy  density   DIIS  
       r  t  s  t  d     total energy    change  change    error 
  
etot   1  N  N  0  N  -382.08138345188           1.2E-06  2.9E-05
etot   2  Y  N  0  N  -382.08138345533  3.4E-09  0.0E+00  0.0E+00
scf (UDFT) done.
cutabab2 done.
der2a (1-e 1st deriv.) done.
der2b (2-e JK-1st deriv.) done.
der2nda (1-e 2nd deriv.) done.
der2ndb (2-e 2nd deriv.) done.
cphfa (gradient of wave function) done.
freq (vib. frequencies) done.
See /home/rsp25/dvb_un_sp.out for output
Job dvb_un_sp completed on c-gle.ch.cam.ac.uk at Thu Apr  6 16:16:57 2006
