    -----------------------------------------------------------------------
          PSI4: An Open-Source Ab Initio Electronic Structure Package
                              PSI 4.0.0-beta5 Driver

    J. M. Turney, A. C. Simmonett, R. M. Parrish, E. G. Hohenstein,
    F. A. Evangelista, J. T. Fermann, B. J. Mintz, L. A. Burns, J. J. Wilke,
    M. L. Abrams, N. J. Russ, M. L. Leininger, C. L. Janssen, E. T. Seidl,
    W. D. Allen, H. F. Schaefer, R. A. King, E. F. Valeev, C. D. Sherrill,
    and T. D. Crawford, WIREs Comput. Mol. Sci., (2011) (doi: 10.1002/wcms.93)

                         Additional Contributions by
    A. E. DePrince, M. Saitow, U. Bozkaya, A. Yu. Sokolov
    -----------------------------------------------------------------------

    Process ID:  26272
    PSI4DATADIR: /usr/local/share/psi

    Using LocalCommunicator (Number of processes = 1)

    Memory level set to 256.000 MB

  ==> Input File <==

--------------------------------------------------------------------------
molecule dvb {
    C    -1.4152533224   0.2302217854   0.0000000000
    C     1.4152533224  -0.2302217854   0.0000000000
    C    -0.4951331558   1.3144608674   0.0000000000
    C     0.4951331558  -1.3144608674   0.0000000000
    C     0.8894090436   1.0909493743   0.0000000000
    C    -0.8894090436  -1.0909493743   0.0000000000
    H    -0.8795511985   2.3437343748   0.0000000000
    H     0.8795511985  -2.3437343748   0.0000000000
    H     1.5779041557   1.9450061275   0.0000000000
    H    -1.5779041557  -1.9450061275   0.0000000000
    C     2.8845844962  -0.5210893778   0.0000000000
    C    -2.8845844962   0.5210893778   0.0000000000
    H     3.1403356810  -1.5919605685   0.0000000000
    H    -3.1403356810   1.5919605685   0.0000000000
    C     3.8800428103   0.3822535424   0.0000000000
    C    -3.8800428103  -0.3822535424   0.0000000000
    H     3.6946765858   1.4624389570   0.0000000000
    H    -3.6946765858  -1.4624389570   0.0000000000
    H     4.9316453546   0.0711049543   0.0000000000
    H    -4.9316453546  -0.0711049543   0.0000000000
}

set {
    basis sto-3g
    guess sad
    reference rhf
    scf_type pk
}

energy('scf')--------------------------------------------------------------------------

*** tstart() called on silenziosa
*** at Thu Mar 27 09:57:39 2014

	There are an even number of electrons - assuming singlet.
	Specify the multiplicity with the MULTP option in the
	input if this is incorrect


         ---------------------------------------------------------
                                   SCF
            by Justin Turney, Rob Parrish, and Andy Simmonett
                              RHF Reference
                        1 Threads,    256 MiB Core
         ---------------------------------------------------------

  ==> Geometry <==

    Molecular point group: c2h
    Full point group: C2h

    Geometry (in Angstrom), charge = 0, multiplicity = 1:

       Center              X                  Y                   Z       
    ------------   -----------------  -----------------  -----------------
           C         -1.415253322400     0.230221785400     0.000000000000
           C          1.415253322400    -0.230221785400     0.000000000000
           C         -0.495133155800     1.314460867400     0.000000000000
           C          0.495133155800    -1.314460867400     0.000000000000
           C          0.889409043600     1.090949374300     0.000000000000
           C         -0.889409043600    -1.090949374300     0.000000000000
           H         -0.879551198500     2.343734374800     0.000000000000
           H          0.879551198500    -2.343734374800     0.000000000000
           H          1.577904155700     1.945006127500     0.000000000000
           H         -1.577904155700    -1.945006127500     0.000000000000
           C          2.884584496200    -0.521089377800     0.000000000000
           C         -2.884584496200     0.521089377800     0.000000000000
           H          3.140335681000    -1.591960568500     0.000000000000
           H         -3.140335681000     1.591960568500     0.000000000000
           C          3.880042810300     0.382253542400     0.000000000000
           C         -3.880042810300    -0.382253542400     0.000000000000
           H          3.694676585800     1.462438957000     0.000000000000
           H         -3.694676585800    -1.462438957000     0.000000000000
           H          4.931645354600     0.071104954300     0.000000000000
           H         -4.931645354600    -0.071104954300     0.000000000000

  Running in c2h symmetry.

  Nuclear repulsion =  445.936978114243459

  Charge       = 0
  Multiplicity = 1
  Electrons    = 70
  Nalpha       = 35
  Nbeta        = 35

  ==> Algorithm <==

  SCF Algorithm Type is PK.
  DIIS enabled.
  MOM disabled.
  Fractional occupation disabled.
  Guess Type is SAD.
  Energy threshold   = 1.00e-06
  Density threshold  = 1.00e-06
  Integral threshold = 0.00e+00

  ==> Primary Basis <==

  Basis Set: STO-3G
    Number of shells: 40
    Number of basis function: 60
    Number of Cartesian functions: 60
    Spherical Harmonics?: true
    Max angular momentum: 1

  ==> Pre-Iterations <==

   -------------------------------------------------------
    Irrep   Nso     Nmo     Nalpha   Nbeta   Ndocc  Nsocc
   -------------------------------------------------------
     Ag        25      25       0       0       0       0
     Bg         5       5       0       0       0       0
     Au         5       5       0       0       0       0
     Bu        25      25       0       0       0       0
   -------------------------------------------------------
    Total      60      60      35      35      35       0
   -------------------------------------------------------

  Starting with a DF guess...

 OEINTS: Wrapper to libmints.
   by Justin Turney

   Calculation information:
      Number of atoms:                  20
      Number of AO shells:              40
      Number of SO shells:              20
      Number of primitives:            120
      Number of atomic orbitals:        60
      Number of basis functions:        60

      Number of irreps:                  4
      Number of functions per irrep: [  25    5    5   25 ]

      Overlap, kinetic, potential, dipole, and quadrupole integrals
        stored in file 35.

  ==> Integral Setup <==

  ==> DFJK: Density-Fitted J/K Matrices <==

    J tasked:                  Yes
    K tasked:                  Yes
    wK tasked:                  No
    OpenMP threads:              1
    Integrals threads:           1
    Memory (MB):               183
    Algorithm:                Core
    Integral Cache:           NONE
    Schwarz Cutoff:          1E-12
    Fitting Condition:       1E-12

   => Auxiliary Basis Set <=

  Basis Set: CC-PVDZ-JKFIT
    Number of shells: 330
    Number of basis function: 930
    Number of Cartesian functions: 1060
    Spherical Harmonics?: true
    Max angular momentum: 3

  Minimum eigenvalue in the overlap matrix is 1.8147107108E-01.
  Using Symmetric Orthogonalization.
  SCF Guess: Superposition of Atomic Densities via on-the-fly atomic UHF.

  ==> Iterations <==

                           Total Energy        Delta E     RMS |[F,P]|

   @DF-RHF iter   0:  -379.39903563530487   -3.79399e+02   1.22406e-01 
   @DF-RHF iter   1:  -379.50926542578173   -1.10230e-01   1.48231e-02 
   @DF-RHF iter   2:  -379.75121179218633   -2.41946e-01   3.85556e-03 DIIS
   @DF-RHF iter   3:  -379.76614390168305   -1.49321e-02   1.54564e-03 DIIS
   @DF-RHF iter   4:  -379.76804256982945   -1.89867e-03   2.31071e-04 DIIS
   @DF-RHF iter   5:  -379.76809409007859   -5.15202e-05   2.54658e-05 DIIS
   @DF-RHF iter   6:  -379.76809539087418   -1.30080e-06   8.40219e-06 DIIS
   @DF-RHF iter   7:  -379.76809550064041   -1.09766e-07   2.68312e-06 DIIS
   @DF-RHF iter   8:  -379.76809551427954   -1.36391e-08   6.92302e-07 DIIS

  DF guess converged.

  ==> Integral Setup <==

 MINTS: Wrapper to libmints.
   by Justin Turney

   Calculation information:
      Number of atoms:                  20
      Number of AO shells:              40
      Number of SO shells:              20
      Number of primitives:            120
      Number of atomic orbitals:        60
      Number of basis functions:        60

      Number of irreps:                  4
      Integral cutoff                 0.00e+00
      Number of functions per irrep: [  25    5    5   25 ]

      Overlap, kinetic, potential, dipole, and quadrupole integrals
        stored in file 35.

      Computing two-electron integrals...done
      Computed 505865 non-zero two-electron integrals.
        Stored in file 33.

	Batch   1 pq = [       0,     680] index = [             0,231540]
  ==> DiskJK: Disk-Based J/K Matrices <==

    J tasked:                  Yes
    K tasked:                  Yes
    wK tasked:                  No
    Memory (MB):               183
    Schwarz Cutoff:          1E-12

   @RHF iter   9:  -379.76896289852897   -8.67384e-04   4.38031e-06 DIIS
   @RHF iter  10:  -379.76896292130931   -2.27803e-08   1.18950e-06 DIIS
   @RHF iter  11:  -379.76896292284840   -1.53909e-09   5.18251e-07 DIIS

  ==> Post-Iterations <==

	Orbital Energies (a.u.)
	-----------------------

	Doubly Occupied:                                                      

	   1Bu   -11.040586     1Ag   -11.040524     2Bu   -11.031589  
	   2Ag   -11.031589     3Bu   -11.028950     3Ag   -11.028820  
	   4Bu   -11.028607     4Ag   -11.028584     5Bu   -11.017477  
	   5Ag   -11.017476     6Ag    -1.090297     6Bu    -1.020253  
	   7Ag    -0.974924     7Bu    -0.950300     8Bu    -0.909633  
	   8Ag    -0.799882     9Ag    -0.762825     9Bu    -0.727631  
	  10Ag    -0.696775    11Ag    -0.628051    10Bu    -0.605677  
	  11Bu    -0.572941    12Bu    -0.553602    12Ag    -0.553165  
	  13Bu    -0.525358    14Bu    -0.496697    13Ag    -0.492527  
	   1Au    -0.463728    15Bu    -0.446430    14Ag    -0.421653  
	  15Ag    -0.415620     1Bg    -0.376962     2Au    -0.315126  
	   2Bg    -0.278361     3Bg    -0.222189  

	Virtual:                                                              

	   3Au     0.198995     4Au     0.268517     4Bg     0.308826  
	   5Au     0.397078     5Bg     0.521759    16Ag     0.565017  
	  16Bu     0.575562    17Ag     0.621561    17Bu     0.625801  
	  18Ag     0.658234    18Bu     0.659397    19Bu     0.677179  
	  19Ag     0.694188    20Bu     0.706709    20Ag     0.740137  
	  21Ag     0.802227    21Bu     0.825657    22Ag     0.860617  
	  22Bu     0.887760    23Bu     0.921010    23Ag     0.939950  
	  24Ag     0.990287    24Bu     1.027266    25Ag     1.107702  
	  25Bu     1.124938  

	Final Occupation by Irrep:
	         Ag    Bg    Au    Bu 
	DOCC [    15,    3,    2,   15 ]

  Energy converged.

  @RHF Final Energy:  -379.76896292284840

   => Energetics <=

    Nuclear Repulsion Energy =            445.9369781142434590
    One-Electron Energy =               -1400.2221335987978819
    Two-Electron Energy =                 574.5161925617059069
    DFT Exchange-Correlation Energy =       0.0000000000000000
    Empirical Dispersion Energy =           0.0000000000000000
    Total Energy =                       -379.7689629228485728



Properties will be evaluated at   0.000000,   0.000000,   0.000000 Bohr
  ==> Properties <==


Properties computed using the SCF density density matrix
  Nuclear Dipole Moment: (a.u.)
     X:     0.0000      Y:     0.0000      Z:     0.0000

  Electronic Dipole Moment: (a.u.)
     X:     0.0000      Y:     0.0000      Z:     0.0000

  Dipole Moment: (a.u.)
     X:     0.0000      Y:     0.0000      Z:     0.0000     Total:     0.0000

  Dipole Moment: (Debye)
     X:     0.0000      Y:     0.0000      Z:     0.0000     Total:     0.0000


  Saving occupied orbitals to File 180.

*** tstop() called on silenziosa at Thu Mar 27 09:57:47 2014
Module time:
	user time   =       8.88 seconds =       0.15 minutes
	system time =       0.10 seconds =       0.00 minutes
	total time  =          8 seconds =       0.13 minutes
Total time:
	user time   =       8.88 seconds =       0.15 minutes
	system time =       0.10 seconds =       0.00 minutes
	total time  =          8 seconds =       0.13 minutes

*** PSI4 exiting successfully. Buy a developer a beer!
