
 escf (compute060.hpc.st-andrews.ac.uk) : TURBOMOLE rev. V7.5.0 compiled 13 Jun 2020 at 23:29:25
 Copyright (C) 2020 TURBOMOLE GmbH, Karlsruhe


    2025-11-20 12:36:49.284 




                                e s c f

                             TURBOMOLE GmbH


          integral direct evaluation of 

                    * excitation energies and transition moments 
                    * dynamic response properties 
                    * stabilities



          references (see also programs dscf and ridft) 

          implementation and benchmarks (review) 
          F. Furche and D. Rappoport,  
          "Density functional methods for excited states: 
          equilibrium structure and electronic spectra",
          ch. III of "Computational Photochemistry", ed. by 
          M. Olivucci, vol. 16 of "Theoretical and Computational 
          Chemistry", Elsevier, Amsterdam, 2005.

          Bethe-Salpeter equation
          K. Krause and W. Klopper,
          J. Comput. Chem. 38 (2017) 383.

          2c BSE, GW and hybrid TD-DFT
          C. Holzer and W. Klopper
          J. Chem. Phys. 150, 204116 (2019)

          nonorthonormal Krylov space methods 
          F. Furche, B. T. Krull, B. D. Nguyen, and J. Kwon, 
          J. Chem. Phys. 144 (2016), 174105.

          two-component GW quasi particle energies 
          M. Kuehn and F. Weigend, 
          J. Chem. Theory Comput. 11 (2015), 969.

          two-component TDDFT with spin-orbit coupling 
          M. Kuehn and F. Weigend, 
          J. Chem. Theory Comput. 9 (2013), 5341.
          M. Kuehn and F. Weigend, 
          J. Chem. Phys. 142 (2015), 034116.

          GW quasi particle energies
          M. J. van Setten, F. Weigend, and F. Evers,
          J. Chem. Theory Comput. 9 (2013), 232.

          Fast GW methods: RIGW, contour deformation
          J. Chem. Phys. 150, 204116 (2019)

          current-density dependent meta-GGA Linear Response
          J. E. Bates and F. Furche, 
          J. Chem. Phys. 137 (2012), 164105.

          spin-flip method 
          M. Kuehn and F. Weigend, 
          Chem. Phys. Chem. 12 (2011), 3331.

          RI-J method 
          R. Bauernschmitt, M. Haeser, O. Treutler, and R. Ahlrichs,
          Chem. Phys. Lett. 264 (1997), 573.

          density functional implementation               
          R. Bauernschmitt and R. Ahlrichs,
          Chem. Phys. Lett. 256 (1996), 454.
          R. Bauernschmitt and R. Ahlrichs,
          J. Chem. Phys. 104 (1996), 9047.

          UHF extension (RPA and CIS)
          C. Ochsenfeld, J. Gauss, and R. Ahlrichs, 
          J. Chem. Phys. 103 (1995), 7401.

          integral direct algorithm                 
          H. Weiss, R. Ahlrichs, and M. Haeser, 
          J. Chem. Phys. 99 (1993), 1262.

          Seminumerical and pseudospectral algorithms
          C. Holzer, in preparation (2020)

          Two-component static/dynamic polarizabilities,
          and relativistic damped-response approach,
          polarizabilities and damped response at GW-BSE level
          M. Kehry, Y. J. Franzke, C. Holzer, and W. Klopper,
          Mol. Phys. (2020)
                                     




              +--------------------------------------------------+
              | Atomic coordinate, charge and isotop information |
              +--------------------------------------------------+

                    atomic coordinates            atom    charge  isotop
          2.32397196    1.39322137    0.00000000    c      6.000     0
         -2.32397196   -1.39322137    0.00000000    c      6.000     0
         -0.04923303    2.65389547    0.00000000    c      6.000     0
          0.04923303   -2.65389547    0.00000000    c      6.000     0
         -2.32397196    1.29391626    0.00000000    c      6.000     0
          2.32397196   -1.29391626    0.00000000    c      6.000     0
         -0.09356034    4.72969725    0.00000000    h      1.000     0
          0.09356034   -4.72969725    0.00000000    h      1.000     0
         -4.12963929    2.31230668    0.00000000    h      1.000     0
          4.12963929   -2.31230668    0.00000000    h      1.000     0
         -4.70051043   -2.93071389    0.00000000    c      6.000     0
          4.70051043    2.93071389    0.00000000    c      6.000     0
         -4.40120427   -4.98963853    0.00000000    h      1.000     0
          4.40120427    4.98963853    0.00000000    h      1.000     0
         -7.07957547   -2.04030139    0.00000000    c      6.000     0
          7.07957547    2.04030139    0.00000000    c      6.000     0
         -7.50897038   -0.01420885    0.00000000    h      1.000     0
          7.50897038    0.01420885    0.00000000    h      1.000     0
         -8.70850805   -3.32148468    0.00000000    h      1.000     0
          8.70850805    3.32148468    0.00000000    h      1.000     0
 
       center of nuclear mass  :    0.00000000    0.00000000    0.00000000
       center of nuclear charge:    0.00000000    0.00000000    0.00000000

   *************************************************************************
   dvb_nmr_Single_Point_DFT_B3LYP__GD3BJ__Gas_Phase_Pople_Basis_Sets_STO_3G 
   *************************************************************************



              +--------------------------------------------------+
              |               basis set information              |
              +--------------------------------------------------+

              we will work with the 1s 3p 5d 7f 9g ... basis set
              ...i.e. with spherical basis functions...

   type   atoms  prim   cont   basis
   ---------------------------------------------------------------------------
    c       10     15      5   STO-3G   [2s1p|6s3p]
    h       10      3      1   STO-3G   [1s|3s]
   ---------------------------------------------------------------------------
   total:   20    180     60
   ---------------------------------------------------------------------------

   total number of primitive shells          :   12
   total number of contracted shells         :   40
   total number of cartesian basis functions :   60
   total number of SCF-basis functions       :   60


 residuum convergence criterium   :  0.10E-04


 integral neglect threshold       :  0.33E-10
 integral storage threshold THIZE :  0.10E-04
 integral storage threshold THIME :         5

 NUCLEAR SPIN-SPIN COUPLING CONSTANTS CALCULATION
 
             FOUND DFT-FLAG !
 

 symmetry group of the molecule :   c1 

 the group has the following generators :
   c1(z)

    1 symmetry operations found

 there are 1 real representations :   a   

 maximum number of shells which are related by symmetry :  1


    mo occupation :
   irrep   mo's   occupied
    a       60       35
 
 number of basis functions   :    60
 number of occupied orbitals :    35
 
  
           ------------------
           density functional
           ------------------
 Becke-3-Parameter hybrid functional: B3-LYP
 exchange:    0.8*LDA + 0.72*B88 + 0.2*HF
 correlation: 0.19*LDA(VWN) + 0.81*LYP

 spherical integration : Lebedev's spherical grid
 spherical gridsize    :                     3
    i.e. gridpoints    :                   302
 value for diffuse not defined
 radial integration    : Chebyshev 2nd kind (scaling 3)
 radial gridsize       :                     3
 integration cells     :                    20
 partition function    : becke
 partition sharpness   :                     3
  

 biggest AO integral is expected to be     3.541948133
  MOs are in ASCII format !


 reading orbital data $scfmo  from file mos
 orbital characterization : scfconv=7
 preparing DFT   numerical integration ....
          Overall gridpoints after grid construction =         96244

 Calculating ground state density on molecular grid

 Integral of ground state density: N =   69.99996758594028    


 all orbitals will be included in the transformation

 number of non-frozen orbitals          :    60
 number of non-frozen occupied orbitals :    35



 dimension of super-tensorspace: 1

          IRREP   tensor space dimension   number of roots

           a               875                  20

          IRREP   tensor space dimension   number of roots

           a               875                 120

          IRREP   tensor space dimension   number of roots

           a               875                  60

 maximum number of Davidson iterations set to   35


 machine precision: 2.22D-16


 logfile fcon_a    will be constructed

 logfile sdip_a    will be constructed

 logfile psoc_a    will be constructed

 Calculating integrals for   20 atoms (only   20 due to symmetry).

 Calculating integrals in     1 passes.
 Calculating integrals in     1 passes.
 Calculating integrals in     1 passes.



                       Nonorthonormal Krylov Space Iteration


 total number of roots to be determined: 20


 maximum core memory set to          954 MB,
 corresponding to    33613 vectors in CAO basis


 maximum number of simultaneously treated vectors (including degeneracy):       20


 Iteration IRREP Converged      Max. Euclidean
                 roots          residual norm

    1       a       10        1.676109648233728D-04
 
    2       a       10        6.139530642335527D-05
 
    3       a       10        1.293350554101799D-05
 
    4       a       20        9.712667318829274D-06
 

 converged!

 Eigenpairs written on logfile fcon_a   



 IRREP   Vector     Frequency            Euclidean residual norm

  a         1    0.000000000000000D+00    2.151323824986538D-07
            2    0.000000000000000D+00    2.151326204544824D-07
            3    0.000000000000000D+00    2.052974588174114D-07
            4    0.000000000000000D+00    2.052947500006609D-07
            5    0.000000000000000D+00    2.099719252954261D-07
            6    0.000000000000000D+00    2.099687296807328D-07
            7    0.000000000000000D+00    9.350816204141053D-06
            8    0.000000000000000D+00    9.350816203967716D-06
            9    0.000000000000000D+00    9.626653595126947D-06
           10    0.000000000000000D+00    9.626653595150431D-06
           11    0.000000000000000D+00    2.838990064432216D-07
           12    0.000000000000000D+00    2.839000841313177D-07
           13    0.000000000000000D+00    9.712667318802944D-06
           14    0.000000000000000D+00    9.712667318829274D-06
           15    0.000000000000000D+00    3.057836329736305D-07
           16    0.000000000000000D+00    3.057849001440983D-07
           17    0.000000000000000D+00    8.404102707143571D-06
           18    0.000000000000000D+00    8.404102707149907D-06
           19    0.000000000000000D+00    7.982981763069362D-06
           20    0.000000000000000D+00    7.982981763052520D-06
 


                       Nonorthonormal Krylov Space Iteration


 total number of roots to be determined: 120


 maximum core memory set to          954 MB,
 corresponding to    33613 vectors in CAO basis


 maximum number of simultaneously treated vectors (including degeneracy):      120


 Iteration IRREP Converged      Max. Euclidean
                 roots          residual norm

    1       a      110        1.870143008067057D-05
 
    2       a      120        4.414808775497635D-06
 

 converged!

 Eigenpairs written on logfile sdip_a   



 IRREP   Vector     Frequency            Euclidean residual norm

  a         1    0.000000000000000D+00    3.591862765781473D-06
            2    0.000000000000000D+00    3.591862765802238D-06
            3    0.000000000000000D+00    3.559216673993141D-06
            4    0.000000000000000D+00    3.559216674004459D-06
            5    0.000000000000000D+00    3.598699922152987D-06
            6    0.000000000000000D+00    3.598699922121352D-06
            7    0.000000000000000D+00    1.547986203963460D-07
            8    0.000000000000000D+00    1.547986203994107D-07
            9    0.000000000000000D+00    1.522317981674302D-07
           10    0.000000000000000D+00    1.522317981743163D-07
           11    0.000000000000000D+00    3.268802814361988D-06
           12    0.000000000000000D+00    3.268802814369744D-06
           13    0.000000000000000D+00    1.473412793795403D-07
           14    0.000000000000000D+00    1.473412793797982D-07
           15    0.000000000000000D+00    4.414808775480820D-06
           16    0.000000000000000D+00    4.414808775497635D-06
           17    0.000000000000000D+00    1.172195761902483D-07
           18    0.000000000000000D+00    1.172195761942021D-07
           19    0.000000000000000D+00    1.225953683082077D-07
           20    0.000000000000000D+00    1.225953683080482D-07
           21    0.000000000000000D+00    2.324663246748001D-06
           22    0.000000000000000D+00    2.324663246617447D-06
           23    0.000000000000000D+00    3.093320764657957D-06
           24    0.000000000000000D+00    3.093320764708700D-06
           25    0.000000000000000D+00    2.426763592844317D-06
           26    0.000000000000000D+00    2.426763592890586D-06
           27    0.000000000000000D+00    7.612233995975180D-08
           28    0.000000000000000D+00    7.612233996226977D-08
           29    0.000000000000000D+00    2.089343925183781D-07
           30    0.000000000000000D+00    2.089343925110779D-07
           31    0.000000000000000D+00    2.788888277012019D-06
           32    0.000000000000000D+00    2.788888276977847D-06
           33    0.000000000000000D+00    7.007837075481822D-08
           34    0.000000000000000D+00    7.007837075464694D-08
           35    0.000000000000000D+00    3.058330178561730D-06
           36    0.000000000000000D+00    3.058330178544415D-06
           37    0.000000000000000D+00    9.451480188326526D-08
           38    0.000000000000000D+00    9.451480188407224D-08
           39    0.000000000000000D+00    1.848241681525835D-07
           40    0.000000000000000D+00    1.848241681552220D-07
           41    0.000000000000000D+00    2.669188882519201D-06
           42    0.000000000000000D+00    2.669188882541895D-06
           43    0.000000000000000D+00    2.128646965924006D-06
           44    0.000000000000000D+00    2.128646965912882D-06
           45    0.000000000000000D+00    2.869140364508514D-06
           46    0.000000000000000D+00    2.869140364440713D-06
           47    0.000000000000000D+00    2.314175478177422D-07
           48    0.000000000000000D+00    2.314175478233207D-07
           49    0.000000000000000D+00    1.336316850544629D-07
           50    0.000000000000000D+00    1.336316850539113D-07
           51    0.000000000000000D+00    1.693799982300030D-06
           52    0.000000000000000D+00    1.693799982309697D-06
           53    0.000000000000000D+00    2.017036378292096D-07
           54    0.000000000000000D+00    2.017036378272553D-07
           55    0.000000000000000D+00    1.098883051979136D-06
           56    0.000000000000000D+00    1.098883051943127D-06
           57    0.000000000000000D+00    2.145805802355080D-07
           58    0.000000000000000D+00    2.145805802424301D-07
           59    0.000000000000000D+00    1.254279370137525D-07
           60    0.000000000000000D+00    1.254279370165595D-07
           61    0.000000000000000D+00    2.003460236249181D-06
           62    0.000000000000000D+00    2.003460236323707D-06
           63    0.000000000000000D+00    1.891116017498347D-06
           64    0.000000000000000D+00    1.891116017468151D-06
           65    0.000000000000000D+00    2.245936145758119D-06
           66    0.000000000000000D+00    2.245936145779854D-06
           67    0.000000000000000D+00    2.625652098451808D-07
           68    0.000000000000000D+00    2.625652098305026D-07
           69    0.000000000000000D+00    1.770630094407144D-06
           70    0.000000000000000D+00    1.770630094447605D-06
           71    0.000000000000000D+00    2.507634110326137D-06
           72    0.000000000000000D+00    2.507634110225135D-06
           73    0.000000000000000D+00    4.022390436852392D-07
           74    0.000000000000000D+00    4.022390436772559D-07
           75    0.000000000000000D+00    2.204384164864626D-06
           76    0.000000000000000D+00    2.204384164861812D-06
           77    0.000000000000000D+00    5.694999030461931D-07
           78    0.000000000000000D+00    5.694999030590583D-07
           79    0.000000000000000D+00    1.830970513476945D-06
           80    0.000000000000000D+00    1.830970513485218D-06
           81    0.000000000000000D+00    2.096893839566225D-06
           82    0.000000000000000D+00    2.096893839642095D-06
           83    0.000000000000000D+00    2.632675050193736D-06
           84    0.000000000000000D+00    2.632675050174150D-06
           85    0.000000000000000D+00    2.278027161154280D-06
           86    0.000000000000000D+00    2.278027161161113D-06
           87    0.000000000000000D+00    1.933874608456977D-06
           88    0.000000000000000D+00    1.933874608492175D-06
           89    0.000000000000000D+00    1.045169984616788D-06
           90    0.000000000000000D+00    1.045169984639473D-06
           91    0.000000000000000D+00    2.258291452941328D-06
           92    0.000000000000000D+00    2.258291452904812D-06
           93    0.000000000000000D+00    1.812491103986020D-06
           94    0.000000000000000D+00    1.812491103983728D-06
           95    0.000000000000000D+00    2.022081688089883D-06
           96    0.000000000000000D+00    2.022081688132361D-06
           97    0.000000000000000D+00    1.676492754866464D-06
           98    0.000000000000000D+00    1.676492754905504D-06
           99    0.000000000000000D+00    2.434701586661307D-07
          100    0.000000000000000D+00    2.434701586703838D-07
          101    0.000000000000000D+00    1.723634046800163D-06
          102    0.000000000000000D+00    1.723634601903898D-06
          103    0.000000000000000D+00    1.509908298290393D-06
          104    0.000000000000000D+00    1.509911207086954D-06
          105    0.000000000000000D+00    1.492141779194629D-06
          106    0.000000000000000D+00    1.492141612058441D-06
          107    0.000000000000000D+00    6.557374788221090D-07
          108    0.000000000000000D+00    6.557374788350885D-07
          109    0.000000000000000D+00    6.448642453742673D-07
          110    0.000000000000000D+00    6.448642454034375D-07
          111    0.000000000000000D+00    1.129498350009928D-06
          112    0.000000000000000D+00    1.129496314129925D-06
          113    0.000000000000000D+00    6.241476753435218D-07
          114    0.000000000000000D+00    6.241476753446145D-07
          115    0.000000000000000D+00    1.646732698063058D-06
          116    0.000000000000000D+00    1.646729098300341D-06
          117    0.000000000000000D+00    4.965500930356069D-07
          118    0.000000000000000D+00    4.965500930523560D-07
          119    0.000000000000000D+00    5.193223138801929D-07
          120    0.000000000000000D+00    5.193223138795188D-07
 


                       Nonorthonormal Krylov Space Iteration


 total number of roots to be determined: 60


 maximum core memory set to          954 MB,
 corresponding to    33613 vectors in CAO basis


 maximum number of simultaneously treated vectors (including degeneracy):       60


 Iteration IRREP Converged      Max. Euclidean
                 roots          residual norm

    1       a       60        4.868371151968263D-06
 

 converged!

 Eigenpairs written on logfile psoc_a   



 IRREP   Vector     Frequency            Euclidean residual norm

  a         1    0.000000000000000D+00    4.691476748384798D-06
            2    0.000000000000000D+00    4.691476748384942D-06
            3    0.000000000000000D+00    4.402928834336340D-06
            4    0.000000000000000D+00    4.402928834339057D-06
            5    0.000000000000000D+00    3.993710075888232D-06
            6    0.000000000000000D+00    3.993710075888818D-06
            7    0.000000000000000D+00    9.570798021224999D-07
            8    0.000000000000000D+00    9.570798021226755D-07
            9    0.000000000000000D+00    5.503353732153999D-07
           10    0.000000000000000D+00    5.503353732163661D-07
           11    0.000000000000000D+00    3.481632696997730D-06
           12    0.000000000000000D+00    3.481632696989391D-06
           13    0.000000000000000D+00    7.951968360282663D-07
           14    0.000000000000000D+00    7.951968360277088D-07
           15    0.000000000000000D+00    1.892862700029772D-06
           16    0.000000000000000D+00    1.892862700028629D-06
           17    0.000000000000000D+00    7.430412929039896D-07
           18    0.000000000000000D+00    7.430412929034387D-07
           19    0.000000000000000D+00    4.895841355886130D-07
           20    0.000000000000000D+00    4.895841355877478D-07
           21    0.000000000000000D+00    4.868371151938432D-06
           22    0.000000000000000D+00    4.868371151968263D-06
           23    0.000000000000000D+00    4.332124084236349D-06
           24    0.000000000000000D+00    4.332124084231013D-06
           25    0.000000000000000D+00    4.474828648645806D-06
           26    0.000000000000000D+00    4.474828648638759D-06
           27    0.000000000000000D+00    3.784674088097745D-07
           28    0.000000000000000D+00    3.784674088095957D-07
           29    0.000000000000000D+00    8.468866503211600D-07
           30    0.000000000000000D+00    8.468866503212654D-07
           31    0.000000000000000D+00    4.121264849954409D-06
           32    0.000000000000000D+00    4.121264849947092D-06
           33    0.000000000000000D+00    2.785451660753510D-07
           34    0.000000000000000D+00    2.785451660751781D-07
           35    0.000000000000000D+00    2.044383192658475D-06
           36    0.000000000000000D+00    2.044383192641479D-06
           37    0.000000000000000D+00    2.735203805704591D-07
           38    0.000000000000000D+00    2.735203805709722D-07
           39    0.000000000000000D+00    5.658124231648672D-07
           40    0.000000000000000D+00    5.658124231640256D-07
           41    0.000000000000000D+00    2.303471420721601D-06
           42    0.000000000000000D+00    2.303471420743541D-06
           43    0.000000000000000D+00    2.134073855952399D-06
           44    0.000000000000000D+00    2.134073855951778D-06
           45    0.000000000000000D+00    2.093011448149943D-06
           46    0.000000000000000D+00    2.093011448149192D-06
           47    0.000000000000000D+00    1.783616375115476D-06
           48    0.000000000000000D+00    1.783616375114132D-06
           49    0.000000000000000D+00    1.861213138927153D-06
           50    0.000000000000000D+00    1.861213138928343D-06
           51    0.000000000000000D+00    2.273614937625128D-06
           52    0.000000000000000D+00    2.273614937605138D-06
           53    0.000000000000000D+00    1.833894705531686D-06
           54    0.000000000000000D+00    1.833894705530516D-06
           55    0.000000000000000D+00    1.818607021593677D-06
           56    0.000000000000000D+00    1.818607021581496D-06
           57    0.000000000000000D+00    1.723650182360412D-06
           58    0.000000000000000D+00    1.723650182359522D-06
           59    0.000000000000000D+00    1.583233460477173D-06
           60    0.000000000000000D+00    1.583233460477551D-06
 
 Calculating DSO integrals.

 The following terms have been calculated:
   Fermi-contact, spin-dipole, paramagnetic spin-orbit, diamagnetic spin-orbit,
   FC/SD cross contribution
 Data was written to data group $coupling_reduced


          ------------------------------------------------
             Gyromagnetic ratios in 10^7 rad s^-1 T^-1
          ------------------------------------------------

                    atom  isotope  gyromagn. ratio
                    1 c       13       6.728286000
                    2 c       13       6.728286000
                    3 c       13       6.728286000
                    4 c       13       6.728286000
                    5 c       13       6.728286000
                    6 c       13       6.728286000
                    7 h        1      26.752220800
                    8 h        1      26.752220800
                    9 h        1      26.752220800
                   10 h        1      26.752220800
                   11 c       13       6.728286000
                   12 c       13       6.728286000
                   13 h        1      26.752220800
                   14 h        1      26.752220800
                   15 c       13       6.728286000
                   16 c       13       6.728286000
                   17 h        1      26.752220800
                   18 h        1      26.752220800
                   19 h        1      26.752220800
                   20 h        1      26.752220800


          ------------------------------------------------
            Nuclear coupling constants >=      0.1000 Hz
          ------------------------------------------------

            Coupling nuclei        Isotropy    Anisotropy

           c     2 - c     1:        9.4539       14.3280
                   5.4113        1.1840        0.0000
                   1.1840        4.0745        0.0000
                   0.0000        0.0000       18.8760

           c     3 - c     1:       45.4438       31.6640
                  49.7834      -14.0422        0.0000
                 -14.1464       32.2544        0.0000
                   0.0000        0.0000       54.2935

           c     3 - c     2:       -6.8688       12.9546
                  -2.5739        0.2772        0.0000
                   0.1368       -2.5307        0.0000
                   0.0000        0.0000      -15.5019

           c     4 - c     1:       -6.8688       12.9546
                  -2.5739        0.2772        0.0000
                   0.1368       -2.5307        0.0000
                   0.0000        0.0000      -15.5019

           c     4 - c     2:       45.4438       31.6640
                  49.7834      -14.0422        0.0000
                 -14.1464       32.2544        0.0000
                   0.0000        0.0000       54.2935

           c     4 - c     3:        8.5901       13.7090
                   2.7465       -0.0232        0.0000
                  -0.0232        5.4264        0.0000
                   0.0000        0.0000       17.5975

           c     5 - c     1:       -6.9896       13.1880
                  -2.4269        0.0357        0.0000
                   0.1778       -2.7632        0.0000
                   0.0000        0.0000      -15.7786

           c     5 - c     2:       46.0095       31.6855
                  24.9777       -0.8827        0.0000
                  -0.7053       58.0330        0.0000
                   0.0000        0.0000       55.0178

           c     5 - c     3:       46.7608       33.8736
                  49.4545       14.9937        0.0000
                  15.1619       33.1792        0.0000
                   0.0000        0.0000       57.6488

           c     5 - c     4:       -6.2472       12.3955
                  -2.1606        0.0006        0.0000
                  -0.1932       -2.0710        0.0000
                   0.0000        0.0000      -14.5100

           c     6 - c     1:       46.0095       31.6855
                  24.9777       -0.8827        0.0000
                  -0.7053       58.0330        0.0000
                   0.0000        0.0000       55.0178

           c     6 - c     2:       -6.9896       13.1880
                  -2.4269        0.0357        0.0000
                   0.1778       -2.7632        0.0000
                   0.0000        0.0000      -15.7786

           c     6 - c     3:       -6.2472       12.3955
                  -2.1606        0.0006        0.0000
                  -0.1932       -2.0710        0.0000
                   0.0000        0.0000      -14.5100

           c     6 - c     4:       46.7608       33.8736
                  49.4545       14.9937        0.0000
                  15.1619       33.1792        0.0000
                   0.0000        0.0000       57.6488

           c     6 - c     5:        8.7094       14.3706
                   4.6442       -1.1047        0.0000
                  -1.1047        3.3109        0.0000
                   0.0000        0.0000       18.1733

           h     7 - c     1:       -3.8012        6.5518
                  -2.7889       -1.5519        0.0000
                  -1.6548       -0.9954        0.0000
                   0.0000        0.0000       -7.6194

           h     7 - c     2:        5.6672        1.7045
                   5.0185        1.0022        0.0000
                   0.2507        5.4813        0.0000
                   0.0000        0.0000        6.5019

           h     7 - c     3:      133.9314        5.5294
                 131.0021       -0.2269        0.0000
                  -0.1965      137.3224        0.0000
                   0.0000        0.0000      133.4697

           h     7 - c     4:       -2.7530        4.5629
                  -3.0297       -0.0684        0.0000
                  -0.0815        0.0077        0.0000
                   0.0000        0.0000       -5.2371

           h     7 - c     5:       -3.9314        6.8506
                  -2.6091        1.6570        0.0000
                   1.3291       -1.1136        0.0000
                   0.0000        0.0000       -8.0715

           h     7 - c     6:        5.0683        1.8274
                   4.3910       -1.1032        0.0000
                  -0.3853        4.9429        0.0000
                   0.0000        0.0000        5.8709

           h     8 - c     1:        5.6672        1.7045
                   5.0185        1.0022        0.0000
                   0.2507        5.4813        0.0000
                   0.0000        0.0000        6.5019

           h     8 - c     2:       -3.8012        6.5518
                  -2.7889       -1.5519        0.0000
                  -1.6548       -0.9954        0.0000
                   0.0000        0.0000       -7.6194

           h     8 - c     3:       -2.7530        4.5629
                  -3.0297       -0.0684        0.0000
                  -0.0815        0.0077        0.0000
                   0.0000        0.0000       -5.2371

           h     8 - c     4:      133.9314        5.5294
                 131.0021       -0.2269        0.0000
                  -0.1965      137.3224        0.0000
                   0.0000        0.0000      133.4697

           h     8 - c     5:        5.0683        1.8274
                   4.3910       -1.1032        0.0000
                  -0.3853        4.9429        0.0000
                   0.0000        0.0000        5.8709

           h     8 - c     6:       -3.9314        6.8506
                  -2.6091        1.6570        0.0000
                   1.3291       -1.1136        0.0000
                   0.0000        0.0000       -8.0715

           h     8 - h     7:       -0.2028        2.1467
                  -0.9081       -0.1188        0.0000
                  -0.1188        1.2217        0.0000
                   0.0000        0.0000       -0.9220

           h     9 - c     1:        5.6429        1.7138
                   5.8810       -0.1717        0.0000
                   0.5975        4.5798        0.0000
                   0.0000        0.0000        6.4679

           h     9 - c     2:       -3.9845        6.6929
                  -2.9330       -1.8818        0.0000
                  -1.7121       -1.2128        0.0000
                   0.0000        0.0000       -7.8077

           h     9 - c     3:       -4.0754        6.7487
                  -0.3818        0.0209        0.0000
                   0.3603       -3.7057        0.0000
                   0.0000        0.0000       -8.1388

           h     9 - c     4:        5.2062        1.7320
                   4.3609       -0.2360        0.0000
                  -0.9704        5.3123        0.0000
                   0.0000        0.0000        5.9454

           h     9 - c     5:      133.5679        5.4802
                 135.3225       -2.7518        0.0000
                  -2.7272      132.2467        0.0000
                   0.0000        0.0000      133.1344

           h     9 - c     6:       -2.8407        4.6865
                  -0.7854       -1.3672        0.0000
                  -1.3448       -2.3471        0.0000
                   0.0000        0.0000       -5.3896

           h     9 - h     7:        5.2421        8.9236
                   8.3520        0.7420        0.0000
                   8.0414        3.6379        0.0000
                   0.0000        0.0000        3.7362

           h     9 - h     8:       -0.5522        5.4138
                  -1.3543       -1.5698        0.0000
                  -3.6055        1.4586        0.0000
                   0.0000        0.0000       -1.7609

           h    10 - c     1:       -3.9845        6.6929
                  -2.9330       -1.8818        0.0000
                  -1.7121       -1.2128        0.0000
                   0.0000        0.0000       -7.8077

           h    10 - c     2:        5.6429        1.7138
                   5.8810       -0.1717        0.0000
                   0.5975        4.5798        0.0000
                   0.0000        0.0000        6.4679

           h    10 - c     3:        5.2062        1.7320
                   4.3609       -0.2360        0.0000
                  -0.9704        5.3123        0.0000
                   0.0000        0.0000        5.9454

           h    10 - c     4:       -4.0754        6.7487
                  -0.3818        0.0209        0.0000
                   0.3603       -3.7057        0.0000
                   0.0000        0.0000       -8.1388

           h    10 - c     5:       -2.8407        4.6865
                  -0.7854       -1.3672        0.0000
                  -1.3448       -2.3471        0.0000
                   0.0000        0.0000       -5.3896

           h    10 - c     6:      133.5679        5.4802
                 135.3225       -2.7518        0.0000
                  -2.7272      132.2467        0.0000
                   0.0000        0.0000      133.1344

           h    10 - h     7:       -0.5522        5.4138
                  -1.3543       -1.5698        0.0000
                  -3.6055        1.4586        0.0000
                   0.0000        0.0000       -1.7609

           h    10 - h     8:        5.2421        8.9236
                   8.3520        0.7420        0.0000
                   8.0414        3.6379        0.0000
                   0.0000        0.0000        3.7362

           h    10 - h     9:       -0.0926        2.0402
                   0.7048       -0.8801        0.0000
                  -0.8801       -0.1224        0.0000
                   0.0000        0.0000       -0.8602

           c    11 - c     1:       -3.4796        6.4960
                  -1.2346        0.1342        0.0000
                   0.1141       -1.3973        0.0000
                   0.0000        0.0000       -7.8068

           c    11 - c     2:       42.6017       22.6331
                  46.8009       12.4095        0.0000
                  12.0046       37.5841        0.0000
                   0.0000        0.0000       43.4200

           c    11 - c     3:        4.0385        4.2281
                   2.4698        0.2917        0.0000
                   0.3865        2.8233        0.0000
                   0.0000        0.0000        6.8224

           c    11 - c     4:       -2.5969        7.8206
                   0.2701       -0.0616        0.0000
                  -0.3138       -0.2638        0.0000
                   0.0000        0.0000       -7.7970

           c    11 - c     5:       -3.3899        8.0109
                  -1.0364        0.1351        0.0000
                   0.1559       -0.4174        0.0000
                   0.0000        0.0000       -8.7159

           c    11 - c     6:        4.3812        4.3162
                   3.1614        0.2412        0.0000
                   0.0850        2.7401        0.0000
                   0.0000        0.0000        7.2422

           c    11 - h     7:       -0.5142        1.6637
                  -0.7686        0.1548        0.0000
                   0.3485        0.5134        0.0000
                   0.0000        0.0000       -1.2875

           c    11 - h     8:        3.2718        1.6645
                   3.6022        0.3943        0.0000
                  -0.6704        2.1997        0.0000
                   0.0000        0.0000        4.0135

           c    11 - h     9:        2.6802        1.9547
                   1.4398        0.1142        0.0000
                   0.5762        3.3244        0.0000
                   0.0000        0.0000        3.2763

           c    11 - h    10:       -0.6142        1.6745
                   0.3470       -0.1631        0.0000
                  -0.6279       -0.8030        0.0000
                   0.0000        0.0000       -1.3867

           c    12 - c     1:       42.6017       22.6331
                  46.8009       12.4095        0.0000
                  12.0046       37.5841        0.0000
                   0.0000        0.0000       43.4200

           c    12 - c     2:       -3.4796        6.4960
                  -1.2346        0.1342        0.0000
                   0.1141       -1.3973        0.0000
                   0.0000        0.0000       -7.8068

           c    12 - c     3:       -2.5969        7.8206
                   0.2701       -0.0616        0.0000
                  -0.3138       -0.2638        0.0000
                   0.0000        0.0000       -7.7970

           c    12 - c     4:        4.0385        4.2281
                   2.4698        0.2917        0.0000
                   0.3865        2.8233        0.0000
                   0.0000        0.0000        6.8224

           c    12 - c     5:        4.3812        4.3162
                   3.1614        0.2412        0.0000
                   0.0850        2.7401        0.0000
                   0.0000        0.0000        7.2422

           c    12 - c     6:       -3.3899        8.0109
                  -1.0364        0.1351        0.0000
                   0.1559       -0.4174        0.0000
                   0.0000        0.0000       -8.7159

           c    12 - h     7:        3.2718        1.6645
                   3.6022        0.3943        0.0000
                  -0.6704        2.1997        0.0000
                   0.0000        0.0000        4.0135

           c    12 - h     8:       -0.5142        1.6637
                  -0.7686        0.1548        0.0000
                   0.3485        0.5134        0.0000
                   0.0000        0.0000       -1.2875

           c    12 - h     9:       -0.6142        1.6745
                   0.3470       -0.1631        0.0000
                  -0.6279       -0.8030        0.0000
                   0.0000        0.0000       -1.3867

           c    12 - h    10:        2.6802        1.9547
                   1.4398        0.1142        0.0000
                   0.5762        3.3244        0.0000
                   0.0000        0.0000        3.2763

           c    12 - c    11:        1.6449        2.7358
                   0.6293        0.0181        0.0000
                   0.0181        0.8410        0.0000
                   0.0000        0.0000        3.4646

           h    13 - c     1:        0.6426        1.1074
                   0.4843        0.5158        0.0000
                   0.2509        0.2287        0.0000
                   0.0000        0.0000        1.2147

           h    13 - c     2:       -1.5712        4.8919
                  -1.8836        0.1895        0.0000
                  -0.2489        1.3961        0.0000
                   0.0000        0.0000       -4.2262

           h    13 - c     3:       -0.5759        1.6513
                  -0.7264        0.2878        0.0000
                   0.2511        0.4045        0.0000
                   0.0000        0.0000       -1.4058

           h    13 - c     4:        2.3383        1.3044
                   2.5915        0.7078        0.0000
                  -0.5185        1.4975        0.0000
                   0.0000        0.0000        2.9259

           h    13 - c     5:        4.0366        1.6970
                   3.0605        0.4601        0.0000
                   0.2438        4.8732        0.0000
                   0.0000        0.0000        4.1761

           h    13 - c     6:       -0.9755        1.5294
                  -0.5393        0.7073        0.0000
                   0.0452       -0.4897        0.0000
                   0.0000        0.0000       -1.8975

           h    13 - h     7:       -0.1855        2.3300
                  -0.9192        0.7402        0.0000
                   0.9547        1.0107        0.0000
                   0.0000        0.0000       -0.6481

           h    13 - h     8:        1.1840        0.7565
                   1.6541        2.5548        0.0000
                  -2.6310        0.7955        0.0000
                   0.0000        0.0000        1.1023

           h    13 - h     9:       -2.1793        5.3438
                  -4.4049       -1.4928        0.0000
                   0.0639        1.2342        0.0000
                   0.0000        0.0000       -3.3673

           h    13 - h    10:       -0.2500        2.2675
                   0.9030        2.0992        0.0000
                  -0.4463       -1.0100        0.0000
                   0.0000        0.0000       -0.6430

           h    13 - c    11:      131.2476        5.7571
                 127.9987       -0.9647        0.0000
                  -1.7118      134.0300        0.0000
                   0.0000        0.0000      131.7140

           h    13 - c    12:       -0.5533        0.6262
                  -0.5631        0.1927        0.0000
                   0.1072       -0.2195        0.0000
                   0.0000        0.0000       -0.8773

           h    14 - c     1:       -1.5712        4.8919
                  -1.8836        0.1895        0.0000
                  -0.2489        1.3961        0.0000
                   0.0000        0.0000       -4.2262

           h    14 - c     2:        0.6426        1.1074
                   0.4843        0.5158        0.0000
                   0.2509        0.2287        0.0000
                   0.0000        0.0000        1.2147

           h    14 - c     3:        2.3383        1.3044
                   2.5915        0.7078        0.0000
                  -0.5185        1.4975        0.0000
                   0.0000        0.0000        2.9259

           h    14 - c     4:       -0.5759        1.6513
                  -0.7264        0.2878        0.0000
                   0.2511        0.4045        0.0000
                   0.0000        0.0000       -1.4058

           h    14 - c     5:       -0.9755        1.5294
                  -0.5393        0.7073        0.0000
                   0.0452       -0.4897        0.0000
                   0.0000        0.0000       -1.8975

           h    14 - c     6:        4.0366        1.6970
                   3.0605        0.4601        0.0000
                   0.2438        4.8732        0.0000
                   0.0000        0.0000        4.1761

           h    14 - h     7:        1.1840        0.7565
                   1.6541        2.5548        0.0000
                  -2.6310        0.7955        0.0000
                   0.0000        0.0000        1.1023

           h    14 - h     8:       -0.1855        2.3300
                  -0.9192        0.7402        0.0000
                   0.9547        1.0107        0.0000
                   0.0000        0.0000       -0.6481

           h    14 - h     9:       -0.2500        2.2675
                   0.9030        2.0992        0.0000
                  -0.4463       -1.0100        0.0000
                   0.0000        0.0000       -0.6430

           h    14 - h    10:       -2.1793        5.3438
                  -4.4049       -1.4928        0.0000
                   0.0639        1.2342        0.0000
                   0.0000        0.0000       -3.3673

           h    14 - c    11:       -0.5533        0.6262
                  -0.5631        0.1927        0.0000
                   0.1072       -0.2195        0.0000
                   0.0000        0.0000       -0.8773

           h    14 - c    12:      131.2476        5.7571
                 127.9987       -0.9647        0.0000
                  -1.7118      134.0300        0.0000
                   0.0000        0.0000      131.7140

           h    14 - h    13:       -0.4318        1.4104
                  -0.5970        0.7366        0.0000
                   0.7366       -0.0329        0.0000
                   0.0000        0.0000       -0.6655

           c    15 - c     1:        3.7593        8.8408
                   0.8675       -0.0489        0.0000
                   0.0868        0.7576        0.0000
                   0.0000        0.0000        9.6527

           c    15 - c     2:       -6.5149       13.0069
                  -1.6934       -0.3665        0.0000
                  -0.1299       -2.6888        0.0000
                   0.0000        0.0000      -15.1623

           c    15 - c     3:       -2.9251        6.4352
                  -0.7221       -0.0076        0.0000
                   0.1010       -0.8389        0.0000
                   0.0000        0.0000       -7.2144

           c    15 - c     4:        5.9590        8.6692
                   2.9626        0.2076        0.0000
                   0.0605        3.1793        0.0000
                   0.0000        0.0000       11.7350

           c    15 - c     5:        5.5237        9.3139
                   2.6980        0.6793        0.0000
                   0.5873        2.1903        0.0000
                   0.0000        0.0000       11.6828

           c    15 - c     6:       -2.7474        6.6292
                  -0.3820        0.0231        0.0000
                  -0.0266       -0.6971        0.0000
                   0.0000        0.0000       -7.1631

           c    15 - h     7:        0.5880        1.1378
                   0.3782        0.0592        0.0000
                   0.5244        0.1332        0.0000
                   0.0000        0.0000        1.2527

           c    15 - h     8:       -1.6575        3.2352
                  -0.7085       -0.2319        0.0000
                  -0.7833       -0.5335        0.0000
                   0.0000        0.0000       -3.7307

           c    15 - h     9:       -1.8477        2.5461
                  -0.5661       -0.8720        0.0000
                   0.6308       -1.5323        0.0000
                   0.0000        0.0000       -3.4448

           c    15 - h    10:        0.7021        1.0338
                   0.5976        0.1783        0.0000
                   0.0214        0.1730        0.0000
                   0.0000        0.0000        1.3358

           c    15 - c    11:       60.3652       53.0633
                  60.4709      -13.0024        0.0000
                 -13.7629       32.7538        0.0000
                   0.0000        0.0000       87.8707

           c    15 - c    12:       -1.8805        3.9861
                  -0.5005       -0.0211        0.0000
                   0.0141       -0.6038        0.0000
                   0.0000        0.0000       -4.5372

           c    15 - h    13:       -8.6171       11.6508
                  -5.1550       -1.9765        0.0000
                  -1.9963       -4.6638        0.0000
                   0.0000        0.0000      -16.0324

           c    15 - h    14:        0.3346        0.7112
                   0.2873        0.0560        0.0000
                   0.2863       -0.0128        0.0000
                   0.0000        0.0000        0.7293

           c    16 - c     1:       -6.5149       13.0069
                  -1.6934       -0.3665        0.0000
                  -0.1299       -2.6888        0.0000
                   0.0000        0.0000      -15.1623

           c    16 - c     2:        3.7593        8.8408
                   0.8675       -0.0489        0.0000
                   0.0868        0.7576        0.0000
                   0.0000        0.0000        9.6527

           c    16 - c     3:        5.9590        8.6692
                   2.9626        0.2076        0.0000
                   0.0605        3.1793        0.0000
                   0.0000        0.0000       11.7350

           c    16 - c     4:       -2.9251        6.4352
                  -0.7221       -0.0076        0.0000
                   0.1010       -0.8389        0.0000
                   0.0000        0.0000       -7.2144

           c    16 - c     5:       -2.7474        6.6292
                  -0.3820        0.0231        0.0000
                  -0.0266       -0.6971        0.0000
                   0.0000        0.0000       -7.1631

           c    16 - c     6:        5.5237        9.3139
                   2.6980        0.6793        0.0000
                   0.5873        2.1903        0.0000
                   0.0000        0.0000       11.6828

           c    16 - h     7:       -1.6575        3.2352
                  -0.7085       -0.2319        0.0000
                  -0.7833       -0.5335        0.0000
                   0.0000        0.0000       -3.7307

           c    16 - h     8:        0.5880        1.1378
                   0.3782        0.0592        0.0000
                   0.5244        0.1332        0.0000
                   0.0000        0.0000        1.2527

           c    16 - h     9:        0.7021        1.0338
                   0.5976        0.1783        0.0000
                   0.0214        0.1730        0.0000
                   0.0000        0.0000        1.3358

           c    16 - h    10:       -1.8477        2.5461
                  -0.5661       -0.8720        0.0000
                   0.6308       -1.5323        0.0000
                   0.0000        0.0000       -3.4448

           c    16 - c    11:       -1.8805        3.9861
                  -0.5005       -0.0211        0.0000
                   0.0141       -0.6038        0.0000
                   0.0000        0.0000       -4.5372

           c    16 - c    12:       60.3652       53.0633
                  60.4709      -13.0024        0.0000
                 -13.7629       32.7538        0.0000
                   0.0000        0.0000       87.8707

           c    16 - h    13:        0.3346        0.7112
                   0.2873        0.0560        0.0000
                   0.2863       -0.0128        0.0000
                   0.0000        0.0000        0.7293

           c    16 - h    14:       -8.6171       11.6508
                  -5.1550       -1.9765        0.0000
                  -1.9963       -4.6638        0.0000
                   0.0000        0.0000      -16.0324

           c    16 - c    15:        2.2377        5.4657
                   0.4329        0.0734        0.0000
                   0.0734        0.3997        0.0000
                   0.0000        0.0000        5.8804

           h    17 - c     1:       -1.5815        2.1688
                  -1.0415       -0.2820        0.0000
                  -0.0281       -0.7003        0.0000
                   0.0000        0.0000       -3.0026

           h    17 - c     2:        5.0488        2.8347
                   5.7971       -0.3792        0.0000
                   0.1014        3.1783        0.0000
                   0.0000        0.0000        6.1710

           h    17 - c     3:        1.0357        1.6989
                   1.3471        0.1168        0.0000
                   0.6220        0.0123        0.0000
                   0.0000        0.0000        1.7477

           h    17 - c     4:       -1.8423        2.9937
                  -1.2774       -0.7756        0.0000
                  -0.5720       -0.6102        0.0000
                   0.0000        0.0000       -3.6394

           h    17 - c     5:       -1.7783        2.5714
                  -1.4857       -0.3961        0.0000
                   0.8808       -0.4820        0.0000
                   0.0000        0.0000       -3.3671

           h    17 - c     6:        0.9327        1.7429
                   1.2166       -0.1342        0.0000
                   0.0108       -0.1830        0.0000
                   0.0000        0.0000        1.7646

           h    17 - h     7:       -0.5752        1.1795
                  -0.6105       -0.5139        0.0000
                   1.7809       -0.3097        0.0000
                   0.0000        0.0000       -0.8054

           h    17 - h     8:       -0.1531        2.9776
                   0.9185       -1.2021        0.0000
                  -1.6916       -0.7181        0.0000
                   0.0000        0.0000       -0.6598

           h    17 - h     9:        3.4013        2.3696
                   2.4139       -2.3413        0.0000
                   1.6778        2.8800        0.0000
                   0.0000        0.0000        4.9101

           h    17 - h    10:       -1.1196        2.0554
                  -0.3251       -1.1465        0.0000
                  -0.7864       -1.5446        0.0000
                   0.0000        0.0000       -1.4890

           h    17 - c    11:       -9.7115       12.7548
                  -6.6146       -2.3514        0.0000
                  -3.4067       -5.0353        0.0000
                   0.0000        0.0000      -17.4846

           h    17 - c    12:        0.6637        1.0392
                   0.7665        0.0290        0.0000
                   0.2413        0.0345        0.0000
                   0.0000        0.0000        1.1900

           h    17 - h    13:       16.2458        7.5392
                  19.1801       -3.1934        0.0000
                  -3.8476       15.0862        0.0000
                   0.0000        0.0000       14.4710

           h    17 - h    14:       -0.4824        0.4640
                  -0.3503       -0.3409        0.0000
                   0.8252       -0.5405        0.0000
                   0.0000        0.0000       -0.5563

           h    17 - c    15:      132.9432        5.7437
                 129.2582        0.3896        0.0000
                  -0.8708      133.9175        0.0000
                   0.0000        0.0000      135.6541

           h    17 - c    16:       -0.9237        1.4353
                  -0.5104       -0.1771        0.0000
                  -0.0638       -0.3929        0.0000
                   0.0000        0.0000       -1.8680

           h    18 - c     1:        5.0488        2.8346
                   5.7971       -0.3792        0.0000
                   0.1014        3.1783        0.0000
                   0.0000        0.0000        6.1710

           h    18 - c     2:       -1.5815        2.1688
                  -1.0415       -0.2820        0.0000
                  -0.0281       -0.7003        0.0000
                   0.0000        0.0000       -3.0026

           h    18 - c     3:       -1.8423        2.9937
                  -1.2774       -0.7756        0.0000
                  -0.5720       -0.6102        0.0000
                   0.0000        0.0000       -3.6394

           h    18 - c     4:        1.0357        1.6989
                   1.3471        0.1168        0.0000
                   0.6220        0.0123        0.0000
                   0.0000        0.0000        1.7477

           h    18 - c     5:        0.9327        1.7429
                   1.2166       -0.1342        0.0000
                   0.0108       -0.1830        0.0000
                   0.0000        0.0000        1.7646

           h    18 - c     6:       -1.7783        2.5714
                  -1.4857       -0.3961        0.0000
                   0.8808       -0.4820        0.0000
                   0.0000        0.0000       -3.3671

           h    18 - h     7:       -0.1531        2.9776
                   0.9185       -1.2021        0.0000
                  -1.6916       -0.7181        0.0000
                   0.0000        0.0000       -0.6598

           h    18 - h     8:       -0.5752        1.1795
                  -0.6105       -0.5139        0.0000
                   1.7809       -0.3097        0.0000
                   0.0000        0.0000       -0.8054

           h    18 - h     9:       -1.1196        2.0554
                  -0.3251       -1.1465        0.0000
                  -0.7864       -1.5446        0.0000
                   0.0000        0.0000       -1.4890

           h    18 - h    10:        3.4013        2.3696
                   2.4139       -2.3413        0.0000
                   1.6778        2.8800        0.0000
                   0.0000        0.0000        4.9101

           h    18 - c    11:        0.6637        1.0392
                   0.7665        0.0290        0.0000
                   0.2413        0.0345        0.0000
                   0.0000        0.0000        1.1900

           h    18 - c    12:       -9.7115       12.7548
                  -6.6146       -2.3514        0.0000
                  -3.4067       -5.0353        0.0000
                   0.0000        0.0000      -17.4846

           h    18 - h    13:       -0.4824        0.4640
                  -0.3503       -0.3409        0.0000
                   0.8252       -0.5405        0.0000
                   0.0000        0.0000       -0.5563

           h    18 - h    14:       16.2458        7.5392
                  19.1801       -3.1934        0.0000
                  -3.8476       15.0862        0.0000
                   0.0000        0.0000       14.4710

           h    18 - c    15:       -0.9237        1.4353
                  -0.5104       -0.1771        0.0000
                  -0.0638       -0.3929        0.0000
                   0.0000        0.0000       -1.8680

           h    18 - c    16:      132.9432        5.7437
                 129.2582        0.3896        0.0000
                  -0.8708      133.9175        0.0000
                   0.0000        0.0000      135.6541

           h    18 - h    17:        0.1310        1.3690
                   0.9510       -0.1314        0.0000
                  -0.1314       -0.6002        0.0000
                   0.0000        0.0000        0.0422

           h    19 - c     1:       -1.6502        2.4222
                  -0.7273        0.5290        0.0000
                   0.5639       -1.1025        0.0000
                   0.0000        0.0000       -3.1207

           h    19 - c     2:        8.6809        1.9933
                   9.0642       -0.2037        0.0000
                  -0.5489        7.4535        0.0000
                   0.0000        0.0000        9.5248

           h    19 - c     3:        0.9474        1.2500
                   0.5098       -0.2681        0.0000
                  -0.0273        0.5701        0.0000
                   0.0000        0.0000        1.7624

           h    19 - c     4:       -1.4836        3.0058
                  -0.1759        0.7918        0.0000
                   0.3370       -0.9497        0.0000
                   0.0000        0.0000       -3.3251

           h    19 - c     5:       -1.8965        3.1480
                  -0.8796        0.8304        0.0000
                   1.1180       -1.1486        0.0000
                   0.0000        0.0000       -3.6614

           h    19 - c     6:        1.1805        1.4655
                   0.9852       -0.2595        0.0000
                  -0.4880        0.5382        0.0000
                   0.0000        0.0000        2.0183

           h    19 - h     7:       -1.0554        2.2036
                  -1.1340        0.5610        0.0000
                   1.8050       -0.5529        0.0000
                   0.0000        0.0000       -1.4791

           h    19 - h     8:        0.1263        2.5810
                   1.4528        0.4599        0.0000
                  -2.1620       -0.9571        0.0000
                   0.0000        0.0000       -0.1167

           h    19 - h     9:       -0.3161        3.4805
                  -1.1361        0.3133        0.0000
                   3.0970        0.8853        0.0000
                   0.0000        0.0000       -0.6974

           h    19 - h    10:       -0.8782        1.7710
                   0.2839        0.5941        0.0000
                  -0.4102       -1.6151        0.0000
                   0.0000        0.0000       -1.3032

           h    19 - c    11:       -7.9072       12.2526
                  -1.8637        0.7555        0.0000
                   0.7880       -6.2328        0.0000
                   0.0000        0.0000      -15.6250

           h    19 - c    12:        0.6577        0.8353
                   0.3969       -0.2303        0.0000
                  -0.1414        0.4047        0.0000
                   0.0000        0.0000        1.1715

           h    19 - h    13:        8.5256       11.1218
                  13.4120       -0.6031        0.0000
                  -8.6535        4.7029        0.0000
                   0.0000        0.0000        7.4621

           h    19 - h    14:       -0.6649        1.1486
                  -0.5453        0.3555        0.0000
                   0.9229       -0.5818        0.0000
                   0.0000        0.0000       -0.8676

           h    19 - c    15:      136.4273        5.7001
                 134.5316        1.4621        0.0000
                   2.6381      135.3923        0.0000
                   0.0000        0.0000      139.3581

           h    19 - c    16:       -0.9491        1.5662
                  -0.3041        0.3116        0.0000
                   0.2483       -0.6181        0.0000
                   0.0000        0.0000       -1.9253

           h    19 - h    17:       -4.2806       26.2262
                  -5.1707       -0.6961        0.0000
                  12.8600       10.0096        0.0000
                   0.0000        0.0000      -17.6806

           h    19 - h    18:       -0.0056        0.9323
                   0.5080        0.3154        0.0000
                  -0.3890       -0.5633        0.0000
                   0.0000        0.0000        0.0385

           h    20 - c     1:        8.6809        1.9933
                   9.0642       -0.2037        0.0000
                  -0.5489        7.4535        0.0000
                   0.0000        0.0000        9.5248

           h    20 - c     2:       -1.6502        2.4222
                  -0.7273        0.5290        0.0000
                   0.5639       -1.1025        0.0000
                   0.0000        0.0000       -3.1207

           h    20 - c     3:       -1.4836        3.0058
                  -0.1759        0.7918        0.0000
                   0.3370       -0.9497        0.0000
                   0.0000        0.0000       -3.3251

           h    20 - c     4:        0.9474        1.2500
                   0.5098       -0.2681        0.0000
                  -0.0273        0.5701        0.0000
                   0.0000        0.0000        1.7624

           h    20 - c     5:        1.1805        1.4655
                   0.9852       -0.2595        0.0000
                  -0.4880        0.5382        0.0000
                   0.0000        0.0000        2.0183

           h    20 - c     6:       -1.8965        3.1480
                  -0.8796        0.8304        0.0000
                   1.1180       -1.1486        0.0000
                   0.0000        0.0000       -3.6614

           h    20 - h     7:        0.1263        2.5810
                   1.4528        0.4599        0.0000
                  -2.1620       -0.9571        0.0000
                   0.0000        0.0000       -0.1167

           h    20 - h     8:       -1.0554        2.2036
                  -1.1340        0.5610        0.0000
                   1.8050       -0.5529        0.0000
                   0.0000        0.0000       -1.4791

           h    20 - h     9:       -0.8782        1.7710
                   0.2839        0.5941        0.0000
                  -0.4102       -1.6151        0.0000
                   0.0000        0.0000       -1.3032

           h    20 - h    10:       -0.3161        3.4805
                  -1.1361        0.3133        0.0000
                   3.0970        0.8853        0.0000
                   0.0000        0.0000       -0.6974

           h    20 - c    11:        0.6577        0.8353
                   0.3969       -0.2303        0.0000
                  -0.1414        0.4047        0.0000
                   0.0000        0.0000        1.1715

           h    20 - c    12:       -7.9072       12.2526
                  -1.8637        0.7555        0.0000
                   0.7880       -6.2328        0.0000
                   0.0000        0.0000      -15.6250

           h    20 - h    13:       -0.6649        1.1486
                  -0.5453        0.3555        0.0000
                   0.9229       -0.5818        0.0000
                   0.0000        0.0000       -0.8676

           h    20 - h    14:        8.5256       11.1218
                  13.4120       -0.6031        0.0000
                  -8.6535        4.7029        0.0000
                   0.0000        0.0000        7.4621

           h    20 - c    15:       -0.9491        1.5662
                  -0.3041        0.3116        0.0000
                   0.2483       -0.6181        0.0000
                   0.0000        0.0000       -1.9253

           h    20 - c    16:      136.4273        5.7001
                 134.5316        1.4621        0.0000
                   2.6381      135.3923        0.0000
                   0.0000        0.0000      139.3581

           h    20 - h    17:       -0.0056        0.9323
                   0.5080        0.3154        0.0000
                  -0.3890       -0.5633        0.0000
                   0.0000        0.0000        0.0385

           h    20 - h    18:       -4.2806       26.2262
                  -5.1707       -0.6961        0.0000
                  12.8600       10.0096        0.0000
                   0.0000        0.0000      -17.6806

           h    20 - h    19:        0.1008        0.4241
                   0.3421       -0.1276        0.0000
                  -0.1276       -0.0181        0.0000
                   0.0000        0.0000       -0.0216



    ------------------------------------------------------------------------
         total  cpu-time :  19.16 seconds
         total wall-time :  19.33 seconds
    ------------------------------------------------------------------------

   ****  escf : all done  ****


    2025-11-20 12:37:08.603 

