Job dvb_un_sp_hf started on silenziosa at Wed Apr  9 23:04:04 2014
jobid: silenziosa-0-53460a24

  +--------------------------------------------------------------------+
  |  Jaguar version 8.3, release  13                                   |
  |                                                                    |
  |  Copyright Schrodinger, Inc.                                       |
  |  All Rights Reserved.                                              |
  |                                                                    |
  |  The following have contributed to Jaguar (listed alphabetically): |
  |  Mike Beachy, Art Bochevarov, Dale Braden, Yixiang Cao,            |
  |  Chris Cortis, Rich Friesner, Bill Goddard, Hod Greeley,           |
  |  Tom Hughes, Jean-Marc Langlois, Daniel Mainz, Rob Murphy,         |
  |  Dean Philipp, Tom Pollard, Murco Ringnalda.                       |
  |                                                                    |
  |  Use of this program should be acknowledged in publications as:    |
  |                                                                    |
  |  Jaguar, version 8.3, Schrodinger, Inc., New York, NY, 2014.       |
  |                                                                    |
  |  A. D. Bochevarov, E. Harder, T. F. Hughes, J. R. Greenwood,       |
  |  D. A. Braden, D. M. Philipp, D. Rinaldo, M. D. Halls,             |
  |  J. Zhang, R. A. Friesner, "Jaguar: A High-Performance Quantum     |
  |  Chemistry Software Program with Strengths in Life and Materials   |
  |  Sciences", Int. J. Quantum Chem., 2013, 113(18), 2110-2142.       |
  +--------------------------------------------------------------------+
  
  start of program pre
  
  Job name: dvb_un_sp_hf
  Executables used: /usr/local/lib/schrodinger2014-1/jaguar-v83013/bin/Linux-x86_64
  Temporary files : /home/kml/dvb_un_sp_hf
  
  
  basis set:             sto-3g          
  net molecular charge:    1
  multiplicity:            2
  
  number of basis functions....           60
  
  Basis set name for each atom
  
  Atom     Basis 
  C1       sto-3g          
  C2       sto-3g          
  C3       sto-3g          
  C4       sto-3g          
  C5       sto-3g          
  H6       sto-3g          
  H7       sto-3g          
  H8       sto-3g          
  C9       sto-3g          
  C10      sto-3g          
  H11      sto-3g          
  H12      sto-3g          
  H13      sto-3g          
  C14      sto-3g          
  H15      sto-3g          
  C16      sto-3g          
  H17      sto-3g          
  H18      sto-3g          
  C19      sto-3g          
  H20      sto-3g          
  
  Gaussian basis set information
  
                                                        renorm    mfac*renorm
   atom    fn   prim  L        z            coef         coef         coef
 -------- ----- ---- --- -------------  -----------  -----------  -----------
 C1           1    1   S  7.161684E+01   1.5433E-01   2.7078E+00   2.7078E+00
 C1           1    2   S  1.304510E+01   5.3533E-01   2.6189E+00   2.6189E+00
 C1           1    3   S  3.530512E+00   4.4463E-01   8.1619E-01   8.1619E-01
 C1           2    4   S  2.941249E+00  -2.9565E-01  -4.7324E-01  -4.7324E-01
 C1           2    5   S  6.834831E-01   1.1815E+00   6.3299E-01   6.3299E-01
 C1           3    6   X  2.941249E+00   2.2135E-01   1.2153E+00   1.2153E+00
              4        Y                                           1.2153E+00
              5        Z                                           1.2153E+00
 C1           3    7   X  6.834831E-01   8.6271E-01   7.6421E-01   7.6421E-01
              4        Y                                           7.6421E-01
              5        Z                                           7.6421E-01
 C1           2    8   S  2.222899E-01   1.0000E+00   2.3073E-01   2.3073E-01
 C1           3    9   X  2.222899E-01   1.0000E+00   2.1757E-01   2.1757E-01
              4        Y                                           2.1757E-01
              5        Z                                           2.1757E-01
 C2           6    1   S  7.161684E+01   1.5433E-01   2.7078E+00   2.7078E+00
 C2           6    2   S  1.304510E+01   5.3533E-01   2.6189E+00   2.6189E+00
 C2           6    3   S  3.530512E+00   4.4463E-01   8.1619E-01   8.1619E-01
 C2           7    4   S  2.941249E+00  -2.9565E-01  -4.7324E-01  -4.7324E-01
 C2           7    5   S  6.834831E-01   1.1815E+00   6.3299E-01   6.3299E-01
 C2           8    6   X  2.941249E+00   2.2135E-01   1.2153E+00   1.2153E+00
              9        Y                                           1.2153E+00
             10        Z                                           1.2153E+00
 C2           8    7   X  6.834831E-01   8.6271E-01   7.6421E-01   7.6421E-01
              9        Y                                           7.6421E-01
             10        Z                                           7.6421E-01
 C2           7    8   S  2.222899E-01   1.0000E+00   2.3073E-01   2.3073E-01
 C2           8    9   X  2.222899E-01   1.0000E+00   2.1757E-01   2.1757E-01
              9        Y                                           2.1757E-01
             10        Z                                           2.1757E-01
 C3          11    1   S  7.161684E+01   1.5433E-01   2.7078E+00   2.7078E+00
 C3          11    2   S  1.304510E+01   5.3533E-01   2.6189E+00   2.6189E+00
 C3          11    3   S  3.530512E+00   4.4463E-01   8.1619E-01   8.1619E-01
 C3          12    4   S  2.941249E+00  -2.9565E-01  -4.7324E-01  -4.7324E-01
 C3          12    5   S  6.834831E-01   1.1815E+00   6.3299E-01   6.3299E-01
 C3          13    6   X  2.941249E+00   2.2135E-01   1.2153E+00   1.2153E+00
             14        Y                                           1.2153E+00
             15        Z                                           1.2153E+00
 C3          13    7   X  6.834831E-01   8.6271E-01   7.6421E-01   7.6421E-01
             14        Y                                           7.6421E-01
             15        Z                                           7.6421E-01
 C3          12    8   S  2.222899E-01   1.0000E+00   2.3073E-01   2.3073E-01
 C3          13    9   X  2.222899E-01   1.0000E+00   2.1757E-01   2.1757E-01
             14        Y                                           2.1757E-01
             15        Z                                           2.1757E-01
 C4          16    1   S  7.161684E+01   1.5433E-01   2.7078E+00   2.7078E+00
 C4          16    2   S  1.304510E+01   5.3533E-01   2.6189E+00   2.6189E+00
 C4          16    3   S  3.530512E+00   4.4463E-01   8.1619E-01   8.1619E-01
 C4          17    4   S  2.941249E+00  -2.9565E-01  -4.7324E-01  -4.7324E-01
 C4          17    5   S  6.834831E-01   1.1815E+00   6.3299E-01   6.3299E-01
 C4          18    6   X  2.941249E+00   2.2135E-01   1.2153E+00   1.2153E+00
             19        Y                                           1.2153E+00
             20        Z                                           1.2153E+00
 C4          18    7   X  6.834831E-01   8.6271E-01   7.6421E-01   7.6421E-01
             19        Y                                           7.6421E-01
             20        Z                                           7.6421E-01
 C4          17    8   S  2.222899E-01   1.0000E+00   2.3073E-01   2.3073E-01
 C4          18    9   X  2.222899E-01   1.0000E+00   2.1757E-01   2.1757E-01
             19        Y                                           2.1757E-01
             20        Z                                           2.1757E-01
 C5          21    1   S  7.161684E+01   1.5433E-01   2.7078E+00   2.7078E+00
 C5          21    2   S  1.304510E+01   5.3533E-01   2.6189E+00   2.6189E+00
 C5          21    3   S  3.530512E+00   4.4463E-01   8.1619E-01   8.1619E-01
 C5          22    4   S  2.941249E+00  -2.9565E-01  -4.7324E-01  -4.7324E-01
 C5          22    5   S  6.834831E-01   1.1815E+00   6.3299E-01   6.3299E-01
 C5          23    6   X  2.941249E+00   2.2135E-01   1.2153E+00   1.2153E+00
             24        Y                                           1.2153E+00
             25        Z                                           1.2153E+00
 C5          23    7   X  6.834831E-01   8.6271E-01   7.6421E-01   7.6421E-01
             24        Y                                           7.6421E-01
             25        Z                                           7.6421E-01
 C5          22    8   S  2.222899E-01   1.0000E+00   2.3073E-01   2.3073E-01
 C5          23    9   X  2.222899E-01   1.0000E+00   2.1757E-01   2.1757E-01
             24        Y                                           2.1757E-01
             25        Z                                           2.1757E-01
 H6          26    1   S  3.425251E+00   2.4050E-01   4.3157E-01   4.3157E-01
 H6          26    2   S  6.239137E-01   8.3424E-01   4.1739E-01   4.1739E-01
 H6          26    3   S  1.688554E-01   1.0000E+00   1.8774E-01   1.8774E-01
 H7          27    1   S  3.425251E+00   2.4050E-01   4.3157E-01   4.3157E-01
 H7          27    2   S  6.239137E-01   8.3424E-01   4.1739E-01   4.1739E-01
 H7          27    3   S  1.688554E-01   1.0000E+00   1.8774E-01   1.8774E-01
 H8          28    1   S  3.425251E+00   2.4050E-01   4.3157E-01   4.3157E-01
 H8          28    2   S  6.239137E-01   8.3424E-01   4.1739E-01   4.1739E-01
 H8          28    3   S  1.688554E-01   1.0000E+00   1.8774E-01   1.8774E-01
 C9          29    1   S  7.161684E+01   1.5433E-01   2.7078E+00   2.7078E+00
 C9          29    2   S  1.304510E+01   5.3533E-01   2.6189E+00   2.6189E+00
 C9          29    3   S  3.530512E+00   4.4463E-01   8.1619E-01   8.1619E-01
 C9          30    4   S  2.941249E+00  -2.9565E-01  -4.7324E-01  -4.7324E-01
 C9          30    5   S  6.834831E-01   1.1815E+00   6.3299E-01   6.3299E-01
 C9          31    6   X  2.941249E+00   2.2135E-01   1.2153E+00   1.2153E+00
             32        Y                                           1.2153E+00
             33        Z                                           1.2153E+00
 C9          31    7   X  6.834831E-01   8.6271E-01   7.6421E-01   7.6421E-01
             32        Y                                           7.6421E-01
             33        Z                                           7.6421E-01
 C9          30    8   S  2.222899E-01   1.0000E+00   2.3073E-01   2.3073E-01
 C9          31    9   X  2.222899E-01   1.0000E+00   2.1757E-01   2.1757E-01
             32        Y                                           2.1757E-01
             33        Z                                           2.1757E-01
 C10         34    1   S  7.161684E+01   1.5433E-01   2.7078E+00   2.7078E+00
 C10         34    2   S  1.304510E+01   5.3533E-01   2.6189E+00   2.6189E+00
 C10         34    3   S  3.530512E+00   4.4463E-01   8.1619E-01   8.1619E-01
 C10         35    4   S  2.941249E+00  -2.9565E-01  -4.7324E-01  -4.7324E-01
 C10         35    5   S  6.834831E-01   1.1815E+00   6.3299E-01   6.3299E-01
 C10         36    6   X  2.941249E+00   2.2135E-01   1.2153E+00   1.2153E+00
             37        Y                                           1.2153E+00
             38        Z                                           1.2153E+00
 C10         36    7   X  6.834831E-01   8.6271E-01   7.6421E-01   7.6421E-01
             37        Y                                           7.6421E-01
             38        Z                                           7.6421E-01
 C10         35    8   S  2.222899E-01   1.0000E+00   2.3073E-01   2.3073E-01
 C10         36    9   X  2.222899E-01   1.0000E+00   2.1757E-01   2.1757E-01
             37        Y                                           2.1757E-01
             38        Z                                           2.1757E-01
 H11         39    1   S  3.425251E+00   2.4050E-01   4.3157E-01   4.3157E-01
 H11         39    2   S  6.239137E-01   8.3424E-01   4.1739E-01   4.1739E-01
 H11         39    3   S  1.688554E-01   1.0000E+00   1.8774E-01   1.8774E-01
 H12         40    1   S  3.425251E+00   2.4050E-01   4.3157E-01   4.3157E-01
 H12         40    2   S  6.239137E-01   8.3424E-01   4.1739E-01   4.1739E-01
 H12         40    3   S  1.688554E-01   1.0000E+00   1.8774E-01   1.8774E-01
 H13         41    1   S  3.425251E+00   2.4050E-01   4.3157E-01   4.3157E-01
 H13         41    2   S  6.239137E-01   8.3424E-01   4.1739E-01   4.1739E-01
 H13         41    3   S  1.688554E-01   1.0000E+00   1.8774E-01   1.8774E-01
 C14         42    1   S  7.161684E+01   1.5433E-01   2.7078E+00   2.7078E+00
 C14         42    2   S  1.304510E+01   5.3533E-01   2.6189E+00   2.6189E+00
 C14         42    3   S  3.530512E+00   4.4463E-01   8.1619E-01   8.1619E-01
 C14         43    4   S  2.941249E+00  -2.9565E-01  -4.7324E-01  -4.7324E-01
 C14         43    5   S  6.834831E-01   1.1815E+00   6.3299E-01   6.3299E-01
 C14         44    6   X  2.941249E+00   2.2135E-01   1.2153E+00   1.2153E+00
             45        Y                                           1.2153E+00
             46        Z                                           1.2153E+00
 C14         44    7   X  6.834831E-01   8.6271E-01   7.6421E-01   7.6421E-01
             45        Y                                           7.6421E-01
             46        Z                                           7.6421E-01
 C14         43    8   S  2.222899E-01   1.0000E+00   2.3073E-01   2.3073E-01
 C14         44    9   X  2.222899E-01   1.0000E+00   2.1757E-01   2.1757E-01
             45        Y                                           2.1757E-01
             46        Z                                           2.1757E-01
 H15         47    1   S  3.425251E+00   2.4050E-01   4.3157E-01   4.3157E-01
 H15         47    2   S  6.239137E-01   8.3424E-01   4.1739E-01   4.1739E-01
 H15         47    3   S  1.688554E-01   1.0000E+00   1.8774E-01   1.8774E-01
 C16         48    1   S  7.161684E+01   1.5433E-01   2.7078E+00   2.7078E+00
 C16         48    2   S  1.304510E+01   5.3533E-01   2.6189E+00   2.6189E+00
 C16         48    3   S  3.530512E+00   4.4463E-01   8.1619E-01   8.1619E-01
 C16         49    4   S  2.941249E+00  -2.9565E-01  -4.7324E-01  -4.7324E-01
 C16         49    5   S  6.834831E-01   1.1815E+00   6.3299E-01   6.3299E-01
 C16         50    6   X  2.941249E+00   2.2135E-01   1.2153E+00   1.2153E+00
             51        Y                                           1.2153E+00
             52        Z                                           1.2153E+00
 C16         50    7   X  6.834831E-01   8.6271E-01   7.6421E-01   7.6421E-01
             51        Y                                           7.6421E-01
             52        Z                                           7.6421E-01
 C16         49    8   S  2.222899E-01   1.0000E+00   2.3073E-01   2.3073E-01
 C16         50    9   X  2.222899E-01   1.0000E+00   2.1757E-01   2.1757E-01
             51        Y                                           2.1757E-01
             52        Z                                           2.1757E-01
 H17         53    1   S  3.425251E+00   2.4050E-01   4.3157E-01   4.3157E-01
 H17         53    2   S  6.239137E-01   8.3424E-01   4.1739E-01   4.1739E-01
 H17         53    3   S  1.688554E-01   1.0000E+00   1.8774E-01   1.8774E-01
 H18         54    1   S  3.425251E+00   2.4050E-01   4.3157E-01   4.3157E-01
 H18         54    2   S  6.239137E-01   8.3424E-01   4.1739E-01   4.1739E-01
 H18         54    3   S  1.688554E-01   1.0000E+00   1.8774E-01   1.8774E-01
 C19         55    1   S  7.161684E+01   1.5433E-01   2.7078E+00   2.7078E+00
 C19         55    2   S  1.304510E+01   5.3533E-01   2.6189E+00   2.6189E+00
 C19         55    3   S  3.530512E+00   4.4463E-01   8.1619E-01   8.1619E-01
 C19         56    4   S  2.941249E+00  -2.9565E-01  -4.7324E-01  -4.7324E-01
 C19         56    5   S  6.834831E-01   1.1815E+00   6.3299E-01   6.3299E-01
 C19         57    6   X  2.941249E+00   2.2135E-01   1.2153E+00   1.2153E+00
             58        Y                                           1.2153E+00
             59        Z                                           1.2153E+00
 C19         57    7   X  6.834831E-01   8.6271E-01   7.6421E-01   7.6421E-01
             58        Y                                           7.6421E-01
             59        Z                                           7.6421E-01
 C19         56    8   S  2.222899E-01   1.0000E+00   2.3073E-01   2.3073E-01
 C19         57    9   X  2.222899E-01   1.0000E+00   2.1757E-01   2.1757E-01
             58        Y                                           2.1757E-01
             59        Z                                           2.1757E-01
 H20         60    1   S  3.425251E+00   2.4050E-01   4.3157E-01   4.3157E-01
 H20         60    2   S  6.239137E-01   8.3424E-01   4.1739E-01   4.1739E-01
 H20         60    3   S  1.688554E-01   1.0000E+00   1.8774E-01   1.8774E-01
  
  Effective Core Potential 
  
  Atom      Electrons represented by ECP
 C1                     0
 C2                     0
 C3                     0
 C4                     0
 C5                     0
 H6                     0
 H7                     0
 H8                     0
 C9                     0
 C10                    0
 H11                    0
 H12                    0
 H13                    0
 C14                    0
 H15                    0
 C16                    0
 H17                    0
 H18                    0
 C19                    0
 H20                    0
  
  no dealiasing set available for atom            1
  switch to all-analytic calculation
  
 Input geometry:
                                   angstroms
  atom               x                 y                 z
  C1            0.0000000000      0.0000000000      0.0000000000 
  C2            0.0000000000      0.0000000000      1.4211540000 
  C3            1.2036950000      0.0000000000      2.1403250000 
  C4            2.4620900000      0.0000000000      1.4771520000 
  C5            2.4620900000      0.0000000000      0.0559980000 
  H6           -0.9528130000      0.0000000000      1.9660530000 
  H7            1.1801460000      0.0000000000      3.2387350000 
  H8            3.4149040000      0.0000000000     -0.4889010000 
  C9            3.7175310000      0.0000000000      2.2936650000 
  C10           4.9777550000      0.0000000000      1.8258070000 
  H11           5.2108530000      0.0000000000      0.7548920000 
  H12           3.5528800000      0.0000000000      3.3816840000 
  H13           5.8368110000      0.0000000000      2.5067910000 
  C14          -1.2554410000      0.0000000000     -0.8165130000 
  H15          -1.0907900000      0.0000000000     -1.9045320000 
  C16          -2.5156650000      0.0000000000     -0.3486560000 
  H17          -2.7487630000      0.0000000000      0.7222600000 
  H18          -3.3747210000      0.0000000000     -1.0296400000 
  C19           1.2583950000      0.0000000000     -0.6631740000 
  H20           1.2819440000      0.0000000000     -1.7615840000 
   
  principal moments of inertia:
        amu*angstrom^2:      109.23592      737.84455      847.08048
                g*cm^2: 1.81390492E-38 1.22521956E-37 1.40661005E-37
   
  rotational constants:
               cm^(-1):      0.15432313      0.02284713      0.01990086
                   GHz:      4.62649102      0.68493967      0.59661274
   
  Molecular weight:     130.08 amu
   
  Stoichiometry: C10H10
  Molecular Point Group: C2h     
	Molecule translated to center of mass 
	Molecule reoriented along symmetry axes
  Point Group used: C2h
  
  
 Symmetrized geometry:
                                   angstroms
  atom               x                 y                 z
  C1            1.2310450000      0.7385760000      0.0000000000 
  C2            1.2310450000     -0.6825780000      0.0000000000 
  C3            0.0273500000     -1.4017495000      0.0000000000 
  C4           -1.2310450000     -0.7385760000      0.0000000000 
  C5           -1.2310450000      0.6825780000      0.0000000000 
  H6            2.1838585000     -1.2274770000      0.0000000000 
  H7            0.0508990000     -2.5001595000      0.0000000000 
  H8           -2.1838585000      1.2274770000      0.0000000000 
  C9           -2.4864860000     -1.5550890000      0.0000000000 
  C10          -3.7467100000     -1.0872315000      0.0000000000 
  H11          -3.9798080000     -0.0163160000      0.0000000000 
  H12          -2.3218350000     -2.6431080000      0.0000000000 
  H13          -4.6057660000     -1.7682155000      0.0000000000 
  C14           2.4864860000      1.5550890000      0.0000000000 
  H15           2.3218350000      2.6431080000      0.0000000000 
  C16           3.7467100000      1.0872315000      0.0000000000 
  H17           3.9798080000      0.0163160000      0.0000000000 
  H18           4.6057660000      1.7682155000      0.0000000000 
  C19          -0.0273500000      1.4017495000      0.0000000000 
  H20          -0.0508990000      2.5001595000      0.0000000000 
   
  nuclear repulsion energy.......     445.899340302 hartrees
 
 Non-default options chosen:
   SCF calculation type: UHF                         
   Mulliken populations computed by atom
  
 Non-default print settings:
      1=  2 102=  3
  
 Temporary integer options set:
     73=  2
  
  Peak memory usage:    479 Mb
  
  end of program pre
   
 Time(pre)  user:        0.0  user+sys:        0.0  wallclock:        0.1
  
  start of program onee
  
  smallest eigenvalue of S:    1.814E-01
  number of canonical orbitals.....           60
  Peak memory usage:    621 Mb
  
  end of program onee
   
 Time(onee)  user:        0.0  user+sys:        0.0  wallclock:        0.1
  
  start of program hfig
  
  initial wavefunction generated automatically from atomic wavefunctions
  
  -------------------
  Alpha orbital space
  -------------------
 
  Irreducible     Total no   No of occupied orbitals 
  representation  orbitals   Shell_1  Shell_2    ...
  Ag                25         15
  Bg                 5          3
  Au                 5          2
  Bu                25         15
  ------------------------
  Orbital occupation/shell    1.000
 
  ------------------
  Beta orbital space
  ------------------
 
  Irreducible     Total no   No of occupied orbitals 
  representation  orbitals   Shell_1  Shell_2    ...
  Ag                25         15
  Bg                 5          2
  Au                 5          2
  Bu                25         15
  ------------------------
  Orbital occupation/shell    1.000
 
  
  
    Unrestricted Spin Properties ...
    Sz*(Sz+1) ..............     0.750
    <S**2> of initial guess      0.750
  
  
  Peak memory usage:    561 Mb
  
  end of program hfig
   
 Time(hfig)  user:        0.0  user+sys:        0.0  wallclock:        0.3
  
  start of program probe
  
  Peak memory usage:    560 Mb
  
  end of program probe
   
 Time(probe)  user:        0.0  user+sys:        0.0  wallclock:        0.1
  
  start of program scf
  
 number of electrons..........         69
 number of alpha electrons....         35
 number of beta electrons.....         34
 number of alpha orbitals.....         60
 number of beta orbitals......         60
 number of alpha occupied orb..        35
 number of alpha virtual orb...        25
 number of beta occupied orb...        34
 number of beta virtual orb....        26
 SCF type: UHF
  
       i  u  d  i  g                   
       t  p  i  c  r                                 RMS    maximum
       e  d  i  u  i                       energy  density   DIIS  
       r  t  s  t  d       total energy    change  change    error 
  
etot    1  N  N  0  N    -379.30301651831           3.5E-03  1.2E-01
etot    2  Y  Y  0  N    -379.56372087896  2.6E-01  8.5E-04  2.0E-02
etot    3  N  Y  0  N    -379.57827923484  1.5E-02  4.1E-04  1.7E-02
etot    4  Y  Y  0  N    -379.58286459667  4.6E-03  3.7E-04  1.2E-02
etot    5  Y  Y  0  N    -379.58667046655  3.8E-03  8.2E-04  1.2E-02
etot    6  N  Y  0  N    -379.59353750239  6.9E-03  1.1E-03  8.3E-03
etot    7  Y  Y  0  N    -379.59868312369  5.1E-03  1.6E-04  3.2E-03
etot    8  N  Y  0  N    -379.59893467008  2.5E-04  2.6E-04  2.4E-03
etot    9  Y  Y  0  N    -379.59916990448  2.4E-04  3.5E-05  4.0E-04
etot   10  N  N  0  N    -379.59917448077  4.6E-06  0.0E+00  0.0E+00
  
  
 Energy components, in hartrees:
   (A)  Nuclear repulsion............     445.89934030178
   (E)  Total one-electron terms.....   -1385.64119921361
   (I)  Total two-electron terms.....     560.14268443105
   (L)  Electronic energy............    -825.49851478255  (E+I)
   (N)  Total energy.................    -379.59917448077  (A+L)
  
                                 Total             Coulomb           Exchange
 Total two-electron terms     560.14268443105     615.16767784772     -55.02499341666
   Hamiltonian  1........     283.62085587411     311.37716762566     -27.75631175155
   Hamiltonian  2........     276.52182855695     303.79051022206     -27.26868166511
  
 SCFE: SCF energy: UHF      -379.59917448077 hartrees   iterations:  10
  
 
 Alpha HOMO energy:    -0.47918
 Alpha LUMO energy:    -0.04752
 
  Alpha Orbital energies (hartrees)/symmetry label: 
   -11.30775 Bu        -11.30768 Ag        -11.26224 Bu        -11.26211 Ag     
   -11.26194 Bu        -11.26190 Ag        -11.22125 Bu        -11.22125 Ag     
   -11.21691 Bu        -11.21691 Ag         -1.32604 Ag         -1.23716 Bu     
    -1.17020 Ag         -1.16597 Bu         -1.13095 Bu         -1.01086 Ag     
    -0.98203 Ag         -0.91208 Bu         -0.90033 Ag         -0.82060 Ag     
    -0.80724 Bu         -0.77787 Bu         -0.75950 Bu         -0.73558 Ag     
    -0.73498 Bu         -0.69748 Bu         -0.69476 Au         -0.68036 Ag     
    -0.63649 Ag         -0.63244 Bu         -0.61633 Ag         -0.59666 Bg     
    -0.53162 Au         -0.49090 Bg         -0.47918 Bg         -0.04752 Au     
     0.06222 Au          0.13155 Bg          0.20866 Au          0.29727 Bg     
     0.36956 Ag          0.38088 Bu          0.42028 Bu          0.43584 Ag     
     0.45457 Ag     
 
 
 Beta HOMO energy:    -0.48906
 Beta LUMO energy:    -0.14895
 
  Beta Orbital energies (hartrees)/symmetry label: 
   -11.29594 Bu        -11.29590 Ag        -11.26347 Bu        -11.26334 Ag     
   -11.26320 Bu        -11.26320 Ag        -11.23728 Ag        -11.23728 Bu     
   -11.19735 Ag        -11.19735 Bu         -1.30822 Ag         -1.22231 Bu     
    -1.16940 Bu         -1.16556 Ag         -1.09009 Bu         -0.99433 Ag     
    -0.96649 Ag         -0.90835 Bu         -0.89346 Ag         -0.81971 Ag     
    -0.80411 Bu         -0.77079 Bu         -0.75360 Bu         -0.73506 Bu     
    -0.73166 Ag         -0.69165 Bu         -0.67755 Ag         -0.64432 Au     
    -0.63184 Ag         -0.62842 Bu         -0.61499 Ag         -0.56107 Bg     
    -0.50194 Bg         -0.48906 Au         -0.14895 Bg          0.07422 Au     
     0.08571 Au          0.17575 Bg          0.23877 Au          0.32900 Bg     
     0.36717 Ag          0.38248 Bu          0.41388 Bu          0.43738 Ag     
 
  
  
    Unrestricted Spin Properties ...
    Sz*(Sz+1)      0.750
    <S**2> ...     1.353
  
  
  Peak memory usage:    654 Mb
  
  end of program scf
   
 Time(scf)  user:        5.0  user+sys:        5.0  wallclock:        5.9
  
  start of program ch
  
  Atomic charges from Mulliken population analysis: 
   
 Atom       C1           C2           C3           C4           C5      
 Charge    0.09108     -0.01868     -0.01469      0.09108     -0.01868
   
 Atom       H6           H7           H8           C9           C10     
 Charge    0.11775      0.11975      0.11775     -0.03140     -0.07054
   
 Atom       H11          H12          H13          C14          H15     
 Charge    0.09220      0.10069      0.11383     -0.03140      0.10069
   
 Atom       C16          H17          H18          C19          H20     
 Charge   -0.07054      0.09220      0.11383     -0.01469      0.11975
  
  sum of atomic charges:     1.000000
   
  Form Spin Density matrix = Dalpha-Dbeta
  Atomic Spin Densities from Mulliken analysis: 
   
 Atom       C1           C2           C3           C4           C5      
 Spin      0.49198     -0.04869     -0.04120      0.49198     -0.04869
   
 Atom       H6           H7           H8           C9           C10     
 Spin      0.00253      0.00212      0.00253     -0.65360      0.82041
   
 Atom       H11          H12          H13          C14          H15     
 Spin     -0.05928      0.04656     -0.06084     -0.65360      0.04656
   
 Atom       C16          H17          H18          C19          H20     
 Spin      0.82041     -0.05928     -0.06084     -0.04120      0.00212
  
  sum of atomic spins:     1.000000
   
  Peak memory usage:    515 Mb
  
  end of program ch
   
 Time(ch)  user:        0.0  user+sys:        0.0  wallclock:        0.1
  
  start of program post
  
  
 ***************************************** 
 
 alpha occupied orbitals: final wave function
 
 ***************************************** 
   
   
                              1         2         3         4         5
  eigenvalues-            -11.30775 -11.30768 -11.26224 -11.26211 -11.26194
  occupations-              1.00000   1.00000   1.00000   1.00000   1.00000
    1 C1               S    0.70150   0.70154   0.00080  -0.00039   0.00128
    2 C1               S    0.02567   0.02555   0.00376  -0.00525   0.00609
    3 C1               X   -0.00085  -0.00066  -0.00270   0.00282  -0.00072
    4 C1               Y   -0.00040  -0.00028   0.00203  -0.00100  -0.00272
    5 C1               Z    0.00000   0.00000   0.00000   0.00000   0.00000
    6 C2               S    0.00165   0.00104   0.15991   0.09144  -0.68316
    7 C2               S   -0.00504  -0.00474   0.00080  -0.00146  -0.02577
    8 C2               X    0.00009   0.00002   0.00240   0.00269   0.00151
    9 C2               Y   -0.00319  -0.00322   0.00158   0.00158  -0.00019
   10 C2               Z    0.00000   0.00000   0.00000   0.00000   0.00000
   11 C3               S   -0.00166   0.00099   0.68328   0.69577   0.15940
   12 C3               S    0.00507  -0.00478   0.02343   0.02426   0.01070
   13 C3               X   -0.00280   0.00286  -0.00064  -0.00038   0.00251
   14 C3               Y    0.00158  -0.00156   0.00066   0.00051   0.00185
   15 C3               Z    0.00000   0.00000   0.00000   0.00000   0.00000
   16 C4               S   -0.70150   0.70154  -0.00080  -0.00039  -0.00128
   17 C4               S   -0.02567   0.02555  -0.00376  -0.00525  -0.00609
   18 C4               X   -0.00085   0.00066  -0.00270  -0.00282  -0.00072
   19 C4               Y   -0.00040   0.00028   0.00203   0.00100  -0.00272
   20 C4               Z    0.00000   0.00000   0.00000   0.00000   0.00000
   21 C5               S   -0.00165   0.00104  -0.15991   0.09144   0.68316
   22 C5               S    0.00504  -0.00474  -0.00080  -0.00146   0.02577
   23 C5               X    0.00009  -0.00002   0.00240  -0.00269   0.00151
   24 C5               Y   -0.00319   0.00322   0.00158  -0.00158  -0.00019
   25 C5               Z    0.00000   0.00000   0.00000   0.00000   0.00000
   26 H6               S    0.00008  -0.00001  -0.00093  -0.00062   0.00450
   27 H7               S   -0.00009  -0.00001  -0.00443  -0.00463  -0.00116
   28 H8               S   -0.00008  -0.00001   0.00093  -0.00062  -0.00450
   29 C9               S    0.00058  -0.00061  -0.00018  -0.00039  -0.00019
   30 C9               S    0.00419  -0.00424   0.00014   0.00010   0.00022
   31 C9               X    0.00245  -0.00248  -0.00001  -0.00003   0.00007
   32 C9               Y    0.00164  -0.00166   0.00006   0.00000   0.00005
   33 C9               Z    0.00000   0.00000   0.00000   0.00000   0.00000
   34 C10              S    0.00010  -0.00010   0.00000  -0.00014  -0.00026
   35 C10              S   -0.00013   0.00013  -0.00004  -0.00006  -0.00007
   36 C10              X   -0.00004   0.00004  -0.00003  -0.00006  -0.00005
   37 C10              Y   -0.00008   0.00008   0.00001  -0.00002  -0.00006
   38 C10              Z    0.00000   0.00000   0.00000   0.00000   0.00000
   39 H11              S    0.00010  -0.00010  -0.00001   0.00000   0.00010
   40 H12              S   -0.00003   0.00003  -0.00005  -0.00007  -0.00004
   41 H13              S    0.00002  -0.00002   0.00000  -0.00001  -0.00002
   42 C14              S   -0.00058  -0.00061   0.00018  -0.00039   0.00019
   43 C14              S   -0.00419  -0.00424  -0.00014   0.00010  -0.00022
   44 C14              X    0.00245   0.00248  -0.00001   0.00003   0.00007
   45 C14              Y    0.00164   0.00166   0.00006   0.00000   0.00005
   46 C14              Z    0.00000   0.00000   0.00000   0.00000   0.00000
   47 H15              S    0.00003   0.00003   0.00005  -0.00007   0.00004
   48 C16              S   -0.00010  -0.00010   0.00000  -0.00014   0.00026
   49 C16              S    0.00013   0.00013   0.00004  -0.00006   0.00007
   50 C16              X   -0.00004  -0.00004  -0.00003   0.00006  -0.00005
   51 C16              Y   -0.00008  -0.00008   0.00001   0.00002  -0.00006
   52 C16              Z    0.00000   0.00000   0.00000   0.00000   0.00000
   53 H17              S   -0.00010  -0.00010   0.00001   0.00000  -0.00010
   54 H18              S   -0.00002  -0.00002   0.00000  -0.00001   0.00002
   55 C19              S    0.00166   0.00099  -0.68328   0.69577  -0.15940
   56 C19              S   -0.00507  -0.00478  -0.02343   0.02426  -0.01070
   57 C19              X   -0.00280  -0.00286  -0.00064   0.00038   0.00251
   58 C19              Y    0.00158   0.00156   0.00066  -0.00051   0.00185
   59 C19              Z    0.00000   0.00000   0.00000   0.00000   0.00000
   60 H20              S    0.00009  -0.00001   0.00443  -0.00463   0.00116
   
                              6         7         8         9        10
  eigenvalues-            -11.26190 -11.22125 -11.22125 -11.21691 -11.21691
  occupations-              1.00000   1.00000   1.00000   1.00000   1.00000
    1 C1               S    0.00035  -0.00127  -0.00130   0.00001   0.00000
    2 C1               S    0.00405   0.00403   0.00402   0.00050   0.00050
    3 C1               X    0.00032   0.00248   0.00247   0.00023   0.00023
    4 C1               Y   -0.00334   0.00146   0.00145   0.00017   0.00016
    5 C1               Z    0.00000   0.00000   0.00000   0.00000   0.00000
    6 C2               S   -0.69569  -0.00017  -0.00032   0.00026   0.00026
    7 C2               S   -0.02553  -0.00020  -0.00012  -0.00004  -0.00004
    8 C2               X    0.00103   0.00002  -0.00006  -0.00008  -0.00008
    9 C2               Y   -0.00017  -0.00002   0.00000  -0.00004  -0.00004
   10 C2               Z    0.00000   0.00000   0.00000   0.00000   0.00000
   11 C3               S    0.09084   0.00024  -0.00040  -0.00005   0.00009
   12 C3               S    0.00800   0.00015  -0.00006   0.00003  -0.00008
   13 C3               X    0.00266   0.00001   0.00002  -0.00006   0.00003
   14 C3               Y    0.00182   0.00003   0.00004  -0.00001  -0.00001
   15 C3               Z    0.00000   0.00000   0.00000   0.00000   0.00000
   16 C4               S    0.00035   0.00127  -0.00130  -0.00001   0.00000
   17 C4               S    0.00405  -0.00403   0.00402  -0.00050   0.00050
   18 C4               X   -0.00032   0.00248  -0.00247   0.00023  -0.00023
   19 C4               Y    0.00334   0.00146  -0.00145   0.00017  -0.00016
   20 C4               Z    0.00000   0.00000   0.00000   0.00000   0.00000
   21 C5               S   -0.69569   0.00017  -0.00032  -0.00026   0.00026
   22 C5               S   -0.02553   0.00020  -0.00012   0.00004  -0.00004
   23 C5               X   -0.00103   0.00002   0.00006  -0.00008   0.00008
   24 C5               Y    0.00017  -0.00002   0.00000  -0.00004   0.00004
   25 C5               Z    0.00000   0.00000   0.00000   0.00000   0.00000
   26 H6               S    0.00464   0.00011   0.00012   0.00007   0.00007
   27 H7               S   -0.00060  -0.00002   0.00003   0.00000   0.00000
   28 H8               S    0.00464  -0.00011   0.00012  -0.00007   0.00007
   29 C9               S    0.00023   0.69955  -0.69955   0.05658  -0.05659
   30 C9               S   -0.00007   0.02381  -0.02380   0.00770  -0.00769
   31 C9               X    0.00002  -0.00049   0.00049  -0.00328   0.00328
   32 C9               Y   -0.00003   0.00035  -0.00034   0.00126  -0.00126
   33 C9               Z    0.00000   0.00000   0.00000   0.00000   0.00000
   34 C10              S    0.00025   0.05700  -0.05701  -0.69912   0.69912
   35 C10              S    0.00006  -0.00308   0.00308  -0.02658   0.02658
   36 C10              X    0.00004  -0.00280   0.00280  -0.00146   0.00146
   37 C10              Y    0.00005   0.00098  -0.00098   0.00052  -0.00052
   38 C10              Z    0.00000   0.00000   0.00000   0.00000   0.00000
   39 H11              S   -0.00010  -0.00033   0.00033   0.00489  -0.00489
   40 H12              S    0.00004  -0.00452   0.00452  -0.00043   0.00043
   41 H13              S    0.00002  -0.00032   0.00032   0.00488  -0.00488
   42 C14              S    0.00023  -0.69955  -0.69955  -0.05658  -0.05659
   43 C14              S   -0.00007  -0.02381  -0.02380  -0.00770  -0.00769
   44 C14              X   -0.00002  -0.00049  -0.00049  -0.00328  -0.00328
   45 C14              Y    0.00003   0.00035   0.00034   0.00126   0.00126
   46 C14              Z    0.00000   0.00000   0.00000   0.00000   0.00000
   47 H15              S    0.00004   0.00452   0.00452   0.00043   0.00043
   48 C16              S    0.00025  -0.05700  -0.05701   0.69912   0.69912
   49 C16              S    0.00006   0.00308   0.00308   0.02658   0.02658
   50 C16              X   -0.00004  -0.00280  -0.00280  -0.00146  -0.00146
   51 C16              Y   -0.00005   0.00098   0.00098   0.00052   0.00052
   52 C16              Z    0.00000   0.00000   0.00000   0.00000   0.00000
   53 H17              S   -0.00010   0.00033   0.00033  -0.00489  -0.00489
   54 H18              S    0.00002   0.00032   0.00032  -0.00488  -0.00488
   55 C19              S    0.09084  -0.00024  -0.00040   0.00005   0.00009
   56 C19              S    0.00800  -0.00015  -0.00006  -0.00003  -0.00008
   57 C19              X   -0.00266   0.00001  -0.00002  -0.00006  -0.00003
   58 C19              Y   -0.00182   0.00003  -0.00004  -0.00001   0.00001
   59 C19              Z    0.00000   0.00000   0.00000   0.00000   0.00000
   60 H20              S   -0.00060   0.00002   0.00003   0.00000   0.00000
   
                             11        12        13        14        15
  eigenvalues-             -1.32604  -1.23716  -1.17020  -1.16597  -1.13095
  occupations-              1.00000   1.00000   1.00000   1.00000   1.00000
    1 C1               S    0.11473   0.12954   0.01250   0.01214  -0.07558
    2 C1               S   -0.30788  -0.36350  -0.04035  -0.03475   0.21790
    3 C1               X    0.04713  -0.00711  -0.08878   0.07882  -0.06075
    4 C1               Y    0.02770  -0.00207  -0.04332  -0.11846  -0.05276
    5 C1               Z    0.00000   0.00000   0.00000   0.00000   0.00000
    6 C2               S    0.09544   0.05390  -0.03172  -0.11934  -0.06212
    7 C2               S   -0.23968  -0.14062   0.08396   0.32615   0.17044
    8 C2               X    0.04888  -0.02698  -0.04278  -0.05875   0.00810
    9 C2               Y   -0.03947  -0.07920  -0.01607  -0.04368   0.05677
   10 C2               Z    0.00000   0.00000   0.00000   0.00000   0.00000
   11 C3               S    0.09553  -0.04981  -0.03791  -0.13134   0.02541
   12 C3               S   -0.23978   0.12949   0.10140   0.35866  -0.06898
   13 C3               X    0.01182  -0.08320   0.02584   0.04718   0.08181
   14 C3               Y   -0.06139   0.01258   0.02650   0.03433  -0.00556
   15 C3               Z    0.00000   0.00000   0.00000   0.00000   0.00000
   16 C4               S    0.11473  -0.12954   0.01250  -0.01214   0.07558
   17 C4               S   -0.30788   0.36350  -0.04035   0.03475  -0.21790
   18 C4               X   -0.04713  -0.00711   0.08878   0.07882  -0.06075
   19 C4               Y   -0.02770  -0.00207   0.04332  -0.11846  -0.05276
   20 C4               Z    0.00000   0.00000   0.00000   0.00000   0.00000
   21 C5               S    0.09544  -0.05390  -0.03172   0.11934   0.06212
   22 C5               S   -0.23968   0.14062   0.08396  -0.32615  -0.17044
   23 C5               X   -0.04888  -0.02698   0.04278  -0.05875   0.00810
   24 C5               Y    0.03947  -0.07920   0.01607  -0.04368   0.05677
   25 C5               Z    0.00000   0.00000   0.00000   0.00000   0.00000
   26 H6               S   -0.03706  -0.03185   0.01065   0.07985   0.03897
   27 H7               S   -0.03663   0.02869   0.01774   0.08628  -0.01642
   28 H8               S   -0.03706   0.03185   0.01065  -0.07985  -0.03897
   29 C9               S    0.03602  -0.08674   0.11123   0.00462  -0.07243
   30 C9               S   -0.08604   0.21327  -0.27955  -0.01114   0.18353
   31 C9               X   -0.02254   0.01245   0.07231   0.02371  -0.12139
   32 C9               Y   -0.02157   0.04075  -0.03489  -0.01199   0.00903
   33 C9               Z    0.00000   0.00000   0.00000   0.00000   0.00000
   34 C10              S    0.01683  -0.06149   0.12835   0.01790  -0.12841
   35 C10              S   -0.04562   0.16945  -0.36024  -0.04982   0.36525
   36 C10              X   -0.01742   0.05051  -0.07687  -0.00927   0.05578
   37 C10              Y    0.00268  -0.01060   0.02358  -0.00143  -0.02456
   38 C10              Z    0.00000   0.00000   0.00000   0.00000   0.00000
   39 H11              S   -0.00757   0.03124  -0.07219  -0.01272   0.07714
   40 H12              S   -0.01591   0.04532  -0.06552   0.00455   0.04620
   41 H13              S   -0.00521   0.02559  -0.06771  -0.00887   0.07848
   42 C14              S    0.03602   0.08674   0.11123  -0.00462   0.07243
   43 C14              S   -0.08604  -0.21327  -0.27955   0.01114  -0.18353
   44 C14              X    0.02254   0.01245  -0.07231   0.02371  -0.12139
   45 C14              Y    0.02157   0.04075   0.03489  -0.01199   0.00903
   46 C14              Z    0.00000   0.00000   0.00000   0.00000   0.00000
   47 H15              S   -0.01591  -0.04532  -0.06552  -0.00455  -0.04620
   48 C16              S    0.01683   0.06149   0.12835  -0.01790   0.12841
   49 C16              S   -0.04562  -0.16945  -0.36024   0.04982  -0.36525
   50 C16              X    0.01742   0.05051   0.07687  -0.00927   0.05578
   51 C16              Y   -0.00268  -0.01060  -0.02358  -0.00143  -0.02456
   52 C16              Z    0.00000   0.00000   0.00000   0.00000   0.00000
   53 H17              S   -0.00757  -0.03124  -0.07219   0.01272  -0.07714
   54 H18              S   -0.00521  -0.02559  -0.06771   0.00887  -0.07848
   55 C19              S    0.09553   0.04981  -0.03791   0.13134  -0.02541
   56 C19              S   -0.23978  -0.12949   0.10140  -0.35866   0.06898
   57 C19              X   -0.01182  -0.08320  -0.02584   0.04718   0.08181
   58 C19              Y    0.06139   0.01258  -0.02650   0.03433  -0.00556
   59 C19              Z    0.00000   0.00000   0.00000   0.00000   0.00000
   60 H20              S   -0.03663  -0.02869   0.01774  -0.08628   0.01642
   
                             16        17        18        19        20
  eigenvalues-             -1.01086  -0.98203  -0.91208  -0.90033  -0.82060
  occupations-              1.00000   1.00000   1.00000   1.00000   1.00000
    1 C1               S   -0.08144  -0.05219  -0.00120   0.03610   0.03326
    2 C1               S    0.25358   0.16423  -0.00155  -0.11147  -0.11584
    3 C1               X    0.02349   0.14341  -0.15068   0.17885  -0.07843
    4 C1               Y    0.15437  -0.17225  -0.13709   0.07099  -0.07779
    5 C1               Z    0.00000   0.00000   0.00000   0.00000   0.00000
    6 C2               S    0.09070  -0.05613  -0.03146  -0.04579  -0.01496
    7 C2               S   -0.26501   0.16703   0.09720   0.15117   0.04237
    8 C2               X    0.01475   0.12992   0.05872   0.11666  -0.16274
    9 C2               Y    0.07888   0.15107   0.07023  -0.16677   0.01431
   10 C2               Z    0.00000   0.00000   0.00000   0.00000   0.00000
   11 C3               S    0.00425   0.11296   0.04827  -0.01448   0.01217
   12 C3               S   -0.01219  -0.33741  -0.15028   0.05226  -0.04744
   13 C3               X   -0.18508   0.01436   0.00252   0.12636   0.09434
   14 C3               Y   -0.03121   0.06807  -0.01019  -0.15703   0.16866
   15 C3               Z    0.00000   0.00000   0.00000   0.00000   0.00000
   16 C4               S   -0.08144  -0.05219   0.00120   0.03610   0.03326
   17 C4               S    0.25358   0.16423   0.00155  -0.11147  -0.11584
   18 C4               X   -0.02349  -0.14341  -0.15068  -0.17885   0.07843
   19 C4               Y   -0.15437   0.17225  -0.13709  -0.07099   0.07779
   20 C4               Z    0.00000   0.00000   0.00000   0.00000   0.00000
   21 C5               S    0.09070  -0.05613   0.03146  -0.04579  -0.01496
   22 C5               S   -0.26501   0.16703  -0.09720   0.15117   0.04237
   23 C5               X   -0.01475  -0.12992   0.05872  -0.11666   0.16274
   24 C5               Y   -0.07888  -0.15107   0.07023   0.16677  -0.01431
   25 C5               Z    0.00000   0.00000   0.00000   0.00000   0.00000
   26 H6               S   -0.10523   0.07658   0.05088   0.16168  -0.08814
   27 H7               S    0.00948  -0.15152  -0.04573   0.11427  -0.12321
   28 H8               S   -0.10523   0.07658  -0.05088   0.16168  -0.08814
   29 C9               S   -0.04356  -0.00337  -0.10101  -0.06108  -0.05882
   30 C9               S    0.12549   0.01099   0.30223   0.18244   0.18468
   31 C9               X    0.13964   0.05345   0.10131   0.05947  -0.10533
   32 C9               Y   -0.00898   0.05502  -0.06755  -0.03708  -0.16317
   33 C9               Z    0.00000   0.00000   0.00000   0.00000   0.00000
   34 C10              S    0.07214   0.03764   0.07727   0.05381   0.02712
   35 C10              S   -0.21613  -0.11576  -0.24847  -0.17433  -0.09965
   36 C10              X    0.02709   0.02391   0.12453   0.09156   0.11104
   37 C10              Y   -0.00954   0.02296  -0.06881  -0.02814  -0.19281
   38 C10              Z    0.00000   0.00000   0.00000   0.00000   0.00000
   39 H11              S   -0.07175  -0.02244  -0.13401  -0.07854  -0.17318
   40 H12              S    0.06021  -0.02559   0.16744   0.10435   0.17804
   41 H13              S   -0.06779  -0.04840  -0.10688  -0.08410  -0.01534
   42 C14              S   -0.04356  -0.00337   0.10101  -0.06108  -0.05882
   43 C14              S    0.12549   0.01099  -0.30223   0.18244   0.18468
   44 C14              X   -0.13964  -0.05345   0.10131  -0.05947   0.10533
   45 C14              Y    0.00898  -0.05502  -0.06755   0.03708   0.16317
   46 C14              Z    0.00000   0.00000   0.00000   0.00000   0.00000
   47 H15              S    0.06021  -0.02559  -0.16744   0.10435   0.17804
   48 C16              S    0.07214   0.03764  -0.07727   0.05381   0.02712
   49 C16              S   -0.21613  -0.11576   0.24847  -0.17433  -0.09965
   50 C16              X   -0.02709  -0.02391   0.12453  -0.09156  -0.11104
   51 C16              Y    0.00954  -0.02296  -0.06881   0.02814   0.19281
   52 C16              Z    0.00000   0.00000   0.00000   0.00000   0.00000
   53 H17              S   -0.07175  -0.02244   0.13401  -0.07854  -0.17318
   54 H18              S   -0.06779  -0.04840   0.10688  -0.08410  -0.01534
   55 C19              S    0.00425   0.11296  -0.04827  -0.01448   0.01217
   56 C19              S   -0.01219  -0.33741   0.15028   0.05226  -0.04744
   57 C19              X    0.18508  -0.01436   0.00252  -0.12636  -0.09434
   58 C19              Y    0.03121  -0.06807  -0.01019   0.15703  -0.16866
   59 C19              Z    0.00000   0.00000   0.00000   0.00000   0.00000
   60 H20              S    0.00948  -0.15152   0.04573   0.11427  -0.12321
   
                             21        22        23        24        25
  eigenvalues-             -0.80724  -0.77787  -0.75950  -0.73558  -0.73498
  occupations-              1.00000   1.00000   1.00000   1.00000   1.00000
    1 C1               S    0.02307   0.06389  -0.00513   0.01487   0.00070
    2 C1               S   -0.08431  -0.22750   0.01533  -0.05047  -0.00351
    3 C1               X   -0.21092   0.08884  -0.08652   0.03251  -0.12838
    4 C1               Y    0.15254  -0.06817  -0.26672  -0.00748   0.00232
    5 C1               Z    0.00000   0.00000   0.00000   0.00000   0.00000
    6 C2               S   -0.03612  -0.04838  -0.01595   0.01692   0.00944
    7 C2               S    0.11970   0.17063   0.04885  -0.06347  -0.02745
    8 C2               X   -0.09239   0.22033  -0.10078  -0.14189   0.27347
    9 C2               Y   -0.20096  -0.05036   0.23737  -0.01240  -0.05726
   10 C2               Z    0.00000   0.00000   0.00000   0.00000   0.00000
   11 C3               S    0.01759   0.05035   0.00120  -0.02119   0.02133
   12 C3               S   -0.06083  -0.17667  -0.00282   0.07285  -0.06536
   13 C3               X    0.23946  -0.13234  -0.07857   0.08149  -0.04012
   14 C3               Y    0.07774   0.21205   0.03075   0.02741  -0.34099
   15 C3               Z    0.00000   0.00000   0.00000   0.00000   0.00000
   16 C4               S   -0.02307  -0.06389   0.00513   0.01487  -0.00070
   17 C4               S    0.08431   0.22750  -0.01533  -0.05047   0.00351
   18 C4               X   -0.21092   0.08884  -0.08652  -0.03251  -0.12838
   19 C4               Y    0.15254  -0.06817  -0.26672   0.00748   0.00232
   20 C4               Z    0.00000   0.00000   0.00000   0.00000   0.00000
   21 C5               S    0.03612   0.04838   0.01595   0.01692  -0.00944
   22 C5               S   -0.11970  -0.17063  -0.04885  -0.06347   0.02745
   23 C5               X   -0.09239   0.22033  -0.10078   0.14189   0.27347
   24 C5               Y   -0.20096  -0.05036   0.23737   0.01240  -0.05726
   25 C5               Z    0.00000   0.00000   0.00000   0.00000   0.00000
   26 H6               S    0.06229   0.23380  -0.14635  -0.11280   0.19475
   27 H7               S   -0.07911  -0.23734  -0.03004   0.00859   0.23693
   28 H8               S   -0.06229  -0.23380   0.14635  -0.11280  -0.19475
   29 C9               S   -0.01000   0.01690   0.00500  -0.02424   0.00685
   30 C9               S    0.02789  -0.05060  -0.01483   0.06838  -0.02044
   31 C9               X    0.00519   0.07222   0.15293  -0.13288   0.08752
   32 C9               Y    0.18901   0.03295   0.11765   0.21852   0.06023
   33 C9               Z    0.00000   0.00000   0.00000   0.00000   0.00000
   34 C10              S    0.01384  -0.01641  -0.00264   0.00398  -0.00616
   35 C10              S   -0.05077   0.06180   0.01754  -0.02684   0.02632
   36 C10              X    0.12755  -0.10078  -0.02247   0.32211  -0.04563
   37 C10              Y    0.10453   0.02456   0.24802   0.14071   0.11304
   38 C10              Z    0.00000   0.00000   0.00000   0.00000   0.00000
   39 H11              S    0.02900   0.04114   0.18387   0.03117   0.08654
   40 H12              S   -0.12497  -0.05086  -0.07837  -0.15545  -0.03798
   41 H13              S   -0.11808   0.06326  -0.08537  -0.24602  -0.01420
   42 C14              S    0.01000  -0.01690  -0.00500  -0.02424  -0.00685
   43 C14              S   -0.02789   0.05060   0.01483   0.06838   0.02044
   44 C14              X    0.00519   0.07222   0.15293   0.13288   0.08752
   45 C14              Y    0.18901   0.03295   0.11765  -0.21852   0.06023
   46 C14              Z    0.00000   0.00000   0.00000   0.00000   0.00000
   47 H15              S    0.12497   0.05086   0.07837  -0.15545   0.03798
   48 C16              S   -0.01384   0.01641   0.00264   0.00398   0.00616
   49 C16              S    0.05077  -0.06180  -0.01754  -0.02684  -0.02632
   50 C16              X    0.12755  -0.10078  -0.02247  -0.32211  -0.04563
   51 C16              Y    0.10453   0.02456   0.24802  -0.14071   0.11304
   52 C16              Z    0.00000   0.00000   0.00000   0.00000   0.00000
   53 H17              S   -0.02900  -0.04114  -0.18387   0.03117  -0.08654
   54 H18              S    0.11808  -0.06326   0.08537  -0.24602   0.01420
   55 C19              S   -0.01759  -0.05035  -0.00120  -0.02119  -0.02133
   56 C19              S    0.06083   0.17667   0.00282   0.07285   0.06536
   57 C19              X    0.23946  -0.13234  -0.07857  -0.08149  -0.04012
   58 C19              Y    0.07774   0.21205   0.03075  -0.02741  -0.34099
   59 C19              Z    0.00000   0.00000   0.00000   0.00000   0.00000
   60 H20              S    0.07911   0.23734   0.03004   0.00859  -0.23693
   
                             26        27        28        29        30
  eigenvalues-             -0.69748  -0.69476  -0.68036  -0.63649  -0.63244
  occupations-              1.00000   1.00000   1.00000   1.00000   1.00000
    1 C1               S    0.00977   0.00000   0.01592  -0.00197   0.01728
    2 C1               S   -0.03722   0.00000  -0.05788   0.01194  -0.07399
    3 C1               X   -0.20133   0.00000   0.00841   0.27365  -0.16904
    4 C1               Y    0.03841   0.00000   0.15575  -0.16359  -0.15101
    5 C1               Z    0.00000   0.39284   0.00000   0.00000   0.00000
    6 C2               S   -0.00787   0.00000  -0.00803  -0.00431  -0.00994
    7 C2               S    0.02388   0.00000   0.02964   0.00638   0.03511
    8 C2               X   -0.12556   0.00000  -0.10523  -0.23906  -0.03046
    9 C2               Y   -0.08536   0.00000  -0.16274   0.14395   0.10582
   10 C2               Z    0.00000   0.28482   0.00000   0.00000   0.00000
   11 C3               S    0.01532   0.00000   0.00690   0.00206   0.00430
   12 C3               S   -0.05549   0.00000  -0.03334  -0.00211  -0.01285
   13 C3               X    0.17879   0.00000   0.08560   0.26346  -0.01814
   14 C3               Y    0.00579   0.00000   0.21747  -0.13677  -0.05724
   15 C3               Z    0.00000   0.28507   0.00000   0.00000   0.00000
   16 C4               S   -0.00977   0.00000   0.01592  -0.00197  -0.01728
   17 C4               S    0.03722   0.00000  -0.05788   0.01194   0.07399
   18 C4               X   -0.20133   0.00000  -0.00841  -0.27365  -0.16904
   19 C4               Y    0.03841   0.00000  -0.15575   0.16359  -0.15101
   20 C4               Z    0.00000   0.39284   0.00000   0.00000   0.00000
   21 C5               S    0.00787   0.00000  -0.00803  -0.00431   0.00994
   22 C5               S   -0.02388   0.00000   0.02964   0.00638  -0.03511
   23 C5               X   -0.12556   0.00000   0.10523   0.23906  -0.03046
   24 C5               Y   -0.08536   0.00000   0.16274  -0.14395   0.10582
   25 C5               Z    0.00000   0.28482   0.00000   0.00000   0.00000
   26 H6               S   -0.03863   0.00000   0.02433  -0.27259  -0.03365
   27 H7               S   -0.02060   0.00000  -0.19757   0.14182   0.03119
   28 H8               S    0.03863   0.00000   0.02433  -0.27259   0.03365
   29 C9               S    0.00764   0.00000  -0.01851  -0.00762   0.00683
   30 C9               S   -0.01001   0.00000   0.07418   0.03583  -0.03151
   31 C9               X    0.25597   0.00000   0.18415   0.16140   0.02616
   32 C9               Y   -0.14226   0.00000  -0.10619   0.00114   0.25572
   33 C9               Z    0.00000   0.10103   0.00000   0.00000   0.00000
   34 C10              S    0.00832   0.00000   0.00790   0.00638  -0.00696
   35 C10              S   -0.01273   0.00000  -0.01798  -0.01570   0.02590
   36 C10              X   -0.33778   0.00000  -0.08129  -0.15187  -0.05127
   37 C10              Y   -0.00642   0.00000   0.27714   0.03806  -0.29211
   38 C10              Z    0.00000   0.08735   0.00000   0.00000   0.00000
   39 H11              S    0.05129   0.00000   0.22581   0.03422  -0.23899
   40 H12              S    0.14558   0.00000   0.15068   0.04584  -0.27008
   41 H13              S    0.19416   0.00000  -0.09425   0.07260   0.20239
   42 C14              S   -0.00764   0.00000  -0.01851  -0.00762  -0.00683
   43 C14              S    0.01001   0.00000   0.07418   0.03583   0.03151
   44 C14              X    0.25597   0.00000  -0.18415  -0.16140   0.02616
   45 C14              Y   -0.14226   0.00000   0.10619  -0.00114   0.25572
   46 C14              Z    0.00000   0.10103   0.00000   0.00000   0.00000
   47 H15              S   -0.14558   0.00000   0.15068   0.04584   0.27008
   48 C16              S   -0.00832   0.00000   0.00790   0.00638   0.00696
   49 C16              S    0.01273   0.00000  -0.01798  -0.01570  -0.02590
   50 C16              X   -0.33778   0.00000   0.08129   0.15187  -0.05127
   51 C16              Y   -0.00642   0.00000  -0.27714  -0.03806  -0.29211
   52 C16              Z    0.00000   0.08735   0.00000   0.00000   0.00000
   53 H17              S   -0.05129   0.00000   0.22581   0.03422   0.23899
   54 H18              S   -0.19416   0.00000  -0.09425   0.07260  -0.20239
   55 C19              S   -0.01532   0.00000   0.00690   0.00206  -0.00430
   56 C19              S    0.05549   0.00000  -0.03334  -0.00211   0.01285
   57 C19              X    0.17879   0.00000  -0.08560  -0.26346  -0.01814
   58 C19              Y    0.00579   0.00000  -0.21747   0.13677  -0.05724
   59 C19              Z    0.00000   0.28507   0.00000   0.00000   0.00000
   60 H20              S    0.02060   0.00000  -0.19757   0.14182  -0.03119
   
                             31        32        33        34        35
  eigenvalues-             -0.61633  -0.59666  -0.53162  -0.49090  -0.47918
  occupations-              1.00000   1.00000   1.00000   1.00000   1.00000
    1 C1               S    0.01689   0.00000   0.00000   0.00000   0.00000
    2 C1               S   -0.07705   0.00000   0.00000   0.00000   0.00000
    3 C1               X   -0.15857   0.00000   0.00000   0.00000   0.00000
    4 C1               Y   -0.23477   0.00000   0.00000   0.00000   0.00000
    5 C1               Z    0.00000   0.42705  -0.04703   0.36737  -0.00508
    6 C2               S   -0.00117   0.00000   0.00000   0.00000   0.00000
    7 C2               S    0.00339   0.00000   0.00000   0.00000   0.00000
    8 C2               X    0.09217   0.00000   0.00000   0.00000   0.00000
    9 C2               Y    0.21144   0.00000   0.00000   0.00000   0.00000
   10 C2               Z    0.00000   0.14869  -0.10933   0.15293  -0.46274
   11 C3               S    0.00572   0.00000   0.00000   0.00000   0.00000
   12 C3               S   -0.01629   0.00000   0.00000   0.00000   0.00000
   13 C3               X   -0.10658   0.00000   0.00000   0.00000   0.00000
   14 C3               Y   -0.15761   0.00000   0.00000   0.00000   0.00000
   15 C3               Z    0.00000  -0.14768  -0.11065  -0.16553  -0.45853
   16 C4               S    0.01689   0.00000   0.00000   0.00000   0.00000
   17 C4               S   -0.07705   0.00000   0.00000   0.00000   0.00000
   18 C4               X    0.15857   0.00000   0.00000   0.00000   0.00000
   19 C4               Y    0.23477   0.00000   0.00000   0.00000   0.00000
   20 C4               Z    0.00000  -0.42705  -0.04703  -0.36737   0.00508
   21 C5               S   -0.00117   0.00000   0.00000   0.00000   0.00000
   22 C5               S    0.00339   0.00000   0.00000   0.00000   0.00000
   23 C5               X   -0.09217   0.00000   0.00000   0.00000   0.00000
   24 C5               Y   -0.21144   0.00000   0.00000   0.00000   0.00000
   25 C5               Z    0.00000  -0.14869  -0.10933  -0.15293   0.46274
   26 H6               S   -0.00348   0.00000   0.00000   0.00000   0.00000
   27 H7               S    0.16416   0.00000   0.00000   0.00000   0.00000
   28 H8               S   -0.00348   0.00000   0.00000   0.00000   0.00000
   29 C9               S    0.00694   0.00000   0.00000   0.00000   0.00000
   30 C9               S   -0.02146   0.00000   0.00000   0.00000   0.00000
   31 C9               X   -0.10333   0.00000   0.00000   0.00000   0.00000
   32 C9               Y   -0.23401   0.00000   0.00000   0.00000   0.00000
   33 C9               Z    0.00000  -0.23616   0.27501   0.16855  -0.00508
   34 C10              S    0.00371   0.00000   0.00000   0.00000   0.00000
   35 C10              S   -0.01764   0.00000   0.00000   0.00000   0.00000
   36 C10              X    0.07427   0.00000   0.00000   0.00000   0.00000
   37 C10              Y    0.19909   0.00000   0.00000   0.00000   0.00000
   38 C10              Z    0.00000  -0.31996   0.56779   0.49681  -0.00687
   39 H11              S    0.16815   0.00000   0.00000   0.00000   0.00000
   40 H12              S    0.22725   0.00000   0.00000   0.00000   0.00000
   41 H13              S   -0.16896   0.00000   0.00000   0.00000   0.00000
   42 C14              S    0.00694   0.00000   0.00000   0.00000   0.00000
   43 C14              S   -0.02146   0.00000   0.00000   0.00000   0.00000
   44 C14              X    0.10333   0.00000   0.00000   0.00000   0.00000
   45 C14              Y    0.23401   0.00000   0.00000   0.00000   0.00000
   46 C14              Z    0.00000   0.23616   0.27501  -0.16855   0.00508
   47 H15              S    0.22725   0.00000   0.00000   0.00000   0.00000
   48 C16              S    0.00371   0.00000   0.00000   0.00000   0.00000
   49 C16              S   -0.01764   0.00000   0.00000   0.00000   0.00000
   50 C16              X   -0.07427   0.00000   0.00000   0.00000   0.00000
   51 C16              Y   -0.19909   0.00000   0.00000   0.00000   0.00000
   52 C16              Z    0.00000   0.31996   0.56779  -0.49681   0.00687
   53 H17              S    0.16815   0.00000   0.00000   0.00000   0.00000
   54 H18              S   -0.16896   0.00000   0.00000   0.00000   0.00000
   55 C19              S    0.00572   0.00000   0.00000   0.00000   0.00000
   56 C19              S   -0.01629   0.00000   0.00000   0.00000   0.00000
   57 C19              X    0.10658   0.00000   0.00000   0.00000   0.00000
   58 C19              Y    0.15761   0.00000   0.00000   0.00000   0.00000
   59 C19              Z    0.00000   0.14768  -0.11065   0.16553   0.45853
   60 H20              S    0.16416   0.00000   0.00000   0.00000   0.00000
   
  
  
 ***************************************** 
 
 beta occupied orbitals: final wave function
 
 ***************************************** 
   
   
                              1         2         3         4         5
  eigenvalues-            -11.29594 -11.29590 -11.26347 -11.26334 -11.26320
  occupations-              1.00000   1.00000   1.00000   1.00000   1.00000
    1 C1               S    0.70179   0.70182   0.00018  -0.00046   0.00038
    2 C1               S    0.02438   0.02429   0.00314   0.00567   0.00647
    3 C1               X   -0.00080  -0.00062  -0.00263  -0.00279  -0.00100
    4 C1               Y   -0.00038  -0.00026   0.00231   0.00064  -0.00252
    5 C1               Z    0.00000   0.00000   0.00000   0.00000   0.00000
    6 C2               S    0.00090   0.00033   0.22777  -0.16478  -0.66361
    7 C2               S   -0.00487  -0.00454   0.00343  -0.00129  -0.02563
    8 C2               X    0.00010   0.00002   0.00223  -0.00256   0.00175
    9 C2               Y   -0.00301  -0.00305   0.00159  -0.00159  -0.00002
   10 C2               Z    0.00000   0.00000   0.00000   0.00000   0.00000
   11 C3               S   -0.00088   0.00025   0.66378  -0.68218   0.22729
   12 C3               S    0.00489  -0.00459   0.02230  -0.02335   0.01302
   13 C3               X   -0.00263   0.00271  -0.00087   0.00064   0.00244
   14 C3               Y    0.00150  -0.00148   0.00047  -0.00032   0.00191
   15 C3               Z    0.00000   0.00000   0.00000   0.00000   0.00000
   16 C4               S   -0.70179   0.70182  -0.00018  -0.00046  -0.00038
   17 C4               S   -0.02438   0.02429  -0.00314   0.00567  -0.00647
   18 C4               X   -0.00080   0.00062  -0.00263   0.00279  -0.00100
   19 C4               Y   -0.00038   0.00026   0.00231  -0.00064  -0.00252
   20 C4               Z    0.00000   0.00000   0.00000   0.00000   0.00000
   21 C5               S   -0.00090   0.00033  -0.22777  -0.16478   0.66361
   22 C5               S    0.00487  -0.00454  -0.00343  -0.00129   0.02563
   23 C5               X    0.00010  -0.00002   0.00223   0.00256   0.00175
   24 C5               Y   -0.00301   0.00305   0.00159   0.00159  -0.00002
   25 C5               Z    0.00000   0.00000   0.00000   0.00000   0.00000
   26 H6               S    0.00009   0.00000  -0.00139   0.00112   0.00440
   27 H7               S   -0.00010   0.00000  -0.00431   0.00456  -0.00160
   28 H8               S   -0.00009   0.00000   0.00139   0.00112  -0.00440
   29 C9               S    0.00037  -0.00043  -0.00026   0.00078  -0.00031
   30 C9               S    0.00394  -0.00400   0.00012  -0.00009   0.00022
   31 C9               X    0.00230  -0.00233  -0.00002   0.00003   0.00007
   32 C9               Y    0.00155  -0.00157   0.00006  -0.00001   0.00006
   33 C9               Z    0.00000   0.00000   0.00000   0.00000   0.00000
   34 C10              S    0.00002  -0.00002   0.00003   0.00009  -0.00013
   35 C10              S   -0.00014   0.00014  -0.00004   0.00006  -0.00007
   36 C10              X   -0.00004   0.00004  -0.00002   0.00006  -0.00005
   37 C10              Y   -0.00007   0.00007   0.00001   0.00003  -0.00006
   38 C10              Z    0.00000   0.00000   0.00000   0.00000   0.00000
   39 H11              S    0.00010  -0.00010  -0.00002  -0.00001   0.00010
   40 H12              S   -0.00002   0.00003  -0.00004   0.00007  -0.00005
   41 H13              S    0.00002  -0.00002   0.00001   0.00001  -0.00002
   42 C14              S   -0.00037  -0.00043   0.00026   0.00078   0.00031
   43 C14              S   -0.00394  -0.00400  -0.00012  -0.00009  -0.00022
   44 C14              X    0.00230   0.00233  -0.00002  -0.00003   0.00007
   45 C14              Y    0.00155   0.00157   0.00006   0.00001   0.00006
   46 C14              Z    0.00000   0.00000   0.00000   0.00000   0.00000
   47 H15              S    0.00002   0.00003   0.00004   0.00007   0.00005
   48 C16              S   -0.00002  -0.00002  -0.00003   0.00009   0.00013
   49 C16              S    0.00014   0.00014   0.00004   0.00006   0.00007
   50 C16              X   -0.00004  -0.00004  -0.00002  -0.00006  -0.00005
   51 C16              Y   -0.00007  -0.00007   0.00001  -0.00003  -0.00006
   52 C16              Z    0.00000   0.00000   0.00000   0.00000   0.00000
   53 H17              S   -0.00010  -0.00010   0.00002  -0.00001  -0.00010
   54 H18              S   -0.00002  -0.00002  -0.00001   0.00001   0.00002
   55 C19              S    0.00088   0.00025  -0.66378  -0.68218  -0.22729
   56 C19              S   -0.00489  -0.00459  -0.02230  -0.02335  -0.01302
   57 C19              X   -0.00263  -0.00271  -0.00087  -0.00064   0.00244
   58 C19              Y    0.00150   0.00148   0.00047   0.00032   0.00191
   59 C19              Z    0.00000   0.00000   0.00000   0.00000   0.00000
   60 H20              S    0.00010   0.00000   0.00431   0.00456   0.00160
   
                              6         7         8         9        10
  eigenvalues-            -11.26320 -11.23728 -11.23728 -11.19735 -11.19735
  occupations-              1.00000   1.00000   1.00000   1.00000   1.00000
    1 C1               S   -0.00020  -0.00111  -0.00104   0.00002   0.00001
    2 C1               S    0.00349   0.00430   0.00431   0.00020   0.00020
    3 C1               X    0.00062   0.00265   0.00267   0.00005   0.00005
    4 C1               Y   -0.00345   0.00156   0.00157   0.00007   0.00007
    5 C1               Z    0.00000   0.00000   0.00000   0.00000   0.00000
    6 C2               S   -0.68203  -0.00056  -0.00021   0.00016   0.00014
    7 C2               S   -0.02563  -0.00013  -0.00021  -0.00003  -0.00002
    8 C2               X    0.00132  -0.00007   0.00001  -0.00007  -0.00008
    9 C2               Y    0.00001   0.00000  -0.00002  -0.00003  -0.00004
   10 C2               Z    0.00000   0.00000   0.00000   0.00000   0.00000
   11 C3               S    0.16420  -0.00071   0.00036   0.00007  -0.00002
   12 C3               S    0.01054  -0.00007   0.00016  -0.00007   0.00002
   13 C3               X    0.00262   0.00002   0.00000   0.00002  -0.00006
   14 C3               Y    0.00187   0.00005   0.00003  -0.00001  -0.00001
   15 C3               Z    0.00000   0.00000   0.00000   0.00000   0.00000
   16 C4               S   -0.00020  -0.00111   0.00104   0.00002  -0.00001
   17 C4               S    0.00349   0.00430  -0.00431   0.00020  -0.00020
   18 C4               X   -0.00062  -0.00265   0.00267  -0.00005   0.00005
   19 C4               Y    0.00345  -0.00156   0.00157  -0.00007   0.00007
   20 C4               Z    0.00000   0.00000   0.00000   0.00000   0.00000
   21 C5               S   -0.68203  -0.00056   0.00021   0.00016  -0.00014
   22 C5               S   -0.02563  -0.00013   0.00021  -0.00003   0.00002
   23 C5               X   -0.00132   0.00007   0.00001   0.00007  -0.00008
   24 C5               Y   -0.00001   0.00000  -0.00002   0.00003  -0.00004
   25 C5               Z    0.00000   0.00000   0.00000   0.00000   0.00000
   26 H6               S    0.00457   0.00013   0.00012   0.00005   0.00005
   27 H7               S   -0.00109   0.00004  -0.00002   0.00000   0.00000
   28 H8               S    0.00457   0.00013  -0.00012   0.00005  -0.00005
   29 C9               S    0.00036  -0.70145   0.70145  -0.00458   0.00458
   30 C9               S   -0.00005  -0.02599   0.02600  -0.00545   0.00545
   31 C9               X    0.00001   0.00077  -0.00077   0.00290  -0.00290
   32 C9               Y   -0.00002  -0.00047   0.00047  -0.00111   0.00111
   33 C9               Z    0.00000   0.00000   0.00000   0.00000   0.00000
   34 C10              S    0.00013  -0.00505   0.00505   0.70191  -0.70191
   35 C10              S    0.00005   0.00546  -0.00546   0.02409  -0.02409
   36 C10              X    0.00003   0.00317  -0.00317   0.00115  -0.00115
   37 C10              Y    0.00005  -0.00111   0.00111  -0.00041   0.00041
   38 C10              Z    0.00000   0.00000   0.00000   0.00000   0.00000
   39 H11              S   -0.00010  -0.00004   0.00004  -0.00446   0.00446
   40 H12              S    0.00003   0.00488  -0.00488   0.00010  -0.00010
   41 H13              S    0.00002  -0.00005   0.00005  -0.00445   0.00445
   42 C14              S    0.00036  -0.70145  -0.70145  -0.00458  -0.00458
   43 C14              S   -0.00005  -0.02599  -0.02600  -0.00545  -0.00545
   44 C14              X   -0.00001  -0.00077  -0.00077  -0.00290  -0.00290
   45 C14              Y    0.00002   0.00047   0.00047   0.00111   0.00111
   46 C14              Z    0.00000   0.00000   0.00000   0.00000   0.00000
   47 H15              S    0.00003   0.00488   0.00488   0.00010   0.00010
   48 C16              S    0.00013  -0.00505  -0.00505   0.70191   0.70191
   49 C16              S    0.00005   0.00546   0.00546   0.02409   0.02409
   50 C16              X   -0.00003  -0.00317  -0.00317  -0.00115  -0.00115
   51 C16              Y   -0.00005   0.00111   0.00111   0.00041   0.00041
   52 C16              Z    0.00000   0.00000   0.00000   0.00000   0.00000
   53 H17              S   -0.00010  -0.00004  -0.00004  -0.00446  -0.00446
   54 H18              S    0.00002  -0.00005  -0.00005  -0.00445  -0.00445
   55 C19              S    0.16420  -0.00071  -0.00036   0.00007   0.00002
   56 C19              S    0.01054  -0.00007  -0.00016  -0.00007  -0.00002
   57 C19              X   -0.00262  -0.00002   0.00000  -0.00002  -0.00006
   58 C19              Y   -0.00187  -0.00005   0.00003   0.00001  -0.00001
   59 C19              Z    0.00000   0.00000   0.00000   0.00000   0.00000
   60 H20              S   -0.00109   0.00004   0.00002   0.00000   0.00000
   
                             11        12        13        14        15
  eigenvalues-             -1.30822  -1.22231  -1.16940  -1.16556  -1.09009
  occupations-              1.00000   1.00000   1.00000   1.00000   1.00000
    1 C1               S   -0.10390  -0.11114   0.00467  -0.02068  -0.08818
    2 C1               S    0.26220   0.29365  -0.01265   0.05873   0.24519
    3 C1               X   -0.04245   0.02546   0.06735   0.10172  -0.08481
    4 C1               Y   -0.02482   0.01415  -0.11262   0.05762  -0.05090
    5 C1               Z    0.00000   0.00000   0.00000   0.00000   0.00000
    6 C2               S   -0.09927  -0.04647  -0.12512   0.04213  -0.06440
    7 C2               S    0.25615   0.12519   0.34351  -0.11296   0.18301
    8 C2               X   -0.05361   0.02589  -0.06041   0.05128   0.02629
    9 C2               Y    0.03417   0.06868  -0.04152   0.02310   0.08030
   10 C2               Z    0.00000   0.00000   0.00000   0.00000   0.00000
   11 C3               S   -0.09927   0.04253  -0.12904   0.04512   0.05300
   12 C3               S    0.25581  -0.11408   0.35426  -0.12187  -0.15102
   13 C3               X   -0.00492   0.07380   0.05822  -0.04012   0.09919
   14 C3               Y    0.06313  -0.00859   0.03444  -0.03243  -0.00756
   15 C3               Z    0.00000   0.00000   0.00000   0.00000   0.00000
   16 C4               S   -0.10390   0.11114  -0.00467  -0.02068   0.08818
   17 C4               S    0.26220  -0.29365   0.01265   0.05873  -0.24519
   18 C4               X    0.04245   0.02546   0.06735  -0.10172  -0.08481
   19 C4               Y    0.02482   0.01415  -0.11262  -0.05762  -0.05090
   20 C4               Z    0.00000   0.00000   0.00000   0.00000   0.00000
   21 C5               S   -0.09927   0.04647   0.12512   0.04213   0.06440
   22 C5               S    0.25615  -0.12519  -0.34351  -0.11296  -0.18301
   23 C5               X    0.05361   0.02589  -0.06041  -0.05128   0.02629
   24 C5               Y   -0.03417   0.06868  -0.04152  -0.02310   0.08030
   25 C5               Z    0.00000   0.00000   0.00000   0.00000   0.00000
   26 H6               S    0.04034   0.02954   0.08203  -0.01712   0.04580
   27 H7               S    0.03987  -0.02655   0.08373  -0.02063  -0.04020
   28 H8               S    0.04034  -0.02954  -0.08203  -0.01712  -0.04580
   29 C9               S   -0.04502   0.11480  -0.00188  -0.13548  -0.08159
   30 C9               S    0.12234  -0.31768   0.00538   0.38045   0.23353
   31 C9               X    0.02349  -0.01190   0.01383  -0.04628  -0.12724
   32 C9               Y    0.02305  -0.04199  -0.01167   0.03177  -0.00359
   33 C9               Z    0.00000   0.00000   0.00000   0.00000   0.00000
   34 C10              S   -0.01688   0.05912   0.00549  -0.09236  -0.09785
   35 C10              S    0.03950  -0.14227  -0.01342   0.22756   0.25041
   36 C10              X    0.01967  -0.05993  -0.00386   0.08067   0.05942
   37 C10              Y   -0.00369   0.01487  -0.00299  -0.02557  -0.02889
   38 C10              Z    0.00000   0.00000   0.00000   0.00000   0.00000
   39 H11              S    0.00874  -0.03333  -0.00615   0.05547   0.06633
   40 H12              S    0.01898  -0.05834   0.00763   0.07830   0.05618
   41 H13              S    0.00608  -0.02758  -0.00227   0.05185   0.07162
   42 C14              S   -0.04502  -0.11480   0.00188  -0.13548   0.08159
   43 C14              S    0.12234   0.31768  -0.00538   0.38045  -0.23353
   44 C14              X   -0.02349  -0.01190   0.01383   0.04628  -0.12724
   45 C14              Y   -0.02305  -0.04199  -0.01167  -0.03177  -0.00359
   46 C14              Z    0.00000   0.00000   0.00000   0.00000   0.00000
   47 H15              S    0.01898   0.05834  -0.00763   0.07830  -0.05618
   48 C16              S   -0.01688  -0.05912  -0.00549  -0.09236   0.09785
   49 C16              S    0.03950   0.14227   0.01342   0.22756  -0.25041
   50 C16              X   -0.01967  -0.05993  -0.00386  -0.08067   0.05942
   51 C16              Y    0.00369   0.01487  -0.00299   0.02557  -0.02889
   52 C16              Z    0.00000   0.00000   0.00000   0.00000   0.00000
   53 H17              S    0.00874   0.03333   0.00615   0.05547  -0.06633
   54 H18              S    0.00608   0.02758   0.00227   0.05185  -0.07162
   55 C19              S   -0.09927  -0.04253   0.12904   0.04512  -0.05300
   56 C19              S    0.25581   0.11408  -0.35426  -0.12187   0.15102
   57 C19              X    0.00492   0.07380   0.05822   0.04012   0.09919
   58 C19              Y   -0.06313  -0.00859   0.03444   0.03243  -0.00756
   59 C19              Z    0.00000   0.00000   0.00000   0.00000   0.00000
   60 H20              S    0.03987   0.02655  -0.08373  -0.02063   0.04020
   
                             16        17        18        19        20
  eigenvalues-             -0.99433  -0.96649  -0.90835  -0.89346  -0.81971
  occupations-              1.00000   1.00000   1.00000   1.00000   1.00000
    1 C1               S   -0.05209  -0.07994  -0.00048   0.03427   0.03629
    2 C1               S    0.15329   0.23896  -0.00073  -0.10270  -0.12054
    3 C1               X   -0.05379   0.10540  -0.11369   0.16746  -0.07578
    4 C1               Y    0.18491  -0.10685  -0.12407   0.06026  -0.07581
    5 C1               Z    0.00000   0.00000   0.00000   0.00000   0.00000
    6 C2               S    0.09840  -0.02354  -0.02824  -0.04498  -0.01718
    7 C2               S   -0.29157   0.07263   0.08852   0.14820   0.04950
    8 C2               X   -0.05160   0.11099   0.07021   0.12557  -0.16574
    9 C2               Y    0.02083   0.18563   0.07043  -0.16276   0.00634
   10 C2               Z    0.00000   0.00000   0.00000   0.00000   0.00000
   11 C3               S   -0.04758   0.09818   0.04648  -0.00675   0.01413
   12 C3               S    0.14289  -0.29632  -0.14593   0.02617  -0.05483
   13 C3               X   -0.17580  -0.06741  -0.01134   0.12527   0.10544
   14 C3               Y   -0.04286   0.07431  -0.00668  -0.15577   0.17398
   15 C3               Z    0.00000   0.00000   0.00000   0.00000   0.00000
   16 C4               S   -0.05209  -0.07994   0.00048   0.03427   0.03629
   17 C4               S    0.15329   0.23896   0.00073  -0.10270  -0.12054
   18 C4               X    0.05379  -0.10540  -0.11369  -0.16746   0.07578
   19 C4               Y   -0.18491   0.10685  -0.12407  -0.06026   0.07581
   20 C4               Z    0.00000   0.00000   0.00000   0.00000   0.00000
   21 C5               S    0.09840  -0.02354   0.02824  -0.04498  -0.01718
   22 C5               S   -0.29157   0.07263  -0.08852   0.14820   0.04950
   23 C5               X    0.05160  -0.11099   0.07021  -0.12557   0.16574
   24 C5               Y   -0.02083  -0.18563   0.07043   0.16276  -0.00634
   25 C5               Z    0.00000   0.00000   0.00000   0.00000   0.00000
   26 H6               S   -0.12980   0.02560   0.05486   0.16326  -0.08490
   27 H7               S    0.06851  -0.14290  -0.04613   0.10402  -0.12948
   28 H8               S   -0.12980   0.02560  -0.05486   0.16326  -0.08490
   29 C9               S   -0.02044  -0.00130  -0.07876  -0.04856  -0.05284
   30 C9               S    0.06586   0.00789   0.25440   0.15587   0.17631
   31 C9               X    0.13717   0.12575   0.14726   0.09360  -0.09893
   32 C9               Y   -0.03852   0.05377  -0.08687  -0.04480  -0.18882
   33 C9               Z    0.00000   0.00000   0.00000   0.00000   0.00000
   34 C10              S    0.06580   0.06680   0.09830   0.06928   0.03337
   35 C10              S   -0.17932  -0.18582  -0.28858  -0.20523  -0.11230
   36 C10              X   -0.00162   0.01370   0.08246   0.06736   0.08595
   37 C10              Y   -0.01022   0.02392  -0.05346  -0.01857  -0.16597
   38 C10              Z    0.00000   0.00000   0.00000   0.00000   0.00000
   39 H11              S   -0.07744  -0.05878  -0.16596  -0.10187  -0.18327
   40 H12              S    0.04878  -0.01955   0.14085   0.08740   0.16948
   41 H13              S   -0.06299  -0.08439  -0.13550  -0.10911  -0.02522
   42 C14              S   -0.02044  -0.00130   0.07876  -0.04856  -0.05284
   43 C14              S    0.06586   0.00789  -0.25440   0.15587   0.17631
   44 C14              X   -0.13717  -0.12575   0.14726  -0.09360   0.09893
   45 C14              Y    0.03852  -0.05377  -0.08687   0.04480   0.18882
   46 C14              Z    0.00000   0.00000   0.00000   0.00000   0.00000
   47 H15              S    0.04878  -0.01955  -0.14085   0.08740   0.16948
   48 C16              S    0.06580   0.06680  -0.09830   0.06928   0.03337
   49 C16              S   -0.17932  -0.18582   0.28858  -0.20523  -0.11230
   50 C16              X    0.00162  -0.01370   0.08246  -0.06736  -0.08595
   51 C16              Y    0.01022  -0.02392  -0.05346   0.01857   0.16597
   52 C16              Z    0.00000   0.00000   0.00000   0.00000   0.00000
   53 H17              S   -0.07744  -0.05878   0.16596  -0.10187  -0.18327
   54 H18              S   -0.06299  -0.08439   0.13550  -0.10911  -0.02522
   55 C19              S   -0.04758   0.09818  -0.04648  -0.00675   0.01413
   56 C19              S    0.14289  -0.29632   0.14593   0.02617  -0.05483
   57 C19              X    0.17580   0.06741  -0.01134  -0.12527  -0.10544
   58 C19              Y    0.04286  -0.07431  -0.00668   0.15577  -0.17398
   59 C19              Z    0.00000   0.00000   0.00000   0.00000   0.00000
   60 H20              S    0.06851  -0.14290   0.04613   0.10402  -0.12948
   
                             21        22        23        24        25
  eigenvalues-             -0.80411  -0.77079  -0.75360  -0.73506  -0.73166
  occupations-              1.00000   1.00000   1.00000   1.00000   1.00000
    1 C1               S    0.02728   0.06455  -0.01078  -0.00285   0.01549
    2 C1               S   -0.09424  -0.22022   0.03496   0.00897  -0.05005
    3 C1               X   -0.20001   0.09927  -0.07030  -0.12980   0.04538
    4 C1               Y    0.12877  -0.08121  -0.26010  -0.02623  -0.00859
    5 C1               Z    0.00000   0.00000   0.00000   0.00000   0.00000
    6 C2               S   -0.03686  -0.04348  -0.01652   0.00781   0.01703
    7 C2               S    0.12177   0.15420   0.05177  -0.02278  -0.06487
    8 C2               X   -0.08308   0.22515  -0.13768   0.25839  -0.14957
    9 C2               Y   -0.19304  -0.03755   0.26119  -0.02577  -0.01730
   10 C2               Z    0.00000   0.00000   0.00000   0.00000   0.00000
   11 C3               S    0.02257   0.04366  -0.00354   0.01976  -0.02116
   12 C3               S   -0.07855  -0.15271   0.01332  -0.06053   0.07281
   13 C3               X    0.22495  -0.16231  -0.07290  -0.04567   0.09600
   14 C3               Y    0.09362   0.20503   0.05410  -0.34356   0.02181
   15 C3               Z    0.00000   0.00000   0.00000   0.00000   0.00000
   16 C4               S   -0.02728  -0.06455   0.01078   0.00285   0.01549
   17 C4               S    0.09424   0.22022  -0.03496  -0.00897  -0.05005
   18 C4               X   -0.20001   0.09927  -0.07030  -0.12980  -0.04538
   19 C4               Y    0.12877  -0.08121  -0.26010  -0.02623   0.00859
   20 C4               Z    0.00000   0.00000   0.00000   0.00000   0.00000
   21 C5               S    0.03686   0.04348   0.01652  -0.00781   0.01703
   22 C5               S   -0.12177  -0.15420  -0.05177   0.02278  -0.06487
   23 C5               X   -0.08308   0.22515  -0.13768   0.25839   0.14957
   24 C5               Y   -0.19304  -0.03755   0.26119  -0.02577   0.01730
   25 C5               Z    0.00000   0.00000   0.00000   0.00000   0.00000
   26 H6               S    0.06567   0.22531  -0.17908   0.17117  -0.11914
   27 H7               S   -0.09854  -0.22363  -0.03956   0.23921   0.01240
   28 H8               S   -0.06567  -0.22531   0.17908  -0.17117  -0.11914
   29 C9               S   -0.00996   0.01804   0.00399   0.00639  -0.02549
   30 C9               S    0.03198  -0.05659  -0.01183  -0.02041   0.07941
   31 C9               X    0.02410   0.08247   0.15534   0.09691  -0.14269
   32 C9               Y    0.21688   0.03724   0.11367   0.09305   0.24731
   33 C9               Z    0.00000   0.00000   0.00000   0.00000   0.00000
   34 C10              S    0.01754  -0.02168  -0.00273  -0.00793   0.00670
   35 C10              S   -0.05851   0.07564   0.01741   0.03074  -0.03693
   36 C10              X    0.11381  -0.10262  -0.02386  -0.02950   0.29287
   37 C10              Y    0.09720   0.03018   0.20438   0.12215   0.10540
   38 C10              Z    0.00000   0.00000   0.00000   0.00000   0.00000
   39 H11              S    0.02321   0.06191   0.17829   0.10717   0.00622
   40 H12              S   -0.13092  -0.04923  -0.06833  -0.05613  -0.16243
   41 H13              S   -0.12979   0.08022  -0.07605  -0.02733  -0.25091
   42 C14              S    0.00996  -0.01804  -0.00399  -0.00639  -0.02549
   43 C14              S   -0.03198   0.05659   0.01183   0.02041   0.07941
   44 C14              X    0.02410   0.08247   0.15534   0.09691   0.14269
   45 C14              Y    0.21688   0.03724   0.11367   0.09305  -0.24731
   46 C14              Z    0.00000   0.00000   0.00000   0.00000   0.00000
   47 H15              S    0.13092   0.04923   0.06833   0.05613  -0.16243
   48 C16              S   -0.01754   0.02168   0.00273   0.00793   0.00670
   49 C16              S    0.05851  -0.07564  -0.01741  -0.03074  -0.03693
   50 C16              X    0.11381  -0.10262  -0.02386  -0.02950  -0.29287
   51 C16              Y    0.09720   0.03018   0.20438   0.12215  -0.10540
   52 C16              Z    0.00000   0.00000   0.00000   0.00000   0.00000
   53 H17              S   -0.02321  -0.06191  -0.17829  -0.10717   0.00622
   54 H18              S    0.12979  -0.08022   0.07605   0.02733  -0.25091
   55 C19              S   -0.02257  -0.04366   0.00354  -0.01976  -0.02116
   56 C19              S    0.07855   0.15271  -0.01332   0.06053   0.07281
   57 C19              X    0.22495  -0.16231  -0.07290  -0.04567  -0.09600
   58 C19              Y    0.09362   0.20503   0.05410  -0.34356  -0.02181
   59 C19              Z    0.00000   0.00000   0.00000   0.00000   0.00000
   60 H20              S    0.09854   0.22363   0.03956  -0.23921   0.01240
   
                             26        27        28        29        30
  eigenvalues-             -0.69165  -0.67755  -0.64432  -0.63184  -0.62842
  occupations-              1.00000   1.00000   1.00000   1.00000   1.00000
    1 C1               S    0.00853   0.01657   0.00000  -0.00450   0.01537
    2 C1               S   -0.03021  -0.05760   0.00000   0.02122  -0.06288
    3 C1               X   -0.18591   0.02620   0.00000   0.27928  -0.15825
    4 C1               Y    0.05455   0.15329   0.00000  -0.13380  -0.13673
    5 C1               Z    0.00000   0.00000  -0.26824   0.00000   0.00000
    6 C2               S   -0.00552  -0.00515   0.00000  -0.00597  -0.00941
    7 C2               S    0.01541   0.01779   0.00000   0.01373   0.03345
    8 C2               X   -0.11171  -0.12411   0.00000  -0.23582  -0.03654
    9 C2               Y   -0.10465  -0.17125   0.00000   0.12298   0.10286
   10 C2               Z    0.00000   0.00000  -0.30932   0.00000   0.00000
   11 C3               S    0.01722   0.00533   0.00000   0.00450   0.00399
   12 C3               S   -0.06337  -0.02786   0.00000  -0.01307  -0.01184
   13 C3               X    0.18610   0.10538   0.00000   0.27434  -0.01139
   14 C3               Y   -0.00503   0.21259   0.00000  -0.12618  -0.05197
   15 C3               Z    0.00000   0.00000  -0.30770   0.00000   0.00000
   16 C4               S   -0.00853   0.01657   0.00000  -0.00450  -0.01537
   17 C4               S    0.03021  -0.05760   0.00000   0.02122   0.06288
   18 C4               X   -0.18591  -0.02620   0.00000  -0.27928  -0.15825
   19 C4               Y    0.05455  -0.15329   0.00000   0.13380  -0.13673
   20 C4               Z    0.00000   0.00000  -0.26824   0.00000   0.00000
   21 C5               S    0.00552  -0.00515   0.00000  -0.00597   0.00941
   22 C5               S   -0.01541   0.01779   0.00000   0.01373  -0.03345
   23 C5               X   -0.11171   0.12411   0.00000   0.23582  -0.03654
   24 C5               Y   -0.10465   0.17125   0.00000  -0.12298   0.10286
   25 C5               Z    0.00000   0.00000  -0.30932   0.00000   0.00000
   26 H6               S   -0.02672   0.00826   0.00000  -0.26136  -0.03665
   27 H7               S   -0.01453  -0.19179   0.00000   0.12391   0.02916
   28 H8               S    0.02672   0.00826   0.00000  -0.26136   0.03665
   29 C9               S    0.00998  -0.01517   0.00000  -0.00547   0.00448
   30 C9               S   -0.02088   0.06495   0.00000   0.02922  -0.02065
   31 C9               X    0.27792   0.20775   0.00000   0.18698   0.04083
   32 C9               Y   -0.16092  -0.08238   0.00000   0.04208   0.25345
   33 C9               Z    0.00000   0.00000  -0.25983   0.00000   0.00000
   34 C10              S    0.00731   0.00650   0.00000   0.00519  -0.00590
   35 C10              S   -0.00491  -0.01008   0.00000  -0.00875   0.02079
   36 C10              X   -0.31044  -0.07911   0.00000  -0.15982  -0.06771
   37 C10              Y    0.01331   0.26267   0.00000  -0.01302  -0.28449
   38 C10              Z    0.00000   0.00000  -0.07619   0.00000   0.00000
   39 H11              S    0.07211   0.24484   0.00000  -0.00751  -0.26415
   40 H12              S    0.14615   0.11240   0.00000   0.00186  -0.23597
   41 H13              S    0.19634  -0.09882   0.00000   0.12332   0.23941
   42 C14              S   -0.00998  -0.01517   0.00000  -0.00547  -0.00448
   43 C14              S    0.02088   0.06495   0.00000   0.02922   0.02065
   44 C14              X    0.27792  -0.20775   0.00000  -0.18698   0.04083
   45 C14              Y   -0.16092   0.08238   0.00000  -0.04208   0.25345
   46 C14              Z    0.00000   0.00000  -0.25983   0.00000   0.00000
   47 H15              S   -0.14615   0.11240   0.00000   0.00186   0.23597
   48 C16              S   -0.00731   0.00650   0.00000   0.00519   0.00590
   49 C16              S    0.00491  -0.01008   0.00000  -0.00875  -0.02079
   50 C16              X   -0.31044   0.07911   0.00000   0.15982  -0.06771
   51 C16              Y    0.01331  -0.26267   0.00000   0.01302  -0.28449
   52 C16              Z    0.00000   0.00000  -0.07619   0.00000   0.00000
   53 H17              S   -0.07211   0.24484   0.00000  -0.00751   0.26415
   54 H18              S   -0.19634  -0.09882   0.00000   0.12332  -0.23941
   55 C19              S   -0.01722   0.00533   0.00000   0.00450  -0.00399
   56 C19              S    0.06337  -0.02786   0.00000  -0.01307   0.01184
   57 C19              X    0.18610  -0.10538   0.00000  -0.27434  -0.01139
   58 C19              Y   -0.00503  -0.21259   0.00000   0.12618  -0.05197
   59 C19              Z    0.00000   0.00000  -0.30770   0.00000   0.00000
   60 H20              S    0.01453  -0.19179   0.00000   0.12391  -0.02916
   
                             31        32        33        34
  eigenvalues-             -0.61499  -0.56107  -0.50194  -0.48906
  occupations-              1.00000   1.00000   1.00000   1.00000
    1 C1               S    0.01512   0.00000   0.00000   0.00000
    2 C1               S   -0.06498   0.00000   0.00000   0.00000
    3 C1               X   -0.09410   0.00000   0.00000   0.00000
    4 C1               Y   -0.24122   0.00000   0.00000   0.00000
    5 C1               Z    0.00000  -0.25072  -0.00131  -0.02649
    6 C2               S   -0.00326   0.00000   0.00000   0.00000
    7 C2               S    0.01034   0.00000   0.00000   0.00000
    8 C2               X    0.03976   0.00000   0.00000   0.00000
    9 C2               Y    0.22854   0.00000   0.00000   0.00000
   10 C2               Z    0.00000  -0.07559  -0.46265   0.24248
   11 C3               S    0.00620   0.00000   0.00000   0.00000
   12 C3               S   -0.01797   0.00000   0.00000   0.00000
   13 C3               X   -0.04802   0.00000   0.00000   0.00000
   14 C3               Y   -0.16971   0.00000   0.00000   0.00000
   15 C3               Z    0.00000   0.07311  -0.45869   0.24106
   16 C4               S    0.01512   0.00000   0.00000   0.00000
   17 C4               S   -0.06498   0.00000   0.00000   0.00000
   18 C4               X    0.09410   0.00000   0.00000   0.00000
   19 C4               Y    0.24122   0.00000   0.00000   0.00000
   20 C4               Z    0.00000   0.25072   0.00131  -0.02649
   21 C5               S   -0.00326   0.00000   0.00000   0.00000
   22 C5               S    0.01034   0.00000   0.00000   0.00000
   23 C5               X   -0.03976   0.00000   0.00000   0.00000
   24 C5               Y   -0.22854   0.00000   0.00000   0.00000
   25 C5               Z    0.00000   0.07559   0.46265   0.24248
   26 H6               S   -0.05360   0.00000   0.00000   0.00000
   27 H7               S    0.17605   0.00000   0.00000   0.00000
   28 H8               S   -0.05360   0.00000   0.00000   0.00000
   29 C9               S    0.00545   0.00000   0.00000   0.00000
   30 C9               S   -0.01865   0.00000   0.00000   0.00000
   31 C9               X   -0.08199   0.00000   0.00000   0.00000
   32 C9               Y   -0.23776   0.00000   0.00000   0.00000
   33 C9               Z    0.00000   0.53383  -0.00414  -0.52420
   34 C10              S    0.00466   0.00000   0.00000   0.00000
   35 C10              S   -0.01833   0.00000   0.00000   0.00000
   36 C10              X    0.05891   0.00000   0.00000   0.00000
   37 C10              Y    0.20694   0.00000   0.00000   0.00000
   38 C10              Z    0.00000   0.18032   0.00122  -0.20079
   39 H11              S    0.19730   0.00000   0.00000   0.00000
   40 H12              S    0.21508   0.00000   0.00000   0.00000
   41 H13              S   -0.18801   0.00000   0.00000   0.00000
   42 C14              S    0.00545   0.00000   0.00000   0.00000
   43 C14              S   -0.01865   0.00000   0.00000   0.00000
   44 C14              X    0.08199   0.00000   0.00000   0.00000
   45 C14              Y    0.23776   0.00000   0.00000   0.00000
   46 C14              Z    0.00000  -0.53383   0.00414  -0.52420
   47 H15              S    0.21508   0.00000   0.00000   0.00000
   48 C16              S    0.00466   0.00000   0.00000   0.00000
   49 C16              S   -0.01833   0.00000   0.00000   0.00000
   50 C16              X   -0.05891   0.00000   0.00000   0.00000
   51 C16              Y   -0.20694   0.00000   0.00000   0.00000
   52 C16              Z    0.00000  -0.18032  -0.00122  -0.20079
   53 H17              S    0.19730   0.00000   0.00000   0.00000
   54 H18              S   -0.18801   0.00000   0.00000   0.00000
   55 C19              S    0.00620   0.00000   0.00000   0.00000
   56 C19              S   -0.01797   0.00000   0.00000   0.00000
   57 C19              X    0.04802   0.00000   0.00000   0.00000
   58 C19              Y    0.16971   0.00000   0.00000   0.00000
   59 C19              Z    0.00000  -0.07311   0.45869   0.24106
   60 H20              S    0.17605   0.00000   0.00000   0.00000
   
  
  Peak memory usage:    515 Mb
  
  end of program post
   
 Time(post)  user:        0.0  user+sys:        0.0  wallclock:        0.1

 Total cpu seconds     user:       5.000   user+sys:       5.000
  
 Total elapsed time:    8 seconds

Job dvb_un_sp_hf completed on silenziosa at Wed Apr  9 23:04:12 2014
