Job dvb_ir started on silenziosa at Tue Apr  8 11:49:36 2014
jobid: silenziosa-0-53441a90

  +--------------------------------------------------------------------+
  |  Jaguar version 8.3, release  13                                   |
  |                                                                    |
  |  Copyright Schrodinger, Inc.                                       |
  |  All Rights Reserved.                                              |
  |                                                                    |
  |  The following have contributed to Jaguar (listed alphabetically): |
  |  Mike Beachy, Art Bochevarov, Dale Braden, Yixiang Cao,            |
  |  Chris Cortis, Rich Friesner, Bill Goddard, Hod Greeley,           |
  |  Tom Hughes, Jean-Marc Langlois, Daniel Mainz, Rob Murphy,         |
  |  Dean Philipp, Tom Pollard, Murco Ringnalda.                       |
  |                                                                    |
  |  Use of this program should be acknowledged in publications as:    |
  |                                                                    |
  |  Jaguar, version 8.3, Schrodinger, Inc., New York, NY, 2014.       |
  |                                                                    |
  |  A. D. Bochevarov, E. Harder, T. F. Hughes, J. R. Greenwood,       |
  |  D. A. Braden, D. M. Philipp, D. Rinaldo, M. D. Halls,             |
  |  J. Zhang, R. A. Friesner, "Jaguar: A High-Performance Quantum     |
  |  Chemistry Software Program with Strengths in Life and Materials   |
  |  Sciences", Int. J. Quantum Chem., 2013, 113(18), 2110-2142.       |
  +--------------------------------------------------------------------+
  
  start of program pre
  
  Job name: dvb_ir
  Executables used: /usr/local/lib/schrodinger2014-1/jaguar-v83013/bin/Linux-x86_64
  Temporary files : /home/kml/dvb_ir
  Maestro file (input):  dvb_ir.mae
  Maestro file (output): dvb_ir.01.mae
  
  
  basis set:             sto-3g          
  net molecular charge:    0
  multiplicity:            1
  
  number of basis functions....           60
  no dealiasing set available for atom            1
  switch to all-analytic calculation
  
 Input geometry:
                                   angstroms
  atom               x                 y                 z
  C1            0.2694810000     -1.4100870000      0.0000000000 
  C2           -1.0647520000     -0.9207000000      0.0000000000 
  C3           -1.3254340000      0.4570290000      0.0000000000 
  C4           -0.2694810000      1.4100870000      0.0000000000 
  C5            1.0647520000      0.9207000000      0.0000000000 
  H6           -1.9044340000     -1.6275960000      0.0000000000 
  H7           -2.3647720000      0.8131670000      0.0000000000 
  H8            1.9044340000      1.6275960000      0.0000000000 
  C9           -0.6037320000      2.8699170000      0.0000000000 
  C10           0.2694810000      3.8919520000      0.0000000000 
  H11           1.3551660000      3.7420140000      0.0000000000 
  H12          -1.6819040000      3.0900050000      0.0000000000 
  H13          -0.0740290000      4.9329690000      0.0000000000 
  C14           0.6037320000     -2.8699170000      0.0000000000 
  H15           1.6819040000     -3.0900050000      0.0000000000 
  C16          -0.2694810000     -3.8919520000      0.0000000000 
  H17          -1.3551660000     -3.7420140000      0.0000000000 
  H18           0.0740290000     -4.9329690000      0.0000000000 
  C19           1.3254340000     -0.4570290000      0.0000000000 
  H20           2.3647720000     -0.8131670000      0.0000000000 
   
  principal moments of inertia:
        amu*angstrom^2:      109.23594      737.84464      847.08058
                g*cm^2: 1.81390525E-38 1.22521969E-37 1.40661022E-37
   
  rotational constants:
               cm^(-1):      0.15432310      0.02284713      0.01990086
                   GHz:      4.62649016      0.68493959      0.59661267
   
  Molecular weight:     130.08 amu
   
  Stoichiometry: C10H10
  Molecular Point Group: C2h     
	Molecule translated to center of mass 
	Molecule reoriented along symmetry axes
  Point Group used: C2h
  
  
 Symmetrized geometry:
                                   angstroms
  atom               x                 y                 z
  C1            0.2694810000     -1.4100870000      0.0000000000 
  C2           -1.0647520000     -0.9207000000      0.0000000000 
  C3           -1.3254340000      0.4570290000      0.0000000000 
  C4           -0.2694810000      1.4100870000      0.0000000000 
  C5            1.0647520000      0.9207000000      0.0000000000 
  H6           -1.9044340000     -1.6275960000      0.0000000000 
  H7           -2.3647720000      0.8131670000      0.0000000000 
  H8            1.9044340000      1.6275960000      0.0000000000 
  C9           -0.6037320000      2.8699170000      0.0000000000 
  C10           0.2694810000      3.8919520000      0.0000000000 
  H11           1.3551660000      3.7420140000      0.0000000000 
  H12          -1.6819040000      3.0900050000      0.0000000000 
  H13          -0.0740290000      4.9329690000      0.0000000000 
  C14           0.6037320000     -2.8699170000      0.0000000000 
  H15           1.6819040000     -3.0900050000      0.0000000000 
  C16          -0.2694810000     -3.8919520000      0.0000000000 
  H17          -1.3551660000     -3.7420140000      0.0000000000 
  H18           0.0740290000     -4.9329690000      0.0000000000 
  C19           1.3254340000     -0.4570290000      0.0000000000 
  H20           2.3647720000     -0.8131670000      0.0000000000 
   
  nuclear repulsion energy.......     445.899315474 hartrees
 
 Non-default options chosen:
   SCF calculation type: DFT(b3lyp)                  
   DFT=Becke_3_Parameter/HF+Slater+Becke88+VWN+LYP (B3LYP)
   Vibrational frequencies and related properties will be computed
      from analytic second derivatives
   IR intensities will be computed
  
 Temporary integer options set:
     73=  2
  
  Peak memory usage:    479 Mb
  
  end of program pre
   
 Time(pre)  user:        0.0  user+sys:        0.0  wallclock:        0.1
  
  start of program onee
  
  smallest eigenvalue of S:    1.814E-01
  number of canonical orbitals.....           60
  Peak memory usage:    621 Mb
  
  end of program onee
   
 Time(onee)  user:        0.0  user+sys:        0.0  wallclock:        0.1
  
  start of program hfig
  
  initial wavefunction generated automatically from atomic wavefunctions
 
  Irreducible     Total no   No of occupied orbitals 
  representation  orbitals   Shell_1  Shell_2    ...
  Ag                25         15
  Bg                 5          3
  Au                 5          2
  Bu                25         15
  ------------------------
  Orbital occupation/shell    1.000
 
  Peak memory usage:    561 Mb
  
  end of program hfig
   
 Time(hfig)  user:        0.0  user+sys:        0.0  wallclock:        0.3
  
  start of program probe
  
  Peak memory usage:    560 Mb
  
  end of program probe
   
 Time(probe)  user:        0.0  user+sys:        0.0  wallclock:        0.1
  
  start of program grid
  
  
   grid     grid set  grid #  grid sym
  ------    --------  ------  --------
  coarse        0        0        1
  medium        0        0        1
  fine          0        0        1
  ultrafine     0        0        1
  charge        0        0        1
  gradient      0        0        1
  density       0        0        1
  DFT-fine    -11        1        4
  DFT-med.    -10        2        4
  DFT-grad    -12        3        4
  DFT-der2     -8        4        4
  DFT-cphf     -9        5        4
  LMP2-enrg     0        0        1
  LMP2-grad     0        0        1
  DFT-cphf2   -15        6        4
  PBF-dens      0        0        1
  plotting      0        0        1
  
   
  number of gridpoints: 
     atom        C1       C2       C3       C4       C5       H6       H7
  grid # 1        0        0        0     2430     2430        0        0
  grid # 2        0        0        0      756      756        0        0
  grid # 3        0        0        0     3001     3001        0        0
  grid # 4        0        0        0     6859     6859        0        0
  grid # 5        0        0        0      426      426        0        0
  grid # 6        0        0        0      229      229        0        0
   
  number of gridpoints: 
     atom        H8       C9      C10      H11      H12      H13      C14
  grid # 1     2430     2430     2430     2430        0     2430        0
  grid # 2      756      756      756      756        0      756        0
  grid # 3     3001     3001     3001     3001        0     3001        0
  grid # 4     7413     6859     6859     7413        0     7413        0
  grid # 5      464      426      426      464        0      464        0
  grid # 6      245      229      229      245        0      245        0
   
  number of gridpoints: 
     atom       H15      C16      H17      H18      C19      H20    total
  grid # 1     2430        0        0        0     2430     2430    24300
  grid # 2      756        0        0        0      756      756     7560
  grid # 3     3001        0        0        0     3001     3001    30010
  grid # 4     7413        0        0        0     6859     7413    71360
  grid # 5      464        0        0        0      426      464     4450
  grid # 6      245        0        0        0      229      245     2370
   
  Peak memory usage:    602 Mb
  
  end of program grid
   
 Time(grid)  user:        1.0  user+sys:        1.0  wallclock:        1.1
  
  start of program scf
  
 number of electrons..........         70
 number of alpha electrons....         35
 number of beta electrons.....         35
 number of orbitals, total....         60
 number of doubly-occ'd orbs..         35
 number of open shell orbs....          0
 number of occupied orbitals..         35
 number of virtual orbitals...         25
 number of hamiltonians.......          1
 number of shells.............          1
 SCF type: DFT=Becke_3_Parameter/HF+Slater+Becke88+VWN+LYP (B3LYP)
  
       i  u  d  i  g                   
       t  p  i  c  r                                 RMS    maximum
       e  d  i  u  i                       energy  density   DIIS  
       r  t  s  t  d       total energy    change  change    error 
  
etot    1  N  N  0  N    -382.08746987005           2.3E-03  1.4E-01
etot    2  Y  Y  0  N    -382.27478844306  1.9E-01  1.4E-03  5.7E-02
etot    3  N  Y  0  N    -382.30452300768  3.0E-02  4.8E-04  1.1E-02
etot    4  Y  Y  0  N    -382.30785277263  3.3E-03  1.3E-04  5.1E-03
etot    5  Y  Y  0  N    -382.30826743051  4.1E-04  1.2E-05  2.3E-04
etot    6  N  Y  0  N    -382.30825840593 -9.0E-06  3.6E-06  1.6E-04
etot    7  N  N  0  N    -382.30825874526  3.4E-07  0.0E+00  0.0E+00
  
  
 Energy components, in hartrees:
   (A)  Nuclear repulsion............     445.89931547414
   (E)  Total one-electron terms.....   -1400.56641035836
   (I)  Total two-electron terms.....     572.35883613897
   (J)    Coulomb....................     630.20248356826
   (K)    Exchange+Correlation.......     -57.84364742930
   (L)  Electronic energy............    -828.20757421939  (E+I)
   (N)  Total energy.................    -382.30825874526  (A+L)
  
 SCFE: SCF energy: DFT(b3lyp)      -382.30825874526 hartrees   iterations:   7
  
 
 HOMO energy:    -0.15309
 LUMO energy:     0.03742
 
  Orbital energies (hartrees)/symmetry label: 
   -10.02029 Bu        -10.02024 Ag        -10.00820 Bu        -10.00820 Ag     
   -10.00679 Bu        -10.00679 Ag        -10.00610 Bu        -10.00595 Ag     
    -9.99219 Bu         -9.99219 Ag         -0.80955 Ag         -0.75400 Bu     
    -0.71796 Ag         -0.69981 Bu         -0.66751 Bu         -0.58871 Ag     
    -0.55895 Ag         -0.53167 Bu         -0.51019 Ag         -0.45746 Ag     
    -0.43937 Bu         -0.41061 Bu         -0.39796 Bu         -0.39605 Ag     
    -0.37399 Bu         -0.35116 Bu         -0.34729 Ag         -0.32455 Au     
    -0.31126 Bu         -0.29281 Ag         -0.28749 Ag         -0.26357 Bg     
    -0.21244 Au         -0.19508 Bg         -0.15309 Bg          0.03742 Au     
     0.09034 Au          0.11062 Bg          0.18218 Au          0.27249 Bg     
     0.33221 Ag          0.34072 Bu          0.37934 Bu          0.38145 Ag     
     0.41098 Ag     
 
  Peak memory usage:    654 Mb
  
  end of program scf
   
 Time(scf)  user:        3.0  user+sys:        3.0  wallclock:        4.0
  
  start of program cutabab2
  
  Peak memory usage:    577 Mb
  
  end of program cutabab2
   
 Time(cutabab2)  user:        0.0  user+sys:        0.0  wallclock:        0.1
  
  start of program der2a
  
  Peak memory usage:    621 Mb
  
  end of program der2a
   
 Time(der2a)  user:        0.0  user+sys:        0.0  wallclock:        0.2
  
  start of program grid
  
  
   Turning symmetry off because some of the
   following programs cannot use it.
  
   grid     grid set  grid #  grid sym
  ------    --------  ------  --------
  coarse        0        0        1
  medium        0        0        1
  fine          0        0        1
  ultrafine     0        0        1
  charge        0        0        1
  gradient      0        0        1
  density       0        0        1
  DFT-fine    -11        1        4
  DFT-med.    -10        2        4
  DFT-grad    -12        3        4
  DFT-der2     -8        4        4
  DFT-cphf     -9        5        4
  LMP2-enrg     0        0        1
  LMP2-grad     0        0        1
  DFT-cphf2   -15        6        4
  PBF-dens      0        0        1
  plotting      0        0        1
  
   
  number of gridpoints: 
     atom        C1       C2       C3       C4       C5       H6       H7
  grid # 1     4304     4304     4304     4304     4304     4304     4304
  grid # 2     1192     1192     1192     1192     1192     1192     1192
  grid # 3     5226     5226     5226     5226     5226     5226     5226
  grid # 4    12650    12650    12650    12650    12650    13718    13718
  grid # 5      688      688      688      688      688      744      744
  grid # 6      358      358      358      358      358      382      382
   
  number of gridpoints: 
     atom        H8       C9      C10      H11      H12      H13      C14
  grid # 1     4304     4304     4304     4304     4304     4304     4304
  grid # 2     1192     1192     1192     1192     1192     1192     1192
  grid # 3     5226     5226     5226     5226     5226     5226     5226
  grid # 4    13718    12650    12650    13718    13718    13718    12650
  grid # 5      744      688      688      744      744      744      688
  grid # 6      382      358      358      382      382      382      358
   
  number of gridpoints: 
     atom       H15      C16      H17      H18      C19      H20    total
  grid # 1     4304     4304     4304     4304     4304     4304    86080
  grid # 2     1192     1192     1192     1192     1192     1192    23840
  grid # 3     5226     5226     5226     5226     5226     5226   104520
  grid # 4    13718    12650    13718    13718    12650    13718   263680
  grid # 5      744      688      744      744      688      744    14320
  grid # 6      382      358      382      382      358      382     7400
   
  Peak memory usage:    602 Mb
  
  end of program grid
   
 Time(grid)  user:        3.0  user+sys:        3.0  wallclock:        3.9
  
  start of program der2b
  
  Peak memory usage:    778 Mb
  
  end of program der2b
   
 Time(der2b)  user:       18.0  user+sys:       18.0  wallclock:       19.1
  
  start of program der2nda
  
 
  Peak memory usage:    621 Mb
  
  end of program der2nda
   
 Time(der2nda)  user:        0.0  user+sys:        0.0  wallclock:        0.2
  
  start of program der2ndb
  
  Peak memory usage:    593 Mb
  
  end of program der2ndb
   
 Time(der2ndb)  user:       44.0  user+sys:       44.0  wallclock:       45.5
  
  start of program cphfa
  
       1  vectors produced in CPHF
  
     v    i  j  k  i  g
     e    t  c  c  c  r
     c    e  o  o  u  i
     t    r  r  r  t  d       RMS  
  
     1    1  5  2  0  N     2.5E-02
     1    2  5  2  0  N     1.2E-03
     1    3  5  2  0  N     3.8E-04
     1    4  5  2  0  N     1.6E-04
     1    5  5  2  0  N     3.3E-05
  
  
  Atomic Polar Tensors (au): Total
  =========================
  
  APT for atom C1      
  --------------------------------------
       -0.1515       0.0645       0.0000
       -0.0076       0.1879       0.0000
        0.0000       0.0000       0.0275
  --------------------------------------
  
  APT for atom C2      
  --------------------------------------
       -0.0460       0.1116       0.0000
        0.1006      -0.1098       0.0000
        0.0000       0.0000      -0.0831
  --------------------------------------
  
  APT for atom C3      
  --------------------------------------
        0.0314      -0.0695       0.0000
       -0.0768      -0.1893       0.0000
        0.0000       0.0000      -0.0908
  --------------------------------------
  
  APT for atom C4      
  --------------------------------------
       -0.1515       0.0645       0.0000
       -0.0076       0.1879       0.0000
        0.0000       0.0000       0.0275
  --------------------------------------
  
  APT for atom C5      
  --------------------------------------
       -0.0460       0.1116       0.0000
        0.1006      -0.1098       0.0000
        0.0000       0.0000      -0.0831
  --------------------------------------
  
  APT for atom H6      
  --------------------------------------
        0.0626      -0.0092       0.0000
       -0.0105       0.0350       0.0000
        0.0000       0.0000       0.0792
  --------------------------------------
  
  APT for atom H7      
  --------------------------------------
        0.0589       0.0197       0.0000
        0.0129       0.0371       0.0000
        0.0000       0.0000       0.0776
  --------------------------------------
  
  APT for atom H8      
  --------------------------------------
        0.0626      -0.0092       0.0000
       -0.0105       0.0350       0.0000
        0.0000       0.0000       0.0792
  --------------------------------------
  
  APT for atom C9      
  --------------------------------------
        0.0040      -0.3415       0.0000
       -0.0232       0.1900       0.0000
        0.0000       0.0000      -0.0786
  --------------------------------------
  
  APT for atom C10     
  --------------------------------------
       -0.0394       0.0608       0.0000
       -0.0395      -0.2572       0.0000
        0.0000       0.0000      -0.2049
  --------------------------------------
  
  APT for atom H11     
  --------------------------------------
        0.0334       0.1561       0.0000
        0.0209       0.0203       0.0000
        0.0000       0.0000       0.0986
  --------------------------------------
  
  APT for atom H12     
  --------------------------------------
        0.0194       0.0661       0.0000
       -0.0181      -0.0292       0.0000
        0.0000       0.0000       0.0803
  --------------------------------------
  
  APT for atom H13     
  --------------------------------------
        0.0272      -0.0585       0.0000
        0.0413       0.1153       0.0000
        0.0000       0.0000       0.0943
  --------------------------------------
  
  APT for atom C14     
  --------------------------------------
        0.0040      -0.3415       0.0000
       -0.0232       0.1900       0.0000
        0.0000       0.0000      -0.0786
  --------------------------------------
  
  APT for atom H15     
  --------------------------------------
        0.0194       0.0661       0.0000
       -0.0181      -0.0292       0.0000
        0.0000       0.0000       0.0803
  --------------------------------------
  
  APT for atom C16     
  --------------------------------------
       -0.0394       0.0608       0.0000
       -0.0395      -0.2572       0.0000
        0.0000       0.0000      -0.2049
  --------------------------------------
  
  APT for atom H17     
  --------------------------------------
        0.0334       0.1561       0.0000
        0.0209       0.0203       0.0000
        0.0000       0.0000       0.0986
  --------------------------------------
  
  APT for atom H18     
  --------------------------------------
        0.0272      -0.0585       0.0000
        0.0413       0.1153       0.0000
        0.0000       0.0000       0.0943
  --------------------------------------
  
  APT for atom C19     
  --------------------------------------
        0.0314      -0.0695       0.0000
       -0.0768      -0.1893       0.0000
        0.0000       0.0000      -0.0908
  --------------------------------------
  
  APT for atom H20     
  --------------------------------------
        0.0589       0.0197       0.0000
        0.0129       0.0371       0.0000
        0.0000       0.0000       0.0776
  --------------------------------------
  
  Peak memory usage:    729 Mb
  
  end of program cphfa
   
 Time(cphfa)  user:      231.0  user+sys:      231.0  wallclock:      233.9
  
  start of program freq
  
   
  harmonic frequencies in cm**-1, reduced masses in amu,
  force constants in mDyne/A, and
  normal modes in cartesian coordinates:
  IR intensities in km/mol
  
  frequencies        53.46    85.47   149.83   179.44   263.51   298.87
  symmetries       Au       Bg       Au       Bu       Ag       Bg      
  intensities         0.03     0.00     0.37     0.27     0.00     0.00
  reduc. mass         1.90     0.69     1.00     1.42     1.20     0.90
  force const         0.00     0.00     0.01     0.03     0.05     0.05
    C1       X     0.00000  0.00000  0.00000  0.05700  0.06664  0.00000
    C1       Y     0.00000  0.00000  0.00000 -0.00922  0.02572  0.00000
    C1       Z     0.04488  0.05386 -0.02061  0.00000  0.00000 -0.11874
    C2       X     0.00000  0.00000  0.00000  0.06105  0.04595  0.00000
    C2       Y     0.00000  0.00000  0.00000 -0.00514 -0.03641  0.00000
    C2       Z     0.05404  0.08367 -0.06476  0.00000  0.00000 -0.06433
    C3       X     0.00000  0.00000  0.00000  0.06221 -0.03423  0.00000
    C3       Y     0.00000  0.00000  0.00000 -0.01223 -0.05613  0.00000
    C3       Z     0.05810  0.02661 -0.05561  0.00000  0.00000  0.07795
    C4       X     0.00000  0.00000  0.00000  0.05700 -0.06664  0.00000
    C4       Y     0.00000  0.00000  0.00000 -0.00922 -0.02572  0.00000
    C4       Z     0.04489 -0.05386 -0.02061  0.00000  0.00000  0.11874
    C5       X     0.00000  0.00000  0.00000  0.06105 -0.04595  0.00000
    C5       Y     0.00000  0.00000  0.00000 -0.00514  0.03641  0.00000
    C5       Z     0.05404 -0.08367 -0.06476  0.00000  0.00000  0.06434
    H6       X     0.00000  0.00000  0.00000  0.05952  0.08455  0.00000
    H6       Y     0.00000  0.00000  0.00000 -0.00146 -0.07969  0.00000
    H6       Z     0.05799  0.15720 -0.05646  0.00000  0.00000 -0.08356
    H7       X     0.00000  0.00000  0.00000  0.06265 -0.05092  0.00000
    H7       Y     0.00000  0.00000  0.00000 -0.01243 -0.10530  0.00000
    H7       Z     0.06267  0.05299 -0.04228  0.00000  0.00000  0.11883
    H8       X     0.00000  0.00000  0.00000  0.05952 -0.08455  0.00000
    H8       Y     0.00000  0.00000  0.00000 -0.00146  0.07969  0.00000
    H8       Z     0.05800 -0.15720 -0.05646  0.00000  0.00000  0.08356
    C9       X     0.00000  0.00000  0.00000 -0.02969 -0.02993  0.00000
    C9       Y     0.00000  0.00000  0.00000 -0.02945 -0.02429  0.00000
    C9       Z     0.01159 -0.08804  0.12558  0.00000  0.00000 -0.03488
    C10      X     0.00000  0.00000  0.00000 -0.12781  0.06929  0.00000
    C10      Y     0.00000  0.00000  0.00000  0.05253 -0.11011  0.00000
    C10      Z    -0.15104  0.09300  0.00224  0.00000  0.00000 -0.02109
    H11      X     0.00000  0.00000  0.00000 -0.11292  0.05216  0.00000
    H11      Y     0.00000  0.00000  0.00000  0.15685 -0.22668  0.00000
    H11      Z    -0.27199  0.28286 -0.24798  0.00000  0.00000  0.20755
    H12      X     0.00000  0.00000  0.00000 -0.04816 -0.01457  0.00000
    H12      Y     0.00000  0.00000  0.00000 -0.11948  0.04822  0.00000
    H12      Z     0.11423 -0.25127  0.35963  0.00000  0.00000 -0.25901
    H13      X     0.00000  0.00000  0.00000 -0.23192  0.18625  0.00000
    H13      Y     0.00000  0.00000  0.00000  0.01834 -0.07222  0.00000
    H13      Z    -0.17210  0.06205  0.14377  0.00000  0.00000 -0.23573
    C14      X     0.00000  0.00000  0.00000 -0.02969  0.02993  0.00000
    C14      Y     0.00000  0.00000  0.00000 -0.02945  0.02429  0.00000
    C14      Z     0.01159  0.08804  0.12558  0.00000  0.00000  0.03488
    H15      X     0.00000  0.00000  0.00000 -0.04816  0.01457  0.00000
    H15      Y     0.00000  0.00000  0.00000 -0.11948 -0.04822  0.00000
    H15      Z     0.11422  0.25128  0.35963  0.00000  0.00000  0.25901
    C16      X     0.00000  0.00000  0.00000 -0.12781 -0.06929  0.00000
    C16      Y     0.00000  0.00000  0.00000  0.05253  0.11011  0.00000
    C16      Z    -0.15104 -0.09300  0.00224  0.00000  0.00000  0.02109
    H17      X     0.00000  0.00000  0.00000 -0.11292 -0.05216  0.00000
    H17      Y     0.00000  0.00000  0.00000  0.15685  0.22668  0.00000
    H17      Z    -0.27198 -0.28288 -0.24798  0.00000  0.00000 -0.20755
    H18      X     0.00000  0.00000  0.00000 -0.23193 -0.18625  0.00000
    H18      Y     0.00000  0.00000  0.00000  0.01834  0.07222  0.00000
    H18      Z    -0.17210 -0.06205  0.14377  0.00000  0.00000  0.23573
    C19      X     0.00000  0.00000  0.00000  0.06221  0.03423  0.00000
    C19      Y     0.00000  0.00000  0.00000 -0.01223  0.05613  0.00000
    C19      Z     0.05810 -0.02661 -0.05561  0.00000  0.00000 -0.07795
    H20      X     0.00000  0.00000  0.00000  0.06265  0.05092  0.00000
    H20      Y     0.00000  0.00000  0.00000 -0.01243  0.10530  0.00000
    H20      Z     0.06268 -0.05299 -0.04228  0.00000  0.00000 -0.11883
  
  frequencies       407.65   424.37   467.99   486.78   578.54   656.39
  symmetries       Ag       Au       Au       Bu       Ag       Bg      
  intensities         0.00     0.10     5.80     1.90     0.00     0.00
  reduc. mass         1.16     1.60     1.13     0.90     1.00     0.64
  force const         0.11     0.17     0.15     0.13     0.20     0.16
    C1       X    -0.06373  0.00000  0.00000  0.02235 -0.03626  0.00000
    C1       Y     0.05938  0.00000  0.00000  0.03376 -0.07014  0.00000
    C1       Z     0.00000  0.01055  0.13158  0.00000  0.00000 -0.02609
    C2       X    -0.07097  0.00000  0.00000  0.04158 -0.01414  0.00000
    C2       Y     0.02756  0.00000  0.00000  0.05800  0.01279  0.00000
    C2       Z     0.00000 -0.12503 -0.04083  0.00000  0.00000  0.07891
    C3       X     0.00210  0.00000  0.00000  0.04072  0.07824  0.00000
    C3       Y     0.02391  0.00000  0.00000  0.04877  0.04022  0.00000
    C3       Z     0.00000  0.12098 -0.06200  0.00000  0.00000 -0.08224
    C4       X     0.06373  0.00000  0.00000  0.02235  0.03626  0.00000
    C4       Y    -0.05938  0.00000  0.00000  0.03376  0.07014  0.00000
    C4       Z     0.00000  0.01055  0.13158  0.00000  0.00000  0.02609
    C5       X     0.07097  0.00000  0.00000  0.04158  0.01414  0.00000
    C5       Y    -0.02756  0.00000  0.00000  0.05800 -0.01279  0.00000
    C5       Z     0.00000 -0.12503 -0.04083  0.00000  0.00000 -0.07891
    H6       X    -0.07348  0.00000  0.00000  0.04273 -0.09566  0.00000
    H6       Y     0.03167  0.00000  0.00000  0.05692  0.10829  0.00000
    H6       Z     0.00000 -0.28008 -0.18977  0.00000  0.00000  0.13352
    H7       X     0.03517  0.00000  0.00000  0.04470  0.08346  0.00000
    H7       Y     0.11611  0.00000  0.00000  0.05532  0.05346  0.00000
    H7       Z     0.00000  0.23278 -0.22560  0.00000  0.00000 -0.11254
    H8       X     0.07348  0.00000  0.00000  0.04273  0.09565  0.00000
    H8       Y    -0.03167  0.00000  0.00000  0.05692 -0.10829  0.00000
    H8       Z     0.00000 -0.28008 -0.18977  0.00000  0.00000 -0.13352
    C9       X     0.00003  0.00000  0.00000 -0.09709 -0.10350  0.00000
    C9       Y    -0.11044  0.00000  0.00000 -0.01653  0.05336  0.00000
    C9       Z     0.00000 -0.00264  0.04409  0.00000  0.00000  0.09718
    C10      X    -0.03695  0.00000  0.00000 -0.01548 -0.01224  0.00000
    C10      Y    -0.09170  0.00000  0.00000 -0.10314 -0.03489  0.00000
    C10      Z     0.00000  0.00096 -0.01869  0.00000  0.00000 -0.01616
    H11      X    -0.03452  0.00000  0.00000 -0.04099 -0.04314  0.00000
    H11      Y    -0.06777  0.00000  0.00000 -0.27609 -0.25458  0.00000
    H11      Z     0.00000  0.02881  0.16228  0.00000  0.00000  0.20695
    H12      X    -0.00874  0.00000  0.00000 -0.09846 -0.10881  0.00000
    H12      Y    -0.16300  0.00000  0.00000 -0.03272  0.02655  0.00000
    H12      Z     0.00000 -0.01399 -0.13607  0.00000  0.00000 -0.12951
    H13      X    -0.06523  0.00000  0.00000  0.14638  0.19187  0.00000
    H13      Y    -0.10235  0.00000  0.00000 -0.05186  0.03120  0.00000
    H13      Z     0.00000 -0.02497 -0.25554  0.00000  0.00000 -0.35734
    C14      X    -0.00003  0.00000  0.00000 -0.09709  0.10350  0.00000
    C14      Y     0.11044  0.00000  0.00000 -0.01653 -0.05336  0.00000
    C14      Z     0.00000 -0.00264  0.04409  0.00000  0.00000 -0.09718
    H15      X     0.00874  0.00000  0.00000 -0.09846  0.10881  0.00000
    H15      Y     0.16300  0.00000  0.00000 -0.03272 -0.02655  0.00000
    H15      Z     0.00000 -0.01399 -0.13607  0.00000  0.00000  0.12951
    C16      X     0.03695  0.00000  0.00000 -0.01548  0.01224  0.00000
    C16      Y     0.09170  0.00000  0.00000 -0.10314  0.03488  0.00000
    C16      Z     0.00000  0.00096 -0.01869  0.00000  0.00000  0.01616
    H17      X     0.03452  0.00000  0.00000 -0.04099  0.04314  0.00000
    H17      Y     0.06777  0.00000  0.00000 -0.27609  0.25458  0.00000
    H17      Z     0.00000  0.02880  0.16228  0.00000  0.00000 -0.20695
    H18      X     0.06523  0.00000  0.00000  0.14638 -0.19187  0.00000
    H18      Y     0.10235  0.00000  0.00000 -0.05186 -0.03120  0.00000
    H18      Z     0.00000 -0.02497 -0.25555  0.00000  0.00000  0.35734
    C19      X    -0.00210  0.00000  0.00000  0.04072 -0.07824  0.00000
    C19      Y    -0.02391  0.00000  0.00000  0.04877 -0.04022  0.00000
    C19      Z     0.00000  0.12098 -0.06200  0.00000  0.00000  0.08224
    H20      X    -0.03517  0.00000  0.00000  0.04470 -0.08346  0.00000
    H20      Y    -0.11611  0.00000  0.00000  0.05532 -0.05346  0.00000
    H20      Z     0.00000  0.23278 -0.22560  0.00000  0.00000  0.11254
  
  frequencies       673.71   706.50   735.18   810.36   862.76   895.38
  symmetries       Ag       Au       Bu       Bg       Ag       Bg      
  intensities         0.00     0.44     4.35     0.00     0.00     0.00
  reduc. mass         2.31     0.43     1.16     1.60     1.48     0.29
  force const         0.62     0.13     0.37     0.62     0.65     0.14
    C1       X     0.04032  0.00000 -0.00165  0.00000  0.00836  0.00000
    C1       Y     0.00084  0.00000  0.01001  0.00000 -0.03619  0.00000
    C1       Z     0.00000 -0.07027  0.00000  0.14294  0.00000  0.00067
    C2       X     0.05912  0.00000  0.01572  0.00000  0.11661  0.00000
    C2       Y     0.12411  0.00000 -0.07327  0.00000  0.03674  0.00000
    C2       Z     0.00000 -0.01628  0.00000 -0.05778  0.00000 -0.06924
    C3       X    -0.09106  0.00000  0.03999  0.00000  0.11633  0.00000
    C3       Y     0.09639  0.00000 -0.07428  0.00000  0.00078  0.00000
    C3       Z     0.00000 -0.01285  0.00000  0.05822  0.00000 -0.06480
    C4       X    -0.04032  0.00000 -0.00165  0.00000 -0.00836  0.00000
    C4       Y    -0.00084  0.00000  0.01001  0.00000  0.03619  0.00000
    C4       Z     0.00000 -0.07027  0.00000 -0.14294  0.00000 -0.00068
    C5       X    -0.05912  0.00000  0.01572  0.00000 -0.11661  0.00000
    C5       Y    -0.12411  0.00000 -0.07327  0.00000 -0.03674  0.00000
    C5       Z     0.00000 -0.01628  0.00000  0.05778  0.00000  0.06924
    H6       X     0.08235  0.00000  0.05019  0.00000  0.07093  0.00000
    H6       Y     0.09700  0.00000 -0.11080  0.00000  0.10187  0.00000
    H6       Z     0.00000  0.25126  0.00000 -0.15132  0.00000  0.44569
    H7       X    -0.10606  0.00000  0.02238  0.00000  0.09039  0.00000
    H7       Y     0.05428  0.00000 -0.12505  0.00000 -0.09627  0.00000
    H7       Z     0.00000  0.25643  0.00000  0.15813  0.00000  0.43573
    H8       X    -0.08235  0.00000  0.05019  0.00000 -0.07093  0.00000
    H8       Y    -0.09700  0.00000 -0.11080  0.00000 -0.10187  0.00000
    H8       Z     0.00000  0.25126  0.00000  0.15132  0.00000 -0.44574
    C9       X    -0.02083  0.00000 -0.07435  0.00000  0.03812  0.00000
    C9       Y     0.00365  0.00000  0.10065  0.00000 -0.05087  0.00000
    C9       Z     0.00000  0.09561  0.00000  0.06736  0.00000 -0.00001
    C10      X    -0.01496  0.00000  0.00532  0.00000 -0.00025  0.00000
    C10      Y    -0.00881  0.00000  0.05063  0.00000 -0.03561  0.00000
    C10      Z     0.00000 -0.01385  0.00000 -0.00609  0.00000 -0.00158
    H11      X    -0.01994  0.00000 -0.02065  0.00000  0.01771  0.00000
    H11      Y    -0.04513  0.00000 -0.14878  0.00000  0.10014  0.00000
    H11      Z     0.00000  0.20718  0.00000  0.11370  0.00000 -0.01142
    H12      X    -0.02167  0.00000 -0.07819  0.00000  0.04140  0.00000
    H12      Y    -0.00048  0.00000  0.10291  0.00000 -0.05258  0.00000
    H12      Z     0.00000 -0.14788  0.00000 -0.08715  0.00000  0.00092
    H13      X     0.01371  0.00000  0.20457  0.00000 -0.14933  0.00000
    H13      Y     0.00033  0.00000  0.11804  0.00000 -0.08605  0.00000
    H13      Z     0.00000 -0.35692  0.00000 -0.22324  0.00000  0.01810
    C14      X     0.02083  0.00000 -0.07435  0.00000 -0.03812  0.00000
    C14      Y    -0.00365  0.00000  0.10065  0.00000  0.05087  0.00000
    C14      Z     0.00000  0.09561  0.00000 -0.06736  0.00000  0.00001
    H15      X     0.02167  0.00000 -0.07819  0.00000 -0.04140  0.00000
    H15      Y     0.00048  0.00000  0.10291  0.00000  0.05258  0.00000
    H15      Z     0.00000 -0.14788  0.00000  0.08715  0.00000 -0.00092
    C16      X     0.01496  0.00000  0.00532  0.00000  0.00025  0.00000
    C16      Y     0.00881  0.00000  0.05063  0.00000  0.03561  0.00000
    C16      Z     0.00000 -0.01385  0.00000  0.00609  0.00000  0.00158
    H17      X     0.01994  0.00000 -0.02065  0.00000 -0.01771  0.00000
    H17      Y     0.04513  0.00000 -0.14878  0.00000 -0.10014  0.00000
    H17      Z     0.00000  0.20718  0.00000 -0.11370  0.00000  0.01143
    H18      X    -0.01371  0.00000  0.20457  0.00000  0.14933  0.00000
    H18      Y    -0.00033  0.00000  0.11804  0.00000  0.08605  0.00000
    H18      Z     0.00000 -0.35692  0.00000  0.22324  0.00000 -0.01812
    C19      X     0.09106  0.00000  0.03999  0.00000 -0.11633  0.00000
    C19      Y    -0.09639  0.00000 -0.07428  0.00000 -0.00078  0.00000
    C19      Z     0.00000 -0.01285  0.00000 -0.05822  0.00000  0.06480
    H20      X     0.10606  0.00000  0.02238  0.00000 -0.09039  0.00000
    H20      Y    -0.05428  0.00000 -0.12505  0.00000  0.09627  0.00000
    H20      Z     0.00000  0.25643  0.00000 -0.15813  0.00000 -0.43577
  
  frequencies       897.42   980.12   980.23  1019.68  1038.21  1073.61
  symmetries       Au       Bg       Au       Bg       Au       Bu      
  intensities        26.34     0.00    36.29     0.00     0.02     0.59
  reduc. mass         0.46     0.52     0.52     0.28     0.35     1.44
  force const         0.22     0.30     0.30     0.17     0.22     0.98
    C1       X     0.00000  0.00000  0.00000  0.00000  0.00000  0.01012
    C1       Y     0.00000  0.00000  0.00000  0.00000  0.00000 -0.02600
    C1       Z    -0.09567 -0.00359  0.00484 -0.01770  0.00036  0.00000
    C2       X     0.00000  0.00000  0.00000  0.00000  0.00000  0.10819
    C2       Y     0.00000  0.00000  0.00000  0.00000  0.00000  0.03752
    C2       Z     0.06175 -0.00095 -0.00347  0.06532  0.07392  0.00000
    C3       X     0.00000  0.00000  0.00000  0.00000  0.00000 -0.12430
    C3       Y     0.00000  0.00000  0.00000  0.00000  0.00000 -0.00194
    C3       Z     0.05686  0.00010  0.00016 -0.06627 -0.07499  0.00000
    C4       X     0.00000  0.00000  0.00000  0.00000  0.00000  0.01012
    C4       Y     0.00000  0.00000  0.00000  0.00000  0.00000 -0.02600
    C4       Z    -0.09567  0.00360  0.00483  0.01770  0.00036  0.00000
    C5       X     0.00000  0.00000  0.00000  0.00000  0.00000  0.10819
    C5       Y     0.00000  0.00000  0.00000  0.00000  0.00000  0.03752
    C5       Z     0.06175  0.00095 -0.00347 -0.06532  0.07392  0.00000
    H6       X     0.00000  0.00000  0.00000  0.00000  0.00000  0.24026
    H6       Y     0.00000  0.00000  0.00000  0.00000  0.00000 -0.11130
    H6       Z    -0.35741  0.01107  0.01858 -0.43203 -0.41978  0.00000
    H7       X     0.00000  0.00000  0.00000  0.00000  0.00000 -0.18355
    H7       Y     0.00000  0.00000  0.00000  0.00000  0.00000 -0.15696
    H7       Z    -0.35273 -0.00224 -0.00461  0.44679  0.43294  0.00000
    H8       X     0.00000  0.00000  0.00000  0.00000  0.00000  0.24026
    H8       Y     0.00000  0.00000  0.00000  0.00000  0.00000 -0.11130
    H8       Z    -0.35736 -0.01105  0.01859  0.43203 -0.41977  0.00000
    C9       X     0.00000  0.00000  0.00000  0.00000  0.00000  0.00409
    C9       Y     0.00000  0.00000  0.00000  0.00000  0.00000 -0.00175
    C9       Z     0.04751 -0.03583 -0.03640 -0.00968 -0.00040  0.00000
    C10      X     0.00000  0.00000  0.00000  0.00000  0.00000 -0.00765
    C10      Y     0.00000  0.00000  0.00000  0.00000  0.00000  0.01838
    C10      Z    -0.00124  0.10297  0.10286  0.00165  0.00231  0.00000
    H11      X     0.00000  0.00000  0.00000  0.00000  0.00000 -0.01834
    H11      Y     0.00000  0.00000  0.00000  0.00000  0.00000 -0.06339
    H11      Z     0.05615 -0.42422 -0.42384 -0.02644 -0.01875  0.00000
    H12      X     0.00000  0.00000  0.00000  0.00000  0.00000 -0.00182
    H12      Y     0.00000  0.00000  0.00000  0.00000  0.00000 -0.02765
    H12      Z    -0.02752  0.01616  0.01633 -0.02130 -0.00376  0.00000
    H13      X     0.00000  0.00000  0.00000  0.00000  0.00000  0.07715
    H13      Y     0.00000  0.00000  0.00000  0.00000  0.00000  0.04726
    H13      Z    -0.14253 -0.41781 -0.41614  0.02678 -0.00500  0.00000
    C14      X     0.00000  0.00000  0.00000  0.00000  0.00000  0.00409
    C14      Y     0.00000  0.00000  0.00000  0.00000  0.00000 -0.00175
    C14      Z     0.04751  0.03580 -0.03643  0.00968 -0.00040  0.00000
    H15      X     0.00000  0.00000  0.00000  0.00000  0.00000 -0.00182
    H15      Y     0.00000  0.00000  0.00000  0.00000  0.00000 -0.02764
    H15      Z    -0.02752 -0.01614  0.01635  0.02130 -0.00376  0.00000
    C16      X     0.00000  0.00000  0.00000  0.00000  0.00000 -0.00765
    C16      Y     0.00000  0.00000  0.00000  0.00000  0.00000  0.01838
    C16      Z    -0.00124 -0.10287  0.10297 -0.00165  0.00231  0.00000
    H17      X     0.00000  0.00000  0.00000  0.00000  0.00000 -0.01834
    H17      Y     0.00000  0.00000  0.00000  0.00000  0.00000 -0.06339
    H17      Z     0.05615  0.42380 -0.42426  0.02644 -0.01875  0.00000
    H18      X     0.00000  0.00000  0.00000  0.00000  0.00000  0.07714
    H18      Y     0.00000  0.00000  0.00000  0.00000  0.00000  0.04726
    H18      Z    -0.14253  0.41739 -0.41655 -0.02678 -0.00500  0.00000
    C19      X     0.00000  0.00000  0.00000  0.00000  0.00000 -0.12430
    C19      Y     0.00000  0.00000  0.00000  0.00000  0.00000 -0.00194
    C19      Z     0.05685 -0.00010  0.00016  0.06627 -0.07499  0.00000
    H20      X     0.00000  0.00000  0.00000  0.00000  0.00000 -0.18355
    H20      Y     0.00000  0.00000  0.00000  0.00000  0.00000 -0.15696
    H20      Z    -0.35267  0.00223 -0.00461 -0.44679  0.43293  0.00000
  
  frequencies      1101.57  1106.08  1106.23  1109.93  1204.96  1262.91
  symmetries       Bu       Au       Bg       Ag       Bu       Ag      
  intensities         8.96    13.29     0.00     0.00     1.47     0.00
  reduc. mass         0.23     0.26     0.26     0.28     0.29     0.24
  force const         0.16     0.18     0.18     0.20     0.25     0.22
    C1       X    -0.04691  0.00000  0.00000 -0.02007  0.02875  0.00504
    C1       Y     0.02329  0.00000  0.00000  0.05251  0.04372 -0.06669
    C1       Z     0.00000  0.00082 -0.00182  0.00000  0.00000  0.00000
    C2       X     0.05048  0.00000  0.00000  0.03953 -0.01585 -0.03134
    C2       Y     0.00749  0.00000  0.00000  0.01903 -0.07156  0.00683
    C2       Z     0.00000 -0.00318  0.00213  0.00000  0.00000  0.00000
    C3       X     0.01833  0.00000  0.00000  0.02059 -0.02807 -0.03662
    C3       Y    -0.01875  0.00000  0.00000 -0.02694  0.04599 -0.02408
    C3       Z     0.00000  0.00306  0.00265  0.00000  0.00000  0.00000
    C4       X    -0.04691  0.00000  0.00000  0.02007  0.02875 -0.00504
    C4       Y     0.02329  0.00000  0.00000 -0.05251  0.04372  0.06669
    C4       Z     0.00000  0.00082  0.00183  0.00000  0.00000  0.00000
    C5       X     0.05048  0.00000  0.00000 -0.03953 -0.01585  0.03134
    C5       Y     0.00749  0.00000  0.00000 -0.01903 -0.07156 -0.00683
    C5       Z     0.00000 -0.00317 -0.00213  0.00000  0.00000  0.00000
    H6       X     0.06325  0.00000  0.00000  0.08485  0.25418 -0.27583
    H6       Y     0.00108  0.00000  0.00000 -0.02549 -0.40066  0.29069
    H6       Z     0.00000 -0.00309  0.01760  0.00000  0.00000  0.00000
    H7       X    -0.03389  0.00000  0.00000  0.01480  0.06252 -0.18002
    H7       Y    -0.17913  0.00000  0.00000 -0.05652  0.33627 -0.42952
    H7       Z     0.00000 -0.00510 -0.02590  0.00000  0.00000  0.00000
    H8       X     0.06325  0.00000  0.00000 -0.08485  0.25418  0.27583
    H8       Y     0.00108  0.00000  0.00000  0.02549 -0.40066 -0.29068
    H8       Z     0.00000 -0.00304 -0.01761  0.00000  0.00000  0.00000
    C9       X    -0.04624  0.00000  0.00000  0.04433 -0.00759  0.02572
    C9       Y     0.02650  0.00000  0.00000 -0.02285  0.00816 -0.02126
    C9       Z     0.00000  0.05822  0.05889  0.00000  0.00000  0.00000
    C10      X     0.03931  0.00000  0.00000 -0.03663  0.00396 -0.00816
    C10      Y    -0.05809  0.00000  0.00000  0.07059 -0.02146 -0.00176
    C10      Z     0.00000 -0.00448 -0.00459  0.00000  0.00000  0.00000
    H11      X     0.08523  0.00000  0.00000 -0.08288  0.01082 -0.01675
    H11      Y     0.29037 -0.00001  0.00001 -0.28738  0.03805 -0.05531
    H11      Z     0.00000 -0.31505 -0.31495  0.00000  0.00000  0.00000
    H12      X     0.00608  0.00000  0.00000 -0.00625 -0.00284  0.01150
    H12      Y     0.29087 -0.00001  0.00001 -0.27209  0.02613 -0.11248
    H12      Z     0.00000 -0.55095 -0.55208  0.00001  0.00000  0.00000
    H13      X    -0.29899  0.00001 -0.00001  0.32467 -0.10084 -0.00660
    H13      Y    -0.17032  0.00001  0.00000  0.19173 -0.05746 -0.00288
    H13      Z     0.00000  0.22581  0.22556  0.00000  0.00000  0.00000
    C14      X    -0.04624  0.00000  0.00000 -0.04434 -0.00759 -0.02572
    C14      Y     0.02650  0.00000  0.00000  0.02285  0.00816  0.02126
    C14      Z     0.00000  0.05839 -0.05872  0.00000  0.00000  0.00000
    H15      X     0.00608  0.00000  0.00000  0.00625 -0.00284 -0.01150
    H15      Y     0.29086  0.00000  0.00000  0.27209  0.02614  0.11247
    H15      Z    -0.00001 -0.55256  0.55046  0.00002  0.00000  0.00000
    C16      X     0.03931  0.00000  0.00000  0.03663  0.00396  0.00816
    C16      Y    -0.05809  0.00000  0.00000 -0.07059 -0.02146  0.00176
    C16      Z     0.00000 -0.00449  0.00458  0.00000  0.00000  0.00000
    H17      X     0.08523  0.00000  0.00000  0.08288  0.01082  0.01675
    H17      Y     0.29037  0.00000  0.00000  0.28738  0.03805  0.05531
    H17      Z    -0.00001 -0.31597  0.31403  0.00001  0.00000  0.00000
    H18      X    -0.29899  0.00000  0.00000 -0.32467 -0.10084  0.00660
    H18      Y    -0.17032  0.00000  0.00000 -0.19173 -0.05746  0.00288
    H18      Z     0.00000  0.22647 -0.22490 -0.00001  0.00000  0.00000
    C19      X     0.01833  0.00000  0.00000 -0.02059 -0.02807  0.03662
    C19      Y    -0.01875  0.00000  0.00000  0.02694  0.04599  0.02407
    C19      Z     0.00000  0.00307 -0.00264  0.00000  0.00000  0.00000
    H20      X    -0.03389  0.00000  0.00000 -0.01480  0.06252  0.18002
    H20      Y    -0.17913  0.00000  0.00000  0.05652  0.33627  0.42952
    H20      Z     0.00000 -0.00518  0.02589  0.00000  0.00000  0.00000
  
  frequencies      1284.91  1296.29  1351.26  1398.64  1420.75  1426.93
  symmetries       Bu       Ag       Bu       Ag       Bu       Ag      
  intensities         0.08     0.00     9.51     0.00     8.24     0.00
  reduc. mass         1.28     1.12     1.45     0.26     0.32     0.19
  force const         1.25     1.11     1.56     0.30     0.38     0.23
    C1       X     0.03908 -0.00080  0.12450  0.07615  0.02095  0.04874
    C1       Y     0.13037  0.12754 -0.03317 -0.00973  0.01115  0.00198
    C1       Z     0.00000  0.00000  0.00000  0.00000  0.00000  0.00000
    C2       X    -0.05573 -0.00519 -0.04718  0.01128 -0.01728  0.01356
    C2       Y     0.01741  0.06994  0.06475 -0.03304  0.02307 -0.01543
    C2       Z     0.00000  0.00000  0.00000  0.00000  0.00000  0.00000
    C3       X     0.00007  0.03877 -0.05164 -0.00538  0.00052 -0.01018
    C3       Y    -0.04922 -0.05614 -0.08286 -0.01102 -0.02956 -0.01905
    C3       Z     0.00000  0.00000  0.00000  0.00000  0.00000  0.00000
    C4       X     0.03908  0.00080  0.12450 -0.07615  0.02095 -0.04874
    C4       Y     0.13037 -0.12753 -0.03317  0.00973  0.01115 -0.00198
    C4       Z     0.00000  0.00000  0.00000  0.00000  0.00000  0.00000
    C5       X    -0.05573  0.00519 -0.04718 -0.01128 -0.01728 -0.01356
    C5       Y     0.01741 -0.06994  0.06475  0.03304  0.02307  0.01543
    C5       Z     0.00000  0.00000  0.00000  0.00000  0.00000  0.00000
    H6       X     0.06325 -0.13339 -0.04320 -0.22774  0.02522 -0.15849
    H6       Y    -0.12222  0.23579  0.05699  0.24350 -0.02577  0.18567
    H6       Z     0.00000  0.00000  0.00000  0.00000  0.00000  0.00000
    H7       X    -0.09901  0.03231  0.03296  0.10969  0.01556  0.07870
    H7       Y    -0.32856 -0.11464  0.16738  0.32457  0.00869  0.24188
    H7       Z     0.00000  0.00000  0.00000  0.00000  0.00000  0.00000
    H8       X     0.06324  0.13339 -0.04320  0.22774  0.02522  0.15849
    H8       Y    -0.12222 -0.23579  0.05699 -0.24349 -0.02577 -0.18567
    H8       Z     0.00000  0.00000  0.00000  0.00000  0.00000  0.00000
    C9       X     0.02885 -0.04561 -0.04754  0.05523  0.06135 -0.04336
    C9       Y    -0.01602  0.02912  0.03231 -0.02697 -0.00916 -0.00206
    C9       Z     0.00000  0.00000  0.00000  0.00000  0.00000  0.00000
    C10      X    -0.00336  0.01629  0.02680 -0.04631 -0.07040  0.05891
    C10      Y    -0.01973  0.01556 -0.01105  0.00615 -0.01239  0.01668
    C10      Z     0.00000  0.00000  0.00000  0.00000  0.00000  0.00000
    H11      X    -0.00898  0.02977  0.04759 -0.07873 -0.11640  0.09491
    H11      Y    -0.04425  0.09098  0.12291 -0.18804 -0.26556  0.20822
    H11      Z     0.00000  0.00000  0.00000  0.00000  0.00000  0.00000
    H12      X    -0.00343 -0.01437 -0.05034  0.11421  0.17320 -0.13988
    H12      Y    -0.21108  0.22425  0.04322  0.23426  0.49506 -0.43823
    H12      Z     0.00000  0.00000  0.00000  0.00000  0.00000  0.00000
    H13      X    -0.05795  0.00570 -0.04583  0.01339 -0.03962  0.03908
    H13      Y    -0.04175  0.01689 -0.03296  0.02179 -0.01132  0.01826
    H13      Z     0.00000  0.00000  0.00000  0.00000  0.00000  0.00000
    C14      X     0.02885  0.04561 -0.04754 -0.05523  0.06135  0.04336
    C14      Y    -0.01601 -0.02912  0.03231  0.02697 -0.00916  0.00206
    C14      Z     0.00000  0.00000  0.00000  0.00000  0.00000  0.00000
    H15      X    -0.00343  0.01437 -0.05034 -0.11421  0.17320  0.13988
    H15      Y    -0.21108 -0.22426  0.04322 -0.23425  0.49505  0.43824
    H15      Z     0.00000  0.00000  0.00000  0.00000  0.00000  0.00000
    C16      X    -0.00336 -0.01629  0.02680  0.04631 -0.07040 -0.05891
    C16      Y    -0.01973 -0.01556 -0.01105 -0.00615 -0.01239 -0.01668
    C16      Z     0.00000  0.00000  0.00000  0.00000  0.00000  0.00000
    H17      X    -0.00898 -0.02977  0.04759  0.07873 -0.11640 -0.09491
    H17      Y    -0.04425 -0.09098  0.12291  0.18804 -0.26556 -0.20823
    H17      Z     0.00000  0.00000  0.00000  0.00000  0.00000  0.00000
    H18      X    -0.05795 -0.00570 -0.04583 -0.01339 -0.03962 -0.03908
    H18      Y    -0.04175 -0.01689 -0.03296 -0.02179 -0.01132 -0.01826
    H18      Z     0.00000  0.00000  0.00000  0.00000  0.00000  0.00000
    C19      X     0.00007 -0.03877 -0.05164  0.00538  0.00052  0.01018
    C19      Y    -0.04922  0.05614 -0.08286  0.01102 -0.02956  0.01904
    C19      Z     0.00000  0.00000  0.00000  0.00000  0.00000  0.00000
    H20      X    -0.09901 -0.03231  0.03296 -0.10969  0.01556 -0.07870
    H20      Y    -0.32856  0.11464  0.16738 -0.32457  0.00870 -0.24188
    H20      Z     0.00000  0.00000  0.00000  0.00000  0.00000  0.00000
  
  frequencies      1515.02  1565.43  1575.12  1641.37  1691.40  1740.01
  symmetries       Bu       Ag       Bu       Bu       Ag       Ag      
  intensities        18.85     0.00     0.55    15.07     0.00     0.00
  reduc. mass         0.78     0.34     0.23     0.85     1.65     1.71
  force const         1.05     0.49     0.34     1.35     2.78     3.05
    C1       X    -0.08425  0.01930  0.03879  0.02867  0.13323  0.00941
    C1       Y    -0.00567 -0.02667  0.01963 -0.10120  0.01830 -0.08023
    C1       Z     0.00000  0.00000  0.00000  0.00000  0.00000  0.00000
    C2       X    -0.01304 -0.01446 -0.01981 -0.07408 -0.08984 -0.04908
    C2       Y     0.09873 -0.00398 -0.02350  0.04105  0.02418  0.10993
    C2       Z     0.00000  0.00000  0.00000  0.00000  0.00000  0.00000
    C3       X     0.04555  0.01029 -0.00158  0.04778  0.07284 -0.01093
    C3       Y    -0.07738  0.02479  0.03485  0.07533  0.05722 -0.12412
    C3       Z     0.00000  0.00000  0.00000  0.00000  0.00000  0.00000
    C4       X    -0.08425 -0.01930  0.03879  0.02867 -0.13323 -0.00941
    C4       Y    -0.00567  0.02667  0.01963 -0.10120 -0.01830  0.08023
    C4       Z     0.00000  0.00000  0.00000  0.00000  0.00000  0.00000
    C5       X    -0.01304  0.01446 -0.01981 -0.07408  0.08984  0.04908
    C5       Y     0.09873  0.00398 -0.02350  0.04105 -0.02418 -0.10993
    C5       Z     0.00000  0.00000  0.00000  0.00000  0.00000  0.00000
    H6       X     0.24805  0.00331 -0.02050  0.14601  0.03664  0.12849
    H6       Y    -0.18920 -0.02960 -0.03285 -0.23356 -0.14135 -0.08900
    H6       Z     0.00000  0.00000  0.00000  0.00000  0.00000  0.00000
    H7       X     0.13681 -0.01314 -0.05813 -0.06794  0.01832  0.08459
    H7       Y     0.14208 -0.04307 -0.11818 -0.28635 -0.13212  0.13528
    H7       Z     0.00000  0.00000  0.00000  0.00000  0.00000  0.00000
    H8       X     0.24806 -0.00331 -0.02050  0.14601 -0.03664 -0.12849
    H8       Y    -0.18920  0.02960 -0.03285 -0.23356  0.14135  0.08900
    H8       Z     0.00000  0.00000  0.00000  0.00000  0.00000  0.00000
    C9       X     0.00061 -0.02219 -0.02640 -0.01378  0.00352 -0.00483
    C9       Y    -0.04383 -0.08556 -0.06887  0.02113 -0.01468 -0.02420
    C9       Z     0.00000  0.00000  0.00000  0.00000  0.00000  0.00000
    C10      X     0.00578 -0.01998 -0.02337  0.01272  0.01734  0.00717
    C10      Y     0.02126 -0.00002 -0.00948  0.01184  0.02579  0.01087
    C10      Z     0.00000  0.00000  0.00000  0.00000  0.00000  0.00000
    H11      X     0.02055  0.04075  0.03688  0.00388  0.00112  0.00340
    H11      Y     0.08988  0.36294  0.36028 -0.05589 -0.10212 -0.02989
    H11      Z     0.00000  0.00000  0.00000  0.00000  0.00000  0.00000
    H12      X     0.00070  0.02874  0.02902 -0.01756 -0.01103  0.00432
    H12      Y    -0.03040  0.18034  0.21626  0.01998 -0.07414  0.02407
    H12      Z     0.00000  0.00000  0.00000  0.00000  0.00000  0.00000
    H13      X     0.13402  0.42409  0.39834 -0.08017 -0.07860 -0.01801
    H13      Y     0.06960  0.15715  0.13866 -0.01740 -0.00360  0.00398
    H13      Z     0.00000  0.00000  0.00000  0.00000  0.00000  0.00000
    C14      X     0.00061  0.02219 -0.02640 -0.01378 -0.00352  0.00483
    C14      Y    -0.04383  0.08556 -0.06888  0.02113  0.01468  0.02420
    C14      Z     0.00000  0.00000  0.00000  0.00000  0.00000  0.00000
    H15      X     0.00070 -0.02874  0.02902 -0.01756  0.01103 -0.00432
    H15      Y    -0.03040 -0.18033  0.21626  0.01998  0.07414 -0.02407
    H15      Z     0.00000  0.00000  0.00000  0.00000  0.00000  0.00000
    C16      X     0.00578  0.01998 -0.02337  0.01272 -0.01734 -0.00717
    C16      Y     0.02126  0.00002 -0.00948  0.01184 -0.02579 -0.01087
    C16      Z     0.00000  0.00000  0.00000  0.00000  0.00000  0.00000
    H17      X     0.02055 -0.04074  0.03688  0.00387 -0.00112 -0.00340
    H17      Y     0.08988 -0.36293  0.36029 -0.05589  0.10212  0.02989
    H17      Z     0.00000  0.00000  0.00000  0.00000  0.00000  0.00000
    H18      X     0.13402 -0.42408  0.39835 -0.08017  0.07860  0.01801
    H18      Y     0.06960 -0.15715  0.13866 -0.01740  0.00360 -0.00398
    H18      Z     0.00000  0.00000  0.00000  0.00000  0.00000  0.00000
    C19      X     0.04555 -0.01029 -0.00158  0.04778 -0.07284  0.01093
    C19      Y    -0.07738 -0.02479  0.03485  0.07533 -0.05722  0.12412
    C19      Z     0.00000  0.00000  0.00000  0.00000  0.00000  0.00000
    H20      X     0.13681  0.01313 -0.05813 -0.06794 -0.01832 -0.08459
    H20      Y     0.14208  0.04306 -0.11818 -0.28635  0.13213 -0.13528
    H20      Z     0.00000  0.00000  0.00000  0.00000  0.00000  0.00000
  
  frequencies      1814.43  1815.31  3396.42  3397.14  3437.92  3437.96
  symmetries       Ag       Bu       Bu       Ag       Bu       Ag      
  intensities         0.00     1.50    98.39     0.00     4.45     0.00
  reduc. mass         1.73     1.89     0.22     0.22     0.41     0.41
  force const         3.35     3.68     1.47     1.48     2.84     2.85
    C1       X     0.03132  0.01380  0.00018  0.00016 -0.00042  0.00040
    C1       Y     0.01010  0.02523 -0.00005 -0.00008  0.00153 -0.00153
    C1       Z     0.00000  0.00000  0.00000  0.00000  0.00000  0.00000
    C2       X    -0.02362  0.00023 -0.00117 -0.00101 -0.00081 -0.00073
    C2       Y     0.02201 -0.01021 -0.00086 -0.00057 -0.00013 -0.00078
    C2       Z     0.00000  0.00000  0.00000  0.00000  0.00000  0.00000
    C3       X     0.01115 -0.00485  0.00081 -0.00027  0.00249  0.00284
    C3       Y    -0.01807  0.00529 -0.00007 -0.00012 -0.00082 -0.00098
    C3       Z     0.00000  0.00000  0.00000  0.00000  0.00000  0.00000
    C4       X    -0.03132  0.01381  0.00018 -0.00016 -0.00042 -0.00040
    C4       Y    -0.01009  0.02523 -0.00005  0.00008  0.00153  0.00153
    C4       Z     0.00000  0.00000  0.00000  0.00000  0.00000  0.00000
    C5       X     0.02362  0.00023 -0.00117  0.00101 -0.00080  0.00073
    C5       Y    -0.02201 -0.01021 -0.00086  0.00057 -0.00013  0.00078
    C5       Z     0.00000  0.00000  0.00000  0.00000  0.00000  0.00000
    H6       X     0.00779 -0.02778  0.01100  0.00765  0.00710  0.00829
    H6       Y    -0.01706  0.01868  0.00865  0.00583  0.00572  0.00670
    H6       Z     0.00000  0.00000  0.00000  0.00000  0.00000  0.00000
    H7       X     0.02252 -0.01110 -0.00925  0.00185 -0.02868 -0.03321
    H7       Y     0.00400 -0.00628  0.00283 -0.00049  0.00868  0.01038
    H7       Z     0.00000  0.00000  0.00000  0.00000  0.00000  0.00000
    H8       X    -0.00779 -0.02778  0.01100 -0.00765  0.00709 -0.00829
    H8       Y     0.01706  0.01868  0.00865 -0.00583  0.00572 -0.00670
    H8       Z     0.00000  0.00000  0.00000  0.00000  0.00000  0.00000
    C9       X     0.06913 -0.06847  0.01006 -0.00995  0.05815  0.05815
    C9       Y     0.11047 -0.11542 -0.00743  0.00738 -0.00803 -0.00805
    C9       Z     0.00000  0.00000  0.00000  0.00000  0.00000  0.00000
    C10      X    -0.07450  0.07531  0.02946 -0.02944 -0.01337 -0.01327
    C10      Y    -0.09411  0.09593  0.03652 -0.03656 -0.00975 -0.00956
    C10      Z     0.00000  0.00000  0.00000  0.00000  0.00000  0.00000
    H11      X    -0.05383  0.05417 -0.45992  0.46054  0.13940  0.13753
    H11      Y     0.18982 -0.19421  0.06887 -0.06895 -0.02303 -0.02276
    H11      Z     0.00000  0.00000  0.00000  0.00000  0.00000  0.00000
    H12      X     0.03455 -0.03362 -0.16343  0.16145 -0.63755 -0.63750
    H12      Y    -0.14149  0.13770  0.03230 -0.03199  0.12959  0.12957
    H12      Z     0.00000  0.00000  0.00000  0.00000  0.00000  0.00000
    H13      X     0.17189 -0.17242  0.15337 -0.15360 -0.02866 -0.02795
    H13      Y    -0.03262  0.03430 -0.44735  0.44773  0.08380  0.08176
    H13      Z     0.00000  0.00000  0.00000  0.00000  0.00000  0.00000
    C14      X    -0.06914 -0.06846  0.01006  0.00995  0.05811 -0.05819
    C14      Y    -0.11049 -0.11541 -0.00743 -0.00738 -0.00802  0.00806
    C14      Z     0.00000  0.00000  0.00000  0.00000  0.00000  0.00000
    H15      X    -0.03456 -0.03361 -0.16345 -0.16143 -0.63711  0.63793
    H15      Y     0.14151  0.13769  0.03230  0.03199  0.12950 -0.12966
    H15      Z     0.00000  0.00000  0.00000  0.00000  0.00000  0.00000
    C16      X     0.07450  0.07530  0.02946  0.02944 -0.01336  0.01327
    C16      Y     0.09412  0.09592  0.03652  0.03655 -0.00974  0.00957
    C16      Z     0.00000  0.00000  0.00000  0.00000  0.00000  0.00000
    H17      X     0.05383  0.05416 -0.45998 -0.46048  0.13930 -0.13763
    H17      Y    -0.18983 -0.19419  0.06888  0.06894 -0.02302  0.02277
    H17      Z     0.00000  0.00000  0.00000  0.00000  0.00000  0.00000
    H18      X    -0.17191 -0.17240  0.15338  0.15359 -0.02864  0.02797
    H18      Y     0.03262  0.03430 -0.44740 -0.44768  0.08374 -0.08182
    H18      Z     0.00000  0.00000  0.00000  0.00000  0.00000  0.00000
    C19      X    -0.01115 -0.00485  0.00081  0.00027  0.00249 -0.00285
    C19      Y     0.01807  0.00529 -0.00007  0.00012 -0.00082  0.00098
    C19      Z     0.00000  0.00000  0.00000  0.00000  0.00000  0.00000
    H20      X    -0.02252 -0.01110 -0.00925 -0.00185 -0.02865  0.03323
    H20      Y    -0.00400 -0.00628  0.00283  0.00049  0.00867 -0.01039
    H20      Z     0.00000  0.00000  0.00000  0.00000  0.00000  0.00000
  
  frequencies      3446.99  3450.52  3466.82  3469.77  3548.27  3548.29
  symmetries       Bu       Ag       Bu       Ag       Bu       Ag      
  intensities         0.78     0.00     5.90     0.00     0.00     0.00
  reduc. mass         0.30     0.30     0.30     0.30     0.27     0.27
  force const         2.07     2.08     2.10     2.12     1.99     1.99
    C1       X    -0.00068  0.00268 -0.00384 -0.00129 -0.00014  0.00015
    C1       Y    -0.00220  0.00145 -0.00031  0.00218 -0.00033  0.00033
    C1       Z     0.00000  0.00000  0.00000  0.00000  0.00000  0.00000
    C2       X    -0.02311 -0.02252  0.03942  0.03985 -0.00027  0.00036
    C2       Y    -0.01606 -0.01615  0.03549  0.03557 -0.00023  0.00032
    C2       Z     0.00000  0.00000  0.00000  0.00000  0.00000  0.00000
    C3       X     0.04946  0.04948  0.02782  0.02805  0.00004  0.00010
    C3       Y    -0.01550 -0.01592 -0.01246 -0.01207  0.00002 -0.00007
    C3       Z     0.00000  0.00000  0.00000  0.00000  0.00000  0.00000
    C4       X    -0.00068 -0.00268 -0.00384  0.00129 -0.00014 -0.00015
    C4       Y    -0.00220 -0.00145 -0.00031 -0.00218 -0.00033 -0.00033
    C4       Z     0.00000  0.00000  0.00000  0.00000  0.00000  0.00000
    C5       X    -0.02311  0.02252  0.03942 -0.03985 -0.00027 -0.00036
    C5       Y    -0.01606  0.01615  0.03549 -0.03557 -0.00023 -0.00032
    C5       Z     0.00000  0.00000  0.00000  0.00000  0.00000  0.00000
    H6       X     0.25141  0.24903 -0.44752 -0.44869  0.00430 -0.00531
    H6       Y     0.21120  0.21023 -0.38033 -0.38091  0.00320 -0.00411
    H6       Z     0.00000  0.00000  0.00000  0.00000  0.00000  0.00000
    H7       X    -0.55634 -0.55741 -0.30804 -0.30535  0.00011 -0.00066
    H7       Y     0.18984  0.19070  0.10690  0.10534  0.00008  0.00025
    H7       Z     0.00000  0.00000  0.00000  0.00000  0.00000  0.00000
    H8       X     0.25140 -0.24903 -0.44751  0.44870  0.00429  0.00532
    H8       Y     0.21119 -0.21023 -0.38033  0.38092  0.00319  0.00411
    H8       Z     0.00000  0.00000  0.00000  0.00000  0.00000  0.00000
    C9       X    -0.00305 -0.00295 -0.00018 -0.00100 -0.00333 -0.00334
    C9       Y     0.00038  0.00047  0.00017  0.00007  0.00057  0.00056
    C9       Z     0.00000  0.00000  0.00000  0.00000  0.00000  0.00000
    C10      X     0.00025  0.00049 -0.00012  0.00038 -0.05106 -0.05114
    C10      Y    -0.00048  0.00093  0.00088 -0.00081  0.04319  0.04326
    C10      Z     0.00000  0.00000  0.00000  0.00000  0.00000  0.00000
    H11      X     0.00251 -0.00781 -0.00378  0.00102  0.46246  0.46324
    H11      Y    -0.00057  0.00140  0.00088 -0.00048 -0.06404 -0.06414
    H11      Z     0.00000  0.00000  0.00000  0.00000  0.00000  0.00000
    H12      X     0.03251  0.03332  0.00494  0.00884  0.03800  0.03816
    H12      Y    -0.00531 -0.00627 -0.00144 -0.00042 -0.00580 -0.00583
    H12      Z     0.00000  0.00000  0.00000  0.00000  0.00000  0.00000
    H13      X    -0.00254  0.00276  0.00302 -0.00299  0.14710  0.14733
    H13      Y     0.00818 -0.00789 -0.00892  0.00966 -0.44808 -0.44882
    H13      Z     0.00000  0.00000  0.00000  0.00000  0.00000  0.00000
    C14      X    -0.00305  0.00295 -0.00018  0.00100 -0.00333  0.00334
    C14      Y     0.00038 -0.00047  0.00017 -0.00007  0.00057 -0.00056
    C14      Z     0.00000  0.00000  0.00000  0.00000  0.00000  0.00000
    H15      X     0.03251 -0.03332  0.00494 -0.00884  0.03806 -0.03810
    H15      Y    -0.00531  0.00627 -0.00144  0.00042 -0.00581  0.00582
    H15      Z     0.00000  0.00000  0.00000  0.00000  0.00000  0.00000
    C16      X     0.00025 -0.00049 -0.00012 -0.00038 -0.05115  0.05106
    C16      Y    -0.00048 -0.00093  0.00088  0.00081  0.04326 -0.04318
    C16      Z     0.00000  0.00000  0.00000  0.00000  0.00000  0.00000
    H17      X     0.00251  0.00781 -0.00378 -0.00102  0.46325 -0.46246
    H17      Y    -0.00057 -0.00140  0.00088  0.00048 -0.06414  0.06403
    H17      Z     0.00000  0.00000  0.00000  0.00000  0.00000  0.00000
    H18      X    -0.00254 -0.00276  0.00302  0.00299  0.14734 -0.14708
    H18      Y     0.00818  0.00789 -0.00892 -0.00966 -0.44883  0.44806
    H18      Z     0.00000  0.00000  0.00000  0.00000  0.00000  0.00000
    C19      X     0.04946 -0.04948  0.02782 -0.02805  0.00004 -0.00010
    C19      Y    -0.01550  0.01592 -0.01246  0.01207  0.00002  0.00007
    C19      Z     0.00000  0.00000  0.00000  0.00000  0.00000  0.00000
    H20      X    -0.55633  0.55742 -0.30802  0.30536  0.00011  0.00066
    H20      Y     0.18983 -0.19071  0.10690 -0.10534  0.00008 -0.00025
    H20      Z     0.00000  0.00000  0.00000  0.00000  0.00000  0.00000
  
  Number of imaginary frequencies:   0
   
  Writing vibrational animation data to dvb_ir.vib
  Writing vibrational spectrum data to dvb_ir_vib.spm
  
  Thermochemical properties at    1.0000 atm
  
  rotational symmetry number:  2

  rotational temperatures (K):      0.222036      0.032872      0.028633
   
  vibrational temperatures:
       mode:      1        2        3        4        5        6
  temp. (K):    76.91   122.97   215.57   258.18   379.13   430.00
   
       mode:      7        8        9       10       11       12
  temp. (K):   586.51   610.57   673.34   700.36   832.39   944.40
   
       mode:     13       14       15       16       17       18
  temp. (K):   969.32  1016.49  1057.76  1165.93  1241.32  1288.24
   
       mode:     19       20       21       22       23       24
  temp. (K):  1291.18  1410.17  1410.33  1467.09  1493.75  1544.68
   
       mode:     25       26       27       28       29       30
  temp. (K):  1584.92  1591.40  1591.62  1596.94  1733.66  1817.04
   
       mode:     31       32       33       34       35       36
  temp. (K):  1848.70  1865.07  1944.16  2012.33  2044.15  2053.03
   
       mode:     37       38       39       40       41       42
  temp. (K):  2179.77  2252.30  2266.24  2361.56  2433.54  2503.48
   
       mode:     43       44       45       46       47       48
  temp. (K):  2610.55  2611.83  4886.69  4887.72  4946.39  4946.46
   
       mode:     49       50       51       52       53       54
  temp. (K):  4959.45  4964.52  4987.98  4992.22  5105.17  5105.19
   
   
  Thermodynamic properties calculated assuming an ideal gas

  In the table below, the units for temperature
  are kelvins, the units for U, H, and G are
  kcal/mol and the units for Cv and S are cal/(mol K)

  The zero point energy (ZPE):    111.155 kcal/mol
  is not included in U, H, or G in the table below


  T =   298.15 K
   
              U         Cv          S          H          G        ln(Q)
          ---------  ---------  ---------  ---------  ---------  ---------
  trans.      0.889      2.981     40.502      1.481    -10.594   17.88133
    rot.      0.889      2.981     28.143      0.889     -7.502   12.66224
    vib.      3.794     27.590     23.097      3.794     -3.092    5.21880
   elec.      0.000      0.000      0.000      0.000      0.000    0.00000
   total      5.572     33.551     91.742      6.164    -21.189   35.76236
   
  Total internal energy, Utot (SCFE + ZPE + U):    -382.122243 hartrees
              Total enthalpy, Htot (Utot + pV):    -382.121298 hartrees
    Total Gibbs free energy, Gtot (Htot - T*S):    -382.164888 hartrees
   
  Peak memory usage:    480 Mb
  
  end of program freq
   
 Time(freq)  user:        0.0  user+sys:        0.0  wallclock:        0.2

 Total cpu seconds     user:      25.000   user+sys:      25.000
  
 Total elapsed time:    311 seconds

Job dvb_ir completed on silenziosa at Tue Apr  8 11:54:47 2014
