Job dvb_gopt_hf started on silenziosa at Tue Apr  8 11:21:33 2014
jobid: silenziosa-0-534413fc

  +--------------------------------------------------------------------+
  |  Jaguar version 8.3, release  13                                   |
  |                                                                    |
  |  Copyright Schrodinger, Inc.                                       |
  |  All Rights Reserved.                                              |
  |                                                                    |
  |  The following have contributed to Jaguar (listed alphabetically): |
  |  Mike Beachy, Art Bochevarov, Dale Braden, Yixiang Cao,            |
  |  Chris Cortis, Rich Friesner, Bill Goddard, Hod Greeley,           |
  |  Tom Hughes, Jean-Marc Langlois, Daniel Mainz, Rob Murphy,         |
  |  Dean Philipp, Tom Pollard, Murco Ringnalda.                       |
  |                                                                    |
  |  Use of this program should be acknowledged in publications as:    |
  |                                                                    |
  |  Jaguar, version 8.3, Schrodinger, Inc., New York, NY, 2014.       |
  |                                                                    |
  |  A. D. Bochevarov, E. Harder, T. F. Hughes, J. R. Greenwood,       |
  |  D. A. Braden, D. M. Philipp, D. Rinaldo, M. D. Halls,             |
  |  J. Zhang, R. A. Friesner, "Jaguar: A High-Performance Quantum     |
  |  Chemistry Software Program with Strengths in Life and Materials   |
  |  Sciences", Int. J. Quantum Chem., 2013, 113(18), 2110-2142.       |
  +--------------------------------------------------------------------+
  
  start of program pre
  
  Job name: dvb_gopt_hf
  Executables used: /usr/local/lib/schrodinger2014-1/jaguar-v83013/bin/Linux-x86_64
  Temporary files : /home/kml/dvb_gopt_hf
  
  
  basis set:             sto-3g          
  net molecular charge:    0
  multiplicity:            1
  
  number of basis functions....           60
  no dealiasing set available for atom            1
  switch to all-analytic calculation
  
 Input geometry:
                                   angstroms
  atom               x                 y                 z
  C1            0.2694810000     -1.4100870000      0.0000000000 
  C2           -1.0647520000     -0.9207000000      0.0000000000 
  C3           -1.3254340000      0.4570290000      0.0000000000 
  C4           -0.2694810000      1.4100870000      0.0000000000 
  C5            1.0647520000      0.9207000000      0.0000000000 
  H6           -1.9044340000     -1.6275960000      0.0000000000 
  H7           -2.3647720000      0.8131670000      0.0000000000 
  H8            1.9044340000      1.6275960000      0.0000000000 
  C9           -0.6037320000      2.8699170000      0.0000000000 
  C10           0.2694810000      3.8919520000      0.0000000000 
  H11           1.3551660000      3.7420140000      0.0000000000 
  H12          -1.6819040000      3.0900050000      0.0000000000 
  H13          -0.0740290000      4.9329690000      0.0000000000 
  C14           0.6037320000     -2.8699170000      0.0000000000 
  H15           1.6819040000     -3.0900050000      0.0000000000 
  C16          -0.2694810000     -3.8919520000      0.0000000000 
  H17          -1.3551660000     -3.7420140000      0.0000000000 
  H18           0.0740290000     -4.9329690000      0.0000000000 
  C19           1.3254340000     -0.4570290000      0.0000000000 
  H20           2.3647720000     -0.8131670000      0.0000000000 
   
  principal moments of inertia:
        amu*angstrom^2:      109.23594      737.84464      847.08058
                g*cm^2: 1.81390525E-38 1.22521969E-37 1.40661022E-37
   
  rotational constants:
               cm^(-1):      0.15432310      0.02284713      0.01990086
                   GHz:      4.62649016      0.68493959      0.59661267
   
  Molecular weight:     130.08 amu
   
  Stoichiometry: C10H10
  Molecular Point Group: C2h     
	Molecule translated to center of mass 
	Molecule reoriented along symmetry axes
  Point Group used: C2h
  
 
Number of optimization coordinates:    60
Number of independent coordinates:     60
Number of non-redundant coordinates:   54
Number of frozen coordinates:           0
Number of harmonic constraints:         0
 
Number of geometric degrees of freedom:    54
Maximum geometric degrees of freedom:      54
 " " " " " excluding dummy atoms:          54
 
  
 Symmetrized geometry:
                                   angstroms
  atom               x                 y                 z
  C1            0.2694810000     -1.4100870000      0.0000000000 
  C2           -1.0647520000     -0.9207000000      0.0000000000 
  C3           -1.3254340000      0.4570290000      0.0000000000 
  C4           -0.2694810000      1.4100870000      0.0000000000 
  C5            1.0647520000      0.9207000000      0.0000000000 
  H6           -1.9044340000     -1.6275960000      0.0000000000 
  H7           -2.3647720000      0.8131670000      0.0000000000 
  H8            1.9044340000      1.6275960000      0.0000000000 
  C9           -0.6037320000      2.8699170000      0.0000000000 
  C10           0.2694810000      3.8919520000      0.0000000000 
  H11           1.3551660000      3.7420140000      0.0000000000 
  H12          -1.6819040000      3.0900050000      0.0000000000 
  H13          -0.0740290000      4.9329690000      0.0000000000 
  C14           0.6037320000     -2.8699170000      0.0000000000 
  H15           1.6819040000     -3.0900050000      0.0000000000 
  C16          -0.2694810000     -3.8919520000      0.0000000000 
  H17          -1.3551660000     -3.7420140000      0.0000000000 
  H18           0.0740290000     -4.9329690000      0.0000000000 
  C19           1.3254340000     -0.4570290000      0.0000000000 
  H20           2.3647720000     -0.8131670000      0.0000000000 
   
  nuclear repulsion energy.......     445.899315474 hartrees
 
 Non-default options chosen:
   Geometry will be optimized in redundant internal coordinates
  
 Temporary integer options set:
     73=  2
  
  Peak memory usage:    479 Mb
  
  end of program pre
   
 Time(pre)  user:        0.0  user+sys:        0.0  wallclock:        0.2
  
  start of program onee
  
  smallest eigenvalue of S:    1.814E-01
  number of canonical orbitals.....           60
  Peak memory usage:    621 Mb
  
  end of program onee
   
 Time(onee)  user:        0.0  user+sys:        0.0  wallclock:        0.1
  
  start of program hfig
  
  initial wavefunction generated automatically from atomic wavefunctions
 
  Irreducible     Total no   No of occupied orbitals 
  representation  orbitals   Shell_1  Shell_2    ...
  Ag                25         15
  Bg                 5          3
  Au                 5          2
  Bu                25         15
  ------------------------
  Orbital occupation/shell    1.000
 
  Peak memory usage:    561 Mb
  
  end of program hfig
   
 Time(hfig)  user:        0.0  user+sys:        0.0  wallclock:        0.3
  
  start of program probe
  
  Peak memory usage:    560 Mb
  
  end of program probe
   
 Time(probe)  user:        0.0  user+sys:        0.0  wallclock:        0.1
  
  start of program scf
  
 number of electrons..........         70
 number of alpha electrons....         35
 number of beta electrons.....         35
 number of orbitals, total....         60
 number of doubly-occ'd orbs..         35
 number of open shell orbs....          0
 number of occupied orbitals..         35
 number of virtual orbitals...         25
 number of hamiltonians.......          1
 number of shells.............          1
 SCF type: HF
  
       i  u  d  i  g                   
       t  p  i  c  r                                 RMS    maximum
       e  d  i  u  i                       energy  density   DIIS  
       r  t  s  t  d       total energy    change  change    error 
  
etot    1  N  N  0  N    -379.56013095453           2.9E-03  1.1E-01
etot    2  Y  Y  0  N    -379.75998244123  2.0E-01  7.2E-04  1.8E-02
etot    3  N  Y  0  N    -379.76876516161  8.8E-03  1.7E-04  3.4E-03
etot    4  Y  Y  0  N    -379.76908258339  3.2E-04  4.3E-05  1.8E-03
etot    5  N  Y  0  N    -379.76910565435  2.3E-05  7.1E-06  2.8E-04
etot    6  N  Y  0  N    -379.76910680098  1.1E-06  2.9E-06  7.2E-05
etot    7  N  N  0  N    -379.76910692369  1.2E-07  0.0E+00  0.0E+00
  
  
 Energy components, in hartrees:
   (A)  Nuclear repulsion............     445.89931547414
   (E)  Total one-electron terms.....   -1400.14443308448
   (I)  Total two-electron terms.....     574.47601068665
   (L)  Electronic energy............    -825.66842239783  (E+I)
   (N)  Total energy.................    -379.76910692369  (A+L)
  
 SCFE: SCF energy: HF      -379.76910692369 hartrees   iterations:   7
  
 
 HOMO energy:    -0.22227
 LUMO energy:     0.19888
 
  Orbital energies (hartrees)/symmetry label: 
   -11.04057 Bu        -11.04050 Ag        -11.03178 Bu        -11.03178 Ag     
   -11.02887 Bu        -11.02876 Ag        -11.02838 Bu        -11.02834 Ag     
   -11.01769 Bu        -11.01769 Ag         -1.09036 Ag         -1.02031 Bu     
    -0.97505 Ag         -0.95014 Bu         -0.90986 Bu         -0.80011 Ag     
    -0.76256 Ag         -0.72793 Bu         -0.69707 Ag         -0.62786 Ag     
    -0.60590 Bu         -0.57246 Bu         -0.55391 Bu         -0.55335 Ag     
    -0.52484 Bu         -0.49695 Bu         -0.49287 Ag         -0.46379 Au     
    -0.44666 Bu         -0.42140 Ag         -0.41562 Ag         -0.37707 Bg     
    -0.31525 Au         -0.27827 Bg         -0.22227 Bg          0.19888 Au     
     0.26882 Au          0.30868 Bg          0.39707 Au          0.52203 Bg     
     0.56472 Ag          0.57565 Bu          0.62172 Ag          0.62559 Bu     
     0.65887 Ag     
 
  Peak memory usage:    653 Mb
  
  end of program scf
   
 Time(scf)  user:        2.0  user+sys:        2.0  wallclock:        2.8
  
  start of program cutabab2
  
  Peak memory usage:    577 Mb
  
  end of program cutabab2
   
 Time(cutabab2)  user:        0.0  user+sys:        0.0  wallclock:        0.2
  
  start of program der1a
  
  Peak memory usage:    621 Mb
  
  end of program der1a
   
 Time(der1a)  user:        0.0  user+sys:        0.0  wallclock:        0.1
  
  start of program der1b
  
   
  forces (hartrees/bohr) : total     
   
 atom  label           x              y              z
 ---- --------   -------------  -------------  -------------
    1 C1         -4.392421E-03   2.543420E-02   0.000000E+00
    2 C2          1.182170E-02   6.184338E-03   0.000000E+00
    3 C3          1.392296E-02  -1.100593E-03   0.000000E+00
    4 C4          4.392421E-03  -2.543420E-02   0.000000E+00
    5 C5         -1.182170E-02  -6.184338E-03   0.000000E+00
    6 H6          1.048198E-02   9.720111E-03   0.000000E+00
    7 H7          1.305325E-02  -4.864573E-03   0.000000E+00
    8 H8         -1.048198E-02  -9.720111E-03   0.000000E+00
    9 C9          1.703899E-02   3.264608E-02   0.000000E+00
   10 C10        -2.054378E-02  -2.451395E-02   0.000000E+00
   11 H11        -1.367116E-02   2.497892E-03   0.000000E+00
   12 H12         1.385308E-02  -2.130420E-03   0.000000E+00
   13 H13         4.154909E-03  -1.272884E-02   0.000000E+00
   14 C14        -1.703899E-02  -3.264608E-02   0.000000E+00
   15 H15        -1.385308E-02   2.130420E-03   0.000000E+00
   16 C16         2.054378E-02   2.451395E-02   0.000000E+00
   17 H17         1.367116E-02  -2.497892E-03   0.000000E+00
   18 H18        -4.154909E-03   1.272884E-02   0.000000E+00
   19 C19        -1.392296E-02   1.100593E-03   0.000000E+00
   20 H20        -1.305325E-02   4.864573E-03   0.000000E+00
 -------------   -------------  -------------  -------------
     total        0.000000E+00   0.000000E+00   0.000000E+00
   
  Peak memory usage:    653 Mb
  
  end of program der1b
   
 Time(der1b)  user:        2.0  user+sys:        2.0  wallclock:        3.0
  
  start of program geopt
  
  geometry optimization step  1
  energy:            -379.76910692369 hartrees
  
  gradient maximum:        4.5943E-02 .  (  4.5000E-04 )
  gradient rms:            1.3556E-02 .  (  3.0000E-04 )
  displacement maximum:    7.6735E-02 .  (  1.8000E-03 )
  displacement rms:        2.6739E-02 .  (  1.2000E-03 )
  
  predicted energy change:  -1.1258E-02
  step size:     0.20712
  trust radius:  0.30000
  
  molecular structure not yet converged...
  
  center of mass moved by:
     x:     6.1452E-17     y:    -1.8948E-16     z:     0.0000E+00
  
  new geometry: 
                                   angstroms
  atom               x                 y                 z
  C1            0.2590583168     -1.3809855960      0.0000000000 
  C2           -1.0424985769     -0.8977709727      0.0000000000 
  C3           -1.2926941775      0.4534655834      0.0000000000 
  C4           -0.2590583168      1.3809855960      0.0000000000 
  C5            1.0424985769      0.8977709727      0.0000000000 
  H6           -1.8744330371     -1.5879786578      0.0000000000 
  H7           -2.3160596607      0.8059730341      0.0000000000 
  H8            1.8744330371      1.5879786578      0.0000000000 
  C9           -0.5893069542      2.8354631228      0.0000000000 
  C10           0.2561545324      3.8277977982      0.0000000000 
  H11           1.3266441917      3.6856595373      0.0000000000 
  H12          -1.6505692563      3.0560505861      0.0000000000 
  H13          -0.0859892320      4.8528909333      0.0000000000 
  C14           0.5893069542     -2.8354631228      0.0000000000 
  H15           1.6505692563     -3.0560505861      0.0000000000 
  C16          -0.2561545324     -3.8277977982      0.0000000000 
  H17          -1.3266441917     -3.6856595373      0.0000000000 
  H18           0.0859892320     -4.8528909333      0.0000000000 
  C19           1.2926941775     -0.4534655834      0.0000000000 
  H20           2.3160596607     -0.8059730341      0.0000000000 
   
  nuclear repulsion energy.......     454.173870448 hartrees
  -------------------------------------------------
 /  end of geometry optimization iteration   1   /
 -------------------------------------------------
   
  Peak memory usage:    483 Mb
  
  end of program geopt
   
 Time(geopt)  user:        0.0  user+sys:        0.0  wallclock:        0.1
  
  start of program onee
  
  smallest eigenvalue of S:    1.649E-01
  number of canonical orbitals.....           60
  Peak memory usage:    621 Mb
  
  end of program onee
   
 Time(onee)  user:        0.0  user+sys:        0.0  wallclock:        0.1
  
  start of program probe
  
  Peak memory usage:    560 Mb
  
  end of program probe
   
 Time(probe)  user:        0.0  user+sys:        0.0  wallclock:        0.1
  
  start of program scf
  
  
       i  u  d  i  g                   
       t  p  i  c  r                                 RMS    maximum
       e  d  i  u  i                       energy  density   DIIS  
       r  t  s  t  d       total energy    change  change    error 
  
etot    1  N  N  0  N    -379.77607031274           2.3E-04  8.8E-03
etot    2  Y  Y  0  N    -379.77708614328  1.0E-03  7.1E-05  1.4E-03
etot    3  Y  Y  0  N    -379.77715195996  6.6E-05  1.2E-05  3.5E-04
etot    4  N  Y  0  N    -379.77715435689  2.4E-06  3.3E-06  1.5E-04
etot    5  N  N  0  N    -379.77715461254  2.6E-07  0.0E+00  0.0E+00
  
  
 Energy components, in hartrees:
   (A)  Nuclear repulsion............     454.17387044791
   (E)  Total one-electron terms.....   -1416.14467266203
   (I)  Total two-electron terms.....     582.19364760158
   (L)  Electronic energy............    -833.95102506045  (E+I)
   (N)  Total energy.................    -379.77715461254  (A+L)
  
 SCFE: SCF energy: HF      -379.77715461254 hartrees   iterations:   5
  
 
 HOMO energy:    -0.23565
 LUMO energy:     0.20876
 
  Orbital energies (hartrees)/symmetry label: 
   -11.04093 Bu        -11.04086 Ag        -11.03228 Bu        -11.03228 Ag     
   -11.02899 Bu        -11.02886 Ag        -11.02832 Bu        -11.02828 Ag     
   -11.01807 Bu        -11.01807 Ag         -1.11175 Ag         -1.03568 Bu     
    -0.99260 Ag         -0.96380 Bu         -0.92595 Bu         -0.80788 Ag     
    -0.77288 Ag         -0.73270 Bu         -0.70849 Ag         -0.64204 Ag     
    -0.61793 Bu         -0.57736 Bu         -0.56632 Bu         -0.56462 Ag     
    -0.53372 Bu         -0.50931 Bu         -0.49823 Ag         -0.48162 Au     
    -0.44892 Bu         -0.42628 Ag         -0.41903 Ag         -0.39042 Bg     
    -0.33046 Au         -0.28811 Bg         -0.23565 Bg          0.20876 Au     
     0.27546 Au          0.32220 Bg          0.40986 Au          0.54296 Bg     
     0.56902 Ag          0.58258 Bu          0.63395 Bu          0.63509 Ag     
     0.68397 Ag     
 
  Peak memory usage:    653 Mb
  
  end of program scf
   
 Time(scf)  user:        2.0  user+sys:        2.0  wallclock:        2.2
  
  start of program cutabab2
  
  Peak memory usage:    577 Mb
  
  end of program cutabab2
   
 Time(cutabab2)  user:        0.0  user+sys:        0.0  wallclock:        0.1
  
  start of program der1a
  
  Peak memory usage:    621 Mb
  
  end of program der1a
   
 Time(der1a)  user:        0.0  user+sys:        0.0  wallclock:        0.1
  
  start of program der1b
  
   
  forces (hartrees/bohr) : total     
   
 atom  label           x              y              z
 ---- --------   -------------  -------------  -------------
    1 C1          1.575539E-03  -4.051909E-03   0.000000E+00
    2 C2         -6.323588E-03  -7.540283E-03   0.000000E+00
    3 C3         -8.709203E-03   3.904666E-03   0.000000E+00
    4 C4         -1.575539E-03   4.051909E-03   0.000000E+00
    5 C5          6.323588E-03   7.540283E-03   0.000000E+00
    6 H6         -3.698414E-04   8.484500E-05   0.000000E+00
    7 H7         -1.965824E-04  -2.946001E-04   0.000000E+00
    8 H8          3.698414E-04  -8.484500E-05   0.000000E+00
    9 C9         -1.062054E-02  -7.622639E-03   0.000000E+00
   10 C10         1.004233E-02   1.162357E-02   0.000000E+00
   11 H11         5.225066E-04   1.195500E-03   0.000000E+00
   12 H12        -5.745864E-04  -1.181143E-03   0.000000E+00
   13 H13         9.815156E-04   6.305318E-04   0.000000E+00
   14 C14         1.062054E-02   7.622639E-03   0.000000E+00
   15 H15         5.745864E-04   1.181143E-03   0.000000E+00
   16 C16        -1.004233E-02  -1.162357E-02   0.000000E+00
   17 H17        -5.225066E-04  -1.195500E-03   0.000000E+00
   18 H18        -9.815156E-04  -6.305318E-04   0.000000E+00
   19 C19         8.709203E-03  -3.904666E-03   0.000000E+00
   20 H20         1.965824E-04   2.946001E-04   0.000000E+00
 -------------   -------------  -------------  -------------
     total        0.000000E+00   0.000000E+00   0.000000E+00
   
  Peak memory usage:    653 Mb
  
  end of program der1b
   
 Time(der1b)  user:        3.0  user+sys:        3.0  wallclock:        3.0
  
  start of program geopt
  
  geometry optimization step  2
  energy:            -379.77715461254 hartrees
  
  energy change:          -8.0477E-03 .  (  5.0000E-05 )
  gradient maximum:        1.7726E-02 .  (  4.5000E-04 )
  gradient rms:            4.5593E-03 .  (  3.0000E-04 )
  displacement maximum:    2.1366E-02 .  (  1.8000E-03 )
  displacement rms:        6.4359E-03 .  (  1.2000E-03 )
  
  predicted energy change:  -8.6791E-04
  step size:     0.04985
  trust radius:  0.30000
  
  molecular structure not yet converged...
  
  center of mass moved by:
     x:    -6.1452E-17     y:     4.6089E-17     z:     0.0000E+00
  
  new geometry: 
                                   angstroms
  atom               x                 y                 z
  C1            0.2609463018     -1.3881445881      0.0000000000 
  C2           -1.0478975930     -0.9038364055      0.0000000000 
  C3           -1.3001619559      0.4549859377      0.0000000000 
  C4           -0.2609463018      1.3881445881      0.0000000000 
  C5            1.0478975930      0.9038364055      0.0000000000 
  H6           -1.8801516614     -1.5937036697      0.0000000000 
  H7           -2.3240447255      0.8056830877      0.0000000000 
  H8            1.8801516614      1.5937036697      0.0000000000 
  C9           -0.5912812323      2.8477064548      0.0000000000 
  C10           0.2597324366      3.8501612519      0.0000000000 
  H11           1.3311116137      3.7137446620      0.0000000000 
  H12          -1.6538119807      3.0626623101      0.0000000000 
  H13          -0.0817164613      4.8755701775      0.0000000000 
  C14           0.5912812323     -2.8477064548      0.0000000000 
  H15           1.6538119807     -3.0626623101      0.0000000000 
  C16          -0.2597324366     -3.8501612519      0.0000000000 
  H17          -1.3311116137     -3.7137446620      0.0000000000 
  H18           0.0817164613     -4.8755701775      0.0000000000 
  C19           1.3001619559     -0.4549859377      0.0000000000 
  H20           2.3240447255     -0.8056830877      0.0000000000 
   
  nuclear repulsion energy.......     451.942457866 hartrees
  -------------------------------------------------
 /  end of geometry optimization iteration   2   /
 -------------------------------------------------
   
  Peak memory usage:    483 Mb
  
  end of program geopt
   
 Time(geopt)  user:        0.0  user+sys:        0.0  wallclock:        0.1
  
  start of program onee
  
  smallest eigenvalue of S:    1.689E-01
  number of canonical orbitals.....           60
  Peak memory usage:    621 Mb
  
  end of program onee
   
 Time(onee)  user:        0.0  user+sys:        0.0  wallclock:        0.1
  
  start of program probe
  
  Peak memory usage:    560 Mb
  
  end of program probe
   
 Time(probe)  user:        0.0  user+sys:        0.0  wallclock:        0.1
  
  start of program scf
  
  
       i  u  d  i  g                   
       t  p  i  c  r                                 RMS    maximum
       e  d  i  u  i                       energy  density   DIIS  
       r  t  s  t  d       total energy    change  change    error 
  
etot    1  N  N  0  N    -379.77788403548           5.4E-05  2.3E-03
etot    2  Y  Y  0  N    -379.77794175594  5.8E-05  1.6E-05  3.4E-04
etot    3  N  Y  0  N    -379.77794486534  3.1E-06  2.7E-06  6.3E-05
etot    4  N  N  0  N    -379.77794501232  1.5E-07  0.0E+00  0.0E+00
  
  
 Energy components, in hartrees:
   (A)  Nuclear repulsion............     451.94245786612
   (E)  Total one-electron terms.....   -1411.79611406814
   (I)  Total two-electron terms.....     580.07571118970
   (L)  Electronic energy............    -831.72040287844  (E+I)
   (N)  Total energy.................    -379.77794501232  (A+L)
  
 SCFE: SCF energy: HF      -379.77794501232 hartrees   iterations:   4
  
 
 HOMO energy:    -0.23302
 LUMO energy:     0.20660
 
  Orbital energies (hartrees)/symmetry label: 
   -11.04104 Bu        -11.04097 Ag        -11.03245 Bu        -11.03245 Ag     
   -11.02895 Bu        -11.02882 Ag        -11.02833 Bu        -11.02829 Ag     
   -11.01791 Bu        -11.01791 Ag         -1.10640 Ag         -1.03138 Bu     
    -0.98811 Ag         -0.96080 Bu         -0.92258 Bu         -0.80641 Ag     
    -0.77122 Ag         -0.73312 Bu         -0.70730 Ag         -0.63906 Ag     
    -0.61501 Bu         -0.57765 Bu         -0.56372 Bu         -0.56283 Ag     
    -0.53241 Bu         -0.50726 Bu         -0.49822 Ag         -0.47703 Au     
    -0.44897 Bu         -0.42580 Ag         -0.41839 Ag         -0.38648 Bg     
    -0.32654 Au         -0.28554 Bg         -0.23302 Bg          0.20660 Au     
     0.27318 Au          0.31810 Bg          0.40557 Au          0.53716 Bg     
     0.56857 Ag          0.58323 Bu          0.63210 Bu          0.63558 Ag     
     0.68243 Ag     
 
  Peak memory usage:    653 Mb
  
  end of program scf
   
 Time(scf)  user:        1.0  user+sys:        1.0  wallclock:        1.8
  
  start of program cutabab2
  
  Peak memory usage:    577 Mb
  
  end of program cutabab2
   
 Time(cutabab2)  user:        0.0  user+sys:        0.0  wallclock:        0.1
  
  start of program der1a
  
  Peak memory usage:    621 Mb
  
  end of program der1a
   
 Time(der1a)  user:        0.0  user+sys:        0.0  wallclock:        0.1
  
  start of program der1b
  
   
  forces (hartrees/bohr) : total     
   
 atom  label           x              y              z
 ---- --------   -------------  -------------  -------------
    1 C1          1.672547E-04   6.173328E-04   0.000000E+00
    2 C2          5.275273E-04  -7.901955E-08   0.000000E+00
    3 C3          5.695831E-04   4.339794E-04   0.000000E+00
    4 C4         -1.672547E-04  -6.173328E-04   0.000000E+00
    5 C5         -5.275273E-04   7.901955E-08   0.000000E+00
    6 H6         -3.153717E-04  -1.670048E-04   0.000000E+00
    7 H7         -3.330382E-04  -1.452592E-05   0.000000E+00
    8 H8          3.153717E-04   1.670048E-04   0.000000E+00
    9 C9          1.603629E-03   1.344596E-03   0.000000E+00
   10 C10        -1.513431E-03  -2.253188E-03   0.000000E+00
   11 H11         4.068247E-04   4.533967E-05   0.000000E+00
   12 H12        -3.434502E-04  -4.623978E-05   0.000000E+00
   13 H13        -6.250889E-05   3.414367E-04   0.000000E+00
   14 C14        -1.603629E-03  -1.344596E-03   0.000000E+00
   15 H15         3.434502E-04   4.623978E-05   0.000000E+00
   16 C16         1.513431E-03   2.253188E-03   0.000000E+00
   17 H17        -4.068247E-04  -4.533967E-05   0.000000E+00
   18 H18         6.250889E-05  -3.414367E-04   0.000000E+00
   19 C19        -5.695831E-04  -4.339794E-04   0.000000E+00
   20 H20         3.330382E-04   1.452592E-05   0.000000E+00
 -------------   -------------  -------------  -------------
     total        0.000000E+00   0.000000E+00   0.000000E+00
   
  Peak memory usage:    653 Mb
  
  end of program der1b
   
 Time(der1b)  user:        3.0  user+sys:        3.0  wallclock:        3.0
  
  start of program geopt
  
  geometry optimization step  3
  energy:            -379.77794501232 hartrees
  
  energy change:          -7.9040E-04 .  (  5.0000E-05 )
  gradient maximum:        2.1798E-03 .  (  4.5000E-04 )
  gradient rms:            5.0543E-04 .  (  3.0000E-04 )
  displacement maximum:    2.5665E-03 .  (  1.8000E-03 )
  displacement rms:        7.5144E-04 *  (  1.2000E-03 )
  
  predicted energy change:  -1.0681E-05
  step size:     0.00582
  trust radius:  0.30000
  
  molecular structure not yet converged...
  
  center of mass moved by:
     x:     0.0000E+00     y:    -1.4510E-16     z:     0.0000E+00
  
  new geometry: 
                                   angstroms
  atom               x                 y                 z
  C1            0.2616388320     -1.3871370796      0.0000000000 
  C2           -1.0475467540     -0.9041244158      0.0000000000 
  C3           -1.3006921406      0.4544846662      0.0000000000 
  C4           -0.2616388320      1.3871370796      0.0000000000 
  C5            1.0475467540      0.9041244158      0.0000000000 
  H6           -1.8797990091     -1.5946250477      0.0000000000 
  H7           -2.3251998121      0.8044647185      0.0000000000 
  H8            1.8797990091      1.5946250477      0.0000000000 
  C9           -0.5916275221      2.8461023985      0.0000000000 
  C10           0.2598044084      3.8464191543      0.0000000000 
  H11           1.3315286792      3.7091077290      0.0000000000 
  H12          -1.6545191917      3.0612168678      0.0000000000 
  H13          -0.0803721439      4.8726690172      0.0000000000 
  C14           0.5916275221     -2.8461023985      0.0000000000 
  H15           1.6545191917     -3.0612168678      0.0000000000 
  C16          -0.2598044084     -3.8464191543      0.0000000000 
  H17          -1.3315286792     -3.7091077290      0.0000000000 
  H18           0.0803721439     -4.8726690172      0.0000000000 
  C19           1.3006921406     -0.4544846662      0.0000000000 
  H20           2.3251998121     -0.8044647185      0.0000000000 
   
  nuclear repulsion energy.......     452.119256942 hartrees
  -------------------------------------------------
 /  end of geometry optimization iteration   3   /
 -------------------------------------------------
   
  Peak memory usage:    483 Mb
  
  end of program geopt
   
 Time(geopt)  user:        0.0  user+sys:        0.0  wallclock:        0.1
  
  start of program onee
  
  smallest eigenvalue of S:    1.688E-01
  number of canonical orbitals.....           60
  Peak memory usage:    621 Mb
  
  end of program onee
   
 Time(onee)  user:        0.0  user+sys:        0.0  wallclock:        0.1
  
  start of program probe
  
  Peak memory usage:    560 Mb
  
  end of program probe
   
 Time(probe)  user:        0.0  user+sys:        0.0  wallclock:        0.1
  
  start of program scf
  
  
       i  u  d  i  g                   
       t  p  i  c  r                                 RMS    maximum
       e  d  i  u  i                       energy  density   DIIS  
       r  t  s  t  d       total energy    change  change    error 
  
etot    1  N  N  0  N    -379.77795322738           8.9E-06  2.7E-04
etot    2  N  Y  0  N    -379.77795492929  1.7E-06  3.1E-06  6.2E-05
etot    3  N  N  0  N    -379.77795506898  1.4E-07  0.0E+00  0.0E+00
  
  
 Energy components, in hartrees:
   (A)  Nuclear repulsion............     452.11925694232
   (E)  Total one-electron terms.....   -1412.14686840187
   (I)  Total two-electron terms.....     580.24965639057
   (L)  Electronic energy............    -831.89721201130  (E+I)
   (N)  Total energy.................    -379.77795506898  (A+L)
  
 SCFE: SCF energy: HF      -379.77795506898 hartrees   iterations:   3
  
 
 HOMO energy:    -0.23314
 LUMO energy:     0.20686
 
  Orbital energies (hartrees)/symmetry label: 
   -11.04096 Bu        -11.04089 Ag        -11.03242 Bu        -11.03242 Ag     
   -11.02891 Bu        -11.02878 Ag        -11.02833 Bu        -11.02829 Ag     
   -11.01791 Bu        -11.01791 Ag         -1.10658 Ag         -1.03176 Bu     
    -0.98846 Ag         -0.96088 Bu         -0.92263 Bu         -0.80642 Ag     
    -0.77121 Ag         -0.73295 Bu         -0.70717 Ag         -0.63913 Ag     
    -0.61512 Bu         -0.57758 Bu         -0.56380 Bu         -0.56286 Ag     
    -0.53245 Bu         -0.50734 Bu         -0.49809 Ag         -0.47721 Au     
    -0.44870 Bu         -0.42589 Ag         -0.41825 Ag         -0.38687 Bg     
    -0.32690 Au         -0.28555 Bg         -0.23314 Bg          0.20686 Au     
     0.27318 Au          0.31859 Bg          0.40607 Au          0.53744 Bg     
     0.56860 Ag          0.58279 Bu          0.63239 Bu          0.63484 Ag     
     0.68227 Ag     
 
  Peak memory usage:    653 Mb
  
  end of program scf
   
 Time(scf)  user:        1.0  user+sys:        1.0  wallclock:        1.5
  
  start of program cutabab2
  
  Peak memory usage:    577 Mb
  
  end of program cutabab2
   
 Time(cutabab2)  user:        0.0  user+sys:        0.0  wallclock:        0.1
  
  start of program der1a
  
  Peak memory usage:    621 Mb
  
  end of program der1a
   
 Time(der1a)  user:        0.0  user+sys:        0.0  wallclock:        0.1
  
  start of program der1b
  
   
  forces (hartrees/bohr) : total     
   
 atom  label           x              y              z
 ---- --------   -------------  -------------  -------------
    1 C1         -5.614378E-05   4.209704E-04   0.000000E+00
    2 C2          1.358787E-04  -2.275632E-05   0.000000E+00
    3 C3          1.209720E-04   5.216895E-05   0.000000E+00
    4 C4          5.614378E-05  -4.209704E-04   0.000000E+00
    5 C5         -1.358787E-04   2.275632E-05   0.000000E+00
    6 H6          3.863168E-05   5.135534E-05   0.000000E+00
    7 H7          3.551961E-05  -2.719934E-05   0.000000E+00
    8 H8         -3.863168E-05  -5.135534E-05   0.000000E+00
    9 C9         -7.798130E-05   1.676972E-04   0.000000E+00
   10 C10         9.051332E-06  -8.230116E-06   0.000000E+00
   11 H11        -5.295852E-05   8.860324E-05   0.000000E+00
   12 H12         4.453496E-05  -2.993311E-05   0.000000E+00
   13 H13         7.444806E-05   1.481791E-05   0.000000E+00
   14 C14         7.798130E-05  -1.676972E-04   0.000000E+00
   15 H15        -4.453496E-05   2.993311E-05   0.000000E+00
   16 C16        -9.051332E-06   8.230116E-06   0.000000E+00
   17 H17         5.295852E-05  -8.860324E-05   0.000000E+00
   18 H18        -7.444806E-05  -1.481791E-05   0.000000E+00
   19 C19        -1.209720E-04  -5.216895E-05   0.000000E+00
   20 H20        -3.551961E-05   2.719934E-05   0.000000E+00
 -------------   -------------  -------------  -------------
     total        0.000000E+00   0.000000E+00   0.000000E+00
   
  Peak memory usage:    653 Mb
  
  end of program der1b
   
 Time(der1b)  user:        3.0  user+sys:        3.0  wallclock:        3.1
  
  start of program geopt
  
  geometry optimization step  4
  energy:            -379.77795506898 hartrees
  
  energy change:          -1.0057E-05 *  (  5.0000E-05 )
  gradient maximum:        2.2767E-04 *  (  4.5000E-04 )
  gradient rms:            8.6457E-05 *  (  3.0000E-04 )
  displacement maximum:    5.8545E-04 *  (  1.8000E-03 )
  displacement rms:        1.8447E-04 #  (  1.2000E-03 )
  
  predicted energy change:  -4.5805E-07
  step size:     0.00143
  trust radius:  0.30000
  
  ********************************************************
  **           Geometry optimization complete           **
  ********************************************************
  
  Checking the geometry optimization convergence pattern ...
  
  best                    worst
  ==0=====1=====2=====3=====4==
    ^                          
  
  Convergence category 0: monotonic convergence.
  Geometry optimization was OK.
  
  Number of imaginary frequencies:   0
  
  center of mass moved by:
     x:     0.0000E+00     y:     0.0000E+00     z:     0.0000E+00
  
  final geometry: 
                                   angstroms
  atom               x                 y                 z
  C1            0.2616388320     -1.3871370796      0.0000000000 
  C2           -1.0475467540     -0.9041244158      0.0000000000 
  C3           -1.3006921406      0.4544846662      0.0000000000 
  C4           -0.2616388320      1.3871370796      0.0000000000 
  C5            1.0475467540      0.9041244158      0.0000000000 
  H6           -1.8797990091     -1.5946250477      0.0000000000 
  H7           -2.3251998121      0.8044647185      0.0000000000 
  H8            1.8797990091      1.5946250477      0.0000000000 
  C9           -0.5916275221      2.8461023985      0.0000000000 
  C10           0.2598044084      3.8464191543      0.0000000000 
  H11           1.3315286792      3.7091077290      0.0000000000 
  H12          -1.6545191917      3.0612168678      0.0000000000 
  H13          -0.0803721439      4.8726690172      0.0000000000 
  C14           0.5916275221     -2.8461023985      0.0000000000 
  H15           1.6545191917     -3.0612168678      0.0000000000 
  C16          -0.2598044084     -3.8464191543      0.0000000000 
  H17          -1.3315286792     -3.7091077290      0.0000000000 
  H18           0.0803721439     -4.8726690172      0.0000000000 
  C19           1.3006921406     -0.4544846662      0.0000000000 
  H20           2.3251998121     -0.8044647185      0.0000000000 
   
  principal moments of inertia:
        amu*angstrom^2:      105.34437      721.53106      826.87543
                g*cm^2: 1.74928427E-38 1.19813036E-37 1.37305878E-37
   
  rotational constants:
               cm^(-1):      0.16002401      0.02336369      0.02038714
                   GHz:      4.79739912      0.70042586      0.61119123
   
  nuclear repulsion energy.......     452.119256942 hartrees
  -------------------------------------------------
 /  end of geometry optimization iteration   4   /
 -------------------------------------------------
   
  Peak memory usage:    483 Mb
  
  end of program geopt
   
 Time(geopt)  user:        0.0  user+sys:        0.0  wallclock:        0.1

 Total cpu seconds     user:      17.000   user+sys:      17.000
  
 Total elapsed time:    25 seconds

Job dvb_gopt_hf completed on silenziosa at Tue Apr  8 11:21:58 2014
