Job dvb_un_sp_ks started on silenziosa at Tue Apr  8 11:42:53 2014
jobid: silenziosa-0-534418fd

  +--------------------------------------------------------------------+
  |  Jaguar version 8.3, release  13                                   |
  |                                                                    |
  |  Copyright Schrodinger, Inc.                                       |
  |  All Rights Reserved.                                              |
  |                                                                    |
  |  The following have contributed to Jaguar (listed alphabetically): |
  |  Mike Beachy, Art Bochevarov, Dale Braden, Yixiang Cao,            |
  |  Chris Cortis, Rich Friesner, Bill Goddard, Hod Greeley,           |
  |  Tom Hughes, Jean-Marc Langlois, Daniel Mainz, Rob Murphy,         |
  |  Dean Philipp, Tom Pollard, Murco Ringnalda.                       |
  |                                                                    |
  |  Use of this program should be acknowledged in publications as:    |
  |                                                                    |
  |  Jaguar, version 8.3, Schrodinger, Inc., New York, NY, 2014.       |
  |                                                                    |
  |  A. D. Bochevarov, E. Harder, T. F. Hughes, J. R. Greenwood,       |
  |  D. A. Braden, D. M. Philipp, D. Rinaldo, M. D. Halls,             |
  |  J. Zhang, R. A. Friesner, "Jaguar: A High-Performance Quantum     |
  |  Chemistry Software Program with Strengths in Life and Materials   |
  |  Sciences", Int. J. Quantum Chem., 2013, 113(18), 2110-2142.       |
  +--------------------------------------------------------------------+
  
  start of program pre
  
  Job name: dvb_un_sp_ks
  Executables used: /usr/local/lib/schrodinger2014-1/jaguar-v83013/bin/Linux-x86_64
  Temporary files : /home/kml/dvb_un_sp_ks
  
  
  basis set:             sto-3g          
  net molecular charge:    1
  multiplicity:            2
  
  number of basis functions....           60
  
  Basis set name for each atom
  
  Atom     Basis 
  C1       sto-3g          
  C2       sto-3g          
  C3       sto-3g          
  C4       sto-3g          
  C5       sto-3g          
  H6       sto-3g          
  H7       sto-3g          
  H8       sto-3g          
  C9       sto-3g          
  C10      sto-3g          
  H11      sto-3g          
  H12      sto-3g          
  H13      sto-3g          
  C14      sto-3g          
  H15      sto-3g          
  C16      sto-3g          
  H17      sto-3g          
  H18      sto-3g          
  C19      sto-3g          
  H20      sto-3g          
  
  Gaussian basis set information
  
                                                        renorm    mfac*renorm
   atom    fn   prim  L        z            coef         coef         coef
 -------- ----- ---- --- -------------  -----------  -----------  -----------
 C1           1    1   S  7.161684E+01   1.5433E-01   2.7078E+00   2.7078E+00
 C1           1    2   S  1.304510E+01   5.3533E-01   2.6189E+00   2.6189E+00
 C1           1    3   S  3.530512E+00   4.4463E-01   8.1619E-01   8.1619E-01
 C1           2    4   S  2.941249E+00  -2.9565E-01  -4.7324E-01  -4.7324E-01
 C1           2    5   S  6.834831E-01   1.1815E+00   6.3299E-01   6.3299E-01
 C1           3    6   X  2.941249E+00   2.2135E-01   1.2153E+00   1.2153E+00
              4        Y                                           1.2153E+00
              5        Z                                           1.2153E+00
 C1           3    7   X  6.834831E-01   8.6271E-01   7.6421E-01   7.6421E-01
              4        Y                                           7.6421E-01
              5        Z                                           7.6421E-01
 C1           2    8   S  2.222899E-01   1.0000E+00   2.3073E-01   2.3073E-01
 C1           3    9   X  2.222899E-01   1.0000E+00   2.1757E-01   2.1757E-01
              4        Y                                           2.1757E-01
              5        Z                                           2.1757E-01
 C2           6    1   S  7.161684E+01   1.5433E-01   2.7078E+00   2.7078E+00
 C2           6    2   S  1.304510E+01   5.3533E-01   2.6189E+00   2.6189E+00
 C2           6    3   S  3.530512E+00   4.4463E-01   8.1619E-01   8.1619E-01
 C2           7    4   S  2.941249E+00  -2.9565E-01  -4.7324E-01  -4.7324E-01
 C2           7    5   S  6.834831E-01   1.1815E+00   6.3299E-01   6.3299E-01
 C2           8    6   X  2.941249E+00   2.2135E-01   1.2153E+00   1.2153E+00
              9        Y                                           1.2153E+00
             10        Z                                           1.2153E+00
 C2           8    7   X  6.834831E-01   8.6271E-01   7.6421E-01   7.6421E-01
              9        Y                                           7.6421E-01
             10        Z                                           7.6421E-01
 C2           7    8   S  2.222899E-01   1.0000E+00   2.3073E-01   2.3073E-01
 C2           8    9   X  2.222899E-01   1.0000E+00   2.1757E-01   2.1757E-01
              9        Y                                           2.1757E-01
             10        Z                                           2.1757E-01
 C3          11    1   S  7.161684E+01   1.5433E-01   2.7078E+00   2.7078E+00
 C3          11    2   S  1.304510E+01   5.3533E-01   2.6189E+00   2.6189E+00
 C3          11    3   S  3.530512E+00   4.4463E-01   8.1619E-01   8.1619E-01
 C3          12    4   S  2.941249E+00  -2.9565E-01  -4.7324E-01  -4.7324E-01
 C3          12    5   S  6.834831E-01   1.1815E+00   6.3299E-01   6.3299E-01
 C3          13    6   X  2.941249E+00   2.2135E-01   1.2153E+00   1.2153E+00
             14        Y                                           1.2153E+00
             15        Z                                           1.2153E+00
 C3          13    7   X  6.834831E-01   8.6271E-01   7.6421E-01   7.6421E-01
             14        Y                                           7.6421E-01
             15        Z                                           7.6421E-01
 C3          12    8   S  2.222899E-01   1.0000E+00   2.3073E-01   2.3073E-01
 C3          13    9   X  2.222899E-01   1.0000E+00   2.1757E-01   2.1757E-01
             14        Y                                           2.1757E-01
             15        Z                                           2.1757E-01
 C4          16    1   S  7.161684E+01   1.5433E-01   2.7078E+00   2.7078E+00
 C4          16    2   S  1.304510E+01   5.3533E-01   2.6189E+00   2.6189E+00
 C4          16    3   S  3.530512E+00   4.4463E-01   8.1619E-01   8.1619E-01
 C4          17    4   S  2.941249E+00  -2.9565E-01  -4.7324E-01  -4.7324E-01
 C4          17    5   S  6.834831E-01   1.1815E+00   6.3299E-01   6.3299E-01
 C4          18    6   X  2.941249E+00   2.2135E-01   1.2153E+00   1.2153E+00
             19        Y                                           1.2153E+00
             20        Z                                           1.2153E+00
 C4          18    7   X  6.834831E-01   8.6271E-01   7.6421E-01   7.6421E-01
             19        Y                                           7.6421E-01
             20        Z                                           7.6421E-01
 C4          17    8   S  2.222899E-01   1.0000E+00   2.3073E-01   2.3073E-01
 C4          18    9   X  2.222899E-01   1.0000E+00   2.1757E-01   2.1757E-01
             19        Y                                           2.1757E-01
             20        Z                                           2.1757E-01
 C5          21    1   S  7.161684E+01   1.5433E-01   2.7078E+00   2.7078E+00
 C5          21    2   S  1.304510E+01   5.3533E-01   2.6189E+00   2.6189E+00
 C5          21    3   S  3.530512E+00   4.4463E-01   8.1619E-01   8.1619E-01
 C5          22    4   S  2.941249E+00  -2.9565E-01  -4.7324E-01  -4.7324E-01
 C5          22    5   S  6.834831E-01   1.1815E+00   6.3299E-01   6.3299E-01
 C5          23    6   X  2.941249E+00   2.2135E-01   1.2153E+00   1.2153E+00
             24        Y                                           1.2153E+00
             25        Z                                           1.2153E+00
 C5          23    7   X  6.834831E-01   8.6271E-01   7.6421E-01   7.6421E-01
             24        Y                                           7.6421E-01
             25        Z                                           7.6421E-01
 C5          22    8   S  2.222899E-01   1.0000E+00   2.3073E-01   2.3073E-01
 C5          23    9   X  2.222899E-01   1.0000E+00   2.1757E-01   2.1757E-01
             24        Y                                           2.1757E-01
             25        Z                                           2.1757E-01
 H6          26    1   S  3.425251E+00   2.4050E-01   4.3157E-01   4.3157E-01
 H6          26    2   S  6.239137E-01   8.3424E-01   4.1739E-01   4.1739E-01
 H6          26    3   S  1.688554E-01   1.0000E+00   1.8774E-01   1.8774E-01
 H7          27    1   S  3.425251E+00   2.4050E-01   4.3157E-01   4.3157E-01
 H7          27    2   S  6.239137E-01   8.3424E-01   4.1739E-01   4.1739E-01
 H7          27    3   S  1.688554E-01   1.0000E+00   1.8774E-01   1.8774E-01
 H8          28    1   S  3.425251E+00   2.4050E-01   4.3157E-01   4.3157E-01
 H8          28    2   S  6.239137E-01   8.3424E-01   4.1739E-01   4.1739E-01
 H8          28    3   S  1.688554E-01   1.0000E+00   1.8774E-01   1.8774E-01
 C9          29    1   S  7.161684E+01   1.5433E-01   2.7078E+00   2.7078E+00
 C9          29    2   S  1.304510E+01   5.3533E-01   2.6189E+00   2.6189E+00
 C9          29    3   S  3.530512E+00   4.4463E-01   8.1619E-01   8.1619E-01
 C9          30    4   S  2.941249E+00  -2.9565E-01  -4.7324E-01  -4.7324E-01
 C9          30    5   S  6.834831E-01   1.1815E+00   6.3299E-01   6.3299E-01
 C9          31    6   X  2.941249E+00   2.2135E-01   1.2153E+00   1.2153E+00
             32        Y                                           1.2153E+00
             33        Z                                           1.2153E+00
 C9          31    7   X  6.834831E-01   8.6271E-01   7.6421E-01   7.6421E-01
             32        Y                                           7.6421E-01
             33        Z                                           7.6421E-01
 C9          30    8   S  2.222899E-01   1.0000E+00   2.3073E-01   2.3073E-01
 C9          31    9   X  2.222899E-01   1.0000E+00   2.1757E-01   2.1757E-01
             32        Y                                           2.1757E-01
             33        Z                                           2.1757E-01
 C10         34    1   S  7.161684E+01   1.5433E-01   2.7078E+00   2.7078E+00
 C10         34    2   S  1.304510E+01   5.3533E-01   2.6189E+00   2.6189E+00
 C10         34    3   S  3.530512E+00   4.4463E-01   8.1619E-01   8.1619E-01
 C10         35    4   S  2.941249E+00  -2.9565E-01  -4.7324E-01  -4.7324E-01
 C10         35    5   S  6.834831E-01   1.1815E+00   6.3299E-01   6.3299E-01
 C10         36    6   X  2.941249E+00   2.2135E-01   1.2153E+00   1.2153E+00
             37        Y                                           1.2153E+00
             38        Z                                           1.2153E+00
 C10         36    7   X  6.834831E-01   8.6271E-01   7.6421E-01   7.6421E-01
             37        Y                                           7.6421E-01
             38        Z                                           7.6421E-01
 C10         35    8   S  2.222899E-01   1.0000E+00   2.3073E-01   2.3073E-01
 C10         36    9   X  2.222899E-01   1.0000E+00   2.1757E-01   2.1757E-01
             37        Y                                           2.1757E-01
             38        Z                                           2.1757E-01
 H11         39    1   S  3.425251E+00   2.4050E-01   4.3157E-01   4.3157E-01
 H11         39    2   S  6.239137E-01   8.3424E-01   4.1739E-01   4.1739E-01
 H11         39    3   S  1.688554E-01   1.0000E+00   1.8774E-01   1.8774E-01
 H12         40    1   S  3.425251E+00   2.4050E-01   4.3157E-01   4.3157E-01
 H12         40    2   S  6.239137E-01   8.3424E-01   4.1739E-01   4.1739E-01
 H12         40    3   S  1.688554E-01   1.0000E+00   1.8774E-01   1.8774E-01
 H13         41    1   S  3.425251E+00   2.4050E-01   4.3157E-01   4.3157E-01
 H13         41    2   S  6.239137E-01   8.3424E-01   4.1739E-01   4.1739E-01
 H13         41    3   S  1.688554E-01   1.0000E+00   1.8774E-01   1.8774E-01
 C14         42    1   S  7.161684E+01   1.5433E-01   2.7078E+00   2.7078E+00
 C14         42    2   S  1.304510E+01   5.3533E-01   2.6189E+00   2.6189E+00
 C14         42    3   S  3.530512E+00   4.4463E-01   8.1619E-01   8.1619E-01
 C14         43    4   S  2.941249E+00  -2.9565E-01  -4.7324E-01  -4.7324E-01
 C14         43    5   S  6.834831E-01   1.1815E+00   6.3299E-01   6.3299E-01
 C14         44    6   X  2.941249E+00   2.2135E-01   1.2153E+00   1.2153E+00
             45        Y                                           1.2153E+00
             46        Z                                           1.2153E+00
 C14         44    7   X  6.834831E-01   8.6271E-01   7.6421E-01   7.6421E-01
             45        Y                                           7.6421E-01
             46        Z                                           7.6421E-01
 C14         43    8   S  2.222899E-01   1.0000E+00   2.3073E-01   2.3073E-01
 C14         44    9   X  2.222899E-01   1.0000E+00   2.1757E-01   2.1757E-01
             45        Y                                           2.1757E-01
             46        Z                                           2.1757E-01
 H15         47    1   S  3.425251E+00   2.4050E-01   4.3157E-01   4.3157E-01
 H15         47    2   S  6.239137E-01   8.3424E-01   4.1739E-01   4.1739E-01
 H15         47    3   S  1.688554E-01   1.0000E+00   1.8774E-01   1.8774E-01
 C16         48    1   S  7.161684E+01   1.5433E-01   2.7078E+00   2.7078E+00
 C16         48    2   S  1.304510E+01   5.3533E-01   2.6189E+00   2.6189E+00
 C16         48    3   S  3.530512E+00   4.4463E-01   8.1619E-01   8.1619E-01
 C16         49    4   S  2.941249E+00  -2.9565E-01  -4.7324E-01  -4.7324E-01
 C16         49    5   S  6.834831E-01   1.1815E+00   6.3299E-01   6.3299E-01
 C16         50    6   X  2.941249E+00   2.2135E-01   1.2153E+00   1.2153E+00
             51        Y                                           1.2153E+00
             52        Z                                           1.2153E+00
 C16         50    7   X  6.834831E-01   8.6271E-01   7.6421E-01   7.6421E-01
             51        Y                                           7.6421E-01
             52        Z                                           7.6421E-01
 C16         49    8   S  2.222899E-01   1.0000E+00   2.3073E-01   2.3073E-01
 C16         50    9   X  2.222899E-01   1.0000E+00   2.1757E-01   2.1757E-01
             51        Y                                           2.1757E-01
             52        Z                                           2.1757E-01
 H17         53    1   S  3.425251E+00   2.4050E-01   4.3157E-01   4.3157E-01
 H17         53    2   S  6.239137E-01   8.3424E-01   4.1739E-01   4.1739E-01
 H17         53    3   S  1.688554E-01   1.0000E+00   1.8774E-01   1.8774E-01
 H18         54    1   S  3.425251E+00   2.4050E-01   4.3157E-01   4.3157E-01
 H18         54    2   S  6.239137E-01   8.3424E-01   4.1739E-01   4.1739E-01
 H18         54    3   S  1.688554E-01   1.0000E+00   1.8774E-01   1.8774E-01
 C19         55    1   S  7.161684E+01   1.5433E-01   2.7078E+00   2.7078E+00
 C19         55    2   S  1.304510E+01   5.3533E-01   2.6189E+00   2.6189E+00
 C19         55    3   S  3.530512E+00   4.4463E-01   8.1619E-01   8.1619E-01
 C19         56    4   S  2.941249E+00  -2.9565E-01  -4.7324E-01  -4.7324E-01
 C19         56    5   S  6.834831E-01   1.1815E+00   6.3299E-01   6.3299E-01
 C19         57    6   X  2.941249E+00   2.2135E-01   1.2153E+00   1.2153E+00
             58        Y                                           1.2153E+00
             59        Z                                           1.2153E+00
 C19         57    7   X  6.834831E-01   8.6271E-01   7.6421E-01   7.6421E-01
             58        Y                                           7.6421E-01
             59        Z                                           7.6421E-01
 C19         56    8   S  2.222899E-01   1.0000E+00   2.3073E-01   2.3073E-01
 C19         57    9   X  2.222899E-01   1.0000E+00   2.1757E-01   2.1757E-01
             58        Y                                           2.1757E-01
             59        Z                                           2.1757E-01
 H20         60    1   S  3.425251E+00   2.4050E-01   4.3157E-01   4.3157E-01
 H20         60    2   S  6.239137E-01   8.3424E-01   4.1739E-01   4.1739E-01
 H20         60    3   S  1.688554E-01   1.0000E+00   1.8774E-01   1.8774E-01
  
  Effective Core Potential 
  
  Atom      Electrons represented by ECP
 C1                     0
 C2                     0
 C3                     0
 C4                     0
 C5                     0
 H6                     0
 H7                     0
 H8                     0
 C9                     0
 C10                    0
 H11                    0
 H12                    0
 H13                    0
 C14                    0
 H15                    0
 C16                    0
 H17                    0
 H18                    0
 C19                    0
 H20                    0
  
  no dealiasing set available for atom            1
  switch to all-analytic calculation
  
 Input geometry:
                                   angstroms
  atom               x                 y                 z
  C1            0.2694810000     -1.4100870000      0.0000000000 
  C2           -1.0647520000     -0.9207000000      0.0000000000 
  C3           -1.3254340000      0.4570290000      0.0000000000 
  C4           -0.2694810000      1.4100870000      0.0000000000 
  C5            1.0647520000      0.9207000000      0.0000000000 
  H6           -1.9044340000     -1.6275960000      0.0000000000 
  H7           -2.3647720000      0.8131670000      0.0000000000 
  H8            1.9044340000      1.6275960000      0.0000000000 
  C9           -0.6037320000      2.8699170000      0.0000000000 
  C10           0.2694810000      3.8919520000      0.0000000000 
  H11           1.3551660000      3.7420140000      0.0000000000 
  H12          -1.6819040000      3.0900050000      0.0000000000 
  H13          -0.0740290000      4.9329690000      0.0000000000 
  C14           0.6037320000     -2.8699170000      0.0000000000 
  H15           1.6819040000     -3.0900050000      0.0000000000 
  C16          -0.2694810000     -3.8919520000      0.0000000000 
  H17          -1.3551660000     -3.7420140000      0.0000000000 
  H18           0.0740290000     -4.9329690000      0.0000000000 
  C19           1.3254340000     -0.4570290000      0.0000000000 
  H20           2.3647720000     -0.8131670000      0.0000000000 
   
  principal moments of inertia:
        amu*angstrom^2:      109.23594      737.84464      847.08058
                g*cm^2: 1.81390525E-38 1.22521969E-37 1.40661022E-37
   
  rotational constants:
               cm^(-1):      0.15432310      0.02284713      0.01990086
                   GHz:      4.62649016      0.68493959      0.59661267
   
  Molecular weight:     130.08 amu
   
  Stoichiometry: C10H10
  Molecular Point Group: C2h     
	Molecule translated to center of mass 
	Molecule reoriented along symmetry axes
  Point Group used: C2h
  
  
 Symmetrized geometry:
                                   angstroms
  atom               x                 y                 z
  C1            0.2694810000     -1.4100870000      0.0000000000 
  C2           -1.0647520000     -0.9207000000      0.0000000000 
  C3           -1.3254340000      0.4570290000      0.0000000000 
  C4           -0.2694810000      1.4100870000      0.0000000000 
  C5            1.0647520000      0.9207000000      0.0000000000 
  H6           -1.9044340000     -1.6275960000      0.0000000000 
  H7           -2.3647720000      0.8131670000      0.0000000000 
  H8            1.9044340000      1.6275960000      0.0000000000 
  C9           -0.6037320000      2.8699170000      0.0000000000 
  C10           0.2694810000      3.8919520000      0.0000000000 
  H11           1.3551660000      3.7420140000      0.0000000000 
  H12          -1.6819040000      3.0900050000      0.0000000000 
  H13          -0.0740290000      4.9329690000      0.0000000000 
  C14           0.6037320000     -2.8699170000      0.0000000000 
  H15           1.6819040000     -3.0900050000      0.0000000000 
  C16          -0.2694810000     -3.8919520000      0.0000000000 
  H17          -1.3551660000     -3.7420140000      0.0000000000 
  H18           0.0740290000     -4.9329690000      0.0000000000 
  C19           1.3254340000     -0.4570290000      0.0000000000 
  H20           2.3647720000     -0.8131670000      0.0000000000 
   
  nuclear repulsion energy.......     445.899315474 hartrees
 
 Non-default options chosen:
   SCF calculation type: UDFT(b3lyp)                 
   UDFT=Becke_3_Parameter/HF+Slater+Becke88+VWN+LYP (B3LYP)
   Mulliken populations computed by atom
  
 Non-default print settings:
      1=  2 102=  3
  
 Temporary integer options set:
     73=  2
  
  Peak memory usage:    479 Mb
  
  end of program pre
   
 Time(pre)  user:        0.0  user+sys:        0.0  wallclock:        0.1
  
  start of program onee
  
  smallest eigenvalue of S:    1.814E-01
  number of canonical orbitals.....           60
  Peak memory usage:    621 Mb
  
  end of program onee
   
 Time(onee)  user:        0.0  user+sys:        0.0  wallclock:        0.1
  
  start of program hfig
  
  initial wavefunction generated automatically from atomic wavefunctions
  
  -------------------
  Alpha orbital space
  -------------------
 
  Irreducible     Total no   No of occupied orbitals 
  representation  orbitals   Shell_1  Shell_2    ...
  Ag                25         15
  Bg                 5          3
  Au                 5          2
  Bu                25         15
  ------------------------
  Orbital occupation/shell    1.000
 
  ------------------
  Beta orbital space
  ------------------
 
  Irreducible     Total no   No of occupied orbitals 
  representation  orbitals   Shell_1  Shell_2    ...
  Ag                25         15
  Bg                 5          2
  Au                 5          2
  Bu                25         15
  ------------------------
  Orbital occupation/shell    1.000
 
  
  
    Unrestricted Spin Properties ...
    Sz*(Sz+1) ..............     0.750
    <S**2> of initial guess      0.750
  
  
  Peak memory usage:    561 Mb
  
  end of program hfig
   
 Time(hfig)  user:        0.0  user+sys:        0.0  wallclock:        0.3
  
  start of program probe
  
  Peak memory usage:    560 Mb
  
  end of program probe
   
 Time(probe)  user:        0.0  user+sys:        0.0  wallclock:        0.1
  
  start of program grid
  
  
   grid     grid set  grid #  grid sym
  ------    --------  ------  --------
  coarse        0        0        1
  medium        0        0        1
  fine          0        0        1
  ultrafine     0        0        1
  charge        0        0        1
  gradient      0        0        1
  density       0        0        1
  DFT-fine    -11        1        4
  DFT-med.    -10        2        4
  DFT-grad    -12        3        4
  DFT-der2      0        0        1
  DFT-cphf      0        0        1
  LMP2-enrg     0        0        1
  LMP2-grad     0        0        1
  DFT-cphf2     0        0        1
  PBF-dens      0        0        1
  plotting      0        0        1
  
   
  number of gridpoints: 
     atom        C1       C2       C3       C4       C5       H6       H7
  grid # 1        0        0        0     2430     2430        0        0
  grid # 2        0        0        0      756      756        0        0
  grid # 3        0        0        0     3001     3001        0        0
   
  number of gridpoints: 
     atom        H8       C9      C10      H11      H12      H13      C14
  grid # 1     2430     2430     2430     2430        0     2430        0
  grid # 2      756      756      756      756        0      756        0
  grid # 3     3001     3001     3001     3001        0     3001        0
   
  number of gridpoints: 
     atom       H15      C16      H17      H18      C19      H20    total
  grid # 1     2430        0        0        0     2430     2430    24300
  grid # 2      756        0        0        0      756      756     7560
  grid # 3     3001        0        0        0     3001     3001    30010
   
  Peak memory usage:    602 Mb
  
  end of program grid
   
 Time(grid)  user:        0.0  user+sys:        0.0  wallclock:        0.5
  
  start of program scf
  
 number of electrons..........         69
 number of alpha electrons....         35
 number of beta electrons.....         34
 number of alpha orbitals.....         60
 number of beta orbitals......         60
 number of alpha occupied orb..        35
 number of alpha virtual orb...        25
 number of beta occupied orb...        34
 number of beta virtual orb....        26
 SCF type: UDFT=Becke_3_Parameter/HF+Slater+Becke88+VWN+LYP (B3LYP)
  
       i  u  d  i  g                   
       t  p  i  c  r                                 RMS    maximum
       e  d  i  u  i                       energy  density   DIIS  
       r  t  s  t  d       total energy    change  change    error 
  
etot    1  N  N  0  N    -381.79319282038           2.9E-03  1.4E-01
etot    2  Y  Y  0  N    -382.04660532989  2.5E-01  1.4E-03  5.7E-02
etot    3  N  Y  0  N    -382.07446620195  2.8E-02  6.2E-04  1.7E-02
etot    4  Y  Y  0  N    -382.08063801921  6.2E-03  1.6E-04  5.9E-03
etot    5  N  Y  0  N    -382.08120927070  5.7E-04  7.2E-05  2.1E-03
etot    6  Y  Y  0  N    -382.08129473230  8.5E-05  4.9E-05  1.6E-03
etot    7  N  N  0  N    -382.08133988673  4.5E-05  0.0E+00  0.0E+00
  
  
 Energy components, in hartrees:
   (A)  Nuclear repulsion............     445.89931547414
   (E)  Total one-electron terms.....   -1386.56127536751
   (I)  Total two-electron terms.....     558.58062000664
   (L)  Electronic energy............    -827.98065536087  (E+I)
   (N)  Total energy.................    -382.08133988673  (A+L)
  
                                 Total             Coulomb       Exchange+Corr.
 Total two-electron terms     558.58062000664     615.94199701375     -57.36137700712
   Hamiltonian  1........     291.38371751424     311.91801638683     -20.53429887259
   Hamiltonian  2........     283.86381487641     304.02398062693     -20.16016575052
  
 SCFE: SCF energy: UDFT(b3lyp)      -382.08133988673 hartrees   iterations:   7
  
 
 Alpha HOMO energy:    -0.36925
 Alpha LUMO energy:    -0.17718
 
  Alpha Orbital energies (hartrees)/symmetry label: 
   -10.25353 Bu        -10.25348 Ag        -10.21916 Bu        -10.21912 Ag     
   -10.21796 Bu        -10.21795 Ag        -10.21795 Bu        -10.21785 Ag     
   -10.21530 Bu        -10.21530 Ag         -1.02078 Ag         -0.96199 Bu     
    -0.92163 Ag         -0.89905 Bu         -0.87671 Bu         -0.78723 Ag     
    -0.75959 Ag         -0.72281 Bu         -0.70378 Ag         -0.65033 Ag     
    -0.63512 Bu         -0.60374 Bu         -0.59599 Bu         -0.58791 Ag     
    -0.56835 Bu         -0.55242 Bu         -0.53737 Ag         -0.53374 Au     
    -0.50122 Bu         -0.49298 Ag         -0.48268 Ag         -0.47384 Bg     
    -0.41781 Au         -0.39432 Bg         -0.36925 Bg         -0.17718 Au     
    -0.11139 Au         -0.09454 Bg         -0.02990 Au          0.06006 Bg     
     0.13942 Ag          0.14904 Bu          0.17913 Bu          0.19661 Ag     
     0.21545 Ag     
 
 
 Beta HOMO energy:    -0.38880
 Beta LUMO energy:    -0.30102
 
  Beta Orbital energies (hartrees)/symmetry label: 
   -10.25060 Bu        -10.25055 Ag        -10.21881 Bu        -10.21878 Ag     
   -10.21853 Bu        -10.21852 Ag        -10.21770 Bu        -10.21760 Ag     
   -10.21116 Ag        -10.21116 Bu         -1.01465 Ag         -0.95441 Bu     
    -0.91380 Ag         -0.89731 Bu         -0.86482 Bu         -0.78200 Ag     
    -0.75556 Ag         -0.71886 Bu         -0.70066 Ag         -0.64810 Ag     
    -0.63304 Bu         -0.60100 Bu         -0.59324 Bu         -0.58507 Ag     
    -0.56761 Bu         -0.54951 Bu         -0.53543 Ag         -0.51719 Au     
    -0.49960 Bu         -0.49144 Ag         -0.48109 Ag         -0.45057 Bg     
    -0.39080 Bg         -0.38880 Au         -0.30102 Bg         -0.14757 Au     
    -0.10298 Au         -0.07397 Bg         -0.00813 Au          0.07655 Bg     
     0.14202 Ag          0.15099 Bu          0.18124 Bu          0.19814 Ag     
 
  
  
    Unrestricted Spin Properties ...
    Sz*(Sz+1)      0.750
    <S**2> ...     0.771
  
  
  Peak memory usage:    656 Mb
  
  end of program scf
   
 Time(scf)  user:        4.0  user+sys:        4.0  wallclock:        4.4
  
  start of program ch
  
  Atomic charges from Mulliken population analysis: 
   
 Atom       C1           C2           C3           C4           C5      
 Charge    0.05564     -0.04108     -0.03825      0.05564     -0.04108
   
 Atom       H6           H7           H8           C9           C10     
 Charge    0.12317      0.12695      0.12317     -0.03961     -0.07731
   
 Atom       H11          H12          H13          C14          H15     
 Charge    0.12420      0.12438      0.14193     -0.03961      0.12438
   
 Atom       C16          H17          H18          C19          H20     
 Charge   -0.07731      0.12420      0.14193     -0.03825      0.12695
  
  sum of atomic charges:     1.000000
   
  Form Spin Density matrix = Dalpha-Dbeta
  Atomic Spin Densities from Mulliken analysis: 
   
 Atom       C1           C2           C3           C4           C5      
 Spin      0.21026      0.02835      0.02110      0.21026      0.02835
   
 Atom       H6           H7           H8           C9           C10     
 Spin     -0.00177     -0.00148     -0.00177     -0.03607      0.30448
   
 Atom       H11          H12          H13          C14          H15     
 Spin     -0.01249      0.00047     -0.01285     -0.03607      0.00047
   
 Atom       C16          H17          H18          C19          H20     
 Spin      0.30448     -0.01249     -0.01285      0.02110     -0.00148
  
  sum of atomic spins:     1.000000
   
  Peak memory usage:    515 Mb
  
  end of program ch
   
 Time(ch)  user:        0.0  user+sys:        0.0  wallclock:        0.1
  
  start of program post
  
  
 ***************************************** 
 
 alpha occupied orbitals: final wave function
 
 ***************************************** 
   
   
                              1         2         3         4         5
  eigenvalues-            -10.25353 -10.25348 -10.21916 -10.21912 -10.21796
  occupations-              1.00000   1.00000   1.00000   1.00000   1.00000
    1 C1               S    0.70027   0.70030  -0.00956  -0.00659  -0.00980
    2 C1               S    0.03127   0.03108   0.00740   0.00442   0.00518
    3 C1               X   -0.00008  -0.00003  -0.00345  -0.00475   0.00082
    4 C1               Y    0.00103   0.00077   0.00222   0.00085  -0.00397
    5 C1               Z    0.00000   0.00000   0.00000   0.00000   0.00000
    6 C2               S   -0.00726  -0.00761  -0.68846  -0.68405   0.00200
    7 C2               S   -0.00710  -0.00649  -0.03178  -0.03154  -0.00022
    8 C2               X   -0.00423  -0.00412  -0.00073  -0.00042   0.00003
    9 C2               Y    0.00132   0.00160  -0.00164  -0.00158  -0.00002
   10 C2               Z    0.00000   0.00000   0.00000   0.00000   0.00000
   11 C3               S    0.00690  -0.00732   0.12782   0.14978   0.01454
   12 C3               S    0.00712  -0.00653   0.01233   0.01292   0.00073
   13 C3               X    0.00346  -0.00327   0.00114   0.00109   0.00000
   14 C3               Y    0.00280  -0.00302  -0.00434  -0.00433   0.00004
   15 C3               Z    0.00000   0.00000   0.00000   0.00000   0.00000
   16 C4               S   -0.70027   0.70030   0.00956  -0.00659   0.00980
   17 C4               S   -0.03127   0.03108  -0.00740   0.00442  -0.00518
   18 C4               X   -0.00008   0.00003  -0.00345   0.00475   0.00082
   19 C4               Y    0.00103  -0.00077   0.00222  -0.00085  -0.00397
   20 C4               Z    0.00000   0.00000   0.00000   0.00000   0.00000
   21 C5               S    0.00726  -0.00761   0.68846  -0.68405  -0.00200
   22 C5               S    0.00710  -0.00649   0.03178  -0.03154   0.00022
   23 C5               X   -0.00423   0.00412  -0.00073   0.00042   0.00003
   24 C5               Y    0.00132  -0.00160  -0.00164   0.00158  -0.00002
   25 C5               Z    0.00000   0.00000   0.00000   0.00000   0.00000
   26 H6               S    0.00022   0.00011   0.00620   0.00623   0.00014
   27 H7               S   -0.00022   0.00011  -0.00133  -0.00140  -0.00014
   28 H8               S   -0.00022   0.00011  -0.00620   0.00623  -0.00014
   29 C9               S    0.00871  -0.00881  -0.00131   0.00390   0.69280
   30 C9               S    0.00587  -0.00593   0.00018   0.00009   0.03153
   31 C9               X    0.00098  -0.00099   0.00007  -0.00012   0.00130
   32 C9               Y   -0.00396   0.00400  -0.00005  -0.00006   0.00146
   33 C9               Z    0.00000   0.00000   0.00000   0.00000   0.00000
   34 C10              S   -0.00004   0.00004  -0.00324   0.00256  -0.10143
   35 C10              S   -0.00027   0.00027  -0.00022   0.00016  -0.01171
   36 C10              X   -0.00009   0.00009  -0.00005   0.00005   0.00306
   37 C10              Y    0.00019  -0.00019   0.00007  -0.00004   0.00367
   38 C10              Z    0.00000   0.00000   0.00000   0.00000   0.00000
   39 H11              S    0.00014  -0.00013   0.00019  -0.00019   0.00104
   40 H12              S   -0.00015   0.00016  -0.00003   0.00002  -0.00630
   41 H13              S    0.00002  -0.00002   0.00001  -0.00001   0.00106
   42 C14              S   -0.00871  -0.00881   0.00131   0.00390  -0.69280
   43 C14              S   -0.00587  -0.00593  -0.00018   0.00009  -0.03153
   44 C14              X    0.00098   0.00099   0.00007   0.00012   0.00130
   45 C14              Y   -0.00396  -0.00400  -0.00005   0.00006   0.00146
   46 C14              Z    0.00000   0.00000   0.00000   0.00000   0.00000
   47 H15              S    0.00015   0.00016   0.00003   0.00002   0.00630
   48 C16              S    0.00004   0.00004   0.00324   0.00256   0.10143
   49 C16              S    0.00027   0.00027   0.00022   0.00016   0.01171
   50 C16              X   -0.00009  -0.00009  -0.00005  -0.00005   0.00306
   51 C16              Y    0.00019   0.00019   0.00007   0.00004   0.00367
   52 C16              Z    0.00000   0.00000   0.00000   0.00000   0.00000
   53 H17              S   -0.00014  -0.00013  -0.00019  -0.00019  -0.00104
   54 H18              S   -0.00002  -0.00002  -0.00001  -0.00001  -0.00106
   55 C19              S   -0.00690  -0.00732  -0.12782   0.14978  -0.01454
   56 C19              S   -0.00712  -0.00653  -0.01233   0.01292  -0.00073
   57 C19              X    0.00346   0.00327   0.00114  -0.00109   0.00000
   58 C19              Y    0.00280   0.00302  -0.00434   0.00433   0.00004
   59 C19              Z    0.00000   0.00000   0.00000   0.00000   0.00000
   60 H20              S    0.00022   0.00011   0.00133  -0.00140   0.00014
   
                              6         7         8         9        10
  eigenvalues-            -10.21795 -10.21795 -10.21785 -10.21530 -10.21530
  occupations-              1.00000   1.00000   1.00000   1.00000   1.00000
    1 C1               S   -0.01064  -0.00605   0.00911   0.00144   0.00152
    2 C1               S    0.00565   0.00496  -0.00647  -0.00056  -0.00061
    3 C1               X    0.00090   0.00383  -0.00222  -0.00012  -0.00013
    4 C1               Y   -0.00370   0.00281  -0.00354   0.00048   0.00046
    5 C1               Z    0.00000   0.00000   0.00000   0.00000   0.00000
    6 C2               S   -0.01637   0.12882   0.14981   0.00305   0.00462
    7 C2               S   -0.00028  -0.00095   0.00030   0.00013   0.00009
    8 C2               X    0.00000   0.00084   0.00082  -0.00001  -0.00001
    9 C2               Y    0.00048  -0.00414  -0.00412   0.00011   0.00004
   10 C2               Z    0.00000   0.00000   0.00000   0.00000   0.00000
   11 C3               S   -0.05850   0.68851   0.68174  -0.00217   0.00656
   12 C3               S   -0.00245   0.02927   0.02863  -0.00012   0.00017
   13 C3               X    0.00006   0.00093   0.00055   0.00000  -0.00003
   14 C3               Y   -0.00015   0.00033   0.00056   0.00009   0.00000
   15 C3               Z    0.00000   0.00000   0.00000   0.00000   0.00000
   16 C4               S   -0.01064   0.00605   0.00911  -0.00144   0.00152
   17 C4               S    0.00565  -0.00496  -0.00647   0.00056  -0.00061
   18 C4               X   -0.00090   0.00383   0.00222  -0.00012   0.00013
   19 C4               Y    0.00370   0.00281   0.00354   0.00048  -0.00046
   20 C4               Z    0.00000   0.00000   0.00000   0.00000   0.00000
   21 C5               S   -0.01637  -0.12882   0.14981  -0.00305   0.00462
   22 C5               S   -0.00028   0.00095   0.00030  -0.00013   0.00009
   23 C5               X    0.00000   0.00084  -0.00082  -0.00001   0.00001
   24 C5               Y   -0.00048  -0.00414   0.00412   0.00011  -0.00004
   25 C5               Z    0.00000   0.00000   0.00000   0.00000   0.00000
   26 H6               S    0.00031  -0.00097  -0.00131   0.00006   0.00004
   27 H7               S    0.00055  -0.00610  -0.00617   0.00003  -0.00007
   28 H8               S    0.00031   0.00097  -0.00131  -0.00006   0.00004
   29 C9               S   -0.69021  -0.01479  -0.06113  -0.10228   0.10254
   30 C9               S   -0.03141  -0.00050  -0.00260   0.00280  -0.00279
   31 C9               X   -0.00129  -0.00001  -0.00012   0.00289  -0.00289
   32 C9               Y   -0.00147  -0.00005  -0.00005   0.00334  -0.00333
   33 C9               Z    0.00000   0.00000   0.00000   0.00000   0.00000
   34 C10              S    0.10194   0.00057   0.00154  -0.69313   0.69306
   35 C10              S    0.01171   0.00013   0.00064  -0.02961   0.02961
   36 C10              X   -0.00304  -0.00005  -0.00027   0.00056  -0.00056
   37 C10              Y   -0.00366  -0.00005  -0.00023   0.00062  -0.00062
   38 C10              Z    0.00000   0.00000   0.00000   0.00000   0.00000
   39 H11              S   -0.00105  -0.00002  -0.00002   0.00626  -0.00626
   40 H12              S    0.00628   0.00009   0.00047   0.00080  -0.00080
   41 H13              S   -0.00106  -0.00001  -0.00004   0.00625  -0.00625
   42 C14              S   -0.69021   0.01479  -0.06113   0.10228   0.10254
   43 C14              S   -0.03141   0.00050  -0.00260  -0.00280  -0.00279
   44 C14              X    0.00129  -0.00001   0.00012   0.00289   0.00289
   45 C14              Y    0.00147  -0.00005   0.00005   0.00334   0.00333
   46 C14              Z    0.00000   0.00000   0.00000   0.00000   0.00000
   47 H15              S    0.00628  -0.00009   0.00047  -0.00080  -0.00080
   48 C16              S    0.10194  -0.00057   0.00154   0.69313   0.69306
   49 C16              S    0.01171  -0.00013   0.00064   0.02961   0.02961
   50 C16              X    0.00304  -0.00005   0.00027   0.00056   0.00056
   51 C16              Y    0.00366  -0.00005   0.00023   0.00062   0.00062
   52 C16              Z    0.00000   0.00000   0.00000   0.00000   0.00000
   53 H17              S   -0.00105   0.00002  -0.00002  -0.00626  -0.00626
   54 H18              S   -0.00106   0.00001  -0.00004  -0.00625  -0.00625
   55 C19              S   -0.05850  -0.68851   0.68174   0.00217   0.00656
   56 C19              S   -0.00245  -0.02927   0.02863   0.00012   0.00017
   57 C19              X   -0.00006   0.00093  -0.00055   0.00000   0.00003
   58 C19              Y    0.00015   0.00033  -0.00056   0.00009   0.00000
   59 C19              Z    0.00000   0.00000   0.00000   0.00000   0.00000
   60 H20              S    0.00055   0.00610  -0.00617  -0.00003  -0.00007
   
                             11        12        13        14        15
  eigenvalues-             -1.02078  -0.96199  -0.92163  -0.89905  -0.87671
  occupations-              1.00000   1.00000   1.00000   1.00000   1.00000
    1 C1               S   -0.11232   0.11239   0.00547   0.01673  -0.09539
    2 C1               S    0.29043  -0.30225  -0.01778  -0.04644   0.26679
    3 C1               X   -0.00910  -0.00144  -0.01222  -0.13443  -0.02783
    4 C1               Y    0.04780   0.02525   0.10037  -0.03090   0.06706
    5 C1               Z    0.00000   0.00000   0.00000   0.00000   0.00000
    6 C2               S   -0.09621   0.04684  -0.03898  -0.11879  -0.07406
    7 C2               S    0.24125  -0.12214   0.10148   0.32186   0.20286
    8 C2               X    0.05360  -0.05301   0.00473  -0.02740   0.05879
    9 C2               Y    0.03183   0.04661   0.04701   0.06851  -0.03781
   10 C2               Z    0.00000   0.00000   0.00000   0.00000   0.00000
   11 C3               S   -0.09567  -0.04070  -0.04390  -0.13437   0.03327
   12 C3               S    0.23925   0.10548   0.11471   0.36343  -0.09086
   13 C3               X    0.06126   0.03159   0.02091   0.01210  -0.03815
   14 C3               Y   -0.01047   0.06327  -0.03414  -0.05149  -0.08837
   15 C3               Z    0.00000   0.00000   0.00000   0.00000   0.00000
   16 C4               S   -0.11232  -0.11239   0.00547  -0.01673   0.09539
   17 C4               S    0.29043   0.30225  -0.01778   0.04644  -0.26679
   18 C4               X    0.00910  -0.00144   0.01222  -0.13443  -0.02783
   19 C4               Y   -0.04780   0.02525  -0.10037  -0.03090   0.06706
   20 C4               Z    0.00000   0.00000   0.00000   0.00000   0.00000
   21 C5               S   -0.09621  -0.04684  -0.03898   0.11879   0.07406
   22 C5               S    0.24125   0.12214   0.10148  -0.32186  -0.20286
   23 C5               X   -0.05360  -0.05301  -0.00473  -0.02740   0.05879
   24 C5               Y   -0.03183   0.04661  -0.04701   0.06851  -0.03781
   25 C5               Z    0.00000   0.00000   0.00000   0.00000   0.00000
   26 H6               S    0.03848  -0.02837   0.01320   0.07908   0.04616
   27 H7               S    0.03738   0.02349   0.01905   0.08695  -0.02158
   28 H8               S    0.03848   0.02837   0.01320  -0.07908  -0.04616
   29 C9               S   -0.04658  -0.10825   0.11976   0.00178  -0.06186
   30 C9               S    0.11829   0.27955  -0.31342  -0.00382   0.16321
   31 C9               X    0.01549   0.04018  -0.05431  -0.02371   0.04310
   32 C9               Y   -0.02862  -0.01226  -0.05918  -0.02327   0.12535
   33 C9               Z    0.00000   0.00000   0.00000   0.00000   0.00000
   34 C10              S   -0.02271  -0.07599   0.11984   0.01771  -0.11390
   35 C10              S    0.05853   0.19997  -0.32135  -0.04743   0.31333
   36 C10              X   -0.01151  -0.03578   0.05172   0.00039  -0.04153
   37 C10              Y   -0.02069  -0.05425   0.06493   0.00867  -0.03424
   38 C10              Z    0.00000   0.00000   0.00000   0.00000   0.00000
   39 H11              S    0.01115   0.03993  -0.06687  -0.01449   0.06931
   40 H12              S    0.02038   0.05427  -0.06576   0.00740   0.03798
   41 H13              S    0.00801   0.03388  -0.06365  -0.00958   0.07470
   42 C14              S   -0.04658   0.10825   0.11976  -0.00178   0.06186
   43 C14              S    0.11829  -0.27955  -0.31342   0.00382  -0.16321
   44 C14              X   -0.01549   0.04018   0.05431  -0.02371   0.04310
   45 C14              Y    0.02862  -0.01226   0.05918  -0.02327   0.12535
   46 C14              Z    0.00000   0.00000   0.00000   0.00000   0.00000
   47 H15              S    0.02038  -0.05427  -0.06576  -0.00740  -0.03798
   48 C16              S   -0.02271   0.07599   0.11984  -0.01771   0.11390
   49 C16              S    0.05853  -0.19997  -0.32135   0.04743  -0.31333
   50 C16              X    0.01151  -0.03578  -0.05172   0.00039  -0.04153
   51 C16              Y    0.02069  -0.05425  -0.06493   0.00867  -0.03424
   52 C16              Z    0.00000   0.00000   0.00000   0.00000   0.00000
   53 H17              S    0.01115  -0.03993  -0.06687   0.01449  -0.06931
   54 H18              S    0.00801  -0.03388  -0.06365   0.00958  -0.07470
   55 C19              S   -0.09567   0.04070  -0.04390   0.13437  -0.03327
   56 C19              S    0.23925  -0.10548   0.11471  -0.36343   0.09086
   57 C19              X   -0.06126   0.03159  -0.02091   0.01210  -0.03815
   58 C19              Y    0.01047   0.06327   0.03414  -0.05149  -0.08837
   59 C19              Z    0.00000   0.00000   0.00000   0.00000   0.00000
   60 H20              S    0.03738  -0.02349   0.01905  -0.08695   0.02158
   
                             16        17        18        19        20
  eigenvalues-             -0.78723  -0.75959  -0.72281  -0.70378  -0.65033
  occupations-              1.00000   1.00000   1.00000   1.00000   1.00000
    1 C1               S   -0.07518  -0.05248  -0.00897   0.04951   0.03079
    2 C1               S    0.22432   0.15915   0.02554  -0.15105  -0.10396
    3 C1               X    0.13341  -0.20320  -0.06703  -0.00576  -0.05629
    4 C1               Y   -0.07630  -0.07813   0.15971  -0.16212   0.12571
    5 C1               Z    0.00000   0.00000   0.00000   0.00000   0.00000
    6 C2               S    0.08610  -0.05751  -0.02984  -0.05316  -0.01498
    7 C2               S   -0.24743   0.17129   0.09123   0.17157   0.04090
    8 C2               X    0.05870   0.09375   0.04597  -0.20277   0.08879
    9 C2               Y   -0.03174  -0.17576  -0.07666  -0.03355   0.13409
   10 C2               Z    0.00000   0.00000   0.00000   0.00000   0.00000
   11 C3               S    0.00001   0.11309   0.05004  -0.01549   0.01629
   12 C3               S    0.00124  -0.33454  -0.15354   0.05328  -0.06153
   13 C3               X    0.02582   0.05889  -0.01306  -0.18715   0.13660
   14 C3               Y    0.17120  -0.03667  -0.00038  -0.09106  -0.13144
   15 C3               Z    0.00000   0.00000   0.00000   0.00000   0.00000
   16 C4               S   -0.07518  -0.05248   0.00897   0.04951   0.03079
   17 C4               S    0.22432   0.15915  -0.02554  -0.15105  -0.10396
   18 C4               X   -0.13341   0.20320  -0.06703   0.00576   0.05629
   19 C4               Y    0.07630   0.07813   0.15971   0.16212  -0.12571
   20 C4               Z    0.00000   0.00000   0.00000   0.00000   0.00000
   21 C5               S    0.08610  -0.05751   0.02984  -0.05316  -0.01498
   22 C5               S   -0.24743   0.17129  -0.09123   0.17157   0.04090
   23 C5               X   -0.05870  -0.09375   0.04597   0.20277  -0.08879
   24 C5               Y    0.03174   0.17576  -0.07666   0.03355  -0.13409
   25 C5               Z    0.00000   0.00000   0.00000   0.00000   0.00000
   26 H6               S   -0.09582   0.07684   0.04650   0.15497  -0.08875
   27 H7               S    0.01529  -0.14463  -0.04195   0.10121  -0.12237
   28 H8               S   -0.09582   0.07684  -0.04650   0.15497  -0.08875
   29 C9               S   -0.04898  -0.00493  -0.09994  -0.06015  -0.04891
   30 C9               S    0.14782   0.01647   0.30900   0.18585   0.15745
   31 C9               X   -0.07191   0.04554  -0.10773  -0.06041  -0.11311
   32 C9               Y   -0.13988  -0.07877  -0.06559  -0.01855   0.17932
   33 C9               Z    0.00000   0.00000   0.00000   0.00000   0.00000
   34 C10              S    0.08192   0.03960   0.08516   0.05496   0.02437
   35 C10              S   -0.24049  -0.12056  -0.26866  -0.17726  -0.09051
   36 C10              X   -0.02405   0.01819  -0.11427  -0.07221  -0.22795
   37 C10              Y   -0.02760  -0.04105  -0.09178  -0.08014  -0.02031
   38 C10              Z    0.00000   0.00000   0.00000   0.00000   0.00000
   39 H11              S   -0.08669  -0.02184  -0.14744  -0.08840  -0.17821
   40 H12              S    0.06558  -0.02863   0.15230   0.09978   0.14488
   41 H13              S   -0.08052  -0.05700  -0.11515  -0.08819  -0.00338
   42 C14              S   -0.04898  -0.00493   0.09994  -0.06015  -0.04891
   43 C14              S    0.14782   0.01647  -0.30900   0.18585   0.15745
   44 C14              X    0.07191  -0.04554  -0.10773   0.06041   0.11311
   45 C14              Y    0.13988   0.07877  -0.06559   0.01855  -0.17932
   46 C14              Z    0.00000   0.00000   0.00000   0.00000   0.00000
   47 H15              S    0.06558  -0.02863  -0.15230   0.09978   0.14488
   48 C16              S    0.08192   0.03960  -0.08516   0.05496   0.02437
   49 C16              S   -0.24049  -0.12056   0.26866  -0.17726  -0.09051
   50 C16              X    0.02405  -0.01819  -0.11427   0.07221   0.22795
   51 C16              Y    0.02760   0.04105  -0.09178   0.08014   0.02031
   52 C16              Z    0.00000   0.00000   0.00000   0.00000   0.00000
   53 H17              S   -0.08669  -0.02184   0.14744  -0.08840  -0.17821
   54 H18              S   -0.08052  -0.05700   0.11515  -0.08819  -0.00338
   55 C19              S    0.00001   0.11309  -0.05004  -0.01549   0.01629
   56 C19              S    0.00124  -0.33454   0.15354   0.05328  -0.06153
   57 C19              X   -0.02582  -0.05889  -0.01306   0.18715  -0.13660
   58 C19              Y   -0.17120   0.03667  -0.00038   0.09106   0.13144
   59 C19              Z    0.00000   0.00000   0.00000   0.00000   0.00000
   60 H20              S    0.01529  -0.14463   0.04195   0.10121  -0.12237
   
                             21        22        23        24        25
  eigenvalues-             -0.63512  -0.60374  -0.59599  -0.58791  -0.56835
  occupations-              1.00000   1.00000   1.00000   1.00000   1.00000
    1 C1               S    0.01643   0.04798   0.05119   0.01762   0.00431
    2 C1               S   -0.05775  -0.16759  -0.17935  -0.06012  -0.01565
    3 C1               X    0.17005  -0.18866   0.14011  -0.01046  -0.10077
    4 C1               Y    0.15174   0.07422  -0.14747   0.00206  -0.10690
    5 C1               Z    0.00000   0.00000   0.00000   0.00000   0.00000
    6 C2               S   -0.03669  -0.04780  -0.02031   0.02067  -0.01680
    7 C2               S    0.11971   0.16521   0.07586  -0.07669   0.05314
    8 C2               X   -0.10941   0.02918  -0.28182   0.03192   0.19067
    9 C2               Y    0.13818  -0.17691  -0.07412   0.12908   0.19530
   10 C2               Z    0.00000   0.00000   0.00000   0.00000   0.00000
   11 C3               S    0.01599   0.04749   0.02894  -0.02475  -0.02136
   12 C3               S   -0.05470  -0.16287  -0.10364   0.08376   0.06601
   13 C3               X   -0.01731   0.17365   0.12365   0.00892   0.33952
   14 C3               Y   -0.21529   0.09736  -0.07136  -0.06958  -0.10837
   15 C3               Z    0.00000   0.00000   0.00000   0.00000   0.00000
   16 C4               S   -0.01643  -0.04798  -0.05119   0.01762  -0.00431
   17 C4               S    0.05775   0.16759   0.17935  -0.06012   0.01565
   18 C4               X    0.17005  -0.18866   0.14011   0.01046  -0.10077
   19 C4               Y    0.15174   0.07422  -0.14747  -0.00206  -0.10690
   20 C4               Z    0.00000   0.00000   0.00000   0.00000   0.00000
   21 C5               S    0.03669   0.04780   0.02031   0.02067   0.01680
   22 C5               S   -0.11971  -0.16521  -0.07586  -0.07669  -0.05314
   23 C5               X   -0.10941   0.02918  -0.28182  -0.03192   0.19067
   24 C5               Y    0.13818  -0.17691  -0.07412  -0.12908   0.19530
   25 C5               Z    0.00000   0.00000   0.00000   0.00000   0.00000
   26 H6               S    0.03917   0.12808   0.24025  -0.10287  -0.18903
   27 H7               S   -0.06186  -0.16699  -0.14681   0.00840  -0.24944
   28 H8               S   -0.03917  -0.12808  -0.24025  -0.10287   0.18903
   29 C9               S   -0.01196   0.01223   0.00566  -0.02195  -0.00354
   30 C9               S    0.03500  -0.03264  -0.01949   0.06180   0.00797
   31 C9               X    0.21469  -0.00010  -0.00308   0.26460   0.01765
   32 C9               Y   -0.08979  -0.21439   0.09817   0.06693   0.08855
   33 C9               Z    0.00000   0.00000   0.00000   0.00000   0.00000
   34 C10              S    0.01419  -0.01445  -0.00538   0.00265   0.00322
   35 C10              S   -0.05255   0.06274   0.01367  -0.02425  -0.01693
   36 C10              X    0.08693   0.20955  -0.16937   0.01079  -0.08791
   37 C10              Y   -0.19646   0.06959   0.08404  -0.35029  -0.04559
   38 C10              Z    0.00000   0.00000   0.00000   0.00000   0.00000
   39 H11              S    0.05130   0.15086  -0.13787   0.02150  -0.05434
   40 H12              S   -0.13682  -0.05211  -0.00401  -0.15065  -0.00877
   41 H13              S   -0.15116   0.02437   0.09718  -0.24632  -0.01884
   42 C14              S    0.01196  -0.01223  -0.00566  -0.02195   0.00354
   43 C14              S   -0.03500   0.03264   0.01949   0.06180  -0.00797
   44 C14              X    0.21469  -0.00010  -0.00308  -0.26460   0.01765
   45 C14              Y   -0.08979  -0.21439   0.09817  -0.06693   0.08855
   46 C14              Z    0.00000   0.00000   0.00000   0.00000   0.00000
   47 H15              S    0.13682   0.05211   0.00401  -0.15065   0.00877
   48 C16              S   -0.01419   0.01445   0.00538   0.00265  -0.00322
   49 C16              S    0.05255  -0.06274  -0.01367  -0.02425   0.01693
   50 C16              X    0.08693   0.20955  -0.16937  -0.01079  -0.08791
   51 C16              Y   -0.19646   0.06959   0.08404   0.35029  -0.04559
   52 C16              Z    0.00000   0.00000   0.00000   0.00000   0.00000
   53 H17              S   -0.05130  -0.15086   0.13787   0.02150   0.05434
   54 H18              S    0.15116  -0.02437  -0.09718  -0.24632   0.01884
   55 C19              S   -0.01599  -0.04749  -0.02894  -0.02475   0.02136
   56 C19              S    0.05470   0.16287   0.10364   0.08376  -0.06601
   57 C19              X   -0.01731   0.17365   0.12365  -0.00892   0.33952
   58 C19              Y   -0.21529   0.09736  -0.07136   0.06958  -0.10837
   59 C19              Z    0.00000   0.00000   0.00000   0.00000   0.00000
   60 H20              S    0.06186   0.16699   0.14681   0.00840   0.24944
   
                             26        27        28        29        30
  eigenvalues-             -0.55242  -0.53737  -0.53374  -0.50122  -0.49298
  occupations-              1.00000   1.00000   1.00000   1.00000   1.00000
    1 C1               S    0.00532   0.02337   0.00000   0.01432  -0.00525
    2 C1               S   -0.01973  -0.08561   0.00000  -0.05989   0.02726
    3 C1               X    0.13099   0.09379   0.00000  -0.08891  -0.17188
    4 C1               Y    0.16592  -0.03443   0.00000   0.21693  -0.25363
    5 C1               Z    0.00000   0.00000   0.36159   0.00000   0.00000
    6 C2               S   -0.00872  -0.00917   0.00000  -0.01024  -0.00349
    7 C2               S    0.02490   0.03079   0.00000   0.03603   0.00337
    8 C2               X   -0.02999  -0.07051   0.00000   0.12578   0.13508
    9 C2               Y    0.21245   0.16816   0.00000  -0.00785   0.22193
   10 C2               Z    0.00000   0.00000   0.28746   0.00000   0.00000
   11 C3               S    0.01172   0.00875   0.00000   0.00394  -0.00071
   12 C3               S   -0.04454  -0.04036   0.00000  -0.01099   0.00491
   13 C3               X   -0.03457   0.14545   0.00000  -0.05664  -0.16366
   14 C3               Y   -0.22266  -0.16759   0.00000   0.04613  -0.25002
   15 C3               Z    0.00000   0.00000   0.28544   0.00000   0.00000
   16 C4               S   -0.00532   0.02337   0.00000  -0.01432  -0.00525
   17 C4               S    0.01973  -0.08561   0.00000   0.05989   0.02726
   18 C4               X    0.13099  -0.09379   0.00000  -0.08891   0.17188
   19 C4               Y    0.16592   0.03443   0.00000   0.21693   0.25363
   20 C4               Z    0.00000   0.00000   0.36159   0.00000   0.00000
   21 C5               S    0.00872  -0.00917   0.00000   0.01024  -0.00349
   22 C5               S   -0.02490   0.03079   0.00000  -0.03603   0.00337
   23 C5               X   -0.02999   0.07051   0.00000   0.12578  -0.13508
   24 C5               Y    0.21245  -0.16816   0.00000  -0.00785  -0.22193
   25 C5               Z    0.00000   0.00000   0.28746   0.00000   0.00000
   26 H6               S   -0.07481  -0.00615   0.00000  -0.03947  -0.25850
   27 H7               S   -0.04381  -0.16923   0.00000   0.04015   0.07256
   28 H8               S    0.07481  -0.00615   0.00000   0.03947  -0.25850
   29 C9               S    0.00086  -0.02371   0.00000   0.00545  -0.01386
   30 C9               S    0.01301   0.09712   0.00000  -0.02606   0.05908
   31 C9               X   -0.21089  -0.18972   0.00000   0.23975   0.04865
   32 C9               Y   -0.17254  -0.12387   0.00000  -0.13306  -0.21059
   33 C9               Z    0.00000   0.00000   0.16479   0.00000   0.00000
   34 C10              S    0.01303   0.00972   0.00000  -0.00667   0.00473
   35 C10              S   -0.03052  -0.02400   0.00000   0.02443  -0.00998
   36 C10              X    0.08100   0.29560   0.00000  -0.23717   0.00676
   37 C10              Y    0.28517  -0.03345   0.00000   0.14165   0.15297
   38 C10              Z    0.00000   0.00000   0.09194   0.00000   0.00000
   39 H11              S    0.03053   0.23796   0.00000  -0.23502  -0.05448
   40 H12              S    0.13899   0.17284   0.00000  -0.26025  -0.05666
   41 H13              S    0.17804  -0.11513   0.00000   0.20539   0.12975
   42 C14              S   -0.00086  -0.02371   0.00000  -0.00545  -0.01386
   43 C14              S   -0.01301   0.09712   0.00000   0.02606   0.05908
   44 C14              X   -0.21089   0.18972   0.00000   0.23975  -0.04865
   45 C14              Y   -0.17254   0.12387   0.00000  -0.13306   0.21059
   46 C14              Z    0.00000   0.00000   0.16479   0.00000   0.00000
   47 H15              S   -0.13899   0.17284   0.00000   0.26025  -0.05666
   48 C16              S   -0.01303   0.00972   0.00000   0.00667   0.00473
   49 C16              S    0.03052  -0.02400   0.00000  -0.02443  -0.00998
   50 C16              X    0.08100  -0.29560   0.00000  -0.23717  -0.00676
   51 C16              Y    0.28517   0.03345   0.00000   0.14165  -0.15297
   52 C16              Z    0.00000   0.00000   0.09194   0.00000   0.00000
   53 H17              S   -0.03053   0.23796   0.00000   0.23502  -0.05448
   54 H18              S   -0.17804  -0.11513   0.00000  -0.20539   0.12975
   55 C19              S   -0.01172   0.00875   0.00000  -0.00394  -0.00071
   56 C19              S    0.04454  -0.04036   0.00000   0.01099   0.00491
   57 C19              X   -0.03457  -0.14545   0.00000  -0.05664   0.16366
   58 C19              Y   -0.22266   0.16759   0.00000   0.04613   0.25002
   59 C19              Z    0.00000   0.00000   0.28544   0.00000   0.00000
   60 H20              S    0.04381  -0.16923   0.00000  -0.04015   0.07256
   
                             31        32        33        34        35
  eigenvalues-             -0.48268  -0.47384  -0.41781  -0.39432  -0.36925
  occupations-              1.00000   1.00000   1.00000   1.00000   1.00000
    1 C1               S    0.01136   0.00000   0.00000   0.00000   0.00000
    2 C1               S   -0.05114   0.00000   0.00000   0.00000   0.00000
    3 C1               X   -0.26319   0.00000   0.00000   0.00000   0.00000
    4 C1               Y    0.12563   0.00000   0.00000   0.00000   0.00000
    5 C1               Z    0.00000   0.38375  -0.02724   0.00350   0.37749
    6 C2               S   -0.00247   0.00000   0.00000   0.00000   0.00000
    7 C2               S    0.00520   0.00000   0.00000   0.00000   0.00000
    8 C2               X    0.25570   0.00000   0.00000   0.00000   0.00000
    9 C2               Y   -0.10157   0.00000   0.00000   0.00000   0.00000
   10 C2               Z    0.00000   0.14068  -0.16945  -0.46128   0.19912
   11 C3               S    0.00567   0.00000   0.00000   0.00000   0.00000
   12 C3               S   -0.01286   0.00000   0.00000   0.00000   0.00000
   13 C3               X   -0.20718   0.00000   0.00000   0.00000   0.00000
   14 C3               Y    0.07999   0.00000   0.00000   0.00000   0.00000
   15 C3               Z    0.00000  -0.13354  -0.17052  -0.46002  -0.19807
   16 C4               S    0.01136   0.00000   0.00000   0.00000   0.00000
   17 C4               S   -0.05114   0.00000   0.00000   0.00000   0.00000
   18 C4               X    0.26319   0.00000   0.00000   0.00000   0.00000
   19 C4               Y   -0.12563   0.00000   0.00000   0.00000   0.00000
   20 C4               Z    0.00000  -0.38375  -0.02724  -0.00350  -0.37749
   21 C5               S   -0.00247   0.00000   0.00000   0.00000   0.00000
   22 C5               S    0.00520   0.00000   0.00000   0.00000   0.00000
   23 C5               X   -0.25570   0.00000   0.00000   0.00000   0.00000
   24 C5               Y    0.10157   0.00000   0.00000   0.00000   0.00000
   25 C5               Z    0.00000  -0.14068  -0.16945   0.46128  -0.19912
   26 H6               S   -0.11392   0.00000   0.00000   0.00000   0.00000
   27 H7               S    0.23610   0.00000   0.00000   0.00000   0.00000
   28 H8               S   -0.11392   0.00000   0.00000   0.00000   0.00000
   29 C9               S    0.00745   0.00000   0.00000   0.00000   0.00000
   30 C9               S   -0.02418   0.00000   0.00000   0.00000   0.00000
   31 C9               X   -0.16851   0.00000   0.00000   0.00000   0.00000
   32 C9               Y    0.13132   0.00000   0.00000   0.00000   0.00000
   33 C9               Z    0.00000  -0.34532   0.39447  -0.00695   0.23293
   34 C10              S    0.00482   0.00000   0.00000   0.00000   0.00000
   35 C10              S   -0.01937   0.00000   0.00000   0.00000   0.00000
   36 C10              X    0.13864   0.00000   0.00000   0.00000   0.00000
   37 C10              Y   -0.07249   0.00000   0.00000   0.00000   0.00000
   38 C10              Z    0.00000  -0.26222   0.44223   0.00180   0.42620
   39 H11              S    0.13960   0.00000   0.00000   0.00000   0.00000
   40 H12              S    0.19943   0.00000   0.00000   0.00000   0.00000
   41 H13              S   -0.11971   0.00000   0.00000   0.00000   0.00000
   42 C14              S    0.00745   0.00000   0.00000   0.00000   0.00000
   43 C14              S   -0.02418   0.00000   0.00000   0.00000   0.00000
   44 C14              X    0.16851   0.00000   0.00000   0.00000   0.00000
   45 C14              Y   -0.13132   0.00000   0.00000   0.00000   0.00000
   46 C14              Z    0.00000   0.34532   0.39447   0.00695  -0.23293
   47 H15              S    0.19943   0.00000   0.00000   0.00000   0.00000
   48 C16              S    0.00482   0.00000   0.00000   0.00000   0.00000
   49 C16              S   -0.01937   0.00000   0.00000   0.00000   0.00000
   50 C16              X   -0.13864   0.00000   0.00000   0.00000   0.00000
   51 C16              Y    0.07249   0.00000   0.00000   0.00000   0.00000
   52 C16              Z    0.00000   0.26222   0.44223  -0.00180  -0.42620
   53 H17              S    0.13960   0.00000   0.00000   0.00000   0.00000
   54 H18              S   -0.11971   0.00000   0.00000   0.00000   0.00000
   55 C19              S    0.00567   0.00000   0.00000   0.00000   0.00000
   56 C19              S   -0.01286   0.00000   0.00000   0.00000   0.00000
   57 C19              X    0.20718   0.00000   0.00000   0.00000   0.00000
   58 C19              Y   -0.07999   0.00000   0.00000   0.00000   0.00000
   59 C19              Z    0.00000   0.13354  -0.17052   0.46002   0.19807
   60 H20              S    0.23610   0.00000   0.00000   0.00000   0.00000
   
  
  
 ***************************************** 
 
 beta occupied orbitals: final wave function
 
 ***************************************** 
   
   
                              1         2         3         4         5
  eigenvalues-            -10.25060 -10.25055 -10.21881 -10.21878 -10.21853
  occupations-              1.00000   1.00000   1.00000   1.00000   1.00000
    1 C1               S    0.70032   0.70034  -0.01039  -0.00694  -0.01016
    2 C1               S    0.03097   0.03078   0.00739   0.00431   0.00491
    3 C1               X   -0.00008  -0.00002  -0.00341  -0.00476   0.00061
    4 C1               Y    0.00101   0.00075   0.00223   0.00084  -0.00414
    5 C1               Z    0.00000   0.00000   0.00000   0.00000   0.00000
    6 C2               S   -0.00795  -0.00825  -0.68758  -0.68262  -0.00627
    7 C2               S   -0.00707  -0.00645  -0.03173  -0.03148  -0.00021
    8 C2               X   -0.00418  -0.00407  -0.00071  -0.00041  -0.00001
    9 C2               Y    0.00129   0.00158  -0.00167  -0.00162   0.00019
   10 C2               Z    0.00000   0.00000   0.00000   0.00000   0.00000
   11 C3               S    0.00755  -0.00793   0.13247   0.15611  -0.02327
   12 C3               S    0.00709  -0.00648   0.01250   0.01317  -0.00087
   13 C3               X    0.00341  -0.00324   0.00114   0.00109  -0.00005
   14 C3               Y    0.00276  -0.00299  -0.00433  -0.00431   0.00000
   15 C3               Z    0.00000   0.00000   0.00000   0.00000   0.00000
   16 C4               S   -0.70032   0.70034   0.01039  -0.00694   0.01016
   17 C4               S   -0.03097   0.03078  -0.00739   0.00431  -0.00491
   18 C4               X   -0.00008   0.00002  -0.00341   0.00476   0.00061
   19 C4               Y    0.00101  -0.00075   0.00223  -0.00084  -0.00414
   20 C4               Z    0.00000   0.00000   0.00000   0.00000   0.00000
   21 C5               S    0.00795  -0.00825   0.68758  -0.68262   0.00627
   22 C5               S    0.00707  -0.00645   0.03173  -0.03148   0.00021
   23 C5               X   -0.00418   0.00407  -0.00071   0.00041  -0.00001
   24 C5               Y    0.00129  -0.00158  -0.00167   0.00162   0.00019
   25 C5               Z    0.00000   0.00000   0.00000   0.00000   0.00000
   26 H6               S    0.00022   0.00012   0.00618   0.00621   0.00019
   27 H7               S   -0.00023   0.00012  -0.00136  -0.00145   0.00020
   28 H8               S   -0.00022   0.00012  -0.00618   0.00621  -0.00019
   29 C9               S    0.00932  -0.00945  -0.00191   0.00621   0.69958
   30 C9               S    0.00584  -0.00590   0.00013   0.00021   0.03103
   31 C9               X    0.00097  -0.00098   0.00006  -0.00011   0.00097
   32 C9               Y   -0.00391   0.00395  -0.00005  -0.00005   0.00107
   33 C9               Z    0.00000   0.00000   0.00000   0.00000   0.00000
   34 C10              S   -0.00009   0.00009  -0.00144   0.00109  -0.02456
   35 C10              S   -0.00028   0.00028  -0.00013   0.00007  -0.00837
   36 C10              X   -0.00008   0.00008  -0.00006   0.00006   0.00298
   37 C10              Y    0.00019  -0.00019   0.00006  -0.00003   0.00358
   38 C10              Z    0.00000   0.00000   0.00000   0.00000   0.00000
   39 H11              S    0.00014  -0.00013   0.00017  -0.00017   0.00034
   40 H12              S   -0.00016   0.00016  -0.00002   0.00000  -0.00635
   41 H13              S    0.00003  -0.00002  -0.00001   0.00001   0.00036
   42 C14              S   -0.00932  -0.00945   0.00191   0.00621  -0.69958
   43 C14              S   -0.00584  -0.00590  -0.00013   0.00021  -0.03103
   44 C14              X    0.00097   0.00098   0.00006   0.00011   0.00097
   45 C14              Y   -0.00391  -0.00395  -0.00005   0.00005   0.00107
   46 C14              Z    0.00000   0.00000   0.00000   0.00000   0.00000
   47 H15              S    0.00016   0.00016   0.00002   0.00000   0.00635
   48 C16              S    0.00009   0.00009   0.00144   0.00109   0.02456
   49 C16              S    0.00028   0.00028   0.00013   0.00007   0.00837
   50 C16              X   -0.00008  -0.00008  -0.00006  -0.00006   0.00298
   51 C16              Y    0.00019   0.00019   0.00006   0.00003   0.00358
   52 C16              Z    0.00000   0.00000   0.00000   0.00000   0.00000
   53 H17              S   -0.00014  -0.00013  -0.00017  -0.00017  -0.00034
   54 H18              S   -0.00003  -0.00002   0.00001   0.00001  -0.00036
   55 C19              S   -0.00755  -0.00793  -0.13247   0.15611   0.02327
   56 C19              S   -0.00709  -0.00648  -0.01250   0.01317   0.00087
   57 C19              X    0.00341   0.00324   0.00114  -0.00109  -0.00005
   58 C19              Y    0.00276   0.00299  -0.00433   0.00431   0.00000
   59 C19              Z    0.00000   0.00000   0.00000   0.00000   0.00000
   60 H20              S    0.00023   0.00012   0.00136  -0.00145  -0.00020
   
                              6         7         8         9        10
  eigenvalues-            -10.21852 -10.21770 -10.21760 -10.21116 -10.21116
  occupations-              1.00000   1.00000   1.00000   1.00000   1.00000
    1 C1               S   -0.00960  -0.00705  -0.01167   0.00032   0.00029
    2 C1               S    0.00447   0.00517   0.00736   0.00002   0.00003
    3 C1               X    0.00050   0.00389   0.00230  -0.00004  -0.00004
    4 C1               Y   -0.00428   0.00256   0.00285   0.00004   0.00004
    5 C1               Z    0.00000   0.00000   0.00000   0.00000   0.00000
    6 C2               S    0.00755   0.13335  -0.15694   0.00171   0.00144
    7 C2               S   -0.00031  -0.00074  -0.00064   0.00000   0.00002
    8 C2               X    0.00015   0.00085  -0.00081  -0.00001  -0.00001
    9 C2               Y   -0.00025  -0.00412   0.00412   0.00008   0.00011
   10 C2               Z    0.00000   0.00000   0.00000   0.00000   0.00000
   11 C3               S    0.05991   0.68739  -0.68022   0.00155  -0.00059
   12 C3               S    0.00255   0.02915  -0.02846  -0.00002  -0.00002
   13 C3               X    0.00017   0.00092  -0.00051  -0.00002   0.00000
   14 C3               Y   -0.00005   0.00036  -0.00061  -0.00002   0.00008
   15 C3               Z    0.00000   0.00000   0.00000   0.00000   0.00000
   16 C4               S   -0.00960   0.00705  -0.01167   0.00032  -0.00029
   17 C4               S    0.00447  -0.00517   0.00736   0.00002  -0.00003
   18 C4               X   -0.00050   0.00389  -0.00230   0.00004  -0.00004
   19 C4               Y    0.00428   0.00256  -0.00285  -0.00004   0.00004
   20 C4               Z    0.00000   0.00000   0.00000   0.00000   0.00000
   21 C5               S    0.00755  -0.13335  -0.15694   0.00171  -0.00144
   22 C5               S   -0.00031   0.00074  -0.00064   0.00000  -0.00002
   23 C5               X   -0.00015   0.00085   0.00081   0.00001  -0.00001
   24 C5               Y    0.00025  -0.00412  -0.00412  -0.00008   0.00011
   25 C5               Z    0.00000   0.00000   0.00000   0.00000   0.00000
   26 H6               S    0.00009  -0.00100   0.00140   0.00008   0.00009
   27 H7               S   -0.00052  -0.00608   0.00615  -0.00003   0.00002
   28 H8               S    0.00009   0.00100   0.00140   0.00008  -0.00009
   29 C9               S   -0.69740   0.02393  -0.05986   0.02545  -0.02545
   30 C9               S   -0.03091   0.00122  -0.00277  -0.00615   0.00615
   31 C9               X   -0.00097   0.00005  -0.00006  -0.00297   0.00297
   32 C9               Y   -0.00108   0.00002  -0.00015  -0.00341   0.00341
   33 C9               Z    0.00000   0.00000   0.00000   0.00000   0.00000
   34 C10              S    0.02434  -0.00115   0.00397   0.70018  -0.70018
   35 C10              S    0.00833  -0.00034   0.00087   0.03029  -0.03029
   36 C10              X   -0.00297   0.00012  -0.00025  -0.00087   0.00087
   37 C10              Y   -0.00356   0.00015  -0.00039  -0.00100   0.00100
   38 C10              Z    0.00000   0.00000   0.00000   0.00000   0.00000
   39 H11              S   -0.00034   0.00000  -0.00006  -0.00624   0.00624
   40 H12              S    0.00632  -0.00026   0.00062  -0.00010   0.00010
   41 H13              S   -0.00036   0.00002  -0.00003  -0.00623   0.00623
   42 C14              S   -0.69740  -0.02393  -0.05986   0.02545   0.02545
   43 C14              S   -0.03091  -0.00122  -0.00277  -0.00615  -0.00615
   44 C14              X    0.00097   0.00005   0.00006   0.00297   0.00297
   45 C14              Y    0.00108   0.00002   0.00015   0.00341   0.00341
   46 C14              Z    0.00000   0.00000   0.00000   0.00000   0.00000
   47 H15              S    0.00632   0.00026   0.00062  -0.00010  -0.00010
   48 C16              S    0.02434   0.00115   0.00397   0.70018   0.70018
   49 C16              S    0.00833   0.00034   0.00087   0.03029   0.03029
   50 C16              X    0.00297   0.00012   0.00025   0.00087   0.00087
   51 C16              Y    0.00356   0.00015   0.00039   0.00100   0.00100
   52 C16              Z    0.00000   0.00000   0.00000   0.00000   0.00000
   53 H17              S   -0.00034   0.00000  -0.00006  -0.00624  -0.00624
   54 H18              S   -0.00036  -0.00002  -0.00003  -0.00623  -0.00623
   55 C19              S    0.05991  -0.68739  -0.68022   0.00155   0.00059
   56 C19              S    0.00255  -0.02915  -0.02846  -0.00002   0.00002
   57 C19              X   -0.00017   0.00092   0.00051   0.00002   0.00000
   58 C19              Y    0.00005   0.00036   0.00061   0.00002   0.00008
   59 C19              Z    0.00000   0.00000   0.00000   0.00000   0.00000
   60 H20              S   -0.00052   0.00608   0.00615  -0.00003  -0.00002
   
                             11        12        13        14        15
  eigenvalues-             -1.01465  -0.95441  -0.91380  -0.89731  -0.86482
  occupations-              1.00000   1.00000   1.00000   1.00000   1.00000
    1 C1               S   -0.10977   0.11083  -0.00911   0.01185  -0.09490
    2 C1               S    0.28010  -0.29471   0.02781  -0.03240   0.26279
    3 C1               X   -0.00889  -0.00234   0.01350  -0.13297  -0.02115
    4 C1               Y    0.04717   0.02888  -0.10470  -0.02749   0.07070
    5 C1               Z    0.00000   0.00000   0.00000   0.00000   0.00000
    6 C2               S   -0.09745   0.04663   0.03999  -0.12204  -0.06960
    7 C2               S    0.24574  -0.12255  -0.10445   0.33050   0.19226
    8 C2               X    0.05297  -0.05269  -0.00280  -0.02571   0.06071
    9 C2               Y    0.03407   0.04730  -0.05049   0.06816  -0.04288
   10 C2               Z    0.00000   0.00000   0.00000   0.00000   0.00000
   11 C3               S   -0.09708  -0.04061   0.04477  -0.13276   0.04112
   12 C3               S    0.24433   0.10623  -0.11745   0.35934  -0.11362
   13 C3               X    0.06157   0.03113  -0.02040   0.00971  -0.03884
   14 C3               Y   -0.01271   0.06396   0.03834  -0.05721  -0.08875
   15 C3               Z    0.00000   0.00000   0.00000   0.00000   0.00000
   16 C4               S   -0.10977  -0.11083  -0.00911  -0.01185   0.09490
   17 C4               S    0.28010   0.29471   0.02781   0.03240  -0.26279
   18 C4               X    0.00889  -0.00234  -0.01350  -0.13297  -0.02115
   19 C4               Y   -0.04717   0.02888   0.10470  -0.02749   0.07070
   20 C4               Z    0.00000   0.00000   0.00000   0.00000   0.00000
   21 C5               S   -0.09745  -0.04663   0.03999   0.12204   0.06960
   22 C5               S    0.24574   0.12255  -0.10445  -0.33050  -0.19226
   23 C5               X   -0.05297  -0.05269   0.00280  -0.02571   0.06071
   24 C5               Y   -0.03407   0.04730   0.05049   0.06816  -0.04288
   25 C5               Z    0.00000   0.00000   0.00000   0.00000   0.00000
   26 H6               S    0.03986  -0.02927  -0.01395   0.08167   0.04483
   27 H7               S    0.03877   0.02434  -0.01971   0.08670  -0.02826
   28 H8               S    0.03986   0.02927  -0.01395  -0.08167  -0.04483
   29 C9               S   -0.04676  -0.11099  -0.12363  -0.00077  -0.06410
   30 C9               S    0.12072   0.29079   0.32792   0.00275   0.17151
   31 C9               X    0.01525   0.03961   0.05267  -0.02180   0.04360
   32 C9               Y   -0.02964  -0.01518   0.05382  -0.01766   0.12872
   33 C9               Z    0.00000   0.00000   0.00000   0.00000   0.00000
   34 C10              S   -0.02161  -0.07314  -0.11386   0.01219  -0.11152
   35 C10              S    0.05450   0.18851   0.29911  -0.03167   0.30146
   36 C10              X   -0.01130  -0.03601  -0.05207  -0.00132  -0.04269
   37 C10              Y   -0.02046  -0.05475  -0.06574   0.00708  -0.03505
   38 C10              Z    0.00000   0.00000   0.00000   0.00000   0.00000
   39 H11              S    0.01120   0.04033   0.06633  -0.01157   0.07152
   40 H12              S    0.02087   0.05717   0.07009   0.00884   0.04088
   41 H13              S    0.00794   0.03400   0.06301  -0.00640   0.07753
   42 C14              S   -0.04676   0.11099  -0.12363   0.00077   0.06410
   43 C14              S    0.12072  -0.29079   0.32792  -0.00275  -0.17151
   44 C14              X   -0.01525   0.03961  -0.05267  -0.02180   0.04360
   45 C14              Y    0.02964  -0.01518  -0.05382  -0.01766   0.12872
   46 C14              Z    0.00000   0.00000   0.00000   0.00000   0.00000
   47 H15              S    0.02087  -0.05717   0.07009  -0.00884  -0.04088
   48 C16              S   -0.02161   0.07314  -0.11386  -0.01219   0.11152
   49 C16              S    0.05450  -0.18851   0.29911   0.03167  -0.30146
   50 C16              X    0.01130  -0.03601   0.05207  -0.00132  -0.04269
   51 C16              Y    0.02046  -0.05475   0.06574   0.00708  -0.03505
   52 C16              Z    0.00000   0.00000   0.00000   0.00000   0.00000
   53 H17              S    0.01120  -0.04033   0.06633   0.01157  -0.07152
   54 H18              S    0.00794  -0.03400   0.06301   0.00640  -0.07753
   55 C19              S   -0.09708   0.04061   0.04477   0.13276  -0.04112
   56 C19              S    0.24433  -0.10623  -0.11745  -0.35934   0.11362
   57 C19              X   -0.06157   0.03113   0.02040   0.00971  -0.03884
   58 C19              Y    0.01271   0.06396  -0.03834  -0.05721  -0.08875
   59 C19              Z    0.00000   0.00000   0.00000   0.00000   0.00000
   60 H20              S    0.03877  -0.02434  -0.01971  -0.08670   0.02826
   
                             16        17        18        19        20
  eigenvalues-             -0.78200  -0.75556  -0.71886  -0.70066  -0.64810
  occupations-              1.00000   1.00000   1.00000   1.00000   1.00000
    1 C1               S   -0.07201  -0.05700  -0.00866   0.04821   0.03187
    2 C1               S    0.21219   0.17066   0.02406  -0.14474  -0.10623
    3 C1               X    0.14221  -0.19285  -0.06851  -0.00568  -0.05576
    4 C1               Y   -0.06625  -0.07780   0.15493  -0.16314   0.12055
    5 C1               Z    0.00000   0.00000   0.00000   0.00000   0.00000
    6 C2               S    0.08705  -0.05360  -0.02988  -0.05224  -0.01632
    7 C2               S   -0.25028   0.16014   0.09154   0.16841   0.04533
    8 C2               X    0.05712   0.09925   0.04553  -0.20549   0.08324
    9 C2               Y   -0.01997  -0.17677  -0.08025  -0.03908   0.13415
   10 C2               Z    0.00000   0.00000   0.00000   0.00000   0.00000
   11 C3               S   -0.00839   0.11144   0.05023  -0.01373   0.01665
   12 C3               S    0.02579  -0.32970  -0.15444   0.04757  -0.06265
   13 C3               X    0.02548   0.06508  -0.01147  -0.19073   0.13336
   14 C3               Y    0.17306  -0.02635   0.00189  -0.08809  -0.13559
   15 C3               Z    0.00000   0.00000   0.00000   0.00000   0.00000
   16 C4               S   -0.07201  -0.05700   0.00866   0.04821   0.03187
   17 C4               S    0.21219   0.17066  -0.02406  -0.14474  -0.10623
   18 C4               X   -0.14221   0.19285  -0.06851   0.00568   0.05576
   19 C4               Y    0.06625   0.07780   0.15493   0.16314  -0.12055
   20 C4               Z    0.00000   0.00000   0.00000   0.00000   0.00000
   21 C5               S    0.08705  -0.05360   0.02988  -0.05224  -0.01632
   22 C5               S   -0.25028   0.16014  -0.09154   0.16841   0.04533
   23 C5               X   -0.05712  -0.09925   0.04553   0.20549  -0.08324
   24 C5               Y    0.01997   0.17677  -0.08025   0.03908  -0.13415
   25 C5               Z    0.00000   0.00000   0.00000   0.00000   0.00000
   26 H6               S   -0.10128   0.07215   0.04912   0.15838  -0.08533
   27 H7               S    0.02409  -0.14594  -0.04315   0.10225  -0.12271
   28 H8               S   -0.10128   0.07215  -0.04912   0.15838  -0.08533
   29 C9               S   -0.04405  -0.00519  -0.09632  -0.05711  -0.04947
   30 C9               S    0.13441   0.01792   0.29902   0.17667   0.15919
   31 C9               X   -0.07761   0.04212  -0.11379  -0.06185  -0.11930
   32 C9               Y   -0.14158  -0.08985  -0.07103  -0.02530   0.17824
   33 C9               Z    0.00000   0.00000   0.00000   0.00000   0.00000
   34 C10              S    0.08251   0.04464   0.08714   0.05619   0.02552
   35 C10              S   -0.23735  -0.13288  -0.26942  -0.17736  -0.09254
   36 C10              X   -0.02190   0.01854  -0.11011  -0.06616  -0.22314
   37 C10              Y   -0.02211  -0.04079  -0.08579  -0.07595  -0.01903
   38 C10              Z    0.00000   0.00000   0.00000   0.00000   0.00000
   39 H11              S   -0.09068  -0.02812  -0.15344  -0.08974  -0.18154
   40 H12              S    0.06422  -0.02805   0.15208   0.09705   0.15007
   41 H13              S   -0.08268  -0.06412  -0.11949  -0.09152  -0.00526
   42 C14              S   -0.04405  -0.00519   0.09632  -0.05711  -0.04947
   43 C14              S    0.13441   0.01792  -0.29902   0.17667   0.15919
   44 C14              X    0.07761  -0.04212  -0.11379   0.06185   0.11930
   45 C14              Y    0.14158   0.08985  -0.07103   0.02530  -0.17824
   46 C14              Z    0.00000   0.00000   0.00000   0.00000   0.00000
   47 H15              S    0.06422  -0.02805  -0.15208   0.09705   0.15007
   48 C16              S    0.08251   0.04464  -0.08714   0.05619   0.02552
   49 C16              S   -0.23735  -0.13288   0.26942  -0.17736  -0.09254
   50 C16              X    0.02190  -0.01854  -0.11011   0.06616   0.22314
   51 C16              Y    0.02211   0.04079  -0.08579   0.07595   0.01903
   52 C16              Z    0.00000   0.00000   0.00000   0.00000   0.00000
   53 H17              S   -0.09068  -0.02812   0.15344  -0.08974  -0.18154
   54 H18              S   -0.08268  -0.06412   0.11949  -0.09152  -0.00526
   55 C19              S   -0.00839   0.11144  -0.05023  -0.01373   0.01665
   56 C19              S    0.02579  -0.32970   0.15444   0.04757  -0.06265
   57 C19              X   -0.02548  -0.06508  -0.01147   0.19073  -0.13336
   58 C19              Y   -0.17306   0.02635   0.00189   0.08809   0.13559
   59 C19              Z    0.00000   0.00000   0.00000   0.00000   0.00000
   60 H20              S    0.02409  -0.14594   0.04315   0.10225  -0.12271
   
                             21        22        23        24        25
  eigenvalues-             -0.63304  -0.60100  -0.59324  -0.58507  -0.56761
  occupations-              1.00000   1.00000   1.00000   1.00000   1.00000
    1 C1               S    0.01733   0.05028   0.04949   0.01804   0.00512
    2 C1               S   -0.06035  -0.17357  -0.17093  -0.06056  -0.01818
    3 C1               X    0.16561  -0.18343   0.14839  -0.01197  -0.09228
    4 C1               Y    0.15252   0.06188  -0.15157  -0.00168  -0.09977
    5 C1               Z    0.00000   0.00000   0.00000   0.00000   0.00000
    6 C2               S   -0.03712  -0.04776  -0.01604   0.02049  -0.01723
    7 C2               S    0.12098   0.16506   0.06067  -0.07617   0.05451
    8 C2               X   -0.10856   0.01635  -0.28713   0.03099   0.18606
    9 C2               Y    0.13655  -0.18217  -0.06725   0.13205   0.20497
   10 C2               Z    0.00000   0.00000   0.00000   0.00000   0.00000
   11 C3               S    0.01747   0.04691   0.02575  -0.02466  -0.02089
   12 C3               S   -0.05953  -0.16072  -0.09221   0.08341   0.06445
   13 C3               X   -0.01231   0.18128   0.11339   0.00610   0.33891
   14 C3               Y   -0.21532   0.09956  -0.07117  -0.07373  -0.11921
   15 C3               Z    0.00000   0.00000   0.00000   0.00000   0.00000
   16 C4               S   -0.01733  -0.05028  -0.04949   0.01804  -0.00512
   17 C4               S    0.06035   0.17357   0.17093  -0.06056   0.01818
   18 C4               X    0.16561  -0.18343   0.14839   0.01197  -0.09228
   19 C4               Y    0.15252   0.06188  -0.15157   0.00168  -0.09977
   20 C4               Z    0.00000   0.00000   0.00000   0.00000   0.00000
   21 C5               S    0.03712   0.04776   0.01604   0.02049   0.01723
   22 C5               S   -0.12098  -0.16506  -0.06067  -0.07617  -0.05451
   23 C5               X   -0.10856   0.01635  -0.28713  -0.03099   0.18606
   24 C5               Y    0.13655  -0.18217  -0.06725  -0.13205   0.20497
   25 C5               Z    0.00000   0.00000   0.00000   0.00000   0.00000
   26 H6               S    0.04041   0.13971   0.23614  -0.10527  -0.19079
   27 H7               S   -0.06777  -0.17240  -0.13604   0.00920  -0.25290
   28 H8               S   -0.04041  -0.13971  -0.23614  -0.10527   0.19079
   29 C9               S   -0.01266   0.01326   0.00514  -0.02328  -0.00361
   30 C9               S    0.03799  -0.03559  -0.01799   0.06671   0.00911
   31 C9               X    0.21610  -0.00005  -0.00330   0.26716   0.00252
   32 C9               Y   -0.09424  -0.20946   0.10885   0.06788   0.08116
   33 C9               Z    0.00000   0.00000   0.00000   0.00000   0.00000
   34 C10              S    0.01489  -0.01536  -0.00504   0.00269   0.00395
   35 C10              S   -0.05387   0.06466   0.01162  -0.02439  -0.01832
   36 C10              X    0.08422   0.19771  -0.17539   0.00521  -0.08418
   37 C10              Y   -0.19247   0.07472   0.07964  -0.34430  -0.02710
   38 C10              Z    0.00000   0.00000   0.00000   0.00000   0.00000
   39 H11              S    0.04924   0.14701  -0.14568   0.01711  -0.05523
   40 H12              S   -0.13825  -0.05389  -0.00089  -0.15131   0.00174
   41 H13              S   -0.15344   0.03236   0.09782  -0.24827  -0.00756
   42 C14              S    0.01266  -0.01326  -0.00514  -0.02328   0.00361
   43 C14              S   -0.03799   0.03559   0.01799   0.06671  -0.00911
   44 C14              X    0.21610  -0.00005  -0.00330  -0.26716   0.00252
   45 C14              Y   -0.09424  -0.20946   0.10885  -0.06788   0.08116
   46 C14              Z    0.00000   0.00000   0.00000   0.00000   0.00000
   47 H15              S    0.13825   0.05389   0.00089  -0.15131  -0.00174
   48 C16              S   -0.01489   0.01536   0.00504   0.00269  -0.00395
   49 C16              S    0.05387  -0.06466  -0.01162  -0.02439   0.01832
   50 C16              X    0.08422   0.19771  -0.17539  -0.00521  -0.08418
   51 C16              Y   -0.19247   0.07472   0.07964   0.34430  -0.02710
   52 C16              Z    0.00000   0.00000   0.00000   0.00000   0.00000
   53 H17              S   -0.04924  -0.14701   0.14568   0.01711   0.05523
   54 H18              S    0.15344  -0.03236  -0.09782  -0.24827   0.00756
   55 C19              S   -0.01747  -0.04691  -0.02575  -0.02466   0.02089
   56 C19              S    0.05953   0.16072   0.09221   0.08341  -0.06445
   57 C19              X   -0.01231   0.18128   0.11339  -0.00610   0.33891
   58 C19              Y   -0.21532   0.09956  -0.07117   0.07373  -0.11921
   59 C19              Z    0.00000   0.00000   0.00000   0.00000   0.00000
   60 H20              S    0.06777   0.17240   0.13604   0.00920   0.25290
   
                             26        27        28        29        30
  eigenvalues-             -0.54951  -0.53543  -0.51719  -0.49960  -0.49144
  occupations-              1.00000   1.00000   1.00000   1.00000   1.00000
    1 C1               S    0.00526   0.02338   0.00000   0.01385  -0.00593
    2 C1               S   -0.01934  -0.08442   0.00000  -0.05779   0.03031
    3 C1               X    0.13606   0.09484   0.00000  -0.08766  -0.15437
    4 C1               Y    0.16748  -0.03652   0.00000   0.21485  -0.25920
    5 C1               Z    0.00000   0.00000  -0.33618   0.00000   0.00000
    6 C2               S   -0.00750  -0.00845   0.00000  -0.01034  -0.00396
    7 C2               S    0.02104   0.02809   0.00000   0.03631   0.00563
    8 C2               X   -0.04375  -0.07367   0.00000   0.12643   0.11766
    9 C2               Y    0.19969   0.16935   0.00000  -0.00633   0.22448
   10 C2               Z    0.00000   0.00000  -0.29935   0.00000   0.00000
   11 C3               S    0.01370   0.00839   0.00000   0.00390  -0.00005
   12 C3               S   -0.05110  -0.03902   0.00000  -0.01089   0.00195
   13 C3               X   -0.05253   0.14354   0.00000  -0.05587  -0.15167
   14 C3               Y   -0.21686  -0.16823   0.00000   0.04429  -0.25440
   15 C3               Z    0.00000   0.00000  -0.29854   0.00000   0.00000
   16 C4               S   -0.00526   0.02338   0.00000  -0.01385  -0.00593
   17 C4               S    0.01934  -0.08442   0.00000   0.05779   0.03031
   18 C4               X    0.13606  -0.09484   0.00000  -0.08766   0.15437
   19 C4               Y    0.16748   0.03652   0.00000   0.21485   0.25920
   20 C4               Z    0.00000   0.00000  -0.33618   0.00000   0.00000
   21 C5               S    0.00750  -0.00845   0.00000   0.01034  -0.00396
   22 C5               S   -0.02104   0.02809   0.00000  -0.03631   0.00563
   23 C5               X   -0.04375   0.07367   0.00000   0.12643  -0.11766
   24 C5               Y    0.19969  -0.16935   0.00000  -0.00633  -0.22448
   25 C5               Z    0.00000   0.00000  -0.29935   0.00000   0.00000
   26 H6               S   -0.06239  -0.00604   0.00000  -0.04050  -0.24915
   27 H7               S   -0.03191  -0.16911   0.00000   0.03956   0.05744
   28 H8               S    0.06239  -0.00604   0.00000   0.04050  -0.24915
   29 C9               S    0.00212  -0.02257   0.00000   0.00467  -0.01385
   30 C9               S    0.00880   0.09282   0.00000  -0.02226   0.05948
   31 C9               X   -0.21536  -0.18702   0.00000   0.23670   0.05701
   32 C9               Y   -0.17985  -0.12720   0.00000  -0.13447  -0.22169
   33 C9               Z    0.00000   0.00000  -0.17669   0.00000   0.00000
   34 C10              S    0.01327   0.00966   0.00000  -0.00646   0.00463
   35 C10              S   -0.03012  -0.02312   0.00000   0.02336  -0.00908
   36 C10              X    0.08878   0.29355   0.00000  -0.23487  -0.00219
   37 C10              Y    0.28350  -0.03389   0.00000   0.14366   0.15959
   38 C10              Z    0.00000   0.00000  -0.08311   0.00000   0.00000
   39 H11              S    0.03629   0.24256   0.00000  -0.23941  -0.06498
   40 H12              S    0.14077   0.16842   0.00000  -0.25710  -0.06857
   41 H13              S    0.17963  -0.11816   0.00000   0.21180   0.14222
   42 C14              S   -0.00212  -0.02257   0.00000  -0.00467  -0.01385
   43 C14              S   -0.00880   0.09282   0.00000   0.02226   0.05948
   44 C14              X   -0.21536   0.18702   0.00000   0.23670  -0.05701
   45 C14              Y   -0.17985   0.12720   0.00000  -0.13447   0.22169
   46 C14              Z    0.00000   0.00000  -0.17669   0.00000   0.00000
   47 H15              S   -0.14077   0.16842   0.00000   0.25710  -0.06857
   48 C16              S   -0.01327   0.00966   0.00000   0.00646   0.00463
   49 C16              S    0.03012  -0.02312   0.00000  -0.02336  -0.00908
   50 C16              X    0.08878  -0.29355   0.00000  -0.23487   0.00219
   51 C16              Y    0.28350   0.03389   0.00000   0.14366  -0.15959
   52 C16              Z    0.00000   0.00000  -0.08311   0.00000   0.00000
   53 H17              S   -0.03629   0.24256   0.00000   0.23941  -0.06498
   54 H18              S   -0.17963  -0.11816   0.00000  -0.21180   0.14222
   55 C19              S   -0.01370   0.00839   0.00000  -0.00390  -0.00005
   56 C19              S    0.05110  -0.03902   0.00000   0.01089   0.00195
   57 C19              X   -0.05253  -0.14354   0.00000  -0.05587   0.15167
   58 C19              Y   -0.21686   0.16823   0.00000   0.04429   0.25440
   59 C19              Z    0.00000   0.00000  -0.29854   0.00000   0.00000
   60 H20              S    0.03191  -0.16911   0.00000  -0.03956   0.05744
   
                             31        32        33        34
  eigenvalues-             -0.48109  -0.45057  -0.39080  -0.38880
  occupations-              1.00000   1.00000   1.00000   1.00000
    1 C1               S    0.01079   0.00000   0.00000   0.00000
    2 C1               S   -0.04819   0.00000   0.00000   0.00000
    3 C1               X   -0.27279   0.00000   0.00000   0.00000
    4 C1               Y    0.10712   0.00000   0.00000   0.00000
    5 C1               Z    0.00000   0.36029   0.00464  -0.01103
    6 C2               S   -0.00347   0.00000   0.00000   0.00000
    7 C2               S    0.00828   0.00000   0.00000   0.00000
    8 C2               X    0.26475   0.00000   0.00000   0.00000
    9 C2               Y   -0.08669   0.00000   0.00000   0.00000
   10 C2               Z    0.00000   0.13424  -0.45932   0.19049
   11 C3               S    0.00625   0.00000   0.00000   0.00000
   12 C3               S   -0.01512   0.00000   0.00000   0.00000
   13 C3               X   -0.21666   0.00000   0.00000   0.00000
   14 C3               Y    0.06094   0.00000   0.00000   0.00000
   15 C3               Z    0.00000  -0.12850  -0.46196   0.19345
   16 C4               S    0.01079   0.00000   0.00000   0.00000
   17 C4               S   -0.04819   0.00000   0.00000   0.00000
   18 C4               X    0.27279   0.00000   0.00000   0.00000
   19 C4               Y   -0.10712   0.00000   0.00000   0.00000
   20 C4               Z    0.00000  -0.36029  -0.00464  -0.01103
   21 C5               S   -0.00347   0.00000   0.00000   0.00000
   22 C5               S    0.00828   0.00000   0.00000   0.00000
   23 C5               X   -0.26475   0.00000   0.00000   0.00000
   24 C5               Y    0.08669   0.00000   0.00000   0.00000
   25 C5               Z    0.00000  -0.13424   0.45932   0.19049
   26 H6               S   -0.13072   0.00000   0.00000   0.00000
   27 H7               S    0.23932   0.00000   0.00000   0.00000
   28 H8               S   -0.13072   0.00000   0.00000   0.00000
   29 C9               S    0.00688   0.00000   0.00000   0.00000
   30 C9               S   -0.02223   0.00000   0.00000   0.00000
   31 C9               X   -0.16486   0.00000   0.00000   0.00000
   32 C9               Y    0.11769   0.00000   0.00000   0.00000
   33 C9               Z    0.00000  -0.38745  -0.00461  -0.44153
   34 C10              S    0.00519   0.00000   0.00000   0.00000
   35 C10              S   -0.01989   0.00000   0.00000   0.00000
   36 C10              X    0.13852   0.00000   0.00000   0.00000
   37 C10              Y   -0.06323   0.00000   0.00000   0.00000
   38 C10              Z    0.00000  -0.24085   0.00503  -0.37696
   39 H11              S    0.13889   0.00000   0.00000   0.00000
   40 H12              S    0.19516   0.00000   0.00000   0.00000
   41 H13              S   -0.11469   0.00000   0.00000   0.00000
   42 C14              S    0.00688   0.00000   0.00000   0.00000
   43 C14              S   -0.02223   0.00000   0.00000   0.00000
   44 C14              X    0.16486   0.00000   0.00000   0.00000
   45 C14              Y   -0.11769   0.00000   0.00000   0.00000
   46 C14              Z    0.00000   0.38745   0.00461  -0.44153
   47 H15              S    0.19516   0.00000   0.00000   0.00000
   48 C16              S    0.00519   0.00000   0.00000   0.00000
   49 C16              S   -0.01989   0.00000   0.00000   0.00000
   50 C16              X   -0.13852   0.00000   0.00000   0.00000
   51 C16              Y    0.06323   0.00000   0.00000   0.00000
   52 C16              Z    0.00000   0.24085  -0.00503  -0.37696
   53 H17              S    0.13889   0.00000   0.00000   0.00000
   54 H18              S   -0.11469   0.00000   0.00000   0.00000
   55 C19              S    0.00625   0.00000   0.00000   0.00000
   56 C19              S   -0.01512   0.00000   0.00000   0.00000
   57 C19              X    0.21666   0.00000   0.00000   0.00000
   58 C19              Y   -0.06094   0.00000   0.00000   0.00000
   59 C19              Z    0.00000   0.12850   0.46196   0.19345
   60 H20              S    0.23932   0.00000   0.00000   0.00000
   
  
  Peak memory usage:    515 Mb
  
  end of program post
   
 Time(post)  user:        0.0  user+sys:        0.0  wallclock:        0.1

 Total cpu seconds     user:       4.000   user+sys:       4.000
  
 Total elapsed time:    7 seconds

Job dvb_un_sp_ks completed on silenziosa at Tue Apr  8 11:43:00 2014
