Job dvb_sp_hf started on silenziosa at Wed Apr  9 22:33:27 2014
jobid: silenziosa-0-534602f6

  +--------------------------------------------------------------------+
  |  Jaguar version 8.3, release  13                                   |
  |                                                                    |
  |  Copyright Schrodinger, Inc.                                       |
  |  All Rights Reserved.                                              |
  |                                                                    |
  |  The following have contributed to Jaguar (listed alphabetically): |
  |  Mike Beachy, Art Bochevarov, Dale Braden, Yixiang Cao,            |
  |  Chris Cortis, Rich Friesner, Bill Goddard, Hod Greeley,           |
  |  Tom Hughes, Jean-Marc Langlois, Daniel Mainz, Rob Murphy,         |
  |  Dean Philipp, Tom Pollard, Murco Ringnalda.                       |
  |                                                                    |
  |  Use of this program should be acknowledged in publications as:    |
  |                                                                    |
  |  Jaguar, version 8.3, Schrodinger, Inc., New York, NY, 2014.       |
  |                                                                    |
  |  A. D. Bochevarov, E. Harder, T. F. Hughes, J. R. Greenwood,       |
  |  D. A. Braden, D. M. Philipp, D. Rinaldo, M. D. Halls,             |
  |  J. Zhang, R. A. Friesner, "Jaguar: A High-Performance Quantum     |
  |  Chemistry Software Program with Strengths in Life and Materials   |
  |  Sciences", Int. J. Quantum Chem., 2013, 113(18), 2110-2142.       |
  +--------------------------------------------------------------------+
  
  start of program pre
  
  Job name: dvb_sp_hf
  Executables used: /usr/local/lib/schrodinger2014-1/jaguar-v83013/bin/Linux-x86_64
  Temporary files : /home/kml/dvb_sp_hf
  
  
  basis set:             sto-3g          
  net molecular charge:    0
  multiplicity:            1
  
  number of basis functions....           60
  
  Basis set name for each atom
  
  Atom     Basis 
  C1       sto-3g          
  C2       sto-3g          
  C3       sto-3g          
  C4       sto-3g          
  C5       sto-3g          
  H6       sto-3g          
  H7       sto-3g          
  H8       sto-3g          
  C9       sto-3g          
  C10      sto-3g          
  H11      sto-3g          
  H12      sto-3g          
  H13      sto-3g          
  C14      sto-3g          
  H15      sto-3g          
  C16      sto-3g          
  H17      sto-3g          
  H18      sto-3g          
  C19      sto-3g          
  H20      sto-3g          
  
  Gaussian basis set information
  
                                                        renorm    mfac*renorm
   atom    fn   prim  L        z            coef         coef         coef
 -------- ----- ---- --- -------------  -----------  -----------  -----------
 C1           1    1   S  7.161684E+01   1.5433E-01   2.7078E+00   2.7078E+00
 C1           1    2   S  1.304510E+01   5.3533E-01   2.6189E+00   2.6189E+00
 C1           1    3   S  3.530512E+00   4.4463E-01   8.1619E-01   8.1619E-01
 C1           2    4   S  2.941249E+00  -2.9565E-01  -4.7324E-01  -4.7324E-01
 C1           2    5   S  6.834831E-01   1.1815E+00   6.3299E-01   6.3299E-01
 C1           3    6   X  2.941249E+00   2.2135E-01   1.2153E+00   1.2153E+00
              4        Y                                           1.2153E+00
              5        Z                                           1.2153E+00
 C1           3    7   X  6.834831E-01   8.6271E-01   7.6421E-01   7.6421E-01
              4        Y                                           7.6421E-01
              5        Z                                           7.6421E-01
 C1           2    8   S  2.222899E-01   1.0000E+00   2.3073E-01   2.3073E-01
 C1           3    9   X  2.222899E-01   1.0000E+00   2.1757E-01   2.1757E-01
              4        Y                                           2.1757E-01
              5        Z                                           2.1757E-01
 C2           6    1   S  7.161684E+01   1.5433E-01   2.7078E+00   2.7078E+00
 C2           6    2   S  1.304510E+01   5.3533E-01   2.6189E+00   2.6189E+00
 C2           6    3   S  3.530512E+00   4.4463E-01   8.1619E-01   8.1619E-01
 C2           7    4   S  2.941249E+00  -2.9565E-01  -4.7324E-01  -4.7324E-01
 C2           7    5   S  6.834831E-01   1.1815E+00   6.3299E-01   6.3299E-01
 C2           8    6   X  2.941249E+00   2.2135E-01   1.2153E+00   1.2153E+00
              9        Y                                           1.2153E+00
             10        Z                                           1.2153E+00
 C2           8    7   X  6.834831E-01   8.6271E-01   7.6421E-01   7.6421E-01
              9        Y                                           7.6421E-01
             10        Z                                           7.6421E-01
 C2           7    8   S  2.222899E-01   1.0000E+00   2.3073E-01   2.3073E-01
 C2           8    9   X  2.222899E-01   1.0000E+00   2.1757E-01   2.1757E-01
              9        Y                                           2.1757E-01
             10        Z                                           2.1757E-01
 C3          11    1   S  7.161684E+01   1.5433E-01   2.7078E+00   2.7078E+00
 C3          11    2   S  1.304510E+01   5.3533E-01   2.6189E+00   2.6189E+00
 C3          11    3   S  3.530512E+00   4.4463E-01   8.1619E-01   8.1619E-01
 C3          12    4   S  2.941249E+00  -2.9565E-01  -4.7324E-01  -4.7324E-01
 C3          12    5   S  6.834831E-01   1.1815E+00   6.3299E-01   6.3299E-01
 C3          13    6   X  2.941249E+00   2.2135E-01   1.2153E+00   1.2153E+00
             14        Y                                           1.2153E+00
             15        Z                                           1.2153E+00
 C3          13    7   X  6.834831E-01   8.6271E-01   7.6421E-01   7.6421E-01
             14        Y                                           7.6421E-01
             15        Z                                           7.6421E-01
 C3          12    8   S  2.222899E-01   1.0000E+00   2.3073E-01   2.3073E-01
 C3          13    9   X  2.222899E-01   1.0000E+00   2.1757E-01   2.1757E-01
             14        Y                                           2.1757E-01
             15        Z                                           2.1757E-01
 C4          16    1   S  7.161684E+01   1.5433E-01   2.7078E+00   2.7078E+00
 C4          16    2   S  1.304510E+01   5.3533E-01   2.6189E+00   2.6189E+00
 C4          16    3   S  3.530512E+00   4.4463E-01   8.1619E-01   8.1619E-01
 C4          17    4   S  2.941249E+00  -2.9565E-01  -4.7324E-01  -4.7324E-01
 C4          17    5   S  6.834831E-01   1.1815E+00   6.3299E-01   6.3299E-01
 C4          18    6   X  2.941249E+00   2.2135E-01   1.2153E+00   1.2153E+00
             19        Y                                           1.2153E+00
             20        Z                                           1.2153E+00
 C4          18    7   X  6.834831E-01   8.6271E-01   7.6421E-01   7.6421E-01
             19        Y                                           7.6421E-01
             20        Z                                           7.6421E-01
 C4          17    8   S  2.222899E-01   1.0000E+00   2.3073E-01   2.3073E-01
 C4          18    9   X  2.222899E-01   1.0000E+00   2.1757E-01   2.1757E-01
             19        Y                                           2.1757E-01
             20        Z                                           2.1757E-01
 C5          21    1   S  7.161684E+01   1.5433E-01   2.7078E+00   2.7078E+00
 C5          21    2   S  1.304510E+01   5.3533E-01   2.6189E+00   2.6189E+00
 C5          21    3   S  3.530512E+00   4.4463E-01   8.1619E-01   8.1619E-01
 C5          22    4   S  2.941249E+00  -2.9565E-01  -4.7324E-01  -4.7324E-01
 C5          22    5   S  6.834831E-01   1.1815E+00   6.3299E-01   6.3299E-01
 C5          23    6   X  2.941249E+00   2.2135E-01   1.2153E+00   1.2153E+00
             24        Y                                           1.2153E+00
             25        Z                                           1.2153E+00
 C5          23    7   X  6.834831E-01   8.6271E-01   7.6421E-01   7.6421E-01
             24        Y                                           7.6421E-01
             25        Z                                           7.6421E-01
 C5          22    8   S  2.222899E-01   1.0000E+00   2.3073E-01   2.3073E-01
 C5          23    9   X  2.222899E-01   1.0000E+00   2.1757E-01   2.1757E-01
             24        Y                                           2.1757E-01
             25        Z                                           2.1757E-01
 H6          26    1   S  3.425251E+00   2.4050E-01   4.3157E-01   4.3157E-01
 H6          26    2   S  6.239137E-01   8.3424E-01   4.1739E-01   4.1739E-01
 H6          26    3   S  1.688554E-01   1.0000E+00   1.8774E-01   1.8774E-01
 H7          27    1   S  3.425251E+00   2.4050E-01   4.3157E-01   4.3157E-01
 H7          27    2   S  6.239137E-01   8.3424E-01   4.1739E-01   4.1739E-01
 H7          27    3   S  1.688554E-01   1.0000E+00   1.8774E-01   1.8774E-01
 H8          28    1   S  3.425251E+00   2.4050E-01   4.3157E-01   4.3157E-01
 H8          28    2   S  6.239137E-01   8.3424E-01   4.1739E-01   4.1739E-01
 H8          28    3   S  1.688554E-01   1.0000E+00   1.8774E-01   1.8774E-01
 C9          29    1   S  7.161684E+01   1.5433E-01   2.7078E+00   2.7078E+00
 C9          29    2   S  1.304510E+01   5.3533E-01   2.6189E+00   2.6189E+00
 C9          29    3   S  3.530512E+00   4.4463E-01   8.1619E-01   8.1619E-01
 C9          30    4   S  2.941249E+00  -2.9565E-01  -4.7324E-01  -4.7324E-01
 C9          30    5   S  6.834831E-01   1.1815E+00   6.3299E-01   6.3299E-01
 C9          31    6   X  2.941249E+00   2.2135E-01   1.2153E+00   1.2153E+00
             32        Y                                           1.2153E+00
             33        Z                                           1.2153E+00
 C9          31    7   X  6.834831E-01   8.6271E-01   7.6421E-01   7.6421E-01
             32        Y                                           7.6421E-01
             33        Z                                           7.6421E-01
 C9          30    8   S  2.222899E-01   1.0000E+00   2.3073E-01   2.3073E-01
 C9          31    9   X  2.222899E-01   1.0000E+00   2.1757E-01   2.1757E-01
             32        Y                                           2.1757E-01
             33        Z                                           2.1757E-01
 C10         34    1   S  7.161684E+01   1.5433E-01   2.7078E+00   2.7078E+00
 C10         34    2   S  1.304510E+01   5.3533E-01   2.6189E+00   2.6189E+00
 C10         34    3   S  3.530512E+00   4.4463E-01   8.1619E-01   8.1619E-01
 C10         35    4   S  2.941249E+00  -2.9565E-01  -4.7324E-01  -4.7324E-01
 C10         35    5   S  6.834831E-01   1.1815E+00   6.3299E-01   6.3299E-01
 C10         36    6   X  2.941249E+00   2.2135E-01   1.2153E+00   1.2153E+00
             37        Y                                           1.2153E+00
             38        Z                                           1.2153E+00
 C10         36    7   X  6.834831E-01   8.6271E-01   7.6421E-01   7.6421E-01
             37        Y                                           7.6421E-01
             38        Z                                           7.6421E-01
 C10         35    8   S  2.222899E-01   1.0000E+00   2.3073E-01   2.3073E-01
 C10         36    9   X  2.222899E-01   1.0000E+00   2.1757E-01   2.1757E-01
             37        Y                                           2.1757E-01
             38        Z                                           2.1757E-01
 H11         39    1   S  3.425251E+00   2.4050E-01   4.3157E-01   4.3157E-01
 H11         39    2   S  6.239137E-01   8.3424E-01   4.1739E-01   4.1739E-01
 H11         39    3   S  1.688554E-01   1.0000E+00   1.8774E-01   1.8774E-01
 H12         40    1   S  3.425251E+00   2.4050E-01   4.3157E-01   4.3157E-01
 H12         40    2   S  6.239137E-01   8.3424E-01   4.1739E-01   4.1739E-01
 H12         40    3   S  1.688554E-01   1.0000E+00   1.8774E-01   1.8774E-01
 H13         41    1   S  3.425251E+00   2.4050E-01   4.3157E-01   4.3157E-01
 H13         41    2   S  6.239137E-01   8.3424E-01   4.1739E-01   4.1739E-01
 H13         41    3   S  1.688554E-01   1.0000E+00   1.8774E-01   1.8774E-01
 C14         42    1   S  7.161684E+01   1.5433E-01   2.7078E+00   2.7078E+00
 C14         42    2   S  1.304510E+01   5.3533E-01   2.6189E+00   2.6189E+00
 C14         42    3   S  3.530512E+00   4.4463E-01   8.1619E-01   8.1619E-01
 C14         43    4   S  2.941249E+00  -2.9565E-01  -4.7324E-01  -4.7324E-01
 C14         43    5   S  6.834831E-01   1.1815E+00   6.3299E-01   6.3299E-01
 C14         44    6   X  2.941249E+00   2.2135E-01   1.2153E+00   1.2153E+00
             45        Y                                           1.2153E+00
             46        Z                                           1.2153E+00
 C14         44    7   X  6.834831E-01   8.6271E-01   7.6421E-01   7.6421E-01
             45        Y                                           7.6421E-01
             46        Z                                           7.6421E-01
 C14         43    8   S  2.222899E-01   1.0000E+00   2.3073E-01   2.3073E-01
 C14         44    9   X  2.222899E-01   1.0000E+00   2.1757E-01   2.1757E-01
             45        Y                                           2.1757E-01
             46        Z                                           2.1757E-01
 H15         47    1   S  3.425251E+00   2.4050E-01   4.3157E-01   4.3157E-01
 H15         47    2   S  6.239137E-01   8.3424E-01   4.1739E-01   4.1739E-01
 H15         47    3   S  1.688554E-01   1.0000E+00   1.8774E-01   1.8774E-01
 C16         48    1   S  7.161684E+01   1.5433E-01   2.7078E+00   2.7078E+00
 C16         48    2   S  1.304510E+01   5.3533E-01   2.6189E+00   2.6189E+00
 C16         48    3   S  3.530512E+00   4.4463E-01   8.1619E-01   8.1619E-01
 C16         49    4   S  2.941249E+00  -2.9565E-01  -4.7324E-01  -4.7324E-01
 C16         49    5   S  6.834831E-01   1.1815E+00   6.3299E-01   6.3299E-01
 C16         50    6   X  2.941249E+00   2.2135E-01   1.2153E+00   1.2153E+00
             51        Y                                           1.2153E+00
             52        Z                                           1.2153E+00
 C16         50    7   X  6.834831E-01   8.6271E-01   7.6421E-01   7.6421E-01
             51        Y                                           7.6421E-01
             52        Z                                           7.6421E-01
 C16         49    8   S  2.222899E-01   1.0000E+00   2.3073E-01   2.3073E-01
 C16         50    9   X  2.222899E-01   1.0000E+00   2.1757E-01   2.1757E-01
             51        Y                                           2.1757E-01
             52        Z                                           2.1757E-01
 H17         53    1   S  3.425251E+00   2.4050E-01   4.3157E-01   4.3157E-01
 H17         53    2   S  6.239137E-01   8.3424E-01   4.1739E-01   4.1739E-01
 H17         53    3   S  1.688554E-01   1.0000E+00   1.8774E-01   1.8774E-01
 H18         54    1   S  3.425251E+00   2.4050E-01   4.3157E-01   4.3157E-01
 H18         54    2   S  6.239137E-01   8.3424E-01   4.1739E-01   4.1739E-01
 H18         54    3   S  1.688554E-01   1.0000E+00   1.8774E-01   1.8774E-01
 C19         55    1   S  7.161684E+01   1.5433E-01   2.7078E+00   2.7078E+00
 C19         55    2   S  1.304510E+01   5.3533E-01   2.6189E+00   2.6189E+00
 C19         55    3   S  3.530512E+00   4.4463E-01   8.1619E-01   8.1619E-01
 C19         56    4   S  2.941249E+00  -2.9565E-01  -4.7324E-01  -4.7324E-01
 C19         56    5   S  6.834831E-01   1.1815E+00   6.3299E-01   6.3299E-01
 C19         57    6   X  2.941249E+00   2.2135E-01   1.2153E+00   1.2153E+00
             58        Y                                           1.2153E+00
             59        Z                                           1.2153E+00
 C19         57    7   X  6.834831E-01   8.6271E-01   7.6421E-01   7.6421E-01
             58        Y                                           7.6421E-01
             59        Z                                           7.6421E-01
 C19         56    8   S  2.222899E-01   1.0000E+00   2.3073E-01   2.3073E-01
 C19         57    9   X  2.222899E-01   1.0000E+00   2.1757E-01   2.1757E-01
             58        Y                                           2.1757E-01
             59        Z                                           2.1757E-01
 H20         60    1   S  3.425251E+00   2.4050E-01   4.3157E-01   4.3157E-01
 H20         60    2   S  6.239137E-01   8.3424E-01   4.1739E-01   4.1739E-01
 H20         60    3   S  1.688554E-01   1.0000E+00   1.8774E-01   1.8774E-01
  
  Effective Core Potential 
  
  Atom      Electrons represented by ECP
 C1                     0
 C2                     0
 C3                     0
 C4                     0
 C5                     0
 H6                     0
 H7                     0
 H8                     0
 C9                     0
 C10                    0
 H11                    0
 H12                    0
 H13                    0
 C14                    0
 H15                    0
 C16                    0
 H17                    0
 H18                    0
 C19                    0
 H20                    0
  
  no dealiasing set available for atom            1
  switch to all-analytic calculation
  
 Input geometry:
                                   angstroms
  atom               x                 y                 z
  C1           -0.0758150000      0.0000000000      0.0269380000 
  C2           -0.0045600000      0.0000000000      1.4463040000 
  C3            1.2336810000      0.0000000000      2.1042190000 
  C4            2.4572420000      0.0000000000      1.3787840000 
  C5            2.3859860000      0.0000000000     -0.0405820000 
  H6           -0.9288540000      0.0000000000      2.0382910000 
  H7            1.2652340000      0.0000000000      3.2024280000 
  H8            3.3102810000      0.0000000000     -0.6325690000 
  C9            3.7520430000      0.0000000000      2.1313240000 
  C10           4.9872240000      0.0000000000      1.6008690000 
  H11           5.1663340000      0.0000000000      0.5196130000 
  H12           3.6421500000      0.0000000000      3.2262300000 
  H13           5.8793430000      0.0000000000      2.2379240000 
  C14          -1.3706160000      0.0000000000     -0.7256020000 
  H15          -1.2607230000      0.0000000000     -1.8205080000 
  C16          -2.6057970000      0.0000000000     -0.1951460000 
  H17          -2.7849070000      0.0000000000      0.8861090000 
  H18          -3.4979160000      0.0000000000     -0.8322020000 
  C19           1.1477460000      0.0000000000     -0.6984970000 
  H20           1.1161930000      0.0000000000     -1.7967060000 
   
  principal moments of inertia:
        amu*angstrom^2:      109.23592      737.84463      847.08055
                g*cm^2: 1.81390497E-38 1.22521968E-37 1.40661017E-37
   
  rotational constants:
               cm^(-1):      0.15432312      0.02284713      0.01990086
                   GHz:      4.62649088      0.68493960      0.59661269
   
  Molecular weight:     130.08 amu
   
  Stoichiometry: C10H10
  Molecular Point Group: C2h     
	Molecule translated to center of mass 
	Molecule reoriented along symmetry axes
  Point Group used: C2h
  
  
 Symmetrized geometry:
                                   angstroms
  atom               x                 y                 z
  C1            1.2665285000      0.6759230000      0.0000000000 
  C2            1.1952730000     -0.7434430000      0.0000000000 
  C3           -0.0429675000     -1.4013580000      0.0000000000 
  C4           -1.2665285000     -0.6759230000      0.0000000000 
  C5           -1.1952730000      0.7434430000      0.0000000000 
  H6            2.1195675000     -1.3354300000      0.0000000000 
  H7           -0.0745205000     -2.4995670000      0.0000000000 
  H8           -2.1195675000      1.3354300000      0.0000000000 
  C9           -2.5613295000     -1.4284630000      0.0000000000 
  C10          -3.7965105000     -0.8980075000      0.0000000000 
  H11          -3.9756205000      0.1832480000      0.0000000000 
  H12          -2.4514365000     -2.5233690000      0.0000000000 
  H13          -4.6886295000     -1.5350630000      0.0000000000 
  C14           2.5613295000      1.4284630000      0.0000000000 
  H15           2.4514365000      2.5233690000      0.0000000000 
  C16           3.7965105000      0.8980075000      0.0000000000 
  H17           3.9756205000     -0.1832480000      0.0000000000 
  H18           4.6886295000      1.5350630000      0.0000000000 
  C19           0.0429675000      1.4013580000      0.0000000000 
  H20           0.0745205000      2.4995670000      0.0000000000 
   
  nuclear repulsion energy.......     445.899321568 hartrees
 
 Non-default options chosen:
   Include all virtuals in output
   Mulliken populations computed by atom
  
 Non-default print settings:
      1=  2 102=  8
  
 Temporary integer options set:
     73=  2
  
  Peak memory usage:    479 Mb
  
  end of program pre
   
 Time(pre)  user:        0.0  user+sys:        0.0  wallclock:        0.1
  
  start of program onee
  
  smallest eigenvalue of S:    1.814E-01
  number of canonical orbitals.....           60
  Peak memory usage:    621 Mb
  
  end of program onee
   
 Time(onee)  user:        0.0  user+sys:        0.0  wallclock:        0.1
  
  start of program hfig
  
  initial wavefunction generated automatically from atomic wavefunctions
 
  Irreducible     Total no   No of occupied orbitals 
  representation  orbitals   Shell_1  Shell_2    ...
  Ag                25         15
  Bg                 5          3
  Au                 5          2
  Bu                25         15
  ------------------------
  Orbital occupation/shell    1.000
 
  Peak memory usage:    561 Mb
  
  end of program hfig
   
 Time(hfig)  user:        0.0  user+sys:        0.0  wallclock:        0.3
  
  start of program probe
  
  Peak memory usage:    560 Mb
  
  end of program probe
   
 Time(probe)  user:        0.0  user+sys:        0.0  wallclock:        0.1
  
  start of program scf
  
 number of electrons..........         70
 number of alpha electrons....         35
 number of beta electrons.....         35
 number of orbitals, total....         60
 number of doubly-occ'd orbs..         35
 number of open shell orbs....          0
 number of occupied orbitals..         35
 number of virtual orbitals...         25
 number of hamiltonians.......          1
 number of shells.............          1
 SCF type: HF
  
       i  u  d  i  g                   
       t  p  i  c  r                                 RMS    maximum
       e  d  i  u  i                       energy  density   DIIS  
       r  t  s  t  d       total energy    change  change    error 
  
etot    1  N  N  0  N    -379.56012536875           2.9E-03  1.1E-01
etot    2  Y  Y  0  N    -379.75996797048  2.0E-01  7.2E-04  1.8E-02
etot    3  N  Y  0  N    -379.76876504034  8.8E-03  1.7E-04  3.4E-03
etot    4  Y  Y  0  N    -379.76908201718  3.2E-04  4.3E-05  1.8E-03
etot    5  N  N  0  N    -379.76910572640  2.4E-05  0.0E+00  0.0E+00
  
  
 Energy components, in hartrees:
   (A)  Nuclear repulsion............     445.89932156785
   (E)  Total one-electron terms.....   -1400.14403230686
   (I)  Total two-electron terms.....     574.47560501261
   (L)  Electronic energy............    -825.66842729425  (E+I)
   (N)  Total energy.................    -379.76910572640  (A+L)
  
 SCFE: SCF energy: HF      -379.76910572640 hartrees   iterations:   5
  
 
 HOMO energy:    -0.22221
 LUMO energy:     0.19878
 
  Orbital energies (hartrees)/symmetry label: 
   -11.04064 Bu        -11.04058 Ag        -11.03196 Bu        -11.03196 Ag     
   -11.02881 Bu        -11.02870 Ag        -11.02839 Bu        -11.02835 Ag     
   -11.01751 Bu        -11.01751 Ag         -1.09038 Ag         -1.02034 Bu     
    -0.97505 Ag         -0.95015 Bu         -0.90986 Bu         -0.80012 Ag     
    -0.76257 Ag         -0.72793 Bu         -0.69707 Ag         -0.62787 Ag     
    -0.60591 Bu         -0.57247 Bu         -0.55390 Bu         -0.55333 Ag     
    -0.52485 Bu         -0.49696 Bu         -0.49285 Ag         -0.46381 Au     
    -0.44668 Bu         -0.42142 Ag         -0.41565 Ag         -0.37711 Bg     
    -0.31523 Au         -0.27828 Bg         -0.22221 Bg          0.19878 Au     
     0.26885 Au          0.30867 Bg          0.39708 Au          0.52202 Bg     
     0.56470 Ag          0.57564 Bu          0.62171 Ag          0.62558 Bu     
     0.65890 Ag          0.66022 Bu          0.67828 Bu          0.69448 Ag     
     0.70559 Bu          0.74009 Ag          0.80296 Ag          0.82501 Bu     
     0.86016 Ag          0.88880 Bu          0.92117 Bu          0.93977 Ag     
     0.99024 Ag          1.02714 Bu          1.10827 Ag          1.12527 Bu     
 
  Peak memory usage:    653 Mb
  
  end of program scf
   
 Time(scf)  user:        1.0  user+sys:        1.0  wallclock:        2.8
  
  start of program ch
  
  Atomic charges from Mulliken population analysis: 
   
 Atom       C1           C2           C3           C4           C5      
 Charge    0.00177     -0.06075     -0.05956      0.00177     -0.06075
   
 Atom       H6           H7           H8           C9           C10     
 Charge    0.06061      0.05843      0.06061     -0.05490     -0.12417
   
 Atom       H11          H12          H13          C14          H15     
 Charge    0.05923      0.05784      0.06149     -0.05490      0.05784
   
 Atom       C16          H17          H18          C19          H20     
 Charge   -0.12417      0.05923      0.06149     -0.05956      0.05843
  
  sum of atomic charges:     0.000000
   
  Peak memory usage:    515 Mb
  
  end of program ch
   
 Time(ch)  user:        0.0  user+sys:        0.0  wallclock:        0.2
  
  start of program post
  
  
 ***************************************** 
 
 occupied + virtual orbitals: final wave function
 
 ***************************************** 
   
   
                              1         2         3         4         5
  eigenvalues-            -11.04064 -11.04058 -11.03196 -11.03196 -11.02881
  occupations-              2.00000   2.00000   2.00000   2.00000   2.00000
    1 C1               S    0.70148   0.70154  -0.00958  -0.00991   0.00401
    2 C1               S    0.02527   0.02518   0.00380   0.00374   0.00371
    3 C1               X   -0.00063  -0.00045   0.00264   0.00263   0.00046
    4 C1               Y   -0.00022  -0.00012   0.00139   0.00139  -0.00335
    5 C1               Z    0.00000   0.00000   0.00000   0.00000   0.00000
    6 C2               S    0.00613   0.00362   0.00275   0.00583  -0.67841
    7 C2               S   -0.00473  -0.00455   0.00000   0.00011  -0.02331
    8 C2               X   -0.00011  -0.00014  -0.00001  -0.00004   0.00007
    9 C2               Y   -0.00312  -0.00313   0.00001   0.00005  -0.00074
   10 C2               Z    0.00000   0.00000   0.00000   0.00000   0.00000
   11 C3               S   -0.00584   0.00326  -0.00349   0.00613  -0.17930
   12 C3               S    0.00476  -0.00461  -0.00007   0.00018  -0.00151
   13 C3               X   -0.00267   0.00271   0.00002  -0.00003   0.00257
   14 C3               Y    0.00164  -0.00165   0.00000   0.00005   0.00124
   15 C3               Z    0.00000   0.00000   0.00000   0.00000   0.00000
   16 C4               S   -0.70148   0.70154   0.00958  -0.00991  -0.00401
   17 C4               S   -0.02527   0.02518  -0.00380   0.00374  -0.00371
   18 C4               X   -0.00063   0.00045   0.00264  -0.00263   0.00046
   19 C4               Y   -0.00022   0.00012   0.00139  -0.00139  -0.00335
   20 C4               Z    0.00000   0.00000   0.00000   0.00000   0.00000
   21 C5               S   -0.00613   0.00362  -0.00275   0.00583   0.67841
   22 C5               S    0.00473  -0.00455   0.00000   0.00011   0.02331
   23 C5               X   -0.00011   0.00014  -0.00001   0.00004   0.00007
   24 C5               Y   -0.00312   0.00313   0.00001  -0.00005  -0.00074
   25 C5               Z    0.00000   0.00000   0.00000   0.00000   0.00000
   26 H6               S    0.00005  -0.00003   0.00009   0.00008   0.00452
   27 H7               S   -0.00006  -0.00002   0.00001  -0.00001   0.00108
   28 H8               S   -0.00005  -0.00003  -0.00009   0.00008  -0.00452
   29 C9               S    0.00884  -0.00916   0.70134  -0.70130   0.00185
   30 C9               S    0.00448  -0.00455   0.02500  -0.02499   0.00022
   31 C9               X    0.00253  -0.00256  -0.00076   0.00077   0.00008
   32 C9               Y    0.00153  -0.00155   0.00027  -0.00027   0.00002
   33 C9               Z    0.00000   0.00000   0.00000   0.00000   0.00000
   34 C10              S    0.00053  -0.00050   0.01863  -0.01863  -0.00091
   35 C10              S   -0.00018   0.00018  -0.00471   0.00471  -0.00008
   36 C10              X   -0.00008   0.00009  -0.00294   0.00294  -0.00004
   37 C10              Y   -0.00007   0.00007   0.00123  -0.00123  -0.00005
   38 C10              Z    0.00000   0.00000   0.00000   0.00000   0.00000
   39 H11              S    0.00010  -0.00010  -0.00006   0.00006   0.00010
   40 H12              S   -0.00008   0.00009  -0.00478   0.00478  -0.00003
   41 H13              S    0.00002  -0.00002  -0.00005   0.00005  -0.00001
   42 C14              S   -0.00884  -0.00916  -0.70134  -0.70130  -0.00185
   43 C14              S   -0.00448  -0.00455  -0.02500  -0.02499  -0.00022
   44 C14              X    0.00253   0.00256  -0.00076  -0.00077   0.00008
   45 C14              Y    0.00153   0.00155   0.00027   0.00027   0.00002
   46 C14              Z    0.00000   0.00000   0.00000   0.00000   0.00000
   47 H15              S    0.00008   0.00009   0.00478   0.00478   0.00003
   48 C16              S   -0.00053  -0.00050  -0.01863  -0.01863   0.00091
   49 C16              S    0.00018   0.00018   0.00471   0.00471   0.00008
   50 C16              X   -0.00008  -0.00009  -0.00294  -0.00294  -0.00004
   51 C16              Y   -0.00007  -0.00007   0.00123   0.00123  -0.00005
   52 C16              Z    0.00000   0.00000   0.00000   0.00000   0.00000
   53 H17              S   -0.00010  -0.00010   0.00006   0.00006  -0.00010
   54 H18              S   -0.00002  -0.00002   0.00005   0.00005   0.00001
   55 C19              S    0.00584   0.00326   0.00349   0.00613   0.17930
   56 C19              S   -0.00476  -0.00461   0.00007   0.00018   0.00151
   57 C19              X   -0.00267  -0.00271   0.00002   0.00003   0.00257
   58 C19              Y    0.00164   0.00165   0.00000  -0.00005   0.00124
   59 C19              Z    0.00000   0.00000   0.00000   0.00000   0.00000
   60 H20              S    0.00006  -0.00002  -0.00001  -0.00001  -0.00108
   
                              6         7         8         9        10
  eigenvalues-            -11.02870 -11.02839 -11.02835 -11.01751 -11.01751
  occupations-              2.00000   2.00000   2.00000   2.00000   2.00000
    1 C1               S    0.00327   0.00646  -0.00205   0.00028   0.00025
    2 C1               S    0.00547   0.00632  -0.00393   0.00027   0.00027
    3 C1               X   -0.00060  -0.00265   0.00264   0.00010   0.00010
    4 C1               Y   -0.00284   0.00066  -0.00204   0.00009   0.00009
    5 C1               Z    0.00000   0.00000   0.00000   0.00000   0.00000
    6 C2               S   -0.69272  -0.17873  -0.11128   0.00108   0.00109
    7 C2               S   -0.02422  -0.01147  -0.00875   0.00000  -0.00001
    8 C2               X    0.00010   0.00287   0.00294  -0.00008  -0.00008
    9 C2               Y   -0.00044   0.00123   0.00139  -0.00003  -0.00003
   10 C2               Z    0.00000   0.00000   0.00000   0.00000   0.00000
   11 C3               S   -0.11182   0.67826   0.69264  -0.00028   0.00044
   12 C3               S    0.00072   0.02592   0.02571   0.00001  -0.00007
   13 C3               X    0.00276   0.00079   0.00057  -0.00006   0.00002
   14 C3               Y    0.00148   0.00123   0.00080  -0.00001  -0.00001
   15 C3               Z    0.00000   0.00000   0.00000   0.00000   0.00000
   16 C4               S    0.00327  -0.00646  -0.00205  -0.00028   0.00025
   17 C4               S    0.00547  -0.00632  -0.00393  -0.00027   0.00027
   18 C4               X    0.00060  -0.00265  -0.00264   0.00010  -0.00010
   19 C4               Y    0.00284   0.00066   0.00204   0.00009  -0.00009
   20 C4               Z    0.00000   0.00000   0.00000   0.00000   0.00000
   21 C5               S   -0.69272   0.17873  -0.11128  -0.00108   0.00109
   22 C5               S   -0.02422   0.01147  -0.00875   0.00000  -0.00001
   23 C5               X   -0.00010   0.00287  -0.00294  -0.00008   0.00008
   24 C5               Y    0.00044   0.00123  -0.00139  -0.00003   0.00003
   25 C5               Z    0.00000   0.00000   0.00000   0.00000   0.00000
   26 H6               S    0.00474   0.00132   0.00075   0.00005   0.00005
   27 H7               S    0.00077  -0.00457  -0.00473   0.00000  -0.00001
   28 H8               S    0.00474  -0.00132   0.00075  -0.00005   0.00005
   29 C9               S   -0.00684   0.00420   0.00520   0.01819  -0.01819
   30 C9               S   -0.00037   0.00042   0.00028   0.00606  -0.00606
   31 C9               X    0.00002   0.00004  -0.00003  -0.00296   0.00296
   32 C9               Y   -0.00004   0.00009   0.00001   0.00130  -0.00130
   33 C9               Z    0.00000   0.00000   0.00000   0.00000   0.00000
   34 C10              S    0.00094  -0.00042  -0.00011  -0.70141   0.70141
   35 C10              S    0.00016  -0.00012  -0.00009  -0.02536   0.02536
   36 C10              X    0.00009  -0.00007  -0.00007  -0.00101   0.00101
   37 C10              Y    0.00004  -0.00001   0.00001   0.00047  -0.00047
   38 C10              Z    0.00000   0.00000   0.00000   0.00000   0.00000
   39 H11              S   -0.00011   0.00004  -0.00003   0.00473  -0.00473
   40 H12              S    0.00011  -0.00009  -0.00009  -0.00018   0.00018
   41 H13              S    0.00001   0.00000   0.00000   0.00475  -0.00475
   42 C14              S   -0.00684  -0.00420   0.00520  -0.01819  -0.01819
   43 C14              S   -0.00037  -0.00042   0.00028  -0.00606  -0.00606
   44 C14              X   -0.00002   0.00004   0.00003  -0.00296  -0.00296
   45 C14              Y    0.00004   0.00009  -0.00001   0.00130   0.00130
   46 C14              Z    0.00000   0.00000   0.00000   0.00000   0.00000
   47 H15              S    0.00011   0.00009  -0.00009   0.00018   0.00018
   48 C16              S    0.00094   0.00042  -0.00011   0.70141   0.70141
   49 C16              S    0.00016   0.00012  -0.00009   0.02536   0.02536
   50 C16              X   -0.00009  -0.00007   0.00007  -0.00101  -0.00101
   51 C16              Y   -0.00004  -0.00001  -0.00001   0.00047   0.00047
   52 C16              Z    0.00000   0.00000   0.00000   0.00000   0.00000
   53 H17              S   -0.00011  -0.00004  -0.00003  -0.00473  -0.00473
   54 H18              S    0.00001   0.00000   0.00000  -0.00475  -0.00475
   55 C19              S   -0.11182  -0.67826   0.69264   0.00028   0.00044
   56 C19              S    0.00072  -0.02592   0.02571  -0.00001  -0.00007
   57 C19              X   -0.00276   0.00079  -0.00057  -0.00006  -0.00002
   58 C19              Y   -0.00148   0.00123  -0.00080  -0.00001   0.00001
   59 C19              Z    0.00000   0.00000   0.00000   0.00000   0.00000
   60 H20              S    0.00077   0.00457  -0.00473   0.00000  -0.00001
   
                             11        12        13        14        15
  eigenvalues-             -1.09038  -1.02034  -0.97505  -0.95015  -0.90986
  occupations-              2.00000   2.00000   2.00000   2.00000   2.00000
    1 C1               S   -0.10667   0.10141   0.00320   0.01157  -0.10023
    2 C1               S    0.27528  -0.27115  -0.01081  -0.03172   0.27889
    3 C1               X   -0.03475  -0.02865  -0.08506   0.06160  -0.05050
    4 C1               Y   -0.01748  -0.01378  -0.04025  -0.11120  -0.03610
    5 C1               Z    0.00000   0.00000   0.00000   0.00000   0.00000
    6 C2               S   -0.09655   0.04187  -0.04176  -0.11957  -0.07147
    7 C2               S    0.24733  -0.11156   0.11040   0.32607   0.19875
    8 C2               X   -0.04386  -0.02706  -0.04263  -0.05637   0.02742
    9 C2               Y    0.03254  -0.05706  -0.01244  -0.05086   0.07048
   10 C2               Z    0.00000   0.00000   0.00000   0.00000   0.00000
   11 C3               S   -0.09670  -0.03761  -0.04584  -0.13072   0.04292
   12 C3               S    0.24731   0.09971   0.12200   0.35660  -0.11974
   13 C3               X   -0.00283  -0.06313   0.02836   0.05599   0.09955
   14 C3               Y    0.05406   0.00887   0.02588   0.02055  -0.00833
   15 C3               Z    0.00000   0.00000   0.00000   0.00000   0.00000
   16 C4               S   -0.10667  -0.10141   0.00320  -0.01157   0.10023
   17 C4               S    0.27528   0.27115  -0.01081   0.03172  -0.27889
   18 C4               X    0.03475  -0.02865   0.08506   0.06160  -0.05050
   19 C4               Y    0.01748  -0.01378   0.04025  -0.11120  -0.03610
   20 C4               Z    0.00000   0.00000   0.00000   0.00000   0.00000
   21 C5               S   -0.09655  -0.04187  -0.04176   0.11957   0.07147
   22 C5               S    0.24733   0.11156   0.11040  -0.32607  -0.19875
   23 C5               X    0.04386  -0.02706   0.04263  -0.05637   0.02742
   24 C5               Y   -0.03254  -0.05706   0.01244  -0.05086   0.07048
   25 C5               Z    0.00000   0.00000   0.00000   0.00000   0.00000
   26 H6               S    0.04426  -0.02937   0.01822   0.09004   0.05364
   27 H7               S    0.04410   0.02573   0.02368   0.09791  -0.03458
   28 H8               S    0.04426   0.02937   0.01822  -0.09004  -0.05364
   29 C9               S   -0.04956  -0.11303   0.11774  -0.00074  -0.05089
   30 C9               S    0.12843   0.29861  -0.31470   0.00248   0.13656
   31 C9               X    0.02135  -0.00589   0.07086   0.02158  -0.13423
   32 C9               Y    0.02223   0.03769  -0.02724  -0.01314  -0.00279
   33 C9               Z    0.00000   0.00000   0.00000   0.00000   0.00000
   34 C10              S   -0.02506  -0.08131   0.11633   0.01212  -0.10687
   35 C10              S    0.06453   0.21340  -0.31003  -0.03223   0.29253
   36 C10              X    0.02350   0.06097  -0.06892  -0.00498   0.03135
   37 C10              Y   -0.00606  -0.02080   0.03027  -0.00275  -0.02655
   38 C10              Z    0.00000   0.00000   0.00000   0.00000   0.00000
   39 H11              S    0.01391   0.04877  -0.07425  -0.01224   0.07696
   40 H12              S    0.02532   0.06663  -0.07616   0.00936   0.03769
   41 H13              S    0.01078   0.04441  -0.07479  -0.00740   0.08814
   42 C14              S   -0.04956   0.11303   0.11774   0.00074   0.05089
   43 C14              S    0.12843  -0.29861  -0.31470  -0.00248  -0.13656
   44 C14              X   -0.02135  -0.00589  -0.07086   0.02158  -0.13423
   45 C14              Y   -0.02223   0.03769   0.02724  -0.01314  -0.00279
   46 C14              Z    0.00000   0.00000   0.00000   0.00000   0.00000
   47 H15              S    0.02532  -0.06663  -0.07616  -0.00936  -0.03769
   48 C16              S   -0.02506   0.08131   0.11633  -0.01212   0.10687
   49 C16              S    0.06453  -0.21340  -0.31003   0.03223  -0.29253
   50 C16              X   -0.02350   0.06097   0.06892  -0.00498   0.03135
   51 C16              Y    0.00606  -0.02080  -0.03027  -0.00275  -0.02655
   52 C16              Z    0.00000   0.00000   0.00000   0.00000   0.00000
   53 H17              S    0.01391  -0.04877  -0.07425   0.01224  -0.07696
   54 H18              S    0.01078  -0.04441  -0.07479   0.00740  -0.08814
   55 C19              S   -0.09670   0.03761  -0.04584   0.13072  -0.04292
   56 C19              S    0.24731  -0.09971   0.12200  -0.35660   0.11974
   57 C19              X    0.00283  -0.06313  -0.02836   0.05599   0.09955
   58 C19              Y   -0.05406   0.00887  -0.02588   0.02055  -0.00833
   59 C19              Z    0.00000   0.00000   0.00000   0.00000   0.00000
   60 H20              S    0.04410  -0.02573   0.02368  -0.09791   0.03458
   
                             16        17        18        19        20
  eigenvalues-             -0.80012  -0.76257  -0.72793  -0.69707  -0.62787
  occupations-              2.00000   2.00000   2.00000   2.00000   2.00000
    1 C1               S   -0.07260  -0.05018  -0.01143   0.05624   0.02878
    2 C1               S    0.21364   0.15053   0.03297  -0.17037  -0.09614
    3 C1               X    0.03403   0.12045  -0.11554   0.13437  -0.11356
    4 C1               Y    0.13064  -0.16083  -0.09269   0.02503  -0.09039
    5 C1               Z    0.00000   0.00000   0.00000   0.00000   0.00000
    6 C2               S    0.07891  -0.06067  -0.03028  -0.05006  -0.01658
    7 C2               S   -0.22807   0.18199   0.09224   0.15870   0.04698
    8 C2               X    0.00811   0.13409   0.06085   0.08395  -0.16118
    9 C2               Y    0.07499   0.13295   0.05714  -0.17739   0.04413
   10 C2               Z    0.00000   0.00000   0.00000   0.00000   0.00000
   11 C3               S    0.00126   0.10906   0.04828  -0.00710   0.01155
   12 C3               S   -0.00201  -0.32494  -0.14794   0.02444  -0.04426
   13 C3               X   -0.16176   0.01707   0.01033   0.14713   0.08372
   14 C3               Y   -0.01803   0.08469  -0.00199  -0.13369   0.17949
   15 C3               Z    0.00000   0.00000   0.00000   0.00000   0.00000
   16 C4               S   -0.07260  -0.05018   0.01143   0.05624   0.02878
   17 C4               S    0.21364   0.15053  -0.03297  -0.17037  -0.09614
   18 C4               X   -0.03403  -0.12045  -0.11554  -0.13437   0.11356
   19 C4               Y   -0.13064   0.16083  -0.09269  -0.02503   0.09039
   20 C4               Z    0.00000   0.00000   0.00000   0.00000   0.00000
   21 C5               S    0.07891  -0.06067   0.03028  -0.05006  -0.01658
   22 C5               S   -0.22807   0.18199  -0.09224   0.15870   0.04698
   23 C5               X   -0.00811  -0.13409   0.06085  -0.08395   0.16118
   24 C5               Y   -0.07499  -0.13295   0.05714   0.17739  -0.04413
   25 C5               Z    0.00000   0.00000   0.00000   0.00000   0.00000
   26 H6               S   -0.10540   0.09250   0.05494   0.16917  -0.10393
   27 H7               S    0.01318  -0.17389  -0.05168   0.09785  -0.14678
   28 H8               S   -0.10540   0.09250  -0.05494   0.16917  -0.10393
   29 C9               S   -0.05245  -0.00662  -0.09653  -0.06072  -0.03502
   30 C9               S    0.15915   0.02191   0.29736   0.18745   0.11048
   31 C9               X    0.15099   0.05560   0.07956   0.01347  -0.13839
   32 C9               Y   -0.02966   0.06419  -0.09199  -0.07049  -0.16292
   33 C9               Z    0.00000   0.00000   0.00000   0.00000   0.00000
   34 C10              S    0.08283   0.03399   0.08038   0.05074   0.01417
   35 C10              S   -0.24085  -0.10189  -0.24831  -0.16128  -0.05378
   36 C10              X    0.04695   0.03777   0.12575   0.10544   0.05451
   37 C10              Y   -0.01913   0.02546  -0.08213  -0.05557  -0.19796
   38 C10              Z    0.00000   0.00000   0.00000   0.00000   0.00000
   39 H11              S   -0.10488  -0.02186  -0.16365  -0.10629  -0.17892
   40 H12              S    0.08102  -0.03219   0.17478   0.12506   0.15243
   41 H13              S   -0.10191  -0.06449  -0.13101  -0.09997   0.02909
   42 C14              S   -0.05245  -0.00662   0.09653  -0.06072  -0.03502
   43 C14              S    0.15915   0.02191  -0.29736   0.18745   0.11048
   44 C14              X   -0.15099  -0.05560   0.07956  -0.01347   0.13839
   45 C14              Y    0.02966  -0.06419  -0.09199   0.07049   0.16292
   46 C14              Z    0.00000   0.00000   0.00000   0.00000   0.00000
   47 H15              S    0.08102  -0.03219  -0.17478   0.12506   0.15243
   48 C16              S    0.08283   0.03399  -0.08038   0.05074   0.01417
   49 C16              S   -0.24085  -0.10189   0.24831  -0.16128  -0.05378
   50 C16              X   -0.04695  -0.03777   0.12575  -0.10544  -0.05451
   51 C16              Y    0.01913  -0.02546  -0.08213   0.05557   0.19796
   52 C16              Z    0.00000   0.00000   0.00000   0.00000   0.00000
   53 H17              S   -0.10488  -0.02186   0.16365  -0.10629  -0.17892
   54 H18              S   -0.10191  -0.06449   0.13101  -0.09997   0.02909
   55 C19              S    0.00126   0.10906  -0.04828  -0.00710   0.01155
   56 C19              S   -0.00201  -0.32494   0.14794   0.02444  -0.04426
   57 C19              X    0.16176  -0.01707   0.01033  -0.14713  -0.08372
   58 C19              Y    0.01803  -0.08469  -0.00199   0.13369  -0.17949
   59 C19              Z    0.00000   0.00000   0.00000   0.00000   0.00000
   60 H20              S    0.01318  -0.17389   0.05168   0.09785  -0.14678
   
                             21        22        23        24        25
  eigenvalues-             -0.60591  -0.57247  -0.55390  -0.55333  -0.52485
  occupations-              2.00000   2.00000   2.00000   2.00000   2.00000
    1 C1               S    0.02586   0.06571   0.01962   0.01984  -0.00319
    2 C1               S   -0.08921  -0.22264  -0.06630  -0.06491   0.01106
    3 C1               X   -0.16369   0.05994   0.06246  -0.00310  -0.09593
    4 C1               Y    0.07058  -0.08586   0.25382  -0.01511   0.05623
    5 C1               Z    0.00000   0.00000   0.00000   0.00000   0.00000
    6 C2               S   -0.04145  -0.04097   0.01133   0.01631   0.01880
    7 C2               S    0.13537   0.14168  -0.03564  -0.05984  -0.06050
    8 C2               X   -0.05548   0.20800   0.02253  -0.13915   0.27688
    9 C2               Y   -0.12938  -0.05276  -0.25497  -0.00577  -0.09566
   10 C2               Z    0.00000   0.00000   0.00000   0.00000   0.00000
   11 C3               S    0.02326   0.04536  -0.00163  -0.02327   0.02565
   12 C3               S   -0.07840  -0.15490   0.00279   0.07743  -0.08246
   13 C3               X    0.16384  -0.13477   0.11026   0.07392  -0.04974
   14 C3               Y    0.08466   0.18554   0.03578   0.03129  -0.33386
   15 C3               Z    0.00000   0.00000   0.00000   0.00000   0.00000
   16 C4               S   -0.02586  -0.06571  -0.01962   0.01984   0.00319
   17 C4               S    0.08921   0.22264   0.06630  -0.06491  -0.01106
   18 C4               X   -0.16369   0.05994   0.06246   0.00310  -0.09593
   19 C4               Y    0.07058  -0.08586   0.25382   0.01511   0.05623
   20 C4               Z    0.00000   0.00000   0.00000   0.00000   0.00000
   21 C5               S    0.04145   0.04097  -0.01133   0.01631  -0.01880
   22 C5               S   -0.13537  -0.14168   0.03564  -0.05984   0.06050
   23 C5               X   -0.05548   0.20800   0.02253   0.13915   0.27688
   24 C5               Y   -0.12938  -0.05276  -0.25497   0.00577  -0.09566
   25 C5               Z    0.00000   0.00000   0.00000   0.00000   0.00000
   26 H6               S    0.07211   0.23577   0.13015  -0.11630   0.22253
   27 H7               S   -0.11098  -0.22461  -0.03211   0.00406   0.25982
   28 H8               S   -0.07211  -0.23577  -0.13015  -0.11630  -0.22253
   29 C9               S   -0.01401   0.01546   0.00238  -0.02549   0.00149
   30 C9               S    0.04384  -0.04342  -0.01455   0.07443  -0.00338
   31 C9               X    0.02799   0.12983  -0.18464  -0.16197   0.04691
   32 C9               Y    0.23675  -0.00706  -0.01468   0.20882   0.04013
   33 C9               Z    0.00000   0.00000   0.00000   0.00000   0.00000
   34 C10              S    0.00662  -0.01140  -0.00113  -0.00366  -0.00421
   35 C10              S   -0.02489   0.04663  -0.00634  -0.00090   0.01632
   36 C10              X    0.16170  -0.15874   0.04723   0.32333  -0.00828
   37 C10              Y    0.14984   0.01852  -0.25152   0.09308   0.07232
   38 C10              Z    0.00000   0.00000   0.00000   0.00000   0.00000
   39 H11              S    0.07925   0.04058  -0.22305   0.02496   0.05683
   40 H12              S   -0.16535  -0.01639  -0.01325  -0.15208  -0.02095
   41 H13              S   -0.17846   0.11735   0.09076  -0.26793  -0.02375
   42 C14              S    0.01401  -0.01546  -0.00238  -0.02549  -0.00149
   43 C14              S   -0.04384   0.04342   0.01455   0.07443   0.00338
   44 C14              X    0.02799   0.12983  -0.18464   0.16197   0.04691
   45 C14              Y    0.23675  -0.00706  -0.01468  -0.20882   0.04013
   46 C14              Z    0.00000   0.00000   0.00000   0.00000   0.00000
   47 H15              S    0.16535   0.01639   0.01325  -0.15208   0.02095
   48 C16              S   -0.00662   0.01140   0.00113  -0.00366   0.00421
   49 C16              S    0.02489  -0.04663   0.00634  -0.00090  -0.01632
   50 C16              X    0.16170  -0.15874   0.04723  -0.32333  -0.00828
   51 C16              Y    0.14984   0.01852  -0.25152  -0.09308   0.07232
   52 C16              Z    0.00000   0.00000   0.00000   0.00000   0.00000
   53 H17              S   -0.07925  -0.04058   0.22305   0.02496  -0.05683
   54 H18              S    0.17846  -0.11735  -0.09076  -0.26793   0.02375
   55 C19              S   -0.02326  -0.04536   0.00163  -0.02327  -0.02565
   56 C19              S    0.07840   0.15490  -0.00279   0.07743   0.08246
   57 C19              X    0.16384  -0.13477   0.11026  -0.07392  -0.04974
   58 C19              Y    0.08466   0.18554   0.03578  -0.03129  -0.33386
   59 C19              Z    0.00000   0.00000   0.00000   0.00000   0.00000
   60 H20              S    0.11098   0.22461   0.03211   0.00406  -0.25982
   
                             26        27        28        29        30
  eigenvalues-             -0.49696  -0.49285  -0.46381  -0.44668  -0.42142
  occupations-              2.00000   2.00000   2.00000   2.00000   2.00000
    1 C1               S    0.00246   0.02334   0.00000   0.01018  -0.00226
    2 C1               S   -0.00888  -0.08363   0.00000  -0.04435   0.01693
    3 C1               X   -0.22358  -0.02155   0.00000  -0.20130   0.29951
    4 C1               Y    0.11167   0.07998   0.00000  -0.16621  -0.06653
    5 C1               Z    0.00000   0.00000   0.33149   0.00000   0.00000
    6 C2               S   -0.00556  -0.00715   0.00000  -0.01375  -0.00939
    7 C2               S    0.01516   0.02420   0.00000   0.04738   0.02742
    8 C2               X   -0.15099  -0.11147   0.00000  -0.03420  -0.24944
    9 C2               Y   -0.13323  -0.10185   0.00000   0.13880   0.03621
   10 C2               Z    0.00000   0.00000   0.30194   0.00000   0.00000
   11 C3               S    0.01686   0.00426   0.00000   0.00760   0.00367
   12 C3               S   -0.06057  -0.02157   0.00000  -0.02404  -0.01185
   13 C3               X    0.24724   0.08640   0.00000  -0.01169   0.30484
   14 C3               Y   -0.03505   0.16197   0.00000  -0.07528  -0.06164
   15 C3               Z    0.00000   0.00000   0.30269   0.00000   0.00000
   16 C4               S   -0.00246   0.02334   0.00000  -0.01018  -0.00226
   17 C4               S    0.00888  -0.08363   0.00000   0.04435   0.01693
   18 C4               X   -0.22358   0.02155   0.00000  -0.20130  -0.29951
   19 C4               Y    0.11167  -0.07998   0.00000  -0.16621   0.06653
   20 C4               Z    0.00000   0.00000   0.33149   0.00000   0.00000
   21 C5               S    0.00556  -0.00715   0.00000   0.01375  -0.00939
   22 C5               S   -0.01516   0.02420   0.00000  -0.04738   0.02742
   23 C5               X   -0.15099   0.11147   0.00000  -0.03420   0.24944
   24 C5               Y   -0.13323   0.10185   0.00000   0.13880  -0.03621
   25 C5               Z    0.00000   0.00000   0.30194   0.00000   0.00000
   26 H6               S   -0.04012  -0.00179   0.00000  -0.05802  -0.25203
   27 H7               S    0.00361  -0.15661   0.00000   0.04962   0.04946
   28 H8               S    0.04012  -0.00179   0.00000   0.05802  -0.25203
   29 C9               S    0.00096  -0.01527   0.00000  -0.00330  -0.01757
   30 C9               S    0.01181   0.06370   0.00000   0.01052   0.07396
   31 C9               X    0.24237   0.14355   0.00000   0.10150   0.21287
   32 C9               Y   -0.13137  -0.17148   0.00000   0.26057   0.10316
   33 C9               Z    0.00000   0.00000   0.16568   0.00000   0.00000
   34 C10              S    0.01885   0.00984   0.00000  -0.00265   0.00869
   35 C10              S   -0.05187  -0.02580   0.00000   0.01214  -0.02340
   36 C10              X   -0.26617  -0.04719   0.00000  -0.07236  -0.14256
   37 C10              Y    0.04199   0.29682   0.00000  -0.22957  -0.01345
   38 C10              Z    0.00000   0.00000   0.09899   0.00000   0.00000
   39 H11              S    0.05826   0.27306   0.00000  -0.22605  -0.03562
   40 H12              S    0.14891   0.20240   0.00000  -0.25710  -0.05050
   41 H13              S    0.15325  -0.14616   0.00000   0.21268   0.12394
   42 C14              S   -0.00096  -0.01527   0.00000   0.00330  -0.01757
   43 C14              S   -0.01181   0.06370   0.00000  -0.01052   0.07396
   44 C14              X    0.24237  -0.14355   0.00000   0.10150  -0.21287
   45 C14              Y   -0.13137   0.17148   0.00000   0.26057  -0.10316
   46 C14              Z    0.00000   0.00000   0.16568   0.00000   0.00000
   47 H15              S   -0.14891   0.20240   0.00000   0.25710  -0.05050
   48 C16              S   -0.01885   0.00984   0.00000   0.00265   0.00869
   49 C16              S    0.05187  -0.02580   0.00000  -0.01214  -0.02340
   50 C16              X   -0.26617   0.04719   0.00000  -0.07236   0.14256
   51 C16              Y    0.04199  -0.29682   0.00000  -0.22957   0.01345
   52 C16              Z    0.00000   0.00000   0.09899   0.00000   0.00000
   53 H17              S   -0.05826   0.27306   0.00000   0.22605  -0.03562
   54 H18              S   -0.15325  -0.14616   0.00000  -0.21268   0.12394
   55 C19              S   -0.01686   0.00426   0.00000  -0.00760   0.00367
   56 C19              S    0.06057  -0.02157   0.00000   0.02404  -0.01185
   57 C19              X    0.24724  -0.08640   0.00000  -0.01169  -0.30484
   58 C19              Y   -0.03505  -0.16197   0.00000  -0.07528   0.06164
   59 C19              Z    0.00000   0.00000   0.30269   0.00000   0.00000
   60 H20              S   -0.00361  -0.15661   0.00000  -0.04962   0.04946
   
                             31        32        33        34        35
  eigenvalues-             -0.41565  -0.37711  -0.31523  -0.27828  -0.22221
  occupations-              2.00000   2.00000   2.00000   2.00000   2.00000
    1 C1               S   -0.00649   0.00000   0.00000   0.00000   0.00000
    2 C1               S    0.03246   0.00000   0.00000   0.00000   0.00000
    3 C1               X    0.02833   0.00000   0.00000   0.00000   0.00000
    4 C1               Y    0.30688   0.00000   0.00000   0.00000   0.00000
    5 C1               Z    0.00000  -0.31909   0.03910  -0.00371   0.41767
    6 C2               S    0.00702   0.00000   0.00000   0.00000   0.00000
    7 C2               S   -0.02138   0.00000   0.00000   0.00000   0.00000
    8 C2               X   -0.02784   0.00000   0.00000   0.00000   0.00000
    9 C2               Y   -0.29466   0.00000   0.00000   0.00000   0.00000
   10 C2               Z    0.00000  -0.12003   0.16523  -0.46229   0.22958
   11 C3               S   -0.01147   0.00000   0.00000   0.00000   0.00000
   12 C3               S    0.03501   0.00000   0.00000   0.00000   0.00000
   13 C3               X    0.00791   0.00000   0.00000   0.00000   0.00000
   14 C3               Y    0.22795   0.00000   0.00000   0.00000   0.00000
   15 C3               Z    0.00000   0.12355   0.16463  -0.45906  -0.23394
   16 C4               S   -0.00649   0.00000   0.00000   0.00000   0.00000
   17 C4               S    0.03246   0.00000   0.00000   0.00000   0.00000
   18 C4               X   -0.02833   0.00000   0.00000   0.00000   0.00000
   19 C4               Y   -0.30688   0.00000   0.00000   0.00000   0.00000
   20 C4               Z    0.00000   0.31909   0.03910   0.00371  -0.41767
   21 C5               S    0.00702   0.00000   0.00000   0.00000   0.00000
   22 C5               S   -0.02138   0.00000   0.00000   0.00000   0.00000
   23 C5               X    0.02784   0.00000   0.00000   0.00000   0.00000
   24 C5               Y    0.29466   0.00000   0.00000   0.00000   0.00000
   25 C5               Z    0.00000   0.12003   0.16523   0.46229  -0.22958
   26 H6               S    0.12766   0.00000   0.00000   0.00000   0.00000
   27 H7               S   -0.25291   0.00000   0.00000   0.00000   0.00000
   28 H8               S    0.12766   0.00000   0.00000   0.00000   0.00000
   29 C9               S   -0.01270   0.00000   0.00000   0.00000   0.00000
   30 C9               S    0.04575   0.00000   0.00000   0.00000   0.00000
   31 C9               X    0.08726   0.00000   0.00000   0.00000   0.00000
   32 C9               Y    0.17786   0.00000   0.00000   0.00000   0.00000
   33 C9               Z    0.00000   0.38315  -0.41505  -0.00150   0.21820
   34 C10              S   -0.00316   0.00000   0.00000   0.00000   0.00000
   35 C10              S    0.01414   0.00000   0.00000   0.00000   0.00000
   36 C10              X   -0.01835   0.00000   0.00000   0.00000   0.00000
   37 C10              Y   -0.11323   0.00000   0.00000   0.00000   0.00000
   38 C10              Z    0.00000   0.30631  -0.42626   0.00049   0.35878
   39 H11              S   -0.11631   0.00000   0.00000   0.00000   0.00000
   40 H12              S   -0.18277   0.00000   0.00000   0.00000   0.00000
   41 H13              S    0.10049   0.00000   0.00000   0.00000   0.00000
   42 C14              S   -0.01270   0.00000   0.00000   0.00000   0.00000
   43 C14              S    0.04575   0.00000   0.00000   0.00000   0.00000
   44 C14              X   -0.08726   0.00000   0.00000   0.00000   0.00000
   45 C14              Y   -0.17786   0.00000   0.00000   0.00000   0.00000
   46 C14              Z    0.00000  -0.38315  -0.41505   0.00150  -0.21820
   47 H15              S   -0.18277   0.00000   0.00000   0.00000   0.00000
   48 C16              S   -0.00316   0.00000   0.00000   0.00000   0.00000
   49 C16              S    0.01414   0.00000   0.00000   0.00000   0.00000
   50 C16              X    0.01835   0.00000   0.00000   0.00000   0.00000
   51 C16              Y    0.11323   0.00000   0.00000   0.00000   0.00000
   52 C16              Z    0.00000  -0.30631  -0.42626  -0.00049  -0.35878
   53 H17              S   -0.11631   0.00000   0.00000   0.00000   0.00000
   54 H18              S    0.10049   0.00000   0.00000   0.00000   0.00000
   55 C19              S   -0.01147   0.00000   0.00000   0.00000   0.00000
   56 C19              S    0.03501   0.00000   0.00000   0.00000   0.00000
   57 C19              X   -0.00791   0.00000   0.00000   0.00000   0.00000
   58 C19              Y   -0.22795   0.00000   0.00000   0.00000   0.00000
   59 C19              Z    0.00000  -0.12355   0.16463   0.45906   0.23394
   60 H20              S   -0.25291   0.00000   0.00000   0.00000   0.00000
   
                             36        37        38        39        40
  eigenvalues-              0.19878   0.26885   0.30867   0.39708   0.52202
  occupations-              0.00000   0.00000   0.00000   0.00000   0.00000
    1 C1               S    0.00000   0.00000   0.00000   0.00000   0.00000
    2 C1               S    0.00000   0.00000   0.00000   0.00000   0.00000
    3 C1               X    0.00000   0.00000   0.00000   0.00000   0.00000
    4 C1               Y    0.00000   0.00000   0.00000   0.00000   0.00000
    5 C1               Z    0.47134  -0.02172  -0.03738   0.47384  -0.53878
    6 C2               S    0.00000   0.00000   0.00000   0.00000   0.00000
    7 C2               S    0.00000   0.00000   0.00000   0.00000   0.00000
    8 C2               X    0.00000   0.00000   0.00000   0.00000   0.00000
    9 C2               Y    0.00000   0.00000   0.00000   0.00000   0.00000
   10 C2               Z   -0.27746  -0.55846   0.22051  -0.18729   0.47180
   11 C3               S    0.00000   0.00000   0.00000   0.00000   0.00000
   12 C3               S    0.00000   0.00000   0.00000   0.00000   0.00000
   13 C3               X    0.00000   0.00000   0.00000   0.00000   0.00000
   14 C3               Y    0.00000   0.00000   0.00000   0.00000   0.00000
   15 C3               Z   -0.25076   0.57838  -0.22561  -0.16128  -0.46941
   16 C4               S    0.00000   0.00000   0.00000   0.00000   0.00000
   17 C4               S    0.00000   0.00000   0.00000   0.00000   0.00000
   18 C4               X    0.00000   0.00000   0.00000   0.00000   0.00000
   19 C4               Y    0.00000   0.00000   0.00000   0.00000   0.00000
   20 C4               Z    0.47134  -0.02172   0.03738   0.47384   0.53878
   21 C5               S    0.00000   0.00000   0.00000   0.00000   0.00000
   22 C5               S    0.00000   0.00000   0.00000   0.00000   0.00000
   23 C5               X    0.00000   0.00000   0.00000   0.00000   0.00000
   24 C5               Y    0.00000   0.00000   0.00000   0.00000   0.00000
   25 C5               Z   -0.27746  -0.55846  -0.22051  -0.18729  -0.47180
   26 H6               S    0.00000   0.00000   0.00000   0.00000   0.00000
   27 H7               S    0.00000   0.00000   0.00000   0.00000   0.00000
   28 H8               S    0.00000   0.00000   0.00000   0.00000   0.00000
   29 C9               S    0.00000   0.00000   0.00000   0.00000   0.00000
   30 C9               S    0.00000   0.00000   0.00000   0.00000   0.00000
   31 C9               X    0.00000   0.00000   0.00000   0.00000   0.00000
   32 C9               Y    0.00000   0.00000   0.00000   0.00000   0.00000
   33 C9               Z    0.24686   0.00417   0.52448  -0.53518  -0.27881
   34 C10              S    0.00000   0.00000   0.00000   0.00000   0.00000
   35 C10              S    0.00000   0.00000   0.00000   0.00000   0.00000
   36 C10              X    0.00000   0.00000   0.00000   0.00000   0.00000
   37 C10              Y    0.00000   0.00000   0.00000   0.00000   0.00000
   38 C10              Z   -0.41541   0.00295  -0.53113   0.40694   0.15817
   39 H11              S    0.00000   0.00000   0.00000   0.00000   0.00000
   40 H12              S    0.00000   0.00000   0.00000   0.00000   0.00000
   41 H13              S    0.00000   0.00000   0.00000   0.00000   0.00000
   42 C14              S    0.00000   0.00000   0.00000   0.00000   0.00000
   43 C14              S    0.00000   0.00000   0.00000   0.00000   0.00000
   44 C14              X    0.00000   0.00000   0.00000   0.00000   0.00000
   45 C14              Y    0.00000   0.00000   0.00000   0.00000   0.00000
   46 C14              Z    0.24686   0.00417  -0.52448  -0.53518   0.27881
   47 H15              S    0.00000   0.00000   0.00000   0.00000   0.00000
   48 C16              S    0.00000   0.00000   0.00000   0.00000   0.00000
   49 C16              S    0.00000   0.00000   0.00000   0.00000   0.00000
   50 C16              X    0.00000   0.00000   0.00000   0.00000   0.00000
   51 C16              Y    0.00000   0.00000   0.00000   0.00000   0.00000
   52 C16              Z   -0.41541   0.00295   0.53113   0.40694  -0.15817
   53 H17              S    0.00000   0.00000   0.00000   0.00000   0.00000
   54 H18              S    0.00000   0.00000   0.00000   0.00000   0.00000
   55 C19              S    0.00000   0.00000   0.00000   0.00000   0.00000
   56 C19              S    0.00000   0.00000   0.00000   0.00000   0.00000
   57 C19              X    0.00000   0.00000   0.00000   0.00000   0.00000
   58 C19              Y    0.00000   0.00000   0.00000   0.00000   0.00000
   59 C19              Z   -0.25076   0.57838   0.22561  -0.16128   0.46941
   60 H20              S    0.00000   0.00000   0.00000   0.00000   0.00000
   
                             41        42        43        44        45
  eigenvalues-              0.56470   0.57564   0.62171   0.62558   0.65890
  occupations-              0.00000   0.00000   0.00000   0.00000   0.00000
    1 C1               S    0.06352   0.03027  -0.02057   0.05479  -0.04401
    2 C1               S   -0.38051  -0.18082   0.12581  -0.32274   0.27011
    3 C1               X   -0.22392  -0.01614  -0.10969  -0.45543   0.22174
    4 C1               Y   -0.17059  -0.30379   0.07931  -0.06749  -0.18937
    5 C1               Z    0.00000   0.00000   0.00000   0.00000   0.00000
    6 C2               S    0.04825  -0.01440   0.01596  -0.00045   0.09360
    7 C2               S   -0.29726   0.08902  -0.10436  -0.00380  -0.58060
    8 C2               X   -0.19434   0.09683  -0.24740  -0.39704   0.03378
    9 C2               Y    0.15352  -0.27117   0.09826   0.14516  -0.01559
   10 C2               Z    0.00000   0.00000   0.00000   0.00000   0.00000
   11 C3               S    0.02906   0.00465   0.06411   0.02336  -0.07449
   12 C3               S   -0.18219  -0.02232  -0.39805  -0.14558   0.46357
   13 C3               X   -0.03866   0.11328   0.10687  -0.24884   0.15397
   14 C3               Y    0.31417  -0.33697   0.04234   0.04367  -0.00856
   15 C3               Z    0.00000   0.00000   0.00000   0.00000   0.00000
   16 C4               S    0.06352  -0.03027  -0.02057  -0.05479  -0.04401
   17 C4               S   -0.38051   0.18082   0.12581   0.32274   0.27011
   18 C4               X    0.22392  -0.01614   0.10969  -0.45543  -0.22174
   19 C4               Y    0.17059  -0.30379  -0.07931  -0.06749   0.18937
   20 C4               Z    0.00000   0.00000   0.00000   0.00000   0.00000
   21 C5               S    0.04825   0.01440   0.01596   0.00045   0.09360
   22 C5               S   -0.29726  -0.08902  -0.10436   0.00380  -0.58060
   23 C5               X    0.19434   0.09683   0.24740  -0.39704  -0.03378
   24 C5               Y   -0.15352  -0.27117  -0.09826   0.14516   0.01559
   25 C5               Z    0.00000   0.00000   0.00000   0.00000   0.00000
   26 H6               S    0.43388  -0.27416   0.28041   0.41460   0.20353
   27 H7               S    0.42056  -0.31684   0.28869   0.10426  -0.24528
   28 H8               S    0.43388   0.27416   0.28041  -0.41460   0.20353
   29 C9               S   -0.04744  -0.01376  -0.06464   0.08877   0.01554
   30 C9               S    0.27185   0.08399   0.39512  -0.52671  -0.10341
   31 C9               X    0.23034  -0.07803   0.04027  -0.27775  -0.26240
   32 C9               Y    0.33363  -0.39751  -0.35209  -0.17585   0.04606
   33 C9               Z    0.00000   0.00000   0.00000   0.00000   0.00000
   34 C10              S    0.03997  -0.00132   0.01895  -0.05495   0.10828
   35 C10              S   -0.23574   0.01337  -0.10627   0.32875  -0.68827
   36 C10              X    0.09698  -0.06778  -0.13419  -0.11856   0.15086
   37 C10              Y    0.18263  -0.34148  -0.36173  -0.15999  -0.20699
   38 C10              Z    0.00000   0.00000   0.00000   0.00000   0.00000
   39 H11              S   -0.10473   0.32236   0.38454   0.00698   0.53977
   40 H12              S    0.14526  -0.44982  -0.58631   0.12960   0.12872
   41 H13              S    0.35175  -0.28129  -0.25787  -0.38324   0.33637
   42 C14              S   -0.04744   0.01376  -0.06464  -0.08877   0.01554
   43 C14              S    0.27185  -0.08399   0.39512   0.52671  -0.10341
   44 C14              X   -0.23034  -0.07803  -0.04027  -0.27775   0.26240
   45 C14              Y   -0.33363  -0.39751   0.35209  -0.17585  -0.04606
   46 C14              Z    0.00000   0.00000   0.00000   0.00000   0.00000
   47 H15              S    0.14526   0.44982  -0.58631  -0.12960   0.12872
   48 C16              S    0.03997   0.00132   0.01895   0.05495   0.10828
   49 C16              S   -0.23574  -0.01337  -0.10627  -0.32875  -0.68827
   50 C16              X   -0.09698  -0.06778   0.13419  -0.11856  -0.15086
   51 C16              Y   -0.18263  -0.34148   0.36173  -0.15999   0.20699
   52 C16              Z    0.00000   0.00000   0.00000   0.00000   0.00000
   53 H17              S   -0.10473  -0.32236   0.38454  -0.00698   0.53977
   54 H18              S    0.35175   0.28129  -0.25787   0.38324   0.33637
   55 C19              S    0.02906  -0.00465   0.06411  -0.02336  -0.07449
   56 C19              S   -0.18219   0.02232  -0.39805   0.14558   0.46357
   57 C19              X    0.03866   0.11328  -0.10687  -0.24884  -0.15397
   58 C19              Y   -0.31417  -0.33697  -0.04234   0.04367   0.00856
   59 C19              Z    0.00000   0.00000   0.00000   0.00000   0.00000
   60 H20              S    0.42056   0.31684   0.28869  -0.10426  -0.24528
   
                             46        47        48        49        50
  eigenvalues-              0.66022   0.67828   0.69448   0.70559   0.74009
  occupations-              0.00000   0.00000   0.00000   0.00000   0.00000
    1 C1               S    0.08272  -0.01570   0.12971   0.06126   0.04069
    2 C1               S   -0.49304   0.10178  -0.79826  -0.36882  -0.25715
    3 C1               X   -0.06451  -0.20852  -0.00688   0.14882   0.15833
    4 C1               Y    0.10430  -0.18504   0.04718  -0.09251  -0.31109
    5 C1               Z    0.00000   0.00000   0.00000   0.00000   0.00000
    6 C2               S   -0.09967   0.00280  -0.07489  -0.06851   0.09488
    7 C2               S    0.61163  -0.00564   0.47479   0.42653  -0.61052
    8 C2               X    0.10481  -0.03790   0.15808   0.19613   0.12126
    9 C2               Y    0.04757  -0.22920   0.28768  -0.12081   0.20811
   10 C2               Z    0.00000   0.00000   0.00000   0.00000   0.00000
   11 C3               S    0.07648  -0.05552  -0.06856   0.05874  -0.11386
   12 C3               S   -0.46311   0.34984   0.43490  -0.36068   0.72992
   13 C3               X   -0.05889  -0.19742  -0.27592   0.16237   0.07366
   14 C3               Y    0.10332  -0.40963  -0.10309  -0.09628   0.10689
   15 C3               Z    0.00000   0.00000   0.00000   0.00000   0.00000
   16 C4               S   -0.08272   0.01570   0.12971  -0.06126   0.04069
   17 C4               S    0.49304  -0.10178  -0.79826   0.36882  -0.25715
   18 C4               X   -0.06451  -0.20852   0.00688   0.14882  -0.15833
   19 C4               Y    0.10430  -0.18504  -0.04718  -0.09251   0.31109
   20 C4               Z    0.00000   0.00000   0.00000   0.00000   0.00000
   21 C5               S    0.09967  -0.00280  -0.07489   0.06851   0.09488
   22 C5               S   -0.61163   0.00564   0.47479  -0.42653  -0.61052
   23 C5               X    0.10481  -0.03790  -0.15808   0.19613  -0.12126
   24 C5               Y    0.04757  -0.22920  -0.28768  -0.12081  -0.20811
   25 C5               Z    0.00000   0.00000   0.00000   0.00000   0.00000
   26 H6               S   -0.32864  -0.05721  -0.22485  -0.48354   0.33632
   27 H7               S    0.34451  -0.59460  -0.28668   0.08355  -0.24433
   28 H8               S    0.32864   0.05721  -0.22485   0.48354   0.33632
   29 C9               S    0.03940   0.07474  -0.09401   0.07036  -0.03334
   30 C9               S   -0.25196  -0.47595   0.57659  -0.43227   0.23391
   31 C9               X   -0.22712  -0.13252   0.13263   0.09574   0.08194
   32 C9               Y    0.07809   0.19122  -0.07621   0.09029  -0.01380
   33 C9               Z    0.00000   0.00000   0.00000   0.00000   0.00000
   34 C10              S    0.08354   0.02075   0.06341  -0.11127  -0.06076
   35 C10              S   -0.53399  -0.14103  -0.39067   0.70742   0.39618
   36 C10              X    0.19438   0.26914   0.05088  -0.06685  -0.39708
   37 C10              Y   -0.21105   0.12128   0.04953   0.12461   0.00823
   38 C10              Z    0.00000   0.00000   0.00000   0.00000   0.00000
   39 H11              S    0.46120  -0.02570   0.17241  -0.51407  -0.28495
   40 H12              S    0.19042   0.44149  -0.36768   0.29277  -0.09069
   41 H13              S    0.29001   0.32979   0.26698  -0.32304  -0.45685
   42 C14              S   -0.03940  -0.07474  -0.09401  -0.07036  -0.03334
   43 C14              S    0.25196   0.47595   0.57659   0.43227   0.23391
   44 C14              X   -0.22712  -0.13252  -0.13263   0.09574  -0.08194
   45 C14              Y    0.07809   0.19122   0.07621   0.09029   0.01380
   46 C14              Z    0.00000   0.00000   0.00000   0.00000   0.00000
   47 H15              S   -0.19042  -0.44149  -0.36768  -0.29277  -0.09069
   48 C16              S   -0.08354  -0.02075   0.06341   0.11127  -0.06076
   49 C16              S    0.53399   0.14103  -0.39067  -0.70742   0.39618
   50 C16              X    0.19438   0.26914  -0.05088  -0.06685   0.39708
   51 C16              Y   -0.21105   0.12128  -0.04953   0.12461  -0.00823
   52 C16              Z    0.00000   0.00000   0.00000   0.00000   0.00000
   53 H17              S   -0.46120   0.02570   0.17241   0.51407  -0.28495
   54 H18              S   -0.29001  -0.32979   0.26698   0.32304  -0.45685
   55 C19              S   -0.07648   0.05552  -0.06856  -0.05874  -0.11386
   56 C19              S    0.46311  -0.34984   0.43490   0.36068   0.72992
   57 C19              X   -0.05889  -0.19742   0.27592   0.16237  -0.07366
   58 C19              Y    0.10332  -0.40963   0.10309  -0.09628  -0.10689
   59 C19              Z    0.00000   0.00000   0.00000   0.00000   0.00000
   60 H20              S   -0.34451   0.59460  -0.28668  -0.08355  -0.24433
   
                             51        52        53        54        55
  eigenvalues-              0.80296   0.82501   0.86016   0.88880   0.92117
  occupations-              0.00000   0.00000   0.00000   0.00000   0.00000
    1 C1               S   -0.06841   0.00335   0.00199   0.04956  -0.09509
    2 C1               S    0.46342  -0.01232  -0.02012  -0.34856   0.65318
    3 C1               X   -0.51739   0.23629  -0.01216   0.08884   0.11354
    4 C1               Y   -0.29906  -0.50852   0.22190  -0.24639  -0.15754
    5 C1               Z    0.00000   0.00000   0.00000   0.00000   0.00000
    6 C2               S    0.04800   0.03454  -0.00442   0.08792   0.02666
    7 C2               S   -0.31644  -0.24396   0.03762  -0.61284  -0.17572
    8 C2               X    0.10354  -0.39026  -0.54043   0.26849  -0.07905
    9 C2               Y   -0.29556  -0.33420   0.37574   0.40249  -0.44795
   10 C2               Z    0.00000   0.00000   0.00000   0.00000   0.00000
   11 C3               S    0.01408   0.09474   0.00298  -0.03519   0.00986
   12 C3               S   -0.09417  -0.64476  -0.02654   0.24241  -0.08250
   13 C3               X    0.29428   0.09478  -0.02668   0.73623  -0.23248
   14 C3               Y   -0.38316   0.04680  -0.55965   0.05107   0.20746
   15 C3               Z    0.00000   0.00000   0.00000   0.00000   0.00000
   16 C4               S   -0.06841  -0.00335   0.00199  -0.04956   0.09509
   17 C4               S    0.46342   0.01232  -0.02012   0.34856  -0.65318
   18 C4               X    0.51739   0.23629   0.01216   0.08884   0.11354
   19 C4               Y    0.29906  -0.50852  -0.22190  -0.24639  -0.15754
   20 C4               Z    0.00000   0.00000   0.00000   0.00000   0.00000
   21 C5               S    0.04800  -0.03454  -0.00442  -0.08792  -0.02666
   22 C5               S   -0.31644   0.24396   0.03762   0.61284   0.17572
   23 C5               X   -0.10354  -0.39026   0.54043   0.26849  -0.07905
   24 C5               Y    0.29556  -0.33420  -0.37574   0.40249  -0.44795
   25 C5               Z    0.00000   0.00000   0.00000   0.00000   0.00000
   26 H6               S   -0.04058   0.20809   0.50943   0.25220  -0.02977
   27 H7               S   -0.24963   0.29964  -0.44103  -0.05931   0.14842
   28 H8               S   -0.04058  -0.20809   0.50943  -0.25220   0.02977
   29 C9               S   -0.07216   0.02681   0.05272   0.06229   0.01653
   30 C9               S    0.47967  -0.19815  -0.36790  -0.43593  -0.13619
   31 C9               X    0.03093   0.13678   0.19801   0.08126   0.35936
   32 C9               Y   -0.15670  -0.24322  -0.07776   0.11763   0.43538
   33 C9               Z    0.00000   0.00000   0.00000   0.00000   0.00000
   34 C10              S    0.01828  -0.00972  -0.04126  -0.00985  -0.01753
   35 C10              S   -0.11557   0.07728   0.28734   0.06555   0.12825
   36 C10              X    0.01391   0.45726   0.30572   0.18718  -0.06381
   37 C10              Y    0.38361   0.17589  -0.00563  -0.27137  -0.55192
   38 C10              Z    0.00000   0.00000   0.00000   0.00000   0.00000
   39 H11              S   -0.24960  -0.10227  -0.11950   0.23515   0.34145
   40 H12              S   -0.30862  -0.15093   0.08471   0.26637   0.32363
   41 H13              S    0.25617   0.35640   0.07668  -0.03796  -0.33136
   42 C14              S   -0.07216  -0.02681   0.05272  -0.06229  -0.01653
   43 C14              S    0.47967   0.19815  -0.36790   0.43593   0.13619
   44 C14              X   -0.03093   0.13678  -0.19801   0.08126   0.35936
   45 C14              Y    0.15670  -0.24322   0.07776   0.11763   0.43538
   46 C14              Z    0.00000   0.00000   0.00000   0.00000   0.00000
   47 H15              S   -0.30862   0.15093   0.08471  -0.26637  -0.32363
   48 C16              S    0.01828   0.00972  -0.04126   0.00985   0.01753
   49 C16              S   -0.11557  -0.07728   0.28734  -0.06555  -0.12825
   50 C16              X   -0.01391   0.45726  -0.30572   0.18718  -0.06381
   51 C16              Y   -0.38361   0.17589   0.00563  -0.27137  -0.55192
   52 C16              Z    0.00000   0.00000   0.00000   0.00000   0.00000
   53 H17              S   -0.24960   0.10227  -0.11950  -0.23515  -0.34145
   54 H18              S    0.25617  -0.35640   0.07668   0.03796   0.33136
   55 C19              S    0.01408  -0.09474   0.00298   0.03519  -0.00986
   56 C19              S   -0.09417   0.64476  -0.02654  -0.24241   0.08250
   57 C19              X   -0.29428   0.09478   0.02668   0.73623  -0.23248
   58 C19              Y    0.38316   0.04680   0.55965   0.05107   0.20746
   59 C19              Z    0.00000   0.00000   0.00000   0.00000   0.00000
   60 H20              S   -0.24963  -0.29964  -0.44103   0.05931  -0.14842
   
                             56        57        58        59        60
  eigenvalues-              0.93977   0.99024   1.02714   1.10827   1.12527
  occupations-              0.00000   0.00000   0.00000   0.00000   0.00000
    1 C1               S   -0.01431  -0.01706   0.02011  -0.00474   0.04267
    2 C1               S    0.08568   0.10861  -0.14355   0.03166  -0.32344
    3 C1               X    0.30689   0.42367   0.28074  -0.27728   0.57354
    4 C1               Y    0.21805   0.03765  -0.39695   0.65697   0.37245
    5 C1               Z    0.00000   0.00000   0.00000   0.00000   0.00000
    6 C2               S    0.03167  -0.01688   0.02170  -0.00685  -0.05600
    7 C2               S   -0.22118   0.12462  -0.16380   0.04636   0.41556
    8 C2               X    0.25721  -0.42348  -0.18905   0.26083  -0.52686
    9 C2               Y    0.25122  -0.08762  -0.11689   0.55732   0.34884
   10 C2               Z    0.00000   0.00000   0.00000   0.00000   0.00000
   11 C3               S   -0.02811   0.01814   0.04655   0.00684   0.05033
   12 C3               S    0.20096  -0.13235  -0.34068  -0.04697  -0.37121
   13 C3               X    0.28319  -0.38626   0.19458   0.59853  -0.04660
   14 C3               Y    0.37896  -0.00757  -0.14540  -0.05419  -0.61123
   15 C3               Z    0.00000   0.00000   0.00000   0.00000   0.00000
   16 C4               S   -0.01431  -0.01706  -0.02011  -0.00474  -0.04267
   17 C4               S    0.08568   0.10861   0.14355   0.03166   0.32344
   18 C4               X   -0.30689  -0.42367   0.28074   0.27728   0.57354
   19 C4               Y   -0.21805  -0.03765  -0.39695  -0.65697   0.37245
   20 C4               Z    0.00000   0.00000   0.00000   0.00000   0.00000
   21 C5               S    0.03167  -0.01688  -0.02170  -0.00685   0.05600
   22 C5               S   -0.22118   0.12462   0.16380   0.04636  -0.41556
   23 C5               X   -0.25721   0.42348  -0.18905  -0.26083  -0.52686
   24 C5               Y   -0.25122   0.08762  -0.11689  -0.55732   0.34884
   25 C5               Z    0.00000   0.00000   0.00000   0.00000   0.00000
   26 H6               S    0.03708   0.20009   0.10693   0.04096   0.27518
   27 H7               S    0.21707   0.04772   0.02140  -0.00768  -0.26956
   28 H8               S    0.03708   0.20009  -0.10693   0.04096  -0.27518
   29 C9               S    0.04321  -0.03626  -0.05825  -0.02390  -0.01393
   30 C9               S   -0.30623   0.29625   0.45117   0.19565   0.08664
   31 C9               X    0.04140  -0.67615  -0.62734  -0.41873   0.34054
   32 C9               Y   -0.57585  -0.12156   0.43123   0.29559   0.13947
   33 C9               Z    0.00000   0.00000   0.00000   0.00000   0.00000
   34 C10              S   -0.03252   0.04646   0.06822   0.03808  -0.00932
   35 C10              S    0.24083  -0.35639  -0.52527  -0.30464   0.08203
   36 C10              X    0.46932  -0.36181  -0.63300  -0.36284   0.07000
   37 C10              Y    0.29952   0.49302   0.19567   0.13117  -0.20652
   38 C10              Z    0.00000   0.00000   0.00000   0.00000   0.00000
   39 H11              S   -0.26493  -0.27134  -0.01272  -0.03282   0.13533
   40 H12              S   -0.31070  -0.14354   0.18138   0.15844   0.04629
   41 H13              S    0.32172   0.12273  -0.09667  -0.04585  -0.06579
   42 C14              S    0.04321  -0.03626   0.05825  -0.02390   0.01393
   43 C14              S   -0.30623   0.29625  -0.45117   0.19565  -0.08664
   44 C14              X   -0.04140   0.67615  -0.62734   0.41873   0.34054
   45 C14              Y    0.57585   0.12156   0.43123  -0.29559   0.13947
   46 C14              Z    0.00000   0.00000   0.00000   0.00000   0.00000
   47 H15              S   -0.31070  -0.14354  -0.18138   0.15844  -0.04629
   48 C16              S   -0.03252   0.04646  -0.06822   0.03808   0.00932
   49 C16              S    0.24083  -0.35639   0.52527  -0.30464  -0.08203
   50 C16              X   -0.46932   0.36181  -0.63300   0.36284   0.07000
   51 C16              Y   -0.29952  -0.49302   0.19567  -0.13117  -0.20652
   52 C16              Z    0.00000   0.00000   0.00000   0.00000   0.00000
   53 H17              S   -0.26493  -0.27134   0.01272  -0.03282  -0.13533
   54 H18              S    0.32172   0.12273   0.09667  -0.04585   0.06579
   55 C19              S   -0.02811   0.01814  -0.04655   0.00684  -0.05033
   56 C19              S    0.20096  -0.13235   0.34068  -0.04697   0.37121
   57 C19              X   -0.28319   0.38626   0.19458  -0.59853  -0.04660
   58 C19              Y   -0.37896   0.00757  -0.14540   0.05419  -0.61123
   59 C19              Z    0.00000   0.00000   0.00000   0.00000   0.00000
   60 H20              S    0.21707   0.04772  -0.02140  -0.00768   0.26956
   
  
  Peak memory usage:    515 Mb
  
  end of program post
   
 Time(post)  user:        0.0  user+sys:        0.0  wallclock:        0.1

 Total cpu seconds     user:       1.000   user+sys:       1.000
  
 Total elapsed time:    5 seconds

Job dvb_sp_hf completed on silenziosa at Wed Apr  9 22:33:32 2014
