cp: cannot stat ‘/ihome/kjordan/shu8/projects/code_tests/cclib/cfour_tests/cclib/data/CFOUR/GENBAS’: No such file or directory
 --invoking executable--
/ihome/kjordan/shu8/software/source/cfour/cfour-public-gnu-mkl2017/bin/xjoda


   *************************************************************************
         <<<     CCCCCC     CCCCCC   |||     CCCCCC     CCCCCC   >>>
       <<<      CCC        CCC       |||    CCC        CCC         >>>
      <<<      CCC        CCC        |||   CCC        CCC            >>>
    <<<        CCC        CCC        |||   CCC        CCC              >>>
      <<<      CCC        CCC        |||   CCC        CCC            >>>
       <<<      CCC        CCC       |||    CCC        CCC         >>>
         <<<     CCCCCC     CCCCCC   |||     CCCCCC     CCCCCC   >>>
   *************************************************************************

     ****************************************************************
     * CFOUR Coupled-Cluster techniques for Computational Chemistry *
     ****************************************************************


   Department of Chemistry                Institut fuer Physikalische Chemie
   University of Florida                  Universitaet Mainz
   Gainesville, FL 32611, USA             D-55099 Mainz, Germany

   Department of Chemistry                Fakultaet fuer Chemie und Biowiss.
   Johns Hopkins University               Karlsruher Institut fuer Technologie
   Baltimore, MD 21218, USA               D-76131 Karlsruhe, Germany

   Department of Chemistry                Department of Physical Chemistry
   Southern Methodist University          Eotvos Lorand University
   Dallas, TX 75275, USA                  H-1053 Budapest, Hungary


                       Version 2.1

                     smp-n17.sam.pitt.edu                              
                     Fri Jul 23 10:46:44 EDT 2021                      
                     integer*8 version is running

********************************************************************************
*                          Input from ZMAT file                                *
********************************************************************************
DVB                                                                             
C     -1.4152533224    0.2302217854    0.0000000000                             
C      1.4152533224   -0.2302217854    0.0000000000                             
C     -0.4951331558    1.3144608674    0.0000000000                             
C      0.4951331558   -1.3144608674    0.0000000000                             
C      0.8894090436    1.0909493743    0.0000000000                             
C     -0.8894090436   -1.0909493743    0.0000000000                             
H     -0.8795511985    2.3437343748    0.0000000000                             
H      0.8795511985   -2.3437343748    0.0000000000                             
H      1.5779041557    1.9450061275    0.0000000000                             
H     -1.5779041557   -1.9450061275    0.0000000000                             
C      2.8845844962   -0.5210893778    0.0000000000                             
C     -2.8845844962    0.5210893778    0.0000000000                             
H      3.1403356810   -1.5919605685    0.0000000000                             
H     -3.1403356810    1.5919605685    0.0000000000                             
C      3.8800428103    0.3822535424    0.0000000000                             
C     -3.8800428103   -0.3822535424    0.0000000000                             
H      3.6946765858    1.4624389570    0.0000000000                             
H     -3.6946765858   -1.4624389570    0.0000000000                             
H      4.9316453546    0.0711049543    0.0000000000                             
H     -4.9316453546   -0.0711049543    0.0000000000                             
                                                                                
*CFOUR(BASIS=STO-3G                                                             
CALC_LEVEL=SCF                                                                  
REFERENCE=ROHF                                                                  
COORDINATES=CARTESIAN                                                           
CHARGE=1                                                                        
MULTIPLICITY=2)                                                                 
                                                                                
********************************************************************************
    -------------------------------------------------------------------
                    CFOUR Control Parameters 
    -------------------------------------------------------------------
        External           Internal           Value            Units
          Name               Name
    -------------------------------------------------------------------
       ABCDTYPE             IABCDT         STANDARD    [  0]    ***   
       ANHARMONIC           IANHAR         OFF         [  0]    ***   
       ANH_ALGORIT          IANALG         STANDARD    [  0]    ***   
       ANH_DERIVAT          IANDER         SECOND      [  1]    ***   
       ANH_MODE             ANHMOD         VIBRATION   [  0]    ***   
       ANH_STEPSIZ          ICUBST             50000          x 10-6  
       ANH_SYMMETR          IANHSM         ABELIAN     [  0]    ***   
       AO_LADDERS           IAOLAD         SINGLEPASS  [  1]    ***   
       AV_SCF               IAVSCF         OFF         [  0]    ***   
       BASIS                IBASIS         STO-3G      [  2]    ***   
       BOTHVECTORS          BOTHVC         OFF         [  0]    ***   
       BOX_POTENT           IPIAB          OFF         [  0]    ***   
       BREIT                IBREIT         OFF         [  0]    ***   
       BRUCK_CONV           IBRTOL          10D-  4             ***   
       BRUECKNER            IBRKNR         OFF         [  0]    ***   
       BUFFERSIZE           IBUFFS              4096            ***   
       CACHE_RECS           ICHREC             10               ***   
       CALCLEVEL            ICLLVL         SCF         [  0]    ***   
       CCORBOPT             ICCORB         OFF         [  0]  x 0.01  
       CC_CONV              ICCCNV          10D-  7             ***   
       CC_EXPORDER          ICCEOR              0               ***   
       CC_EXTRAPOL          ICCEXT         DIIS        [  1]    ***   
       CC_GUESS             ICCGES         MP2         [  0]    ***   
       CC_MAXCYC            ICCCYC              0              cycles 
       CC_PROGRAM           ICCPRO         VCC         [  0]    ***   
       CHARGE               ICHRGE              1               ***   
       CHOLESKY             ICHOLE         OFF         [  0]    ***   
       CIS_CONV             ICISTL              5               ***   
       COMM_SIZE            IPSIZE            ***               ***   
       CONSTANT             ICONST         OLD         [  1]    ***   
       CONTINUUM            ICONTU         NONE        [  0]    ***   
       CONTRACTION          ICNTYP         GENERAL     [  1]    ***   
       COORDINATES          ICOORD         CARTESIAN   [  1]    ***   
       CPHF_CONVER          ICPHFT          10D- 16             ***   
       CPHF_MAXCYC          ICPHFC             64              cycles 
       CUBIC                ICUBIC         OFF         [  0]    ***   
       CURVILINEAR          ICURVY         OFF         [  0]    ***   
       DBOC                 IDBOC          OFF         [  0]    ***   
       DCT                  IDCT           OFF         [  0]    ***   
       DERIV_LEV            IDRLVL         ZERO        [  0]    ***   
       DEVMEM_SIZE          IDVMEM          50000000           MByte  
       DIAG_MRCC            IEOMST          10D-  0             ***   
       DIFF_TYPE            IDIFTY         RELAXED     [  0]    ***   
       DIRECT               IDIRCT         OFF         [  0]    ***   
       DROPMO               IDRPMO      NONE         
       ECP                  IECP           OFF         [  0]    ***   
       EIGENVECTOR          IVEC                1               ***   
       EL_ANHARM            IELANH         OFF         [  0]    ***   
       EOMFOLLOW            IEOMSR         ENERGY      [  0]    ***   
       EOMIP                IEOMIP         OFF         [  0]    ***   
       EOMLEVEL             HBARFM         SAME        [  0]    ***   
       EOM_MRCC             IMRCCE         NEW         [  1]    ***   
       EOM_NONIT            EOMNON         OFF         [  0]    ***   
       EOM_NSING            IEOMSI          10D-  0             ***   
       EOM_NSTATES          IMRCCD         DAVIDSON    [  0]    ***   
       EOM_NTRIP            IEOMTR          10D-  0             ***   
       EOM_ORDER            IEXORD         ENERGY      [  0]    ***   
       EOM_PROPSTA          IEOMST              0               ***   
       ESTATE_CONV          IEXTOL          10D-  5             ***   
       ESTATE_DIAG          IEXDIG         ITERATIVE   [  0]    ***   
       ESTATE_LOCK          IESLOC         ON          [  1]    ***   
       ESTATE_MAXC          IEXMXC             40               ***   
       ESTATE_PROP          IEXPRP         OFF         [  0]    ***   
       EVAL_HESS            IRECAL              0            # of cyc.
       EXCITATION           IEXCIT              0               ***   
       EXCITE               IEXCIT         NONE        [  0]    ***   
       EXTERN_POT           IEXPOT         OFF         [  0]    ***   
       FCGRADNEW            IFCGNW         OFF         [  0]    ***   
       FC_FIELD             IFINFC              0             x 10-6  
       FD_CALTYPE           IFDCAL         GRADONLY    [  0]    ***   
       FD_PROJECT           IFDPRJ         OFF         [  1]    ***   
       FD_STEPSIZE          IDISFD              0            10-4 bohr
       FD_USEGROUP          IFDGRP         FULL        [  0]    ***   
       FILE_RECSIZ          IFLREC              4096           words  
       FINITE_PERT          IFIPER              0             x 10-6  
       FIXGEOM              IFIXGM         OFF         [  0]    ***   
       FOCK                 IFOCK          AO          [  1]    ***   
       FREQ_ALGORI          IVIALG         STANDARD    [  0]    ***   
       FROZEN_CORE          IFROCO         OFF         [  0]    ***   
       GAMMA_ABCD           IGABCD         STORE       [  0]    ***   
       GAMMA_ABCI           IGABCI         STORE       [  0]    ***   
       GENBAS_1             IGNBS1              0               ***   
       GENBAS_2             IGNBS2              0               ***   
       GENBAS_3             IGNBS3              0               ***   
       GENBAS_4             IGNBS4              0               ***   
       GEO_CONV             ICONTL              5              H/bohr 
       GEO_MAXCYC           IOPTCY             50               ***   
       GEO_MAXSTEP          IMXSTP            300            millibohr
       GEO_METHOD           INR            SINGLE_POINT[  5]    ***   
       GIAO                 IGIAO          OFF         [  1]    ***   
       GIMIC                IGIMIC         OFF         [  0]    ***   
       GRID                 IGRID          OFF         [  0]    ***   
       GRID_ALGO            IGALGO         SERIAL      [  0]    ***   
       GUESS                IGUESS         MOREAD      [  0]    ***   
       HBAR                 IHBAR          OFF         [  0]    ***   
       HESS_TYPE            IHESTP         SCF         [  0]    ***   
       HF2_FILE             IHF2Fl         USE         [  1]    ***   
       HFSTABILITY          ISTABL         OFF         [  0]    ***   
       INCORE               INCORE         OFF         [  0]    ***   
       INPUT_MRCC           IMRCC          ON          [  1]    ***   
       INTEGRALS            INTTYP         VMOL        [  1]    ***   
       JODA_PRINT           IJPRNT              0               ***   
       KEYWORD_OUT          IDMPKW         NO          [  0]    ***   
       LINDEP_TOL           ILINDP              8               ***   
       LINEQ_CONV           IZTACN          10D-  7           cycles  
       LINEQ_EXPOR          ILMAXD              5               ***   
       LINEQ_MAXCY          ILMAXC            100               ***   
       LINEQ_TYPE           ILTYPE         DIIS        [  1]    ***   
       LOCK_ORBOCC          ILOCOC         OFF         [  0]    ***   
       MEMORY_SIZE          IMEMSZ         100000000           words  
       MEM_UNIT             IMEMU          INTEGERWORDS[  0]    ***   
       MRCC                 IMRCCC         OFF         [  0]    ***   
       MULTIPLICTY          IMULTP              2               ***   
       NACOUPLING           IVCOUP         OFF         [  0]    ***   
       NEGEVAL              IDIE           ABORT       [  0]    ***   
       NEWNORM              INEWNO         OFF         [  0]    ***   
       NON-HF               INONHF         OFF         [  0]    ***   
       NTOP_TAMP            ITOPT2             15               ***   
       NUC_MODEL            INUCMO         POINT       [  0]    ***   
       OCCUPATION           IOCCU   ESTIMATED BY SCF 
       OPEN-SHELL           IOPEN          SPIN-ORBITAL[  0]    ***   
       OPTVIB               IOPTVB         OFF         [  0]    ***   
       ORBITALS             IORBTP         STANDARD    [  0]    ***   
       PARALLEL             IPARAL         ON          [  1]    ***   
       PARA_INT             IPINTS         ON          [  1]    ***   
       PARA_PRINT           IPPRIN              0               ***   
       PERT_ORB             IPTORB         STANDARD    [  0]    ***   
       POINTS               IGRDFD              0               ***   
       PRINT                IPRNT               0               ***   
       PROPS                IPROPS         OFF         [  0]    ***   
       PROP_INTEGR          IINTYP         INTERNAL    [  0]    ***   
       PSI                  IPSI           OFF         [  0]    ***   
       QC_ALG               IQCALG         FLM         [  0]    ***   
       QC_LINALG            IQCLIN         TRIDIAG     [  2]    ***   
       QC_MAXCYC            IQCMAX          10D-100           cycles  
       QC_MAXSCFCY          IQCMSC          10D- 15           cycles  
       QC_RTRUST            IQCRTR          10D-  0           x 10-3  
       QC_SKIPSCF           IQCSKI         OFF         [  0]    ***   
       QC_START             IQCSTA          10D-  1             ***   
       QRHFGUESS            IQGUES         OFF         [  0]    ***   
       QUARTIC              IQUART         OFF         [  0]    ***   
       RAMAN_INT            IRAMIN         OFF         [  0]    ***   
       RAMAN_ORB            IRAMRE         UNRELAXED   [  0]    ***   
       RDO                  IRDOFM         OFF         [  0]    ***   
       REDUCE_REPR          REDREP         Ir          [  0]    ***   
       REFERENCE            IREFNC         ROHF        [  2]    ***   
       RELATIVIST           IRELAT         OFF         [  0]    ***   
       RELAX_DENS           IRDENS         OFF         [  0]    ***   
       RESET_FLAGS          IRESET         OFF         [  0]    ***   
       RESTART_CC           ICCRES         OFF         [  0]    ***   
       ROT_EVEC             ROTVEC              0               ***   
       SAVE_INTS            ISVINT         OFF         [  0]    ***   
       SCALE_ON             ISTCRT              0               ***   
       SCF_CONV             ISCFCV          10D-  7             ***   
       SCF_DAMPING          IDAMP               0             x 10-3  
       SCF_EXPORDE          IRPPOR              6               ***   
       SCF_EXPSTAR          IRPPLS              8               ***   
       SCF_EXTRAPO          IRPP           ON          [  1]    ***   
       SCF_MAXCYC           ISCFCY            150              cycles 
       SCF_NOSTOP           ISCFST         OFF         [  0]    ***   
       SCF_PRINT            ISCFPR              0               ***   
       SCF_PROG             ISCFPR         SCF         [  0]    ***   
       SD_FIELD             IFINSD              0             x 10-6  
       SOPERT               IPERSO         OFF         [  0]    ***   
       SPHERICAL            IDFGHI         ON          [  1]    ***   
       SPINORBIT            ISOCAL         OFF         [  0]    ***   
       SPINROTATIO          ISRCON         OFF         [  0]    ***   
       SPIN_FLIP            ISPFLP         OFF         [  0]    ***   
       SPIN_ORBIT           ISPORB         OFF         [  0]    ***   
       SPIN_SCAL            ISCSMP         OFF         [  0]    ***   
       STEEPSCALE           ISTPSC              1000          x 10-3  
       SUBGROUP             ISUBGP         DEFAULT     [  0]    ***   
       SUBGRPAXIS           ISBXYZ         X           [  0]    ***   
       SYMMETRY             ISYM           ON          [  0]    ***   
       SYM_CHECK            ISYMCK         OVERRIDE    [  1]    ***   
       T3_EXTRAPOL          IT3EXT         OFF         [  0]    ***   
       T4_EXTRAPOL          IT4EXP         OFF         [  0]    ***   
       TAMP_SUM             IEVERY              0               ***   
       TESTSUITE            ITESTS         OFF         [  0]    ***   
       THERMOCH             ITHERM         OFF         [  0]    ***   
       TOL_CHOLESK          ITOLCH          10D-  4             ***   
       TRANGRAD             IRESRM         OFF         [  0]    ***   
       TRANS_INV            ITRAIN         USE         [  0]    ***   
       TREAT_PERT           ITREAT         SIMULTANEOUS[  0]    ***   
       TRIP_ALGORI          ITRALG         NORMAL      [  0]    ***   
       UIJ_THRESHO          IUIJTH              1               ***   
       UNITS                IUNITS         ANGSTROM    [  0]    ***   
       UNOS                 IUNOS          OFF         [  0]    ***   
       UPDATE_HESS          IHUPDT         ON          [  1]    ***   
       VIBPHASE             ISETPH         STANDARD    [  0]    ***   
       VIBRATION            IVIB           NO          [  0]    ***   
       VIB_ALGORIT          IGEALG         STANDARD    [  0]    ***   
       VNATORB              IVNORB         OFF         [  0]    ***   
       VTRAN                IVTRAN         FULL/PARTIAL[  0]    ***   
       XFIELD               IXEFLD              0             x 10-6  
       XFORM_TOL            IXFTOL          10D- 11             ***   
       YFIELD               IYEFLD              0             x 10-6  
       ZFIELD               IZEFLD              0             x 10-6  
       ZSCALE_EXP           IZEXPS         OFF         [  0]    ***   
    -------------------------------------------------------------------
  @GETXYZ-I,    20 atoms read from ZMAT.
   Rotational constants (in cm-1): 
          0.0199168511             0.0228745556             0.1540346947
   Rotational constants (in MHz): 
        597.0922573598           685.7620215298          4617.8446202006
********************************************************************************
   The full molecular point group is C2h .
   The largest Abelian subgroup of the full molecular point group is C2h .
   The computational point group is C2h .
********************************************************************************


 ----------------------------------------------------------------
         Coordinates used in calculation (QCOMP) 
 ----------------------------------------------------------------
 Z-matrix   Atomic            Coordinates (in bohr)
  Symbol    Number           X              Y              Z
 ----------------------------------------------------------------
     C         6        -2.67238813     0.44749770     0.00000000
     C         6         2.67238813    -0.44749770     0.00000000
     C         6        -0.92409633     2.48829903     0.00000000
     C         6         0.92409633    -2.48829903     0.00000000
     C         6         1.69031582     2.05375189     0.00000000
     C         6        -1.69031582    -2.05375189     0.00000000
     H         1        -1.64148166     4.43670411     0.00000000
     H         1         1.64148166    -4.43670411     0.00000000
     H         1         2.99888006     3.66161326     0.00000000
     H         1        -2.99888006    -3.66161326     0.00000000
     C         6         5.44643416    -1.01007373     0.00000000
     C         6        -5.44643416     1.01007373     0.00000000
     H         1         5.92031114    -3.03595467     0.00000000
     H         1        -5.92031114     3.03595467     0.00000000
     C         6         7.33550206     0.68822447     0.00000000
     C         6        -7.33550206    -0.68822447     0.00000000
     H         1         6.99471389     2.73108756     0.00000000
     H         1        -6.99471389    -2.73108756     0.00000000
     H         1         9.31998542     0.09099696     0.00000000
     H         1        -9.31998542    -0.09099696     0.00000000
 ----------------------------------------------------------------

   Interatomic distance matrix (Angstroms) 

                 C             C             C             C             C    
                [ 1]        [ 2]        [ 3]        [ 4]        [ 5]
  C    [ 1]     0.00000
  C    [ 2]     2.86771     0.00000
  C    [ 3]     1.42204     2.45675     0.00000
  C    [ 4]     2.45675     1.42204     2.80925     0.00000
  C    [ 5]     2.46015     1.42197     1.40247     2.43751     0.00000
  C    [ 6]     1.42197     2.46015     2.43751     1.40247     2.81512
  H    [ 7]     2.18035     3.44839     1.09872     3.90796     2.16765
  H    [ 8]     3.44839     2.18035     3.90796     1.09872     3.43470
  H    [ 9]     3.44956     2.18130     2.16681     3.43461     1.09701
  H    [10]     2.18130     3.44956     3.43461     2.16681     3.91212
  C    [11]     4.36498     1.49784     3.84600     2.51772     2.56503
  C    [12]     1.49784     4.36498     2.51772     3.84600     3.81678
  H    [13]     4.90650     2.19778     4.65445     2.65972     3.50210
  H    [14]     2.19778     4.90650     2.65972     4.65445     4.06077
  C    [15]     5.29748     2.53975     4.47339     3.78635     3.07346
  C    [16]     2.53975     5.29748     3.78635     4.47339     4.99179
  H    [17]     5.25640     2.83917     4.19242     4.23654     2.82976
  H    [18]     2.83917     5.25640     4.23654     4.19242     5.24725
  H    [19]     6.34889     3.52928     5.56739     4.64784     4.16890
  H    [20]     3.52928     6.34889     4.64784     5.56739     5.93591

                 C             H             H             H             H    
                [ 6]        [ 7]        [ 8]        [ 9]        [10]
  C    [ 6]     0.00000
  H    [ 7]     3.43470     0.00000
  H    [ 8]     2.16765     5.00668     0.00000
  H    [ 9]     3.91212     2.48959     4.34523     0.00000
  H    [10]     1.09701     4.34523     2.48959     5.00912     0.00000
  C    [11]     3.81678     4.73032     2.70965     2.79089     4.68416
  C    [12]     2.56503     2.70965     4.73032     4.68416     2.79089
  H    [13]     4.06077     5.62576     2.38250     3.86670     4.73143
  H    [14]     3.50210     2.38250     5.62576     4.73143     3.86670
  C    [15]     4.99179     5.14793     4.05388     2.78245     5.93341
  C    [16]     3.07346     4.05388     5.14793     5.93341     2.78245
  H    [17]     5.24725     4.65835     4.73412     2.17108     6.27780
  H    [18]     2.82976     4.73412     4.65835     6.27780     2.17108
  H    [19]     5.93591     6.23978     4.71709     3.84176     6.81461
  H    [20]     4.16890     4.71709     6.23978     6.81461     3.84176

                 C             C             H             H             C    
                [11]        [12]        [13]        [14]        [15]
  C    [11]     0.00000
  C    [12]     5.86255     0.00000
  H    [13]     1.10099     6.38472     0.00000
  H    [14]     6.38472     1.10099     7.04161     0.00000
  C    [15]     1.34423     6.76605     2.10824     7.12384     0.00000
  C    [16]     6.76605     1.34423     7.12384     2.10824     7.79766
  H    [17]     2.14258     6.64626     3.10430     6.83624     1.09598
  H    [18]     6.64626     2.14258     6.83624     3.10430     7.79611
  H    [19]     2.13100     7.82917     2.44430     8.21401     1.09667
  H    [20]     7.82917     2.13100     8.21401     2.44430     8.82334

                 C             H             H             H             H    
                [16]        [17]        [18]        [19]        [20]
  C    [16]     0.00000
  H    [17]     7.79611     0.00000
  H    [18]     1.09598     7.94717     0.00000
  H    [19]     8.82334     1.86169     8.76158     0.00000
  H    [20]     1.09667     8.76158     1.86169     9.86432     0.00000
 rotcon2
   Rotational constants (in cm-1): 
          0.1540346947             0.0228745556             0.0199168511
   Rotational constants (in MHz): 
       4617.8446202006           685.7620215298           597.0922573598
  GENBAS file not present.   Using default GENBAS. 
 --invoking executable--
/ihome/kjordan/shu8/software/source/cfour/cfour-public-gnu-mkl2017/bin/set_genbas
--executable set_genbas finished with status     0 in        0.01 seconds (walltime).
  ECPDATA file not present.   Using default ECPDATA. 
  There are   60 basis functions.
 @GEOPT-W, Archive file not created for single-point calculation.
 @CHECKOUT-I, Total execution time (CPU/WALL):        0.17/       0.20 seconds.
--executable xjoda finished with status     0 in        0.21 seconds (walltime).
 --invoking executable--
/ihome/kjordan/shu8/software/source/cfour/cfour-public-gnu-mkl2017/bin/xvmol
 SERIAL VERSION OF MOLECULE STARTED
********************************************************************************
                    INPUT FROM MOL FILE
********************************************************************************
INTGRL        1    0    1    0    0    0    0    0    0                         
         *** CFOUR Program System (Release V0.1) ***                            
DVB                                                                             
   10    2 Z  XY      0.10E-08              0    0                              
   9999.00      3.00                                                            
          6.00000000    1    2    1    1                                        
C #1  -2.672388130301991   0.447497702207649   0.000000000000000                
    6    2                                                                      
   71.616837300000000       0.15432899999999999        0.0000000000000000       
   13.045096300000001       0.53532809999999997        0.0000000000000000       
   3.5305122000000000       0.44463449999999999        0.0000000000000000       
   2.9412493999999998        0.0000000000000000       -9.9967200000000006E-002  
  0.68348310000000001        0.0000000000000000       0.39951280000000000       
  0.22228990000000001        0.0000000000000000       0.70011550000000000       
    3    1                                                                      
   2.9412493999999998       0.15591630000000001                                 
  0.68348310000000001       0.60768370000000005                                 
  0.22228990000000001       0.39195740000000001                                 
          6.00000000    1    2    1    1                                        
C #2  -0.924096325580836   2.488299025763687   0.000000000000000                
    6    2                                                                      
   71.616837300000000       0.15432899999999999        0.0000000000000000       
   13.045096300000001       0.53532809999999997        0.0000000000000000       
   3.5305122000000000       0.44463449999999999        0.0000000000000000       
   2.9412493999999998        0.0000000000000000       -9.9967200000000006E-002  
  0.68348310000000001        0.0000000000000000       0.39951280000000000       
  0.22228990000000001        0.0000000000000000       0.70011550000000000       
    3    1                                                                      
   2.9412493999999998       0.15591630000000001                                 
  0.68348310000000001       0.60768370000000005                                 
  0.22228990000000001       0.39195740000000001                                 
          6.00000000    1    2    1    1                                        
C #3   1.690315822065242   2.053751887204707   0.000000000000000                
    6    2                                                                      
   71.616837300000000       0.15432899999999999        0.0000000000000000       
   13.045096300000001       0.53532809999999997        0.0000000000000000       
   3.5305122000000000       0.44463449999999999        0.0000000000000000       
   2.9412493999999998        0.0000000000000000       -9.9967200000000006E-002  
  0.68348310000000001        0.0000000000000000       0.39951280000000000       
  0.22228990000000001        0.0000000000000000       0.70011550000000000       
    3    1                                                                      
   2.9412493999999998       0.15591630000000001                                 
  0.68348310000000001       0.60768370000000005                                 
  0.22228990000000001       0.39195740000000001                                 
          1.00000000    1    1    1                                             
H #4  -1.641481662073812   4.436704105033953   0.000000000000000                
    3    1                                                                      
   3.4252509000000000       0.15432899999999999                                 
  0.62391370000000002       0.53532809999999997                                 
  0.16885539999999999       0.44463449999999999                                 
          1.00000000    1    1    1                                             
H #5   2.998880059731860   3.661613256120146   0.000000000000000                
    3    1                                                                      
   3.4252509000000000       0.15432899999999999                                 
  0.62391370000000002       0.53532809999999997                                 
  0.16885539999999999       0.44463449999999999                                 
          6.00000000    1    2    1    1                                        
C #6   5.446434164927560  -1.010073731531766   0.000000000000000                
    6    2                                                                      
   71.616837300000000       0.15432899999999999        0.0000000000000000       
   13.045096300000001       0.53532809999999997        0.0000000000000000       
   3.5305122000000000       0.44463449999999999        0.0000000000000000       
   2.9412493999999998        0.0000000000000000       -9.9967200000000006E-002  
  0.68348310000000001        0.0000000000000000       0.39951280000000000       
  0.22228990000000001        0.0000000000000000       0.70011550000000000       
    3    1                                                                      
   2.9412493999999998       0.15591630000000001                                 
  0.68348310000000001       0.60768370000000005                                 
  0.22228990000000001       0.39195740000000001                                 
          1.00000000    1    1    1                                             
H #7   5.920311137072457  -3.035954666539687   0.000000000000000                
    3    1                                                                      
   3.4252509000000000       0.15432899999999999                                 
  0.62391370000000002       0.53532809999999997                                 
  0.16885539999999999       0.44463449999999999                                 
          6.00000000    1    2    1    1                                        
C #8   7.335502063406305   0.688224471072172   0.000000000000000                
    6    2                                                                      
   71.616837300000000       0.15432899999999999        0.0000000000000000       
   13.045096300000001       0.53532809999999997        0.0000000000000000       
   3.5305122000000000       0.44463449999999999        0.0000000000000000       
   2.9412493999999998        0.0000000000000000       -9.9967200000000006E-002  
  0.68348310000000001        0.0000000000000000       0.39951280000000000       
  0.22228990000000001        0.0000000000000000       0.70011550000000000       
    3    1                                                                      
   2.9412493999999998       0.15591630000000001                                 
  0.68348310000000001       0.60768370000000005                                 
  0.22228990000000001       0.39195740000000001                                 
          1.00000000    1    1    1                                             
H #9   6.994713889404575   2.731087563079105   0.000000000000000                
    3    1                                                                      
   3.4252509000000000       0.15432899999999999                                 
  0.62391370000000002       0.53532809999999997                                 
  0.16885539999999999       0.44463449999999999                                 
          1.00000000    1    1    1                                             
H #0   9.319985418888493   0.090996963293147   0.000000000000000                
    3    1                                                                      
   3.4252509000000000       0.15432899999999999                                 
  0.62391370000000002       0.53532809999999997                                 

Running with 1 threads/proc

  0.16885539999999999       0.44463449999999999                                 
FINISH                                                                          

********************************************************************************
 ONE- AND TWO-ELECTRON INTEGRALS OVER SYMMETRY-ADAPTED AOS ARE CALCULATED.

  SPHERICAL HARMONICS ARE USED.
  
  INTEGRALS LESS THAN  0.10E-13 ARE NEGLECTED.

  NUCLEAR REPULSION ENERGY :  445.9368866056 A.U.
  @MOLECU-I, ONE ELECTRON INTEGRALS (CPU/WALL):        0.04/       0.04 SECONDS.
  @TWOEL-I,     102960 INTEGRALS OF SYMMETRY TYPE  I I I I
  @TWOEL-I,     221234 INTEGRALS OF SYMMETRY TYPE  I J I J
  @TWOEL-I,     121825 INTEGRALS OF SYMMETRY TYPE  I I J J
  @TWOEL-I,      46619 INTEGRALS OF SYMMETRY TYPE  I J K L
  @TWOEL-I, TOTAL NUMBER OF 2-E INTEGRALS     492638.
  @MOLECU-I, TWO ELECTRON INTEGRALS (CPU/WALL):        2.70/       2.70 SECONDS.
 @CHECKOUT-I, Total execution time (CPU/WALL):        2.74/       2.75 seconds.
--executable xvmol finished with status     0 in        2.76 seconds (walltime).
 --invoking executable--
/ihome/kjordan/shu8/software/source/cfour/cfour-public-gnu-mkl2017/bin/xvmol2ja
 @GETMEM-I,  Allocated     762 MB of main memory.
 @CHECKOUT-I, Total execution time (CPU/WALL):        0.00/       0.00 seconds.
--executable xvmol2ja finished with status     0 in        0.01 seconds (walltime).
 --invoking executable--
/ihome/kjordan/shu8/software/source/cfour/cfour-public-gnu-mkl2017/bin/xvscf
  There are   60 functions in the AO basis.

  There are 4 irreducible representations.

       Irrep        # of functions
         1                 25
         2                  5
         3                 25
         4                  5


  Parameters for SCF calculation: 
        SCF reference function: ROHF  
  Maximum number of iterations:  150
     Full symmetry point group: C2h 
     Computational point group: C2h 
        Initial density matrix: CORE                   
     SCF convergence tolerance: 10**(- 7)
  DIIS convergence acceleration:  ON
          Latest start for DIIS:   8
                     DIIS order:   6

  Memory information:     172886 words required.
  Fock matrices are constructed from AO integral file.
 @GETMEM-I,  Allocated       1 MB of main memory.
  Initialization and symmetry analysis required      0.001 seconds.

  @INITGES-I, Occupancies from core Hamiltonian:

          Alpha population by irrep:  15    3   14    3
           Beta population by irrep:  14    3   14    3


 total no. of electrons in initial guess :   0.0000000000000000     
 total no. of electrons in initial guess :   0.0000000000000000     
  --------------------------------------------------------------------
  Iteration         Total Energy            Largest Density Difference
  --------------------------------------------------------------------
       0           445.936886605585357              0.0000000000D+00
   current occupation vector 
    15  3 14  3
    14  3 14  3
       1          -306.431283278344097              0.1385336208D+01
   current occupation vector 
    15  3 14  3
    14  3 14  3
       2          -294.114605569966272              0.1412938649D+01
   current occupation vector 
    16  2 15  2
    15  2 15  2
       3          -297.025925492819226              0.1419843380D+01
   current occupation vector 
    15  3 14  3
    14  3 14  3
       4          -293.979801898467315              0.1419912651D+01
   current occupation vector 
    15  2 16  2
    15  2 15  2
       5          -296.840610707202757              0.1435548534D+01
   current occupation vector 
    14  3 15  3
    14  3 14  3
       6          -294.046278107586943              0.1433693556D+01
   current occupation vector 
    15  2 16  2
    15  2 15  2
       7          -296.856144003085831              0.1433651084D+01
   current occupation vector 
    14  3 15  3
    14  3 14  3
       8          -294.048565319962051              0.1433645496D+01
   current occupation vector 
    15  2 16  2
    15  2 15  2
       9          -379.241023201212158              0.1218564291D+01
   current occupation vector 
    15  2 15  3
    15  2 15  2
      10          -379.510168679600440              0.7791583382D-01
   current occupation vector 
    15  2 15  3
    15  2 15  2
      11          -379.516482714989877              0.2254815215D-01
   current occupation vector 
    15  2 15  3
    15  2 15  2
      12          -379.521100368554642              0.8874916763D-02
   current occupation vector 
    15  2 15  3
    15  2 15  2
      13          -379.521357206372670              0.1889970788D-03
   current occupation vector 
    15  2 15  3
    15  2 15  2
      14          -379.563586665411378              0.6477059581D-01
   current occupation vector 
    15  2 15  3
    15  2 15  2
      15          -379.566508283354608              0.2795830653D-01
   current occupation vector 
    15  2 15  3
    15  2 15  2
      16          -379.567048506236404              0.7010104642D-02
   current occupation vector 
    15  2 15  3
    15  2 15  2
      17          -379.567422362885793              0.1075681382D-01
   current occupation vector 
    15  2 15  3
    15  2 15  2
      18          -379.567435627921270              0.1568763202D-02
   current occupation vector 
    15  2 15  3
    15  2 15  2
      19          -379.567436285745600              0.3790397022D-03
   current occupation vector 
    15  2 15  3
    15  2 15  2
      20          -379.567436319451815              0.6450568259D-04
   current occupation vector 
    15  2 15  3
    15  2 15  2
      21          -379.567436325489609              0.2230556670D-04
   current occupation vector 
    15  2 15  3
    15  2 15  2
      22          -379.567436327780740              0.2291684075D-04
   current occupation vector 
    15  2 15  3
    15  2 15  2
      23          -379.567436328119982              0.6494903848D-05
   current occupation vector 
    15  2 15  3
    15  2 15  2
      24          -379.567436328296651              0.6079372290D-05
   current occupation vector 
    15  2 15  3
    15  2 15  2
      25          -379.567436328390784              0.6581947954D-05
   current occupation vector 
    15  2 15  3
    15  2 15  2
      26          -379.567436328399310              0.2524464905D-05
   current occupation vector 
    15  2 15  3
    15  2 15  2
      27          -379.567436328400674              0.2978420706D-06
   current occupation vector 
    15  2 15  3
    15  2 15  2

  SCF has converged.

 Density matrix saved to file den.dat
 total alpha spin electron number:   35.000000000000050     
 total  beta spin electron number:   34.000000000000050     
     E(ROHF)=      -379.567436328402607              0.9085531234D-07


  Final occupancies:

     Alpha population by irrep:  15    2   15    3
      Beta population by irrep:  15    2   15    2


  Eigenvector printing suppressed.


       The average multiplicity is    2.0000000
  The expectation value of S**2 is    0.7500000

 @PUTMOS-I, Writing converged MOs to NEWMOS. 
 @PUTMOS-I, Symmetry   1 Full Blocks  6 Partial Blocksize   1
 @PUTMOS-I, Symmetry   2 Full Blocks  1 Partial Blocksize   1
 @PUTMOS-I, Symmetry   3 Full Blocks  6 Partial Blocksize   1
 @PUTMOS-I, Symmetry   4 Full Blocks  1 Partial Blocksize   1
 @PUTFOCK-I, Writing converged Fock matrix to NEWFOCK. 
 @PUTFOCK-I, Symmetry   1 Full Blocks  6 Partial Blocksize   1
 @PUTFOCK-I, Symmetry   2 Full Blocks  1 Partial Blocksize   1
 @PUTFOCK-I, Symmetry   3 Full Blocks  6 Partial Blocksize   1
 @PUTFOCK-I, Symmetry   4 Full Blocks  1 Partial Blocksize   1



  ORBITAL EIGENVALUES (ALPHA)  (1H = 27.2113834 eV)

       MO #        E(hartree)               E(eV)           FULLSYM    COMPSYM
       ----   --------------------   --------------------   -------   ---------
    1    31         -11.3000380956        -307.4896690539      Bu        Bu (3)
    2     1         -11.2999723992        -307.4878813631      Ag        Ag (1)
    3    32         -11.2496343929        -306.1181145750      Bu        Bu (3)
    4     2         -11.2495263574        -306.1151747810      Ag        Ag (1)
    5    33         -11.2490750290        -306.1028935091      Bu        Bu (3)
    6     3         -11.2490289150        -306.1016386849      Ag        Ag (1)
    7    34         -11.2382320294        -305.8078404911     E          Bu (3)
    8     4         -11.2382317992        -305.8078342252     E          Ag (1)
    9    35         -11.2191510819        -305.2886215135     E          Bu (3)
   10     5         -11.2191505403        -305.2886067739     E          Ag (1)
   11     6          -1.3162739598         -35.8176353799      Ag        Ag (1)
   12    36          -1.2330996225         -33.5543465972      Bu        Bu (3)
   13     7          -1.1718616336         -31.8879762028      Ag        Ag (1)
   14    37          -1.1602785429         -31.5727842812      Bu        Bu (3)
   15    38          -1.1210312616         -30.5048114619      Bu        Bu (3)
   16     8          -1.0029440970         -27.2914963532      Ag        Ag (1)
   17     9          -0.9737954871         -26.4983223533      Ag        Ag (1)
   18    39          -0.9167123075         -24.9450100679      Bu        Bu (3)
   19    10          -0.8955087994         -24.3680332794      Ag        Ag (1)
   20    11          -0.8213667028         -22.3505242629      Ag        Ag (1)
   21    40          -0.8031679800         -21.8553118394      Bu        Bu (3)
   22    41          -0.7705381872         -20.9674100362      Bu        Bu (3)
   23    42          -0.7581301340         -20.6297697442      Bu        Bu (3)
   24    12          -0.7405710999         -20.1519641349      Ag        Ag (1)
   25    43          -0.7275203387         -19.7968348684      Bu        Bu (3)
   26    44          -0.6982234351         -18.9996255925      Bu        Bu (3)
   27    26          -0.6866221603         -18.6839388555      Au        Au (2)
   28    13          -0.6808923256         -18.5280221266      Ag        Ag (1)
   29    45          -0.6347702173         -17.2729757546      Bu        Bu (3)
   30    14          -0.6298691501         -17.1396109352      Ag        Ag (1)
   31    15          -0.6142054986         -16.7133813099      Ag        Ag (1)
   32    56          -0.5811584841         -15.8141263274      Bg        Bg (4)
   33    27          -0.5093177755         -13.8592412603      Au        Au (2)
   34    57          -0.4926574130         -13.4058897502      Bg        Bg (4)
   35    58          -0.4464071441         -12.1473559506      Bg        Bg (4)
  +++++++++++++++++++++++++++++++++++++++++++++++++++++++++++++++++++++++++++++
   36    28          -0.0270387939          -0.7357629870      Au        Au (2)
   37    29           0.0553930651           1.5073219328      Au        Au (2)
   38    59           0.1108697884           3.0169203197      Bg        Bg (4)
   39    30           0.1835808342           4.9954884643      Au        Au (2)
   40    60           0.2945561296           8.0152797760      Bg        Bg (4)
   41    16           0.3708773252          10.0920850892      Ag        Ag (1)
   42    46           0.3838159810          10.4441638151      Bu        Bu (3)
   43    47           0.4203095922          11.4372054613      Bu        Bu (3)
   44    17           0.4376009654          11.9077276458      Ag        Ag (1)
   45    18           0.4590077740          12.4902365225      Ag        Ag (1)
   46    48           0.4616242618          12.5614347738      Bu        Bu (3)
   47    19           0.4873536070          13.2615658513      Ag        Ag (1)
   48    49           0.4912969743          13.3688703298      Bu        Bu (3)
   49    50           0.5167135126          14.0604895002      Bu        Bu (3)
   50    20           0.5431430350          14.7796733657      Ag        Ag (1)
   51    21           0.5868682146          15.9694959915      Ag        Ag (1)
   52    51           0.6145070741          16.7215875946      Bu        Bu (3)
   53    22           0.6565656240          17.8660589223      Ag        Ag (1)
   54    52           0.6808650001          18.5272785601      Bu        Bu (3)
   55    53           0.7216883038          19.6381371299      Bu        Bu (3)
   56    23           0.7376468962          20.0723925062      Ag        Ag (1)
   57    24           0.7878786189          21.4392671705      Ag        Ag (1)
   58    54           0.8199245568          22.3112814743      Bu        Bu (3)
   59    25           0.8899224274          24.2160203679      Ag        Ag (1)
   60    55           0.8998806698          24.4869979201      Bu        Bu (3)



  ORBITAL EIGENVALUES ( BETA)  (1H = 27.2113834 eV)

       MO #        E(hartree)               E(eV)           FULLSYM    COMPSYM
       ----   --------------------   --------------------   -------   ---------
    1    31         -11.2951242421        -307.3559563028      Bu        Bu (3)
    2     1         -11.2950865201        -307.3549298346      Ag        Ag (1)
    3    32         -11.2484139195        -306.0849038042      Bu        Bu (3)
    4     2         -11.2483038398        -306.0819083844      Ag        Ag (1)
    5    33         -11.2478120632        -306.0685264622      Bu        Bu (3)
    6     3         -11.2477831230        -306.0677389605      Ag        Ag (1)
    7     4         -11.2360467676        -305.7483764937     E          Ag (1)
    8    34         -11.2360464212        -305.7483670664     E          Bu (3)
    9    35         -11.2183424537        -305.2666176192     E          Bu (3)
   10     5         -11.2183423590        -305.2666150445     E          Ag (1)
   11     6          -1.2978604896         -35.3165793818      Ag        Ag (1)
   12    36          -1.2141737350         -33.0393470169      Bu        Bu (3)
   13     7          -1.1615509973         -31.6074095251      Ag        Ag (1)
   14    37          -1.1530210156         -31.3752969233      Bu        Bu (3)
   15    38          -1.1001259270         -29.9359483887      Bu        Bu (3)
   16     8          -0.9935963785         -27.0371319997      Ag        Ag (1)
   17     9          -0.9635387575         -26.2192225524      Ag        Ag (1)
   18    39          -0.9108517221         -24.7855354310      Bu        Bu (3)
   19    10          -0.8899355550         -24.2163775886      Ag        Ag (1)
   20    11          -0.8174882596         -22.2449864565      Ag        Ag (1)
   21    40          -0.7989857767         -21.7415083020      Bu        Bu (3)
   22    41          -0.7651922799         -20.8219405025      Bu        Bu (3)
   23    42          -0.7529274173         -20.4881966235      Bu        Bu (3)
   24    12          -0.7374245453         -20.0663420309      Ag        Ag (1)
   25    43          -0.7252888477         -19.7361129101      Bu        Bu (3)
   26    44          -0.6936049335         -18.8739497732      Bu        Bu (3)
   27    13          -0.6780044933         -18.4494402152      Ag        Ag (1)
   28    45          -0.6319862997         -17.1972215045      Bu        Bu (3)
   29    14          -0.6253139081         -17.0156564978      Ag        Ag (1)
   30    26          -0.6244732366         -16.9927806635      Au        Au (2)
   31    15          -0.6108871432         -16.6230842665      Ag        Ag (1)
   32    56          -0.5239376147         -14.2570673110      Bg        Bg (4)
   33    57          -0.4714010738         -12.8274753552      Bg        Bg (4)
   34    27          -0.4523223747         -12.3083175595      Au        Au (2)
  +++++++++++++++++++++++++++++++++++++++++++++++++++++++++++++++++++++++++++++
   35    58          -0.1772779478          -4.8239782062      Bg        Bg (4)
   36    28           0.0374728283           1.0196874989      Au        Au (2)
   37    29           0.0968230402           2.6346888681      Au        Au (2)
   38    59           0.1430874325           3.8936069852      Bg        Bg (4)
   39    30           0.2309758555           6.2851725597      Au        Au (2)
   40    60           0.3373410233           9.1795159227      Bg        Bg (4)
   41    16           0.3765127955          10.2454340326      Ag        Ag (1)
   42    46           0.3868296349          10.5261695068      Bu        Bu (3)
   43    47           0.4260623411          11.5937457151      Bu        Bu (3)
   44    17           0.4411242570          12.0036012840      Ag        Ag (1)
   45    18           0.4674666307          12.7204137140      Ag        Ag (1)
   46    48           0.4698813415          12.7861213356      Bu        Bu (3)
   47    49           0.4941657598          13.4469339523      Bu        Bu (3)
   48    19           0.4983164760          13.5598806843      Ag        Ag (1)
   49    50           0.5231587107          14.2358722564      Bu        Bu (3)
   50    20           0.5490026000          14.9391202365      Ag        Ag (1)
   51    21           0.5923388068          16.1183583740      Ag        Ag (1)
   52    51           0.6193171649          16.8524768210      Bu        Bu (3)
   53    22           0.6590436570          17.9334896288      Ag        Ag (1)
   54    52           0.6869755750          18.6935557572      Bu        Bu (3)
   55    53           0.7272863050          19.7904664866      Bu        Bu (3)
   56    23           0.7407019984          20.1555260641      Ag        Ag (1)
   57    24           0.7916488702          21.5418609263      Ag        Ag (1)
   58    54           0.8247549337          22.4427227108      Bu        Bu (3)
   59    25           0.8945147923          24.3409849702      Ag        Ag (1)
   60    55           0.9048769470          24.6229535342      Bu        Bu (3)


  VSCF finished.

 @CHECKOUT-I, Total execution time (CPU/WALL):        0.34/       0.34 seconds.
--executable xvscf finished with status     0 in        0.35 seconds (walltime).
  The final electronic energy is      -379.567436328402607 a.u. 
  This computation required                            3.35 seconds (walltime).
