
 *********************************** NBO 7.0 ***********************************
             N A T U R A L   A T O M I C   O R B I T A L   A N D
          N A T U R A L   B O N D   O R B I T A L   A N A L Y S I S
 *************************** Eric Berquist (I102531) ***************************
  (c) Copyright 1996-2021 Board of Regents of the University of Wisconsin System
      on behalf of the Theoretical Chemistry Institute.  All rights reserved.

          Cite this program [NBO 7.0.10 (8-Feb-2021)] as:

          NBO 7.0.  E. D. Glendening, J. K. Badenhoop, A. E. Reed,
          J. E. Carpenter, J. A. Bohmann, C. M. Morales, P. Karafiloglou,
          C. R. Landis, and F. Weinhold, Theoretical Chemistry Institute,
          University of Wisconsin, Madison, WI (2018)

       /NPA    / : Natural Population Analysis
       /NBO    / : Natural Bond Orbital Analysis
       /AONBO  / : Checkpoint the AO to NBO transformation
       /ARCHIVE/ : Write the archive file to lfn47

 Job title: ORCA Job: ./dvb_sp_un


 NATURAL POPULATIONS:  Natural atomic orbital occupancies

  NAO Atom No lang   Type(AO)    Occupancy     Spin
 -----------------------------------------------------
   1    C  1  s      Cor( 1s)     2.00000     0.00000
   2    C  1  s      Val( 2s)     1.11723     0.00884
   3    C  1  px     Val( 2p)     0.95656     0.00537
   4    C  1  py     Val( 2p)     0.96504     0.00313
   5    C  1  pz     Val( 2p)     0.87119     0.18627

   6    C  2  s      Cor( 1s)     2.00000     0.00000
   7    C  2  s      Val( 2s)     1.11723     0.00884
   8    C  2  px     Val( 2p)     0.95656     0.00537
   9    C  2  py     Val( 2p)     0.96504     0.00313
  10    C  2  pz     Val( 2p)     0.87119     0.18627

  11    C  3  s      Cor( 1s)     2.00000     0.00000
  12    C  3  s      Val( 2s)     1.11835    -0.00057
  13    C  3  px     Val( 2p)     0.96369    -0.00179
  14    C  3  py     Val( 2p)     1.00022    -0.00193
  15    C  3  pz     Val( 2p)     0.93547     0.02517

  16    C  4  s      Cor( 1s)     2.00000     0.00000
  17    C  4  s      Val( 2s)     1.11835    -0.00057
  18    C  4  px     Val( 2p)     0.96369    -0.00179
  19    C  4  py     Val( 2p)     1.00022    -0.00193
  20    C  4  pz     Val( 2p)     0.93547     0.02517

  21    C  5  s      Cor( 1s)     2.00000     0.00000
  22    C  5  s      Val( 2s)     1.11557    -0.00012
  23    C  5  px     Val( 2p)     0.98366    -0.00030
  24    C  5  py     Val( 2p)     0.98241    -0.00288
  25    C  5  pz     Val( 2p)     0.93654     0.03311

  26    C  6  s      Cor( 1s)     2.00000     0.00000
  27    C  6  s      Val( 2s)     1.11557    -0.00012
  28    C  6  px     Val( 2p)     0.98366    -0.00030
  29    C  6  py     Val( 2p)     0.98241    -0.00288
  30    C  6  pz     Val( 2p)     0.93654     0.03311

  31    H  7  s      Val( 1s)     0.90623    -0.00092

  32    H  8  s      Val( 1s)     0.90623    -0.00092

  33    H  9  s      Val( 1s)     0.91027    -0.00120

  34    H 10  s      Val( 1s)     0.91027    -0.00120

  35    C 11  s      Cor( 1s)     2.00000     0.00000
  36    C 11  s      Val( 2s)     1.12067    -0.00530
  37    C 11  px     Val( 2p)     0.94051    -0.00757
  38    C 11  py     Val( 2p)     1.02151    -0.00429
  39    C 11  pz     Val( 2p)     0.94131    -0.02833

  40    C 12  s      Cor( 1s)     2.00000     0.00000
  41    C 12  s      Val( 2s)     1.12067    -0.00530
  42    C 12  px     Val( 2p)     0.94051    -0.00757
  43    C 12  py     Val( 2p)     1.02151    -0.00429
  44    C 12  pz     Val( 2p)     0.94131    -0.02833

  45    H 13  s      Val( 1s)     0.90959     0.00156

  46    H 14  s      Val( 1s)     0.90959     0.00156

  47    C 15  s      Cor( 1s)     2.00000     0.00000
  48    C 15  s      Val( 2s)     1.14310     0.01386
  49    C 15  px     Val( 2p)     1.01850     0.00770
  50    C 15  py     Val( 2p)     1.01359     0.00786
  51    C 15  pz     Val( 2p)     0.81549     0.28378

  52    C 16  s      Cor( 1s)     2.00000     0.00000
  53    C 16  s      Val( 2s)     1.14310     0.01386
  54    C 16  px     Val( 2p)     1.01850     0.00770
  55    C 16  py     Val( 2p)     1.01359     0.00786
  56    C 16  pz     Val( 2p)     0.81549     0.28378

  57    H 17  s      Val( 1s)     0.91540    -0.01056

  58    H 18  s      Val( 1s)     0.91540    -0.01056

  59    H 19  s      Val( 1s)     0.89792    -0.01092

  60    H 20  s      Val( 1s)     0.89792    -0.01092


 Summary of Natural Population Analysis:

                                     Natural Population                 Natural
             Natural    ---------------------------------------------    Spin
  Atom No    Charge        Core      Valence    Rydberg      Total      Density
 -------------------------------------------------------------------------------
    C  1    0.08999      2.00000     3.91001    0.00000     5.91001     0.20361
    C  2    0.08999      2.00000     3.91001    0.00000     5.91001     0.20361
    C  3   -0.01772      2.00000     4.01772    0.00000     6.01772     0.02089
    C  4   -0.01772      2.00000     4.01772    0.00000     6.01772     0.02089
    C  5   -0.01818      2.00000     4.01818    0.00000     6.01818     0.02982
    C  6   -0.01818      2.00000     4.01818    0.00000     6.01818     0.02982
    H  7    0.09377      0.00000     0.90623    0.00000     0.90623    -0.00092
    H  8    0.09377      0.00000     0.90623    0.00000     0.90623    -0.00092
    H  9    0.08973      0.00000     0.91027    0.00000     0.91027    -0.00120
    H 10    0.08973      0.00000     0.91027    0.00000     0.91027    -0.00120
    C 11   -0.02399      2.00000     4.02399    0.00000     6.02399    -0.04549
    C 12   -0.02399      2.00000     4.02399    0.00000     6.02399    -0.04549
    H 13    0.09041      0.00000     0.90959    0.00000     0.90959     0.00156
    H 14    0.09041      0.00000     0.90959    0.00000     0.90959     0.00156
    C 15    0.00932      2.00000     3.99068    0.00000     5.99068     0.31319
    C 16    0.00932      2.00000     3.99068    0.00000     5.99068     0.31319
    H 17    0.08460      0.00000     0.91540    0.00000     0.91540    -0.01056
    H 18    0.08460      0.00000     0.91540    0.00000     0.91540    -0.01056
    H 19    0.10208      0.00000     0.89792    0.00000     0.89792    -0.01092
    H 20    0.10208      0.00000     0.89792    0.00000     0.89792    -0.01092
 ===============================================================================
 * Total *  1.00000     19.99997    49.00003    0.00000    69.00000     1.00000

                                 Natural Population
 ---------------------------------------------------------
   Core                      19.99997 ( 99.9999% of   20)
   Valence                   49.00003 (100.0001% of   49)
   Natural Minimal Basis     69.00000 (100.0000% of   69)
   Natural Rydberg Basis      0.00000 (  0.0000% of   69)
 ---------------------------------------------------------

    Atom No         Natural Electron Configuration
 ----------------------------------------------------------------------------
      C  1      [core]2s( 1.12)2p( 2.79)
      C  2      [core]2s( 1.12)2p( 2.79)
      C  3      [core]2s( 1.12)2p( 2.90)
      C  4      [core]2s( 1.12)2p( 2.90)
      C  5      [core]2s( 1.12)2p( 2.90)
      C  6      [core]2s( 1.12)2p( 2.90)
      H  7            1s( 0.91)
      H  8            1s( 0.91)
      H  9            1s( 0.91)
      H 10            1s( 0.91)
      C 11      [core]2s( 1.12)2p( 2.90)
      C 12      [core]2s( 1.12)2p( 2.90)
      H 13            1s( 0.91)
      H 14            1s( 0.91)
      C 15      [core]2s( 1.14)2p( 2.85)
      C 16      [core]2s( 1.14)2p( 2.85)
      H 17            1s( 0.92)
      H 18            1s( 0.92)
      H 19            1s( 0.90)
      H 20            1s( 0.90)


 ***************************************************
 *******         Alpha spin orbitals         *******
 ***************************************************


 NATURAL POPULATIONS:  Natural atomic orbital occupancies

  NAO Atom No lang   Type(AO)    Occupancy      Energy
 -------------------------------------------------------
   1    C  1  s      Cor( 1s)     1.00000     -10.23547
   2    C  1  s      Val( 2s)     0.56304      -0.39323
   3    C  1  px     Val( 2p)     0.48097      -0.12427
   4    C  1  py     Val( 2p)     0.48409      -0.11319
   5    C  1  pz     Val( 2p)     0.52873      -0.26700

   6    C  2  s      Cor( 1s)     1.00000     -10.23547
   7    C  2  s      Val( 2s)     0.56304      -0.39323
   8    C  2  px     Val( 2p)     0.48097      -0.12427
   9    C  2  py     Val( 2p)     0.48409      -0.11319
  10    C  2  pz     Val( 2p)     0.52873      -0.26700

  11    C  3  s      Cor( 1s)     1.00000     -10.19889
  12    C  3  s      Val( 2s)     0.55889      -0.36487
  13    C  3  px     Val( 2p)     0.48095      -0.09992
  14    C  3  py     Val( 2p)     0.49915      -0.11902
  15    C  3  pz     Val( 2p)     0.48032      -0.24135

  16    C  4  s      Cor( 1s)     1.00000     -10.19889
  17    C  4  s      Val( 2s)     0.55889      -0.36487
  18    C  4  px     Val( 2p)     0.48095      -0.09992
  19    C  4  py     Val( 2p)     0.49915      -0.11902
  20    C  4  pz     Val( 2p)     0.48032      -0.24135

  21    C  5  s      Cor( 1s)     1.00000     -10.20026
  22    C  5  s      Val( 2s)     0.55773      -0.36542
  23    C  5  px     Val( 2p)     0.49168      -0.10809
  24    C  5  py     Val( 2p)     0.48977      -0.11317
  25    C  5  pz     Val( 2p)     0.48483      -0.24360

  26    C  6  s      Cor( 1s)     1.00000     -10.20026
  27    C  6  s      Val( 2s)     0.55773      -0.36542
  28    C  6  px     Val( 2p)     0.49168      -0.10809
  29    C  6  py     Val( 2p)     0.48977      -0.11317
  30    C  6  pz     Val( 2p)     0.48483      -0.24360

  31    H  7  s      Val( 1s)     0.45266      -0.13527

  32    H  8  s      Val( 1s)     0.45266      -0.13527

  33    H  9  s      Val( 1s)     0.45454      -0.13783

  34    H 10  s      Val( 1s)     0.45454      -0.13783

  35    C 11  s      Cor( 1s)     1.00000     -10.19886
  36    C 11  s      Val( 2s)     0.55768      -0.36071
  37    C 11  px     Val( 2p)     0.46647      -0.09665
  38    C 11  py     Val( 2p)     0.50861      -0.11659
  39    C 11  pz     Val( 2p)     0.45649      -0.23268

  40    C 12  s      Cor( 1s)     1.00000     -10.19886
  41    C 12  s      Val( 2s)     0.55768      -0.36071
  42    C 12  px     Val( 2p)     0.46647      -0.09665
  43    C 12  py     Val( 2p)     0.50861      -0.11659
  44    C 12  pz     Val( 2p)     0.45649      -0.23268

  45    H 13  s      Val( 1s)     0.45558      -0.13316

  46    H 14  s      Val( 1s)     0.45558      -0.13316

  47    C 15  s      Cor( 1s)     1.00000     -10.19452
  48    C 15  s      Val( 2s)     0.57848      -0.37704
  49    C 15  px     Val( 2p)     0.51310      -0.11891
  50    C 15  py     Val( 2p)     0.51073      -0.11648
  51    C 15  pz     Val( 2p)     0.54963      -0.26861

  52    C 16  s      Cor( 1s)     1.00000     -10.19452
  53    C 16  s      Val( 2s)     0.57848      -0.37704
  54    C 16  px     Val( 2p)     0.51310      -0.11891
  55    C 16  py     Val( 2p)     0.51073      -0.11648
  56    C 16  pz     Val( 2p)     0.54963      -0.26861

  57    H 17  s      Val( 1s)     0.45242      -0.13479

  58    H 18  s      Val( 1s)     0.45242      -0.13479

  59    H 19  s      Val( 1s)     0.44350      -0.12465

  60    H 20  s      Val( 1s)     0.44350      -0.12465


 Summary of Natural Population Analysis:

                                     Natural Population
             Natural    ---------------------------------------------
  Atom No    Charge        Core      Valence    Rydberg      Total
 --------------------------------------------------------------------
    C  1   -0.05681      1.00000     2.05681    0.00000     3.05681
    C  2   -0.05681      1.00000     2.05681    0.00000     3.05681
    C  3   -0.01931      1.00000     2.01931    0.00000     3.01931
    C  4   -0.01931      1.00000     2.01931    0.00000     3.01931
    C  5   -0.02400      1.00000     2.02400    0.00000     3.02400
    C  6   -0.02400      1.00000     2.02400    0.00000     3.02400
    H  7    0.04734      0.00000     0.45266    0.00000     0.45266
    H  8    0.04734      0.00000     0.45266    0.00000     0.45266
    H  9    0.04546      0.00000     0.45454    0.00000     0.45454
    H 10    0.04546      0.00000     0.45454    0.00000     0.45454
    C 11    0.01075      1.00000     1.98925    0.00000     2.98925
    C 12    0.01075      1.00000     1.98925    0.00000     2.98925
    H 13    0.04442      0.00000     0.45558    0.00000     0.45558
    H 14    0.04442      0.00000     0.45558    0.00000     0.45558
    C 15   -0.15194      1.00000     2.15194    0.00000     3.15194
    C 16   -0.15194      1.00000     2.15194    0.00000     3.15194
    H 17    0.04758      0.00000     0.45242    0.00000     0.45242
    H 18    0.04758      0.00000     0.45242    0.00000     0.45242
    H 19    0.05650      0.00000     0.44350    0.00000     0.44350
    H 20    0.05650      0.00000     0.44350    0.00000     0.44350
 ====================================================================
 * Total *  0.00000      9.99999    25.00001    0.00000    35.00000

                                 Natural Population
 ---------------------------------------------------------
   Core                       9.99999 ( 99.9999% of   10)
   Valence                   25.00001 (100.0001% of   25)
   Natural Minimal Basis     35.00000 (100.0000% of   35)
   Natural Rydberg Basis      0.00000 (  0.0000% of   35)
 ---------------------------------------------------------

    Atom No         Natural Electron Configuration
 ----------------------------------------------------------------------------
      C  1      [core]2s( 0.56)2p( 1.49)
      C  2      [core]2s( 0.56)2p( 1.49)
      C  3      [core]2s( 0.56)2p( 1.46)
      C  4      [core]2s( 0.56)2p( 1.46)
      C  5      [core]2s( 0.56)2p( 1.47)
      C  6      [core]2s( 0.56)2p( 1.47)
      H  7            1s( 0.45)
      H  8            1s( 0.45)
      H  9            1s( 0.45)
      H 10            1s( 0.45)
      C 11      [core]2s( 0.56)2p( 1.43)
      C 12      [core]2s( 0.56)2p( 1.43)
      H 13            1s( 0.46)
      H 14            1s( 0.46)
      C 15      [core]2s( 0.58)2p( 1.57)
      C 16      [core]2s( 0.58)2p( 1.57)
      H 17            1s( 0.45)
      H 18            1s( 0.45)
      H 19            1s( 0.44)
      H 20            1s( 0.44)


 NATURAL BOND ORBITAL ANALYSIS, alpha spin orbitals:

                            Occupancies       Lewis Structure    Low   High
         Max    Occ     -------------------  -----------------   occ   occ
  Cycle  Ctr   Thresh    Lewis   non-Lewis     CR  BD  nC  LP    (L)   (NL)
 ============================================================================
    1     2     0.95    33.34333   1.65667     10  22   0   3     3      3
    2     2     0.82    33.97985   1.02015     10  24   0   1     1      3
    3     2     0.81    34.26277   0.73723     10  25   0   0     0      3
 ----------------------------------------------------------------------------

 Structure accepted: No low occupancy Lewis orbitals

 -------------------------------------------------------
   Core                      9.99999 (100.000% of  10)
   Valence Lewis            24.26279 ( 97.051% of  25)
  ==================      =============================
   Total Lewis              34.26277 ( 97.894% of  35)
  -----------------------------------------------------
   Valence non-Lewis         0.73723 (  2.106% of  35)
   Rydberg non-Lewis         0.00000 (  0.000% of  35)
  ==================      =============================
   Total non-Lewis           0.73723 (  2.106% of  35)
 -------------------------------------------------------


     (Occupancy)   Bond orbital / Coefficients / Hybrids
 ------------------ Lewis ------------------------------------------------------
   1. (1.00000) CR ( 1) C  1            s(100.00%)
                                         1.0000  0.0000  0.0000  0.0000  0.0000
   2. (1.00000) CR ( 1) C  2            s(100.00%)
                                         1.0000  0.0000  0.0000  0.0000  0.0000
   3. (1.00000) CR ( 1) C  3            s(100.00%)
                                         1.0000  0.0000  0.0000  0.0000  0.0000
   4. (1.00000) CR ( 1) C  4            s(100.00%)
                                         1.0000  0.0000  0.0000  0.0000  0.0000
   5. (1.00000) CR ( 1) C  5            s(100.00%)
                                         1.0000  0.0000  0.0000  0.0000  0.0000
   6. (1.00000) CR ( 1) C  6            s(100.00%)
                                         1.0000  0.0000  0.0000  0.0000  0.0000
   7. (1.00000) CR ( 1) C 11            s(100.00%)
                                         1.0000  0.0000  0.0000  0.0000  0.0000
   8. (1.00000) CR ( 1) C 12            s(100.00%)
                                         1.0000  0.0000  0.0000  0.0000  0.0000
   9. (1.00000) CR ( 1) C 15            s(100.00%)
                                         1.0000  0.0000  0.0000  0.0000  0.0000
  10. (1.00000) CR ( 1) C 16            s(100.00%)
                                         1.0000  0.0000  0.0000  0.0000  0.0000
  11. (0.99112) BD ( 1) C  1- C  3
               ( 50.68%)   0.7119* C  1 s( 33.51%)p 1.98( 66.49%)
                                         0.0000  0.5788  0.5168  0.6307  0.0000
               ( 49.32%)   0.7023* C  3 s( 33.10%)p 2.02( 66.90%)
                                         0.0000  0.5753 -0.5292 -0.6236  0.0000
  12. (0.81697) BD ( 2) C  1- C  3
               ( 53.87%)   0.7340* C  1 s(  0.00%)p 1.00(100.00%)
                                         0.0000  0.0000  0.0000  0.0000  1.0000
               ( 46.13%)   0.6792* C  3 s(  0.00%)p 1.00(100.00%)
                                         0.0000  0.0000  0.0000  0.0000  1.0000
  13. (0.99138) BD ( 1) C  1- C  6
               ( 50.71%)   0.7121* C  1 s( 34.00%)p 1.94( 66.00%)
                                         0.0000  0.5831  0.2784 -0.7632  0.0000
               ( 49.29%)   0.7021* C  6 s( 32.98%)p 2.03( 67.02%)
                                         0.0000  0.5743 -0.3071  0.7588  0.0000
  14. (0.98922) BD ( 1) C  1- C 12
               ( 51.20%)   0.7155* C  1 s( 32.49%)p 2.08( 67.51%)
                                         0.0000  0.5700 -0.8096  0.1402  0.0000
               ( 48.80%)   0.6986* C 12 s( 31.37%)p 2.19( 68.63%)
                                         0.0000  0.5601  0.8038 -0.2007  0.0000
  15. (0.99112) BD ( 1) C  2- C  4
               ( 50.68%)   0.7119* C  2 s( 33.51%)p 1.98( 66.49%)
                                         0.0000  0.5788 -0.5168 -0.6307  0.0000
               ( 49.32%)   0.7023* C  4 s( 33.10%)p 2.02( 66.90%)
                                         0.0000  0.5753  0.5292  0.6236  0.0000
  16. (0.99138) BD ( 1) C  2- C  5
               ( 50.71%)   0.7121* C  2 s( 34.00%)p 1.94( 66.00%)
                                         0.0000  0.5831 -0.2784  0.7632  0.0000
               ( 49.29%)   0.7021* C  5 s( 32.98%)p 2.03( 67.02%)
                                         0.0000  0.5743  0.3071 -0.7588  0.0000
  17. (0.81971) BD ( 2) C  2- C  5
               ( 53.51%)   0.7315* C  2 s(  0.00%)p 1.00(100.00%)
                                         0.0000  0.0000  0.0000  0.0000  1.0000
               ( 46.49%)   0.6819* C  5 s(  0.00%)p 1.00(100.00%)
                                         0.0000  0.0000  0.0000  0.0000  1.0000
  18. (0.98922) BD ( 1) C  2- C 11
               ( 51.20%)   0.7155* C  2 s( 32.49%)p 2.08( 67.51%)
                                         0.0000  0.5700  0.8096 -0.1402  0.0000
               ( 48.80%)   0.6986* C 11 s( 31.37%)p 2.19( 68.63%)
                                         0.0000  0.5601 -0.8038  0.2007  0.0000
  19. (0.99307) BD ( 1) C  3- C  5
               ( 49.91%)   0.7064* C  3 s( 34.45%)p 1.90( 65.55%)
                                         0.0000  0.5870  0.7981 -0.1358  0.0000
               ( 50.09%)   0.7078* C  5 s( 34.64%)p 1.89( 65.36%)
                                         0.0000  0.5885 -0.7992  0.1219  0.0000
  20. (0.99256) BD ( 1) C  3- H  7
               ( 54.75%)   0.7399* C  3 s( 32.45%)p 2.08( 67.55%)
                                         0.0000  0.5696 -0.2879  0.7698  0.0000
               ( 45.25%)   0.6727* H  7 s(100.00%)
                                         1.0000
  21. (0.99307) BD ( 1) C  4- C  6
               ( 49.91%)   0.7064* C  4 s( 34.45%)p 1.90( 65.55%)
                                         0.0000  0.5870 -0.7981  0.1358  0.0000
               ( 50.09%)   0.7078* C  6 s( 34.64%)p 1.89( 65.36%)
                                         0.0000  0.5885  0.7992 -0.1219  0.0000
  22. (0.82504) BD ( 2) C  4- C  6
               ( 49.67%)   0.7048* C  4 s(  0.00%)p 1.00(100.00%)
                                         0.0000  0.0000  0.0000  0.0000  1.0000
               ( 50.33%)   0.7094* C  6 s(  0.00%)p 1.00(100.00%)
                                         0.0000  0.0000  0.0000  0.0000  1.0000
  23. (0.99256) BD ( 1) C  4- H  8
               ( 54.75%)   0.7399* C  4 s( 32.45%)p 2.08( 67.55%)
                                         0.0000  0.5696  0.2879 -0.7698  0.0000
               ( 45.25%)   0.6727* H  8 s(100.00%)
                                         1.0000
  24. (0.99210) BD ( 1) C  5- H  9
               ( 54.57%)   0.7387* C  5 s( 32.38%)p 2.09( 67.62%)
                                         0.0000  0.5690  0.5166  0.6398  0.0000
               ( 45.43%)   0.6740* H  9 s(100.00%)
                                         1.0000
  25. (0.99210) BD ( 1) C  6- H 10
               ( 54.57%)   0.7387* C  6 s( 32.38%)p 2.09( 67.62%)
                                         0.0000  0.5690 -0.5166 -0.6398  0.0000
               ( 45.43%)   0.6740* H 10 s(100.00%)
                                         1.0000
  26. (0.99184) BD ( 1) C 11- H 13
               ( 54.46%)   0.7379* C 11 s( 31.38%)p 2.19( 68.62%)
                                         0.0000  0.5601  0.1890 -0.8066  0.0000
               ( 45.54%)   0.6749* H 13 s(100.00%)
                                         1.0000
  27. (0.99681) BD ( 1) C 11- C 15
               ( 49.92%)   0.7066* C 11 s( 37.25%)p 1.68( 62.75%)
                                         0.0000  0.6104  0.5641  0.5561  0.0000
               ( 50.08%)   0.7076* C 15 s( 36.25%)p 1.76( 63.75%)
                                         0.0000  0.6021 -0.5998 -0.5270  0.0000
  28. (0.97516) BD ( 2) C 11- C 15
               ( 45.07%)   0.6713* C 11 s(  0.00%)p 1.00(100.00%)
                                         0.0000  0.0000  0.0000  0.0000  1.0000
               ( 54.93%)   0.7412* C 15 s(  0.00%)p 1.00(100.00%)
                                         0.0000  0.0000  0.0000  0.0000  1.0000
  29. (0.99184) BD ( 1) C 12- H 14
               ( 54.46%)   0.7379* C 12 s( 31.38%)p 2.19( 68.62%)
                                         0.0000  0.5601 -0.1890  0.8066  0.0000
               ( 45.54%)   0.6749* H 14 s(100.00%)
                                         1.0000
  30. (0.99681) BD ( 1) C 12- C 16
               ( 49.92%)   0.7066* C 12 s( 37.25%)p 1.68( 62.75%)
                                         0.0000  0.6104 -0.5641 -0.5561  0.0000
               ( 50.08%)   0.7076* C 16 s( 36.25%)p 1.76( 63.75%)
                                         0.0000  0.6021  0.5998  0.5270  0.0000
  31. (0.97516) BD ( 2) C 12- C 16
               ( 45.07%)   0.6713* C 12 s(  0.00%)p 1.00(100.00%)
                                         0.0000  0.0000  0.0000  0.0000  1.0000
               ( 54.93%)   0.7412* C 16 s(  0.00%)p 1.00(100.00%)
                                         0.0000  0.0000  0.0000  0.0000  1.0000
  32. (0.99370) BD ( 1) C 15- H 17
               ( 54.80%)   0.7403* C 15 s( 31.51%)p 2.17( 68.49%)
                                         0.0000  0.5613 -0.1513  0.8136  0.0000
               ( 45.20%)   0.6723* H 17 s(100.00%)
                                         1.0000
  33. (0.99356) BD ( 1) C 15- H 19
               ( 55.59%)   0.7456* C 15 s( 32.24%)p 2.10( 67.76%)
                                         0.0000  0.5678  0.7857 -0.2456  0.0000
               ( 44.41%)   0.6664* H 19 s(100.00%)
                                         1.0000
  34. (0.99370) BD ( 1) C 16- H 18
               ( 54.80%)   0.7403* C 16 s( 31.51%)p 2.17( 68.49%)
                                         0.0000  0.5613  0.1513 -0.8136  0.0000
               ( 45.20%)   0.6723* H 18 s(100.00%)
                                         1.0000
  35. (0.99356) BD ( 1) C 16- H 20
               ( 55.59%)   0.7456* C 16 s( 32.24%)p 2.10( 67.76%)
                                         0.0000  0.5678 -0.7857  0.2456  0.0000
               ( 44.41%)   0.6664* H 20 s(100.00%)
                                         1.0000
 ---------------- non-Lewis ----------------------------------------------------
  36. (0.00950) BD*( 1) C  1- C  3
               ( 49.32%)   0.7023* C  1 s( 33.51%)p 1.98( 66.49%)
                                         0.0000 -0.5788 -0.5168 -0.6307  0.0000
               ( 50.68%)  -0.7119* C  3 s( 33.10%)p 2.02( 66.90%)
                                         0.0000 -0.5753  0.5292  0.6236  0.0000
  37. (0.19208) BD*( 2) C  1- C  3
               ( 46.13%)   0.6792* C  1 s(  0.00%)p 1.00(100.00%)
                                         0.0000  0.0000  0.0000  0.0000 -1.0000
               ( 53.87%)  -0.7340* C  3 s(  0.00%)p 1.00(100.00%)
                                         0.0000  0.0000  0.0000  0.0000 -1.0000
  38. (0.01004) BD*( 1) C  1- C  6
               ( 49.29%)   0.7021* C  1 s( 34.00%)p 1.94( 66.00%)
                                         0.0000  0.5831  0.2784 -0.7632  0.0000
               ( 50.71%)  -0.7121* C  6 s( 32.98%)p 2.03( 67.02%)
                                         0.0000  0.5743 -0.3071  0.7588  0.0000
  39. (0.01431) BD*( 1) C  1- C 12
               ( 48.80%)   0.6986* C  1 s( 32.49%)p 2.08( 67.51%)
                                         0.0000 -0.5700  0.8096 -0.1402  0.0000
               ( 51.20%)  -0.7155* C 12 s( 31.37%)p 2.19( 68.63%)
                                         0.0000 -0.5601 -0.8038  0.2007  0.0000
  40. (0.00950) BD*( 1) C  2- C  4
               ( 49.32%)   0.7023* C  2 s( 33.51%)p 1.98( 66.49%)
                                         0.0000 -0.5788  0.5168  0.6307  0.0000
               ( 50.68%)  -0.7119* C  4 s( 33.10%)p 2.02( 66.90%)
                                         0.0000 -0.5753 -0.5292 -0.6236  0.0000
  41. (0.01004) BD*( 1) C  2- C  5
               ( 49.29%)   0.7021* C  2 s( 34.00%)p 1.94( 66.00%)
                                         0.0000  0.5831 -0.2784  0.7632  0.0000
               ( 50.71%)  -0.7121* C  5 s( 32.98%)p 2.03( 67.02%)
                                         0.0000  0.5743  0.3071 -0.7588  0.0000
  42. (0.19384) BD*( 2) C  2- C  5
               ( 46.49%)   0.6819* C  2 s(  0.00%)p 1.00(100.00%)
                                         0.0000  0.0000  0.0000  0.0000 -1.0000
               ( 53.51%)  -0.7315* C  5 s(  0.00%)p 1.00(100.00%)
                                         0.0000  0.0000  0.0000  0.0000 -1.0000
  43. (0.01431) BD*( 1) C  2- C 11
               ( 48.80%)   0.6986* C  2 s( 32.49%)p 2.08( 67.51%)
                                         0.0000 -0.5700 -0.8096  0.1402  0.0000
               ( 51.20%)  -0.7155* C 11 s( 31.37%)p 2.19( 68.63%)
                                         0.0000 -0.5601  0.8038 -0.2007  0.0000
  44. (0.00664) BD*( 1) C  3- C  5
               ( 50.09%)   0.7078* C  3 s( 34.45%)p 1.90( 65.55%)
                                         0.0000 -0.5870 -0.7981  0.1358  0.0000
               ( 49.91%)  -0.7064* C  5 s( 34.64%)p 1.89( 65.36%)
                                         0.0000 -0.5885  0.7992 -0.1219  0.0000
  45. (0.00648) BD*( 1) C  3- H  7
               ( 45.25%)   0.6727* C  3 s( 32.45%)p 2.08( 67.55%)
                                         0.0000 -0.5696  0.2879 -0.7698  0.0000
               ( 54.75%)  -0.7399* H  7 s(100.00%)
                                        -1.0000
  46. (0.00664) BD*( 1) C  4- C  6
               ( 50.09%)   0.7078* C  4 s( 34.45%)p 1.90( 65.55%)
                                         0.0000 -0.5870  0.7981 -0.1358  0.0000
               ( 49.91%)  -0.7064* C  6 s( 34.64%)p 1.89( 65.36%)
                                         0.0000 -0.5885 -0.7992  0.1219  0.0000
  47. (0.14011) BD*( 2) C  4- C  6
               ( 50.33%)   0.7094* C  4 s(  0.00%)p 1.00(100.00%)
                                         0.0000  0.0000  0.0000  0.0000  1.0000
               ( 49.67%)  -0.7048* C  6 s(  0.00%)p 1.00(100.00%)
                                         0.0000  0.0000  0.0000  0.0000  1.0000
  48. (0.00648) BD*( 1) C  4- H  8
               ( 45.25%)   0.6727* C  4 s( 32.45%)p 2.08( 67.55%)
                                         0.0000 -0.5696 -0.2879  0.7698  0.0000
               ( 54.75%)  -0.7399* H  8 s(100.00%)
                                        -1.0000
  49. (0.00708) BD*( 1) C  5- H  9
               ( 45.43%)   0.6740* C  5 s( 32.38%)p 2.09( 67.62%)
                                         0.0000 -0.5690 -0.5166 -0.6398  0.0000
               ( 54.57%)  -0.7387* H  9 s(100.00%)
                                        -1.0000
  50. (0.00708) BD*( 1) C  6- H 10
               ( 45.43%)   0.6740* C  6 s( 32.38%)p 2.09( 67.62%)
                                         0.0000 -0.5690  0.5166  0.6398  0.0000
               ( 54.57%)  -0.7387* H 10 s(100.00%)
                                        -1.0000
  51. (0.00707) BD*( 1) C 11- H 13
               ( 45.54%)   0.6749* C 11 s( 31.38%)p 2.19( 68.62%)
                                         0.0000 -0.5601 -0.1890  0.8066  0.0000
               ( 54.46%)  -0.7379* H 13 s(100.00%)
                                        -1.0000
  52. (0.00339) BD*( 1) C 11- C 15
               ( 50.08%)   0.7076* C 11 s( 37.25%)p 1.68( 62.75%)
                                         0.0000  0.6104  0.5641  0.5561  0.0000
               ( 49.92%)  -0.7066* C 15 s( 36.25%)p 1.76( 63.75%)
                                         0.0000  0.6021 -0.5998 -0.5270  0.0000
  53. (0.03096) BD*( 2) C 11- C 15
               ( 54.93%)   0.7412* C 11 s(  0.00%)p 1.00(100.00%)
                                         0.0000  0.0000  0.0000  0.0000  1.0000
               ( 45.07%)  -0.6713* C 15 s(  0.00%)p 1.00(100.00%)
                                         0.0000  0.0000  0.0000  0.0000  1.0000
  54. (0.00707) BD*( 1) C 12- H 14
               ( 45.54%)   0.6749* C 12 s( 31.38%)p 2.19( 68.62%)
                                         0.0000 -0.5601  0.1890 -0.8066  0.0000
               ( 54.46%)  -0.7379* H 14 s(100.00%)
                                        -1.0000
  55. (0.00339) BD*( 1) C 12- C 16
               ( 50.08%)   0.7076* C 12 s( 37.25%)p 1.68( 62.75%)
                                         0.0000  0.6104 -0.5641 -0.5561  0.0000
               ( 49.92%)  -0.7066* C 16 s( 36.25%)p 1.76( 63.75%)
                                         0.0000  0.6021  0.5998  0.5270  0.0000
  56. (0.03096) BD*( 2) C 12- C 16
               ( 54.93%)   0.7412* C 12 s(  0.00%)p 1.00(100.00%)
                                         0.0000  0.0000  0.0000  0.0000  1.0000
               ( 45.07%)  -0.6713* C 16 s(  0.00%)p 1.00(100.00%)
                                         0.0000  0.0000  0.0000  0.0000  1.0000
  57. (0.00596) BD*( 1) C 15- H 17
               ( 45.20%)   0.6723* C 15 s( 31.51%)p 2.17( 68.49%)
                                         0.0000 -0.5613  0.1513 -0.8136  0.0000
               ( 54.80%)  -0.7403* H 17 s(100.00%)
                                        -1.0000
  58. (0.00414) BD*( 1) C 15- H 19
               ( 44.41%)   0.6664* C 15 s( 32.24%)p 2.10( 67.76%)
                                         0.0000 -0.5678 -0.7857  0.2456  0.0000
               ( 55.59%)  -0.7456* H 19 s(100.00%)
                                        -1.0000
  59. (0.00596) BD*( 1) C 16- H 18
               ( 45.20%)   0.6723* C 16 s( 31.51%)p 2.17( 68.49%)
                                         0.0000 -0.5613 -0.1513  0.8136  0.0000
               ( 54.80%)  -0.7403* H 18 s(100.00%)
                                        -1.0000
  60. (0.00414) BD*( 1) C 16- H 20
               ( 44.41%)   0.6664* C 16 s( 32.24%)p 2.10( 67.76%)
                                         0.0000 -0.5678  0.7857 -0.2456  0.0000
               ( 55.59%)  -0.7456* H 20 s(100.00%)
                                        -1.0000


 NHO DIRECTIONALITY AND BOND BENDING (deviation from line of nuclear centers at
                                      the position of maximum hybrid amplitude)

         [Thresholds for printing:  angular deviation  >  1.0 degree]
                                    p- or d-character  > 25.0%
                                    orbital occupancy  >  0.10e

                        Line of Centers        Hybrid 1             Hybrid 2
                        ---------------  -------------------  ------------------
           NBO            Theta   Phi    Theta   Phi    Dev   Theta   Phi    Dev
 ===============================================================================
  12. BD ( 2) C  1- C  3   90.0   49.7   180.0    0.0  90.0     0.1  115.5  90.1
  13. BD ( 1) C  1- C  6   90.0  291.7    90.0  290.6   1.1     --     --    --
  14. BD ( 1) C  1- C 12   90.0  168.8    90.0  170.0   1.2    90.0  345.9   2.9
  16. BD ( 1) C  2- C  5   90.0  111.7    90.0  110.6   1.1     --     --    --
  17. BD ( 2) C  2- C  5   90.0  111.7   180.0    0.0  90.0   179.9   46.2  90.1
  18. BD ( 1) C  2- C 11   90.0  348.8    90.0  350.0   1.2    90.0  165.9   2.9
  19. BD ( 1) C  3- C  5   90.0  350.8    90.0  349.8   1.0    90.0  171.9   1.1
  21. BD ( 1) C  4- C  6   90.0  170.8    90.0  169.8   1.0    90.0  351.9   1.1
  22. BD ( 2) C  4- C  6   90.0  170.8     0.1  295.5  90.1   179.9  226.2  90.1
  27. BD ( 1) C 11- C 15   90.0   42.2    90.0   44.5   2.3     --     --    --
  28. BD ( 2) C 11- C 15   90.0   42.2     0.1  249.5  90.1     0.2   42.3  90.2
  30. BD ( 1) C 12- C 16   90.0  222.2    90.0  224.5   2.3     --     --    --
  31. BD ( 2) C 12- C 16   90.0  222.2     0.1   69.5  90.1     0.2  222.3  90.2
  32. BD ( 1) C 15- H 17   90.0   99.7    90.0  100.9   1.2     --     --    --
  33. BD ( 1) C 15- H 19   90.0  343.5    90.0  342.1   1.5     --     --    --
  34. BD ( 1) C 16- H 18   90.0  279.7    90.0  280.9   1.2     --     --    --
  35. BD ( 1) C 16- H 20   90.0  163.5    90.0  162.1   1.5     --     --    --


 SECOND ORDER PERTURBATION THEORY ANALYSIS OF FOCK MATRIX IN NBO BASIS

     Threshold for printing:   0.25 kcal/mol
                                                          E(2) E(NL)-E(L) F(L,NL)
      Donor (L) NBO              Acceptor (NL) NBO      kcal/mol   a.u.    a.u.
 ===============================================================================

 within unit  1
   11. BD ( 1) C  1- C  3      38. BD*( 1) C  1- C  6      0.39    1.10   0.026
   11. BD ( 1) C  1- C  3      39. BD*( 1) C  1- C 12      0.49    1.01   0.028
   11. BD ( 1) C  1- C  3      41. BD*( 1) C  2- C  5      0.48    1.10   0.029
   11. BD ( 1) C  1- C  3      44. BD*( 1) C  3- C  5      0.33    1.13   0.024
   11. BD ( 1) C  1- C  3      45. BD*( 1) C  3- H  7      0.45    1.03   0.027
   11. BD ( 1) C  1- C  3      46. BD*( 1) C  4- C  6      0.48    1.13   0.029
   11. BD ( 1) C  1- C  3      49. BD*( 1) C  5- H  9      0.82    1.03   0.037
   11. BD ( 1) C  1- C  3      50. BD*( 1) C  6- H 10      0.90    1.03   0.038
   11. BD ( 1) C  1- C  3      54. BD*( 1) C 12- H 14      0.28    1.03   0.021
   11. BD ( 1) C  1- C  3      55. BD*( 1) C 12- C 16      0.65    1.20   0.035
   12. BD ( 2) C  1- C  3      42. BD*( 2) C  2- C  5     11.19    0.27   0.070
   12. BD ( 2) C  1- C  3      47. BD*( 2) C  4- C  6     10.95    0.29   0.071
   12. BD ( 2) C  1- C  3      56. BD*( 2) C 12- C 16      8.41    0.30   0.064
   13. BD ( 1) C  1- C  6      36. BD*( 1) C  1- C  3      0.39    1.10   0.026
   13. BD ( 1) C  1- C  6      39. BD*( 1) C  1- C 12      0.62    1.02   0.032
   13. BD ( 1) C  1- C  6      40. BD*( 1) C  2- C  4      0.48    1.10   0.029
   13. BD ( 1) C  1- C  6      44. BD*( 1) C  3- C  5      0.47    1.13   0.029
   13. BD ( 1) C  1- C  6      45. BD*( 1) C  3- H  7      0.87    1.03   0.038
   13. BD ( 1) C  1- C  6      46. BD*( 1) C  4- C  6      0.34    1.13   0.025
   13. BD ( 1) C  1- C  6      48. BD*( 1) C  4- H  8      0.81    1.03   0.036
   13. BD ( 1) C  1- C  6      50. BD*( 1) C  6- H 10      0.44    1.03   0.027
   13. BD ( 1) C  1- C  6      54. BD*( 1) C 12- H 14      0.54    1.03   0.030
   13. BD ( 1) C  1- C  6      55. BD*( 1) C 12- C 16      0.29    1.20   0.023
   14. BD ( 1) C  1- C 12      36. BD*( 1) C  1- C  3      0.52    1.06   0.030
   14. BD ( 1) C  1- C 12      38. BD*( 1) C  1- C  6      0.61    1.05   0.032
   14. BD ( 1) C  1- C 12      44. BD*( 1) C  3- C  5      0.88    1.09   0.039
   14. BD ( 1) C  1- C 12      45. BD*( 1) C  3- H  7      0.41    0.99   0.025
   14. BD ( 1) C  1- C 12      46. BD*( 1) C  4- C  6      0.84    1.09   0.038
   14. BD ( 1) C  1- C 12      50. BD*( 1) C  6- H 10      0.39    0.99   0.025
   14. BD ( 1) C  1- C 12      54. BD*( 1) C 12- H 14      0.60    0.99   0.031
   14. BD ( 1) C  1- C 12      55. BD*( 1) C 12- C 16      0.39    1.16   0.027
   14. BD ( 1) C  1- C 12      59. BD*( 1) C 16- H 18      0.50    0.99   0.028
   14. BD ( 1) C  1- C 12      60. BD*( 1) C 16- H 20      0.99    0.99   0.040
   15. BD ( 1) C  2- C  4      38. BD*( 1) C  1- C  6      0.48    1.10   0.029
   15. BD ( 1) C  2- C  4      41. BD*( 1) C  2- C  5      0.39    1.10   0.026
   15. BD ( 1) C  2- C  4      43. BD*( 1) C  2- C 11      0.49    1.01   0.028
   15. BD ( 1) C  2- C  4      44. BD*( 1) C  3- C  5      0.48    1.13   0.029
   15. BD ( 1) C  2- C  4      46. BD*( 1) C  4- C  6      0.33    1.13   0.024
   15. BD ( 1) C  2- C  4      48. BD*( 1) C  4- H  8      0.45    1.03   0.027
   15. BD ( 1) C  2- C  4      49. BD*( 1) C  5- H  9      0.90    1.03   0.038
   15. BD ( 1) C  2- C  4      50. BD*( 1) C  6- H 10      0.82    1.03   0.037
   15. BD ( 1) C  2- C  4      51. BD*( 1) C 11- H 13      0.28    1.03   0.021
   15. BD ( 1) C  2- C  4      52. BD*( 1) C 11- C 15      0.65    1.20   0.035
   16. BD ( 1) C  2- C  5      36. BD*( 1) C  1- C  3      0.48    1.10   0.029
   16. BD ( 1) C  2- C  5      40. BD*( 1) C  2- C  4      0.39    1.10   0.026
   16. BD ( 1) C  2- C  5      43. BD*( 1) C  2- C 11      0.62    1.02   0.032
   16. BD ( 1) C  2- C  5      44. BD*( 1) C  3- C  5      0.34    1.13   0.025
   16. BD ( 1) C  2- C  5      45. BD*( 1) C  3- H  7      0.81    1.03   0.036
   16. BD ( 1) C  2- C  5      46. BD*( 1) C  4- C  6      0.47    1.13   0.029
   16. BD ( 1) C  2- C  5      48. BD*( 1) C  4- H  8      0.87    1.03   0.038
   16. BD ( 1) C  2- C  5      49. BD*( 1) C  5- H  9      0.44    1.03   0.027
   16. BD ( 1) C  2- C  5      51. BD*( 1) C 11- H 13      0.54    1.03   0.030
   16. BD ( 1) C  2- C  5      52. BD*( 1) C 11- C 15      0.29    1.20   0.023
   17. BD ( 2) C  2- C  5      37. BD*( 2) C  1- C  3     11.27    0.28   0.070
   17. BD ( 2) C  2- C  5      47. BD*( 2) C  4- C  6     10.94    0.29   0.071
   17. BD ( 2) C  2- C  5      53. BD*( 2) C 11- C 15      7.62    0.31   0.061
   18. BD ( 1) C  2- C 11      40. BD*( 1) C  2- C  4      0.52    1.06   0.030
   18. BD ( 1) C  2- C 11      41. BD*( 1) C  2- C  5      0.61    1.05   0.032
   18. BD ( 1) C  2- C 11      44. BD*( 1) C  3- C  5      0.84    1.09   0.038
   18. BD ( 1) C  2- C 11      46. BD*( 1) C  4- C  6      0.88    1.09   0.039
   18. BD ( 1) C  2- C 11      48. BD*( 1) C  4- H  8      0.41    0.99   0.025
   18. BD ( 1) C  2- C 11      49. BD*( 1) C  5- H  9      0.39    0.99   0.025
   18. BD ( 1) C  2- C 11      51. BD*( 1) C 11- H 13      0.60    0.99   0.031
   18. BD ( 1) C  2- C 11      52. BD*( 1) C 11- C 15      0.39    1.16   0.027
   18. BD ( 1) C  2- C 11      57. BD*( 1) C 15- H 17      0.50    0.99   0.028
   18. BD ( 1) C  2- C 11      58. BD*( 1) C 15- H 19      0.99    0.99   0.040
   19. BD ( 1) C  3- C  5      36. BD*( 1) C  1- C  3      0.31    1.09   0.023
   19. BD ( 1) C  3- C  5      38. BD*( 1) C  1- C  6      0.40    1.09   0.027
   19. BD ( 1) C  3- C  5      39. BD*( 1) C  1- C 12      0.76    1.01   0.035
   19. BD ( 1) C  3- C  5      40. BD*( 1) C  2- C  4      0.42    1.09   0.027
   19. BD ( 1) C  3- C  5      41. BD*( 1) C  2- C  5      0.27    1.09   0.022
   19. BD ( 1) C  3- C  5      43. BD*( 1) C  2- C 11      0.83    1.01   0.037
   19. BD ( 1) C  3- C  5      45. BD*( 1) C  3- H  7      0.33    1.02   0.023
   19. BD ( 1) C  3- C  5      49. BD*( 1) C  5- H  9      0.31    1.02   0.022
   20. BD ( 1) C  3- H  7      36. BD*( 1) C  1- C  3      0.47    0.99   0.027
   20. BD ( 1) C  3- H  7      38. BD*( 1) C  1- C  6      0.94    0.99   0.039
   20. BD ( 1) C  3- H  7      39. BD*( 1) C  1- C 12      0.52    0.91   0.027
   20. BD ( 1) C  3- H  7      41. BD*( 1) C  2- C  5      1.16    0.99   0.043
   20. BD ( 1) C  3- H  7      44. BD*( 1) C  3- C  5      0.32    1.03   0.023
   20. BD ( 1) C  3- H  7      49. BD*( 1) C  5- H  9      0.46    0.93   0.026
   21. BD ( 1) C  4- C  6      36. BD*( 1) C  1- C  3      0.42    1.09   0.027
   21. BD ( 1) C  4- C  6      38. BD*( 1) C  1- C  6      0.27    1.09   0.022
   21. BD ( 1) C  4- C  6      39. BD*( 1) C  1- C 12      0.83    1.01   0.037
   21. BD ( 1) C  4- C  6      40. BD*( 1) C  2- C  4      0.31    1.09   0.023
   21. BD ( 1) C  4- C  6      41. BD*( 1) C  2- C  5      0.40    1.09   0.027
   21. BD ( 1) C  4- C  6      43. BD*( 1) C  2- C 11      0.76    1.01   0.035
   21. BD ( 1) C  4- C  6      48. BD*( 1) C  4- H  8      0.33    1.02   0.023
   21. BD ( 1) C  4- C  6      50. BD*( 1) C  6- H 10      0.31    1.02   0.022
   22. BD ( 2) C  4- C  6      37. BD*( 2) C  1- C  3     10.27    0.27   0.066
   22. BD ( 2) C  4- C  6      42. BD*( 2) C  2- C  5     10.22    0.27   0.066
   23. BD ( 1) C  4- H  8      38. BD*( 1) C  1- C  6      1.16    0.99   0.043
   23. BD ( 1) C  4- H  8      40. BD*( 1) C  2- C  4      0.47    0.99   0.027
   23. BD ( 1) C  4- H  8      41. BD*( 1) C  2- C  5      0.94    0.99   0.039
   23. BD ( 1) C  4- H  8      43. BD*( 1) C  2- C 11      0.52    0.91   0.027
   23. BD ( 1) C  4- H  8      46. BD*( 1) C  4- C  6      0.32    1.03   0.023
   23. BD ( 1) C  4- H  8      50. BD*( 1) C  6- H 10      0.46    0.93   0.026
   24. BD ( 1) C  5- H  9      36. BD*( 1) C  1- C  3      1.15    1.00   0.043
   24. BD ( 1) C  5- H  9      40. BD*( 1) C  2- C  4      0.93    1.00   0.039
   24. BD ( 1) C  5- H  9      41. BD*( 1) C  2- C  5      0.48    1.00   0.028
   24. BD ( 1) C  5- H  9      43. BD*( 1) C  2- C 11      0.56    0.92   0.029
   24. BD ( 1) C  5- H  9      44. BD*( 1) C  3- C  5      0.32    1.03   0.023
   24. BD ( 1) C  5- H  9      45. BD*( 1) C  3- H  7      0.45    0.93   0.026
   24. BD ( 1) C  5- H  9      57. BD*( 1) C 15- H 17      0.26    0.93   0.020
   25. BD ( 1) C  6- H 10      36. BD*( 1) C  1- C  3      0.93    1.00   0.039
   25. BD ( 1) C  6- H 10      38. BD*( 1) C  1- C  6      0.48    1.00   0.028
   25. BD ( 1) C  6- H 10      39. BD*( 1) C  1- C 12      0.56    0.92   0.029
   25. BD ( 1) C  6- H 10      40. BD*( 1) C  2- C  4      1.15    1.00   0.043
   25. BD ( 1) C  6- H 10      46. BD*( 1) C  4- C  6      0.32    1.03   0.023
   25. BD ( 1) C  6- H 10      48. BD*( 1) C  4- H  8      0.45    0.93   0.026
   25. BD ( 1) C  6- H 10      59. BD*( 1) C 16- H 18      0.26    0.93   0.020
   26. BD ( 1) C 11- H 13      40. BD*( 1) C  2- C  4      0.43    0.99   0.026
   26. BD ( 1) C 11- H 13      41. BD*( 1) C  2- C  5      0.88    0.99   0.037
   26. BD ( 1) C 11- H 13      43. BD*( 1) C  2- C 11      0.54    0.90   0.028
   26. BD ( 1) C 11- H 13      57. BD*( 1) C 15- H 17      1.55    0.92   0.048
   26. BD ( 1) C 11- H 13      58. BD*( 1) C 15- H 19      0.66    0.92   0.031
   27. BD ( 1) C 11- C 15      40. BD*( 1) C  2- C  4      0.42    1.13   0.027
   27. BD ( 1) C 11- C 15      43. BD*( 1) C  2- C 11      0.40    1.04   0.026
   27. BD ( 1) C 11- C 15      57. BD*( 1) C 15- H 17      0.32    1.06   0.023
   27. BD ( 1) C 11- C 15      58. BD*( 1) C 15- H 19      0.33    1.06   0.023
   28. BD ( 2) C 11- C 15      42. BD*( 2) C  2- C  5      5.07    0.30   0.049
   29. BD ( 1) C 12- H 14      36. BD*( 1) C  1- C  3      0.43    0.99   0.026
   29. BD ( 1) C 12- H 14      38. BD*( 1) C  1- C  6      0.88    0.99   0.037
   29. BD ( 1) C 12- H 14      39. BD*( 1) C  1- C 12      0.54    0.90   0.028
   29. BD ( 1) C 12- H 14      59. BD*( 1) C 16- H 18      1.55    0.92   0.048
   29. BD ( 1) C 12- H 14      60. BD*( 1) C 16- H 20      0.66    0.92   0.031
   30. BD ( 1) C 12- C 16      36. BD*( 1) C  1- C  3      0.42    1.13   0.027
   30. BD ( 1) C 12- C 16      39. BD*( 1) C  1- C 12      0.40    1.04   0.026
   30. BD ( 1) C 12- C 16      59. BD*( 1) C 16- H 18      0.32    1.06   0.023
   30. BD ( 1) C 12- C 16      60. BD*( 1) C 16- H 20      0.33    1.06   0.023
   31. BD ( 2) C 12- C 16      37. BD*( 2) C  1- C  3      5.17    0.30   0.049
   32. BD ( 1) C 15- H 17      43. BD*( 1) C  2- C 11      0.90    0.91   0.036
   32. BD ( 1) C 15- H 17      49. BD*( 1) C  5- H  9      0.30    0.93   0.021
   32. BD ( 1) C 15- H 17      51. BD*( 1) C 11- H 13      1.35    0.93   0.045
   32. BD ( 1) C 15- H 17      52. BD*( 1) C 11- C 15      0.40    1.10   0.026
   32. BD ( 1) C 15- H 17      58. BD*( 1) C 15- H 19      0.54    0.93   0.028
   33. BD ( 1) C 15- H 19      43. BD*( 1) C  2- C 11      1.74    0.91   0.050
   33. BD ( 1) C 15- H 19      51. BD*( 1) C 11- H 13      0.67    0.93   0.031
   33. BD ( 1) C 15- H 19      57. BD*( 1) C 15- H 17      0.50    0.92   0.027
   34. BD ( 1) C 16- H 18      39. BD*( 1) C  1- C 12      0.90    0.91   0.036
   34. BD ( 1) C 16- H 18      50. BD*( 1) C  6- H 10      0.30    0.93   0.021
   34. BD ( 1) C 16- H 18      54. BD*( 1) C 12- H 14      1.35    0.93   0.045
   34. BD ( 1) C 16- H 18      55. BD*( 1) C 12- C 16      0.40    1.10   0.026
   34. BD ( 1) C 16- H 18      60. BD*( 1) C 16- H 20      0.54    0.93   0.028
   35. BD ( 1) C 16- H 20      39. BD*( 1) C  1- C 12      1.74    0.91   0.050
   35. BD ( 1) C 16- H 20      54. BD*( 1) C 12- H 14      0.67    0.93   0.031
   35. BD ( 1) C 16- H 20      59. BD*( 1) C 16- H 18      0.50    0.92   0.027


 NATURAL BOND ORBITALS (Summary):

                                                     Principal Delocalizations
           NBO                 Occupancy    Energy   (geminal,vicinal,remote)
 ===============================================================================
 Molecular unit  1  (C10H10)
 ------ Lewis --------------------------------------
    1. CR ( 1) C  1             1.00000   -10.23547
    2. CR ( 1) C  2             1.00000   -10.23547
    3. CR ( 1) C  3             1.00000   -10.19889
    4. CR ( 1) C  4             1.00000   -10.19889
    5. CR ( 1) C  5             1.00000   -10.20026
    6. CR ( 1) C  6             1.00000   -10.20026
    7. CR ( 1) C 11             1.00000   -10.19886
    8. CR ( 1) C 12             1.00000   -10.19886
    9. CR ( 1) C 15             1.00000   -10.19452
   10. CR ( 1) C 16             1.00000   -10.19452
   11. BD ( 1) C  1- C  3       0.99112    -0.74351  50(v),49(v),55(v),39(g)
                                                     41(v),46(v),45(g),38(g)
                                                     44(g),54(v)
   12. BD ( 2) C  1- C  3       0.81697    -0.39112  42(v),47(v),56(v)
   13. BD ( 1) C  1- C  6       0.99138    -0.74578  45(v),48(v),39(g),54(v)
                                                     40(v),44(v),50(g),36(g)
                                                     46(g),55(v)
   14. BD ( 1) C  1- C 12       0.98922    -0.70229  60(v),44(v),46(v),38(g)
                                                     54(g),36(g),59(v),45(v)
                                                     55(g),50(v)
   15. BD ( 1) C  2- C  4       0.99112    -0.74351  49(v),50(v),52(v),43(g)
                                                     38(v),44(v),48(g),41(g)
                                                     46(g),51(v)
   16. BD ( 1) C  2- C  5       0.99138    -0.74578  48(v),45(v),43(g),51(v)
                                                     36(v),46(v),49(g),40(g)
                                                     44(g),52(v)
   17. BD ( 2) C  2- C  5       0.81971    -0.39241  37(v),47(v),53(v)
   18. BD ( 1) C  2- C 11       0.98922    -0.70229  58(v),46(v),44(v),41(g)
                                                     51(g),40(g),57(v),48(v)
                                                     52(g),49(v)
   19. BD ( 1) C  3- C  5       0.99307    -0.73845  43(v),39(v),40(v),38(v)
                                                     45(g),49(g),36(g),41(g)
   20. BD ( 1) C  3- H  7       0.99256    -0.64086  41(v),38(v),39(v),36(g)
                                                     49(v),44(g)
   21. BD ( 1) C  4- C  6       0.99307    -0.73845  39(v),43(v),36(v),41(v)
                                                     48(g),50(g),40(g),38(g)
   22. BD ( 2) C  4- C  6       0.82504    -0.38371  37(v),42(v)
   23. BD ( 1) C  4- H  8       0.99256    -0.64086  38(v),41(v),43(v),40(g)
                                                     50(v),46(g)
   24. BD ( 1) C  5- H  9       0.99210    -0.64447  36(v),40(v),43(v),41(g)
                                                     45(v),44(g),57(r)
   25. BD ( 1) C  6- H 10       0.99210    -0.64447  40(v),36(v),39(v),38(g)
                                                     48(v),46(g),59(r)
   26. BD ( 1) C 11- H 13       0.99184    -0.63335  57(v),41(v),58(v),43(g)
                                                     40(v)
   27. BD ( 1) C 11- C 15       0.99681    -0.77316  40(v),43(g),58(g),57(g)
   28. BD ( 2) C 11- C 15       0.97516    -0.41450  42(v)
   29. BD ( 1) C 12- H 14       0.99184    -0.63335  59(v),38(v),60(v),39(g)
                                                     36(v)
   30. BD ( 1) C 12- C 16       0.99681    -0.77316  36(v),39(g),60(g),59(g)
   31. BD ( 2) C 12- C 16       0.97516    -0.41450  37(v)
   32. BD ( 1) C 15- H 17       0.99370    -0.64345  51(v),43(v),58(g),52(g)
                                                     49(r)
   33. BD ( 1) C 15- H 19       0.99356    -0.63773  43(v),51(v),57(g)
   34. BD ( 1) C 16- H 18       0.99370    -0.64345  54(v),39(v),60(g),55(g)
                                                     50(r)
   35. BD ( 1) C 16- H 20       0.99356    -0.63773  39(v),54(v),59(g)
 ------ non-Lewis ----------------------------------
   36. BD*( 1) C  1- C  3       0.00950     0.35347
   37. BD*( 2) C  1- C  3       0.19208    -0.11723
   38. BD*( 1) C  1- C  6       0.01004     0.35222
   39. BD*( 1) C  1- C 12       0.01431     0.27078
   40. BD*( 1) C  2- C  4       0.00950     0.35347
   41. BD*( 1) C  2- C  5       0.01004     0.35222
   42. BD*( 2) C  2- C  5       0.19384    -0.11819
   43. BD*( 1) C  2- C 11       0.01431     0.27078
   44. BD*( 1) C  3- C  5       0.00664     0.38766
   45. BD*( 1) C  3- H  7       0.00648     0.28521
   46. BD*( 1) C  4- C  6       0.00664     0.38766
   47. BD*( 2) C  4- C  6       0.14011    -0.10124
   48. BD*( 1) C  4- H  8       0.00648     0.28521
   49. BD*( 1) C  5- H  9       0.00708     0.28603
   50. BD*( 1) C  6- H 10       0.00708     0.28603
   51. BD*( 1) C 11- H 13       0.00707     0.28748
   52. BD*( 1) C 11- C 15       0.00339     0.45606
   53. BD*( 2) C 11- C 15       0.03096    -0.08678
   54. BD*( 1) C 12- H 14       0.00707     0.28748
   55. BD*( 1) C 12- C 16       0.00339     0.45606
   56. BD*( 2) C 12- C 16       0.03096    -0.08678
   57. BD*( 1) C 15- H 17       0.00596     0.28383
   58. BD*( 1) C 15- H 19       0.00414     0.28702
   59. BD*( 1) C 16- H 18       0.00596     0.28383
   60. BD*( 1) C 16- H 20       0.00414     0.28702
          -------------------------------
                 Total Lewis   34.26277  ( 97.8936%)
           Valence non-Lewis    0.73723  (  2.1064%)
           Rydberg non-Lewis    0.00000  (  0.0000%)
          -------------------------------
               Total unit  1   35.00000  (100.0000%)
              Charge unit  1    0.00000


 ***************************************************
 *******         Beta  spin orbitals         *******
 ***************************************************


 NATURAL POPULATIONS:  Natural atomic orbital occupancies

  NAO Atom No lang   Type(AO)    Occupancy      Energy
 -------------------------------------------------------
   1    C  1  s      Cor( 1s)     1.00000     -10.23231
   2    C  1  s      Val( 2s)     0.55420      -0.37431
   3    C  1  px     Val( 2p)     0.47559      -0.11685
   4    C  1  py     Val( 2p)     0.48095      -0.10568
   5    C  1  pz     Val( 2p)     0.34246      -0.22150

   6    C  2  s      Cor( 1s)     1.00000     -10.23231
   7    C  2  s      Val( 2s)     0.55420      -0.37431
   8    C  2  px     Val( 2p)     0.47559      -0.11685
   9    C  2  py     Val( 2p)     0.48095      -0.10568
  10    C  2  pz     Val( 2p)     0.34246      -0.22150

  11    C  3  s      Cor( 1s)     1.00000     -10.19868
  12    C  3  s      Val( 2s)     0.55946      -0.36301
  13    C  3  px     Val( 2p)     0.48274      -0.09977
  14    C  3  py     Val( 2p)     0.50107      -0.11872
  15    C  3  pz     Val( 2p)     0.45515      -0.23560

  16    C  4  s      Cor( 1s)     1.00000     -10.19868
  17    C  4  s      Val( 2s)     0.55946      -0.36301
  18    C  4  px     Val( 2p)     0.48274      -0.09977
  19    C  4  py     Val( 2p)     0.50107      -0.11872
  20    C  4  pz     Val( 2p)     0.45515      -0.23560

  21    C  5  s      Cor( 1s)     1.00000     -10.19990
  22    C  5  s      Val( 2s)     0.55784      -0.36272
  23    C  5  px     Val( 2p)     0.49198      -0.10747
  24    C  5  py     Val( 2p)     0.49264      -0.11264
  25    C  5  pz     Val( 2p)     0.45172      -0.23592

  26    C  6  s      Cor( 1s)     1.00000     -10.19990
  27    C  6  s      Val( 2s)     0.55784      -0.36272
  28    C  6  px     Val( 2p)     0.49198      -0.10747
  29    C  6  py     Val( 2p)     0.49264      -0.11264
  30    C  6  pz     Val( 2p)     0.45172      -0.23592

  31    H  7  s      Val( 1s)     0.45358      -0.13562

  32    H  8  s      Val( 1s)     0.45358      -0.13562

  33    H  9  s      Val( 1s)     0.45573      -0.13828

  34    H 10  s      Val( 1s)     0.45573      -0.13828

  35    C 11  s      Cor( 1s)     1.00000     -10.19977
  36    C 11  s      Val( 2s)     0.56298      -0.36482
  37    C 11  px     Val( 2p)     0.47404      -0.09976
  38    C 11  py     Val( 2p)     0.51290      -0.11899
  39    C 11  pz     Val( 2p)     0.48482      -0.23977

  40    C 12  s      Cor( 1s)     1.00000     -10.19977
  41    C 12  s      Val( 2s)     0.56298      -0.36482
  42    C 12  px     Val( 2p)     0.47404      -0.09976
  43    C 12  py     Val( 2p)     0.51290      -0.11899
  44    C 12  pz     Val( 2p)     0.48482      -0.23977

  45    H 13  s      Val( 1s)     0.45402      -0.13270

  46    H 14  s      Val( 1s)     0.45402      -0.13270

  47    C 15  s      Cor( 1s)     1.00000     -10.18971
  48    C 15  s      Val( 2s)     0.56462      -0.34866
  49    C 15  px     Val( 2p)     0.50540      -0.10753
  50    C 15  py     Val( 2p)     0.50287      -0.10500
  51    C 15  pz     Val( 2p)     0.26586      -0.20121

  52    C 16  s      Cor( 1s)     1.00000     -10.18971
  53    C 16  s      Val( 2s)     0.56462      -0.34866
  54    C 16  px     Val( 2p)     0.50540      -0.10753
  55    C 16  py     Val( 2p)     0.50287      -0.10500
  56    C 16  pz     Val( 2p)     0.26586      -0.20121

  57    H 17  s      Val( 1s)     0.46298      -0.13839

  58    H 18  s      Val( 1s)     0.46298      -0.13839

  59    H 19  s      Val( 1s)     0.45442      -0.12840

  60    H 20  s      Val( 1s)     0.45442      -0.12840


 Summary of Natural Population Analysis:

                                     Natural Population
             Natural    ---------------------------------------------
  Atom No    Charge        Core      Valence    Rydberg      Total
 --------------------------------------------------------------------
    C  1    0.14680      1.00000     1.85320    0.00000     2.85320
    C  2    0.14680      1.00000     1.85320    0.00000     2.85320
    C  3    0.00159      1.00000     1.99841    0.00000     2.99841
    C  4    0.00159      1.00000     1.99841    0.00000     2.99841
    C  5    0.00582      1.00000     1.99418    0.00000     2.99418
    C  6    0.00582      1.00000     1.99418    0.00000     2.99418
    H  7    0.04642      0.00000     0.45358    0.00000     0.45358
    H  8    0.04642      0.00000     0.45358    0.00000     0.45358
    H  9    0.04427      0.00000     0.45573    0.00000     0.45573
    H 10    0.04427      0.00000     0.45573    0.00000     0.45573
    C 11   -0.03474      1.00000     2.03474    0.00000     3.03474
    C 12   -0.03474      1.00000     2.03474    0.00000     3.03474
    H 13    0.04598      0.00000     0.45402    0.00000     0.45402
    H 14    0.04598      0.00000     0.45402    0.00000     0.45402
    C 15    0.16126      1.00000     1.83875    0.00000     2.83874
    C 16    0.16126      1.00000     1.83875    0.00000     2.83874
    H 17    0.03702      0.00000     0.46298    0.00000     0.46298
    H 18    0.03702      0.00000     0.46298    0.00000     0.46298
    H 19    0.04558      0.00000     0.45442    0.00000     0.45442
    H 20    0.04558      0.00000     0.45442    0.00000     0.45442
 ====================================================================
 * Total *  1.00000      9.99999    24.00001    0.00000    34.00000

                                 Natural Population
 ---------------------------------------------------------
   Core                       9.99999 ( 99.9999% of   10)
   Valence                   24.00001 (100.0001% of   24)
   Natural Minimal Basis     34.00000 (100.0000% of   34)
   Natural Rydberg Basis      0.00000 (  0.0000% of   34)
 ---------------------------------------------------------

    Atom No         Natural Electron Configuration
 ----------------------------------------------------------------------------
      C  1      [core]2s( 0.55)2p( 1.30)
      C  2      [core]2s( 0.55)2p( 1.30)
      C  3      [core]2s( 0.56)2p( 1.44)
      C  4      [core]2s( 0.56)2p( 1.44)
      C  5      [core]2s( 0.56)2p( 1.44)
      C  6      [core]2s( 0.56)2p( 1.44)
      H  7            1s( 0.45)
      H  8            1s( 0.45)
      H  9            1s( 0.46)
      H 10            1s( 0.46)
      C 11      [core]2s( 0.56)2p( 1.47)
      C 12      [core]2s( 0.56)2p( 1.47)
      H 13            1s( 0.45)
      H 14            1s( 0.45)
      C 15      [core]2s( 0.56)2p( 1.27)
      C 16      [core]2s( 0.56)2p( 1.27)
      H 17            1s( 0.46)
      H 18            1s( 0.46)
      H 19            1s( 0.45)
      H 20            1s( 0.45)


 NATURAL BOND ORBITAL ANALYSIS, beta spin orbitals:

                            Occupancies       Lewis Structure    Low   High
         Max    Occ     -------------------  -----------------   occ   occ
  Cycle  Ctr   Thresh    Lewis   non-Lewis     CR  BD  nC  LP    (L)   (NL)
 ============================================================================
    1     2     0.95    31.73365   2.26635     10  20   0   4     4      6
    2     2     0.85    32.54240   1.45760     10  22   0   2     2      4
    3     3     0.85    33.42458   0.57542     10  22   2   0     0      2
 ----------------------------------------------------------------------------

 Structure accepted: No low occupancy Lewis orbitals

 -------------------------------------------------------
   Core                      9.99999 (100.000% of  10)
   Valence Lewis            23.42459 ( 97.602% of  24)
  ==================      =============================
   Total Lewis              33.42458 ( 98.308% of  34)
  -----------------------------------------------------
   Valence non-Lewis         0.57542 (  1.692% of  34)
   Rydberg non-Lewis         0.00000 (  0.000% of  34)
  ==================      =============================
   Total non-Lewis           0.57542 (  1.692% of  34)
 -------------------------------------------------------


     (Occupancy)   Bond orbital / Coefficients / Hybrids
 ------------------ Lewis ------------------------------------------------------
   1. (1.00000) CR ( 1) C  1            s(100.00%)
                                         1.0000  0.0000  0.0000  0.0000  0.0000
   2. (1.00000) CR ( 1) C  2            s(100.00%)
                                         1.0000  0.0000  0.0000  0.0000  0.0000
   3. (1.00000) CR ( 1) C  3            s(100.00%)
                                         1.0000  0.0000  0.0000  0.0000  0.0000
   4. (1.00000) CR ( 1) C  4            s(100.00%)
                                         1.0000  0.0000  0.0000  0.0000  0.0000
   5. (1.00000) CR ( 1) C  5            s(100.00%)
                                         1.0000  0.0000  0.0000  0.0000  0.0000
   6. (1.00000) CR ( 1) C  6            s(100.00%)
                                         1.0000  0.0000  0.0000  0.0000  0.0000
   7. (1.00000) CR ( 1) C 11            s(100.00%)
                                         1.0000  0.0000  0.0000  0.0000  0.0000
   8. (1.00000) CR ( 1) C 12            s(100.00%)
                                         1.0000  0.0000  0.0000  0.0000  0.0000
   9. (1.00000) CR ( 1) C 15            s(100.00%)
                                         1.0000  0.0000  0.0000  0.0000  0.0000
  10. (1.00000) CR ( 1) C 16            s(100.00%)
                                         1.0000  0.0000  0.0000  0.0000  0.0000
  11. (0.99129) BD ( 1) C  1- C  3
               ( 50.17%)   0.7083* C  1 s( 33.50%)p 1.98( 66.50%)
                                         0.0000  0.5788  0.5168  0.6308  0.0000
               ( 49.83%)   0.7059* C  3 s( 33.24%)p 2.01( 66.76%)
                                         0.0000  0.5765 -0.5288 -0.6229  0.0000
  12. (0.99155) BD ( 1) C  1- C  6
               ( 50.24%)   0.7088* C  1 s( 34.03%)p 1.94( 65.97%)
                                         0.0000  0.5834  0.2780 -0.7631  0.0000
               ( 49.76%)   0.7054* C  6 s( 33.13%)p 2.02( 66.87%)
                                         0.0000  0.5756 -0.3070  0.7579  0.0000
  13. (0.98941) BD ( 1) C  1- C 12
               ( 50.42%)   0.7101* C  1 s( 32.47%)p 2.08( 67.53%)
                                         0.0000  0.5698 -0.8097  0.1406  0.0000
               ( 49.58%)   0.7041* C 12 s( 31.44%)p 2.18( 68.56%)
                                         0.0000  0.5607  0.8037 -0.1993  0.0000
  14. (0.99129) BD ( 1) C  2- C  4
               ( 50.17%)   0.7083* C  2 s( 33.50%)p 1.98( 66.50%)
                                         0.0000  0.5788 -0.5168 -0.6308  0.0000
               ( 49.83%)   0.7059* C  4 s( 33.24%)p 2.01( 66.76%)
                                         0.0000  0.5765  0.5288  0.6229  0.0000
  15. (0.99155) BD ( 1) C  2- C  5
               ( 50.24%)   0.7088* C  2 s( 34.03%)p 1.94( 65.97%)
                                         0.0000  0.5834 -0.2780  0.7631  0.0000
               ( 49.76%)   0.7054* C  5 s( 33.13%)p 2.02( 66.87%)
                                         0.0000  0.5756  0.3070 -0.7579  0.0000
  16. (0.98941) BD ( 1) C  2- C 11
               ( 50.42%)   0.7101* C  2 s( 32.47%)p 2.08( 67.53%)
                                         0.0000  0.5698  0.8097 -0.1406  0.0000
               ( 49.58%)   0.7041* C 11 s( 31.44%)p 2.18( 68.56%)
                                         0.0000  0.5607 -0.8037  0.1993  0.0000
  17. (0.99315) BD ( 1) C  3- C  5
               ( 49.93%)   0.7066* C  3 s( 34.42%)p 1.91( 65.58%)
                                         0.0000  0.5867  0.7985 -0.1349  0.0000
               ( 50.07%)   0.7076* C  5 s( 34.60%)p 1.89( 65.40%)
                                         0.0000  0.5882 -0.7993  0.1229  0.0000
  18. (0.85952) BD ( 2) C  3- C  5
               ( 50.21%)   0.7086* C  3 s(  0.00%)p 1.00(100.00%)
                                         0.0000  0.0000  0.0000  0.0000  1.0000
               ( 49.79%)   0.7056* C  5 s(  0.00%)p 1.00(100.00%)
                                         0.0000  0.0000  0.0000  0.0000  1.0000
  19. (0.99263) BD ( 1) C  3- H  7
               ( 54.66%)   0.7393* C  3 s( 32.34%)p 2.09( 67.66%)
                                         0.0000  0.5687 -0.2876  0.7706  0.0000
               ( 45.34%)   0.6733* H  7 s(100.00%)
                                         1.0000
  20. (0.99315) BD ( 1) C  4- C  6
               ( 49.93%)   0.7066* C  4 s( 34.42%)p 1.91( 65.58%)
                                         0.0000  0.5867 -0.7985  0.1349  0.0000
               ( 50.07%)   0.7076* C  6 s( 34.60%)p 1.89( 65.40%)
                                         0.0000  0.5882  0.7993 -0.1229  0.0000
  21. (0.85952) BD ( 2) C  4- C  6
               ( 50.21%)   0.7086* C  4 s(  0.00%)p 1.00(100.00%)
                                         0.0000  0.0000  0.0000  0.0000  1.0000
               ( 49.79%)   0.7056* C  6 s(  0.00%)p 1.00(100.00%)
                                         0.0000  0.0000  0.0000  0.0000  1.0000
  22. (0.99263) BD ( 1) C  4- H  8
               ( 54.66%)   0.7393* C  4 s( 32.34%)p 2.09( 67.66%)
                                         0.0000  0.5687  0.2876 -0.7706  0.0000
               ( 45.34%)   0.6733* H  8 s(100.00%)
                                         1.0000
  23. (0.99219) BD ( 1) C  5- H  9
               ( 54.46%)   0.7380* C  5 s( 32.27%)p 2.10( 67.73%)
                                         0.0000  0.5681  0.5166  0.6406  0.0000
               ( 45.54%)   0.6748* H  9 s(100.00%)
                                         1.0000
  24. (0.99219) BD ( 1) C  6- H 10
               ( 54.46%)   0.7380* C  6 s( 32.27%)p 2.10( 67.73%)
                                         0.0000  0.5681 -0.5166 -0.6406  0.0000
               ( 45.54%)   0.6748* H 10 s(100.00%)
                                         1.0000
  25. (0.99182) BD ( 1) C 11- H 13
               ( 54.61%)   0.7390* C 11 s( 31.18%)p 2.21( 68.82%)
                                         0.0000  0.5584  0.1894 -0.8077  0.0000
               ( 45.39%)   0.6737* H 13 s(100.00%)
                                         1.0000
  26. (0.99696) BD ( 1) C 11- C 15
               ( 50.75%)   0.7124* C 11 s( 37.38%)p 1.68( 62.62%)
                                         0.0000  0.6114  0.5641  0.5550  0.0000
               ( 49.25%)   0.7018* C 15 s( 36.27%)p 1.76( 63.73%)
                                         0.0000  0.6023 -0.5996 -0.5271  0.0000
  27. (0.99182) BD ( 1) C 12- H 14
               ( 54.61%)   0.7390* C 12 s( 31.18%)p 2.21( 68.82%)
                                         0.0000  0.5584 -0.1894  0.8077  0.0000
               ( 45.39%)   0.6737* H 14 s(100.00%)
                                         1.0000
  28. (0.99696) BD ( 1) C 12- C 16
               ( 50.75%)   0.7124* C 12 s( 37.38%)p 1.68( 62.62%)
                                         0.0000  0.6114 -0.5641 -0.5550  0.0000
               ( 49.25%)   0.7018* C 16 s( 36.27%)p 1.76( 63.73%)
                                         0.0000  0.6023  0.5996  0.5271  0.0000
  29. (0.99396) BD ( 1) C 15- H 17
               ( 53.73%)   0.7330* C 15 s( 31.52%)p 2.17( 68.48%)
                                         0.0000  0.5614 -0.1513  0.8136  0.0000
               ( 46.27%)   0.6802* H 17 s(100.00%)
                                         1.0000
  30. (0.99391) BD ( 1) C 15- H 19
               ( 54.50%)   0.7382* C 15 s( 32.21%)p 2.10( 67.79%)
                                         0.0000  0.5675  0.7859 -0.2455  0.0000
               ( 45.50%)   0.6745* H 19 s(100.00%)
                                         1.0000
  31. (0.99396) BD ( 1) C 16- H 18
               ( 53.73%)   0.7330* C 16 s( 31.52%)p 2.17( 68.48%)
                                         0.0000  0.5614  0.1513 -0.8136  0.0000
               ( 46.27%)   0.6802* H 18 s(100.00%)
                                         1.0000
  32. (0.99391) BD ( 1) C 16- H 20
               ( 54.50%)   0.7382* C 16 s( 32.21%)p 2.10( 67.79%)
                                         0.0000  0.5675 -0.7859  0.2455  0.0000
               ( 45.50%)   0.6745* H 20 s(100.00%)
                                         1.0000
  33. (0.92591) 3C ( 1) C  1- C 12- C 16
               ( 23.75%)   0.4873* C  1 s(  0.00%)p 1.00(100.00%)
                                         0.0000  0.0000  0.0000  0.0000  1.0000
               ( 50.95%)   0.7138* C 12 s(  0.00%)p 1.00(100.00%)
                                         0.0000  0.0000  0.0000  0.0000  1.0000
               ( 25.30%)   0.5030* C 16 s(  0.00%)p 1.00(100.00%)
                                         0.0000  0.0000  0.0000  0.0000  1.0000
  34. (0.92591) 3C ( 1) C  2- C 11- C 15
               ( 23.75%)   0.4873* C  2 s(  0.00%)p 1.00(100.00%)
                                         0.0000  0.0000  0.0000  0.0000  1.0000
               ( 50.95%)   0.7138* C 11 s(  0.00%)p 1.00(100.00%)
                                         0.0000  0.0000  0.0000  0.0000  1.0000
               ( 25.30%)   0.5030* C 15 s(  0.00%)p 1.00(100.00%)
                                         0.0000  0.0000  0.0000  0.0000  1.0000
 ---------------- non-Lewis ----------------------------------------------------
  35. (0.00930) BD*( 1) C  1- C  3
               ( 49.83%)   0.7059* C  1 s( 33.50%)p 1.98( 66.50%)
                                         0.0000  0.5788  0.5168  0.6308  0.0000
               ( 50.17%)  -0.7083* C  3 s( 33.24%)p 2.01( 66.76%)
                                         0.0000  0.5765 -0.5288 -0.6229  0.0000
  36. (0.00979) BD*( 1) C  1- C  6
               ( 49.76%)   0.7054* C  1 s( 34.03%)p 1.94( 65.97%)
                                         0.0000  0.5834  0.2780 -0.7631  0.0000
               ( 50.24%)  -0.7088* C  6 s( 33.13%)p 2.02( 66.87%)
                                         0.0000  0.5756 -0.3070  0.7579  0.0000
  37. (0.01394) BD*( 1) C  1- C 12
               ( 49.58%)   0.7041* C  1 s( 32.47%)p 2.08( 67.53%)
                                         0.0000  0.5698 -0.8097  0.1406  0.0000
               ( 50.42%)  -0.7101* C 12 s( 31.44%)p 2.18( 68.56%)
                                         0.0000  0.5607  0.8037 -0.1993  0.0000
  38. (0.00930) BD*( 1) C  2- C  4
               ( 49.83%)   0.7059* C  2 s( 33.50%)p 1.98( 66.50%)
                                         0.0000  0.5788 -0.5168 -0.6308  0.0000
               ( 50.17%)  -0.7083* C  4 s( 33.24%)p 2.01( 66.76%)
                                         0.0000  0.5765  0.5288  0.6229  0.0000
  39. (0.00979) BD*( 1) C  2- C  5
               ( 49.76%)   0.7054* C  2 s( 34.03%)p 1.94( 65.97%)
                                         0.0000  0.5834 -0.2780  0.7631  0.0000
               ( 50.24%)  -0.7088* C  5 s( 33.13%)p 2.02( 66.87%)
                                         0.0000  0.5756  0.3070 -0.7579  0.0000
  40. (0.01394) BD*( 1) C  2- C 11
               ( 49.58%)   0.7041* C  2 s( 32.47%)p 2.08( 67.53%)
                                         0.0000  0.5698  0.8097 -0.1406  0.0000
               ( 50.42%)  -0.7101* C 11 s( 31.44%)p 2.18( 68.56%)
                                         0.0000  0.5607 -0.8037  0.1993  0.0000
  41. (0.00651) BD*( 1) C  3- C  5
               ( 50.07%)   0.7076* C  3 s( 34.42%)p 1.91( 65.58%)
                                         0.0000 -0.5867 -0.7985  0.1349  0.0000
               ( 49.93%)  -0.7066* C  5 s( 34.60%)p 1.89( 65.40%)
                                         0.0000 -0.5882  0.7993 -0.1229  0.0000
  42. (0.04734) BD*( 2) C  3- C  5
               ( 49.79%)   0.7056* C  3 s(  0.00%)p 1.00(100.00%)
                                         0.0000  0.0000  0.0000  0.0000 -1.0000
               ( 50.21%)  -0.7086* C  5 s(  0.00%)p 1.00(100.00%)
                                         0.0000  0.0000  0.0000  0.0000 -1.0000
  43. (0.00648) BD*( 1) C  3- H  7
               ( 45.34%)   0.6733* C  3 s( 32.34%)p 2.09( 67.66%)
                                         0.0000 -0.5687  0.2876 -0.7706  0.0000
               ( 54.66%)  -0.7393* H  7 s(100.00%)
                                        -1.0000
  44. (0.00651) BD*( 1) C  4- C  6
               ( 50.07%)   0.7076* C  4 s( 34.42%)p 1.91( 65.58%)
                                         0.0000 -0.5867  0.7985 -0.1349  0.0000
               ( 49.93%)  -0.7066* C  6 s( 34.60%)p 1.89( 65.40%)
                                         0.0000 -0.5882 -0.7993  0.1229  0.0000
  45. (0.04734) BD*( 2) C  4- C  6
               ( 49.79%)   0.7056* C  4 s(  0.00%)p 1.00(100.00%)
                                         0.0000  0.0000  0.0000  0.0000 -1.0000
               ( 50.21%)  -0.7086* C  6 s(  0.00%)p 1.00(100.00%)
                                         0.0000  0.0000  0.0000  0.0000 -1.0000
  46. (0.00648) BD*( 1) C  4- H  8
               ( 45.34%)   0.6733* C  4 s( 32.34%)p 2.09( 67.66%)
                                         0.0000 -0.5687 -0.2876  0.7706  0.0000
               ( 54.66%)  -0.7393* H  8 s(100.00%)
                                        -1.0000
  47. (0.00711) BD*( 1) C  5- H  9
               ( 45.54%)   0.6748* C  5 s( 32.27%)p 2.10( 67.73%)
                                         0.0000 -0.5681 -0.5166 -0.6406  0.0000
               ( 54.46%)  -0.7380* H  9 s(100.00%)
                                        -1.0000
  48. (0.00711) BD*( 1) C  6- H 10
               ( 45.54%)   0.6748* C  6 s( 32.27%)p 2.10( 67.73%)
                                         0.0000 -0.5681  0.5166  0.6406  0.0000
               ( 54.46%)  -0.7380* H 10 s(100.00%)
                                        -1.0000
  49. (0.00700) BD*( 1) C 11- H 13
               ( 45.39%)   0.6737* C 11 s( 31.18%)p 2.21( 68.82%)
                                         0.0000 -0.5584 -0.1894  0.8077  0.0000
               ( 54.61%)  -0.7390* H 13 s(100.00%)
                                        -1.0000
  50. (0.00316) BD*( 1) C 11- C 15
               ( 49.25%)   0.7018* C 11 s( 37.38%)p 1.68( 62.62%)
                                         0.0000 -0.6114 -0.5641 -0.5550  0.0000
               ( 50.75%)  -0.7124* C 15 s( 36.27%)p 1.76( 63.73%)
                                         0.0000 -0.6023  0.5996  0.5271  0.0000
  51. (0.00700) BD*( 1) C 12- H 14
               ( 45.39%)   0.6737* C 12 s( 31.18%)p 2.21( 68.82%)
                                         0.0000 -0.5584  0.1894 -0.8077  0.0000
               ( 54.61%)  -0.7390* H 14 s(100.00%)
                                        -1.0000
  52. (0.00316) BD*( 1) C 12- C 16
               ( 49.25%)   0.7018* C 12 s( 37.38%)p 1.68( 62.62%)
                                         0.0000 -0.6114  0.5641  0.5550  0.0000
               ( 50.75%)  -0.7124* C 16 s( 36.27%)p 1.76( 63.73%)
                                         0.0000 -0.6023 -0.5996 -0.5271  0.0000
  53. (0.00580) BD*( 1) C 15- H 17
               ( 46.27%)   0.6802* C 15 s( 31.52%)p 2.17( 68.48%)
                                         0.0000 -0.5614  0.1513 -0.8136  0.0000
               ( 53.73%)  -0.7330* H 17 s(100.00%)
                                        -1.0000
  54. (0.00404) BD*( 1) C 15- H 19
               ( 45.50%)   0.6745* C 15 s( 32.21%)p 2.10( 67.79%)
                                         0.0000 -0.5675 -0.7859  0.2455  0.0000
               ( 54.50%)  -0.7382* H 19 s(100.00%)
                                        -1.0000
  55. (0.00580) BD*( 1) C 16- H 18
               ( 46.27%)   0.6802* C 16 s( 31.52%)p 2.17( 68.48%)
                                         0.0000 -0.5614 -0.1513  0.8136  0.0000
               ( 53.73%)  -0.7330* H 18 s(100.00%)
                                        -1.0000
  56. (0.00404) BD*( 1) C 16- H 20
               ( 45.50%)   0.6745* C 16 s( 32.21%)p 2.10( 67.79%)
                                         0.0000 -0.5675  0.7859 -0.2455  0.0000
               ( 54.50%)  -0.7382* H 20 s(100.00%)
                                        -1.0000
  57. (0.16708) 3Cn( 1) C  1- C 12- C 16
               ( 73.37%)   0.8565* C  1 s(  0.00%)p 1.00(100.00%)
                                         0.0000  0.0000  0.0000  0.0000  1.0000
               (  7.77%)   0.2787* C 12 s(  0.00%)p 1.00(100.00%)
                                         0.0000  0.0000  0.0000  0.0000 -1.0000
               ( 18.87%)   0.4344* C 16 s(  0.00%)p 1.00(100.00%)
                                         0.0000  0.0000  0.0000  0.0000 -1.0000
  58. (0.16708) 3Cn( 1) C  2- C 11- C 15
               ( 73.37%)   0.8565* C  2 s(  0.00%)p 1.00(100.00%)
                                         0.0000  0.0000  0.0000  0.0000  1.0000
               (  7.77%)   0.2787* C 11 s(  0.00%)p 1.00(100.00%)
                                         0.0000  0.0000  0.0000  0.0000 -1.0000
               ( 18.87%)   0.4344* C 15 s(  0.00%)p 1.00(100.00%)
                                         0.0000  0.0000  0.0000  0.0000 -1.0000
  59. (0.00015) 3C*( 1) C  1- C 12- C 16
               (  2.89%)   0.1699* C  1 s(  0.00%)p 1.00(100.00%)
                                         0.0000  0.0000  0.0000  0.0000  1.0000
               ( 41.28%)  -0.6425* C 12 s(  0.00%)p 1.00(100.00%)
                                         0.0000  0.0000  0.0000  0.0000  1.0000
               ( 55.83%)   0.7472* C 16 s(  0.00%)p 1.00(100.00%)
                                         0.0000  0.0000  0.0000  0.0000  1.0000
  60. (0.00015) 3C*( 1) C  2- C 11- C 15
               (  2.89%)   0.1699* C  2 s(  0.00%)p 1.00(100.00%)
                                         0.0000  0.0000  0.0000  0.0000  1.0000
               ( 41.28%)  -0.6425* C 11 s(  0.00%)p 1.00(100.00%)
                                         0.0000  0.0000  0.0000  0.0000  1.0000
               ( 55.83%)   0.7472* C 15 s(  0.00%)p 1.00(100.00%)
                                         0.0000  0.0000  0.0000  0.0000  1.0000


 NHO DIRECTIONALITY AND BOND BENDING (deviation from line of nuclear centers at
                                      the position of maximum hybrid amplitude)

         [Thresholds for printing:  angular deviation  >  1.0 degree]
                                    p- or d-character  > 25.0%
                                    orbital occupancy  >  0.10e

                        Line of Centers        Hybrid 1             Hybrid 2
                        ---------------  -------------------  ------------------
           NBO            Theta   Phi    Theta   Phi    Dev   Theta   Phi    Dev
 ===============================================================================
  12. BD ( 1) C  1- C  6   90.0  291.7    90.0  290.6   1.1     --     --    --
  13. BD ( 1) C  1- C 12   90.0  168.8    90.0  169.9   1.1    90.0  346.0   2.8
  15. BD ( 1) C  2- C  5   90.0  111.7    90.0  110.6   1.1     --     --    --
  16. BD ( 1) C  2- C 11   90.0  348.8    90.0  349.9   1.1    90.0  166.0   2.8
  18. BD ( 2) C  3- C  5   90.0  350.8     0.1  115.5  90.1     0.1   46.2  90.1
  21. BD ( 2) C  4- C  6   90.0  170.8   179.9  295.5  90.1   179.9  226.2  90.1
  26. BD ( 1) C 11- C 15   90.0   42.2    90.0   44.5   2.2     --     --    --
  28. BD ( 1) C 12- C 16   90.0  222.2    90.0  224.5   2.2     --     --    --
  29. BD ( 1) C 15- H 17   90.0   99.7    90.0  100.9   1.2     --     --    --
  30. BD ( 1) C 15- H 19   90.0  343.5    90.0  342.1   1.4     --     --    --
  31. BD ( 1) C 16- H 18   90.0  279.7    90.0  280.9   1.2     --     --    --
  32. BD ( 1) C 16- H 20   90.0  163.5    90.0  162.1   1.4     --     --    --


 SECOND ORDER PERTURBATION THEORY ANALYSIS OF FOCK MATRIX IN NBO BASIS

     Threshold for printing:   0.25 kcal/mol
                                                          E(2) E(NL)-E(L) F(L,NL)
      Donor (L) NBO              Acceptor (NL) NBO      kcal/mol   a.u.    a.u.
 ===============================================================================

 within unit  1
   11. BD ( 1) C  1- C  3      36. BD*( 1) C  1- C  6      0.33    1.10   0.024
   11. BD ( 1) C  1- C  3      37. BD*( 1) C  1- C 12      0.44    1.01   0.027
   11. BD ( 1) C  1- C  3      39. BD*( 1) C  2- C  5      0.49    1.10   0.029
   11. BD ( 1) C  1- C  3      41. BD*( 1) C  3- C  5      0.32    1.13   0.024
   11. BD ( 1) C  1- C  3      43. BD*( 1) C  3- H  7      0.43    1.02   0.026
   11. BD ( 1) C  1- C  3      44. BD*( 1) C  4- C  6      0.47    1.13   0.029
   11. BD ( 1) C  1- C  3      47. BD*( 1) C  5- H  9      0.84    1.02   0.037
   11. BD ( 1) C  1- C  3      48. BD*( 1) C  6- H 10      0.90    1.02   0.038
   11. BD ( 1) C  1- C  3      51. BD*( 1) C 12- H 14      0.28    1.02   0.021
   11. BD ( 1) C  1- C  3      52. BD*( 1) C 12- C 16      0.63    1.20   0.035
   12. BD ( 1) C  1- C  6      35. BD*( 1) C  1- C  3      0.34    1.10   0.024
   12. BD ( 1) C  1- C  6      37. BD*( 1) C  1- C 12      0.56    1.01   0.030
   12. BD ( 1) C  1- C  6      38. BD*( 1) C  2- C  4      0.49    1.10   0.029
   12. BD ( 1) C  1- C  6      41. BD*( 1) C  3- C  5      0.46    1.13   0.029
   12. BD ( 1) C  1- C  6      43. BD*( 1) C  3- H  7      0.87    1.02   0.038
   12. BD ( 1) C  1- C  6      44. BD*( 1) C  4- C  6      0.32    1.13   0.024
   12. BD ( 1) C  1- C  6      46. BD*( 1) C  4- H  8      0.83    1.02   0.037
   12. BD ( 1) C  1- C  6      48. BD*( 1) C  6- H 10      0.42    1.03   0.026
   12. BD ( 1) C  1- C  6      51. BD*( 1) C 12- H 14      0.54    1.03   0.030
   12. BD ( 1) C  1- C  6      52. BD*( 1) C 12- C 16      0.28    1.20   0.023
   13. BD ( 1) C  1- C 12      35. BD*( 1) C  1- C  3      0.47    1.06   0.028
   13. BD ( 1) C  1- C 12      36. BD*( 1) C  1- C  6      0.56    1.06   0.031
   13. BD ( 1) C  1- C 12      41. BD*( 1) C  3- C  5      0.87    1.09   0.039
   13. BD ( 1) C  1- C 12      43. BD*( 1) C  3- H  7      0.40    0.99   0.025
   13. BD ( 1) C  1- C 12      44. BD*( 1) C  4- C  6      0.82    1.09   0.038
   13. BD ( 1) C  1- C 12      48. BD*( 1) C  6- H 10      0.38    0.99   0.024
   13. BD ( 1) C  1- C 12      51. BD*( 1) C 12- H 14      0.60    0.99   0.031
   13. BD ( 1) C  1- C 12      52. BD*( 1) C 12- C 16      0.39    1.16   0.027
   13. BD ( 1) C  1- C 12      55. BD*( 1) C 16- H 18      0.53    0.99   0.029
   13. BD ( 1) C  1- C 12      56. BD*( 1) C 16- H 20      1.02    0.99   0.040
   14. BD ( 1) C  2- C  4      36. BD*( 1) C  1- C  6      0.49    1.10   0.029
   14. BD ( 1) C  2- C  4      39. BD*( 1) C  2- C  5      0.33    1.10   0.024
   14. BD ( 1) C  2- C  4      40. BD*( 1) C  2- C 11      0.44    1.01   0.027
   14. BD ( 1) C  2- C  4      41. BD*( 1) C  3- C  5      0.47    1.13   0.029
   14. BD ( 1) C  2- C  4      44. BD*( 1) C  4- C  6      0.32    1.13   0.024
   14. BD ( 1) C  2- C  4      46. BD*( 1) C  4- H  8      0.43    1.02   0.026
   14. BD ( 1) C  2- C  4      47. BD*( 1) C  5- H  9      0.90    1.02   0.038
   14. BD ( 1) C  2- C  4      48. BD*( 1) C  6- H 10      0.84    1.02   0.037
   14. BD ( 1) C  2- C  4      49. BD*( 1) C 11- H 13      0.28    1.02   0.021
   14. BD ( 1) C  2- C  4      50. BD*( 1) C 11- C 15      0.63    1.20   0.035
   15. BD ( 1) C  2- C  5      35. BD*( 1) C  1- C  3      0.49    1.10   0.029
   15. BD ( 1) C  2- C  5      38. BD*( 1) C  2- C  4      0.34    1.10   0.024
   15. BD ( 1) C  2- C  5      40. BD*( 1) C  2- C 11      0.56    1.01   0.030
   15. BD ( 1) C  2- C  5      41. BD*( 1) C  3- C  5      0.32    1.13   0.024
   15. BD ( 1) C  2- C  5      43. BD*( 1) C  3- H  7      0.83    1.02   0.037
   15. BD ( 1) C  2- C  5      44. BD*( 1) C  4- C  6      0.46    1.13   0.029
   15. BD ( 1) C  2- C  5      46. BD*( 1) C  4- H  8      0.87    1.02   0.038
   15. BD ( 1) C  2- C  5      47. BD*( 1) C  5- H  9      0.42    1.03   0.026
   15. BD ( 1) C  2- C  5      49. BD*( 1) C 11- H 13      0.54    1.03   0.030
   15. BD ( 1) C  2- C  5      50. BD*( 1) C 11- C 15      0.28    1.20   0.023
   16. BD ( 1) C  2- C 11      38. BD*( 1) C  2- C  4      0.47    1.06   0.028
   16. BD ( 1) C  2- C 11      39. BD*( 1) C  2- C  5      0.56    1.06   0.031
   16. BD ( 1) C  2- C 11      41. BD*( 1) C  3- C  5      0.82    1.09   0.038
   16. BD ( 1) C  2- C 11      44. BD*( 1) C  4- C  6      0.87    1.09   0.039
   16. BD ( 1) C  2- C 11      46. BD*( 1) C  4- H  8      0.40    0.99   0.025
   16. BD ( 1) C  2- C 11      47. BD*( 1) C  5- H  9      0.38    0.99   0.024
   16. BD ( 1) C  2- C 11      49. BD*( 1) C 11- H 13      0.60    0.99   0.031
   16. BD ( 1) C  2- C 11      50. BD*( 1) C 11- C 15      0.39    1.16   0.027
   16. BD ( 1) C  2- C 11      53. BD*( 1) C 15- H 17      0.53    0.99   0.029
   16. BD ( 1) C  2- C 11      54. BD*( 1) C 15- H 19      1.02    0.99   0.040
   17. BD ( 1) C  3- C  5      35. BD*( 1) C  1- C  3      0.30    1.10   0.023
   17. BD ( 1) C  3- C  5      36. BD*( 1) C  1- C  6      0.41    1.10   0.027
   17. BD ( 1) C  3- C  5      37. BD*( 1) C  1- C 12      0.76    1.01   0.035
   17. BD ( 1) C  3- C  5      38. BD*( 1) C  2- C  4      0.42    1.10   0.027
   17. BD ( 1) C  3- C  5      39. BD*( 1) C  2- C  5      0.26    1.10   0.021
   17. BD ( 1) C  3- C  5      40. BD*( 1) C  2- C 11      0.84    1.01   0.037
   17. BD ( 1) C  3- C  5      43. BD*( 1) C  3- H  7      0.32    1.02   0.023
   17. BD ( 1) C  3- C  5      47. BD*( 1) C  5- H  9      0.30    1.03   0.022
   18. BD ( 2) C  3- C  5      57. 3Cn( 1)C1-C12-C16      21.55    0.18   0.079
   18. BD ( 2) C  3- C  5      58. 3Cn( 1)C2-C11-C15      20.96    0.18   0.078
   18. BD ( 2) C  3- C  5      59. 3C*( 1)C1-C12-C16       0.50    0.34   0.016
   18. BD ( 2) C  3- C  5      60. 3C*( 1)C2-C11-C15       0.67    0.34   0.019
   19. BD ( 1) C  3- H  7      35. BD*( 1) C  1- C  3      0.46    1.00   0.027
   19. BD ( 1) C  3- H  7      36. BD*( 1) C  1- C  6      0.94    1.00   0.039
   19. BD ( 1) C  3- H  7      37. BD*( 1) C  1- C 12      0.53    0.91   0.028
   19. BD ( 1) C  3- H  7      39. BD*( 1) C  2- C  5      1.15    1.00   0.043
   19. BD ( 1) C  3- H  7      41. BD*( 1) C  3- C  5      0.31    1.03   0.023
   19. BD ( 1) C  3- H  7      47. BD*( 1) C  5- H  9      0.46    0.93   0.026
   20. BD ( 1) C  4- C  6      35. BD*( 1) C  1- C  3      0.42    1.10   0.027
   20. BD ( 1) C  4- C  6      36. BD*( 1) C  1- C  6      0.26    1.10   0.021
   20. BD ( 1) C  4- C  6      37. BD*( 1) C  1- C 12      0.84    1.01   0.037
   20. BD ( 1) C  4- C  6      38. BD*( 1) C  2- C  4      0.30    1.10   0.023
   20. BD ( 1) C  4- C  6      39. BD*( 1) C  2- C  5      0.41    1.10   0.027
   20. BD ( 1) C  4- C  6      40. BD*( 1) C  2- C 11      0.76    1.01   0.035
   20. BD ( 1) C  4- C  6      46. BD*( 1) C  4- H  8      0.32    1.02   0.023
   20. BD ( 1) C  4- C  6      48. BD*( 1) C  6- H 10      0.30    1.03   0.022
   21. BD ( 2) C  4- C  6      57. 3Cn( 1)C1-C12-C16      20.96    0.18   0.078
   21. BD ( 2) C  4- C  6      58. 3Cn( 1)C2-C11-C15      21.55    0.18   0.079
   21. BD ( 2) C  4- C  6      59. 3C*( 1)C1-C12-C16       0.67    0.34   0.019
   21. BD ( 2) C  4- C  6      60. 3C*( 1)C2-C11-C15       0.50    0.34   0.016
   22. BD ( 1) C  4- H  8      36. BD*( 1) C  1- C  6      1.15    1.00   0.043
   22. BD ( 1) C  4- H  8      38. BD*( 1) C  2- C  4      0.46    1.00   0.027
   22. BD ( 1) C  4- H  8      39. BD*( 1) C  2- C  5      0.94    1.00   0.039
   22. BD ( 1) C  4- H  8      40. BD*( 1) C  2- C 11      0.53    0.91   0.028
   22. BD ( 1) C  4- H  8      44. BD*( 1) C  4- C  6      0.31    1.03   0.023
   22. BD ( 1) C  4- H  8      48. BD*( 1) C  6- H 10      0.46    0.93   0.026
   23. BD ( 1) C  5- H  9      35. BD*( 1) C  1- C  3      1.13    1.00   0.043
   23. BD ( 1) C  5- H  9      38. BD*( 1) C  2- C  4      0.93    1.00   0.039
   23. BD ( 1) C  5- H  9      39. BD*( 1) C  2- C  5      0.47    1.00   0.027
   23. BD ( 1) C  5- H  9      40. BD*( 1) C  2- C 11      0.57    0.92   0.029
   23. BD ( 1) C  5- H  9      41. BD*( 1) C  3- C  5      0.32    1.03   0.023
   23. BD ( 1) C  5- H  9      43. BD*( 1) C  3- H  7      0.46    0.93   0.026
   23. BD ( 1) C  5- H  9      53. BD*( 1) C 15- H 17      0.25    0.93   0.019
   24. BD ( 1) C  6- H 10      35. BD*( 1) C  1- C  3      0.93    1.00   0.039
   24. BD ( 1) C  6- H 10      36. BD*( 1) C  1- C  6      0.47    1.00   0.027
   24. BD ( 1) C  6- H 10      37. BD*( 1) C  1- C 12      0.57    0.92   0.029
   24. BD ( 1) C  6- H 10      38. BD*( 1) C  2- C  4      1.13    1.00   0.043
   24. BD ( 1) C  6- H 10      44. BD*( 1) C  4- C  6      0.32    1.03   0.023
   24. BD ( 1) C  6- H 10      46. BD*( 1) C  4- H  8      0.46    0.93   0.026
   24. BD ( 1) C  6- H 10      55. BD*( 1) C 16- H 18      0.25    0.93   0.019
   25. BD ( 1) C 11- H 13      38. BD*( 1) C  2- C  4      0.44    0.99   0.026
   25. BD ( 1) C 11- H 13      39. BD*( 1) C  2- C  5      0.88    0.99   0.037
   25. BD ( 1) C 11- H 13      40. BD*( 1) C  2- C 11      0.54    0.91   0.028
   25. BD ( 1) C 11- H 13      53. BD*( 1) C 15- H 17      1.57    0.92   0.048
   25. BD ( 1) C 11- H 13      54. BD*( 1) C 15- H 19      0.68    0.93   0.032
   26. BD ( 1) C 11- C 15      38. BD*( 1) C  2- C  4      0.43    1.12   0.028
   26. BD ( 1) C 11- C 15      39. BD*( 1) C  2- C  5      0.25    1.12   0.021
   26. BD ( 1) C 11- C 15      40. BD*( 1) C  2- C 11      0.40    1.04   0.026
   26. BD ( 1) C 11- C 15      53. BD*( 1) C 15- H 17      0.27    1.06   0.021
   26. BD ( 1) C 11- C 15      54. BD*( 1) C 15- H 19      0.26    1.06   0.021
   27. BD ( 1) C 12- H 14      35. BD*( 1) C  1- C  3      0.44    0.99   0.026
   27. BD ( 1) C 12- H 14      36. BD*( 1) C  1- C  6      0.88    0.99   0.037
   27. BD ( 1) C 12- H 14      37. BD*( 1) C  1- C 12      0.54    0.91   0.028
   27. BD ( 1) C 12- H 14      55. BD*( 1) C 16- H 18      1.57    0.92   0.048
   27. BD ( 1) C 12- H 14      56. BD*( 1) C 16- H 20      0.68    0.93   0.032
   28. BD ( 1) C 12- C 16      35. BD*( 1) C  1- C  3      0.43    1.12   0.028
   28. BD ( 1) C 12- C 16      36. BD*( 1) C  1- C  6      0.25    1.12   0.021
   28. BD ( 1) C 12- C 16      37. BD*( 1) C  1- C 12      0.40    1.04   0.026
   28. BD ( 1) C 12- C 16      55. BD*( 1) C 16- H 18      0.27    1.06   0.021
   28. BD ( 1) C 12- C 16      56. BD*( 1) C 16- H 20      0.26    1.06   0.021
   29. BD ( 1) C 15- H 17      40. BD*( 1) C  2- C 11      0.85    0.91   0.035
   29. BD ( 1) C 15- H 17      47. BD*( 1) C  5- H  9      0.31    0.92   0.021
   29. BD ( 1) C 15- H 17      49. BD*( 1) C 11- H 13      1.33    0.92   0.044
   29. BD ( 1) C 15- H 17      50. BD*( 1) C 11- C 15      0.33    1.10   0.024
   29. BD ( 1) C 15- H 17      54. BD*( 1) C 15- H 19      0.47    0.93   0.026
   30. BD ( 1) C 15- H 19      40. BD*( 1) C  2- C 11      1.68    0.91   0.049
   30. BD ( 1) C 15- H 19      49. BD*( 1) C 11- H 13      0.65    0.92   0.031
   30. BD ( 1) C 15- H 19      53. BD*( 1) C 15- H 17      0.43    0.92   0.025
   31. BD ( 1) C 16- H 18      37. BD*( 1) C  1- C 12      0.85    0.91   0.035
   31. BD ( 1) C 16- H 18      48. BD*( 1) C  6- H 10      0.31    0.92   0.021
   31. BD ( 1) C 16- H 18      51. BD*( 1) C 12- H 14      1.33    0.92   0.044
   31. BD ( 1) C 16- H 18      52. BD*( 1) C 12- C 16      0.33    1.10   0.024
   31. BD ( 1) C 16- H 18      56. BD*( 1) C 16- H 20      0.47    0.93   0.026
   32. BD ( 1) C 16- H 20      37. BD*( 1) C  1- C 12      1.68    0.91   0.049
   32. BD ( 1) C 16- H 20      51. BD*( 1) C 12- H 14      0.65    0.92   0.031
   32. BD ( 1) C 16- H 20      55. BD*( 1) C 16- H 18      0.43    0.92   0.025
   33. 3C ( 1)C1-C12-C16       42. BD*( 2) C  3- C  5      4.19    0.33   0.047
   33. 3C ( 1)C1-C12-C16       45. BD*( 2) C  4- C  6      4.33    0.33   0.048
   33. 3C ( 1)C1-C12-C16       57. 3Cn( 1)C1-C12-C16       0.48    0.22   0.013
   34. 3C ( 1)C2-C11-C15       42. BD*( 2) C  3- C  5      4.33    0.33   0.048
   34. 3C ( 1)C2-C11-C15       45. BD*( 2) C  4- C  6      4.19    0.33   0.047
   34. 3C ( 1)C2-C11-C15       58. 3Cn( 1)C2-C11-C15       0.48    0.22   0.013


 NATURAL BOND ORBITALS (Summary):

                                                     Principal Delocalizations
           NBO                 Occupancy    Energy   (geminal,vicinal,remote)
 ===============================================================================
 Molecular unit  1  (C10H10)
 ------ Lewis --------------------------------------
    1. CR ( 1) C  1             1.00000   -10.23231
    2. CR ( 1) C  2             1.00000   -10.23231
    3. CR ( 1) C  3             1.00000   -10.19868
    4. CR ( 1) C  4             1.00000   -10.19868
    5. CR ( 1) C  5             1.00000   -10.19990
    6. CR ( 1) C  6             1.00000   -10.19990
    7. CR ( 1) C 11             1.00000   -10.19977
    8. CR ( 1) C 12             1.00000   -10.19977
    9. CR ( 1) C 15             1.00000   -10.18971
   10. CR ( 1) C 16             1.00000   -10.18971
   11. BD ( 1) C  1- C  3       0.99129    -0.73711  48(v),47(v),52(v),39(v)
                                                     44(v),37(g),43(g),36(g)
                                                     41(g),51(v)
   12. BD ( 1) C  1- C  6       0.99155    -0.73917  43(v),46(v),37(g),51(v)
                                                     38(v),41(v),48(g),35(g)
                                                     44(g),52(v)
   13. BD ( 1) C  1- C 12       0.98941    -0.70118  56(v),41(v),44(v),51(g)
                                                     36(g),55(v),35(g),43(v)
                                                     52(g),48(v)
   14. BD ( 1) C  2- C  4       0.99129    -0.73711  47(v),48(v),50(v),36(v)
                                                     41(v),40(g),46(g),39(g)
                                                     44(g),49(v)
   15. BD ( 1) C  2- C  5       0.99155    -0.73917  46(v),43(v),40(g),49(v)
                                                     35(v),44(v),47(g),38(g)
                                                     41(g),50(v)
   16. BD ( 1) C  2- C 11       0.98941    -0.70118  54(v),44(v),41(v),49(g)
                                                     39(g),53(v),38(g),46(v)
                                                     50(g),47(v)
   17. BD ( 1) C  3- C  5       0.99315    -0.73858  40(v),37(v),38(v),36(v)
                                                     43(g),47(g),35(g),39(g)
   18. BD ( 2) C  3- C  5       0.85952    -0.38174  57(v),58(v),60(v),59(v)
   19. BD ( 1) C  3- H  7       0.99263    -0.64027  39(v),36(v),37(v),47(v)
                                                     35(g),41(g)
   20. BD ( 1) C  4- C  6       0.99315    -0.73858  37(v),40(v),35(v),39(v)
                                                     46(g),48(g),38(g),36(g)
   21. BD ( 2) C  4- C  6       0.85952    -0.38174  58(v),57(v),59(v),60(v)
   22. BD ( 1) C  4- H  8       0.99263    -0.64027  36(v),39(v),40(v),48(v)
                                                     38(g),44(g)
   23. BD ( 1) C  5- H  9       0.99219    -0.64370  35(v),38(v),40(v),39(g)
                                                     43(v),41(g),53(r)
   24. BD ( 1) C  6- H 10       0.99219    -0.64370  38(v),35(v),37(v),36(g)
                                                     46(v),44(g),55(r)
   25. BD ( 1) C 11- H 13       0.99182    -0.63395  53(v),39(v),54(v),40(g)
                                                     38(v)
   26. BD ( 1) C 11- C 15       0.99696    -0.76506  38(v),40(g),53(g),54(g)
                                                     39(v)
   27. BD ( 1) C 12- H 14       0.99182    -0.63395  55(v),36(v),56(v),37(g)
                                                     35(v)
   28. BD ( 1) C 12- C 16       0.99696    -0.76506  35(v),37(g),55(g),56(g)
                                                     36(v)
   29. BD ( 1) C 15- H 17       0.99396    -0.63710  49(v),40(v),54(g),50(g)
                                                     47(r)
   30. BD ( 1) C 15- H 19       0.99391    -0.63120  40(v),49(v),53(g)
   31. BD ( 1) C 16- H 18       0.99396    -0.63710  51(v),37(v),56(g),52(g)
                                                     48(r)
   32. BD ( 1) C 16- H 20       0.99391    -0.63120  37(v),51(v),55(g)
   33. 3C ( 1) C  1- C 12- C 16 0.92591    -0.41911  45(v),42(v),57(g)
   34. 3C ( 1) C  2- C 11- C 15 0.92591    -0.41911  42(v),45(v),58(g)
 ------ non-Lewis ----------------------------------
   35. BD*( 1) C  1- C  3       0.00930     0.35979
   36. BD*( 1) C  1- C  6       0.00979     0.35877
   37. BD*( 1) C  1- C 12       0.01394     0.27450
   38. BD*( 1) C  2- C  4       0.00930     0.35979
   39. BD*( 1) C  2- C  5       0.00979     0.35877
   40. BD*( 1) C  2- C 11       0.01394     0.27450
   41. BD*( 1) C  3- C  5       0.00651     0.38874
   42. BD*( 2) C  3- C  5       0.04734    -0.08977
   43. BD*( 1) C  3- H  7       0.00648     0.28563
   44. BD*( 1) C  4- C  6       0.00651     0.38874
   45. BD*( 2) C  4- C  6       0.04734    -0.08977
   46. BD*( 1) C  4- H  8       0.00648     0.28563
   47. BD*( 1) C  5- H  9       0.00711     0.28664
   48. BD*( 1) C  6- H 10       0.00711     0.28664
   49. BD*( 1) C 11- H 13       0.00700     0.28656
   50. BD*( 1) C 11- C 15       0.00316     0.46367
   51. BD*( 1) C 12- H 14       0.00700     0.28656
   52. BD*( 1) C 12- C 16       0.00316     0.46367
   53. BD*( 1) C 15- H 17       0.00580     0.29027
   54. BD*( 1) C 15- H 19       0.00404     0.29341
   55. BD*( 1) C 16- H 18       0.00580     0.29027
   56. BD*( 1) C 16- H 20       0.00404     0.29341
   57. 3Cn( 1) C  1- C 12- C 16 0.16708    -0.20142
   58. 3Cn( 1) C  2- C 11- C 15 0.16708    -0.20142
   59. 3C*( 1) C  1- C 12- C 16 0.00015    -0.04195
   60. 3C*( 1) C  2- C 11- C 15 0.00015    -0.04195
          -------------------------------
                 Total Lewis   33.42458  ( 98.3076%)
           Valence non-Lewis    0.57542  (  1.6924%)
           Rydberg non-Lewis    0.00000  (  0.0000%)
          -------------------------------
               Total unit  1   34.00000  (100.0000%)
              Charge unit  1    1.00000

 $CHOOSE
  ALPHA
   BOND D 1 3 S 1 6 S 1 12 S 2 4 D 2 5 S 2 11 S 3 5 S 3 7 D 4 6 S 4 8 S 5 9
        S 6 10 S 11 13 D 11 15 S 12 14 D 12 16 S 15 17 S 15 19 S 16 18 S 16 20
        END
  END
  BETA
   BOND S 1 3 S 1 6 S 1 12 S 2 4 S 2 5 S 2 11 D 3 5 S 3 7 D 4 6 S 4 8 S 5 9
        S 6 10 S 11 13 S 11 15 S 12 14 S 12 16 S 15 17 S 15 19 S 16 18 S 16 20
        END
     3C S 1 12 16 S 2 11 15 END
  END
 $END

 Checkpoint orbital transformation(s) sent to host program

 NBO analysis completed in 0.07 CPU seconds (0 wall seconds)
 Maximum scratch memory used by NBO was 177295 words (1.35 MB)
Stopping NBO...Storing NBOs: ./dvb_sp_un.nbo

