 operating system is UNIX !
 hostname is         nodo05

 force(nodo05) : TURBOMOLE V6.0 5 Feb 2009 at 11:43:16
 Copyright (C) 2009 TURBOMOLE GmbH, Karlsruhe


    2015-09-09 11:19:35.912 



                             T U R B O M O L E   

                          a o f o r c e - program

                        using direct algorithms for

                       SCF level calculations of
                         * harmonic force constants
                         * hyperpolarizabilities
                         * IR and RAMAN intensities

                       DFT level calculations of
                         * harmonic force constants
                         * IR intensities
                                                   
       Stephan Boecker, Peter Deglmann, Filipp Furche and Marco Haeser
                          Quantum Chemistry Group
                          Universitaet  Karlsruhe
                                   Germany

 
 
 
 
     References :
 
       RI-J implementation:
         Peter Deglmann, Klaus May, Filipp Furche, Reinhart Ahlrichs
                 Chem. Phys. Lett. 384:103 (2004)
 
       Efficiency, technical details:
         Peter Deglmann, Filipp Furche, Reinhart Ahlrichs
                 Chem. Phys. Lett. 362:511 (2002)
 
       Search of lowest eigenvalues by iterative diagonalization:
         Peter Deglmann, Filipp Furche
                 J. Chem. Phys. 117:9535 (2002)
 
 

   *************************************************************************
   dvb                                                                      
   *************************************************************************




              +--------------------------------------------------+
              | Atomic coordinate, charge and isotop information |
              +--------------------------------------------------+


              atomic coordinates              atom shells charge pseudo isotop
     0.50924543    2.66467900    0.00000000    c      3    6.000    0     0
    -2.01209024    1.73987134    0.00000000    c      3    6.000    0     0
    -2.50470797   -0.86365989    0.00000000    c      3    6.000    0     0
    -0.50924543   -2.66467900    0.00000000    c      3    6.000    0     0
     2.01209024   -1.73987134    0.00000000    c      3    6.000    0     0
    -3.59886160    3.07571156    0.00000000    h      1    1.000    0     0
    -4.46877270   -1.53666336    0.00000000    h      1    1.000    0     0
     3.59886160   -3.07571156    0.00000000    h      1    1.000    0     0
    -1.14088846   -5.42335868    0.00000000    c      3    6.000    0     0
     0.50924543   -7.35472547    0.00000000    c      3    6.000    0     0
     2.56089332   -7.07138174    0.00000000    h      1    1.000    0     0
    -3.17833883   -5.83926295    0.00000000    h      1    1.000    0     0
    -0.13989458   -9.32196305    0.00000000    h      1    1.000    0     0
     1.14088846    5.42335868    0.00000000    c      3    6.000    0     0
     3.17833883    5.83926295    0.00000000    h      1    1.000    0     0
    -0.50924543    7.35472547    0.00000000    c      3    6.000    0     0
    -2.56089332    7.07138174    0.00000000    h      1    1.000    0     0
     0.13989458    9.32196305    0.00000000    h      1    1.000    0     0
     2.50470797    0.86365989    0.00000000    c      3    6.000    0     0
     4.46877270    1.53666336    0.00000000    h      1    1.000    0     0
 

     center of nuclear mass  :    0.00000000    0.00000000    0.00000000

     center of nuclear charge:    0.00000000    0.00000000    0.00000000


              +--------------------------------------------------+
              |               basis set information              |
              +--------------------------------------------------+


              we will work with the  1s 3p 5d  7f  9g ... basis set
              ...i.e. with spherical basis functions...


   type   atoms  prim   cont   basis
   ---------------------------------------------------------------------------
    c       10     15      5   sto-3g hondo   [2s1p|6s3p]
    h       10      3      1   sto-3g hondo   [1s|3s]
   ---------------------------------------------------------------------------
   total:   20    180     60
   ---------------------------------------------------------------------------

   total number of primitive shells          :   12
   total number of contracted shells         :   40
   total number of cartesian basis functions :   60
   total number of SCF-basis functions       :   60


 symmetry group of the molecule :   c2h

 the group has the following generators :
   c2(z)
   mirror plane sigma(xy)

    4 symmetry operations found

 there are 4 real representations :   ag   bg   au   bu  

 maximum number of shells which are related by symmetry :  2


 determining totally symmetric integral contributions 
    - equivalent to irreducible tensor elements - 
 which can be formed within each triple of representations :

             representation triple      contributions

              ag    ag    ag              1
              ag    bg    bg              1
              ag    au    au              1
              ag    bu    bu              1
              bg    ag    bg              1
              bg    bg    ag              1
              bg    au    bu              1
              bg    bu    au              1
              au    ag    au              1
              au    bg    bu              1
              au    au    ag              1
              au    bu    bg              1
              bu    ag    bu              1
              bu    bg    au              1
              bu    au    bg              1
              bu    bu    ag              1

    mo occupation :
   irrep   mo's   occupied
    ag      25       15
    bg       5        3
    au       5        2
    bu      25       15
 
 number of basis functions   :           60
 number of occupied orbitals :           35
 
  MOs are in ASCII format !


 reading orbital data $scfmo  from file mos . 

 orbital characterization : scfconv=6
 

         --------------------------------------------------------------
                   checking mo's by calculating trace(D*S)

              number of electrons : 
                 from trace(D*S)         :   70.000000000679
                 from occupation numbers :   70.000000000000

              molecular charge           :    0.000000000000
         --------------------------------------------------------------

 time elapsed for calculating density matrices :   0.001 sec

 number of non-frozen orbitals          :    60
 number of non-frozen occupied orbitals :    35
 Blocking parameters 
 shells:
    index      start shell   last shell  start bf    last bf    #bf 
       1             1          40             1         60     60
  
           ------------------
           density functional
           ------------------
 Becke-3-Parameter hybrid functional: B3-LYP
 exchange:    0.8*LDA + 0.72*B88 + 0.2*HF
 correlation: 0.19*LDA(VWN) + 0.81*LYP
 iterations will be done with small grid
  
 spherical integration : Lebedev's spherical grid
 spherical gridsize    :           5
    i.e. gridpoints    :         590
 value for diffuse not defined
 radial integration    : Chebyshev 2nd kind (scaling 3)
 radial gridsize       :           8
 integration cells     :          10
 partition function    : becke
 partition sharpness   :           3
  
 
 Derivatives of quadrature weights will be included
 
          Overall gridpoints after grid construction =         83647
 Ordering of quadrature gridpoints disabled.
 
 
 
 
 OCCUPIED-OCCUPIED TENSOR SPACES :

          IRREP   tensor space dimension   number of roots

           ag              463                  19
           bg              150                   8
           au              150                   9
           bu              462                  18
 
 OCCUPIED-VIRTUAL TENSOR SPACES :

          IRREP   tensor space dimension   number of roots

           ag              312                  19
           bg              125                   8
           au              125                   9
           bu              313                  18
 
 
 
 
 CONSTRUCTING integral bounds

 setting up bound for integral derivative estimation

 increment for numerical differentiation : 0.00050000
 
 machine precision:   2.220446049250313E-016

 integral neglect threshold       :  0.10E-09
 integral storage threshold THIZE :  0.10E-04
 integral storage threshold THIME :         5


   disc space (kbyte) allocation for  1 2e-integral file(s) :
   --------------------------------------------------------
   twoint                                                 0
   --------------------------------------------------------

 maximum number of buffers which may be written onto 2e-file(s) =         0

 
 
 
 PREPARING NUMERICAL INTEGRATION
 
 Remaining core memory for DFT =         196 MB
 
 Memory needed per atom    =          42 KiB
 
     i. e.          20 atoms per loop

 Calculating ground state density on molecular grid

 Integral of ground state density: N =   69.99998574898073    


 
 
 CONSTRUCTING first deriv. of <mu|x,y,z|nu> -> Dip. deriv.
  dipole integral derivatives will be neglected if
  expon. factor <0.833333E-10
      ...terminated. cpu:       0.00       wall:       0.00
 
 
 
 
 CONSTRUCTING first deriv. of  <mu|nu>
                               <mu|h|nu>    -> RHS
              second deriv. of <mu|nu>      -> Hessian
                               <mu|h|nu>    -> Hessian
                               nucl. rep.   -> Hessian
     integrals are neglected if expon. factor <  1.000000000000000E-012
      ...terminated. cpu:       0.14       wall:       0.14
 
 
 
 
 CONSTRUCTING second deriv. of 2e energy    -> Hessian
   treating Coulomb (and exchange) contribution
     integrals will be neglected if total contribution <  8.333333333333333E-008
      ...terminated. cpu:       2.64       wall:       2.64
   treating exchange-correlation contribution
      ...terminated. cpu:      19.03       wall:      19.04
 
 
 
 
 CONSTRUCTING S(i,j)xi
      ...terminated. cpu:       0.00       wall:       0.00
 
 
 
 
 CONSTRUCTING <i|x,y,z|j>*S(i,j)xi          -> Dip. deriv.
      ...terminated. cpu:       0.00       wall:       0.00
 
 
 
 
 CONSTRUCTING epsilon(i)*S(i,j)xi*S(i,j)chi -> Hessian
      ...terminated. cpu:       0.00       wall:       0.00
 
 
 
 
 CONSTRUCTING G(a,i)[S(k,l)xi]              -> RHS
              G(i,j)[S(k,l)xi]*S(i,j)chi    -> Hessian
 
         Maximum core memory set to          200 MB
         This corresponds to        7046 vectors in CAO basis
      ...terminated. cpu:       6.66       wall:       6.67
 
 
 
 
 CONSTRUCTING G(mu,nu)[D(kap,lam)]xi
 
          Maximum core memory set to          200 MB
          Atoms treated simultaneously :          20
      ...terminated. cpu:       5.88       wall:       5.88
 
 
 
 
 CONSTRUCTING F(a,i)xi                      -> RHS
              F(i,j)xi*S(i,j)chi            -> Hessian
 
        Maximum core memory set to         200 MB
        This corresponds to       11432 vectors in CAO basis
      ...terminated. cpu:       0.01       wall:       0.01
 
 
 
 
 CONSTRUCTING epsilon(i)*S(a,i)xi           -> RHS
      ...terminated. cpu:       0.00       wall:       0.00
 
 
 
 
 SOLVING CPHF equations
 
 Residuum convergence criterium   :  1.000000000000000E-005
 
 Maximum number of Davidson iterations set to          25
  Switching to small grid
        preparing numerical integration ....
          Overall gridpoints after grid construction =         26337

 Calculating ground state density on molecular grid

 Integral of ground state density: N =   69.99980433323161    




                       Block Davidson iteration


 total number of roots to be determined:  54


 maximum core memory set to   200 MB,
 corresponding to     7046 vectors in CAO basis


 maximum number of simultaneously treated vectors (including degeneracy):  54


 Iteration IRREP Converged      Max. Euclidean
                 roots          residual norm


         0 2 e - integrals written in         0 blocks requiring       0 k-byte

    1       ag       0        3.229912783265401D-02
            bg       0        4.431502930806490D-03
            au       0        4.600523523172123D-03
            bu       0        3.601951432828754D-02
 
    2       ag       0        2.182815762803394D-03
            bg       0        4.442730285026822D-04
            au       0        4.043618873076280D-04
            bu       0        2.572993398159295D-03
 
    3       ag       2        5.227625718489666D-05
            bg       3        1.948755325695609D-05
            au       3        1.308794939429896D-05
            bu       1        8.089630569402065D-05
 
    4       ag      19        9.752205428765328D-06
            bg       8        7.450895113438990D-06
            au       9        7.528922697605019D-06
            bu      18        9.788610088220362D-06
 

 converged!

  Switching to fine grid
        preparing numerical integration ....
          Overall gridpoints after grid construction =         83647

 Calculating ground state density on molecular grid

 Integral of ground state density: N =   69.99998574897967    



 Iteration IRREP Converged      Max. Euclidean
                 roots          residual norm

    5       ag      19        1.340228810263225D-06
            bg       8        5.496001678314220D-06
            au       9        4.671104899959247D-06
            bu      18        1.636969517954786D-06
 

 converged!

      ...terminated. cpu:      15.74       wall:      15.77
 
 
 
 
 CONSTRUCTING <a|x,y,z|i>*U(a,i)xi          -> Dip. deriv.
      ...terminated. cpu:       0.00       wall:       0.00
 
 
 
 
 CONSTRUCTING RHS(a,i)xi*U(a,i)chi          -> Hessian
      ...terminated. cpu:       0.00       wall:       0.00
 
 
 
 

            -----------------------
            permanent dipole moment
            -----------------------

                                   x                y                z
    electronic part       :    0.0000000000     0.0000000000     0.0000000000
     nuclear   part       :    0.0000000000     0.0000000000     0.0000000000
     total                :    0.0000000000     0.0000000000     0.0000000000

 with reference to the point :   0.0000000        0.0000000        0.0000000
 (given in atomic units)
    | dipole |       :    0.0000000000  debye

 dipole moment written onto $dipole

             -----------------------------------
             rotational and vibrational analysis
             -----------------------------------


            ==============================================================
            ATOMIC WEIGHTS (average over the natural occurance of isotops)
            ==============================================================
            ('*' denotes special isotop !)
              1     c                12.01115
              2     c                12.01115
              3     c                12.01115
              4     c                12.01115
              5     c                12.01115
              6     h                 1.00797
              7     h                 1.00797
              8     h                 1.00797
              9     c                12.01115
             10     c                12.01115
             11     h                 1.00797
             12     h                 1.00797
             13     h                 1.00797
             14     c                12.01115
             15     h                 1.00797
             16     c                12.01115
             17     h                 1.00797
             18     h                 1.00797
             19     c                12.01115
             20     h                 1.00797

          -------------------------------------------------
          CARTESIAN FORCE CONSTANT MATRIX (hartree/bohr**2)
         (translational & rotational space projected out)
          -------------------------------------------------

   ATOM              1 c                           2 c 
                  dx        dy        dz        dx        dy        dz
   1 c     dx  0.7262859
           dy  0.0033590 0.7062570
           dz  0.0000000 0.0000000 0.1577875
   2 c     dx -0.3222336-0.0937461 0.0000000 0.7818168
           dy -0.0127840-0.1524076 0.0000000-0.0657622 0.7999655
           dz  0.0000000 0.0000000-0.0674361 0.0000000 0.0000000 0.1412616
   3 c     dx  0.0176003-0.0378336 0.0000000-0.1558438-0.0939944 0.0000000
           dy -0.1096374-0.0124473 0.0000000 0.0087819-0.3766478 0.0000000
           dz  0.0000000 0.0000000 0.0069499 0.0000000 0.0000000-0.0624033
   4 c     dx -0.0831236 0.0180470 0.0000000 0.0632648 0.0775490 0.0000000
           dy  0.0180470 0.0095979 0.0000000 0.0073702-0.0570818 0.0000000
           dz  0.0000000 0.0000000-0.0089571 0.0000000 0.0000000 0.0070204
   5 c     dx  0.0632648 0.0073702 0.0000000-0.0338877-0.0427904 0.0000000
           dy  0.0775490-0.0570818 0.0000000-0.0427904-0.0489517 0.0000000
           dz  0.0000000 0.0000000 0.0070204 0.0000000 0.0000000-0.0064540
   6 h     dx -0.0145998 0.0230075 0.0000000-0.2666932 0.1690029 0.0000000
           dy -0.0133671 0.0126121 0.0000000 0.1677839-0.2069808 0.0000000
           dz  0.0000000 0.0000000 0.0027664 0.0000000 0.0000000-0.0404029
   7 h     dx  0.0012525-0.0001180 0.0000000 0.0010360 0.0061202 0.0000000
           dy  0.0013367-0.0052852 0.0000000-0.0333683-0.0053106 0.0000000
           dz  0.0000000 0.0000000 0.0088033 0.0000000 0.0000000 0.0033845
   8 h     dx  0.0000406-0.0019046 0.0000000 0.0004077-0.0010405 0.0000000
           dy -0.0034525-0.0039035 0.0000000-0.0009698 0.0001027 0.0000000
           dz  0.0000000 0.0000000 0.0088438 0.0000000 0.0000000-0.0009353
   9 c     dx -0.0001915 0.0014057 0.0000000-0.0047501 0.0011925 0.0000000
           dy -0.0004756-0.0060976 0.0000000 0.0064890 0.0066677 0.0000000
           dz  0.0000000 0.0000000-0.0009797 0.0000000 0.0000000 0.0074076
  10 c     dx  0.0000605-0.0019023 0.0000000 0.0019829 0.0013615 0.0000000
           dy  0.0009632 0.0018635 0.0000000-0.0009987-0.0031962 0.0000000
           dz  0.0000000 0.0000000-0.0000406 0.0000000 0.0000000-0.0001078
  11 h     dx -0.0000838-0.0001188 0.0000000-0.0001787 0.0000391 0.0000000
           dy -0.0000030-0.0000381 0.0000000-0.0001263 0.0000522 0.0000000
           dz  0.0000000 0.0000000-0.0000770 0.0000000 0.0000000 0.0002549
  12 h     dx  0.0001832 0.0000579 0.0000000-0.0001159-0.0000272 0.0000000
           dy  0.0000769 0.0001590 0.0000000 0.0001386 0.0001622 0.0000000
           dz  0.0000000 0.0000000 0.0000981 0.0000000 0.0000000-0.0000198
  13 h     dx  0.0000600-0.0000610 0.0000000-0.0002533 0.0000523 0.0000000
           dy  0.0001613 0.0001185 0.0000000 0.0004250-0.0002102 0.0000000
           dz  0.0000000 0.0000000 0.0001495 0.0000000 0.0000000-0.0009008
  14 c     dx -0.1256917-0.0591466 0.0000000-0.0000645-0.0340002 0.0000000
           dy -0.0294825-0.2355670 0.0000000-0.0218076-0.0238277 0.0000000
           dz  0.0000000 0.0000000-0.0634029 0.0000000 0.0000000 0.0027975
  15 h     dx -0.0032652 0.0035964 0.0000000 0.0007373-0.0000536 0.0000000
           dy -0.0320292-0.0060620 0.0000000 0.0016596-0.0053829 0.0000000
           dz  0.0000000 0.0000000 0.0024009 0.0000000 0.0000000 0.0024442
  16 c     dx  0.0181665 0.0114013 0.0000000-0.0049643-0.0049529 0.0000000
           dy  0.0198787-0.0490969 0.0000000 0.0065811 0.0039315 0.0000000
           dz  0.0000000 0.0000000 0.0054970 0.0000000 0.0000000 0.0004289
  17 h     dx  0.0004216-0.0013396 0.0000000 0.0005010-0.0010793 0.0000000
           dy -0.0014683 0.0016876 0.0000000 0.0012457-0.0012863 0.0000000
           dz  0.0000000 0.0000000-0.0082323 0.0000000 0.0000000 0.0001789
  18 h     dx -0.0032579 0.0013351 0.0000000-0.0005477-0.0001190 0.0000000
           dy  0.0028454-0.0001433 0.0000000 0.0002419 0.0004695 0.0000000
           dz  0.0000000 0.0000000 0.0129386 0.0000000 0.0000000-0.0004386
  19 c     dx -0.2603783 0.1394617 0.0000000-0.0587872-0.0027119 0.0000000
           dy  0.0544100-0.2138841 0.0000000 0.0564183 0.0737213 0.0000000
           dz  0.0000000 0.0000000-0.0665835 0.0000000 0.0000000 0.0065407
  20 h     dx -0.0145104-0.0128712 0.0000000-0.0014264 0.0039982 0.0000000
           dy  0.0240723 0.0097189 0.0000000 0.0024342-0.0037892 0.0000000
           dz  0.0000000 0.0000000 0.0024538 0.0000000 0.0000000 0.0073795

   ATOM              3 c                           4 c 
                  dx        dy        dz        dx        dy        dz
   3 c     dx  0.8250487
           dy  0.0541827 0.7564512
           dz  0.0000000 0.0000000 0.1411217
   4 c     dx -0.2603783 0.0544100 0.0000000 0.7262859
           dy  0.1394617-0.2138841 0.0000000 0.0033590 0.7062570
           dz  0.0000000 0.0000000-0.0665835 0.0000000 0.0000000 0.1577875
   5 c     dx -0.0587872 0.0564183 0.0000000-0.3222336-0.0937461 0.0000000
           dy -0.0027119 0.0737213 0.0000000-0.0127840-0.1524076 0.0000000
           dz  0.0000000 0.0000000 0.0065407 0.0000000 0.0000000-0.0674361
   6 h     dx  0.0093662-0.0118046 0.0000000 0.0000406-0.0019046 0.0000000
           dy  0.0279727-0.0140864 0.0000000-0.0034525-0.0039035 0.0000000
           dz  0.0000000 0.0000000 0.0037161 0.0000000 0.0000000 0.0088438
   7 h     dx -0.3708942-0.1039245 0.0000000-0.0145104-0.0128712 0.0000000
           dy -0.1039852-0.1013379 0.0000000 0.0240723 0.0097189 0.0000000
           dz  0.0000000 0.0000000-0.0398594 0.0000000 0.0000000 0.0024538
   8 h     dx -0.0038577-0.0040377 0.0000000-0.0145998 0.0230075 0.0000000
           dy -0.0025155-0.0013725 0.0000000-0.0133671 0.0126121 0.0000000
           dz  0.0000000 0.0000000 0.0077306 0.0000000 0.0000000 0.0027664
   9 c     dx  0.0073883 0.0306403 0.0000000-0.1256917-0.0591466 0.0000000
           dy  0.0052861-0.0453611 0.0000000-0.0294825-0.2355670 0.0000000
           dz  0.0000000 0.0000000 0.0039464 0.0000000 0.0000000-0.0634029
  10 c     dx  0.0006729-0.0070538 0.0000000 0.0181665 0.0114013 0.0000000
           dy -0.0069954 0.0032372 0.0000000 0.0198787-0.0490969 0.0000000
           dz  0.0000000 0.0000000 0.0014452 0.0000000 0.0000000 0.0054970
  11 h     dx -0.0001134-0.0001529 0.0000000 0.0004216-0.0013396 0.0000000
           dy -0.0000525 0.0000192 0.0000000-0.0014683 0.0016876 0.0000000
           dz  0.0000000 0.0000000 0.0000238 0.0000000 0.0000000-0.0082323
  12 h     dx  0.0015138 0.0024807 0.0000000-0.0032652 0.0035964 0.0000000
           dy -0.0022515 0.0017640 0.0000000-0.0320292-0.0060620 0.0000000
           dz  0.0000000 0.0000000-0.0008686 0.0000000 0.0000000 0.0024009
  13 h     dx  0.0008068 0.0008889 0.0000000-0.0032579 0.0013351 0.0000000
           dy -0.0005280-0.0004029 0.0000000 0.0028454-0.0001433 0.0000000
           dz  0.0000000 0.0000000 0.0000338 0.0000000 0.0000000 0.0129386
  14 c     dx -0.0064632-0.0004664 0.0000000-0.0001915 0.0014057 0.0000000
           dy -0.0012948 0.0102236 0.0000000-0.0004756-0.0060976 0.0000000
           dz  0.0000000 0.0000000 0.0069193 0.0000000 0.0000000-0.0009797
  15 h     dx -0.0001991 0.0001797 0.0000000 0.0001832 0.0000579 0.0000000
           dy -0.0016935 0.0003007 0.0000000 0.0000769 0.0001590 0.0000000
           dz  0.0000000 0.0000000-0.0000106 0.0000000 0.0000000 0.0000981
  16 c     dx -0.0005182 0.0029418 0.0000000 0.0000605-0.0019023 0.0000000
           dy  0.0014157-0.0018299 0.0000000 0.0009632 0.0018635 0.0000000
           dz  0.0000000 0.0000000-0.0004624 0.0000000 0.0000000-0.0000406
  17 h     dx  0.0003777-0.0000418 0.0000000-0.0000838-0.0001188 0.0000000
           dy -0.0002517 0.0001797 0.0000000-0.0000030-0.0000381 0.0000000
           dz  0.0000000 0.0000000 0.0001564 0.0000000 0.0000000-0.0000770
  18 h     dx  0.0002011-0.0000130 0.0000000 0.0000600-0.0000610 0.0000000
           dy -0.0002351 0.0000213 0.0000000 0.0001613 0.0001185 0.0000000
           dz  0.0000000 0.0000000-0.0003397 0.0000000 0.0000000 0.0001495
  19 c     dx -0.0070117 0.0254525 0.0000000 0.0176003-0.0378336 0.0000000
           dy  0.0254525-0.0780167 0.0000000-0.1096374-0.0124473 0.0000000
           dz  0.0000000 0.0000000-0.0071457 0.0000000 0.0000000 0.0069499
  20 h     dx  0.0010911 0.0007553 0.0000000 0.0012525-0.0001180 0.0000000
           dy  0.0005715-0.0005316 0.0000000 0.0013367-0.0052852 0.0000000
           dz  0.0000000 0.0000000-0.0009107 0.0000000 0.0000000 0.0088033

   ATOM              5 c                           6 h 
                  dx        dy        dz        dx        dy        dz
   5 c     dx  0.7818168
           dy -0.0657622 0.7999655
           dz  0.0000000 0.0000000 0.1412616
   6 h     dx  0.0004077-0.0010405 0.0000000 0.2722628
           dy -0.0009698 0.0001027 0.0000000-0.1754649 0.2144566
           dz  0.0000000 0.0000000-0.0009353 0.0000000 0.0000000 0.0277731
   7 h     dx -0.0014264 0.0039982 0.0000000 0.0011887 0.0002200 0.0000000
           dy  0.0024342-0.0037892 0.0000000-0.0000048 0.0018636 0.0000000
           dz  0.0000000 0.0000000 0.0073795 0.0000000 0.0000000-0.0051167
   8 h     dx -0.2666932 0.1690029 0.0000000-0.0000449 0.0002377 0.0000000
           dy  0.1677839-0.2069808 0.0000000 0.0002377-0.0000250 0.0000000
           dz  0.0000000 0.0000000-0.0404029 0.0000000 0.0000000-0.0011793
   9 c     dx -0.0000645-0.0340002 0.0000000 0.0004950 0.0013615 0.0000000
           dy -0.0218076-0.0238277 0.0000000-0.0002509-0.0003574 0.0000000
           dz  0.0000000 0.0000000 0.0027975 0.0000000 0.0000000 0.0000275
  10 c     dx -0.0049643-0.0049529 0.0000000-0.0000892-0.0003130 0.0000000
           dy  0.0065811 0.0039315 0.0000000-0.0001301-0.0003411 0.0000000
           dz  0.0000000 0.0000000 0.0004289 0.0000000 0.0000000-0.0001142
  11 h     dx  0.0005010-0.0010793 0.0000000-0.0000013-0.0000086 0.0000000
           dy  0.0012457-0.0012863 0.0000000 0.0000049-0.0000007 0.0000000
           dz  0.0000000 0.0000000 0.0001789 0.0000000 0.0000000-0.0000063
  12 h     dx  0.0007373-0.0000536 0.0000000 0.0000091 0.0000259 0.0000000
           dy  0.0016596-0.0053829 0.0000000 0.0000156-0.0000026 0.0000000
           dz  0.0000000 0.0000000 0.0024442 0.0000000 0.0000000 0.0000170
  13 h     dx -0.0005477-0.0001190 0.0000000 0.0000364 0.0001123 0.0000000
           dy  0.0002419 0.0004695 0.0000000-0.0000400-0.0000614 0.0000000
           dz  0.0000000 0.0000000-0.0004386 0.0000000 0.0000000 0.0000085
  14 c     dx -0.0047501 0.0011925 0.0000000 0.0013219 0.0010858 0.0000000
           dy  0.0064890 0.0066677 0.0000000 0.0016491-0.0000807 0.0000000
           dz  0.0000000 0.0000000 0.0074076 0.0000000 0.0000000-0.0038999
  15 h     dx -0.0001159-0.0000272 0.0000000 0.0001200 0.0000395 0.0000000
           dy  0.0001386 0.0001622 0.0000000 0.0000001 0.0000000 0.0000000
           dz  0.0000000 0.0000000-0.0000198 0.0000000 0.0000000-0.0000661
  16 c     dx  0.0019829 0.0013615 0.0000000 0.0000107-0.0019984 0.0000000
           dy -0.0009987-0.0031962 0.0000000 0.0003476-0.0009547 0.0000000
           dz  0.0000000 0.0000000-0.0001078 0.0000000 0.0000000 0.0002349
  17 h     dx -0.0001787 0.0000391 0.0000000 0.0004858-0.0003406 0.0000000
           dy -0.0001263 0.0000522 0.0000000-0.0007706-0.0015895 0.0000000
           dz  0.0000000 0.0000000 0.0002549 0.0000000 0.0000000 0.0003126
  18 h     dx -0.0002533 0.0000523 0.0000000 0.0003312 0.0002387 0.0000000
           dy  0.0004250-0.0002102 0.0000000 0.0000228 0.0001183 0.0000000
           dz  0.0000000 0.0000000-0.0009008 0.0000000 0.0000000 0.0001385
  19 c     dx -0.1558438-0.0939944 0.0000000-0.0038577-0.0025155 0.0000000
           dy  0.0087819-0.3766478 0.0000000-0.0040377-0.0013725 0.0000000
           dz  0.0000000 0.0000000-0.0624033 0.0000000 0.0000000 0.0077306
  20 h     dx  0.0010360 0.0061202 0.0000000-0.0007898-0.0006476 0.0000000
           dy -0.0333683-0.0053106 0.0000000 0.0011605 0.0006031 0.0000000
           dz  0.0000000 0.0000000 0.0033845 0.0000000 0.0000000 0.0001519

   ATOM              7 h                           8 h 
                  dx        dy        dz        dx        dy        dz
   7 h     dx  0.3813735
           dy  0.1082355 0.1027446
           dz  0.0000000 0.0000000 0.0283689
   8 h     dx -0.0007898 0.0011605 0.0000000 0.2722628
           dy -0.0006476 0.0006031 0.0000000-0.1754649 0.2144566
           dz  0.0000000 0.0000000 0.0001519 0.0000000 0.0000000 0.0277731
   9 c     dx  0.0015538 0.0020527 0.0000000 0.0013219 0.0010858 0.0000000
           dy -0.0020939 0.0015206 0.0000000 0.0016491-0.0000807 0.0000000
           dz  0.0000000 0.0000000-0.0038691 0.0000000 0.0000000-0.0038999
  10 c     dx  0.0001644-0.0003058 0.0000000 0.0000107-0.0019984 0.0000000
           dy -0.0001058-0.0000548 0.0000000 0.0003476-0.0009547 0.0000000
           dz  0.0000000 0.0000000 0.0001211 0.0000000 0.0000000 0.0002349
  11 h     dx -0.0000411-0.0000239 0.0000000 0.0004858-0.0003406 0.0000000
           dy -0.0000750 0.0000864 0.0000000-0.0007706-0.0015895 0.0000000
           dz  0.0000000 0.0000000-0.0000891 0.0000000 0.0000000 0.0003126
  12 h     dx  0.0000871-0.0004162 0.0000000 0.0001200 0.0000395 0.0000000
           dy  0.0005205-0.0001097 0.0000000 0.0000001 0.0000000 0.0000000
           dz  0.0000000 0.0000000-0.0000515 0.0000000 0.0000000-0.0000661
  13 h     dx  0.0000388-0.0000014 0.0000000 0.0003312 0.0002387 0.0000000
           dy  0.0000894-0.0000252 0.0000000 0.0000228 0.0001183 0.0000000
           dz  0.0000000 0.0000000 0.0003274 0.0000000 0.0000000 0.0001385
  14 c     dx  0.0000497-0.0015360 0.0000000 0.0004950 0.0013615 0.0000000
           dy  0.0000856 0.0002435 0.0000000-0.0002509-0.0003574 0.0000000
           dz  0.0000000 0.0000000 0.0001565 0.0000000 0.0000000 0.0000275
  15 h     dx  0.0000295-0.0000601 0.0000000 0.0000091 0.0000259 0.0000000
           dy  0.0000027-0.0004697 0.0000000 0.0000156-0.0000026 0.0000000
           dz  0.0000000 0.0000000-0.0002289 0.0000000 0.0000000 0.0000170
  16 c     dx -0.0000077-0.0000187 0.0000000-0.0000892-0.0003130 0.0000000
           dy -0.0000134 0.0000577 0.0000000-0.0001301-0.0003411 0.0000000
           dz  0.0000000 0.0000000 0.0000277 0.0000000 0.0000000-0.0001142
  17 h     dx -0.0000006-0.0000265 0.0000000-0.0000013-0.0000086 0.0000000
           dy -0.0000240-0.0000328 0.0000000 0.0000049-0.0000007 0.0000000
           dz  0.0000000 0.0000000 0.0000159 0.0000000 0.0000000-0.0000063
  18 h     dx  0.0000085 0.0000484 0.0000000 0.0000364 0.0001123 0.0000000
           dy  0.0000110-0.0000177 0.0000000-0.0000400-0.0000614 0.0000000
           dz  0.0000000 0.0000000 0.0000036 0.0000000 0.0000000 0.0000085
  19 c     dx  0.0010911 0.0005715 0.0000000 0.0093662 0.0279727 0.0000000
           dy  0.0007553-0.0005316 0.0000000-0.0118046-0.0140864 0.0000000
           dz  0.0000000 0.0000000-0.0009107 0.0000000 0.0000000 0.0037161
  20 h     dx -0.0002035-0.0001649 0.0000000 0.0011887 0.0002200 0.0000000
           dy -0.0001649 0.0001258 0.0000000-0.0000048 0.0018636 0.0000000
           dz  0.0000000 0.0000000-0.0010688 0.0000000 0.0000000-0.0051167

   ATOM              9 c                          10 c 
                  dx        dy        dz        dx        dy        dz
   9 c     dx  0.8730670
           dy -0.1449947 0.7783055
           dz  0.0000000 0.0000000 0.1379719
  10 c     dx -0.3573089 0.2316916 0.0000000 0.8657805
           dy  0.2539578-0.4041805 0.0000000-0.1059219 0.8970560
           dz  0.0000000 0.0000000-0.0524316 0.0000000 0.0000000 0.1136590
  11 h     dx -0.0129427-0.0073928 0.0000000-0.4033085-0.0503968 0.0000000
           dy  0.0304402 0.0109562 0.0000000-0.0521806-0.0776970 0.0000000
           dz  0.0000000 0.0000000 0.0047187 0.0000000 0.0000000-0.0386601
  12 h     dx -0.3867931-0.0658111 0.0000000-0.0149286-0.0090290 0.0000000
           dy -0.0685033-0.0784444 0.0000000 0.0327365 0.0076346 0.0000000
           dz  0.0000000 0.0000000-0.0441644 0.0000000 0.0000000 0.0056839
  13 h     dx  0.0103086 0.0280245 0.0000000-0.1059615-0.1094262 0.0000000
           dy -0.0131088-0.0162605 0.0000000-0.1061751-0.3755982 0.0000000
           dz  0.0000000 0.0000000 0.0056527 0.0000000 0.0000000-0.0353566
  14 c     dx -0.0002006-0.0008297 0.0000000 0.0000595 0.0004397 0.0000000
           dy -0.0008297 0.0033262 0.0000000 0.0011722-0.0010538 0.0000000
           dz  0.0000000 0.0000000-0.0009912 0.0000000 0.0000000 0.0000937
  15 h     dx  0.0000453 0.0000074 0.0000000-0.0000154-0.0000201 0.0000000
           dy  0.0001427 0.0000260 0.0000000-0.0000274-0.0000647 0.0000000
           dz  0.0000000 0.0000000-0.0000078 0.0000000 0.0000000-0.0000033
  16 c     dx  0.0000595 0.0011722 0.0000000 0.0002453-0.0004949 0.0000000
           dy  0.0004397-0.0010538 0.0000000-0.0004949 0.0002336 0.0000000
           dz  0.0000000 0.0000000 0.0000937 0.0000000 0.0000000 0.0000092
  17 h     dx  0.0001857 0.0000775 0.0000000-0.0000738-0.0000988 0.0000000
           dy -0.0000340 0.0000123 0.0000000-0.0000016 0.0000094 0.0000000
           dz  0.0000000 0.0000000 0.0000631 0.0000000 0.0000000-0.0000057
  18 h     dx -0.0000684-0.0000495 0.0000000 0.0000330 0.0000474 0.0000000
           dy -0.0000993-0.0000509 0.0000000 0.0000415 0.0000445 0.0000000
           dz  0.0000000 0.0000000-0.0000086 0.0000000 0.0000000-0.0000182
  19 c     dx -0.0064632-0.0012948 0.0000000-0.0005182 0.0014157 0.0000000
           dy -0.0004664 0.0102236 0.0000000 0.0029418-0.0018299 0.0000000
           dz  0.0000000 0.0000000 0.0069193 0.0000000 0.0000000-0.0004624
  20 h     dx  0.0000497 0.0000856 0.0000000-0.0000077-0.0000134 0.0000000
           dy -0.0015360 0.0002435 0.0000000-0.0000187 0.0000577 0.0000000
           dz  0.0000000 0.0000000 0.0001565 0.0000000 0.0000000 0.0000277

   ATOM             11 h                          12 h 
                  dx        dy        dz        dx        dy        dz
  11 h     dx  0.4170616
           dy  0.0511621 0.0690689
           dz  0.0000000 0.0000000 0.0250184
  12 h     dx -0.0004541 0.0020266 0.0000000 0.4011282
           dy  0.0021474-0.0038400 0.0000000 0.0671455 0.0826477
           dz  0.0000000 0.0000000 0.0140560 0.0000000 0.0000000 0.0300135
  13 h     dx -0.0018009-0.0298881 0.0000000 0.0019287-0.0000785 0.0000000
           dy  0.0075892 0.0024135 0.0000000-0.0001464 0.0016750 0.0000000
           dz  0.0000000 0.0000000 0.0022707 0.0000000 0.0000000-0.0092968
  14 c     dx  0.0001857-0.0000340 0.0000000 0.0000453 0.0001427 0.0000000
           dy  0.0000775 0.0000123 0.0000000 0.0000074 0.0000260 0.0000000
           dz  0.0000000 0.0000000 0.0000631 0.0000000 0.0000000-0.0000078
  15 h     dx -0.0000087 0.0000005 0.0000000-0.0000076 0.0000011 0.0000000
           dy -0.0000246-0.0000039 0.0000000 0.0000011 0.0000001 0.0000000
           dz  0.0000000 0.0000000 0.0000047 0.0000000 0.0000000-0.0000025
  16 c     dx -0.0000738-0.0000016 0.0000000-0.0000154-0.0000274 0.0000000
           dy -0.0000988 0.0000094 0.0000000-0.0000201-0.0000647 0.0000000
           dz  0.0000000 0.0000000-0.0000057 0.0000000 0.0000000-0.0000033
  17 h     dx -0.0000583-0.0000017 0.0000000-0.0000087-0.0000246 0.0000000
           dy -0.0000017-0.0000016 0.0000000 0.0000005-0.0000039 0.0000000
           dz  0.0000000 0.0000000 0.0000166 0.0000000 0.0000000 0.0000047
  18 h     dx  0.0000325-0.0000027 0.0000000 0.0000056 0.0000206 0.0000000
           dy  0.0000314 0.0000043 0.0000000 0.0000024 0.0000105 0.0000000
           dz  0.0000000 0.0000000-0.0000202 0.0000000 0.0000000 0.0000021
  19 c     dx  0.0003777-0.0002517 0.0000000-0.0001991-0.0016935 0.0000000
           dy -0.0000418 0.0001797 0.0000000 0.0001797 0.0003007 0.0000000
           dz  0.0000000 0.0000000 0.0001564 0.0000000 0.0000000-0.0000106
  20 h     dx -0.0000006-0.0000240 0.0000000 0.0000295 0.0000027 0.0000000
           dy -0.0000265-0.0000328 0.0000000-0.0000601-0.0004697 0.0000000
           dz  0.0000000 0.0000000 0.0000159 0.0000000 0.0000000-0.0002289

   ATOM             13 h                          14 c 
                  dx        dy        dz        dx        dy        dz
  13 h     dx  0.0981142
           dy  0.1088892 0.3879173
           dz  0.0000000 0.0000000 0.0248277
  14 c     dx -0.0000684-0.0000993 0.0000000 0.8730670
           dy -0.0000495-0.0000509 0.0000000-0.1449947 0.7783055
           dz  0.0000000 0.0000000-0.0000086 0.0000000 0.0000000 0.1379719
  15 h     dx  0.0000056 0.0000024 0.0000000-0.3867931-0.0658111 0.0000000
           dy  0.0000206 0.0000105 0.0000000-0.0685033-0.0784444 0.0000000
           dz  0.0000000 0.0000000 0.0000021 0.0000000 0.0000000-0.0441644
  16 c     dx  0.0000330 0.0000415 0.0000000-0.3573089 0.2316916 0.0000000
           dy  0.0000474 0.0000445 0.0000000 0.2539578-0.4041805 0.0000000
           dz  0.0000000 0.0000000-0.0000182 0.0000000 0.0000000-0.0524316
  17 h     dx  0.0000325 0.0000314 0.0000000-0.0129427-0.0073928 0.0000000
           dy -0.0000027 0.0000043 0.0000000 0.0304402 0.0109562 0.0000000
           dz  0.0000000 0.0000000-0.0000202 0.0000000 0.0000000 0.0047187
  18 h     dx -0.0000156-0.0000179 0.0000000 0.0103086 0.0280245 0.0000000
           dy -0.0000179-0.0000223 0.0000000-0.0131088-0.0162605 0.0000000
           dz  0.0000000 0.0000000 0.0000263 0.0000000 0.0000000 0.0056527
  19 c     dx  0.0002011-0.0002351 0.0000000 0.0073883 0.0052861 0.0000000
           dy -0.0000130 0.0000213 0.0000000 0.0306403-0.0453611 0.0000000
           dz  0.0000000 0.0000000-0.0003397 0.0000000 0.0000000 0.0039464
  20 h     dx  0.0000085 0.0000110 0.0000000 0.0015538-0.0020939 0.0000000
           dy  0.0000484-0.0000177 0.0000000 0.0020527 0.0015206 0.0000000
           dz  0.0000000 0.0000000 0.0000036 0.0000000 0.0000000-0.0038691

   ATOM             15 h                          16 c 
                  dx        dy        dz        dx        dy        dz
  15 h     dx  0.4011282
           dy  0.0671455 0.0826477
           dz  0.0000000 0.0000000 0.0300135
  16 c     dx -0.0149286 0.0327365 0.0000000 0.8657805
           dy -0.0090290 0.0076346 0.0000000-0.1059219 0.8970560
           dz  0.0000000 0.0000000 0.0056839 0.0000000 0.0000000 0.1136590
  17 h     dx -0.0004541 0.0021474 0.0000000-0.4033085-0.0503968 0.0000000
           dy  0.0020266-0.0038400 0.0000000-0.0521806-0.0776970 0.0000000
           dz  0.0000000 0.0000000 0.0140560 0.0000000 0.0000000-0.0386601
  18 h     dx  0.0019287-0.0000785 0.0000000-0.1059615-0.1094262 0.0000000
           dy -0.0001464 0.0016750 0.0000000-0.1061751-0.3755982 0.0000000
           dz  0.0000000 0.0000000-0.0092968 0.0000000 0.0000000-0.0353566
  19 c     dx  0.0015138-0.0022515 0.0000000 0.0006729-0.0069954 0.0000000
           dy  0.0024807 0.0017640 0.0000000-0.0070538 0.0032372 0.0000000
           dz  0.0000000 0.0000000-0.0008686 0.0000000 0.0000000 0.0014452
  20 h     dx  0.0000871 0.0005205 0.0000000 0.0001644-0.0001058 0.0000000
           dy -0.0004162-0.0001097 0.0000000-0.0003058-0.0000548 0.0000000
           dz  0.0000000 0.0000000-0.0000515 0.0000000 0.0000000 0.0001211

   ATOM             17 h                          18 h 
                  dx        dy        dz        dx        dy        dz
  17 h     dx  0.4170616
           dy  0.0511621 0.0690689
           dz  0.0000000 0.0000000 0.0250184
  18 h     dx -0.0018009-0.0298881 0.0000000 0.0981142
           dy  0.0075892 0.0024135 0.0000000 0.1088892 0.3879173
           dz  0.0000000 0.0000000 0.0022707 0.0000000 0.0000000 0.0248277
  19 c     dx -0.0001134-0.0000525 0.0000000 0.0008068-0.0005280 0.0000000
           dy -0.0001529 0.0000192 0.0000000 0.0008889-0.0004029 0.0000000
           dz  0.0000000 0.0000000 0.0000238 0.0000000 0.0000000 0.0000338
  20 h     dx -0.0000411-0.0000750 0.0000000 0.0000388 0.0000894 0.0000000
           dy -0.0000239 0.0000864 0.0000000-0.0000014-0.0000252 0.0000000
           dz  0.0000000 0.0000000-0.0000891 0.0000000 0.0000000 0.0003274

   ATOM             19 c                          20 h 
                  dx        dy        dz        dx        dy        dz
  19 c     dx  0.8250487
           dy  0.0541827 0.7564512
           dz  0.0000000 0.0000000 0.1411217
  20 h     dx -0.3708942-0.1039245 0.0000000 0.3813735
           dy -0.1039852-0.1013379 0.0000000 0.1082355 0.1027446
           dz  0.0000000 0.0000000-0.0398594 0.0000000 0.0000000 0.0283689
 

 keyword $hessian missing in file <control>


   *** projected hessian written onto $hessian (projected), file=<control> ***

 dipole moment in principle axis system (a.u.) :
     0.0000000000     0.0000000000     0.0000000000
 norm :  7.073305735007928E-014

 rotational constants b for rotations around axis of inertia
 and optical intensities for (1 <-- 0) transition

   b   :     0.0228284067     0.1542108757     0.0198847879   (cm**(-1))
   b   :         684.3784        4623.1257         596.1309     (MHz)
  int. :     0.0000000000     0.0000000000     0.0000000000     (a.u.)

   x   :     0.9997088339     0.0241298052     0.0000000000
   y   :    -0.0241298052     0.9997088339     0.0000000000
   z   :     0.0000000000     0.0000000000     1.0000000000

 keyword $vibrational normal modes missing in file <control>


   ***  normal modes written onto $vibrational normal modes, file=<control>  ***

 keyword $vibrational reduced masses missing in file <control>


 keyword $vibrational spectrum missing in file <control>


   ***  vibrational spectroscopic data written onto$vibrational spectrum   
        file=<control>  ***

          ---------------------------------------------------
          NORMAL MODES and VIBRATIONAL FREQUENCIES (cm**(-1))
          ---------------------------------------------------

 imaginary wave numbers indicate a negative curvature of the energy surface.
 zero frequency modes have no physical meaning except being generators of
 translations and rotations. each vibrational normal mode - given in terms of
 cartesian displacement vectors of all atoms - has been normalized to unity.
 to obtain mass-weigthed normal coordinates in a.u. divide the tabulated
 modes by sqrt(reduced mass * 1822.88853).
 band intensities or cross sections refer to independent non-degenerate normal
 modes, that is, the intensities of degenerate modes have yet to be added.
 dDIP/dQ is the normal mode derivative of the dipole moment.


       mode               1        2        3        4        5        6

     frequency           0.00     0.00     0.00     0.00     0.00     0.00

     symmetry                                                             

        IR                -        -        -        -        -        - 
|dDIP/dQ|   (a.u.)     0.0000   0.0000   0.0000   0.0000   0.0000   0.0000
intensity (km/mol)       0.00     0.00     0.00     0.00     0.00     0.00
intensity (  %   )       0.00     0.00     0.00     0.00     0.00     0.00
 
       RAMAN              -        -        -        -        -        - 
 
  1   c           x   0.03470 -0.00288  0.16407  0.04551 -0.16878 -0.02291
                  y  -0.04449 -0.00240  0.12840  0.04538  0.15081 -0.04529
                  z   0.17586 -0.10961 -0.01476  0.05942  0.05105 -0.00434
  2   c           x   0.02365 -0.00250  0.14854  0.06901 -0.15407 -0.00293
                  y  -0.01436 -0.00342  0.17074 -0.01869  0.11069 -0.09976
                  z   0.24320  0.11146 -0.03720  0.11432  0.06397 -0.05581
  3   c           x  -0.00746 -0.00146  0.10482  0.13517 -0.11264  0.05332
                  y  -0.00847 -0.00362  0.17901 -0.03121  0.10285 -0.11040
                  z   0.19055  0.16125 -0.07310  0.15020  0.03759 -0.13416
  4   c           x  -0.02899 -0.00073  0.07458  0.18093 -0.08398  0.09223
                  y  -0.03232 -0.00281  0.14550  0.01950  0.13460 -0.06729
                  z   0.06844 -0.00680 -0.08828  0.13305 -0.00284 -0.16483
  5   c           x  -0.01793 -0.00110  0.09011  0.15743 -0.09870  0.07225
                  y  -0.06245 -0.00180  0.10316  0.08357  0.17472 -0.01282
                  z   0.00109 -0.22787 -0.06583  0.07815 -0.01575 -0.11337
  6   h           x   0.03961 -0.00304  0.17097  0.03507 -0.17532 -0.03179
                  y   0.00460 -0.00406  0.19738 -0.05901  0.08544 -0.13404
                  z   0.33769  0.24536 -0.02639  0.12896  0.09497 -0.03413
  7   h           x  -0.01551 -0.00118  0.09352  0.15227 -0.10193  0.06786
                  y   0.01500 -0.00441  0.21199 -0.08112  0.07160 -0.15283
                  z   0.24430  0.33333 -0.08997  0.19247  0.04821 -0.17292
  8   h           x  -0.03390 -0.00057  0.06767  0.19138 -0.07744  0.10111
                  y  -0.08141 -0.00116  0.07652  0.12389  0.19997  0.02146
                  z  -0.09339 -0.36177 -0.07665  0.06351 -0.04676 -0.13505
  9   c           x  -0.06195  0.00038  0.02825  0.25104 -0.04009  0.15183
                  y  -0.02477 -0.00307  0.15611  0.00345  0.12455 -0.08094
                  z   0.01667  0.05546 -0.12677  0.17304 -0.02975 -0.24896
 10   c           x  -0.08503  0.00116 -0.00418  0.30011 -0.00936  0.19355
                  y  -0.04449 -0.00240  0.12840  0.04538  0.15081 -0.04529
                  z  -0.09631 -0.08231 -0.14507  0.16344 -0.06846 -0.28679
 11   h           x  -0.08164  0.00104  0.00058  0.29291 -0.01387  0.18743
                  y  -0.06900 -0.00158  0.09395  0.09751  0.18345 -0.00096
                  z  -0.16386 -0.26091 -0.13291  0.12364 -0.08456 -0.25814
 12   h           x  -0.06692  0.00055  0.02127  0.26160 -0.03347  0.16081
                  y  -0.00042 -0.00389  0.19032 -0.04832  0.09213 -0.12495
                  z   0.08009  0.23320 -0.14060  0.21396 -0.01536 -0.28121
 13   h           x  -0.10854  0.00195 -0.03722  0.35010  0.02195  0.23605
                  y  -0.03673 -0.00266  0.13930  0.02889  0.14048 -0.05931
                  z  -0.12595 -0.02068 -0.17334  0.19553 -0.08576 -0.34878
 14   c           x   0.06766 -0.00399  0.21039 -0.02459 -0.21268 -0.08251
                  y  -0.05204 -0.00215  0.11779  0.06143  0.16086 -0.03164
                  z   0.22763 -0.17188  0.02374  0.01944  0.07796  0.07978
 15   h           x   0.07263 -0.00415  0.21738 -0.03516 -0.21929 -0.09149
                  y  -0.07638 -0.00133  0.08358  0.11320  0.19328  0.01238
                  z   0.16420 -0.34962  0.03757 -0.02148  0.06357  0.11203
 16   c           x   0.09074 -0.00476  0.24283 -0.07367 -0.24341 -0.12424
                  y  -0.03232 -0.00281  0.14550  0.01950  0.13460 -0.06729
                  z   0.34061 -0.03411  0.04204  0.02903  0.11667  0.11761
 17   h           x   0.08736 -0.00465  0.23807 -0.06647 -0.23890 -0.11811
                  y  -0.00780 -0.00364  0.17995 -0.03263  0.10196 -0.11161
                  z   0.40816  0.14450  0.02987  0.06883  0.13277  0.08896
 18   h           x   0.11425 -0.00555  0.27586 -0.12366 -0.27471 -0.16674
                  y  -0.04007 -0.00255  0.13460  0.03599  0.14493 -0.05326
                  z   0.37024 -0.09574  0.07031 -0.00305  0.13397  0.17960
 19   c           x   0.01318 -0.00215  0.13383  0.09128 -0.14012  0.01600
                  y  -0.06833 -0.00160  0.09489  0.09609  0.18256 -0.00217
                  z   0.05375 -0.27767 -0.02993  0.04227  0.01062 -0.03502
 20   h           x   0.02122 -0.00242  0.14513  0.07418 -0.15083  0.00146
                  y  -0.09180 -0.00081  0.06191  0.14599  0.21381  0.04026
                  z   0.00000 -0.44974 -0.01306  0.00000  0.00000  0.00374

reduced mass(g/mol)     4.932    3.431    5.953    5.397    5.971    5.078


       mode               7        8        9       10       11       12

     frequency          50.48    81.58   147.06   178.82   263.04   297.09

     symmetry            au       bg       au       bu       ag       bg  

        IR               YES      NO       YES      YES      NO       NO 
|dDIP/dQ|   (a.u.)     0.0001   0.0000   0.0005   0.0004   0.0000   0.0000
intensity (km/mol)       0.03     0.00     0.38     0.27     0.00     0.00
intensity (  %   )       0.03     0.00     0.39     0.27     0.00     0.00
 
       RAMAN             NO       YES      NO       NO       YES      YES
 
  1   c           x   0.00000  0.00000  0.00000 -0.10476  0.11951  0.00000
                  y   0.00000  0.00000  0.00000 -0.01701 -0.04606  0.00000
                  z  -0.07957  0.08426  0.03090  0.00000  0.00000  0.18219
  2   c           x   0.00000  0.00000  0.00000 -0.11217  0.08239  0.00000
                  y   0.00000  0.00000  0.00000 -0.00947  0.06526  0.00000
                  z  -0.09503  0.13138  0.09460  0.00000  0.00000  0.09879
  3   c           x   0.00000  0.00000  0.00000 -0.11433 -0.06138  0.00000
                  y   0.00000  0.00000  0.00000 -0.02251  0.10060  0.00000
                  z  -0.10231  0.04206  0.08132  0.00000  0.00000 -0.11923
  4   c           x   0.00000  0.00000  0.00000 -0.10476 -0.11951  0.00000
                  y   0.00000  0.00000  0.00000 -0.01701  0.04606  0.00000
                  z  -0.07957 -0.08426  0.03090  0.00000  0.00000 -0.18219
  5   c           x   0.00000  0.00000  0.00000 -0.11217 -0.08239  0.00000
                  y   0.00000  0.00000  0.00000 -0.00947 -0.06526  0.00000
                  z  -0.09503 -0.13138  0.09460  0.00000  0.00000 -0.09879
  6   h           x   0.00000  0.00000  0.00000 -0.10936  0.15161  0.00000
                  y   0.00000  0.00000  0.00000 -0.00267  0.14289  0.00000
                  z  -0.10236  0.24705  0.08242  0.00000  0.00000  0.12842
  7   h           x   0.00000  0.00000  0.00000 -0.11514 -0.09135  0.00000
                  y   0.00000  0.00000  0.00000 -0.02286  0.18888  0.00000
                  z  -0.11071  0.08376  0.06184  0.00000  0.00000 -0.18183
  8   h           x   0.00000  0.00000  0.00000 -0.10936 -0.15161  0.00000
                  y   0.00000  0.00000  0.00000 -0.00267 -0.14289  0.00000
                  z  -0.10236 -0.24705  0.08242  0.00000  0.00000 -0.12842
  9   c           x   0.00000  0.00000  0.00000  0.05442 -0.05393  0.00000
                  y   0.00000  0.00000  0.00000 -0.05420  0.04347  0.00000
                  z  -0.02344 -0.13846 -0.18125  0.00000  0.00000  0.05296
 10   c           x   0.00000  0.00000  0.00000  0.23500  0.12430  0.00000
                  y   0.00000  0.00000  0.00000  0.09670  0.19766  0.00000
                  z   0.26933  0.14613 -0.00608  0.00000  0.00000  0.03269
 11   h           x   0.00000  0.00000  0.00000  0.20756  0.09348  0.00000
                  y   0.00000  0.00000  0.00000  0.28909  0.40756  0.00000
                  z   0.49108  0.44599  0.35460  0.00000  0.00000 -0.31763
 12   h           x   0.00000  0.00000  0.00000  0.08839 -0.02635  0.00000
                  y   0.00000  0.00000  0.00000 -0.21979 -0.08660  0.00000
                  z  -0.21208 -0.39634 -0.51886  0.00000  0.00000  0.39653
 13   h           x   0.00000  0.00000  0.00000  0.42703  0.33486  0.00000
                  y   0.00000  0.00000  0.00000  0.03364  0.12943  0.00000
                  z   0.30367  0.09647 -0.21217  0.00000  0.00000  0.36232
 14   c           x   0.00000  0.00000  0.00000  0.05442  0.05393  0.00000
                  y   0.00000  0.00000  0.00000 -0.05420 -0.04347  0.00000
                  z  -0.02344  0.13846 -0.18125  0.00000  0.00000 -0.05296
 15   h           x   0.00000  0.00000  0.00000  0.08839  0.02635  0.00000
                  y   0.00000  0.00000  0.00000 -0.21979  0.08660  0.00000
                  z  -0.21208  0.39634 -0.51886  0.00000  0.00000 -0.39653
 16   c           x   0.00000  0.00000  0.00000  0.23500 -0.12430  0.00000
                  y   0.00000  0.00000  0.00000  0.09670 -0.19766  0.00000
                  z   0.26933 -0.14613 -0.00608  0.00000  0.00000 -0.03269
 17   h           x   0.00000  0.00000  0.00000  0.20756 -0.09348  0.00000
                  y   0.00000  0.00000  0.00000  0.28909 -0.40756  0.00000
                  z   0.49108 -0.44599  0.35460  0.00000  0.00000  0.31763
 18   h           x   0.00000  0.00000  0.00000  0.42703 -0.33486  0.00000
                  y   0.00000  0.00000  0.00000  0.03364 -0.12943  0.00000
                  z   0.30367 -0.09647 -0.21217  0.00000  0.00000 -0.36232
 19   c           x   0.00000  0.00000  0.00000 -0.11433  0.06138  0.00000
                  y   0.00000  0.00000  0.00000 -0.02251 -0.10060  0.00000
                  z  -0.10231 -0.04206  0.08132  0.00000  0.00000  0.11923
 20   h           x   0.00000  0.00000  0.00000 -0.11514  0.09135  0.00000
                  y   0.00000  0.00000  0.00000 -0.02286 -0.18888  0.00000
                  z  -0.11071 -0.08376  0.06184  0.00000  0.00000  0.18183

reduced mass(g/mol)     3.185    2.475    2.095    3.384    3.223    2.351


       mode              13       14       15       16       17       18

     frequency         407.42   423.30   466.62   486.11   577.75   655.30

     symmetry            ag       au       au       bu       ag       bg  

        IR               NO       YES      YES      YES      NO       NO 
|dDIP/dQ|   (a.u.)     0.0000   0.0002   0.0018   0.0010   0.0000   0.0000
intensity (km/mol)       0.00     0.10     5.79     1.90     0.00     0.00
intensity (  %   )       0.00     0.11     5.91     1.94     0.00     0.00
 
       RAMAN             YES      NO       NO       NO       YES      YES
 
  1   c           x  -0.13961  0.00000  0.00000 -0.04033  0.06117  0.00000
                  y  -0.13014  0.00000  0.00000  0.06072 -0.11784  0.00000
                  z   0.00000 -0.01912 -0.19730  0.00000  0.00000  0.03726
  2   c           x  -0.15548  0.00000  0.00000 -0.07493  0.02402  0.00000
                  y  -0.06025  0.00000  0.00000  0.10421  0.02139  0.00000
                  z   0.00000  0.21794  0.06088  0.00000  0.00000 -0.11367
  3   c           x   0.00458  0.00000  0.00000 -0.07339 -0.13162  0.00000
                  y  -0.05230  0.00000  0.00000  0.08755  0.06754  0.00000
                  z   0.00000 -0.21043  0.09372  0.00000  0.00000  0.11857
  4   c           x   0.13961  0.00000  0.00000 -0.04033 -0.06117  0.00000
                  y   0.13014  0.00000  0.00000  0.06072  0.11784  0.00000
                  z   0.00000 -0.01912 -0.19730  0.00000  0.00000 -0.03726
  5   c           x   0.15548  0.00000  0.00000 -0.07493 -0.02402  0.00000
                  y   0.06025  0.00000  0.00000  0.10421 -0.02139  0.00000
                  z   0.00000  0.21794  0.06088  0.00000  0.00000  0.11367
  6   h           x  -0.16093  0.00000  0.00000 -0.07706  0.16111  0.00000
                  y  -0.06921  0.00000  0.00000  0.10221  0.18202  0.00000
                  z   0.00000  0.48885  0.28373  0.00000  0.00000 -0.19202
  7   h           x   0.07711  0.00000  0.00000 -0.08053 -0.14048  0.00000
                  y  -0.25450  0.00000  0.00000  0.09926  0.09004  0.00000
                  z   0.00000 -0.40450  0.33990  0.00000  0.00000  0.16221
  8   h           x   0.16093  0.00000  0.00000 -0.07706 -0.16111  0.00000
                  y   0.06921  0.00000  0.00000  0.10221 -0.18202  0.00000
                  z   0.00000  0.48885  0.28373  0.00000  0.00000  0.19202
  9   c           x   0.00014  0.00000  0.00000  0.17487  0.17383  0.00000
                  y   0.24192  0.00000  0.00000 -0.02957  0.08965  0.00000
                  z   0.00000  0.00439 -0.06659  0.00000  0.00000 -0.14019
 10   c           x  -0.08092  0.00000  0.00000  0.02805  0.02072  0.00000
                  y   0.20080  0.00000  0.00000 -0.18535 -0.05840  0.00000
                  z   0.00000 -0.00147  0.02809  0.00000  0.00000  0.02333
 11   h           x  -0.07559  0.00000  0.00000  0.07402  0.07263  0.00000
                  y   0.14819  0.00000  0.00000 -0.49720 -0.42778  0.00000
                  z   0.00000 -0.05092 -0.24284  0.00000  0.00000 -0.29766
 12   h           x  -0.01907  0.00000  0.00000  0.17738  0.18280  0.00000
                  y   0.35703  0.00000  0.00000 -0.05890  0.04433  0.00000
                  z   0.00000  0.02509  0.20337  0.00000  0.00000  0.18631
 13   h           x  -0.14302  0.00000  0.00000 -0.26381 -0.32248  0.00000
                  y   0.22417  0.00000  0.00000 -0.09289  0.05272  0.00000
                  z   0.00000  0.04500  0.38340  0.00000  0.00000  0.51472
 14   c           x  -0.00014  0.00000  0.00000  0.17487 -0.17383  0.00000
                  y  -0.24192  0.00000  0.00000 -0.02957 -0.08965  0.00000
                  z   0.00000  0.00439 -0.06659  0.00000  0.00000  0.14019
 15   h           x   0.01907  0.00000  0.00000  0.17738 -0.18280  0.00000
                  y  -0.35703  0.00000  0.00000 -0.05890 -0.04433  0.00000
                  z   0.00000  0.02509  0.20337  0.00000  0.00000 -0.18631
 16   c           x   0.08092  0.00000  0.00000  0.02805 -0.02072  0.00000
                  y  -0.20080  0.00000  0.00000 -0.18535  0.05840  0.00000
                  z   0.00000 -0.00147  0.02809  0.00000  0.00000 -0.02333
 17   h           x   0.07559  0.00000  0.00000  0.07402 -0.07263  0.00000
                  y  -0.14819  0.00000  0.00000 -0.49720  0.42778  0.00000
                  z   0.00000 -0.05092 -0.24284  0.00000  0.00000  0.29766
 18   h           x   0.14302  0.00000  0.00000 -0.26381  0.32248  0.00000
                  y  -0.22417  0.00000  0.00000 -0.09289 -0.05272  0.00000
                  z   0.00000  0.04500  0.38340  0.00000  0.00000 -0.51472
 19   c           x  -0.00458  0.00000  0.00000 -0.07339  0.13162  0.00000
                  y   0.05230  0.00000  0.00000  0.08755 -0.06754  0.00000
                  z   0.00000 -0.21043  0.09372  0.00000  0.00000 -0.11857
 20   h           x  -0.07711  0.00000  0.00000 -0.08053  0.14048  0.00000
                  y   0.25450  0.00000  0.00000  0.09926 -0.09004  0.00000
                  z   0.00000 -0.40450  0.33990  0.00000  0.00000 -0.16221

reduced mass(g/mol)     4.801    3.036    2.254    3.240    2.827    2.077


       mode              19       20       21       22       23       24

     frequency         673.28   705.22   734.76   809.37   862.32   894.22

     symmetry            ag       au       bu       bg       ag       bg  

        IR               NO       YES      YES      NO       NO       NO 
|dDIP/dQ|   (a.u.)     0.0000   0.0005   0.0016   0.0000   0.0000   0.0000
intensity (km/mol)       0.00     0.44     4.32     0.00     0.00     0.00
intensity (  %   )       0.00     0.45     4.41     0.00     0.00     0.00
 
       RAMAN             YES      NO       NO       YES      YES      YES
 
  1   c           x   0.10572  0.00000  0.00290  0.00000 -0.01767  0.00000
                  y  -0.00207  0.00000  0.01779  0.00000 -0.07637  0.00000
                  z   0.00000 -0.08573  0.00000  0.26115  0.00000  0.00069
  2   c           x   0.15534  0.00000 -0.02790  0.00000 -0.24560  0.00000
                  y  -0.32636  0.00000 -0.13091  0.00000  0.07741  0.00000
                  z   0.00000 -0.01991  0.00000 -0.10572  0.00000 -0.07749
  3   c           x  -0.23920  0.00000 -0.07136  0.00000 -0.24512  0.00000
                  y  -0.25349  0.00000 -0.13265  0.00000  0.00165  0.00000
                  z   0.00000 -0.01573  0.00000  0.10642  0.00000 -0.07265
  4   c           x  -0.10572  0.00000  0.00290  0.00000  0.01767  0.00000
                  y   0.00207  0.00000  0.01779  0.00000  0.07637  0.00000
                  z   0.00000 -0.08573  0.00000 -0.26115  0.00000 -0.00069
  5   c           x  -0.15534  0.00000 -0.02790  0.00000  0.24560  0.00000
                  y   0.32636  0.00000 -0.13091  0.00000 -0.07741  0.00000
                  z   0.00000 -0.01991  0.00000  0.10572  0.00000  0.07749
  6   h           x   0.21625  0.00000 -0.08940  0.00000 -0.14916  0.00000
                  y  -0.25523  0.00000 -0.19785  0.00000  0.21487  0.00000
                  z   0.00000  0.30694  0.00000 -0.27627  0.00000  0.49947
  7   h           x  -0.27863  0.00000 -0.03992  0.00000 -0.19034  0.00000
                  y  -0.14276  0.00000 -0.22325  0.00000 -0.20312  0.00000
                  z   0.00000  0.31334  0.00000  0.28917  0.00000  0.48853
  8   h           x  -0.21625  0.00000 -0.08940  0.00000  0.14916  0.00000
                  y   0.25523  0.00000 -0.19785  0.00000 -0.21487  0.00000
                  z   0.00000  0.30694  0.00000  0.27627  0.00000 -0.49947
  9   c           x  -0.05496  0.00000  0.13244  0.00000 -0.08017  0.00000
                  y  -0.00964  0.00000  0.17960  0.00000 -0.10718  0.00000
                  z   0.00000  0.11672  0.00000  0.12297  0.00000 -0.00002
 10   c           x  -0.03945  0.00000 -0.00939  0.00000  0.00045  0.00000
                  y   0.02323  0.00000  0.09067  0.00000 -0.07526  0.00000
                  z   0.00000 -0.01693  0.00000 -0.01114  0.00000 -0.00177
 11   h           x  -0.05258  0.00000  0.03692  0.00000 -0.03744  0.00000
                  y   0.11916  0.00000 -0.26516  0.00000  0.21124  0.00000
                  z   0.00000  0.25243  0.00000  0.20724  0.00000 -0.01289
 12   h           x  -0.05721  0.00000  0.13933  0.00000 -0.08712  0.00000
                  y   0.00146  0.00000  0.18336  0.00000 -0.11052  0.00000
                  z   0.00000 -0.18037  0.00000 -0.15930  0.00000  0.00110
 13   h           x   0.03645  0.00000 -0.36495  0.00000  0.31488  0.00000
                  y  -0.00097  0.00000  0.21095  0.00000 -0.18164  0.00000
                  z   0.00000 -0.43525  0.00000 -0.40717  0.00000  0.02032
 14   c           x   0.05496  0.00000  0.13244  0.00000  0.08017  0.00000
                  y   0.00964  0.00000  0.17960  0.00000  0.10718  0.00000
                  z   0.00000  0.11672  0.00000 -0.12297  0.00000  0.00002
 15   h           x   0.05721  0.00000  0.13933  0.00000  0.08712  0.00000
                  y  -0.00146  0.00000  0.18336  0.00000  0.11052  0.00000
                  z   0.00000 -0.18037  0.00000  0.15930  0.00000 -0.00110
 16   c           x   0.03945  0.00000 -0.00939  0.00000 -0.00045  0.00000
                  y  -0.02323  0.00000  0.09067  0.00000  0.07526  0.00000
                  z   0.00000 -0.01693  0.00000  0.01114  0.00000  0.00177
 17   h           x   0.05258  0.00000  0.03692  0.00000  0.03744  0.00000
                  y  -0.11916  0.00000 -0.26516  0.00000 -0.21124  0.00000
                  z   0.00000  0.25243  0.00000 -0.20724  0.00000  0.01289
 18   h           x  -0.03645  0.00000 -0.36495  0.00000 -0.31488  0.00000
                  y   0.00097  0.00000  0.21095  0.00000  0.18164  0.00000
                  z   0.00000 -0.43525  0.00000  0.40717  0.00000 -0.02032
 19   c           x   0.23920  0.00000 -0.07136  0.00000  0.24512  0.00000
                  y   0.25349  0.00000 -0.13265  0.00000 -0.00165  0.00000
                  z   0.00000 -0.01573  0.00000 -0.10642  0.00000  0.07265
 20   h           x   0.27863  0.00000 -0.03992  0.00000  0.19034  0.00000
                  y   0.14276  0.00000 -0.22325  0.00000  0.20312  0.00000
                  z   0.00000  0.31334  0.00000 -0.28917  0.00000 -0.48853

reduced mass(g/mol)     6.917    1.490    3.187    3.339    4.444    1.256


       mode              25       26       27       28       29       30

     frequency         896.29   979.15   979.26  1018.59  1037.13  1073.02

     symmetry            au       bg       au       bg       au       bu  

        IR               YES      NO       YES      NO       YES      YES
|dDIP/dQ|   (a.u.)     0.0038   0.0000   0.0045   0.0000   0.0001   0.0006
intensity (km/mol)      26.29     0.00    36.16     0.00     0.02     0.60
intensity (  %   )      26.83     0.00    36.90     0.00     0.02     0.61
 
       RAMAN             NO       YES      NO       YES      NO       NO 
 
  1   c           x   0.00000  0.00000  0.00000  0.00000  0.00000  0.01754
                  y   0.00000  0.00000  0.00000  0.00000  0.00000  0.04461
                  z   0.12469  0.00417 -0.00563 -0.01983 -0.00041  0.00000
  2   c           x   0.00000  0.00000  0.00000  0.00000  0.00000  0.18445
                  y   0.00000  0.00000  0.00000  0.00000  0.00000 -0.06405
                  z  -0.08036  0.00110  0.00405  0.07325 -0.08532  0.00000
  3   c           x   0.00000  0.00000  0.00000  0.00000  0.00000 -0.21226
                  y   0.00000  0.00000  0.00000  0.00000  0.00000  0.00330
                  z  -0.07407 -0.00014 -0.00019 -0.07425  0.08653  0.00000
  4   c           x   0.00000  0.00000  0.00000  0.00000  0.00000  0.01754
                  y   0.00000  0.00000  0.00000  0.00000  0.00000  0.04461
                  z   0.12469 -0.00417 -0.00563  0.01983 -0.00041  0.00000
  5   c           x   0.00000  0.00000  0.00000  0.00000  0.00000  0.18445
                  y   0.00000  0.00000  0.00000  0.00000  0.00000 -0.06405
                  z  -0.08036 -0.00110  0.00405 -0.07325 -0.08532  0.00000
  6   h           x   0.00000  0.00000  0.00000  0.00000  0.00000  0.40960
                  y   0.00000  0.00000  0.00000  0.00000  0.00000  0.18975
                  z   0.46528 -0.01297 -0.02173 -0.48493  0.48480  0.00000
  7   h           x   0.00000  0.00000  0.00000  0.00000  0.00000 -0.31322
                  y   0.00000  0.00000  0.00000  0.00000  0.00000  0.26751
                  z   0.45939  0.00266  0.00541  0.50110 -0.49968  0.00000
  8   h           x   0.00000  0.00000  0.00000  0.00000  0.00000  0.40960
                  y   0.00000  0.00000  0.00000  0.00000  0.00000  0.18975
                  z   0.46528  0.01297 -0.02173  0.48493  0.48480  0.00000
  9   c           x   0.00000  0.00000  0.00000  0.00000  0.00000  0.00720
                  y   0.00000  0.00000  0.00000  0.00000  0.00000  0.00306
                  z  -0.06197  0.04185  0.04259 -0.01088  0.00045  0.00000
 10   c           x   0.00000  0.00000  0.00000  0.00000  0.00000 -0.01327
                  y   0.00000  0.00000  0.00000  0.00000  0.00000 -0.03173
                  z   0.00164 -0.12016 -0.12029  0.00187 -0.00267  0.00000
 11   h           x   0.00000  0.00000  0.00000  0.00000  0.00000 -0.03174
                  y   0.00000  0.00000  0.00000  0.00000  0.00000  0.10970
                  z  -0.07312  0.49512  0.49564 -0.02969  0.02164  0.00000
 12   h           x   0.00000  0.00000  0.00000  0.00000  0.00000 -0.00314
                  y   0.00000  0.00000  0.00000  0.00000  0.00000  0.04850
                  z   0.03607 -0.01902 -0.01925 -0.02378  0.00431  0.00000
 13   h           x   0.00000  0.00000  0.00000  0.00000  0.00000  0.13326
                  y   0.00000  0.00000  0.00000  0.00000  0.00000 -0.08161
                  z   0.18572  0.48796  0.48697  0.02996  0.00580  0.00000
 14   c           x   0.00000  0.00000  0.00000  0.00000  0.00000  0.00720
                  y   0.00000  0.00000  0.00000  0.00000  0.00000  0.00306
                  z  -0.06197 -0.04185  0.04259  0.01088  0.00045  0.00000
 15   h           x   0.00000  0.00000  0.00000  0.00000  0.00000 -0.00314
                  y   0.00000  0.00000  0.00000  0.00000  0.00000  0.04850
                  z   0.03607  0.01902 -0.01925  0.02378  0.00431  0.00000
 16   c           x   0.00000  0.00000  0.00000  0.00000  0.00000 -0.01327
                  y   0.00000  0.00000  0.00000  0.00000  0.00000 -0.03173
                  z   0.00164  0.12016 -0.12029 -0.00187 -0.00267  0.00000
 17   h           x   0.00000  0.00000  0.00000  0.00000  0.00000 -0.03174
                  y   0.00000  0.00000  0.00000  0.00000  0.00000  0.10970
                  z  -0.07312 -0.49512  0.49564  0.02969  0.02164  0.00000
 18   h           x   0.00000  0.00000  0.00000  0.00000  0.00000  0.13326
                  y   0.00000  0.00000  0.00000  0.00000  0.00000 -0.08161
                  z   0.18572 -0.48796  0.48697 -0.02996  0.00580  0.00000
 19   c           x   0.00000  0.00000  0.00000  0.00000  0.00000 -0.21226
                  y   0.00000  0.00000  0.00000  0.00000  0.00000  0.00330
                  z  -0.07407  0.00014 -0.00019  0.07425  0.08653  0.00000
 20   h           x   0.00000  0.00000  0.00000  0.00000  0.00000 -0.31322
                  y   0.00000  0.00000  0.00000  0.00000  0.00000  0.26751
                  z   0.45939 -0.00266  0.00541 -0.50110 -0.49968  0.00000

reduced mass(g/mol)     1.698    1.365    1.367    1.259    1.333    2.917


       mode              31       32       33       34       35       36

     frequency        1100.98  1105.15  1105.30  1109.31  1204.52  1262.45

     symmetry            bu       au       bg       ag       bu       ag  

        IR               YES      YES      NO       NO       YES      NO 
|dDIP/dQ|   (a.u.)     0.0022   0.0027   0.0000   0.0000   0.0009   0.0000
intensity (km/mol)       8.96    13.27     0.00     0.00     1.49     0.00
intensity (  %   )       9.14    13.55     0.00     0.00     1.52     0.00
 
       RAMAN             NO       NO       YES      YES      NO       YES
 
  1   c           x  -0.05628  0.00000  0.00000 -0.02459  0.03360 -0.00553
                  y  -0.02799  0.00000  0.00000 -0.06436 -0.05078 -0.07444
                  z   0.00000 -0.00090  0.00195  0.00000  0.00000  0.00000
  2   c           x   0.06104  0.00000  0.00000  0.04856 -0.01841  0.03500
                  y  -0.00913  0.00000  0.00000 -0.02333  0.08307  0.00752
                  z   0.00000  0.00332 -0.00223  0.00000  0.00000  0.00000
  3   c           x   0.02161  0.00000  0.00000  0.02532 -0.03279  0.04088
                  y   0.02261  0.00000  0.00000  0.03306 -0.05332 -0.02670
                  z   0.00000 -0.00319 -0.00274  0.00000  0.00000  0.00000
  4   c           x  -0.05628  0.00000  0.00000  0.02459  0.03360  0.00553
                  y  -0.02799  0.00000  0.00000  0.06436 -0.05078  0.07444
                  z   0.00000 -0.00090 -0.00195  0.00000  0.00000  0.00000
  5   c           x   0.06104  0.00000  0.00000 -0.04856 -0.01841 -0.03500
                  y  -0.00913  0.00000  0.00000  0.02333  0.08307 -0.00752
                  z   0.00000  0.00332  0.00223  0.00000  0.00000  0.00000
  6   h           x   0.07700  0.00000  0.00000  0.10413  0.29576  0.30721
                  y  -0.00070  0.00000  0.00000  0.03126  0.46596  0.32354
                  z   0.00000  0.00317 -0.01836  0.00000  0.00000  0.00000
  7   h           x  -0.04146  0.00000  0.00000  0.01814  0.07274  0.20097
                  y   0.21616  0.00000  0.00000  0.06955 -0.39141 -0.47929
                  z   0.00000  0.00531  0.02701  0.00000  0.00000  0.00000
  8   h           x   0.07700  0.00000  0.00000 -0.10413  0.29576 -0.30721
                  y  -0.00070  0.00000  0.00000 -0.03126  0.46596 -0.32354
                  z   0.00000  0.00317  0.01836  0.00000  0.00000  0.00000
  9   c           x  -0.05571  0.00000  0.00000  0.05455 -0.00890 -0.02867
                  y  -0.03193  0.00000  0.00000  0.02812 -0.00951 -0.02370
                  z   0.00000 -0.06078 -0.06134  0.00000  0.00000  0.00000
 10   c           x   0.04730  0.00000  0.00000 -0.04498  0.00462  0.00910
                  y   0.06982  0.00000  0.00000 -0.08662  0.02496 -0.00202
                  z   0.00000  0.00465  0.00475  0.00000  0.00000  0.00000
 11   h           x   0.10247  0.00000  0.00000 -0.10173  0.01263  0.01864
                  y  -0.34910  0.00000  0.00000  0.35277 -0.04441 -0.06155
                  z   0.00000  0.32969  0.32882  0.00000  0.00000  0.00000
 12   h           x   0.00719  0.00000  0.00000 -0.00754 -0.00339 -0.01278
                  y  -0.34969  0.00000  0.00000  0.33400 -0.03040 -0.12557
                  z   0.00000  0.57599  0.57587  0.00000  0.00000  0.00000
 13   h           x  -0.35925  0.00000  0.00000  0.39825 -0.11707  0.00740
                  y   0.20465  0.00000  0.00000 -0.23520  0.06674 -0.00330
                  z   0.00000 -0.23614 -0.23534  0.00000  0.00000  0.00000
 14   c           x  -0.05571  0.00000  0.00000 -0.05455 -0.00890  0.02867
                  y  -0.03193  0.00000  0.00000 -0.02812 -0.00951  0.02370
                  z   0.00000 -0.06078  0.06134  0.00000  0.00000  0.00000
 15   h           x   0.00719  0.00000  0.00000  0.00754 -0.00339  0.01278
                  y  -0.34969  0.00000  0.00000 -0.33400 -0.03040  0.12557
                  z   0.00000  0.57599 -0.57587  0.00000  0.00000  0.00000
 16   c           x   0.04730  0.00000  0.00000  0.04498  0.00462 -0.00910
                  y   0.06982  0.00000  0.00000  0.08662  0.02496  0.00202
                  z   0.00000  0.00465 -0.00475  0.00000  0.00000  0.00000
 17   h           x   0.10247  0.00000  0.00000  0.10173  0.01263 -0.01864
                  y  -0.34910  0.00000  0.00000 -0.35277 -0.04441  0.06155
                  z   0.00000  0.32969 -0.32882  0.00000  0.00000  0.00000
 18   h           x  -0.35925  0.00000  0.00000 -0.39825 -0.11707 -0.00740
                  y   0.20465  0.00000  0.00000  0.23520  0.06674  0.00330
                  z   0.00000 -0.23614  0.23534  0.00000  0.00000  0.00000
 19   c           x   0.02161  0.00000  0.00000 -0.02532 -0.03279 -0.04088
                  y   0.02261  0.00000  0.00000 -0.03306 -0.05332  0.02670
                  z   0.00000 -0.00319  0.00274  0.00000  0.00000  0.00000
 20   h           x  -0.04146  0.00000  0.00000 -0.01814  0.07274 -0.20097
                  y   0.21616  0.00000  0.00000 -0.06955 -0.39141  0.47929
                  z   0.00000  0.00531 -0.02701  0.00000  0.00000  0.00000

reduced mass(g/mol)     1.448    1.090    1.092    1.507    1.353    1.244


       mode              37       38       39       40       41       42

     frequency        1284.51  1295.94  1351.06  1398.10  1420.32  1426.45

     symmetry            bu       ag       bu       ag       bu       ag  

        IR               YES      NO       YES      NO       YES      NO 
|dDIP/dQ|   (a.u.)     0.0002   0.0000   0.0023   0.0000   0.0021   0.0000
intensity (km/mol)       0.08     0.00     9.48     0.00     8.19     0.00
intensity (  %   )       0.08     0.00     9.68     0.00     8.36     0.00
 
       RAMAN             NO       YES      NO       YES      NO       YES
 
  1   c           x  -0.05891  0.00141  0.28529  0.09077 -0.02441 -0.05443
                  y   0.19891  0.21425  0.07497  0.01165  0.01299  0.00219
                  z   0.00000  0.00000  0.00000  0.00000  0.00000  0.00000
  2   c           x   0.08470  0.00874 -0.10853  0.01344  0.02010 -0.01519
                  y   0.02610  0.11755 -0.14856  0.03931  0.02683 -0.01723
                  z   0.00000  0.00000  0.00000  0.00000  0.00000  0.00000
  3   c           x  -0.00036 -0.06508 -0.11814 -0.00647 -0.00054  0.01144
                  y  -0.07445 -0.09438  0.19029  0.01321 -0.03443 -0.02135
                  z   0.00000  0.00000  0.00000  0.00000  0.00000  0.00000
  4   c           x  -0.05891 -0.00141  0.28529 -0.09077 -0.02441  0.05443
                  y   0.19891 -0.21425  0.07497 -0.01165  0.01299 -0.00219
                  z   0.00000  0.00000  0.00000  0.00000  0.00000  0.00000
  5   c           x   0.08470 -0.00874 -0.10853 -0.01344  0.02010  0.01519
                  y   0.02610 -0.11755 -0.14856 -0.03931  0.02683  0.01723
                  z   0.00000  0.00000  0.00000  0.00000  0.00000  0.00000
  6   h           x  -0.09670  0.22457 -0.09935 -0.27195 -0.02926  0.17731
                  y  -0.18678  0.39674 -0.13076 -0.29090 -0.02989  0.20779
                  z   0.00000  0.00000  0.00000  0.00000  0.00000  0.00000
  7   h           x   0.15134 -0.05387  0.07467  0.13064 -0.01807 -0.08791
                  y  -0.50211 -0.19364 -0.37994 -0.38664  0.01019  0.27032
                  z   0.00000  0.00000  0.00000  0.00000  0.00000  0.00000
  8   h           x  -0.09670 -0.22457 -0.09935  0.27195 -0.02926 -0.17731
                  y  -0.18678 -0.39674 -0.13076  0.29090 -0.02989 -0.20779
                  z   0.00000  0.00000  0.00000  0.00000  0.00000  0.00000
  9   c           x  -0.04425  0.07665 -0.10873  0.06576 -0.07088  0.04852
                  y  -0.02463  0.04890 -0.07386  0.03217 -0.01061 -0.00224
                  z   0.00000  0.00000  0.00000  0.00000  0.00000  0.00000
 10   c           x   0.00525 -0.02740  0.06157 -0.05513  0.08138 -0.06594
                  y  -0.03000  0.02621  0.02528 -0.00731 -0.01436  0.01865
                  z   0.00000  0.00000  0.00000  0.00000  0.00000  0.00000
 11   h           x   0.01391 -0.05006  0.10917 -0.09365  0.13448 -0.10618
                  y  -0.06807  0.15294 -0.28154  0.22368 -0.30672  0.23288
                  z   0.00000  0.00000  0.00000  0.00000  0.00000  0.00000
 12   h           x   0.00510  0.02421 -0.11587  0.13600 -0.20029  0.15665
                  y  -0.32285  0.37647 -0.09495 -0.27904  0.57292 -0.49100
                  z   0.00000  0.00000  0.00000  0.00000  0.00000  0.00000
 13   h           x   0.08784 -0.00984 -0.10508  0.01613  0.04576 -0.04359
                  y  -0.06337  0.02852  0.07553 -0.02598 -0.01313  0.02037
                  z   0.00000  0.00000  0.00000  0.00000  0.00000  0.00000
 14   c           x  -0.04425 -0.07665 -0.10873 -0.06576 -0.07088 -0.04852
                  y  -0.02463 -0.04890 -0.07386 -0.03217 -0.01061  0.00224
                  z   0.00000  0.00000  0.00000  0.00000  0.00000  0.00000
 15   h           x   0.00510 -0.02421 -0.11587 -0.13600 -0.20029 -0.15665
                  y  -0.32285 -0.37647 -0.09495  0.27904  0.57292  0.49100
                  z   0.00000  0.00000  0.00000  0.00000  0.00000  0.00000
 16   c           x   0.00525  0.02740  0.06157  0.05513  0.08138  0.06594
                  y  -0.03000 -0.02621  0.02528  0.00731 -0.01436 -0.01865
                  z   0.00000  0.00000  0.00000  0.00000  0.00000  0.00000
 17   h           x   0.01391  0.05006  0.10917  0.09365  0.13448  0.10618
                  y  -0.06807 -0.15294 -0.28154 -0.22368 -0.30672 -0.23288
                  z   0.00000  0.00000  0.00000  0.00000  0.00000  0.00000
 18   h           x   0.08784  0.00984 -0.10508 -0.01613  0.04576  0.04359
                  y  -0.06337 -0.02852  0.07553  0.02598 -0.01313 -0.02037
                  z   0.00000  0.00000  0.00000  0.00000  0.00000  0.00000
 19   c           x  -0.00036  0.06508 -0.11814  0.00647 -0.00054 -0.01144
                  y  -0.07445  0.09438  0.19029 -0.01321 -0.03443  0.02135
                  z   0.00000  0.00000  0.00000  0.00000  0.00000  0.00000
 20   h           x   0.15134  0.05387  0.07467 -0.13064 -0.01807  0.08791
                  y  -0.50211  0.19364 -0.37994  0.38664  0.01019 -0.27032
                  z   0.00000  0.00000  0.00000  0.00000  0.00000  0.00000

reduced mass(g/mol)     2.327    2.827    5.249    1.421    1.339    1.253


       mode              43       44       45       46       47       48

     frequency        1514.49  1565.10  1574.73  1640.79  1690.89  1739.48

     symmetry            bu       ag       bu       bu       ag       ag  

        IR               YES      NO       YES      YES      NO       NO 
|dDIP/dQ|   (a.u.)     0.0032   0.0000   0.0006   0.0029   0.0000   0.0000
intensity (km/mol)      18.74     0.00     0.56    15.00     0.00     0.00
intensity (  %   )      19.13     0.00     0.57    15.31     0.00     0.00
 
       RAMAN             NO       YES      NO       NO       YES      YES
 
  1   c           x  -0.13472  0.02200  0.04410  0.04524 -0.30126  0.02253
                  y   0.00904  0.03039 -0.02215  0.15995  0.04152  0.19013
                  z   0.00000  0.00000  0.00000  0.00000  0.00000  0.00000
  2   c           x  -0.02073 -0.01648 -0.02266 -0.11704  0.20301 -0.11655
                  y  -0.15776  0.00456  0.02654 -0.06491  0.05448 -0.26064
                  z   0.00000  0.00000  0.00000  0.00000  0.00000  0.00000
  3   c           x   0.07276  0.01172 -0.00170  0.07551 -0.16464 -0.02579
                  y   0.12370 -0.02828 -0.03965 -0.11892  0.12957  0.29412
                  z   0.00000  0.00000  0.00000  0.00000  0.00000  0.00000
  4   c           x  -0.13472 -0.02200  0.04410  0.04524  0.30126 -0.02253
                  y   0.00904 -0.03039 -0.02215  0.15995 -0.04152 -0.19013
                  z   0.00000  0.00000  0.00000  0.00000  0.00000  0.00000
  5   c           x  -0.02073  0.01648 -0.02266 -0.11704 -0.20301  0.11655
                  y  -0.15776 -0.00456  0.02654 -0.06491 -0.05448  0.26064
                  z   0.00000  0.00000  0.00000  0.00000  0.00000  0.00000
  6   h           x   0.39636  0.00384 -0.02290  0.23093 -0.08250  0.30453
                  y   0.30222  0.03383  0.03782  0.36924 -0.31923  0.21122
                  z   0.00000  0.00000  0.00000  0.00000  0.00000  0.00000
  7   h           x   0.21859 -0.01497 -0.06607 -0.10720 -0.04127  0.20040
                  y  -0.22706  0.04901  0.13466  0.45207 -0.29860 -0.32008
                  z   0.00000  0.00000  0.00000  0.00000  0.00000  0.00000
  8   h           x   0.39636 -0.00384 -0.02290  0.23093  0.08250 -0.30453
                  y   0.30222 -0.03383  0.03782  0.36924  0.31923 -0.21122
                  z   0.00000  0.00000  0.00000  0.00000  0.00000  0.00000
  9   c           x   0.00100 -0.02535 -0.03012 -0.02170 -0.00792 -0.01140
                  y   0.06988  0.09754  0.07842 -0.03349 -0.03316  0.05735
                  z   0.00000  0.00000  0.00000  0.00000  0.00000  0.00000
 10   c           x   0.00933 -0.02269 -0.02651  0.02013 -0.03921  0.01699
                  y  -0.03400 -0.00003  0.01069 -0.01872  0.05828 -0.02575
                  z   0.00000  0.00000  0.00000  0.00000  0.00000  0.00000
 11   h           x   0.03288  0.04659  0.04212  0.00602 -0.00253  0.00805
                  y  -0.14318 -0.41406 -0.41031  0.08910 -0.23089  0.07085
                  z   0.00000  0.00000  0.00000  0.00000  0.00000  0.00000
 12   h           x   0.00092  0.03263  0.03292 -0.02771  0.02501  0.01023
                  y   0.04951 -0.20527 -0.24598 -0.03142 -0.16774 -0.05683
                  z   0.00000  0.00000  0.00000  0.00000  0.00000  0.00000
 13   h           x   0.21355  0.48368  0.45361 -0.12743  0.17781 -0.04264
                  y  -0.11098 -0.17928 -0.15800  0.02777 -0.00822 -0.00942
                  z   0.00000  0.00000  0.00000  0.00000  0.00000  0.00000
 14   c           x   0.00100  0.02535 -0.03012 -0.02170  0.00792  0.01140
                  y   0.06988 -0.09754  0.07842 -0.03349  0.03316 -0.05735
                  z   0.00000  0.00000  0.00000  0.00000  0.00000  0.00000
 15   h           x   0.00092 -0.03263  0.03292 -0.02771 -0.02501 -0.01023
                  y   0.04951  0.20527 -0.24598 -0.03142  0.16774  0.05683
                  z   0.00000  0.00000  0.00000  0.00000  0.00000  0.00000
 16   c           x   0.00933  0.02269 -0.02651  0.02013  0.03921 -0.01699
                  y  -0.03400  0.00003  0.01069 -0.01872 -0.05828  0.02575
                  z   0.00000  0.00000  0.00000  0.00000  0.00000  0.00000
 17   h           x   0.03288 -0.04659  0.04212  0.00602  0.00253 -0.00805
                  y  -0.14318  0.41406 -0.41031  0.08910  0.23089 -0.07085
                  z   0.00000  0.00000  0.00000  0.00000  0.00000  0.00000
 18   h           x   0.21355 -0.48368  0.45361 -0.12743 -0.17781  0.04264
                  y  -0.11098  0.17928 -0.15800  0.02777  0.00822  0.00942
                  z   0.00000  0.00000  0.00000  0.00000  0.00000  0.00000
 19   c           x   0.07276 -0.01172 -0.00170  0.07551  0.16464  0.02579
                  y   0.12370  0.02828 -0.03965 -0.11892 -0.12957 -0.29412
                  z   0.00000  0.00000  0.00000  0.00000  0.00000  0.00000
 20   h           x   0.21859  0.01497 -0.06607 -0.10720  0.04127 -0.20040
                  y  -0.22706 -0.04901  0.13466  0.45207  0.29860  0.32008
                  z   0.00000  0.00000  0.00000  0.00000  0.00000  0.00000

reduced mass(g/mol)     2.554    1.301    1.296    2.499    5.116    5.623


       mode              49       50       51       52       53       54

     frequency        1813.81  1814.70  3396.36  3397.07  3437.59  3437.64

     symmetry            ag       bu       bu       ag       bu       ag  

        IR               NO       YES      YES      NO       YES      NO 
|dDIP/dQ|   (a.u.)     0.0000   0.0009   0.0074   0.0000   0.0016   0.0000
intensity (km/mol)       0.00     1.48    97.97     0.00     4.40     0.00
intensity (  %   )       0.00     1.51   100.00     0.00     4.49     0.00
 
       RAMAN             YES      NO       NO       YES      NO       YES
 
  1   c           x  -0.06246  0.02738 -0.00018 -0.00017  0.00043  0.00041
                  y   0.02020 -0.05011 -0.00005 -0.00008  0.00160  0.00160
                  z   0.00000  0.00000  0.00000  0.00000  0.00000  0.00000
  2   c           x   0.04712  0.00045  0.00123  0.00106  0.00081 -0.00079
                  y   0.04386  0.02026 -0.00091 -0.00061 -0.00011  0.00083
                  z   0.00000  0.00000  0.00000  0.00000  0.00000  0.00000
  3   c           x  -0.02226 -0.00963 -0.00084  0.00027 -0.00257  0.00297
                  y  -0.03596 -0.01049 -0.00007 -0.00012 -0.00085  0.00102
                  z   0.00000  0.00000  0.00000  0.00000  0.00000  0.00000
  4   c           x   0.06246  0.02738 -0.00018  0.00017  0.00043 -0.00041
                  y  -0.02020 -0.05011 -0.00005  0.00008  0.00160 -0.00160
                  z   0.00000  0.00000  0.00000  0.00000  0.00000  0.00000
  5   c           x  -0.04712  0.00045  0.00123 -0.00106  0.00081  0.00079
                  y  -0.04386  0.02026 -0.00091  0.00061 -0.00011 -0.00083
                  z   0.00000  0.00000  0.00000  0.00000  0.00000  0.00000
  6   h           x  -0.01552 -0.05512 -0.01160 -0.00813 -0.00704  0.00894
                  y  -0.03405 -0.03708  0.00914  0.00620  0.00567 -0.00723
                  z   0.00000  0.00000  0.00000  0.00000  0.00000  0.00000
  7   h           x  -0.04485 -0.02202  0.00965 -0.00187  0.02965 -0.03475
                  y   0.00787  0.01243  0.00295 -0.00049  0.00895 -0.01086
                  z   0.00000  0.00000  0.00000  0.00000  0.00000  0.00000
  8   h           x   0.01552 -0.05512 -0.01160  0.00813 -0.00704 -0.00894
                  y   0.03405 -0.03708  0.00914 -0.00620  0.00567  0.00723
                  z   0.00000  0.00000  0.00000  0.00000  0.00000  0.00000
  9   c           x  -0.13789 -0.13591 -0.01045  0.01034 -0.06084  0.06087
                  y   0.22035  0.22911 -0.00766  0.00761 -0.00839  0.00842
                  z   0.00000  0.00000  0.00000  0.00000  0.00000  0.00000
 10   c           x   0.14861  0.14951 -0.03033  0.03031  0.01403 -0.01393
                  y  -0.18773 -0.19044  0.03759 -0.03763 -0.01025  0.01007
                  z   0.00000  0.00000  0.00000  0.00000  0.00000  0.00000
 11   h           x   0.10729  0.10745  0.47405 -0.47462 -0.14670  0.14483
                  y   0.37891  0.38583  0.07099 -0.07106 -0.02422  0.02395
                  z   0.00000  0.00000  0.00000  0.00000  0.00000  0.00000
 12   h           x  -0.06888 -0.06670  0.16943 -0.16735  0.66755 -0.66795
                  y  -0.28217 -0.27328  0.03349 -0.03317  0.13569 -0.13576
                  z   0.00000  0.00000  0.00000  0.00000  0.00000  0.00000
 13   h           x  -0.34313 -0.34254 -0.15809  0.15832  0.03025 -0.02952
                  y  -0.06488 -0.06792 -0.46107  0.46141  0.08841 -0.08632
                  z   0.00000  0.00000  0.00000  0.00000  0.00000  0.00000
 14   c           x   0.13789 -0.13591 -0.01045 -0.01034 -0.06084 -0.06087
                  y  -0.22035  0.22911 -0.00766 -0.00761 -0.00839 -0.00842
                  z   0.00000  0.00000  0.00000  0.00000  0.00000  0.00000
 15   h           x   0.06888 -0.06670  0.16943  0.16735  0.66755  0.66795
                  y   0.28217 -0.27328  0.03349  0.03317  0.13569  0.13576
                  z   0.00000  0.00000  0.00000  0.00000  0.00000  0.00000
 16   c           x  -0.14861  0.14951 -0.03033 -0.03031  0.01403  0.01393
                  y   0.18773 -0.19044  0.03759  0.03763 -0.01025 -0.01007
                  z   0.00000  0.00000  0.00000  0.00000  0.00000  0.00000
 17   h           x  -0.10729  0.10745  0.47405  0.47462 -0.14670 -0.14483
                  y  -0.37891  0.38583  0.07099  0.07106 -0.02422 -0.02395
                  z   0.00000  0.00000  0.00000  0.00000  0.00000  0.00000
 18   h           x   0.34313 -0.34254 -0.15809 -0.15832  0.03025  0.02952
                  y   0.06488 -0.06792 -0.46107 -0.46141  0.08841  0.08632
                  z   0.00000  0.00000  0.00000  0.00000  0.00000  0.00000
 19   c           x   0.02226 -0.00963 -0.00084 -0.00027 -0.00257 -0.00297
                  y   0.03596 -0.01049 -0.00007  0.00012 -0.00085 -0.00102
                  z   0.00000  0.00000  0.00000  0.00000  0.00000  0.00000
 20   h           x   0.04485 -0.02202  0.00965  0.00187  0.02965  0.03475
                  y  -0.00787  0.01243  0.00295  0.00049  0.00895  0.01086
                  z   0.00000  0.00000  0.00000  0.00000  0.00000  0.00000

reduced mass(g/mol)     3.982    3.945    1.063    1.063    1.098    1.098


       mode              55       56       57       58       59       60

     frequency        3446.70  3450.22  3466.54  3469.48  3548.11  3548.12

     symmetry            bu       ag       bu       ag       bu       ag  

        IR               YES      NO       YES      NO       YES      NO 
|dDIP/dQ|   (a.u.)     0.0007   0.0000   0.0018   0.0000   0.0000   0.0000
intensity (km/mol)       0.76     0.00     5.83     0.00     0.00     0.00
intensity (  %   )       0.78     0.00     5.95     0.00     0.00     0.00
 
       RAMAN             NO       YES      NO       YES      NO       YES
 
  1   c           x   0.00071 -0.00279  0.00402  0.00135 -0.00014 -0.00015
                  y  -0.00230  0.00151 -0.00032  0.00229  0.00035  0.00035
                  z   0.00000  0.00000  0.00000  0.00000  0.00000  0.00000
  2   c           x   0.02411  0.02350 -0.04129 -0.04175 -0.00029 -0.00039
                  y  -0.01676 -0.01686  0.03716  0.03727  0.00025  0.00035
                  z   0.00000  0.00000  0.00000  0.00000  0.00000  0.00000
  3   c           x  -0.05164 -0.05165 -0.02913 -0.02939  0.00004 -0.00010
                  y  -0.01619 -0.01663 -0.01305 -0.01264 -0.00002 -0.00007
                  z   0.00000  0.00000  0.00000  0.00000  0.00000  0.00000
  4   c           x   0.00071  0.00279  0.00402 -0.00135 -0.00014  0.00015
                  y  -0.00230 -0.00151 -0.00032 -0.00229  0.00035 -0.00035
                  z   0.00000  0.00000  0.00000  0.00000  0.00000  0.00000
  5   c           x   0.02411 -0.02350 -0.04129  0.04175 -0.00029  0.00039
                  y  -0.01676  0.01686  0.03716 -0.03727  0.00025 -0.00035
                  z   0.00000  0.00000  0.00000  0.00000  0.00000  0.00000
  6   h           x  -0.26262 -0.26014  0.46911  0.47052  0.00465  0.00572
                  y   0.22061  0.21961 -0.39866 -0.39943 -0.00349 -0.00445
                  z   0.00000  0.00000  0.00000  0.00000  0.00000  0.00000
  7   h           x   0.58134  0.58239  0.32278  0.32016  0.00013  0.00070
                  y   0.19839  0.19927  0.11203  0.11045 -0.00007  0.00026
                  z   0.00000  0.00000  0.00000  0.00000  0.00000  0.00000
  8   h           x  -0.26262  0.26014  0.46911 -0.47052  0.00465 -0.00572
                  y   0.22061 -0.21961 -0.39866  0.39943 -0.00349  0.00445
                  z   0.00000  0.00000  0.00000  0.00000  0.00000  0.00000
  9   c           x   0.00313  0.00308  0.00020  0.00103 -0.00352  0.00354
                  y   0.00039  0.00049  0.00017  0.00008 -0.00060  0.00060
                  z   0.00000  0.00000  0.00000  0.00000  0.00000  0.00000
 10   c           x  -0.00025 -0.00052  0.00012 -0.00039 -0.05399  0.05399
                  y  -0.00053  0.00099  0.00095 -0.00087 -0.04567  0.04567
                  z   0.00000  0.00000  0.00000  0.00000  0.00000  0.00000
 11   h           x  -0.00286  0.00829  0.00410 -0.00121  0.48942 -0.48941
                  y  -0.00063  0.00148  0.00093 -0.00052  0.06772 -0.06772
                  z   0.00000  0.00000  0.00000  0.00000  0.00000  0.00000
 12   h           x  -0.03346 -0.03486 -0.00533 -0.00903  0.04021 -0.04032
                  y  -0.00544 -0.00656 -0.00154 -0.00039  0.00615 -0.00617
                  z   0.00000  0.00000  0.00000  0.00000  0.00000  0.00000
 13   h           x   0.00274 -0.00295 -0.00326  0.00323  0.15568 -0.15566
                  y   0.00880 -0.00846 -0.00964  0.01041  0.47428 -0.47427
                  z   0.00000  0.00000  0.00000  0.00000  0.00000  0.00000
 14   c           x   0.00313 -0.00308  0.00020 -0.00103 -0.00352 -0.00354
                  y   0.00039 -0.00049  0.00017 -0.00008 -0.00060 -0.00060
                  z   0.00000  0.00000  0.00000  0.00000  0.00000  0.00000
 15   h           x  -0.03346  0.03486 -0.00533  0.00903  0.04021  0.04032
                  y  -0.00544  0.00656 -0.00154  0.00039  0.00615  0.00617
                  z   0.00000  0.00000  0.00000  0.00000  0.00000  0.00000
 16   c           x  -0.00025  0.00052  0.00012  0.00039 -0.05399 -0.05399
                  y  -0.00053 -0.00099  0.00095  0.00087 -0.04567 -0.04567
                  z   0.00000  0.00000  0.00000  0.00000  0.00000  0.00000
 17   h           x  -0.00286 -0.00829  0.00410  0.00121  0.48942  0.48941
                  y  -0.00063 -0.00148  0.00093  0.00052  0.06772  0.06772
                  z   0.00000  0.00000  0.00000  0.00000  0.00000  0.00000
 18   h           x   0.00274  0.00295 -0.00326 -0.00323  0.15568  0.15566
                  y   0.00880  0.00846 -0.00964 -0.01041  0.47428  0.47427
                  z   0.00000  0.00000  0.00000  0.00000  0.00000  0.00000
 19   c           x  -0.05164  0.05165 -0.02913  0.02939  0.00004  0.00010
                  y  -0.01619  0.01663 -0.01305  0.01264 -0.00002  0.00007
                  z   0.00000  0.00000  0.00000  0.00000  0.00000  0.00000
 20   h           x   0.58134 -0.58239  0.32278 -0.32016  0.00013 -0.00070
                  y   0.19839 -0.19927  0.11203 -0.11045 -0.00007 -0.00026
                  z   0.00000  0.00000  0.00000  0.00000  0.00000  0.00000

reduced mass(g/mol)     1.092    1.092    1.099    1.100    1.118    1.118
 

         **************************************************************
         *                                                            *
         *  zero point VIBRATIONAL energy  :      0.1770434  Hartree  *
         *    SCF-energy                   :   -382.0507345           *
         *    SCF + E(vib0)                :   -381.8736911           *
         *                                                            *
         **************************************************************




 time elapsed for vibrational analysis     0.05 sec


    ------------------------------------------------------------------------
         total  cpu-time :  51.02 seconds
         total wall-time :  52.10 seconds
    ------------------------------------------------------------------------


   ****  force : all done  ****


    2015-09-09 11:20:28.012 

