    -----------------------------------------------------------------------
          PSI4: An Open-Source Ab Initio Electronic Structure Package
                              PSI 4.0.0-beta5 Driver

    J. M. Turney, A. C. Simmonett, R. M. Parrish, E. G. Hohenstein,
    F. A. Evangelista, J. T. Fermann, B. J. Mintz, L. A. Burns, J. J. Wilke,
    M. L. Abrams, N. J. Russ, M. L. Leininger, C. L. Janssen, E. T. Seidl,
    W. D. Allen, H. F. Schaefer, R. A. King, E. F. Valeev, C. D. Sherrill,
    and T. D. Crawford, WIREs Comput. Mol. Sci., (2011) (doi: 10.1002/wcms.93)

                         Additional Contributions by
    A. E. DePrince, M. Saitow, U. Bozkaya, A. Yu. Sokolov
    -----------------------------------------------------------------------

    Process ID:   4217
    PSI4DATADIR: /usr/local/share/psi

    Using LocalCommunicator (Number of processes = 1)

    Memory level set to 256.000 MB

  ==> Input File <==

--------------------------------------------------------------------------
molecule dvb {
    C    0.0    0.0     0.0
}

set {
    basis aug-cc-pVQZ
    print_basis true
}

energy('scf')
--------------------------------------------------------------------------

  No DF_BASIS_SCF auxiliary basis selected, defaulting to aug-cc-pvqz-jkfit


*** tstart() called on helena
*** at Wed Apr 23 15:43:23 2014

	There are an even number of electrons - assuming singlet.
	Specify the multiplicity with the MULTP option in the
	input if this is incorrect


         ---------------------------------------------------------
                                   SCF
            by Justin Turney, Rob Parrish, and Andy Simmonett
                              RHF Reference
                        1 Threads,    256 MiB Core
         ---------------------------------------------------------

  ==> Geometry <==

    Molecular point group: d2h
    Geometry (in Angstrom), charge = 0, multiplicity = 1:

       Center              X                  Y                   Z       
    ------------   -----------------  -----------------  -----------------
           C          0.000000000000     0.000000000000     0.000000000000

  Running in d2h symmetry.

  Nuclear repulsion =    0.000000000000000

  Charge       = 0
  Multiplicity = 1
  Electrons    = 6
  Nalpha       = 3
  Nbeta        = 3

  ==> Algorithm <==

  SCF Algorithm Type is DF.
  DIIS enabled.
  MOM disabled.
  Fractional occupation disabled.
  Guess Type is CORE.
  Energy threshold   = 1.00e-06
  Density threshold  = 1.00e-06
  Integral threshold = 0.00e+00

  ==> Primary Basis <==

  Basis Set: AUG-CC-PVQZ
    Number of shells: 20
    Number of basis function: 80
    Number of Cartesian functions: 105
    Spherical Harmonics?: true
    Max angular momentum: 4

  -AO BASIS SET INFORMATION:
    Name                   = AUG-CC-PVQZ
    Total number of shells = 20
    Number of primitives   = 38
    Number of AO           = 105
    Number of SO           = 80
    Maximum AM             = 4
    Spherical Harmonics    = TRUE

  -Contraction Scheme:
    Atom   Type   All Primitives // Shells:
   ------ ------ --------------------------
       1     C     22s 7p 4d 3f 2g // 6s 5p 4d 3f 2g 

  ==> AO Basis Functions <==

    [ AUG-CC-PVQZ ]
    spherical
    ****
    C   1
    S   9 1.00
                     33980.00000000           0.16345073
                      5089.00000000           0.30442122
                      1157.00000000           0.52578387
                       326.60000000           0.84689834
                       106.10000000           1.25576437
                        38.11000000           1.61864458
                        14.75000000           1.65089461
                         6.03500000           1.10352998
                         2.53000000           0.31248567
    S   9 1.00
                     33980.00000000          -0.09937190
                      5089.00000000          -0.19012698
                      1157.00000000          -0.32543341
                       326.60000000          -0.53366118
                       106.10000000          -0.79529779
                        38.11000000          -1.09493801
                        14.75000000          -1.21381320
                         6.03500000          -1.13850612
                         2.53000000          -0.49474883
    S   1 1.00
                         0.73550000           0.56603997
    S   1 1.00
                         0.29050000           0.28201337
    S   1 1.00
                         0.11110000           0.13714994
    P   3 1.00
                        34.51000000           3.77801895
                         7.91500000           4.02872650
                         2.36800000           3.51546507
    P   1 1.00
                         0.81320000           1.10074520
    P   1 1.00
                         0.28900000           0.30203856
    P   1 1.00
                         0.10070000           0.08085873
    D   1 1.00
                         1.84800000           4.82100851
    D   1 1.00
                         0.64900000           0.77239184
    D   1 1.00
                         0.22800000           0.12382132
    F   1 1.00
                         1.41900000           3.23530210
    F   1 1.00
                         0.48500000           0.28898371
    G   1 1.00
                         1.01100000           1.14683543
    S   1 1.00
                         0.04145000           0.06547168
    P   1 1.00
                         0.03218000           0.01942776
    D   1 1.00
                         0.07660000           0.01835734
    F   1 1.00
                         0.18700000           0.03385307
    G   1 1.00
                         0.42400000           0.10512150
    ****

  ==> Pre-Iterations <==

   -------------------------------------------------------
    Irrep   Nso     Nmo     Nalpha   Nbeta   Ndocc  Nsocc
   -------------------------------------------------------
     Ag        20      20       0       0       0       0
     B1g        8       8       0       0       0       0
     B2g        8       8       0       0       0       0
     B3g        8       8       0       0       0       0
     Au         3       3       0       0       0       0
     B1u       11      11       0       0       0       0
     B2u       11      11       0       0       0       0
     B3u       11      11       0       0       0       0
   -------------------------------------------------------
    Total      80      80       3       3       3       0
   -------------------------------------------------------

 OEINTS: Wrapper to libmints.
   by Justin Turney

   Calculation information:
      Number of atoms:                   1
      Number of AO shells:              20
      Number of SO shells:              20
      Number of primitives:             38
      Number of atomic orbitals:       105
      Number of basis functions:        80

      Number of irreps:                  8
      Number of functions per irrep: [  20    8    8    8    3   11   11   11 ]

      Overlap, kinetic, potential, dipole, and quadrupole integrals
        stored in file 35.

  ==> Integral Setup <==

  ==> DFJK: Density-Fitted J/K Matrices <==

    J tasked:                  Yes
    K tasked:                  Yes
    wK tasked:                  No
    OpenMP threads:              1
    Integrals threads:           1
    Memory (MB):               183
    Algorithm:                Core
    Integral Cache:           NONE
    Schwarz Cutoff:          1E-12
    Fitting Condition:       1E-12

   => Auxiliary Basis Set <=

  Basis Set: aug-cc-pvqz-jkfit
    Number of shells: 34
    Number of basis function: 142
    Number of Cartesian functions: 198
    Spherical Harmonics?: true
    Max angular momentum: 5

  Minimum eigenvalue in the overlap matrix is 4.2846703316E-03.
  Using Symmetric Orthogonalization.
  SCF Guess: Core (One-Electron) Hamiltonian.

  ==> Iterations <==

                           Total Energy        Delta E     RMS |[F,P]|

	Occupation by irrep:
	         Ag   B1g   B2g   B3g    Au   B1u   B2u   B3u 
	DOCC [     2,    0,    0,    0,    0,    0,    0,    1 ]

   @DF-RHF iter   1:   -32.62495550587611   -3.26250e+01   1.34669e-01 
	Occupation by irrep:
	         Ag   B1g   B2g   B3g    Au   B1u   B2u   B3u 
	DOCC [     2,    0,    0,    0,    0,    0,    1,    0 ]

   @DF-RHF iter   2:   -34.66464042162632   -2.03968e+00   3.34052e-02 DIIS
   @DF-RHF iter   3:   -37.32939194977556   -2.66475e+00   2.11570e-02 DIIS
   @DF-RHF iter   4:   -37.56384964785154   -2.34458e-01   6.95570e-03 DIIS
   @DF-RHF iter   5:   -37.60369139085477   -3.98417e-02   8.77964e-04 DIIS
   @DF-RHF iter   6:   -37.60447799334899   -7.86602e-04   2.51547e-04 DIIS
   @DF-RHF iter   7:   -37.60453984097127   -6.18476e-05   2.68647e-05 DIIS
   @DF-RHF iter   8:   -37.60454053825650   -6.97285e-07   9.13684e-07 DIIS

  ==> Post-Iterations <==

	Orbital Energies (a.u.)
	-----------------------

	Doubly Occupied:                                                      

	   1Ag   -11.364979     2Ag    -0.725626     1B2u   -0.358428  

	Virtual:                                                              

	   1B1u    0.018860     1B3u    0.018860     3Ag     0.083436  
	   2B2u    0.089885     2B1u    0.108246     2B3u    0.108246  
	   1B2g    0.232374     4Ag     0.232374     1B1g    0.241669  
	   1B3g    0.241669     5Ag     0.245453     3B2u    0.445365  
	   3B3u    0.463999     3B1u    0.463999     6Ag     0.503329  
	   4B1u    0.744182     4B3u    0.744182     1Au     0.762332  
	   4B2u    0.762332     5B3u    0.773657     5B1u    0.773657  
	   2B2g    0.775699     7Ag     0.775699     5B2u    0.777519  
	   2B1g    0.791275     2B3g    0.791275     8Ag     0.798599  
	   6B3u    1.591487     6B1u    1.591487     6B2u    1.608735  
	   3B2g    2.090095     9Ag     2.090095    10Ag     2.107596  
	   3B3g    2.118528     3B1g    2.118528    11Ag     2.138890  
	   4B2g    2.138890     4B1g    2.151122     4B3g    2.151122  
	  12Ag     2.155201    13Ag     2.197559     5B2g    2.197559  
	   5B1g    2.232055     5B3g    2.232055     7B1u    2.245270  
	   7B3u    2.245270    14Ag     2.245364     7B2u    2.283346  
	   2Au     2.283346     8B3u    2.306921     8B1u    2.306921  
	   8B2u    2.314930     9B3u    5.767340     9B1u    5.767340  
	   9B2u    5.814567     6B2g    5.874551    15Ag     5.874551  
	   6B3g    5.922428     6B1g    5.922428    16Ag     5.956499  
	   7B2g    5.956499     7B3g    5.976890     7B1g    5.976890  
	  17Ag     5.983677    18Ag     6.330415     8B2g    6.330415  
	   8B3g    6.386142     8B1g    6.386142    19Ag     6.405091  
	  10B1u    6.419815    10B3u    6.419815    10B2u    6.475268  
	   3Au     6.475268    11B1u    6.509236    11B3u    6.509236  
	  11B2u    6.520721    20Ag    20.422627  

	Final Occupation by Irrep:
	         Ag   B1g   B2g   B3g    Au   B1u   B2u   B3u 
	DOCC [     2,    0,    0,    0,    0,    0,    1,    0 ]

  Energy converged.

  @DF-RHF Final Energy:   -37.60454053825650

   => Energetics <=

    Nuclear Repulsion Energy =              0.0000000000000000
    One-Electron Energy =                 -50.3109667223404244
    Two-Electron Energy =                  12.7064261840839219
    DFT Exchange-Correlation Energy =       0.0000000000000000
    Empirical Dispersion Energy =           0.0000000000000000
    Total Energy =                        -37.6045405382565008



Properties will be evaluated at   0.000000,   0.000000,   0.000000 Bohr
  ==> Properties <==


Properties computed using the SCF density density matrix
  Nuclear Dipole Moment: (a.u.)
     X:     0.0000      Y:     0.0000      Z:     0.0000

  Electronic Dipole Moment: (a.u.)
     X:     0.0000      Y:     0.0000      Z:     0.0000

  Dipole Moment: (a.u.)
     X:     0.0000      Y:     0.0000      Z:     0.0000     Total:     0.0000

  Dipole Moment: (Debye)
     X:     0.0000      Y:     0.0000      Z:     0.0000     Total:     0.0000


  Saving occupied orbitals to File 180.

*** tstop() called on helena at Wed Apr 23 15:43:24 2014
Module time:
	user time   =       0.50 seconds =       0.01 minutes
	system time =       0.01 seconds =       0.00 minutes
	total time  =          1 seconds =       0.02 minutes
Total time:
	user time   =       0.50 seconds =       0.01 minutes
	system time =       0.01 seconds =       0.00 minutes
	total time  =          1 seconds =       0.02 minutes

*** PSI4 exiting successfully. Buy a developer a beer!
