This is a multi-thread run using 4 threads
/home/eric/opt/apps/qchem/branch_libresponse/exe/qcprog.exe .Trp_polar_ideriv1.in.15446.qcin.1 /tmp/qchem/qchem15446/

localhost.localdomain 127.0.0
Q-Chem Developer Version! Running on 127.0.0.*
                  Welcome to Q-Chem
     A Quantum Leap Into The Future Of Chemistry


 Q-Chem 4.4, Q-Chem, Inc., Pleasanton, CA (2016)

 Y. Shao,  Z. Gan,  E. Epifanovsky,  A. T. B. Gilbert,  M. Wormit,  
 J. Kussmann,  A. W. Lange,  A. Behn,  J. Deng,  X. Feng,  D. Ghosh,  
 M. Goldey,  P. R. Horn,  L. D. Jacobson,  I. Kaliman,  F. Rob,  
 R. Z. Khaliullin,  T. Kus,  A. Landau,  J. Liu,  E. I. Proynov,  Y. M. Rhee,  
 R. M. Richard,  M. A. Rohrdanz,  R. P. Steele,  E. J. Sundstrom,  
 H. L. Woodcock III,  P. M. Zimmerman,  D. Zuev,  B. Albrecht,  E. Alguire,  
 B. Austin,  S. A. Baeppler,  G. J. O. Beran,  Y. A. Bernard,  
 E. J. Berquist,  K. Brandhorst,  K. B. Bravaya,  S. T. Brown,  D. Casanova,  
 C.-M. Chang,  Y. Chen,  S. H. Chien,  K. D. Closser,  M. P. Coons,  
 D. L. Crittenden,  S. Dasgupta,  M. Diedenhofen,  R. A. DiStasio Jr.,  
 H. Do,  A. D. Dutoi,  R. G. Edgar,  P.-T. Fang,  S. Fatehi,  Q. Feng,  
 L. Fusti-Molnar,  A. Ghysels,  A. Golubeva-Zadorozhnaya,  J. Gomes,  
 A. Gunina,  M. W. D. Hanson-Heine,  P. H. P. Harbach,  A. W. Hauser,  
 J. E. Herr,  E. G. Hohenstein,  Z. C. Holden,  K. Hui,  T.-C. Jagau,  H. Ji,  
 B. Kaduk,  K. Khistyaev,  Jaehoon Kim,  Jihan Kim,  R. A. King,  
 P. Klunzinger,  K. Koh,  D. Kosenkov,  T. Kowalczyk,  C. M. Krauter,  
 A. Kunitsa,  K. U. Lao,  A. Laurent,  K. V. Lawler,  J. Lee,  D. Lefrancois,  
 S. Lehtola,  S. V. Levchenko,  C. Y. Lin,  Y.-S. Lin,  F. Liu,  E. Livshits,  
 R. C. Lochan,  A. Luenser,  P. Manohar,  S. F. Manzer,  S.-P. Mao,  Y. Mao,  
 N. Mardirossian,  A. V. Marenich,  L. A. Martinez-Martinez,  S. A. Maurer,  
 N. J. Mayhall,  J.-M. Mewes,  A. F. Morrison,  K. Nanda,  T. S. Nguyen-Beck,  
 C. M. Oana,  R. Olivares-Amaya,  D. P. O'Neill,  J. A. Parkhill,  
 T. M. Perrine,  R. Peverati,  P. A. Pieniazek,  F. Plasser,  A. Prociuk,  
 D. R. Rehn,  E. Rosta,  N. J. Russ,  N. Sergueev,  S. M. Sharada,  
 S. Sharma,  D. W. Small,  A. Sodt,  T. Stauch,  T. Stein,  D. Stuck,  
 Y.-C. Su,  A. J. W. Thom,  T. Tsuchimochi,  L. Vogt,  O. Vydrov,  T. Wang,  
 M. A. Watson,  J. Wenzel,  A. White,  C. F. Williams,  V. Vanovschi,  
 K. Yao,  S. Yeganeh,  S. R. Yost,  Z.-Q. You,  I. Y. Zhang,  X. Zhang,  
 Y. Zhao,  B. R. Brooks,  G. K. L. Chan,  D. M. Chipman,  C. J. Cramer,  
 W. A. Goddard III,  M. S. Gordon,  W. J. Hehre,  A. Klamt,  
 H. F. Schaefer III,  M. W. Schmidt,  C. D. Sherrill,  D. G. Truhlar,  
 A. Warshel,  X. Xu,  A. Aspuru-Guzik,  R. Baer,  A. T. Bell,  N. A. Besley,  
 J.-D. Chai,  A. Dreuw,  B. D. Dunietz,  T. R. Furlani,  S. R. Gwaltney,  
 C.-P. Hsu,  Y. Jung,  J. Kong,  D. S. Lambrecht,  W. Liang,  C. Ochsenfeld,  
 V. A. Rassolov,  L. V. Slipchenko,  J. E. Subotnik,  T. Van Voorhis,  
 J. M. Herbert,  A. I. Krylov,  P. M. W. Gill,  M. Head-Gordon

 Contributors to earlier versions of Q-Chem not listed above: 
 R. D. Adamson,  J. Baker,  E. F. C. Byrd,  A. K. Chakraborty,  C.-L. Cheng,  
 H. Dachsel,  R. J. Doerksen,  G. Hawkins,  A. Heyden,  S. Hirata,  
 G. Kedziora,  F. J. Keil,  C. Kelley,  P. P. Korambath,  W. Kurlancheek,  
 A. M. Lee,  M. S. Lee,  D. Liotard,  I. Lotan,  P. E. Maslen,  N. Nair,  
 D. Neuhauser,  R. Olson,  B. Peters,  J. Ritchie,  N. E. Schultz,  
 N. Shenvi,  A. C. Simmonett,  K. S. Thanthiriwatte,  Q. Wu,  W. Zhang

 Please cite Q-Chem as follows:
 Y. Shao et al., Mol. Phys. 113, 184-215 (2015)
 DOI: 10.1080/00268976.2014.952696

 Q-Chem 4.4.2 for Intel X86 EM64T Linux

 Parts of Q-Chem use Armadillo 5.200.1 (Boston Tea Smuggler).
 http://arma.sourceforge.net/

 Q-Chem begins on Thu Mar 16 11:12:07 2017  

copper
Host: 0

     Scratch files written to /tmp/qchem/qchem15446//

Checking the input file for inconsistencies... 	...done.

--------------------------------------------------------------
User input:
--------------------------------------------------------------
$rem
 jobtype polarizability
 method hf
 basis sto-3g
 scf_convergence 9
 thresh 12
 symmetry false
 sym_ignore true
 response_polar -1
 ideriv 1
$end

$molecule
0 1
N     -0.0699826875    0.3321987191    0.2821283177
C      1.3728035449    0.0970713322   -0.0129587739
C      2.0969275417   -0.0523593054    1.3682652221
O      3.1382490088   -0.6563684788    1.5380162924
C      1.9529664597    1.3136139853   -0.7956021969
H      1.8442727348    2.2050605044   -0.1801631789
H      1.3455899915    1.4594935008   -1.6885689523
C      3.4053646872    1.1270611844   -1.1918075237
C      4.4845249667    1.6235038050   -0.5598918002
N      5.6509089647    1.2379326369   -1.2284610654
H      6.6009314349    1.4112351003   -0.9028629397
C      5.2921619642    0.4356274269   -2.3131617003
C      3.8942019475    0.3557998019   -2.3263315791
C      3.2659168792   -0.3832607567   -3.3431309548
H      2.1864306677   -0.4577058843   -3.3815918670
C      4.0381762333   -1.0087512639   -4.2870993776
H      3.5696890585   -1.5824763141   -5.0755609734
C      5.4445159165   -0.9194874753   -4.2519002882
H      6.0229926396   -1.4277973542   -5.0130007062
C      6.0869576238   -0.2024044961   -3.2767702726
H      7.1656650647   -0.1287762497   -3.2458650647
H      4.5457621618    2.2425310766    0.3253979653
H     -0.5159777859    0.7478905868   -0.5487661007
H      1.5420526570   -0.8143939718   -0.5935463196
H     -0.5302278747   -0.5823989653    0.4084507634
O      1.4575846656    0.5996887308    2.4093500287
H      0.5990015339    0.8842421241    2.0047830456
$end
--------------------------------------------------------------
 ----------------------------------------------------------------
             Standard Nuclear Orientation (Angstroms)
    I     Atom           X                Y                Z
 ----------------------------------------------------------------
    1      N      -0.0699826875     0.3321987191     0.2821283177
    2      C       1.3728035449     0.0970713322    -0.0129587739
    3      C       2.0969275417    -0.0523593054     1.3682652221
    4      O       3.1382490088    -0.6563684788     1.5380162924
    5      C       1.9529664597     1.3136139853    -0.7956021969
    6      H       1.8442727348     2.2050605044    -0.1801631789
    7      H       1.3455899915     1.4594935008    -1.6885689523
    8      C       3.4053646872     1.1270611844    -1.1918075237
    9      C       4.4845249667     1.6235038050    -0.5598918002
   10      N       5.6509089647     1.2379326369    -1.2284610654
   11      H       6.6009314349     1.4112351003    -0.9028629397
   12      C       5.2921619642     0.4356274269    -2.3131617003
   13      C       3.8942019475     0.3557998019    -2.3263315791
   14      C       3.2659168792    -0.3832607567    -3.3431309548
   15      H       2.1864306677    -0.4577058843    -3.3815918670
   16      C       4.0381762333    -1.0087512639    -4.2870993776
   17      H       3.5696890585    -1.5824763141    -5.0755609734
   18      C       5.4445159165    -0.9194874753    -4.2519002882
   19      H       6.0229926396    -1.4277973542    -5.0130007062
   20      C       6.0869576238    -0.2024044961    -3.2767702726
   21      H       7.1656650647    -0.1287762497    -3.2458650647
   22      H       4.5457621618     2.2425310766     0.3253979653
   23      H      -0.5159777859     0.7478905868    -0.5487661007
   24      H       1.5420526570    -0.8143939718    -0.5935463196
   25      H      -0.5302278747    -0.5823989653     0.4084507634
   26      O       1.4575846656     0.5996887308     2.4093500287
   27      H       0.5990015339     0.8842421241     2.0047830456
 ----------------------------------------------------------------
 Nuclear Repulsion Energy =   957.1063345966 hartrees
 There are       54 alpha and       54 beta electrons
 Requested basis set is STO-3G
 There are 42 shells and 87 basis functions

 Total QAlloc Memory Limit   2000 MB
 Mega-Array Size        61 MB
 MEM_STATIC part        62 MB
 Polarizability to be calculated using 1st-order finite difference with analytic dipoles.
 ######################################################
 ######################################################
 # Starting finite difference calculation for IDERIV  #
 Finite diff step size:  1.88973e-05 a.u.
 Applying Cartesian multipole field
    Component          Value
    ---------          -----
     (1,0,0)        1.88973E-05
 Nucleus-field energy     =     0.0127921414 hartrees
 A cutoff of  1.0D-12 yielded    745 shell pairs
 There are      3574 function pairs

 -------------------------------------------------------
 OpenMP Integral Computing Module                       
 Release: version 1.0, May 2013, Q-Chem Inc. Pittsburgh 
 -------------------------------------------------------
 Integral Job Info:
 Integral job number is                      11
 Integral operator is                         1
 short-range coefficients                     0
 long-range coefficients              100000000
 Omega coefficients                           0
 if combine SR and LR in K                    0
 Integral screening is                        0
 Integral computing path is                   2
 max size of driver memory is            800000
 size of driver memory is                 45569
 size of scratch memory is               945100
 max col of scratch BK array                289
 max len of scratch array in speh3           22
 max len of scratch index in speh4            8
 max int batch size is                      520
 min int batch size is                       52
 fixed nKL is                                52
 max L of basis functions is                  1
 order of int derivative is                   0
 number of shells is                         42
 number of basis is                          87
 number of cartesian basis is                87
 number of contracted shell pairs           745
 number of primitive shell pairs           4304
 maxK2 (contraction) of shell pair            9
 max number of K2 of shell pair               1
 max number of CS2 of shell pair             91
 max number of PS2 of shell pair            621
 mem total for path MDJ                   27894
 -------------------------------------------------------
 Smallest overlap matrix eigenvalue = 1.69E-01
 Guess from superposition of atomic densities
 Warning:  Energy on first SCF cycle will be non-variational
 A restricted Hartree-Fock SCF calculation will be
 performed using Pulay DIIS extrapolation
 SCF converges when DIIS error is below 1.0E-09
 using 4 threads for integral computing 
 ---------------------------------------
  Cycle       Energy         DIIS Error
 ---------------------------------------
    1    -674.0047463841      1.28E-01
    2    -673.3334047492      1.34E-02
    3    -673.5207299015      8.22E-03
    4    -673.5861351906      1.33E-03
    5    -673.5899388966      5.31E-04
    6    -673.5904438540      1.91E-04
    7    -673.5905685955      7.11E-05
    8    -673.5905789458      2.26E-05
    9    -673.5905800181      5.77E-06
   10    -673.5905800986      1.75E-06
   11    -673.5905801055      6.59E-07
   12    -673.5905801070      3.08E-07
   13    -673.5905801075      1.04E-07
   14    -673.5905801075      3.67E-08
   15    -673.5905801075      1.57E-08
   16    -673.5905801075      5.39E-09
   17    -673.5905801075      2.62E-09
   18    -673.5905801075      1.15E-09
   19    -673.5905801075      2.65E-10 Convergence criterion met
 ---------------------------------------
 SCF time:  CPU 11.83 s  wall 4.24 s
 SCF   energy in the final basis set = -673.5905801075
 Total energy in the final basis set = -673.5905801075

 --------------------------------------------------------------

                    Orbital Energies (a.u.)
 --------------------------------------------------------------

 Alpha MOs
 -- Occupied --
-20.269 -20.242 -15.390 -15.345 -11.148 -11.099 -11.068 -11.065
-11.064 -11.026 -11.025 -11.024 -11.016 -11.015 -11.012  -1.348
 -1.258  -1.220  -1.154  -1.075  -1.026  -0.959  -0.937  -0.913
 -0.838  -0.783  -0.750  -0.711  -0.693  -0.669  -0.648  -0.617
 -0.602  -0.598  -0.581  -0.557  -0.543  -0.537  -0.524  -0.518
 -0.498  -0.487  -0.479  -0.460  -0.445  -0.439  -0.417  -0.414
 -0.370  -0.329  -0.326  -0.307  -0.243  -0.226
 -- Virtual --
  0.247   0.295   0.318   0.369   0.522   0.533   0.561   0.568
  0.578   0.613   0.617   0.627   0.644   0.653   0.677   0.685
  0.691   0.717   0.723   0.742   0.745   0.754   0.771   0.803
  0.826   0.883   0.913   0.960   0.965   1.004   1.086   1.145
  1.174
 --------------------------------------------------------------

          Ground-State Mulliken Net Atomic Charges

     Atom                 Charge (a.u.)
  ----------------------------------------
      1 N                    -0.405345
      2 C                     0.019230
      3 C                     0.298923
      4 O                    -0.260824
      5 C                    -0.106005
      6 H                     0.066653
      7 H                     0.060815
      8 C                    -0.035627
      9 C                     0.043376
     10 N                    -0.321573
     11 H                     0.216250
     12 C                     0.105694
     13 C                    -0.023650
     14 C                    -0.064868
     15 H                     0.055296
     16 C                    -0.075175
     17 H                     0.057017
     18 C                    -0.059363
     19 H                     0.060727
     20 C                    -0.082628
     21 H                     0.061526
     22 H                     0.077307
     23 H                     0.163292
     24 H                     0.065992
     25 H                     0.161145
     26 O                    -0.312240
     27 H                     0.234057
  ----------------------------------------
  Sum of atomic charges =     0.000000

 -----------------------------------------------------------------
                    Cartesian Multipole Moments
 -----------------------------------------------------------------
    Charge (ESU x 10^10)
                -0.0000
    Dipole Moment (Debye)
         X      -1.2121      Y       0.9549      Z      -2.2314
       Tot       2.7129
    Quadrupole Moments (Debye-Ang)
        XX     -71.1631     XY       8.1619     YY     -79.5856
        XZ      -4.0417     YZ       1.8137     ZZ     -89.9293
    Octopole Moments (Debye-Ang^2)
       XXX    -683.2138    XXY      25.3720    XYY    -269.9337
       YYY     -61.8912    XXZ      79.8316    XYZ      11.9768
       YYZ     104.7311    XZZ    -300.0943    YZZ     -33.0204
       ZZZ     288.0360
    Hexadecapole Moments (Debye-Ang^3)
      XXXX   -6005.7358   XXXY     107.3422   XXYY   -1256.2168
      XYYY    -170.4024   YYYY    -452.5866   XXXZ    1418.6297
      XXYZ      21.0601   XYYZ     546.2859   YYYZ     -83.6043
      XXZZ   -1731.1390   XYZZ    -112.0944   YYZZ    -546.5149
      XZZZ    1565.4838   YZZZ     -41.3833   ZZZZ   -2875.4857
 -----------------------------------------------------------------
 Applying Cartesian multipole field
    Component          Value
    ---------          -----
     (1,0,0)       -1.88973E-05
 Nucleus-field energy     =    -0.0127921414 hartrees
 Guess MOs from SCF MO coefficient file
 Reading MOs from coefficient file
 Reading MOs from coefficient file
 A restricted Hartree-Fock SCF calculation will be
 performed using Pulay DIIS extrapolation
 SCF converges when DIIS error is below 1.0E-09
 using 4 threads for integral computing 
 ---------------------------------------
  Cycle       Energy         DIIS Error
 ---------------------------------------
    1    -673.5905620842      5.50E-06
    2    -673.5905621417      2.81E-06
    3    -673.5905621506      7.67E-07
    4    -673.5905621520      2.35E-07
    5    -673.5905621522      8.37E-08
    6    -673.5905621522      3.23E-08
    7    -673.5905621522      1.24E-08
    8    -673.5905621522      4.79E-09
    9    -673.5905621522      1.59E-09
   10    -673.5905621522      6.95E-10 Convergence criterion met
 ---------------------------------------
 SCF time:  CPU 6.29 s  wall 2.42 s
 SCF   energy in the final basis set = -673.5905621522
 Total energy in the final basis set = -673.5905621522

 --------------------------------------------------------------

                    Orbital Energies (a.u.)
 --------------------------------------------------------------

 Alpha MOs
 -- Occupied --
-20.269 -20.242 -15.390 -15.345 -11.148 -11.098 -11.068 -11.065
-11.063 -11.025 -11.025 -11.024 -11.016 -11.015 -11.011  -1.348
 -1.258  -1.220  -1.154  -1.074  -1.025  -0.959  -0.937  -0.913
 -0.838  -0.783  -0.749  -0.710  -0.693  -0.669  -0.648  -0.617
 -0.602  -0.598  -0.581  -0.556  -0.543  -0.537  -0.524  -0.518
 -0.498  -0.487  -0.479  -0.460  -0.445  -0.438  -0.417  -0.414
 -0.370  -0.328  -0.325  -0.307  -0.242  -0.226
 -- Virtual --
  0.248   0.295   0.319   0.370   0.522   0.534   0.561   0.569
  0.579   0.613   0.617   0.627   0.644   0.653   0.678   0.685
  0.691   0.717   0.723   0.742   0.745   0.754   0.771   0.803
  0.826   0.884   0.913   0.960   0.965   1.004   1.086   1.145
  1.174
 --------------------------------------------------------------

          Ground-State Mulliken Net Atomic Charges

     Atom                 Charge (a.u.)
  ----------------------------------------
      1 N                    -0.405354
      2 C                     0.019227
      3 C                     0.298915
      4 O                    -0.260714
      5 C                    -0.105995
      6 H                     0.066627
      7 H                     0.060761
      8 C                    -0.035686
      9 C                     0.043406
     10 N                    -0.321544
     11 H                     0.216350
     12 C                     0.105719
     13 C                    -0.023673
     14 C                    -0.064916
     15 H                     0.055188
     16 C                    -0.075177
     17 H                     0.056973
     18 C                    -0.059351
     19 H                     0.060789
     20 C                    -0.082577
     21 H                     0.061642
     22 H                     0.077321
     23 H                     0.163234
     24 H                     0.066003
     25 H                     0.161078
     26 O                    -0.312237
     27 H                     0.233992
  ----------------------------------------
  Sum of atomic charges =     0.000000

 -----------------------------------------------------------------
                    Cartesian Multipole Moments
 -----------------------------------------------------------------
    Charge (ESU x 10^10)
                 0.0000
    Dipole Moment (Debye)
         X      -1.2030      Y       0.9546      Z      -2.2318
       Tot       2.7091
    Quadrupole Moments (Debye-Ang)
        XX     -71.0976     XY       8.1641     YY     -79.5854
        XZ      -4.0573     YZ       1.8131     ZZ     -89.9275
    Octopole Moments (Debye-Ang^2)
       XXX    -682.7623    XXY      25.3889    XYY    -269.9220
       YYY     -61.8909    XXZ      79.6854    XYZ      11.9785
       YYZ     104.7305    XZZ    -300.0289    YZZ     -33.0236
       ZZZ     288.0248
    Hexadecapole Moments (Debye-Ang^3)
      XXXX   -6002.6905   XXXY     107.4545   XXYY   -1256.1335
      XYYY    -170.3919   YYYY    -452.5851   XXXZ    1417.5292
      XXYZ      21.0883   XYYZ     546.2691   YYYZ     -83.6051
      XXZZ   -1730.5938   XYZZ    -112.1263   YYZZ    -546.5144
      XZZZ    1565.2451   YZZZ     -41.3794   ZZZZ   -2875.4360
 -----------------------------------------------------------------
 Applying Cartesian multipole field
    Component          Value
    ---------          -----
     (0,1,0)        1.88973E-05
 Nucleus-field energy     =     0.0010289263 hartrees
 Guess MOs from SCF MO coefficient file
 Reading MOs from coefficient file
 Reading MOs from coefficient file
 A restricted Hartree-Fock SCF calculation will be
 performed using Pulay DIIS extrapolation
 SCF converges when DIIS error is below 1.0E-09
 using 4 threads for integral computing 
 ---------------------------------------
  Cycle       Energy         DIIS Error
 ---------------------------------------
    1    -673.5905639984      3.31E-06
    2    -673.5905640200      1.58E-06
    3    -673.5905640229      4.66E-07
    4    -673.5905640235      1.46E-07
    5    -673.5905640235      5.79E-08
    6    -673.5905640235      2.14E-08
    7    -673.5905640235      9.01E-09
    8    -673.5905640235      3.39E-09
    9    -673.5905640235      1.00E-09
   10    -673.5905640235      5.02E-10 Convergence criterion met
 ---------------------------------------
 SCF time:  CPU 6.36 s  wall 2.28 s
 SCF   energy in the final basis set = -673.5905640235
 Total energy in the final basis set = -673.5905640235

 --------------------------------------------------------------

                    Orbital Energies (a.u.)
 --------------------------------------------------------------

 Alpha MOs
 -- Occupied --
-20.269 -20.242 -15.390 -15.345 -11.148 -11.098 -11.068 -11.065
-11.063 -11.025 -11.025 -11.024 -11.016 -11.015 -11.012  -1.348
 -1.258  -1.220  -1.154  -1.075  -1.026  -0.959  -0.937  -0.913
 -0.838  -0.783  -0.749  -0.711  -0.693  -0.669  -0.648  -0.617
 -0.602  -0.598  -0.581  -0.556  -0.543  -0.537  -0.524  -0.518
 -0.498  -0.487  -0.479  -0.460  -0.445  -0.438  -0.417  -0.414
 -0.370  -0.329  -0.326  -0.307  -0.243  -0.226
 -- Virtual --
  0.248   0.295   0.319   0.369   0.522   0.534   0.561   0.569
  0.578   0.613   0.617   0.627   0.644   0.653   0.677   0.685
  0.691   0.717   0.723   0.742   0.745   0.754   0.771   0.803
  0.826   0.884   0.913   0.960   0.965   1.004   1.086   1.145
  1.174
 --------------------------------------------------------------

          Ground-State Mulliken Net Atomic Charges

     Atom                 Charge (a.u.)
  ----------------------------------------
      1 N                    -0.405362
      2 C                     0.019230
      3 C                     0.298918
      4 O                    -0.260732
      5 C                    -0.105999
      6 H                     0.066601
      7 H                     0.060774
      8 C                    -0.035656
      9 C                     0.043369
     10 N                    -0.321567
     11 H                     0.216284
     12 C                     0.105703
     13 C                    -0.023668
     14 C                    -0.064890
     15 H                     0.055249
     16 C                    -0.075162
     17 H                     0.057028
     18 C                    -0.059341
     19 H                     0.060788
     20 C                    -0.082606
     21 H                     0.061583
     22 H                     0.077278
     23 H                     0.163243
     24 H                     0.066032
     25 H                     0.161144
     26 O                    -0.312248
     27 H                     0.234008
  ----------------------------------------
  Sum of atomic charges =     0.000000

 -----------------------------------------------------------------
                    Cartesian Multipole Moments
 -----------------------------------------------------------------
    Charge (ESU x 10^10)
                -0.0000
    Dipole Moment (Debye)
         X      -1.2074      Y       0.9523      Z      -2.2330
       Tot       2.7113
    Quadrupole Moments (Debye-Ang)
        XX     -71.1305     XY       8.1547     YY     -79.5868
        XZ      -4.0561     YZ       1.8166     ZZ     -89.9205
    Octopole Moments (Debye-Ang^2)
       XXX    -682.9926    XXY      25.3428    XYY    -269.9317
       YYY     -61.8991    XXZ      79.7267    XYZ      11.9933
       YYZ     104.7270    XZZ    -300.0236    YZZ     -33.0384
       ZZZ     287.9890
    Hexadecapole Moments (Debye-Ang^3)
      XXXX   -6004.2552   XXXY     107.2109   XXYY   -1256.1902
      XYYY    -170.4263   YYYY    -452.5957   XXXZ    1417.9134
      XXYZ      21.1544   XYYZ     546.2597   YYYZ     -83.5952
      XXZZ   -1730.6782   XYZZ    -112.1829   YYZZ    -546.4946
      XZZZ    1565.1742   YZZZ     -41.3143   ZZZZ   -2875.2569
 -----------------------------------------------------------------
 Applying Cartesian multipole field
    Component          Value
    ---------          -----
     (0,1,0)       -1.88973E-05
 Nucleus-field energy     =    -0.0010289263 hartrees
 Guess MOs from SCF MO coefficient file
 Reading MOs from coefficient file
 Reading MOs from coefficient file
 A restricted Hartree-Fock SCF calculation will be
 performed using Pulay DIIS extrapolation
 SCF converges when DIIS error is below 1.0E-09
 using 4 threads for integral computing 
 ---------------------------------------
  Cycle       Energy         DIIS Error
 ---------------------------------------
    1    -673.5905781844      4.01E-06
    2    -673.5905782171      1.49E-06
    3    -673.5905782196      4.34E-07
    4    -673.5905782200      1.40E-07
    5    -673.5905782201      5.55E-08
    6    -673.5905782201      2.14E-08
    7    -673.5905782201      7.76E-09
    8    -673.5905782201      2.82E-09
    9    -673.5905782201      1.07E-09
   10    -673.5905782201      4.42E-10 Convergence criterion met
 ---------------------------------------
 SCF time:  CPU 6.27 s  wall 2.20 s
 SCF   energy in the final basis set = -673.5905782201
 Total energy in the final basis set = -673.5905782201

 --------------------------------------------------------------

                    Orbital Energies (a.u.)
 --------------------------------------------------------------

 Alpha MOs
 -- Occupied --
-20.269 -20.242 -15.390 -15.345 -11.148 -11.098 -11.068 -11.065
-11.063 -11.025 -11.025 -11.024 -11.016 -11.015 -11.012  -1.348
 -1.258  -1.220  -1.154  -1.075  -1.026  -0.959  -0.937  -0.913
 -0.838  -0.783  -0.749  -0.711  -0.693  -0.669  -0.648  -0.617
 -0.602  -0.598  -0.581  -0.556  -0.543  -0.537  -0.524  -0.518
 -0.498  -0.487  -0.479  -0.460  -0.445  -0.438  -0.417  -0.414
 -0.370  -0.329  -0.326  -0.307  -0.243  -0.226
 -- Virtual --
  0.248   0.295   0.319   0.369   0.522   0.534   0.561   0.569
  0.578   0.613   0.617   0.627   0.644   0.653   0.677   0.685
  0.691   0.717   0.723   0.742   0.745   0.754   0.771   0.803
  0.826   0.884   0.913   0.960   0.965   1.004   1.086   1.145
  1.174
 --------------------------------------------------------------

          Ground-State Mulliken Net Atomic Charges

     Atom                 Charge (a.u.)
  ----------------------------------------
      1 N                    -0.405337
      2 C                     0.019227
      3 C                     0.298920
      4 O                    -0.260806
      5 C                    -0.106001
      6 H                     0.066679
      7 H                     0.060801
      8 C                    -0.035658
      9 C                     0.043413
     10 N                    -0.321550
     11 H                     0.216317
     12 C                     0.105709
     13 C                    -0.023655
     14 C                    -0.064894
     15 H                     0.055236
     16 C                    -0.075190
     17 H                     0.056962
     18 C                    -0.059372
     19 H                     0.060728
     20 C                    -0.082600
     21 H                     0.061585
     22 H                     0.077351
     23 H                     0.163283
     24 H                     0.065962
     25 H                     0.161079
     26 O                    -0.312229
     27 H                     0.234041
  ----------------------------------------
  Sum of atomic charges =     0.000000

 -----------------------------------------------------------------
                    Cartesian Multipole Moments
 -----------------------------------------------------------------
    Charge (ESU x 10^10)
                 0.0000
    Dipole Moment (Debye)
         X      -1.2076      Y       0.9571      Z      -2.2301
       Tot       2.7107
    Quadrupole Moments (Debye-Ang)
        XX     -71.1303     XY       8.1712     YY     -79.5842
        XZ      -4.0429     YZ       1.8102     ZZ     -89.9363
    Octopole Moments (Debye-Ang^2)
       XXX    -682.9835    XXY      25.4181    XYY    -269.9240
       YYY     -61.8830    XXZ      79.7903    XYZ      11.9620
       YYZ     104.7346    XZZ    -300.0997    YZZ     -33.0056
       ZZZ     288.0718
    Hexadecapole Moments (Debye-Ang^3)
      XXXX   -6004.1711   XXXY     107.5858   XXYY   -1256.1601
      XYYY    -170.3680   YYYY    -452.5759   XXXZ    1418.2455
      XXYZ      20.9940   XYYZ     546.2953   YYYZ     -83.6142
      XXZZ   -1731.0546   XYZZ    -112.0379   YYZZ    -546.5347
      XZZZ    1565.5548   YZZZ     -41.4484   ZZZZ   -2875.6648
 -----------------------------------------------------------------
 Applying Cartesian multipole field
    Component          Value
    ---------          -----
     (0,0,1)        1.88973E-05
 Nucleus-field energy     =    -0.0042452472 hartrees
 Guess MOs from SCF MO coefficient file
 Reading MOs from coefficient file
 Reading MOs from coefficient file
 A restricted Hartree-Fock SCF calculation will be
 performed using Pulay DIIS extrapolation
 SCF converges when DIIS error is below 1.0E-09
 using 4 threads for integral computing 
 ---------------------------------------
  Cycle       Energy         DIIS Error
 ---------------------------------------
    1    -673.5905876843      3.76E-06
    2    -673.5905877147      1.54E-06
    3    -673.5905877174      3.90E-07
    4    -673.5905877178      1.30E-07
    5    -673.5905877178      4.64E-08
    6    -673.5905877178      1.51E-08
    7    -673.5905877178      7.07E-09
    8    -673.5905877178      2.79E-09
    9    -673.5905877178      8.11E-10 Convergence criterion met
 ---------------------------------------
 SCF time:  CPU 5.71 s  wall 1.93 s
 SCF   energy in the final basis set = -673.5905877178
 Total energy in the final basis set = -673.5905877178

 --------------------------------------------------------------

                    Orbital Energies (a.u.)
 --------------------------------------------------------------

 Alpha MOs
 -- Occupied --
-20.269 -20.242 -15.390 -15.345 -11.148 -11.098 -11.068 -11.065
-11.063 -11.025 -11.025 -11.024 -11.016 -11.015 -11.011  -1.348
 -1.258  -1.220  -1.154  -1.074  -1.025  -0.959  -0.937  -0.913
 -0.838  -0.783  -0.749  -0.711  -0.693  -0.669  -0.648  -0.617
 -0.602  -0.598  -0.581  -0.556  -0.543  -0.537  -0.524  -0.518
 -0.498  -0.487  -0.479  -0.460  -0.445  -0.438  -0.417  -0.414
 -0.370  -0.329  -0.326  -0.307  -0.242  -0.226
 -- Virtual --
  0.248   0.295   0.318   0.370   0.522   0.534   0.561   0.569
  0.578   0.613   0.617   0.627   0.644   0.653   0.677   0.685
  0.691   0.717   0.723   0.742   0.745   0.754   0.771   0.803
  0.826   0.884   0.913   0.960   0.965   1.004   1.086   1.145
  1.174
 --------------------------------------------------------------

          Ground-State Mulliken Net Atomic Charges

     Atom                 Charge (a.u.)
  ----------------------------------------
      1 N                    -0.405368
      2 C                     0.019229
      3 C                     0.298915
      4 O                    -0.260785
      5 C                    -0.106000
      6 H                     0.066619
      7 H                     0.060821
      8 C                    -0.035656
      9 C                     0.043366
     10 N                    -0.321563
     11 H                     0.216278
     12 C                     0.105703
     13 C                    -0.023670
     14 C                    -0.064891
     15 H                     0.055247
     16 C                    -0.075155
     17 H                     0.057042
     18 C                    -0.059334
     19 H                     0.060804
     20 C                    -0.082604
     21 H                     0.061588
     22 H                     0.077265
     23 H                     0.163290
     24 H                     0.066019
     25 H                     0.161099
     26 O                    -0.312279
     27 H                     0.234020
  ----------------------------------------
  Sum of atomic charges =     0.000000

 -----------------------------------------------------------------
                    Cartesian Multipole Moments
 -----------------------------------------------------------------
    Charge (ESU x 10^10)
                -0.0000
    Dipole Moment (Debye)
         X      -1.2073      Y       0.9533      Z      -2.2353
       Tot       2.7135
    Quadrupole Moments (Debye-Ang)
        XX     -71.1288     XY       8.1558     YY     -79.5860
        XZ      -4.0638     YZ       1.8165     ZZ     -89.9151
    Octopole Moments (Debye-Ang^2)
       XXX    -682.9774    XXY      25.3451    XYY    -269.9304
       YYY     -61.8969    XXZ      79.6904    XYZ      11.9942
       YYZ     104.7243    XZZ    -299.9963    YZZ     -33.0397
       ZZZ     287.9550
    Hexadecapole Moments (Debye-Ang^3)
      XXXX   -6004.1432   XXXY     107.2125   XXYY   -1256.1861
      XYYY    -170.4235   YYYY    -452.5916   XXXZ    1417.7264
      XXYZ      21.1610   XYYZ     546.2506   YYYZ     -83.5963
      XXZZ   -1730.5310   XYZZ    -112.1942   YYZZ    -546.4876
      XZZZ    1565.0204   YZZZ     -41.2966   ZZZZ   -2875.1105
 -----------------------------------------------------------------
 Applying Cartesian multipole field
    Component          Value
    ---------          -----
     (0,0,1)       -1.88973E-05
 Nucleus-field energy     =     0.0042452472 hartrees
 Guess MOs from SCF MO coefficient file
 Reading MOs from coefficient file
 Reading MOs from coefficient file
 A restricted Hartree-Fock SCF calculation will be
 performed using Pulay DIIS extrapolation
 SCF converges when DIIS error is below 1.0E-09
 using 4 threads for integral computing 
 ---------------------------------------
  Cycle       Energy         DIIS Error
 ---------------------------------------
    1    -673.5905544803      4.76E-06
    2    -673.5905545303      1.85E-06
    3    -673.5905545347      5.60E-07
    4    -673.5905545354      1.79E-07
    5    -673.5905545355      6.01E-08
    6    -673.5905545355      1.86E-08
    7    -673.5905545355      8.65E-09
    8    -673.5905545355      3.91E-09
    9    -673.5905545355      1.20E-09
   10    -673.5905545355      5.38E-10 Convergence criterion met
 ---------------------------------------
 SCF time:  CPU 6.35 s  wall 2.20 s
 SCF   energy in the final basis set = -673.5905545355
 Total energy in the final basis set = -673.5905545355

 --------------------------------------------------------------

                    Orbital Energies (a.u.)
 --------------------------------------------------------------

 Alpha MOs
 -- Occupied --
-20.269 -20.242 -15.390 -15.345 -11.148 -11.098 -11.068 -11.065
-11.063 -11.026 -11.025 -11.024 -11.016 -11.015 -11.012  -1.348
 -1.258  -1.220  -1.154  -1.075  -1.026  -0.959  -0.937  -0.913
 -0.838  -0.783  -0.749  -0.711  -0.693  -0.669  -0.648  -0.617
 -0.602  -0.598  -0.581  -0.557  -0.543  -0.537  -0.524  -0.518
 -0.498  -0.487  -0.479  -0.460  -0.445  -0.439  -0.417  -0.414
 -0.370  -0.328  -0.326  -0.307  -0.243  -0.226
 -- Virtual --
  0.247   0.295   0.319   0.369   0.522   0.534   0.561   0.569
  0.578   0.613   0.617   0.627   0.644   0.653   0.677   0.685
  0.691   0.717   0.723   0.742   0.745   0.754   0.771   0.803
  0.826   0.883   0.913   0.960   0.965   1.004   1.086   1.145
  1.174
 --------------------------------------------------------------

          Ground-State Mulliken Net Atomic Charges

     Atom                 Charge (a.u.)
  ----------------------------------------
      1 N                    -0.405331
      2 C                     0.019228
      3 C                     0.298923
      4 O                    -0.260753
      5 C                    -0.106000
      6 H                     0.066661
      7 H                     0.060755
      8 C                    -0.035657
      9 C                     0.043415
     10 N                    -0.321554
     11 H                     0.216322
     12 C                     0.105709
     13 C                    -0.023653
     14 C                    -0.064893
     15 H                     0.055237
     16 C                    -0.075197
     17 H                     0.056948
     18 C                    -0.059380
     19 H                     0.060712
     20 C                    -0.082601
     21 H                     0.061580
     22 H                     0.077363
     23 H                     0.163236
     24 H                     0.065975
     25 H                     0.161123
     26 O                    -0.312197
     27 H                     0.234029
  ----------------------------------------
  Sum of atomic charges =     0.000000

 -----------------------------------------------------------------
                    Cartesian Multipole Moments
 -----------------------------------------------------------------
    Charge (ESU x 10^10)
                 0.0000
    Dipole Moment (Debye)
         X      -1.2077      Y       0.9562      Z      -2.2279
       Tot       2.7085
    Quadrupole Moments (Debye-Ang)
        XX     -71.1319     XY       8.1702     YY     -79.5850
        XZ      -4.0352     YZ       1.8104     ZZ     -89.9417
    Octopole Moments (Debye-Ang^2)
       XXX    -682.9987    XXY      25.4158    XYY    -269.9253
       YYY     -61.8853    XXZ      79.8266    XYZ      11.9610
       YYZ     104.7373    XZZ    -300.1269    YZZ     -33.0042
       ZZZ     288.1058
    Hexadecapole Moments (Debye-Ang^3)
      XXXX   -6004.2831   XXXY     107.5842   XXYY   -1256.1642
      XYYY    -170.3708   YYYY    -452.5800   XXXZ    1418.4325
      XXYZ      20.9874   XYYZ     546.3044   YYYZ     -83.6131
      XXZZ   -1731.2018   XYZZ    -112.0266   YYZZ    -546.5417
      XZZZ    1565.7086   YZZZ     -41.4661   ZZZZ   -2875.8112
 -----------------------------------------------------------------
 <<<<<<<<<<<<<<<<<<<<<<<<<<<<<<<<<<<<<<<<<<<<<<<<<<<<<<<<<<<<<<<<<<<<<<<<<<<<<
  Polarizability tensor      [a.u.]
     95.1154232     -2.2774052     -3.7752632
     -2.2774671     49.9964351     30.4193925
     -3.7751180     30.4191314     77.2607573
  Principal components       [a.u.]
     30.2939935     91.5368374    100.5417848
  Isotropic polarizability   [a.u.]
     74.1242052
  Anisotropic polarizability [a.u.]
     66.2060311
  Polarizability tensor      [angstrom^3]
     14.0946515     -0.3374766     -0.5594363
     -0.3374858      7.4087073      4.5076889
     -0.5594148      4.5076502     11.4488630
  Principal components       [angstrom^3]
      4.4891067     13.5643598     14.8987554
  Isotropic polarizability   [angstrom^3]
     10.9840740
  Anisotropic polarizability [angstrom^3]
      9.8107216
  Orientation
     -0.0021821     -0.7762478     -0.6304241
      0.8392506     -0.3442103      0.4209248
     -0.5437405     -0.5281653      0.6522175
 >>>>>>>>>>>>>>>>>>>>>>>>>>>>>>>>>>>>>>>>>>>>>>>>>>>>>>>>>>>>>>>>>>>>>>>>>>>>>
FINAL TENSOR RESULT:
Order 2, Length 3
    Atom      X          Y          Z
     1 Order 1, Length 3
    Atom      X          Y          Z
     1   -9.511542316497699e+01   2.277405176986145e+00   3.775263189974282e+00

Order 1, Length 3
    Atom      X          Y          Z
     1    2.277467149616405e+00  -4.999643509822184e+01  -3.041939245466888e+01

Order 1, Length 3
    Atom      X          Y          Z
     1    3.775117962566654e+00  -3.041913142641421e+01  -7.726075731685084e+01



 # Finishing finite difference calculation for IDERIV #
 ######################################################
 ######################################################
Archival summary:
1\1\copper\JobtypUnspecified\HF\STO-3G\221112\eric\ThuMar1611:12:222017ThuMar1611:12:222017\0\\#,JobtypUnspecified,HF,STO-3G,\\0,1\O\C,1,1.21573\O,2,1.38484,1,121.628\H,3,0.990863,2,103.198,1,-172.642,0\C,2,1.56667,1,124.499,3,178.54,0\H,5,1.09384,2,108.479,1,33.4833,0\N,5,1.49131,2,106.724,1,155.184,0\H,7,1.03058,5,108.829,2,160.876,0\H,7,1.03164,5,108.425,2,-85.1222,0\C,5,1.55856,2,110.189,1,-85.8192,0\H,10,1.08869,5,108.548,2,-57.054,0\H,10,1.08976,5,107.969,2,-173.108,0\C,10,1.51698,5,113.052,2,65.4279,0\C,13,1.3455,10,126.86,5,-99.0524,0\H,14,1.08198,13,129.849,10,-0.48321,0\N,14,1.39861,13,110.039,10,-179.84,0\H,16,1.01911,14,125.297,13,-173.946,0\C,16,1.39605,14,108.394,13,-1.44639,0\C,18,1.4003,16,107.254,14,1.36903,0\C,18,1.40261,16,130.511,14,-179.445,0\H,20,1.08166,18,120.965,16,1.04843,0\C,20,1.37033,18,117.468,16,-179.02,0\H,22,1.08272,20,119.697,18,-179.904,0\C,19,1.40529,18,118.89,16,178.955,0\H,24,1.08273,19,120.505,18,-179.654,0\C,24,1.37066,19,119.105,18,0.30959,0\H,26,1.08181,24,119.998,19,179.926,0\\HF=-673.590555\\@

 Total job time:  15.52s(wall), 43.07s(cpu) 
 Thu Mar 16 11:12:22 2017

        *************************************************************
        *                                                           *
        *  Thank you very much for using Q-Chem.  Have a nice day.  *
        *                                                           *
        *************************************************************


