
 uff(milleotto.local) : TURBOMOLE V5-10 14 Jan 2008 at 16:09:14
 Copyright (C) 2008 University of Karlsruhe


    2010-09-15 15:09:17.271 

                                         
                                     u f f
                                           
                             by K. May, R. Ahlrichs
                                         
                             quantum chemistry group 
                              university  karlsruhe
                                    germany
                                         

<UFF<-rdparm>   127 atomtypes are read from file 
                    /sw/pkg/bio/TURBO/Turbo5.10/scripts/uffparms.in                                                                                                                                                                                                                                                                                                                                                                                                                                                                                                                                                                                                                                                                                                                                                                                                                                                                                                                                                                                         

<UFF> The following terms are included in the Force Field !
<UFF> Bond      terms       are included !
<UFF> Angle     terms       are included !
<UFF> Torsion   terms       are included !
<UFF> Inversion terms       are included !
<UFF> Nonbonded terms (vdW) are included !
<UFF> Nonbonded terms (el)  are included !

<UFF> Required memory :    0.96 MB


 symmetry group of the molecule :   c1 

 the group has the following generators :
   c1(z)

    1 symmetry operations found
<getnxt12> There is no topology check!

Bond analyse
------------
Group#   MTYPE    UFFTYPE   # of Atoms    # of next Neighbours
   1       c        c_2          10            3
   2       h        h_           10            1

 Molecule: natoms=   20
c        c_2          0.00000000000000     0.00000000000000     0.00000000000000
c        c_2          0.00000000000000     0.00000000000000     2.68530063036900
h        h_          -1.80090886751700     0.00000000000000     3.71520129437400
c        c_2          2.27523009075600     0.00000000000000     4.04401361646000
h        h_           2.22987666702000     0.00000000000000     6.12082247837100
c        c_2          4.65250538491800     0.00000000000000     2.79112528575300
c        c_2          4.65250538491800     0.00000000000000     0.10582465538400
h        h_           6.45341425243500     0.00000000000000    -0.92407600862100
c        c_2          7.02600122710200     0.00000000000000     4.33503141876600
h        h_           6.71419643891700     0.00000000000000     6.39105329479800
c        c_2          9.40705597324200     0.00000000000000     3.45063965591400
h        h_           9.84736212867900     0.00000000000000     1.42674312169500
h        h_          11.03033059779300     0.00000000000000     4.73754305442300
c        c_2         -2.37160611619500     0.00000000000000    -1.54390613301300
h        h_          -2.06169105399900     0.00000000000000    -3.59992800904500
c        c_2         -4.75455058832400     0.00000000000000    -0.65951437016100
h        h_          -5.19485674376100     0.00000000000000     1.36438216405800
h        h_          -6.37782521287500     0.00000000000000    -1.94641776867000
c        c_2          2.37727529416200     0.00000000000000    -1.25288833070700
h        h_           2.42262871789800     0.00000000000000    -3.32969719261800

<UFF> Number of fixed atoms is nafix=   0

 .................................................
  Optimization
 .................................................


            1  -cycle       .................................
UFF energy    = 0.130367D+00 |dE/dxyz| = 0.218025D+00
UFF Delta E=0.130367D+00

<UFF> Project trans. and rot. out of hessian 

Eigenvalues of Hesse matric without Trans. and Rot. : 
 -1.66533D-16  1.11022D-16  3.33067D-16  1.54728D-03  2.59102D-03
  3.00951D-03  4.29345D-03  7.92256D-03  9.24223D-03  1.54494D-02
  1.67761D-02  2.55992D-02  3.04956D-02  3.16764D-02  3.76624D-02
  4.45511D-02  5.99268D-02  6.30457D-02  6.93996D-02  7.88198D-02
  9.10628D-02  9.12883D-02  9.59983D-02  1.04392D-01  1.09852D-01
  1.12243D-01  1.39189D-01  1.48895D-01  1.51162D-01  1.65036D-01
  1.66090D-01  1.69041D-01  1.74234D-01  2.15624D-01  2.19485D-01
  2.25238D-01  3.01149D-01  3.29510D-01  3.66481D-01  3.89703D-01
  4.46003D-01  4.57161D-01  4.95164D-01  5.82907D-01  5.95868D-01
  6.50935D-01  7.38129D-01  7.69665D-01  8.24956D-01  9.77928D-01
  1.05926D+00  1.20832D+00  1.26321D+00  1.32215D+00  1.38527D+00
  1.43170D+00  1.67751D+00  1.69191D+00  1.93967D+00  1.94451D+00

    UFF profiling
  --------------------------------------------------------------------
             module   cpu total (s)       %  wall total (s)       %

         UFF (total)            49.6  100.00            49.6    0.00
           Pre.Proc.             6.3   12.73             6.3    0.00
            Topology             0.0    0.00             0.0    0.00
         FF val/prms             0.0    0.00             0.0    0.00
               cpegh             0.0    0.01             0.0    0.00
             numhess             0.0    0.00             0.0    0.00
              dsyprj            34.0   68.57            34.0    0.00
             eighess             4.6    9.23             4.6    0.00
           Postproc.             4.7    9.44             4.7    0.00

UFF ended normally
