     Molecular Orbital Coefficients:
                           1         2         3         4         5
                           O         O         O         O         O
     Eigenvalues --  -372.66755-235.72701 -46.03921 -40.79270 -40.79111
     1 1   Mn 1S        0.00000   0.47278   0.00000   0.00000   0.00000
     2        2S        0.00000   0.40732   0.00000   0.00000   0.00000
     3        3S        0.00000   0.21455   0.00000   0.00000   0.00000
     4        4S        0.00000   0.01534   0.00000  -0.00002   0.00000
     5        5S        0.00000  -0.00269   0.00000   0.00003   0.00000
     6        6S        0.00000   0.00087   0.00003  -0.00006  -0.00003
     7        7S       -0.00001  -0.00056  -0.00015   0.00010   0.00016
     8        8S       -0.00002   0.00103  -0.00025   0.00059   0.00058
     9        9S        0.00163   0.00073   0.02117  -0.01110  -0.01478
    10       10S        0.00001   0.00006   0.00006  -0.00013  -0.00010
    11       11PX       0.00000   0.00000   0.00001   0.00000   0.00000
    12       11PY       0.00000   0.00000   0.00000   0.00000   0.00000
    13       11PZ       0.00000   0.00000   0.00000   0.00000   0.00000
    14       12PX       0.00000   0.00000  -0.00003  -0.00001   0.00001
    15       12PY       0.00000   0.00000   0.00000   0.00000   0.00000
    16       12PZ       0.00000   0.00000  -0.00001   0.00000   0.00001
    17       13PX       0.00001   0.00000   0.00008   0.00002  -0.00003
    18       13PY       0.00000   0.00000  -0.00001   0.00001   0.00001
    19       13PZ       0.00000   0.00001   0.00002  -0.00001  -0.00002
    20       14PX      -0.00001   0.00000  -0.00016  -0.00003   0.00008
    21       14PY       0.00000   0.00000   0.00002  -0.00002  -0.00002
    22       14PZ       0.00000  -0.00001  -0.00003   0.00002   0.00003
    23       15PX       0.00002  -0.00001   0.00022   0.00006  -0.00010
    24       15PY       0.00000   0.00000  -0.00004   0.00003   0.00004
    25       15PZ       0.00000   0.00002   0.00006  -0.00005  -0.00005
    26       16PX       0.00004   0.00005   0.00046  -0.00009  -0.00113
    27       16PY       0.00003   0.00001   0.00038  -0.00005  -0.00023
    28       16PZ      -0.00001  -0.00013  -0.00013   0.00067   0.00016
    29       17PX       0.00078  -0.00023   0.01002   0.01495  -0.01947
    30       17PY       0.00007  -0.00001   0.00081  -0.00385  -0.00535
    31       17PZ      -0.00072  -0.00081  -0.00923   0.01405   0.02080
    32       18D 0      0.00000   0.00000   0.00000   0.00000  -0.00001
    33       18D+1      0.00000   0.00000   0.00000   0.00000   0.00000
    34       18D-1      0.00000   0.00000   0.00000   0.00000   0.00000
    35       18D+2      0.00000   0.00000   0.00000   0.00000   0.00000
    36       18D-2      0.00000   0.00000   0.00000   0.00000   0.00000
    37       19D 0      0.00000   0.00000   0.00001  -0.00001   0.00001
    38       19D+1      0.00000   0.00000   0.00000  -0.00002   0.00002
    39       19D-1      0.00000   0.00000   0.00000   0.00000   0.00000
    40       19D+2      0.00000   0.00000   0.00000   0.00000   0.00000
    41       19D-2      0.00000   0.00000   0.00001   0.00000   0.00000
    42       20D 0     -0.00001  -0.00001  -0.00012   0.00003   0.00012
    43       20D+1      0.00000   0.00000   0.00000   0.00006  -0.00005
    44       20D-1      0.00000   0.00000   0.00000   0.00001   0.00000
    45       20D+2      0.00001   0.00001   0.00009   0.00002  -0.00014
    46       20D-2      0.00000   0.00000  -0.00002   0.00001  -0.00001
    47       21D 0      0.00013  -0.00020   0.00169   0.00012  -0.00142
    48       21D+1      0.00002  -0.00002   0.00031   0.00040  -0.00007
    49       21D-1     -0.00003   0.00002  -0.00039   0.00000   0.00034
    50       21D+2      0.00003   0.00009   0.00041   0.00023  -0.00140
    51       21D-2      0.00002  -0.00002   0.00030   0.00027   0.00012
    52       22F 0      0.00000   0.00000   0.00000  -0.00001   0.00001
    53       22F+1      0.00000   0.00000  -0.00002   0.00000   0.00002
    54       22F-1      0.00000   0.00000   0.00000   0.00000   0.00000
    55       22F+2      0.00000   0.00000  -0.00001   0.00002   0.00000
    56       22F-2      0.00000   0.00000   0.00000   0.00000   0.00000
    57       22F+3      0.00000   0.00000   0.00000   0.00002  -0.00001
    58       22F-3      0.00000   0.00000   0.00001   0.00000  -0.00001
    59 2   O  1S        0.00000   0.00000   0.00000   0.00000   0.00000
    60        2S        0.00000   0.00000  -0.00001   0.00000  -0.00001
    61        2PX       0.00000   0.00000   0.00003  -0.00001  -0.00003
    62        2PY       0.00000   0.00000   0.00001   0.00000  -0.00003
    63        2PZ       0.00000   0.00000   0.00001   0.00001  -0.00001
    64        3S        0.00002   0.00001   0.00020   0.00000  -0.00007
    65        3PX      -0.00001   0.00000  -0.00007   0.00004   0.00013
    66        3PY       0.00000   0.00000   0.00001   0.00000   0.00009
    67        3PZ       0.00000   0.00000  -0.00003  -0.00003   0.00004
    68        4S       -0.00003  -0.00003  -0.00040  -0.00010  -0.00021
    69        4PX      -0.00002   0.00007  -0.00032  -0.00018  -0.00009
    70        4PY      -0.00005  -0.00002  -0.00059   0.00017   0.00000
    71        4PZ       0.00000   0.00000   0.00002   0.00026  -0.00012
    72        5S        0.00053  -0.00008   0.00731   0.00299  -0.01051
    73        5PX       0.00021   0.00005   0.00286   0.00020  -0.00262
    74        5PY       0.00029  -0.00009   0.00381   0.00073  -0.00474
    75        5PZ       0.00016   0.00004   0.00201  -0.00111  -0.00172
    76        6D 0      0.00001   0.00000   0.00008  -0.00001  -0.00007
    77        6D+1      0.00000   0.00000  -0.00002  -0.00002   0.00002
    78        6D-1      0.00000   0.00000  -0.00002  -0.00002   0.00002
    79        6D+2      0.00000   0.00000   0.00001  -0.00001  -0.00002
    80        6D-2     -0.00001   0.00000  -0.00011   0.00001   0.00010
    81 3   O  1S        0.00000   0.00000   0.00000   0.00000   0.00000
    82        2S        0.00000   0.00000  -0.00001   0.00000  -0.00001
    83        2PX       0.00000   0.00000   0.00004  -0.00001  -0.00004
    84        2PY       0.00000   0.00000  -0.00001   0.00000   0.00003
    85        2PZ       0.00000   0.00000   0.00001   0.00001  -0.00001
    86        3S        0.00002   0.00001   0.00019  -0.00003  -0.00007
    87        3PX      -0.00001   0.00000  -0.00009   0.00003   0.00015
    88        3PY       0.00000   0.00000  -0.00004   0.00001  -0.00008
    89        3PZ       0.00000   0.00000  -0.00003  -0.00004   0.00005
    90        4S       -0.00003  -0.00001  -0.00036   0.00017  -0.00019
    91        4PX      -0.00001   0.00007  -0.00017  -0.00021  -0.00020
    92        4PY       0.00005   0.00002   0.00059  -0.00016   0.00001
    93        4PZ       0.00000  -0.00001   0.00005   0.00025  -0.00016
    94        5S        0.00052   0.00002   0.00716   0.00054  -0.01121
    95        5PX       0.00029   0.00006   0.00395   0.00036  -0.00331
    96        5PY      -0.00025   0.00006  -0.00334   0.00075   0.00501
    97        5PZ       0.00012   0.00004   0.00149  -0.00026  -0.00136
    98        6D 0      0.00001   0.00000   0.00009  -0.00001  -0.00008
    99        6D+1      0.00000   0.00000  -0.00002  -0.00002   0.00002
   100        6D-1      0.00000   0.00000   0.00001   0.00003  -0.00001
   101        6D+2      0.00000   0.00000   0.00000  -0.00001  -0.00001
   102        6D-2      0.00001  -0.00001   0.00011   0.00000  -0.00010
   103 4   O  1S        0.00000   0.00000   0.00000   0.00000   0.00000
   104        2S        0.00000   0.00000  -0.00001   0.00000   0.00000
   105        2PX       0.00000   0.00000   0.00000   0.00000  -0.00001
   106        2PY       0.00000   0.00000   0.00000   0.00000   0.00000
   107        2PZ       0.00000   0.00000  -0.00001  -0.00001   0.00002
   108        3S        0.00001   0.00001   0.00007  -0.00001  -0.00001
   109        3PX       0.00000   0.00000  -0.00001  -0.00002   0.00004
   110        3PY       0.00000   0.00000   0.00001   0.00000  -0.00001
   111        3PZ       0.00000   0.00000   0.00002   0.00004  -0.00006
   112        4S       -0.00005  -0.00003  -0.00066  -0.00030   0.00052
   113        4PX      -0.00001  -0.00002  -0.00017  -0.00011   0.00003
   114        4PY       0.00000   0.00000  -0.00005  -0.00003   0.00004
   115        4PZ       0.00001   0.00002   0.00008   0.00000   0.00002
   116        5S       -0.00019   0.00013  -0.00235  -0.00124   0.00111
   117        5PX      -0.00004  -0.00002  -0.00053  -0.00070   0.00156
   118        5PY       0.00002  -0.00001   0.00025   0.00000  -0.00015
   119        5PZ       0.00012  -0.00005   0.00152   0.00038  -0.00082
   120        6D 0      0.00000   0.00000   0.00000   0.00001   0.00000
   121        6D+1      0.00000   0.00000   0.00000   0.00000   0.00000
   122        6D-1      0.00000   0.00000   0.00000   0.00000   0.00000
   123        6D+2      0.00000   0.00000   0.00000   0.00000  -0.00001
   124        6D-2      0.00000   0.00000   0.00000   0.00000   0.00000
   125 5   O  1S        0.00000   0.00000   0.00000   0.00000   0.00000
   126        2S        0.00000   0.00000  -0.00002  -0.00001   0.00000
   127        2PX       0.00000   0.00000  -0.00001  -0.00001   0.00001
   128        2PY       0.00000   0.00000   0.00000   0.00000   0.00000
   129        2PZ       0.00000   0.00000   0.00001  -0.00005   0.00000
   130        3S        0.00001   0.00000   0.00014   0.00015   0.00002
   131        3PX       0.00000   0.00000   0.00004   0.00004  -0.00004
   132        3PY       0.00000   0.00000   0.00000   0.00001   0.00000
   133        3PZ      -0.00001   0.00000  -0.00008   0.00006   0.00002
   134        4S       -0.00002  -0.00003  -0.00033  -0.00026  -0.00001
   135        4PX      -0.00001  -0.00001  -0.00009  -0.00009   0.00036
   136        4PY       0.00000   0.00000   0.00000  -0.00004  -0.00002
   137        4PZ       0.00003   0.00003   0.00036   0.00024  -0.00023
   138        5S        0.00078   0.00008   0.01043   0.00717  -0.00642
   139        5PX       0.00000  -0.00004  -0.00003  -0.00008   0.00132
   140        5PY       0.00003   0.00000   0.00033   0.00031   0.00016
   141        5PZ      -0.00031  -0.00003  -0.00416  -0.00443   0.00118
   142        6D 0      0.00000   0.00000  -0.00005  -0.00014   0.00000
   143        6D+1      0.00000   0.00000   0.00000   0.00001   0.00001
   144        6D-1      0.00000   0.00000   0.00000   0.00000   0.00000
   145        6D+2      0.00000   0.00000  -0.00001  -0.00001  -0.00001
   146        6D-2      0.00000   0.00000   0.00000   0.00000   0.00000
   147 6   N  1S        0.00000   0.00000   0.00000   0.00000   0.00000
   148        2S        0.00000   0.00000   0.00000   0.00000   0.00000
   149        2PX       0.00000   0.00000   0.00000   0.00000   0.00000
   150        2PY       0.00000   0.00000   0.00000   0.00000   0.00000
   151        2PZ       0.00000   0.00000   0.00000   0.00000   0.00000
   152        3S        0.00000   0.00002   0.00000  -0.00003   0.00001
   153        3PX       0.00000   0.00001   0.00001  -0.00002   0.00002
   154        3PY       0.00000  -0.00001  -0.00001  -0.00001   0.00000
   155        3PZ       0.00000   0.00000  -0.00001   0.00000   0.00000
   156        4S        0.00000  -0.00006   0.00000   0.00023   0.00009
   157        4PX      -0.00001  -0.00012  -0.00013   0.00016  -0.00017
   158        4PY       0.00001   0.00013   0.00008   0.00009   0.00002
   159        4PZ       0.00002   0.00002   0.00029  -0.00011  -0.00012
   160        5S        0.00017  -0.00022   0.00221   0.00416  -0.00255
   161        5PX       0.00009  -0.00021   0.00119   0.00101  -0.00086
   162        5PY      -0.00008   0.00027  -0.00108  -0.00176   0.00125
   163        5PZ      -0.00010  -0.00003  -0.00132  -0.00021   0.00069
   164        6D 0      0.00000   0.00000   0.00000   0.00000   0.00000
   165        6D+1      0.00000   0.00000   0.00000   0.00000   0.00000
   166        6D-1      0.00000   0.00000   0.00000   0.00000   0.00000
   167        6D+2      0.00000   0.00000   0.00000   0.00001   0.00000
   168        6D-2      0.00000   0.00000   0.00000   0.00000   0.00001
   169 7   N  1S        0.00000   0.00000   0.00000   0.00000   0.00000
   170        2S        0.00000   0.00000  -0.00001   0.00000   0.00001
   171        2PX       0.00000   0.00000  -0.00001   0.00000   0.00000
   172        2PY       0.00000   0.00000   0.00000   0.00001   0.00000
   173        2PZ       0.00000   0.00000  -0.00001  -0.00001   0.00000
   174        3S        0.00001   0.00002   0.00011   0.00000  -0.00009
   175        3PX       0.00000   0.00000   0.00005   0.00000  -0.00005
   176        3PY       0.00000   0.00000   0.00002  -0.00002  -0.00002
   177        3PZ       0.00000   0.00001   0.00003   0.00003  -0.00002
   178        4S       -0.00001   0.00000  -0.00015  -0.00035  -0.00018
   179        4PX      -0.00003  -0.00001  -0.00035   0.00011   0.00054
   180        4PY      -0.00001   0.00001  -0.00006  -0.00004   0.00004
   181        4PZ      -0.00004  -0.00008  -0.00046  -0.00014   0.00023
   182        5S       -0.00092  -0.00055  -0.01196   0.01065   0.01415
   183        5PX      -0.00012   0.00009  -0.00148   0.00259   0.00289
   184        5PY      -0.00018   0.00000  -0.00244   0.00171   0.00159
   185        5PZ      -0.00029  -0.00006  -0.00375   0.00095   0.00444
   186        6D 0      0.00000  -0.00001  -0.00001   0.00001   0.00001
   187        6D+1      0.00000   0.00000  -0.00001   0.00001   0.00002
   188        6D-1      0.00000   0.00000   0.00000   0.00000   0.00000
   189        6D+2      0.00000   0.00000   0.00000   0.00000   0.00001
   190        6D-2      0.00000   0.00000   0.00001  -0.00001  -0.00001
   191 8   N  1S        0.00000   0.00000   0.00000   0.00000   0.00000
   192        2S        0.00000   0.00000   0.00000   0.00000   0.00000
   193        2PX       0.00000   0.00000   0.00000   0.00000  -0.00001
   194        2PY       0.00000   0.00000   0.00000   0.00000   0.00000
   195        2PZ       0.00000   0.00000   0.00000   0.00000   0.00000
   196        3S        0.00000   0.00002  -0.00004   0.00001   0.00005
   197        3PX       0.00000   0.00001  -0.00002  -0.00001   0.00005
   198        3PY       0.00000   0.00001  -0.00001   0.00000   0.00001
   199        3PZ       0.00000   0.00000   0.00000   0.00001   0.00000
   200        4S        0.00001  -0.00006   0.00012  -0.00019  -0.00012
   201        4PX       0.00002  -0.00009   0.00022   0.00008  -0.00047
   202        4PY       0.00001  -0.00014   0.00008   0.00006  -0.00020
   203        4PZ       0.00000   0.00002   0.00004  -0.00012  -0.00006
   204        5S        0.00001  -0.00022   0.00004   0.00243  -0.00376
   205        5PX      -0.00001  -0.00017  -0.00015  -0.00024  -0.00056
   206        5PY      -0.00008  -0.00026  -0.00105   0.00123  -0.00013
   207        5PZ       0.00003  -0.00002   0.00038  -0.00141   0.00009
   208        6D 0      0.00000   0.00000   0.00000   0.00000   0.00000
   209        6D+1      0.00000   0.00000   0.00000   0.00000   0.00000
   210        6D-1      0.00000   0.00000   0.00000   0.00001   0.00000
   211        6D+2      0.00000   0.00000   0.00000   0.00001  -0.00001
   212        6D-2      0.00000   0.00000   0.00000   0.00000  -0.00001
   213 9   N  1S        0.00000   0.00000   0.00000   0.00000   0.00000
   214        2S        0.00000   0.00000  -0.00002   0.00001   0.00000
   215        2PX       0.00000   0.00000   0.00001   0.00001   0.00001
   216        2PY       0.00000   0.00000  -0.00001  -0.00001  -0.00001
   217        2PZ       0.00000   0.00000  -0.00001  -0.00003   0.00000
   218        3S        0.00001   0.00001   0.00015  -0.00010   0.00001
   219        3PX       0.00000   0.00000  -0.00005   0.00002  -0.00002
   220        3PY       0.00000   0.00000   0.00003   0.00003   0.00002
   221        3PZ       0.00001   0.00000   0.00013  -0.00004   0.00001
   222        4S        0.00000  -0.00005   0.00001   0.00009   0.00006
   223        4PX       0.00002   0.00001   0.00026  -0.00022   0.00003
   224        4PY       0.00000  -0.00001  -0.00003  -0.00039  -0.00008
   225        4PZ      -0.00005  -0.00003  -0.00061   0.00003   0.00016
   226        5S        0.00069   0.00046   0.00933  -0.01809  -0.00186
   227        5PX      -0.00023  -0.00020  -0.00303   0.00462   0.00172
   228        5PY      -0.00006   0.00004  -0.00063   0.00141   0.00011
   229        5PZ       0.00024   0.00007   0.00333  -0.00631  -0.00009
   230        6D 0      0.00000   0.00000  -0.00004   0.00008   0.00000
   231        6D+1      0.00000   0.00000   0.00002  -0.00005   0.00001
   232        6D-1      0.00000   0.00000   0.00000   0.00001  -0.00001
   233        6D+2      0.00000   0.00000   0.00000  -0.00001  -0.00001
   234        6D-2      0.00000   0.00000   0.00000  -0.00001   0.00000
   235 10  N  1S        0.00000   0.00000   0.00000   0.00000   0.00000
   236        2S        0.00000   0.00000  -0.00001  -0.00001   0.00000
   237        2PX       0.00000   0.00000   0.00001   0.00001  -0.00003
   238        2PY       0.00000   0.00000   0.00002   0.00001  -0.00003
   239        2PZ       0.00000   0.00000   0.00000   0.00001   0.00001
   240        3S        0.00000   0.00000   0.00004   0.00004   0.00005
   241        3PX      -0.00001   0.00000  -0.00010  -0.00003   0.00003
   242        3PY      -0.00001   0.00000  -0.00015  -0.00002   0.00005
   243        3PZ       0.00000   0.00000   0.00002  -0.00006  -0.00003
   244        4S        0.00004   0.00002   0.00049  -0.00007   0.00042
   245        4PX       0.00008  -0.00001   0.00099   0.00017   0.00006
   246        4PY       0.00012  -0.00002   0.00155   0.00008  -0.00004
   247        4PZ       0.00001  -0.00002   0.00014   0.00031   0.00038
   248        5S        0.00105  -0.00001   0.01434  -0.00283   0.00018
   249        5PX      -0.00016   0.00002  -0.00232   0.00125  -0.00105
   250        5PY      -0.00021   0.00004  -0.00296   0.00068  -0.00238
   251        5PZ      -0.00005  -0.00001  -0.00068  -0.00223   0.00067
   252        6D 0      0.00000   0.00000   0.00004  -0.00001   0.00005
   253        6D+1      0.00000   0.00000   0.00001   0.00000   0.00000
   254        6D-1      0.00000   0.00000   0.00001   0.00000   0.00002
   255        6D+2      0.00000   0.00000  -0.00002  -0.00001  -0.00001
   256        6D-2      0.00000   0.00000  -0.00006   0.00001  -0.00008
   257 11  N  1S        0.00000   0.00000   0.00000   0.00000   0.00000
   258        2S        0.00000   0.00000  -0.00001   0.00000   0.00000
   259        2PX       0.00000   0.00000   0.00002   0.00001  -0.00002
   260        2PY       0.00000   0.00000  -0.00001  -0.00001   0.00003
   261        2PZ       0.00000   0.00000   0.00000   0.00000   0.00000
   262        3S        0.00000   0.00000   0.00005   0.00005   0.00002
   263        3PX      -0.00001   0.00000  -0.00014  -0.00004   0.00000
   264        3PY       0.00001   0.00000   0.00012   0.00003  -0.00003
   265        3PZ       0.00000   0.00000  -0.00002  -0.00001  -0.00001
   266        4S        0.00004   0.00002   0.00059  -0.00023   0.00064
   267        4PX       0.00010  -0.00002   0.00127   0.00038   0.00041
   268        4PY      -0.00009   0.00002  -0.00119  -0.00031  -0.00001
   269        4PZ       0.00003   0.00000   0.00043   0.00037   0.00028
   270        5S        0.00105   0.00008   0.01441   0.00178   0.00211
   271        5PX      -0.00034  -0.00005  -0.00469  -0.00046  -0.00104
   272        5PY       0.00033   0.00004   0.00452  -0.00030   0.00131
   273        5PZ       0.00003   0.00005   0.00034  -0.00207  -0.00029
   274        6D 0      0.00000   0.00000   0.00004  -0.00001   0.00006
   275        6D+1      0.00000   0.00000   0.00002   0.00000   0.00002
   276        6D-1      0.00000   0.00000  -0.00002  -0.00001  -0.00001
   277        6D+2      0.00000   0.00000   0.00000   0.00000  -0.00001
   278        6D-2      0.00000   0.00000   0.00004  -0.00001   0.00007
   279 12  C  1S        0.00000   0.00000   0.00000   0.00000   0.00000
   280        2S        0.00000   0.00000   0.00000   0.00000   0.00000
   281        2PX       0.00000   0.00000   0.00001   0.00000  -0.00001
   282        2PY       0.00000   0.00000  -0.00001   0.00000   0.00001
   283        2PZ       0.00000   0.00000  -0.00001   0.00000   0.00000
   284        3S        0.00000  -0.00001  -0.00001   0.00003   0.00004
   285        3PX       0.00000   0.00001  -0.00004   0.00001   0.00005
   286        3PY       0.00000   0.00000   0.00003  -0.00001  -0.00006
   287        3PZ       0.00000   0.00000   0.00003  -0.00002  -0.00001
   288        4S       -0.00002  -0.00003  -0.00024  -0.00056   0.00000
   289        4PX       0.00005   0.00009   0.00062  -0.00060  -0.00067
   290        4PY      -0.00005  -0.00008  -0.00060   0.00045   0.00078
   291        4PZ      -0.00001  -0.00010  -0.00017   0.00005   0.00012
   292        5S       -0.00034  -0.00011  -0.00429   0.01070   0.00109
   293        5PX       0.00006   0.00023   0.00080   0.00348  -0.00168
   294        5PY      -0.00012  -0.00008  -0.00171  -0.00385   0.00279
   295        5PZ      -0.00013  -0.00036  -0.00161  -0.00033   0.00284
   296        6D 0      0.00000   0.00000   0.00001  -0.00001  -0.00001
   297        6D+1      0.00000   0.00000  -0.00001   0.00000   0.00002
   298        6D-1      0.00000   0.00000   0.00000   0.00000   0.00000
   299        6D+2      0.00000   0.00000   0.00001  -0.00001  -0.00001
   300        6D-2      0.00000   0.00000   0.00000   0.00001   0.00000
   301 13  C  1S        0.00000   0.00000   0.00000   0.00000   0.00000
   302        2S        0.00000   0.00000   0.00000   0.00000   0.00000
   303        2PX       0.00000   0.00000   0.00000   0.00000   0.00000
   304        2PY       0.00000   0.00000   0.00001   0.00000   0.00000
   305        2PZ       0.00000   0.00000   0.00000   0.00000   0.00000
   306        3S        0.00000   0.00000  -0.00002   0.00001   0.00003
   307        3PX       0.00000   0.00000   0.00002  -0.00001  -0.00002
   308        3PY       0.00000  -0.00001  -0.00003   0.00001   0.00002
   309        3PZ       0.00000   0.00000   0.00000  -0.00001   0.00000
   310        4S        0.00006   0.00010   0.00076  -0.00046  -0.00084
   311        4PX       0.00001   0.00001   0.00016  -0.00008  -0.00018
   312        4PY      -0.00002  -0.00002  -0.00022   0.00016   0.00019
   313        4PZ       0.00001   0.00005   0.00018  -0.00010  -0.00018
   314        5S        0.00036   0.00045   0.00469   0.00242  -0.00399
   315        5PX       0.00003  -0.00007   0.00047  -0.00053  -0.00023
   316        5PY      -0.00001   0.00002  -0.00017   0.00038  -0.00020
   317        5PZ       0.00004   0.00011   0.00048   0.00042  -0.00059
   318        6D 0      0.00000   0.00000   0.00000   0.00000   0.00000
   319        6D+1      0.00000   0.00000   0.00000   0.00001   0.00000
   320        6D-1      0.00000   0.00000   0.00000   0.00000   0.00000
   321        6D+2      0.00000   0.00000   0.00000   0.00000   0.00000
   322        6D-2      0.00000   0.00000   0.00000   0.00000   0.00000
   323 14  C  1S        0.00000   0.00000   0.00000   0.00000   0.00000
   324        2S        0.00000   0.00000   0.00000   0.00000   0.00000
   325        2PX       0.00000   0.00000   0.00000   0.00000   0.00000
   326        2PY       0.00000   0.00000   0.00000   0.00000   0.00000
   327        2PZ       0.00000   0.00000   0.00000   0.00000   0.00000
   328        3S        0.00000   0.00000  -0.00003  -0.00001   0.00003
   329        3PX       0.00000   0.00000  -0.00002   0.00000   0.00002
   330        3PY       0.00000   0.00000   0.00001   0.00000  -0.00001
   331        3PZ       0.00000   0.00000  -0.00001  -0.00001   0.00000
   332        4S       -0.00002  -0.00006  -0.00020   0.00019   0.00013
   333        4PX       0.00000  -0.00003  -0.00001   0.00005  -0.00001
   334        4PY       0.00001   0.00002   0.00007  -0.00006  -0.00003
   335        4PZ       0.00000   0.00001  -0.00006   0.00003   0.00002
   336        5S        0.00006   0.00010   0.00083   0.00204  -0.00338
   337        5PX      -0.00002  -0.00003  -0.00019   0.00008  -0.00002
   338        5PY      -0.00001  -0.00002  -0.00015  -0.00040   0.00060
   339        5PZ       0.00006   0.00017   0.00074   0.00108  -0.00117
   340        6D 0      0.00000   0.00000   0.00000   0.00000   0.00000
   341        6D+1      0.00000   0.00000   0.00000   0.00000   0.00000
   342        6D-1      0.00000   0.00000   0.00000   0.00000   0.00000
   343        6D+2      0.00000   0.00000   0.00000   0.00000   0.00000
   344        6D-2      0.00000   0.00000  -0.00001   0.00000   0.00001
   345 15  C  1S        0.00000   0.00000   0.00000   0.00000   0.00000
   346        2S        0.00000   0.00000   0.00001   0.00000   0.00000
   347        2PX       0.00000   0.00000   0.00000   0.00000   0.00000
   348        2PY       0.00000   0.00000   0.00000   0.00000   0.00000
   349        2PZ       0.00000   0.00000   0.00000   0.00000   0.00000
   350        3S        0.00000   0.00000  -0.00006   0.00000   0.00005
   351        3PX       0.00000   0.00001   0.00001   0.00001  -0.00001
   352        3PY       0.00000   0.00000   0.00000  -0.00001   0.00001
   353        3PZ       0.00000   0.00000   0.00002   0.00000  -0.00002
   354        4S        0.00005   0.00010   0.00059   0.00015  -0.00046
   355        4PX       0.00001   0.00003   0.00015   0.00005  -0.00012
   356        4PY      -0.00001  -0.00003  -0.00009  -0.00004   0.00007
   357        4PZ      -0.00002  -0.00002  -0.00025   0.00006   0.00014
   358        5S        0.00043   0.00059   0.00563  -0.00049  -0.00513
   359        5PX       0.00010   0.00018   0.00125   0.00047  -0.00154
   360        5PY      -0.00012  -0.00024  -0.00154  -0.00085   0.00190
   361        5PZ       0.00005   0.00013   0.00062   0.00098  -0.00147
   362        6D 0      0.00000   0.00000   0.00000   0.00000   0.00000
   363        6D+1      0.00000   0.00000   0.00000   0.00000   0.00000
   364        6D-1      0.00000   0.00000   0.00000   0.00000   0.00000
   365        6D+2      0.00000   0.00000   0.00000   0.00000   0.00000
   366        6D-2      0.00000   0.00000  -0.00001   0.00000   0.00001
   367 16  C  1S        0.00000   0.00000   0.00000   0.00000   0.00000
   368        2S        0.00000   0.00000   0.00000   0.00000   0.00000
   369        2PX       0.00000   0.00000   0.00000   0.00000  -0.00001
   370        2PY       0.00000   0.00000   0.00000   0.00000   0.00000
   371        2PZ       0.00000   0.00000   0.00000   0.00000   0.00000
   372        3S        0.00000   0.00000  -0.00001   0.00005  -0.00001
   373        3PX       0.00000   0.00000  -0.00001  -0.00001   0.00002
   374        3PY       0.00000   0.00000   0.00000   0.00001  -0.00001
   375        3PZ       0.00000   0.00001   0.00001  -0.00002   0.00000
   376        4S       -0.00004  -0.00013  -0.00048  -0.00033   0.00027
   377        4PX       0.00000   0.00005  -0.00003   0.00003  -0.00011
   378        4PY      -0.00001  -0.00008  -0.00007  -0.00013   0.00015
   379        4PZ       0.00002   0.00006   0.00026   0.00010  -0.00005
   380        5S       -0.00012  -0.00056  -0.00165   0.00081  -0.00066
   381        5PX       0.00025   0.00036   0.00330   0.00150  -0.00465
   382        5PY      -0.00024  -0.00034  -0.00308  -0.00145   0.00468
   383        5PZ      -0.00006  -0.00010  -0.00081  -0.00081   0.00175
   384        6D 0      0.00000   0.00000   0.00001   0.00000  -0.00002
   385        6D+1      0.00000   0.00000   0.00001   0.00001  -0.00001
   386        6D-1      0.00000   0.00000  -0.00001   0.00001   0.00001
   387        6D+2      0.00000   0.00000   0.00000   0.00000   0.00000
   388        6D-2      0.00000   0.00000   0.00001   0.00000  -0.00001
   389 17  C  1S        0.00000   0.00000   0.00000   0.00000   0.00000
   390        2S        0.00000   0.00000   0.00000   0.00000   0.00000
   391        2PX       0.00000   0.00000  -0.00002   0.00001   0.00002
   392        2PY       0.00000   0.00000   0.00001  -0.00001  -0.00001
   393        2PZ       0.00000   0.00000   0.00000   0.00001   0.00000
   394        3S        0.00000   0.00000  -0.00002  -0.00003   0.00000
   395        3PX       0.00001   0.00000   0.00007  -0.00004  -0.00008
   396        3PY       0.00000  -0.00001  -0.00004   0.00003   0.00005
   397        3PZ       0.00000   0.00000   0.00001  -0.00003  -0.00002
   398        4S        0.00003  -0.00006   0.00037  -0.00014  -0.00045
   399        4PX       0.00000   0.00003   0.00000  -0.00004  -0.00012
   400        4PY      -0.00001  -0.00002  -0.00011   0.00003   0.00003
   401        4PZ      -0.00003  -0.00001  -0.00038   0.00065   0.00056
   402        5S        0.00006  -0.00067   0.00081  -0.00982   0.00396
   403        5PX       0.00003   0.00009   0.00046   0.00003  -0.00024
   404        5PY      -0.00007  -0.00001  -0.00089   0.00188   0.00039
   405        5PZ      -0.00001  -0.00010  -0.00012  -0.00124   0.00069
   406        6D 0      0.00000   0.00000  -0.00001  -0.00001   0.00001
   407        6D+1      0.00000   0.00000   0.00000  -0.00002  -0.00001
   408        6D-1      0.00000   0.00000  -0.00001   0.00000   0.00000
   409        6D+2      0.00000   0.00000   0.00001  -0.00001  -0.00002
   410        6D-2      0.00000   0.00000  -0.00002   0.00002   0.00002
   411 18  C  1S        0.00000   0.00000   0.00000   0.00000   0.00000
   412        2S        0.00000   0.00000   0.00000   0.00000  -0.00001
   413        2PX       0.00000   0.00000   0.00000   0.00000  -0.00001
   414        2PY       0.00000   0.00000   0.00000   0.00000   0.00000
   415        2PZ       0.00000   0.00000   0.00000   0.00000   0.00000
   416        3S        0.00000   0.00000   0.00000  -0.00002   0.00007
   417        3PX       0.00000   0.00000  -0.00001   0.00001   0.00004
   418        3PY       0.00000   0.00000   0.00000  -0.00001   0.00000
   419        3PZ       0.00000   0.00000   0.00001   0.00001   0.00001
   420        4S        0.00000  -0.00001   0.00001   0.00017  -0.00027
   421        4PX       0.00000   0.00000   0.00002   0.00007  -0.00024
   422        4PY      -0.00001   0.00002  -0.00018   0.00002   0.00032
   423        4PZ      -0.00001  -0.00001  -0.00013   0.00005   0.00014
   424        5S       -0.00002  -0.00015  -0.00025  -0.00542   0.00883
   425        5PX       0.00001   0.00008   0.00017   0.00076   0.00040
   426        5PY      -0.00010   0.00015  -0.00124   0.00314   0.00096
   427        5PZ      -0.00002  -0.00003  -0.00020  -0.00121   0.00155
   428        6D 0      0.00000   0.00000   0.00001   0.00000  -0.00002
   429        6D+1      0.00000   0.00000   0.00000   0.00000   0.00000
   430        6D-1      0.00000   0.00000   0.00001   0.00000  -0.00001
   431        6D+2      0.00000   0.00000   0.00000   0.00000   0.00000
   432        6D-2      0.00000   0.00000   0.00000   0.00001   0.00000
   433 19  C  1S        0.00000   0.00000   0.00000   0.00000   0.00000
   434        2S        0.00000   0.00000   0.00000   0.00000   0.00000
   435        2PX       0.00000   0.00000   0.00000   0.00000  -0.00001
   436        2PY       0.00000   0.00000   0.00001   0.00000  -0.00001
   437        2PZ       0.00000   0.00000   0.00000   0.00000   0.00000
   438        3S        0.00000   0.00000   0.00002   0.00000   0.00000
   439        3PX       0.00000   0.00000  -0.00001  -0.00001   0.00003
   440        3PY       0.00000   0.00000  -0.00003   0.00000   0.00006
   441        3PZ       0.00000   0.00000  -0.00001   0.00001   0.00000
   442        4S        0.00000  -0.00005  -0.00003   0.00009   0.00022
   443        4PX       0.00000   0.00006  -0.00005  -0.00006  -0.00013
   444        4PY       0.00002   0.00010   0.00026  -0.00014  -0.00053
   445        4PZ       0.00001  -0.00004   0.00017  -0.00005  -0.00033
   446        5S       -0.00015  -0.00061  -0.00199   0.01058  -0.00549
   447        5PX      -0.00010   0.00012  -0.00132   0.00087   0.00236
   448        5PY       0.00004   0.00034   0.00049   0.00190  -0.00184
   449        5PZ      -0.00004  -0.00012  -0.00050  -0.00105   0.00392
   450        6D 0      0.00000   0.00000   0.00000   0.00000  -0.00001
   451        6D+1      0.00000   0.00000  -0.00001   0.00000   0.00001
   452        6D-1      0.00000   0.00000   0.00000   0.00000   0.00001
   453        6D+2      0.00000   0.00000  -0.00001   0.00000   0.00000
   454        6D-2      0.00000   0.00000  -0.00001   0.00000   0.00000
   455 20  C  1S        0.00000   0.00000   0.00000   0.00000   0.00000
   456        2S        0.00000   0.00000   0.00000   0.00000   0.00000
   457        2PX       0.00000   0.00000   0.00000   0.00000   0.00000
   458        2PY       0.00000   0.00000   0.00000   0.00000   0.00000
   459        2PZ       0.00000   0.00000   0.00000   0.00000   0.00000
   460        3S        0.00000   0.00000   0.00001   0.00002   0.00001
   461        3PX       0.00000   0.00000   0.00002   0.00000  -0.00001
   462        3PY       0.00000   0.00001   0.00001   0.00000  -0.00001
   463        3PZ       0.00000   0.00000   0.00000   0.00001   0.00001
   464        4S        0.00001   0.00012   0.00012  -0.00027  -0.00047
   465        4PX       0.00000   0.00002   0.00002  -0.00007  -0.00012
   466        4PY       0.00000   0.00002   0.00002  -0.00010  -0.00015
   467        4PZ      -0.00001   0.00004  -0.00011  -0.00011   0.00006
   468        5S        0.00014   0.00039   0.00179  -0.00676  -0.00168
   469        5PX      -0.00001   0.00010  -0.00010   0.00028   0.00113
   470        5PY      -0.00009   0.00019  -0.00117   0.00164   0.00391
   471        5PZ       0.00006  -0.00004   0.00071  -0.00199  -0.00185
   472        6D 0      0.00000   0.00000   0.00000   0.00000  -0.00001
   473        6D+1      0.00000   0.00000   0.00000   0.00000   0.00000
   474        6D-1      0.00000   0.00000   0.00000   0.00000   0.00000
   475        6D+2      0.00000   0.00000   0.00000   0.00000   0.00000
   476        6D-2      0.00000   0.00000   0.00000   0.00000   0.00000
   477 21  C  1S        0.00000   0.00000   0.00000   0.00000   0.00000
   478        2S        0.00000   0.00000   0.00000   0.00000   0.00000
   479        2PX       0.00000   0.00000   0.00000   0.00000   0.00000
   480        2PY       0.00000   0.00000   0.00000   0.00000   0.00000
   481        2PZ       0.00000   0.00000   0.00000   0.00000   0.00000
   482        3S        0.00000   0.00000  -0.00001   0.00001   0.00002
   483        3PX       0.00000   0.00000   0.00001   0.00000   0.00000
   484        3PY       0.00000   0.00000   0.00001   0.00002   0.00000
   485        3PZ       0.00000   0.00000   0.00001  -0.00001  -0.00001
   486        4S        0.00003  -0.00007   0.00034   0.00009  -0.00031
   487        4PX       0.00001  -0.00002   0.00008   0.00001  -0.00004
   488        4PY       0.00001  -0.00004   0.00008  -0.00002  -0.00003
   489        4PZ       0.00001   0.00000   0.00006   0.00003  -0.00003
   490        5S       -0.00004   0.00026  -0.00055   0.00700  -0.00141
   491        5PX       0.00000   0.00001   0.00002   0.00039  -0.00058
   492        5PY      -0.00003   0.00005  -0.00040   0.00134   0.00090
   493        5PZ       0.00009  -0.00008   0.00118  -0.00144  -0.00402
   494        6D 0      0.00000   0.00000   0.00000   0.00000   0.00000
   495        6D+1      0.00000   0.00000   0.00000   0.00000  -0.00001
   496        6D-1      0.00000   0.00000   0.00000   0.00000   0.00000
   497        6D+2      0.00000   0.00000   0.00000   0.00000   0.00001
   498        6D-2      0.00000   0.00000   0.00000   0.00000   0.00000
   499 22  C  1S        0.00000   0.00000   0.00000   0.00000   0.00000
   500        2S        0.00000   0.00000   0.00000   0.00000   0.00000
   501        2PX       0.00000   0.00000   0.00000   0.00000   0.00001
   502        2PY       0.00000   0.00000   0.00000   0.00000   0.00000
   503        2PZ       0.00000   0.00000   0.00000   0.00000   0.00000
   504        3S        0.00000   0.00000   0.00002  -0.00001  -0.00001
   505        3PX       0.00000   0.00000   0.00002   0.00000  -0.00002
   506        3PY       0.00000   0.00000   0.00000   0.00000   0.00000
   507        3PZ       0.00000   0.00000   0.00000   0.00000   0.00000
   508        4S       -0.00001   0.00012  -0.00011   0.00031  -0.00012
   509        4PX       0.00000   0.00002   0.00002   0.00009  -0.00004
   510        4PY       0.00000   0.00005  -0.00006   0.00008  -0.00001
   511        4PZ       0.00002  -0.00002   0.00029   0.00012  -0.00024
   512        5S        0.00060   0.00010   0.00780  -0.00443  -0.01128
   513        5PX       0.00013  -0.00002   0.00164  -0.00075  -0.00379
   514        5PY       0.00015  -0.00001   0.00194  -0.00130  -0.00429
   515        5PZ       0.00008  -0.00001   0.00099   0.00004  -0.00355
   516        6D 0      0.00000   0.00000   0.00000   0.00001   0.00000
   517        6D+1      0.00000   0.00000   0.00000   0.00000   0.00000
   518        6D-1      0.00000   0.00000   0.00000   0.00000   0.00001
   519        6D+2      0.00000   0.00000   0.00000   0.00000   0.00000
   520        6D-2      0.00000   0.00000   0.00000   0.00000   0.00000
   521 23  C  1S        0.00000   0.00000   0.00000   0.00000   0.00000
   522        2S        0.00000   0.00000   0.00000   0.00000   0.00000
   523        2PX       0.00000   0.00000   0.00000   0.00000  -0.00001
   524        2PY       0.00000   0.00000   0.00001   0.00000  -0.00001
   525        2PZ       0.00000   0.00000  -0.00001   0.00000   0.00000
   526        3S        0.00000   0.00000   0.00002  -0.00004  -0.00002
   527        3PX       0.00000   0.00000  -0.00002  -0.00001   0.00004
   528        3PY       0.00000  -0.00001  -0.00004  -0.00002   0.00005
   529        3PZ       0.00000   0.00001   0.00003   0.00000   0.00000
   530        4S       -0.00003  -0.00013  -0.00037   0.00026   0.00046
   531        4PX      -0.00001   0.00007  -0.00008   0.00019  -0.00001
   532        4PY       0.00001   0.00007   0.00012   0.00038  -0.00029
   533        4PZ      -0.00002   0.00007  -0.00025  -0.00015   0.00018
   534        5S       -0.00054   0.00001  -0.00707   0.00573   0.00718
   535        5PX       0.00018   0.00006   0.00237  -0.00079  -0.00556
   536        5PY       0.00034   0.00005   0.00437  -0.00064  -0.01035
   537        5PZ       0.00002   0.00000   0.00033  -0.00062   0.00144
   538        6D 0      0.00000   0.00000   0.00000   0.00001   0.00000
   539        6D+1      0.00000   0.00000   0.00001   0.00000  -0.00001
   540        6D-1      0.00000   0.00000   0.00000  -0.00001   0.00001
   541        6D+2      0.00000   0.00000   0.00001   0.00000  -0.00001
   542        6D-2      0.00000   0.00000  -0.00001   0.00000   0.00001
   543 24  C  1S        0.00000   0.00000   0.00000   0.00000   0.00000
   544        2S        0.00000   0.00000  -0.00001   0.00001   0.00001
   545        2PX       0.00000   0.00000   0.00001   0.00000  -0.00001
   546        2PY       0.00000   0.00000   0.00000  -0.00001   0.00000
   547        2PZ       0.00000   0.00000   0.00000  -0.00001   0.00000
   548        3S        0.00001   0.00000   0.00014  -0.00005  -0.00005
   549        3PX       0.00000   0.00000  -0.00003  -0.00002   0.00006
   550        3PY       0.00000   0.00000  -0.00003   0.00008   0.00003
   551        3PZ       0.00000   0.00001   0.00003   0.00003  -0.00003
   552        4S       -0.00005  -0.00005  -0.00060   0.00007  -0.00040
   553        4PX      -0.00001  -0.00001  -0.00019   0.00068   0.00011
   554        4PY      -0.00001  -0.00004  -0.00015   0.00002  -0.00008
   555        4PZ      -0.00004   0.00002  -0.00056   0.00013   0.00033
   556        5S        0.00007  -0.00020   0.00065  -0.00172   0.00256
   557        5PX       0.00016   0.00001   0.00207  -0.00120  -0.00015
   558        5PY       0.00003  -0.00003   0.00031  -0.00058   0.00014
   559        5PZ      -0.00006   0.00000  -0.00079   0.00052   0.00005
   560        6D 0      0.00000   0.00000  -0.00002   0.00000   0.00002
   561        6D+1      0.00000   0.00000  -0.00005   0.00004   0.00004
   562        6D-1      0.00000   0.00000  -0.00001   0.00002   0.00001
   563        6D+2      0.00000   0.00000  -0.00002   0.00002   0.00002
   564        6D-2      0.00000   0.00000  -0.00002   0.00002   0.00002
   565 25  C  1S        0.00000   0.00000   0.00000   0.00000   0.00000
   566        2S        0.00000   0.00000   0.00000  -0.00001   0.00000
   567        2PX       0.00000   0.00000   0.00000   0.00000   0.00001
   568        2PY       0.00000   0.00000   0.00000   0.00000  -0.00001
   569        2PZ       0.00000   0.00000   0.00000   0.00000   0.00000
   570        3S        0.00000  -0.00001  -0.00003   0.00004   0.00004
   571        3PX       0.00000   0.00000  -0.00002   0.00002  -0.00003
   572        3PY       0.00000   0.00000   0.00003  -0.00003   0.00000
   573        3PZ       0.00000   0.00000  -0.00003   0.00006   0.00003
   574        4S       -0.00008  -0.00003  -0.00102   0.00158   0.00056
   575        4PX      -0.00004  -0.00006  -0.00056   0.00088   0.00033
   576        4PY       0.00006   0.00004   0.00076  -0.00072  -0.00056
   577        4PZ       0.00004   0.00004   0.00057  -0.00012  -0.00044
   578        5S       -0.00016   0.00000  -0.00183   0.00211  -0.00001
   579        5PX       0.00012  -0.00007   0.00156  -0.00165   0.00101
   580        5PY       0.00001  -0.00003   0.00010  -0.00068   0.00049
   581        5PZ       0.00003  -0.00003   0.00045  -0.00054   0.00026
   582        6D 0      0.00000   0.00000  -0.00002  -0.00002   0.00001
   583        6D+1      0.00000   0.00000   0.00003   0.00001  -0.00002
   584        6D-1      0.00000   0.00000   0.00001  -0.00002  -0.00001
   585        6D+2      0.00000   0.00000  -0.00005   0.00004   0.00003
   586        6D-2      0.00000   0.00000   0.00002  -0.00001  -0.00001
   587 26  C  1S        0.00000   0.00000   0.00000   0.00000   0.00000
   588        2S        0.00000   0.00000   0.00000   0.00000   0.00001
   589        2PX       0.00000   0.00000   0.00000   0.00001   0.00000
   590        2PY       0.00000   0.00000   0.00001   0.00001   0.00000
   591        2PZ       0.00000   0.00000  -0.00002   0.00003   0.00000
   592        3S        0.00000   0.00000  -0.00001  -0.00004  -0.00012
   593        3PX       0.00000   0.00000   0.00002  -0.00006   0.00006
   594        3PY       0.00000   0.00000  -0.00005  -0.00003  -0.00004
   595        3PZ       0.00000   0.00000   0.00004  -0.00007  -0.00003
   596        4S       -0.00010  -0.00001  -0.00124   0.00176   0.00042
   597        4PX       0.00003   0.00002   0.00042  -0.00075  -0.00003
   598        4PY       0.00000   0.00000  -0.00006  -0.00006   0.00008
   599        4PZ      -0.00001   0.00001  -0.00010   0.00003   0.00027
   600        5S        0.00142   0.00070   0.01932  -0.01196  -0.00382
   601        5PX      -0.00010  -0.00006  -0.00137   0.00089   0.00065
   602        5PY       0.00004   0.00003   0.00064   0.00026  -0.00066
   603        5PZ       0.00024   0.00010   0.00332  -0.00168  -0.00055
   604        6D 0      0.00000   0.00000  -0.00001  -0.00003   0.00000
   605        6D+1      0.00000   0.00000  -0.00004   0.00005  -0.00001
   606        6D-1      0.00000   0.00000   0.00000   0.00000  -0.00001
   607        6D+2      0.00000   0.00000   0.00001   0.00001   0.00001
   608        6D-2      0.00000   0.00000   0.00000   0.00001   0.00000
   609 27  C  1S        0.00000   0.00000   0.00000   0.00000   0.00000
   610        2S        0.00000   0.00000   0.00000  -0.00001   0.00000
   611        2PX       0.00000   0.00000   0.00000   0.00000   0.00000
   612        2PY       0.00000   0.00000   0.00000   0.00001   0.00000
   613        2PZ       0.00000   0.00000   0.00001  -0.00001   0.00000
   614        3S        0.00000   0.00000  -0.00002   0.00010   0.00000
   615        3PX       0.00000   0.00000   0.00002  -0.00002   0.00001
   616        3PY       0.00000   0.00000   0.00004  -0.00008   0.00003
   617        3PZ       0.00000   0.00000  -0.00003   0.00005   0.00001
   618        4S       -0.00016   0.00000  -0.00215   0.00034  -0.00091
   619        4PX      -0.00009   0.00001  -0.00125   0.00051  -0.00038
   620        4PY      -0.00017   0.00003  -0.00222   0.00095  -0.00029
   621        4PZ      -0.00005   0.00001  -0.00065  -0.00013   0.00028
   622        5S       -0.00094  -0.00064  -0.01236   0.00176   0.01107
   623        5PX       0.00059   0.00008   0.00789  -0.00097  -0.00077
   624        5PY       0.00088   0.00024   0.01197  -0.00400   0.00015
   625        5PZ       0.00010   0.00016   0.00157  -0.00508   0.00217
   626        6D 0      0.00000   0.00000  -0.00001  -0.00001  -0.00001
   627        6D+1      0.00000   0.00000  -0.00002   0.00001  -0.00002
   628        6D-1      0.00000   0.00000  -0.00002   0.00002   0.00000
   629        6D+2      0.00000   0.00000   0.00003  -0.00001   0.00000
   630        6D-2      0.00000   0.00000   0.00002  -0.00005   0.00004
   631 28  C  1S        0.00000   0.00000   0.00000   0.00000   0.00000
   632        2S        0.00000   0.00000   0.00001  -0.00001   0.00001
   633        2PX       0.00000   0.00000   0.00001   0.00000   0.00000
   634        2PY       0.00000   0.00000   0.00001   0.00001   0.00000
   635        2PZ       0.00000   0.00000  -0.00001   0.00000   0.00000
   636        3S       -0.00001   0.00000  -0.00012   0.00007  -0.00010
   637        3PX       0.00000   0.00000  -0.00003  -0.00002   0.00001
   638        3PY       0.00000   0.00000  -0.00003  -0.00005   0.00003
   639        3PZ       0.00001   0.00000   0.00007  -0.00001  -0.00001
   640        4S        0.00024  -0.00003   0.00316  -0.00101   0.00116
   641        4PX      -0.00006   0.00001  -0.00081   0.00043  -0.00030
   642        4PY      -0.00007   0.00001  -0.00091   0.00063  -0.00044
   643        4PZ       0.00008  -0.00001   0.00109  -0.00003   0.00044
   644        5S       -0.00047  -0.00003  -0.00660   0.00103  -0.00636
   645        5PX       0.00003  -0.00003   0.00039   0.00025  -0.00011
   646        5PY       0.00015  -0.00008   0.00205   0.00080  -0.00071
   647        5PZ       0.00004  -0.00003   0.00055   0.00089  -0.00149
   648        6D 0      0.00000   0.00000   0.00001  -0.00002   0.00002
   649        6D+1      0.00000   0.00000   0.00000   0.00000   0.00000
   650        6D-1      0.00000   0.00000   0.00000  -0.00001   0.00002
   651        6D+2      0.00000   0.00000  -0.00001  -0.00001  -0.00001
   652        6D-2      0.00000   0.00000   0.00002   0.00000   0.00000
   653 29  C  1S        0.00000   0.00000   0.00000   0.00000   0.00000
   654        2S        0.00000   0.00000   0.00000   0.00000   0.00000
   655        2PX       0.00000   0.00000   0.00000   0.00000  -0.00001
   656        2PY       0.00000   0.00000  -0.00001   0.00000  -0.00001
   657        2PZ       0.00000   0.00000   0.00000   0.00001   0.00000
   658        3S        0.00000   0.00000   0.00004   0.00001   0.00000
   659        3PX       0.00000   0.00000   0.00003   0.00001   0.00004
   660        3PY       0.00000   0.00000   0.00004  -0.00003   0.00005
   661        3PZ       0.00000   0.00000   0.00000  -0.00005  -0.00001
   662        4S       -0.00013   0.00002  -0.00167  -0.00010  -0.00076
   663        4PX       0.00004  -0.00001   0.00058  -0.00007   0.00028
   664        4PY       0.00007  -0.00001   0.00092   0.00006   0.00041
   665        4PZ      -0.00002   0.00000  -0.00029   0.00026  -0.00026
   666        5S       -0.00068  -0.00023  -0.00931   0.00209   0.00128
   667        5PX       0.00008   0.00004   0.00108  -0.00042   0.00021
   668        5PY       0.00010   0.00001   0.00135  -0.00054  -0.00073
   669        5PZ       0.00000  -0.00011  -0.00010   0.00051  -0.00156
   670        6D 0      0.00000   0.00000  -0.00001  -0.00001  -0.00001
   671        6D+1      0.00000   0.00000   0.00000   0.00001   0.00000
   672        6D-1      0.00000   0.00000  -0.00001   0.00001  -0.00001
   673        6D+2      0.00000   0.00000   0.00000   0.00000   0.00000
   674        6D-2      0.00000   0.00000   0.00001   0.00000   0.00000
   675 30  C  1S        0.00000   0.00000   0.00000   0.00000   0.00000
   676        2S        0.00000   0.00000   0.00001   0.00000   0.00001
   677        2PX       0.00000   0.00000   0.00001   0.00000   0.00000
   678        2PY       0.00000   0.00000   0.00001  -0.00001  -0.00001
   679        2PZ       0.00000   0.00000   0.00001   0.00000   0.00000
   680        3S       -0.00001   0.00000  -0.00011  -0.00002  -0.00011
   681        3PX       0.00000   0.00000  -0.00002   0.00002   0.00002
   682        3PY       0.00000   0.00000  -0.00004   0.00003   0.00003
   683        3PZ       0.00000   0.00000  -0.00004  -0.00002   0.00000
   684        4S        0.00021  -0.00002   0.00277   0.00031   0.00103
   685        4PX      -0.00003   0.00000  -0.00034  -0.00014  -0.00005
   686        4PY      -0.00008   0.00000  -0.00109  -0.00031  -0.00042
   687        4PZ      -0.00006   0.00002  -0.00085   0.00002  -0.00062
   688        5S        0.00053  -0.00002   0.00685  -0.00645  -0.00418
   689        5PX      -0.00002   0.00008  -0.00019   0.00043   0.00110
   690        5PY      -0.00004   0.00008  -0.00050   0.00094   0.00188
   691        5PZ      -0.00010  -0.00010  -0.00142   0.00041  -0.00126
   692        6D 0      0.00000   0.00000   0.00001   0.00001   0.00002
   693        6D+1      0.00000   0.00000  -0.00001   0.00000  -0.00001
   694        6D-1      0.00000   0.00000   0.00000   0.00000   0.00000
   695        6D+2      0.00000   0.00000  -0.00001   0.00001   0.00000
   696        6D-2      0.00000   0.00000   0.00001  -0.00001   0.00001
   697 31  C  1S        0.00000   0.00000   0.00000   0.00000   0.00000
   698        2S        0.00000   0.00000   0.00001   0.00001   0.00000
   699        2PX       0.00000   0.00000   0.00000   0.00000   0.00000
   700        2PY       0.00000   0.00000  -0.00001  -0.00001   0.00000
   701        2PZ       0.00000   0.00000  -0.00002   0.00000  -0.00001
   702        3S        0.00000   0.00000  -0.00003  -0.00009   0.00000
   703        3PX       0.00000   0.00000   0.00000   0.00003  -0.00001
   704        3PY       0.00001   0.00000   0.00008   0.00006   0.00004
   705        3PZ       0.00001   0.00000   0.00015   0.00000   0.00004
   706        4S       -0.00017   0.00004  -0.00231   0.00028  -0.00089
   707        4PX      -0.00008  -0.00001  -0.00112  -0.00048  -0.00002
   708        4PY      -0.00008  -0.00002  -0.00100  -0.00045   0.00022
   709        4PZ       0.00010  -0.00002   0.00139   0.00032   0.00040
   710        5S       -0.00024   0.00001  -0.00299   0.00908   0.00598
   711        5PX      -0.00004   0.00009  -0.00041   0.00069   0.00183
   712        5PY      -0.00007   0.00019  -0.00075   0.00059   0.00203
   713        5PZ       0.00007   0.00007   0.00097  -0.00150   0.00045
   714        6D 0      0.00000   0.00000   0.00000   0.00001   0.00001
   715        6D+1      0.00000   0.00000  -0.00001   0.00000  -0.00001
   716        6D-1      0.00000   0.00000  -0.00003  -0.00001  -0.00004
   717        6D+2      0.00000   0.00000   0.00001   0.00000   0.00002
   718        6D-2      0.00000   0.00000   0.00002   0.00003   0.00001
   719 32  C  1S        0.00000   0.00000   0.00000   0.00000   0.00000
   720        2S        0.00000   0.00000   0.00001   0.00000   0.00001
   721        2PX       0.00000   0.00000   0.00002  -0.00002   0.00001
   722        2PY       0.00000   0.00000  -0.00001   0.00000   0.00000
   723        2PZ       0.00000   0.00000  -0.00001   0.00002   0.00000
   724        3S       -0.00001   0.00000  -0.00007   0.00008  -0.00003
   725        3PX      -0.00001   0.00000  -0.00010   0.00007  -0.00003
   726        3PY       0.00000   0.00000   0.00000   0.00004  -0.00001
   727        3PZ       0.00000   0.00000  -0.00001  -0.00001  -0.00002
   728        4S       -0.00009  -0.00002  -0.00116   0.00048  -0.00039
   729        4PX       0.00001   0.00002   0.00010  -0.00040   0.00004
   730        4PY      -0.00003  -0.00002  -0.00045   0.00080   0.00020
   731        4PZ       0.00002   0.00002   0.00030  -0.00112  -0.00025
   732        5S        0.00136   0.00034   0.01919  -0.00323   0.00953
   733        5PX       0.00033   0.00008   0.00440  -0.00063   0.00000
   734        5PY      -0.00021  -0.00005  -0.00279   0.00075   0.00040
   735        5PZ       0.00030   0.00007   0.00414  -0.00073   0.00158
   736        6D 0      0.00000   0.00000   0.00000  -0.00004   0.00001
   737        6D+1      0.00000   0.00000  -0.00001   0.00003   0.00000
   738        6D-1      0.00000   0.00000   0.00005  -0.00005   0.00002
   739        6D+2      0.00000   0.00000   0.00001  -0.00003  -0.00002
   740        6D-2      0.00000   0.00000  -0.00002   0.00002  -0.00004
   741 33  C  1S        0.00000   0.00000   0.00000   0.00000   0.00000
   742        2S        0.00000   0.00000   0.00000   0.00000   0.00001
   743        2PX       0.00000   0.00000   0.00000   0.00001   0.00000
   744        2PY       0.00000   0.00000   0.00000   0.00000   0.00000
   745        2PZ       0.00000   0.00000   0.00000  -0.00001   0.00000
   746        3S        0.00000   0.00000   0.00004  -0.00003  -0.00005
   747        3PX       0.00000   0.00000   0.00001  -0.00007   0.00001
   748        3PY       0.00000   0.00000  -0.00001   0.00005  -0.00002
   749        3PZ       0.00000   0.00000   0.00001   0.00008  -0.00001
   750        4S       -0.00020   0.00002  -0.00263   0.00188  -0.00045
   751        4PX      -0.00010   0.00002  -0.00139  -0.00026  -0.00086
   752        4PY       0.00010  -0.00002   0.00139   0.00000   0.00057
   753        4PZ      -0.00005   0.00001  -0.00065  -0.00102  -0.00021
   754        5S       -0.00044  -0.00014  -0.00587   0.00158   0.00246
   755        5PX       0.00090   0.00015   0.01248   0.00239   0.00593
   756        5PY      -0.00074  -0.00013  -0.01026  -0.00366  -0.00461
   757        5PZ       0.00044   0.00016   0.00620  -0.00280   0.00349
   758        6D 0      0.00000   0.00000  -0.00001  -0.00001  -0.00001
   759        6D+1      0.00000   0.00000  -0.00003   0.00002   0.00000
   760        6D-1      0.00000   0.00000   0.00002   0.00000   0.00000
   761        6D+2      0.00000   0.00000  -0.00002   0.00001   0.00000
   762        6D-2      0.00000   0.00000  -0.00001   0.00001  -0.00005
   763 34  C  1S        0.00000   0.00000   0.00000   0.00000   0.00000
   764        2S        0.00000   0.00000   0.00001  -0.00001   0.00001
   765        2PX       0.00000   0.00000   0.00001   0.00000   0.00000
   766        2PY       0.00000   0.00000  -0.00001   0.00000   0.00000
   767        2PZ       0.00000   0.00000  -0.00001  -0.00001  -0.00001
   768        3S       -0.00001   0.00000  -0.00013   0.00006  -0.00010
   769        3PX       0.00000   0.00000  -0.00004  -0.00001   0.00003
   770        3PY       0.00000   0.00000   0.00005   0.00002  -0.00002
   771        3PZ       0.00000   0.00000   0.00004   0.00003   0.00002
   772        4S        0.00024  -0.00003   0.00315  -0.00063   0.00149
   773        4PX      -0.00005   0.00001  -0.00062   0.00035  -0.00030
   774        4PY       0.00007  -0.00001   0.00096  -0.00033   0.00058
   775        4PZ       0.00009  -0.00001   0.00117   0.00020   0.00055
   776        5S       -0.00082  -0.00006  -0.01182  -0.00718  -0.01048
   777        5PX       0.00026   0.00003   0.00352   0.00031   0.00010
   778        5PY      -0.00025  -0.00002  -0.00332  -0.00020  -0.00064
   779        5PZ       0.00013   0.00002   0.00159  -0.00034  -0.00121
   780        6D 0      0.00000   0.00000   0.00000  -0.00002   0.00002
   781        6D+1      0.00000   0.00000   0.00001  -0.00001   0.00002
   782        6D-1      0.00000   0.00000   0.00000   0.00000   0.00000
   783        6D+2      0.00000   0.00000   0.00000   0.00000  -0.00001
   784        6D-2      0.00000   0.00000  -0.00003   0.00000  -0.00001
   785 35  C  1S        0.00000   0.00000   0.00000   0.00000   0.00000
   786        2S        0.00000   0.00000   0.00000   0.00000   0.00000
   787        2PX       0.00000   0.00000  -0.00001   0.00000  -0.00001
   788        2PY       0.00000   0.00000   0.00001   0.00000   0.00001
   789        2PZ       0.00000   0.00000   0.00000   0.00000   0.00000
   790        3S        0.00000   0.00000   0.00005   0.00000   0.00002
   791        3PX       0.00000   0.00000   0.00004  -0.00002   0.00004
   792        3PY       0.00000   0.00000  -0.00005   0.00000  -0.00004
   793        3PZ       0.00000   0.00000  -0.00001  -0.00003  -0.00002
   794        4S       -0.00014   0.00001  -0.00189  -0.00017  -0.00110
   795        4PX       0.00006  -0.00001   0.00079   0.00003   0.00045
   796        4PY      -0.00006   0.00001  -0.00085   0.00007  -0.00054
   797        4PZ      -0.00001   0.00000  -0.00014   0.00018  -0.00012
   798        5S       -0.00092  -0.00029  -0.01241  -0.00014  -0.00197
   799        5PX       0.00010   0.00003   0.00135  -0.00029   0.00002
   800        5PY      -0.00008  -0.00003  -0.00104  -0.00019  -0.00036
   801        5PZ       0.00005  -0.00002   0.00051  -0.00098  -0.00149
   802        6D 0      0.00000   0.00000  -0.00002   0.00000  -0.00002
   803        6D+1      0.00000   0.00000  -0.00001   0.00001   0.00000
   804        6D-1      0.00000   0.00000  -0.00001  -0.00001   0.00000
   805        6D+2      0.00000   0.00000   0.00000   0.00000   0.00000
   806        6D-2      0.00000   0.00000   0.00000   0.00000  -0.00001
   807 36  C  1S        0.00000   0.00000   0.00000   0.00000   0.00000
   808        2S        0.00000   0.00000   0.00001   0.00000   0.00001
   809        2PX       0.00000   0.00000   0.00001   0.00000   0.00000
   810        2PY       0.00000   0.00000   0.00000   0.00000   0.00000
   811        2PZ       0.00000   0.00000   0.00001   0.00000   0.00000
   812        3S       -0.00001   0.00000  -0.00015  -0.00003  -0.00013
   813        3PX       0.00000   0.00000  -0.00003   0.00002   0.00003
   814        3PY       0.00000   0.00000   0.00002  -0.00002  -0.00003
   815        3PZ       0.00000   0.00000  -0.00004   0.00000  -0.00002
   816        4S        0.00021  -0.00003   0.00283   0.00017   0.00161
   817        4PX      -0.00007   0.00001  -0.00093  -0.00018  -0.00059
   818        4PY       0.00005  -0.00001   0.00061   0.00014   0.00039
   819        4PZ      -0.00008   0.00001  -0.00107  -0.00002  -0.00071
   820        5S        0.00022   0.00008   0.00268   0.00023   0.00119
   821        5PX      -0.00001   0.00001   0.00002   0.00061   0.00065
   822        5PY      -0.00007  -0.00003  -0.00106  -0.00053  -0.00134
   823        5PZ      -0.00013  -0.00006  -0.00192  -0.00056  -0.00112
   824        6D 0      0.00000   0.00000   0.00001   0.00001   0.00002
   825        6D+1      0.00000   0.00000   0.00000   0.00000   0.00000
   826        6D-1      0.00000   0.00000   0.00001   0.00000   0.00002
   827        6D+2      0.00000   0.00000   0.00000   0.00000   0.00000
   828        6D-2      0.00000   0.00000  -0.00002   0.00000  -0.00001
   829 37  C  1S        0.00000   0.00000   0.00000   0.00000   0.00000
   830        2S        0.00000   0.00000   0.00000   0.00001   0.00001
   831        2PX       0.00000   0.00000  -0.00001   0.00000  -0.00001
   832        2PY       0.00000   0.00000   0.00000   0.00000   0.00001
   833        2PZ       0.00000   0.00000  -0.00003  -0.00001  -0.00001
   834        3S        0.00000   0.00000   0.00002  -0.00007  -0.00003
   835        3PX       0.00000   0.00000   0.00006   0.00003   0.00006
   836        3PY       0.00000   0.00000   0.00001  -0.00002  -0.00007
   837        3PZ       0.00001   0.00000   0.00018   0.00005   0.00010
   838        4S       -0.00021   0.00000  -0.00286  -0.00024  -0.00136
   839        4PX      -0.00004   0.00002  -0.00053  -0.00007  -0.00027
   840        4PY       0.00007  -0.00003   0.00094   0.00019   0.00049
   841        4PZ       0.00009  -0.00001   0.00124   0.00019   0.00060
   842        5S       -0.00020  -0.00023  -0.00240   0.00372   0.00419
   843        5PX       0.00013   0.00010   0.00191  -0.00015   0.00012
   844        5PY      -0.00004  -0.00008  -0.00067  -0.00052   0.00067
   845        5PZ       0.00013   0.00008   0.00177  -0.00035   0.00042
   846        6D 0      0.00000   0.00000  -0.00001   0.00000   0.00000
   847        6D+1      0.00000   0.00000  -0.00003   0.00000  -0.00002
   848        6D-1      0.00000   0.00000   0.00002   0.00001   0.00005
   849        6D+2      0.00000   0.00000  -0.00001  -0.00001  -0.00001
   850        6D-2      0.00000   0.00000   0.00000  -0.00003  -0.00001
   851 38  C  1S        0.00000   0.00000   0.00000   0.00000   0.00000
   852        2S        0.00000   0.00000   0.00000   0.00000  -0.00001
   853        2PX       0.00000   0.00000  -0.00001  -0.00001   0.00000
   854        2PY       0.00000   0.00000   0.00000   0.00000   0.00000
   855        2PZ       0.00000   0.00000   0.00000   0.00002   0.00000
   856        3S       -0.00001   0.00000  -0.00007  -0.00007   0.00010
   857        3PX       0.00000  -0.00001   0.00000   0.00003   0.00002
   858        3PY       0.00000   0.00000   0.00002   0.00002   0.00000
   859        3PZ       0.00000   0.00000   0.00005   0.00001  -0.00009
   860        4S       -0.00001  -0.00004  -0.00010  -0.00063   0.00040
   861        4PX      -0.00005  -0.00003  -0.00065  -0.00065   0.00088
   862        4PY      -0.00001   0.00000  -0.00011  -0.00002   0.00008
   863        4PZ      -0.00009  -0.00004  -0.00114  -0.00118   0.00075
   864        5S        0.00076  -0.00007   0.00997   0.00483  -0.00516
   865        5PX       0.00019  -0.00006   0.00263   0.00414   0.00130
   866        5PY      -0.00003   0.00001  -0.00041   0.00028   0.00021
   867        5PZ       0.00067  -0.00051   0.00904   0.00612  -0.00049
   868        6D 0      0.00000   0.00000   0.00003   0.00006  -0.00006
   869        6D+1      0.00000   0.00000  -0.00002  -0.00002   0.00000
   870        6D-1      0.00000   0.00000   0.00000   0.00001   0.00000
   871        6D+2      0.00000   0.00000   0.00003   0.00002  -0.00001
   872        6D-2      0.00000   0.00000   0.00000   0.00000   0.00000
   873 39  C  1S        0.00000   0.00000   0.00000   0.00000   0.00000
   874        2S        0.00000   0.00000   0.00000   0.00001   0.00000
   875        2PX       0.00000   0.00000   0.00000   0.00000   0.00001
   876        2PY       0.00000   0.00000  -0.00001   0.00000   0.00000
   877        2PZ       0.00000   0.00000   0.00000   0.00000   0.00000
   878        3S        0.00000   0.00000  -0.00005  -0.00014   0.00002
   879        3PX       0.00000   0.00000  -0.00001  -0.00001  -0.00002
   880        3PY       0.00000   0.00000   0.00002   0.00001  -0.00001
   881        3PZ       0.00000  -0.00001  -0.00001   0.00004  -0.00001
   882        4S        0.00009   0.00003   0.00113   0.00172  -0.00071
   883        4PX       0.00002   0.00001   0.00025   0.00033  -0.00002
   884        4PY       0.00000   0.00000  -0.00004  -0.00007  -0.00008
   885        4PZ      -0.00003  -0.00001  -0.00040  -0.00082   0.00020
   886        5S       -0.00105   0.00061  -0.01410  -0.00928   0.00191
   887        5PX      -0.00003   0.00001  -0.00043  -0.00066  -0.00019
   888        5PY      -0.00002   0.00001  -0.00024  -0.00028  -0.00001
   889        5PZ       0.00022  -0.00012   0.00295   0.00191  -0.00045
   890        6D 0      0.00000   0.00000  -0.00001   0.00000   0.00002
   891        6D+1      0.00000   0.00000  -0.00002  -0.00002   0.00002
   892        6D-1      0.00000   0.00000   0.00000   0.00000   0.00000
   893        6D+2      0.00000   0.00000  -0.00001  -0.00001   0.00000
   894        6D-2      0.00000   0.00000   0.00000  -0.00001   0.00000
   895 40  H  1S        0.00000   0.00000  -0.00001   0.00000   0.00001
   896        2S        0.00000   0.00001   0.00004  -0.00004  -0.00003
   897        3S        0.00000   0.00001  -0.00001   0.00007   0.00001
   898        4PX       0.00000   0.00000   0.00000   0.00000   0.00000
   899        4PY       0.00000   0.00000   0.00000   0.00000   0.00000
   900        4PZ       0.00000   0.00000   0.00001  -0.00001   0.00000
   901 41  H  1S        0.00000   0.00000   0.00000   0.00000   0.00001
   902        2S        0.00000   0.00000   0.00000   0.00001  -0.00002
   903        3S        0.00000  -0.00001  -0.00005  -0.00003   0.00008
   904        4PX       0.00000   0.00000  -0.00001   0.00000   0.00000
   905        4PY       0.00000   0.00000   0.00000   0.00000   0.00000
   906        4PZ       0.00000   0.00000   0.00000   0.00000   0.00000
   907 42  H  1S        0.00000   0.00000   0.00000   0.00000   0.00000
   908        2S        0.00000   0.00000   0.00001  -0.00002   0.00000
   909        3S        0.00001   0.00001   0.00008   0.00003  -0.00010
   910        4PX       0.00000   0.00000   0.00000   0.00000   0.00000
   911        4PY       0.00000   0.00000   0.00000   0.00000   0.00000
   912        4PZ       0.00000   0.00000   0.00001   0.00000   0.00000
   913 43  H  1S        0.00000   0.00000   0.00000   0.00000  -0.00001
   914        2S        0.00000  -0.00002  -0.00003   0.00000   0.00008
   915        3S        0.00000  -0.00003  -0.00005  -0.00034  -0.00019
   916        4PX       0.00000   0.00000   0.00000   0.00000   0.00000
   917        4PY       0.00000   0.00000   0.00000   0.00001   0.00000
   918        4PZ       0.00000   0.00000   0.00001  -0.00001  -0.00001
   919 44  H  1S        0.00000   0.00000   0.00001  -0.00001  -0.00001
   920        2S        0.00000   0.00001  -0.00005   0.00011   0.00010
   921        3S       -0.00001   0.00003  -0.00010   0.00037   0.00028
   922        4PX       0.00000   0.00000   0.00000   0.00000   0.00001
   923        4PY       0.00000   0.00000   0.00000   0.00000   0.00001
   924        4PZ       0.00000   0.00000   0.00000   0.00001   0.00000
   925 45  H  1S        0.00000   0.00000  -0.00001   0.00001   0.00001
   926        2S        0.00001   0.00001   0.00011  -0.00014  -0.00008
   927        3S       -0.00002   0.00000  -0.00025   0.00035   0.00062
   928        4PX       0.00000   0.00000   0.00000   0.00001   0.00000
   929        4PY       0.00000   0.00000   0.00001   0.00000  -0.00001
   930        4PZ       0.00000   0.00000   0.00002  -0.00001  -0.00001
   931 46  H  1S        0.00000   0.00000   0.00001   0.00000  -0.00001
   932        2S        0.00000   0.00000  -0.00006  -0.00002   0.00012
   933        3S       -0.00004   0.00001  -0.00047   0.00059   0.00043
   934        4PX       0.00000   0.00000  -0.00001   0.00001   0.00002
   935        4PY       0.00000   0.00000   0.00000   0.00000   0.00000
   936        4PZ       0.00000   0.00000  -0.00001   0.00001   0.00003
   937 47  H  1S        0.00000   0.00000  -0.00001   0.00000   0.00001
   938        2S        0.00001   0.00000   0.00011   0.00001  -0.00013
   939        3S        0.00000   0.00000  -0.00001   0.00056  -0.00024
   940        4PX       0.00000   0.00000   0.00001   0.00001  -0.00001
   941        4PY       0.00000   0.00000   0.00000   0.00000   0.00000
   942        4PZ       0.00000   0.00000   0.00000   0.00000   0.00000
   943 48  H  1S        0.00000   0.00000   0.00000   0.00000   0.00000
   944        2S        0.00000   0.00000  -0.00003  -0.00002   0.00004
   945        3S        0.00000   0.00001  -0.00002  -0.00003  -0.00002
   946        4PX       0.00000   0.00000   0.00000   0.00000   0.00000
   947        4PY       0.00000   0.00000   0.00000   0.00000   0.00000
   948        4PZ       0.00000   0.00000   0.00000   0.00000   0.00000
   949 49  H  1S        0.00000   0.00000   0.00000   0.00000   0.00000
   950        2S        0.00000   0.00000   0.00001   0.00000   0.00001
   951        3S        0.00000  -0.00002  -0.00002  -0.00005   0.00008
   952        4PX       0.00000   0.00000   0.00000   0.00000   0.00000
   953        4PY       0.00000   0.00000   0.00000   0.00000   0.00000
   954        4PZ       0.00000   0.00000   0.00000   0.00000   0.00000
   955 50  H  1S        0.00000   0.00000   0.00000   0.00000   0.00000
   956        2S        0.00000   0.00000  -0.00005  -0.00004   0.00005
   957        3S       -0.00001   0.00001  -0.00012   0.00003   0.00006
   958        4PX       0.00000   0.00000   0.00000   0.00000   0.00000
   959        4PY       0.00000   0.00000  -0.00001   0.00000   0.00001
   960        4PZ       0.00000   0.00000   0.00000   0.00000   0.00000
   961 51  H  1S        0.00000   0.00000  -0.00001   0.00000   0.00001
   962        2S        0.00001  -0.00002   0.00007  -0.00003  -0.00007
   963        3S        0.00003  -0.00001   0.00037   0.00022  -0.00017
   964        4PX       0.00000   0.00000   0.00000   0.00001  -0.00001
   965        4PY       0.00000   0.00000   0.00000   0.00000   0.00000
   966        4PZ       0.00000   0.00000  -0.00001   0.00000   0.00001
   967 52  H  1S        0.00000   0.00000   0.00001   0.00000  -0.00002
   968        2S        0.00000   0.00002  -0.00002   0.00005   0.00008
   969        3S       -0.00004   0.00001  -0.00052  -0.00003   0.00037
   970        4PX       0.00000   0.00000   0.00001  -0.00001   0.00000
   971        4PY       0.00000   0.00000   0.00001  -0.00001   0.00000
   972        4PZ       0.00000   0.00000   0.00001   0.00000   0.00000
   973 53  H  1S        0.00000   0.00000   0.00002  -0.00004  -0.00002
   974        2S        0.00000   0.00000  -0.00006   0.00020   0.00007
   975        3S       -0.00011  -0.00005  -0.00147   0.00059   0.00085
   976        4PX       0.00000   0.00000  -0.00004   0.00004   0.00004
   977        4PY       0.00000   0.00000  -0.00003   0.00006   0.00004
   978        4PZ       0.00000   0.00000  -0.00002   0.00002   0.00002
   979 54  H  1S        0.00000   0.00000  -0.00002   0.00003   0.00001
   980        2S        0.00002   0.00002   0.00031  -0.00021  -0.00020
   981        3S       -0.00001   0.00000  -0.00018  -0.00015   0.00012
   982        4PX       0.00000   0.00000  -0.00001  -0.00001   0.00001
   983        4PY       0.00000   0.00000  -0.00001   0.00002   0.00001
   984        4PZ       0.00000   0.00000   0.00003  -0.00002  -0.00002
   985 55  H  1S        0.00000   0.00000   0.00005  -0.00006  -0.00003
   986        2S       -0.00004  -0.00003  -0.00049   0.00052   0.00033
   987        3S       -0.00008  -0.00003  -0.00102   0.00100   0.00080
   988        4PX       0.00000   0.00000   0.00001   0.00002  -0.00001
   989        4PY       0.00001   0.00000   0.00007  -0.00006  -0.00004
   990        4PZ       0.00000   0.00000  -0.00006   0.00008   0.00005
   991 56  H  1S        0.00000   0.00000  -0.00001   0.00002  -0.00001
   992        2S        0.00001   0.00001   0.00016  -0.00021   0.00001
   993        3S        0.00000  -0.00001   0.00003  -0.00039   0.00033
   994        4PX       0.00000   0.00000  -0.00002   0.00003  -0.00001
   995        4PY       0.00000   0.00000  -0.00001   0.00000   0.00000
   996        4PZ       0.00000   0.00000   0.00003  -0.00004   0.00000
   997 57  H  1S        0.00000   0.00000   0.00004  -0.00004   0.00005
   998        2S       -0.00001   0.00000  -0.00017   0.00020  -0.00032
   999        3S        0.00002   0.00000   0.00024   0.00018   0.00063
  1000        4PX       0.00000   0.00000   0.00003  -0.00003   0.00006
  1001        4PY       0.00000   0.00000  -0.00001  -0.00001  -0.00002
  1002        4PZ       0.00000   0.00000  -0.00004   0.00003  -0.00004
  1003 58  H  1S        0.00000   0.00000  -0.00001   0.00000  -0.00001
  1004        2S        0.00001   0.00000   0.00013   0.00006   0.00002
  1005        3S        0.00002  -0.00001   0.00030  -0.00016   0.00028
  1006        4PX       0.00000   0.00000   0.00000  -0.00002   0.00000
  1007        4PY       0.00000   0.00000   0.00002  -0.00002   0.00001
  1008        4PZ       0.00000   0.00000   0.00002   0.00000   0.00000
  1009 59  H  1S        0.00000   0.00000   0.00002   0.00000   0.00001
  1010        2S       -0.00001   0.00000  -0.00019   0.00003  -0.00012
  1011        3S        0.00000   0.00001  -0.00005  -0.00008  -0.00004
  1012        4PX       0.00000   0.00000   0.00001   0.00000   0.00001
  1013        4PY       0.00000   0.00000   0.00001   0.00000   0.00001
  1014        4PZ       0.00000   0.00000   0.00000   0.00000   0.00000
  1015 60  H  1S        0.00000   0.00000  -0.00001   0.00000  -0.00001
  1016        2S        0.00001   0.00000   0.00014   0.00000   0.00007
  1017        3S        0.00002  -0.00001   0.00031   0.00012   0.00028
  1018        4PX       0.00000   0.00000   0.00000   0.00000   0.00000
  1019        4PY       0.00000   0.00000   0.00000   0.00001   0.00001
  1020        4PZ       0.00000   0.00000  -0.00002  -0.00001   0.00000
  1021 61  H  1S        0.00000   0.00000   0.00003   0.00003   0.00000
  1022        2S       -0.00003   0.00000  -0.00043  -0.00026  -0.00008
  1023        3S       -0.00004   0.00000  -0.00057  -0.00022  -0.00012
  1024        4PX       0.00000   0.00000   0.00000   0.00001   0.00000
  1025        4PY       0.00000   0.00000   0.00002   0.00003   0.00000
  1026        4PZ       0.00000   0.00000   0.00005   0.00003   0.00002
  1027 62  H  1S        0.00000   0.00000  -0.00001   0.00003  -0.00001
  1028        2S        0.00001   0.00000   0.00013  -0.00014   0.00001
  1029        3S        0.00000   0.00000  -0.00003   0.00001   0.00017
  1030        4PX       0.00000   0.00000  -0.00001   0.00002   0.00000
  1031        4PY       0.00000   0.00000   0.00002  -0.00002   0.00000
  1032        4PZ       0.00000   0.00000   0.00000   0.00001   0.00000
  1033 63  H  1S        0.00000   0.00000   0.00004  -0.00005  -0.00001
  1034        2S       -0.00002   0.00000  -0.00028   0.00047   0.00015
  1035        3S       -0.00005  -0.00001  -0.00065   0.00138   0.00087
  1036        4PX       0.00000   0.00000  -0.00001   0.00000  -0.00001
  1037        4PY       0.00000   0.00000  -0.00003   0.00007   0.00003
  1038        4PZ       0.00000   0.00000  -0.00004   0.00005   0.00000
  1039 64  H  1S        0.00000   0.00000  -0.00001   0.00000  -0.00001
  1040        2S        0.00001   0.00000   0.00013   0.00010   0.00006
  1041        3S        0.00004   0.00000   0.00053  -0.00010   0.00026
  1042        4PX       0.00000   0.00000   0.00001  -0.00001   0.00000
  1043        4PY       0.00000   0.00000   0.00000   0.00002  -0.00001
  1044        4PZ       0.00000   0.00000   0.00002   0.00001   0.00001
  1045 65  H  1S        0.00000   0.00000   0.00002   0.00000   0.00001
  1046        2S       -0.00001   0.00000  -0.00020   0.00003  -0.00013
  1047        3S        0.00000   0.00001  -0.00003   0.00004  -0.00001
  1048        4PX       0.00000   0.00000   0.00001  -0.00001   0.00001
  1049        4PY       0.00000   0.00000  -0.00001   0.00000  -0.00001
  1050        4PZ       0.00000   0.00000   0.00000   0.00000   0.00000
  1051 66  H  1S        0.00000   0.00000  -0.00001   0.00000  -0.00001
  1052        2S        0.00001   0.00000   0.00016   0.00000   0.00009
  1053        3S        0.00003  -0.00001   0.00035   0.00006   0.00035
  1054        4PX       0.00000   0.00000   0.00000   0.00001   0.00001
  1055        4PY       0.00000   0.00000  -0.00001  -0.00001  -0.00001
  1056        4PZ       0.00000   0.00000  -0.00002   0.00000  -0.00001
  1057 67  H  1S        0.00000   0.00000   0.00003   0.00002   0.00000
  1058        2S       -0.00003   0.00001  -0.00035  -0.00018  -0.00020
  1059        3S       -0.00002   0.00000  -0.00030   0.00009  -0.00023
  1060        4PX       0.00000   0.00000   0.00002   0.00002   0.00001
  1061        4PY       0.00000   0.00000   0.00001  -0.00001  -0.00001
  1062        4PZ       0.00000   0.00000   0.00005   0.00002   0.00003
  1063 68  H  1S        0.00000   0.00000   0.00002   0.00001  -0.00001
  1064        2S       -0.00001   0.00000  -0.00011  -0.00012   0.00011
  1065        3S        0.00001   0.00000   0.00016   0.00039   0.00010
  1066        4PX       0.00000   0.00000  -0.00002  -0.00002   0.00002
  1067        4PY       0.00000   0.00000   0.00000   0.00000   0.00000
  1068        4PZ       0.00000   0.00000   0.00002   0.00002  -0.00002
  1069 69  H  1S        0.00000   0.00000   0.00001   0.00002   0.00000
  1070        2S       -0.00001   0.00000  -0.00012  -0.00022   0.00002
  1071        3S       -0.00001   0.00000  -0.00010   0.00010   0.00004
  1072        4PX       0.00000   0.00000  -0.00001  -0.00001   0.00000
  1073        4PY       0.00000   0.00000  -0.00002  -0.00003   0.00001
  1074        4PZ       0.00000   0.00000  -0.00001   0.00001   0.00001
  1075 70  H  1S        0.00000   0.00000   0.00001   0.00001   0.00000
  1076        2S       -0.00001   0.00000  -0.00011  -0.00018   0.00006
  1077        3S        0.00000   0.00000  -0.00001   0.00022   0.00009
  1078        4PX       0.00000   0.00000   0.00001   0.00002  -0.00001
  1079        4PY       0.00000   0.00000   0.00001   0.00002   0.00000
  1080        4PZ       0.00000   0.00000  -0.00002  -0.00002   0.00000
  1081 71  Ga 1S        0.40245   0.00000  -0.13155   0.00002   0.00024
  1082        2S        0.66084   0.00000  -0.36993   0.00005   0.00067
  1083        3S        0.01162   0.00000   0.55313  -0.00008  -0.00110
  1084        4S       -0.00323   0.00000   0.56381  -0.00004  -0.00084
  1085        5S        0.00143   0.00000   0.05994  -0.00006  -0.00032
  1086        6S       -0.00072   0.00000  -0.01196   0.00009   0.00034
  1087        7S        0.00075   0.00013   0.01034  -0.00124  -0.00284
  1088        8S       -0.00423  -0.00084  -0.05719   0.00646   0.03841
  1089        9S        0.00000  -0.00002  -0.00002   0.00004   0.00004
  1090        9PX       0.00000   0.00001   0.00003   0.00001  -0.00005
  1091        9PY       0.00000   0.00000   0.00001   0.00000  -0.00001
  1092        9PZ       0.00000   0.00000  -0.00005   0.00001   0.00000
  1093       10PX       0.00000   0.00000   0.00021  -0.01329   0.13383
  1094       10PY       0.00000   0.00000   0.00000  -0.00231   0.00012
  1095       10PZ       0.00000   0.00000   0.00004   0.13381   0.01329
  1096       11PX       0.00001   0.00000   0.00161  -0.09110   0.91752
  1097       11PY       0.00000   0.00000   0.00001  -0.01586   0.00084
  1098       11PZ       0.00000   0.00000   0.00027   0.91739   0.09114
  1099       12PX      -0.00001   0.00000   0.00008  -0.00242   0.02431
  1100       12PY       0.00000   0.00000   0.00000  -0.00041   0.00002
  1101       12PZ       0.00000   0.00000   0.00000   0.02429   0.00240
  1102       13PX       0.00002   0.00000   0.00014   0.00073  -0.00704
  1103       13PY       0.00000   0.00000   0.00001   0.00010   0.00000
  1104       13PZ       0.00001   0.00000   0.00006  -0.00693  -0.00066
  1105       14PX      -0.00009  -0.00003  -0.00104  -0.00087   0.00662
  1106       14PY      -0.00001   0.00000  -0.00007  -0.00001   0.00002
  1107       14PZ      -0.00002  -0.00001  -0.00025   0.00602   0.00049
  1108       15PX       0.00037   0.00019   0.00468   0.00248  -0.01483
  1109       15PY       0.00003  -0.00001   0.00041   0.00010  -0.00024
  1110       15PZ       0.00001   0.00005   0.00009  -0.01155  -0.00102
  1111       16PX       0.00000   0.00063  -0.00044   0.00866  -0.01752
  1112       16PY      -0.00009   0.00010  -0.00114   0.00029   0.00149
  1113       16PZ      -0.00038   0.00020  -0.00453  -0.00982   0.00137
  1114       17D 0      0.00000   0.00000   0.00003   0.00004  -0.00009
  1115       17D+1      0.00000   0.00000   0.00000   0.00011   0.00004
  1116       17D-1      0.00000   0.00000   0.00000   0.00000   0.00000
  1117       17D+2      0.00000   0.00000   0.00000  -0.00002   0.00014
  1118       17D-2      0.00000   0.00000   0.00000   0.00000   0.00000
  1119       18D 0      0.00000  -0.00001   0.00000  -0.00006   0.00012
  1120       18D+1      0.00000   0.00000   0.00000  -0.00005  -0.00006
  1121       18D-1      0.00000   0.00000   0.00002  -0.00002   0.00000
  1122       18D+2      0.00000   0.00000   0.00004   0.00004  -0.00017
  1123       18D-2      0.00000   0.00000  -0.00002   0.00002   0.00000
  1124       19D 0     -0.00005   0.00009  -0.00065   0.00028  -0.00072
  1125       19D+1      0.00001  -0.00001   0.00008   0.00004   0.00019
  1126       19D-1      0.00000   0.00001  -0.00004   0.00009  -0.00002
  1127       19D+2     -0.00001  -0.00004  -0.00012  -0.00020   0.00073
  1128       19D-2      0.00002   0.00001   0.00023  -0.00018  -0.00010

