
Running Job 1 of 1 dvb_sp_un.in
qchem dvb_sp_un.in_20935.0 /home/eric/scratch/qchem/qchem20935/ 1
                  Welcome to Q-Chem
     A Quantum Leap Into The Future Of Chemistry


 Q-Chem 4.2, Q-Chem, Inc., Pleasanton, CA (2014).

 Y. Shao,  Z. Gan,  E. Epifanovsky,  A. T. B. Gilbert,  M. Wormit,  
 J. Kussmann,  A. W. Lange,  A. Behn,  J. Deng,  X. Feng,  D. Ghosh,  
 M. Goldey,  P. R. Horn,  L. D. Jacobson,  I. Kaliman,  R. Z. Khaliullin,  
 T. Kus,  A. Landau,  J. Liu,  E. I. Proynov,  Y. M. Rhee,  R. M. Richard,  
 M. A. Rohrdanz,  R. P. Steele,  E. J. Sundstrom,  H. L. Woodcock III,  
 P. M. Zimmerman,  D. Zuev,  B. Albrecht,  E. Alguire,  B. Austin,  
 G. J. O. Beran,  Y. A. Bernard,  E. Berquist,  K. Brandhorst,  
 K. B. Bravaya,  S. T. Brown,  D. Casanova,  C.-M. Chang,  Y. Chen,  
 S. H. Chien,  K. D. Closser,  D. L. Crittenden,  M. Diedenhofen,  
 R. A. DiStasio Jr.,  H. Do,  A. D. Dutoi,  R. G. Edgar,  S. Fatehi,  
 L. Fusti-Molnar,  A. Ghysels,  A. Golubeva-Zadorozhnaya,  J. Gomes,  
 M. W. D. Hanson-Heine,  P. H. P. Harbach,  A. W. Hauser,  E. G. Hohenstein,  
 Z. C. Holden,  T.-C. Jagau,  H. Ji,  B. Kaduk,  K. Khistyaev,  Jaehoon Kim,  
 Jihan Kim,  R. A. King,  P. Klunzinger,  D. Kosenkov,  T. Kowalczyk,  
 C. M. Krauter,  K. U. Lao,  A. Laurent,  K. V. Lawler,  S. V. Levchenko,  
 C. Y. Lin,  F. Liu,  E. Livshits,  R. C. Lochan,  A. Luenser,  P. Manohar,  
 S. F. Manzer,  S.-P. Mao,  N. Mardirossian,  A. V. Marenich,  S. A. Maurer,  
 N. J. Mayhall,  C. M. Oana,  R. Olivares-Amaya,  D. P. O'Neill,  
 J. A. Parkhill,  T. M. Perrine,  R. Peverati,  P. A. Pieniazek,  A. Prociuk,  
 D. R. Rehn,  E. Rosta,  N. J. Russ,  N. Sergueev,  S. M. Sharada,  
 S. Sharma,  D. W. Small,  A. Sodt,  T. Stein,  D. Stuck,  Y.-C. Su,  
 A. J. W. Thom,  T. Tsuchimochi,  L. Vogt,  O. Vydrov,  T. Wang,  
 M. A. Watson,  J. Wenzel,  A. White,  C. F. Williams,  V. Vanovschi,  
 S. Yeganeh,  S. R. Yost,  Z.-Q. You,  I. Y. Zhang,  X. Zhang,  Y. Zhao,  
 B. R. Brooks,  G. K. L. Chan,  D. M. Chipman,  C. J. Cramer,  
 W. A. Goddard III,  M. S. Gordon,  W. J. Hehre,  A. Klamt,  
 H. F. Schaefer III,  M. W. Schmidt,  C. D. Sherrill,  D. G. Truhlar,  
 A. Warshel,  X. Xu,  A. Aspuru-Guzik,  R. Baer,  A. T. Bell,  N. A. Besley,  
 J.-D. Chai,  A. Dreuw,  B. D. Dunietz,  T. R. Furlani,  S. R. Gwaltney,  
 C.-P. Hsu,  Y. Jung,  J. Kong,  D. S. Lambrecht,  W. Liang,  C. Ochsenfeld,  
 V. A. Rassolov,  L. V. Slipchenko,  J. E. Subotnik,  T. Van Voorhis,  
 J. M. Herbert,  A. I. Krylov,  P. M. W. Gill,  M. Head-Gordon

 Contributors to earlier versions of Q-Chem not listed above: 
 R. D. Adamson,  J. Baker,  E. F. C. Byrd,  A. K. Chakraborty,  C.-L. Cheng,  
 H. Dachsel,  R. J. Doerksen,  G. Hawkins,  A. Heyden,  S. Hirata,  
 G. Kedziora,  F. J. Keil,  C. Kelley,  P. P. Korambath,  W. Kurlancheek,  
 A. M. Lee,  M. S. Lee,  D. Liotard,  I. Lotan,  P. E. Maslen,  N. Nair,  
 D. Neuhauser,  R. Olson,  B. Peters,  J. Ritchie,  N. E. Schultz,  
 N. Shenvi,  A. C. Simmonett,  K. S. Thanthiriwatte,  Q. Wu,  W. Zhang

 Q-Chem 4.2.0 for Intel X86 Linux

 Parts of Q-Chem use Armadillo 4.100.2 (Dirt Cruiser).
 http://arma.sourceforge.net/

 Q-Chem begins on Sat Jun 28 16:56:27 2014  

Host: 
0

     Scratch files written to /home/eric/scratch/qchem/qchem20935//
 May1314 814_zgan -1
Finally everything over in PARseQInput

--------------------------------------------------------------
User input:
--------------------------------------------------------------
$comment
Divinylbenzene cation, single point, UB3LYP/STO-3G
$end

$rem
jobtype = sp
method = b3lyp
basis = sto-3g
unrestricted = true
$end

$molecule
+1 2
C                  0.27867948   -1.36683162    0.00000000
C                  1.32303041   -0.44173575    0.00000000
C                  1.04434506    0.92484978    0.00000000
C                 -0.27867948    1.36683162    0.00000000
C                 -1.32303041    0.44173575    0.00000000
C                 -1.04434506   -0.92484978    0.00000000
H                  2.36595443   -0.79037726    0.00000000
H                  1.86746094    1.65407997    0.00000000
H                 -2.36595443    0.79037726    0.00000000
H                 -1.86746094   -1.65407997    0.00000000
C                 -0.58659169    2.87589931    0.00000000
C                  0.36350188    3.80076420    0.00000000
H                 -1.65647768    3.12394312    0.00000000
H                  0.14429560    4.87693235    0.00000000
H                  1.43338788    3.55272039    0.00000000
C                  0.58659169   -2.87589931    0.00000000
C                 -0.36350188   -3.80076420    0.00000000
H                  1.65647768   -3.12394312    0.00000000
H                 -0.14429560   -4.87693235    0.00000000
H                 -1.43338788   -3.55272039    0.00000000
$end
--------------------------------------------------------------
 ----------------------------------------------------------------
             Standard Nuclear Orientation (Angstroms)
    I     Atom           X                Y                Z
 ----------------------------------------------------------------
    1      C       1.3668132833     0.2787694006     0.0000000000
    2      C       0.4416487095     1.3230594681     0.0000000000
    3      C      -0.9249184834     1.0442842137     0.0000000000
    4      C      -1.3668132833    -0.2787694006     0.0000000000
    5      C      -0.4416487095    -1.3230594681     0.0000000000
    6      C       0.9249184834    -1.0442842137     0.0000000000
    7      H       0.7902216068     2.3660064222     0.0000000000
    8      H      -1.6542028230     1.8673521173     0.0000000000
    9      H      -0.7902216068    -2.3660064222     0.0000000000
   10      H       1.6542028230    -1.8673521173     0.0000000000
   11      C      -2.8758607131    -0.5867808885     0.0000000000
   12      C      -3.8007881058     0.3632518344     0.0000000000
   13      H      -3.1238341368    -1.6566831945     0.0000000000
   14      H      -4.8769418324     0.1439747559     0.0000000000
   15      H      -3.5528146821     1.4331541504     0.0000000000
   16      C       2.8758607131     0.5867808885     0.0000000000
   17      C       3.8007881058    -0.3632518344     0.0000000000
   18      H       3.1238341368     1.6566831945     0.0000000000
   19      H       4.8769418324    -0.1439747559     0.0000000000
   20      H       3.5528146821    -1.4331541504     0.0000000000
 ----------------------------------------------------------------
 Molecular Point Group                 C2h   NOp =  4
 Largest Abelian Subgroup              C2h   NOp =  4
 Nuclear Repulsion Energy =   450.0061381957 hartrees
 There are       35 alpha and       34 beta electrons
 Requested basis set is STO-3G
 There are 30 shells and 60 basis functions

Total QAlloc Memory Limit   2000 MB
Mega-Array Size        61 MB
MEM_STATIC part        62 MB
 A cutoff of  1.0D-08 yielded    367 shell pairs
 There are      1648 function pairs
 Smallest overlap matrix eigenvalue = 1.71E-01

  Scale SEOQF with 1.000000e-01/1.000000e-01/1.000000e+00

 Standard Electronic Orientation quadrupole field applied
 Nucleus-field energy     =     0.0000000194 hartrees
 Guess from superposition of atomic densities
 Warning:  Energy on first SCF cycle will be non-variational
 An unrestricted hybrid HF-DFT SCF calculation will be
 performed using Pulay DIIS extrapolation
 Exchange:     0.2000 Hartree-Fock + 0.0800 Slater + 0.7200 Becke88
 Correlation:  0.8100 LYP + 0.1900 VWN1RPA
 Using SG-1 standard quadrature grid
 SCF converges when DIIS error is below 1.0E-05
 Inaccurate integrated density:
   Number of electrons =    69
   Numerical integral  =    70.000718993141
   Relative error      =     1.4503173814 %
 ---------------------------------------
  Cycle       Energy         DIIS Error
 ---------------------------------------
    1    -381.9238072190      1.39E-01
    2    -382.0391589270      5.90E-03
    3    -382.0386271804      6.23E-03
    4    -382.0627633760      1.81E-03
    5    -382.0649113719      4.00E-04
    6    -382.0651254122      2.21E-04
    7    -382.0652060990      3.94E-05
    8    -382.0652437405      2.47E-05
    9    -382.0654734330      8.52E-06 Convergence criterion met
 ---------------------------------------
 <S^2> = 0.7687
 SCF time:  CPU 4.64 s  wall 4.65 s
 SCF   energy in the final basis set = -382.0654734330
 Total energy in the final basis set = -382.0654734330
 Analysis of SCF Wavefunction
 
 --------------------------------------------------------------
             Orbital Energies (a.u.) and Symmetries
 --------------------------------------------------------------
 
 Alpha MOs, Unrestricted
 -- Occupied --                  
-10.254 -10.254 -10.222 -10.222 -10.220 -10.220 -10.219 -10.219
  1 Bu    1 Ag    2 Bu    2 Ag    3 Bu    3 Ag    4 Ag    4 Bu                 
-10.214 -10.214  -1.033  -0.965  -0.926  -0.906  -0.882  -0.785
  5 Ag    5 Bu    6 Ag    6 Bu    7 Ag    7 Bu    8 Bu    8 Ag                 
 -0.764  -0.723  -0.707  -0.657  -0.637  -0.603  -0.600  -0.590
  9 Ag    9 Bu   10 Ag   11 Ag   10 Bu   11 Bu   12 Bu   12 Ag                 
 -0.573  -0.558  -0.542  -0.540  -0.498  -0.497  -0.479  -0.475
 13 Bu   14 Bu    1 Au   13 Ag   15 Bu   14 Ag   15 Ag    1 Bg                 
 -0.422  -0.400  -0.377
  2 Au    2 Bg    3 Bg                                                         
 -- Virtual --                   
 -0.166  -0.114  -0.090  -0.032   0.065   0.123   0.131   0.168
  3 Au    4 Au    4 Bg    5 Au    5 Bg   16 Ag   16 Bu   17 Bu                 
  0.183   0.222   0.225   0.236   0.247   0.277   0.300   0.327
 17 Ag   18 Bu   18 Ag   19 Bu   19 Ag   20 Bu   20 Ag   21 Ag                 
  0.366   0.386   0.405   0.426   0.446   0.484   0.531   0.592
 21 Bu   22 Ag   22 Bu   23 Bu   23 Ag   24 Ag   24 Bu   25 Ag                 
  0.600
 25 Bu                                                                         
 
 Beta MOs, Unrestricted
 -- Occupied --                  
-10.251 -10.251 -10.222 -10.222 -10.220 -10.220 -10.220 -10.220
  1 Bu    1 Ag    2 Bu    2 Ag    3 Bu    3 Ag    4 Bu    4 Ag                 
-10.210 -10.210  -1.026  -0.957  -0.918  -0.905  -0.870  -0.781
  5 Ag    5 Bu    6 Ag    6 Bu    7 Ag    7 Bu    8 Bu    8 Ag                 
 -0.759  -0.719  -0.704  -0.654  -0.635  -0.601  -0.597  -0.587
  9 Ag    9 Bu   10 Ag   11 Ag   10 Bu   11 Bu   12 Bu   12 Ag                 
 -0.572  -0.556  -0.538  -0.525  -0.496  -0.495  -0.478  -0.451
 13 Bu   14 Bu   13 Ag    1 Au   15 Bu   14 Ag   15 Ag    1 Bg                 
 -0.396  -0.393
  2 Bg    2 Au                                                                 
 -- Virtual --                   
 -0.310  -0.139  -0.105  -0.069  -0.010   0.082   0.126   0.134
  3 Bg    3 Au    4 Au    4 Bg    5 Au    5 Bg   16 Ag   16 Bu                 
  0.170   0.186   0.227   0.229   0.237   0.253   0.284   0.305
 17 Bu   17 Ag   18 Bu   18 Ag   19 Bu   19 Ag   20 Bu   20 Ag                 
  0.332   0.370   0.388   0.408   0.430   0.448   0.488   0.536
 21 Ag   21 Bu   22 Ag   22 Bu   23 Bu   23 Ag   24 Ag   24 Bu                 
  0.596   0.603
 25 Ag   25 Bu                                                                 
 --------------------------------------------------------------
 
          Ground-State Mulliken Net Atomic Charges

     Atom                 Charge (a.u.)    Spin (a.u.)
  --------------------------------------------------------
      1 C                     0.056220       0.213443
      2 C                    -0.041873       0.013451
      3 C                    -0.039779       0.039381
      4 C                     0.056217       0.213429
      5 C                    -0.041870       0.013453
      6 C                    -0.039779       0.039387
      7 H                     0.129099      -0.001058
      8 H                     0.123367      -0.002132
      9 H                     0.129095      -0.001058
     10 H                     0.123367      -0.002132
     11 C                    -0.036312      -0.027994
     12 C                    -0.081693       0.289572
     13 H                     0.127832       0.000387
     14 H                     0.141455      -0.012691
     15 H                     0.121676      -0.012360
     16 C                    -0.036310      -0.027948
     17 C                    -0.081680       0.289547
     18 H                     0.127835       0.000367
     19 H                     0.141460      -0.012645
     20 H                     0.121671      -0.012398
  --------------------------------------------------------
  Sum of atomic charges =     1.000000
  Sum of spin   charges =     1.000000

 -----------------------------------------------------------------
                    Cartesian Multipole Moments
 -----------------------------------------------------------------
    Charge (ESU x 10^10)
                 4.8032
    Dipole Moment (Debye)
         X       0.0003      Y       0.0000      Z       0.0000
       Tot       0.0003
    Quadrupole Moments (Debye-Ang)
        XX     -10.5680     XY      -0.9202     YY     -43.0509
        XZ       0.0000     YZ       0.0000     ZZ     -56.4689
    Octopole Moments (Debye-Ang^2)
       XXX       0.0051    XXY       0.0001    XYY       0.0001
       YYY       0.0003    XXZ      -0.0002    XYZ       0.0000
       YYZ       0.0000    XZZ       0.0001    YZZ       0.0000
       ZZZ       0.0000
    Hexadecapole Moments (Debye-Ang^3)
      XXXX   -1168.6244   XXXY     -22.4748   XXYY    -323.1648
      XYYY       5.5925   YYYY    -297.9422   XXXZ       0.0001
      XXYZ       0.0000   XYYZ       0.0000   YYYZ       0.0000
      XXZZ    -340.3575   XYZZ      -0.4813   YYZZ     -70.1144
      XZZZ       0.0000   YZZZ       0.0000   ZZZZ     -45.4752
 -----------------------------------------------------------------
Archival summary:
1\1\gold\SP\ProcedureUnspecified\STO-3G\1010(1+,2)\eric\SatJun2816:56:322014SatJun2816:56:322014\0\\#,ProcedureUnspecified,STO-3G,\\1,2\C\C,1,1.3949\H,2,1.09968,1,119.988\C,2,1.39471,1,119.999,3,180,0\H,4,1.09966,2,120.011,1,-180,0\C,4,1.39516,2,120.009,1,0,0\C,6,1.3949,4,119.992,2,0,0\H,7,1.09968,6,119.988,4,-180,0\C,7,1.39471,6,119.999,4,0,0\H,9,1.09966,7,120.011,6,180,0\C,1,1.54016,2,120.005,3,0,0\H,11,1.09826,1,114.585,2,-180,0\C,11,1.32592,1,122.697,2,0,0\H,13,1.09826,11,122.718,1,0,0\H,13,1.09827,11,122.716,1,-180,0\C,6,1.54016,4,120.002,2,180,0\H,16,1.09826,6,114.585,4,0,0\C,16,1.32592,6,122.697,4,-180,0\H,18,1.09826,16,122.718,6,0,0\H,18,1.09827,16,122.716,6,180,0\\\@

 Total job time:  4.72s(wall), 4.68s(cpu) 
 Sat Jun 28 16:56:32 2014

        *************************************************************
        *                                                           *
        *  Thank you very much for using Q-Chem.  Have a nice day.  *
        *                                                           *
        *************************************************************


