
Running Job 1 of 1 water_cis(d).in
qchem water_cis(d).in_5516.0 /home/eric/scratch/qchem/qchem5516/ 1
                  Welcome to Q-Chem
     A Quantum Leap Into The Future Of Chemistry


 Q-Chem 4.2, Q-Chem, Inc., Pleasanton, CA (2014).

 Y. Shao,  Z. Gan,  E. Epifanovsky,  A. T. B. Gilbert,  M. Wormit,  
 J. Kussmann,  A. W. Lange,  A. Behn,  J. Deng,  X. Feng,  D. Ghosh,  
 M. Goldey,  P. R. Horn,  L. D. Jacobson,  I. Kaliman,  R. Z. Khaliullin,  
 T. Kus,  A. Landau,  J. Liu,  E. I. Proynov,  Y. M. Rhee,  R. M. Richard,  
 M. A. Rohrdanz,  R. P. Steele,  E. J. Sundstrom,  H. L. Woodcock III,  
 P. M. Zimmerman,  D. Zuev,  B. Albrecht,  E. Alguire,  B. Austin,  
 G. J. O. Beran,  Y. A. Bernard,  E. Berquist,  K. Brandhorst,  
 K. B. Bravaya,  S. T. Brown,  D. Casanova,  C.-M. Chang,  Y. Chen,  
 S. H. Chien,  K. D. Closser,  D. L. Crittenden,  M. Diedenhofen,  
 R. A. DiStasio Jr.,  H. Do,  A. D. Dutoi,  R. G. Edgar,  S. Fatehi,  
 L. Fusti-Molnar,  A. Ghysels,  A. Golubeva-Zadorozhnaya,  J. Gomes,  
 M. W. D. Hanson-Heine,  P. H. P. Harbach,  A. W. Hauser,  E. G. Hohenstein,  
 Z. C. Holden,  T.-C. Jagau,  H. Ji,  B. Kaduk,  K. Khistyaev,  Jaehoon Kim,  
 Jihan Kim,  R. A. King,  P. Klunzinger,  D. Kosenkov,  T. Kowalczyk,  
 C. M. Krauter,  K. U. Lao,  A. Laurent,  K. V. Lawler,  S. V. Levchenko,  
 C. Y. Lin,  F. Liu,  E. Livshits,  R. C. Lochan,  A. Luenser,  P. Manohar,  
 S. F. Manzer,  S.-P. Mao,  N. Mardirossian,  A. V. Marenich,  S. A. Maurer,  
 N. J. Mayhall,  C. M. Oana,  R. Olivares-Amaya,  D. P. O'Neill,  
 J. A. Parkhill,  T. M. Perrine,  R. Peverati,  P. A. Pieniazek,  A. Prociuk,  
 D. R. Rehn,  E. Rosta,  N. J. Russ,  N. Sergueev,  S. M. Sharada,  
 S. Sharma,  D. W. Small,  A. Sodt,  T. Stein,  D. Stuck,  Y.-C. Su,  
 A. J. W. Thom,  T. Tsuchimochi,  L. Vogt,  O. Vydrov,  T. Wang,  
 M. A. Watson,  J. Wenzel,  A. White,  C. F. Williams,  V. Vanovschi,  
 S. Yeganeh,  S. R. Yost,  Z.-Q. You,  I. Y. Zhang,  X. Zhang,  Y. Zhao,  
 B. R. Brooks,  G. K. L. Chan,  D. M. Chipman,  C. J. Cramer,  
 W. A. Goddard III,  M. S. Gordon,  W. J. Hehre,  A. Klamt,  
 H. F. Schaefer III,  M. W. Schmidt,  C. D. Sherrill,  D. G. Truhlar,  
 A. Warshel,  X. Xu,  A. Aspuru-Guzik,  R. Baer,  A. T. Bell,  N. A. Besley,  
 J.-D. Chai,  A. Dreuw,  B. D. Dunietz,  T. R. Furlani,  S. R. Gwaltney,  
 C.-P. Hsu,  Y. Jung,  J. Kong,  D. S. Lambrecht,  W. Liang,  C. Ochsenfeld,  
 V. A. Rassolov,  L. V. Slipchenko,  J. E. Subotnik,  T. Van Voorhis,  
 J. M. Herbert,  A. I. Krylov,  P. M. W. Gill,  M. Head-Gordon

 Contributors to earlier versions of Q-Chem not listed above: 
 R. D. Adamson,  J. Baker,  E. F. C. Byrd,  A. K. Chakraborty,  C.-L. Cheng,  
 H. Dachsel,  R. J. Doerksen,  G. Hawkins,  A. Heyden,  S. Hirata,  
 G. Kedziora,  F. J. Keil,  C. Kelley,  P. P. Korambath,  W. Kurlancheek,  
 A. M. Lee,  M. S. Lee,  D. Liotard,  I. Lotan,  P. E. Maslen,  N. Nair,  
 D. Neuhauser,  R. Olson,  B. Peters,  J. Ritchie,  N. E. Schultz,  
 N. Shenvi,  A. C. Simmonett,  K. S. Thanthiriwatte,  Q. Wu,  W. Zhang

 Q-Chem 4.2.0 for Intel X86 Linux

 Parts of Q-Chem use Armadillo 4.100.2 (Dirt Cruiser).
 http://arma.sourceforge.net/

 Q-Chem begins on Sun Jul  6 13:13:16 2014  

Host: 
0

     Scratch files written to /home/eric/scratch/qchem/qchem5516//
 May1314 814_zgan -1
Finally everything over in PARseQInput

--------------------------------------------------------------
User input:
--------------------------------------------------------------
$comment
Water, single point, RCIS(D)/STO-3G (5 singlets, 5 triplets)
$end

$rem
method = cis(d)
basis = sto-3g
cis_n_roots = 5
ao2mo_disk = 200
$end

$molecule
0 1
O
H 1 R1
H 1 R1 2 A1

R1=0.99
A1=106.0
$end
--------------------------------------------------------------
 ----------------------------------------------------------------
             Standard Nuclear Orientation (Angstroms)
    I     Atom           X                Y                Z
 ----------------------------------------------------------------
    1      O       0.0000000000     0.0000000000     0.1191593746
    2      H      -0.7906491549     0.0000000000    -0.4766374983
    3      H       0.7906491549     0.0000000000    -0.4766374983
 ----------------------------------------------------------------
 Molecular Point Group                 C2v   NOp =  4
 Largest Abelian Subgroup              C2v   NOp =  4
 Nuclear Repulsion Energy =     8.8870062630 hartrees
 There are        5 alpha and        5 beta electrons
 Requested basis set is STO-3G
 There are 4 shells and 7 basis functions

Total QAlloc Memory Limit   2000 MB
Mega-Array Size        61 MB
MEM_STATIC part        62 MB

                       Distance Matrix (Angstroms)
             O (  1)   H (  2)
   H (  2)  0.990000
   H (  3)  0.990000  1.581298
 
 A cutoff of  1.0D-11 yielded     10 shell pairs
 There are        34 function pairs
 Smallest overlap matrix eigenvalue = 3.64E-01

  Scale SEOQF with 1.000000e+00/1.000000e+00/1.000000e+00

 Standard Electronic Orientation quadrupole field applied
 Nucleus-field energy     =    -0.0000000002 hartrees
 Guess from superposition of atomic densities
 Warning:  Energy on first SCF cycle will be non-variational
 A restricted Hartree-Fock SCF calculation will be
 performed using Pulay DIIS extrapolation
 SCF converges when DIIS error is below 1.0E-08
 ---------------------------------------
  Cycle       Energy         DIIS Error
 ---------------------------------------
    1     -74.6004034218      3.98E-01
    2     -74.9231294862      6.68E-02
    3     -74.9638278706      8.22E-03
    4     -74.9643050866      1.60E-03
    5     -74.9643287510      2.83E-05
    6     -74.9643287654      8.23E-06
    7     -74.9643287668      1.04E-07
    8     -74.9643287668      5.45E-11 Convergence criterion met
 ---------------------------------------
 SCF time:  CPU 0.01 s  wall 0.01 s
 SCF   energy in the final basis set = -74.9643287668
 Total energy in the final basis set = -74.9643287668
OV_DIM:  Setting MaxSz  = 10
OV_DIM:  Setting MaxSpc = 10
 Direct RCIS calculation will be performed
 Triplet excitation energies requested
 Singlet excitation energies requested
 CIS energy converged when residual is below 10e- 6
 ---------------------------------------------------
 Iter    Rts Conv    Rts Left    Ttl Dev     Max Dev
 ---------------------------------------------------
   1         2           3      0.046302    0.020497
   2         4           1      0.010433    0.010433
   3         4           1      0.005927    0.005927
   4         5           0      0.000000    0.000000    Roots Converged
 ---------------------------------------------------
 Triplets done: starting singlet calculation
 ---------------------------------------------------
 Iter    Rts Conv    Rts Left    Ttl Dev     Max Dev
 ---------------------------------------------------
   5         2           3      0.043920    0.029907
   6         4           1      0.004306    0.004306
   7         4           1      0.001311    0.001311
   8         5           0      0.000000    0.000000    Roots Converged
 ---------------------------------------------------
 
 
 ---------------------------------------------------
               CIS Excitation Energies              
 ---------------------------------------------------

 Excited state   1: excitation energy (eV) =   10.1773
    Total energy for state   1:    -74.590320491568
    Multiplicity: Triplet 
    Trans. Mom.:  0.0000 X   0.0000 Y   0.0000 Z
    Strength   :  0.0000
    D(  5) --> V(  1) amplitude =  1.0000

 Excited state   2: excitation energy (eV) =   12.2266
    Total energy for state   2:    -74.515007828213
    Multiplicity: Singlet 
    Trans. Mom.:  0.0000 X  -0.1058 Y   0.0000 Z
    Strength   :  0.0034
    D(  5) --> V(  1) amplitude =  1.0000

 Excited state   3: excitation energy (eV) =   12.2737
    Total energy for state   3:    -74.513278653532
    Multiplicity: Triplet 
    Trans. Mom.:  0.0000 X   0.0000 Y   0.0000 Z
    Strength   :  0.0000
    D(  3) --> V(  2) amplitude =  0.2310
    D(  4) --> V(  1) amplitude =  0.9676

 Excited state   4: excitation energy (eV) =   12.9040
    Total energy for state   4:    -74.490115104890
    Multiplicity: Triplet 
    Trans. Mom.:  0.0000 X   0.0000 Y   0.0000 Z
    Strength   :  0.0000
    D(  5) --> V(  2) amplitude =  1.0000

 Excited state   5: excitation energy (eV) =   14.1314
    Total energy for state   5:    -74.445008310664
    Multiplicity: Triplet 
    Trans. Mom.:  0.0000 X   0.0000 Y   0.0000 Z
    Strength   :  0.0000
    D(  3) --> V(  1) amplitude =  0.5360
    D(  4) --> V(  2) amplitude =  0.8429

 Excited state   6: excitation energy (eV) =   14.2466
    Total energy for state   6:    -74.440775912108
    Multiplicity: Singlet 
    Trans. Mom.:  0.0000 X   0.0000 Y   0.0000 Z
    Strength   :  0.0000
    D(  5) --> V(  2) amplitude =  1.0000

 Excited state   7: excitation energy (eV) =   15.8632
    Total energy for state   7:    -74.381368214424
    Multiplicity: Singlet 
    Trans. Mom.:  0.0000 X   0.0000 Y   0.4349 Z
    Strength   :  0.0735
    D(  3) --> V(  2) amplitude = -0.2477
    D(  4) --> V(  1) amplitude =  0.9669

 Excited state   8: excitation energy (eV) =   17.0481
    Total energy for state   8:    -74.337821017881
    Multiplicity: Triplet 
    Trans. Mom.:  0.0000 X   0.0000 Y   0.0000 Z
    Strength   :  0.0000
    D(  3) --> V(  1) amplitude =  0.8340
    D(  4) --> V(  2) amplitude = -0.5373

 Excited state   9: excitation energy (eV) =   18.1604
    Total energy for state   9:    -74.296947364576
    Multiplicity: Singlet 
    Trans. Mom.:  0.3369 X   0.0000 Y   0.0000 Z
    Strength   :  0.0505
    D(  3) --> V(  1) amplitude = -0.4406
    D(  4) --> V(  2) amplitude =  0.8977

 Excited state  10: excitation energy (eV) =   21.0594
    Total energy for state  10:    -74.190411082533
    Multiplicity: Singlet 
    Trans. Mom.:  1.5338 X   0.0000 Y   0.0000 Z
    Strength   :  1.2138
    D(  3) --> V(  1) amplitude =  0.8968
    D(  4) --> V(  2) amplitude =  0.4399
 
 ---------------------------------------------------
 Setting up for CIS(D)
  Timing summary (seconds)
  CPU time          0.01s
  System time       0.00s
  Wall time         0.01s
 Algorithm is semi-direct
 Memory given =   60 MB     Disk given =  200 MB
 
 MP2 correlation energy    =     -0.0380499384 au
 Total ground state energy =    -75.0023787051 au

 ---------------------------------------------------
             CIS(D) Excitation Energies             
 ---------------------------------------------------
 
 CIS(D) excitation energy for state  1 singlet =  11.8767 eV
 Mixing theta caused by each excited state
          1        2        3        4        5
         0.00     0.00     0.00     0.00     0.00
 Estimated CIS(D) corrected by each excited state
          1        2        3        4        5
       0.0000  11.8767  11.8767  11.8767  11.8767
       0.0000  14.2267  15.7372  18.3803  21.5915
 by state number  2     11.8767
 by state number  3     11.8767
 by state number  4     11.8767
 by state number  5     11.8767
 
 CIS(D) excitation energy for state  2 singlet =  14.2035 eV
 Mixing theta caused by each excited state
          1        2        3        4        5
         0.00     0.00     0.00     0.00     0.00
 Estimated CIS(D) corrected by each excited state
          1        2        3        4        5
      11.8410   0.0000  14.2035  14.2035  14.2035
      14.2035   0.0000  15.7038  18.3570  21.5785
 by state number  1     14.2035
 by state number  3     14.2035
 by state number  4     14.2035
 by state number  5     14.2035
 
 CIS(D) excitation energy for state  3 singlet =  15.6751 eV
 Mixing theta caused by each excited state
          1        2        3        4        5
         0.00     0.00     0.00     0.00     0.00
 Estimated CIS(D) corrected by each excited state
          1        2        3        4        5
      11.8101  14.1834   0.0000  15.6751  15.6751
      15.6751  15.6751   0.0000  18.3369  21.5673
 by state number  1     15.6751
 by state number  2     15.6751
 by state number  4     15.6751
 by state number  5     15.6751
 
 CIS(D) excitation energy for state  4 singlet =  18.3060 eV
 Mixing theta caused by each excited state
          1        2        3        4        5
         0.00     0.00     0.00     0.00     0.89
 Estimated CIS(D) corrected by each excited state
          1        2        3        4        5
      11.7624  14.1525  15.6305   0.0000  18.3028
      18.3060  18.3060  18.3060   0.0000  21.5534
 by state number  1     18.3060
 by state number  2     18.3060
 by state number  3     18.3060
 by state number  5     18.3028
 
 CIS(D) excitation energy for state  5 singlet =  21.5262 eV
 Mixing theta caused by each excited state
          1        2        3        4        5
         0.00     0.00     0.00     0.93     0.00
 Estimated CIS(D) corrected by each excited state
          1        2        3        4        5
      11.6944  14.1086  15.5671  18.2588   0.0000
      21.5262  21.5262  21.5262  21.5296   0.0000
 by state number  1     21.5262
 by state number  2     21.5262
 by state number  3     21.5262
 by state number  4     21.5296
 
 ---------------------------------------------------
 ------------------------------------------------------------------------------
                     CIS(D)        : Timing summary (seconds)
 ------------------------------------------------------------------------------
     job step          cpu (% of tot)      sys (% of tot)     wall (% of tot)
 ------------------------------------------------------------------------------
 ------------------------------------------------------------------------------
   Grand Totals     0.4771E-02          0.1000E-05          0.4774E-02
 ------------------------------------------------------------------------------
 Algorithm is semi-direct
 Memory given =   60 MB     Disk given =  200 MB
 
 MP2 correlation energy    =     -0.0380499384 au
 Total ground state energy =    -75.0023787051 au

 ---------------------------------------------------
             CIS(D) Excitation Energies             
 ---------------------------------------------------
 
 CIS(D) excitation energy for state  1 triplet =  10.1074 eV
 Mixing theta caused by each excited state
          1        2        3        4        5
         0.00     0.00     0.00     0.00     0.00
 Estimated CIS(D) corrected by each excited state
          1        2        3        4        5
       0.0000  10.1074  10.1074  10.1074  10.1074
       0.0000  12.5844  13.0486  14.6549  17.6296
 by state number  2     10.1074
 by state number  3     10.1074
 by state number  4     10.1074
 by state number  5     10.1074
 
 CIS(D) excitation energy for state  2 triplet =  12.5734 eV
 Mixing theta caused by each excited state
          1        2        3        4        5
         0.00     0.00     0.00     0.00     0.00
 Estimated CIS(D) corrected by each excited state
          1        2        3        4        5
      10.0822   0.0000  12.5734  12.5734  12.5734
      12.5734   0.0000  13.0318  14.6517  17.6200
 by state number  1     12.5734
 by state number  3     12.5734
 by state number  4     12.5734
 by state number  5     12.5734
 
 CIS(D) excitation energy for state  3 triplet =  13.0264 eV
 Mixing theta caused by each excited state
          1        2        3        4        5
         0.00     0.00     0.00     0.00     0.00
 Estimated CIS(D) corrected by each excited state
          1        2        3        4        5
      10.0742  12.5699   0.0000  13.0264  13.0264
      13.0264  13.0264   0.0000  14.6507  17.6170
 by state number  1     13.0264
 by state number  2     13.0264
 by state number  4     13.0264
 by state number  5     13.0264
 
 CIS(D) excitation energy for state  4 triplet =  14.6486 eV
 Mixing theta caused by each excited state
          1        2        3        4        5
         0.00     0.00     0.00     0.00     0.72
 Estimated CIS(D) corrected by each excited state
          1        2        3        4        5
      10.0580  12.5628  13.0156   0.0000  14.6468
      14.6486  14.6486  14.6486   0.0000  17.6127
 by state number  1     14.6486
 by state number  2     14.6486
 by state number  3     14.6486
 by state number  5     14.6468
 
 CIS(D) excitation energy for state  5 triplet =  17.5953 eV
 Mixing theta caused by each excited state
          1        2        3        4        5
         0.00     0.00     0.00     0.73     0.00
 Estimated CIS(D) corrected by each excited state
          1        2        3        4        5
      10.0157  12.5447  12.9876  14.6413   0.0000
      17.5953  17.5953  17.5953  17.5973   0.0000
 by state number  1     17.5953
 by state number  2     17.5953
 by state number  3     17.5953
 by state number  4     17.5973
 
 ---------------------------------------------------
 ------------------------------------------------------------------------------
                     CIS(D)        : Timing summary (seconds)
 ------------------------------------------------------------------------------
     job step          cpu (% of tot)      sys (% of tot)     wall (% of tot)
 ------------------------------------------------------------------------------
 ------------------------------------------------------------------------------
   Grand Totals     0.8756E-02          0.1000E-05          0.8767E-02
 ------------------------------------------------------------------------------
 Analysis of SCF Wavefunction
 
 --------------------------------------------------------------
             Orbital Energies (a.u.) and Symmetries
 --------------------------------------------------------------
 
 Alpha MOs, Restricted
 -- Occupied --                  
-20.244  -1.251  -0.603  -0.445  -0.388
  1 A1    2 A1    1 B1    3 A1    1 B2                                         
 -- Virtual --                   
  0.571   0.709
  4 A1    2 B1                                                                 
 
 Beta MOs, Restricted
 -- Occupied --                  
-20.244  -1.251  -0.603  -0.445  -0.388
  1 A1    2 A1    1 B1    3 A1    1 B2                                         
 -- Virtual --                   
  0.571   0.709
  4 A1    2 B1                                                                 
 --------------------------------------------------------------
 
          Ground-State Mulliken Net Atomic Charges

     Atom                 Charge (a.u.)
  ----------------------------------------
      1 O                    -0.339214
      2 H                     0.169607
      3 H                     0.169607
  ----------------------------------------
  Sum of atomic charges =     0.000000

 -----------------------------------------------------------------
                    Cartesian Multipole Moments
 -----------------------------------------------------------------
    Charge (ESU x 10^10)
                 0.0000
    Dipole Moment (Debye)
         X       0.0000      Y       0.0000      Z      -1.6735
       Tot       1.6735
    Quadrupole Moments (Debye-Ang)
        XX      -4.2950     XY       0.0000     YY      -6.1213
        XZ       0.0000     YZ       0.0000     ZZ      -5.4175
    Octopole Moments (Debye-Ang^2)
       XXX       0.0000    XXY       0.0000    XYY       0.0000
       YYY       0.0000    XXZ      -0.5848    XYZ       0.0000
       YYZ       0.0136    XZZ       0.0000    YZZ       0.0000
       ZZZ      -0.1457
    Hexadecapole Moments (Debye-Ang^3)
      XXXX      -6.8264   XXXY       0.0000   XXYY      -1.8585
      XYYY       0.0000   YYYY      -3.2614   XXXZ       0.0000
      XXYZ       0.0000   XYYZ       0.0000   YYYZ       0.0000
      XXZZ      -1.7504   XYZZ       0.0000   YYZZ      -1.4123
      XZZZ       0.0000   YZZZ       0.0000   ZZZZ      -4.9965
 -----------------------------------------------------------------
Archival summary:
1\1\gold\SP\MP2\STO-3G\12\eric\SunJul613:13:162014SunJul613:13:162014\0\\#,MP2,STO-3G,\\0,1\O\H,1,0.99\H,1,0.99,2,106\\HF=-74.9643288\MP2=-121.840169\\@

 Total job time:  0.05s(wall), 0.05s(cpu) 
 Sun Jul  6 13:13:16 2014

        *************************************************************
        *                                                           *
        *  Thank you very much for using Q-Chem.  Have a nice day.  *
        *                                                           *
        *************************************************************


