You are running Q-Chem version: 5.0.2

#
# job setting
#
local host:  smp-n24.crc.pitt.edu
current dir: /ihome/kjordan/shu8/projects/code_tests/qchemtd
input file:  dvb_td.in
output file: 
nprocs     : 1
nthreads   : 12
#
# qchem installation setting
#
QC:          /ihome/crc/install/qchem/5.0
QCAUX:       /ihome/crc/install/qchem/5.0/qcaux
QCPROG:      /ihome/crc/install/qchem/5.0/exe/qcprog.exe
QCPROG_S:    /ihome/crc/install/qchem/5.0/exe/qcprog.exe_s
PARALLEL:    -DPARALLEL
QCMPI:       mpich
#
# qchem directory setting
#
qcrun:       qchem43411
QCSCRATCH:   /ihome/kjordan/shu8/projects/code_tests/qchemtd
QCLOCALSCR:  /scratch/slurm-2368815
QCTMPDIR:    /scratch/slurm-2368815
QCFILEPREF:  /scratch/slurm-2368815/qchem43411
QCSAVEDIR:   
workdirs:    /scratch/slurm-2368815/qchem43411
workdir0:    /scratch/slurm-2368815/qchem43411
partmpdirs =  
#
# parallel setting
#
QCRSH:           /usr/bin/ssh
QCMPI:           mpich
QCMPIRUN:        /ihome/crc/install/qchem/5.0/bin/mpi/mpirun_qchem
QCMACHINEFILE:   /ihome/kjordan/shu8/projects/code_tests/qchemtd/machinefile.2368815
smp-n24.crc.pitt.edu

#
# env setting
#
exported envs:   QC QCAUX QCSCRATCH QCRUNNAME QCFILEPREF QCPROG QCPROG_S GUIFILE

Running Job 1 of 1 dvb_td.in
qchem dvb_td.in_43411.0 /scratch/slurm-2368815/qchem43411/ 1
/ihome/crc/install/qchem/5.0/bin/mpi/mpirun_qchem -machinefile /ihome/kjordan/shu8/projects/code_tests/qchemtd/machinefile.2368815 -np 1 /ihome/crc/install/qchem/5.0/exe/qcprog.exe dvb_td.in_43411.0 /scratch/slurm-2368815/qchem43411/

Process 0 of 1 is on smp-n24.crc.pitt.edu - thread support 0
initial socket setup ...start
initial socket setup ...done 
now start server 0 ... 
Check license passed

                  Welcome to Q-Chem
     A Quantum Leap Into The Future Of Chemistry


 Q-Chem 5.0, Q-Chem, Inc., Pleasanton, CA (2017)

 Yihan Shao,  Zhengting Gan,  E. Epifanovsky,  A. T. B. Gilbert,  M. Wormit,  
 J. Kussmann,  A. W. Lange,  A. Behn,  Jia Deng,  Xintian Feng,  D. Ghosh,  
 M. Goldey,  P. R. Horn,  L. D. Jacobson,  I. Kaliman,  T. Kus,  A. Landau,  
 Jie Liu,  E. I. Proynov,  R. M. Richard,  R. P. Steele,  E. J. Sundstrom,  
 H. L. Woodcock III,  P. M. Zimmerman,  D. Zuev,  B. Albrecht,  E. Alguire,  
 S. A. Baeppler,  D. Barton,  Z. Benda,  Y. A. Bernard,  E. J. Berquist,  
 K. B. Bravaya,  H. Burton,  D. Casanova,  Chun-Min Chang,  Yunqing Chen,  
 A. Chien,  K. D. Closser,  M. P. Coons,  S. Dasgupta,  A. L. Dempwolff,  
 M. Diedenhofen,  Hainam Do,  R. G. Edgar,  Po-Tung Fang,  S. Fatehi,  
 Qingguo Feng,  J. Fosso-Tande,  Qinghui Ge,  A. Ghysels,  G. Gidofalvi,  
 J. Gomes,  J. Gonthier,  A. Gunina,  M. W. D. Hanson-Heine,  
 P. H. P. Harbach,  A. W. Hauser,  J. E. Herr,  E. G. Hohenstein,  
 Z. C. Holden,  Kerwin Hui,  T.-C. Jagau,  Hyunjun Ji,  B. Kaduk,  
 K. Khistyaev,  Jaehoon Kim,  P. Klunzinger,  K. Koh,  D. Kosenkov,  
 L. Koulias,  T. Kowalczyk,  C. M. Krauter,  A. Kunitsa,  Ka Un Lao,  
 A. Laurent,  K. V. Lawler,  Joonho Lee,  D. Lefrancois,  S. Lehtola,  
 D. S. Levine,  Yi-Pei Li,  You-Sheng Lin,  Fenglai Liu,  E. Livshits,  
 A. Luenser,  P. Manohar,  E. Mansoor,  S. F. Manzer,  Shan-Ping Mao,  
 Yuezhi Mao,  N. Mardirossian,  A. V. Marenich,  T. Markovich,  
 L. A. Martinez-Martinez,  S. A. Maurer,  N. J. Mayhall,  S. C. McKenzie,  
 J.-M. Mewes,  A. F. Morrison,  J. W. Mullinax,  K. Nanda,  
 T. S. Nguyen-Beck,  R. Olivares-Amaya,  J. A. Parkhill,  T. M. Perrine,  
 F. Plasser,  S. Prager,  A. Prociuk,  E. Ramos,  D. R. Rehn,  F. Rob,  
 M. Schneider,  N. Sergueev,  S. M. Sharada,  S. Sharma,  D. W. Small,  
 T. Stauch,  T. Stein,  Yu-Chuan Su,  A. J. W. Thom,  A. Tkatchenko,  
 T. Tsuchimochi,  L. Vogt,  O. Vydrov,  M. A. Watson,  J. Wenzel,  
 M. de Wergifosse,  T. A. Wesolowski,  A. White,  J. Witte,  A. Yamada,  
 Jun Yang,  K. Yao,  S. Yeganeh,  S. R. Yost,  Zhi-Qiang You,  A. Zech,  
 Igor Ying Zhang,  Xing Zhang,  Yan Zhao,  Ying Zhu,  B. R. Brooks,  
 G. K. L. Chan,  C. J. Cramer,  M. S. Gordon,  W. J. Hehre,  A. Klamt,  
 M. W. Schmidt,  C. D. Sherrill,  D. G. Truhlar,  A. Aspuru-Guzik,  R. Baer,  
 A. T. Bell,  N. A. Besley,  Jeng-Da Chai,  R. A. DiStasio Jr.,  A. Dreuw,  
 B. D. Dunietz,  T. R. Furlani,  Chao-Ping Hsu,  Yousung Jung,  Jing Kong,  
 D. S. Lambrecht,  WanZhen Liang,  C. Ochsenfeld,  V. A. Rassolov,  
 L. V. Slipchenko,  J. E. Subotnik,  T. Van Voorhis,  J. M. Herbert,  
 A. I. Krylov,  P. M. W. Gill,  M. Head-Gordon

 Contributors to earlier versions of Q-Chem not listed above: 
 R. D. Adamson,  B. Austin,  J. Baker,  G. J. O. Beran,  K. Brandhorst,  
 S. T. Brown,  E. F. C. Byrd,  A. K. Chakraborty,  C.-L. Cheng,  
 Siu Hung Chien,  D. M. Chipman,  D. L. Crittenden,  H. Dachsel,  
 R. J. Doerksen,  A. D. Dutoi,  L. Fusti-Molnar,  W. A. Goddard III,  
 A. Golubeva-Zadorozhnaya,  S. R. Gwaltney,  G. Hawkins,  A. Heyden,  
 S. Hirata,  G. Kedziora,  F. J. Keil,  C. Kelley,  Jihan Kim,  R. A. King,  
 R. Z. Khaliullin,  P. P. Korambath,  W. Kurlancheek,  A. M. Lee,  M. S. Lee,  
 S. V. Levchenko,  Ching Yeh Lin,  D. Liotard,  R. C. Lochan,  I. Lotan,  
 P. E. Maslen,  N. Nair,  D. P. O'Neill,  D. Neuhauser,  E. Neuscamman,  
 C. M. Oana,  R. Olson,  B. Peters,  R. Peverati,  P. A. Pieniazek,  
 Y. M. Rhee,  J. Ritchie,  M. A. Rohrdanz,  E. Rosta,  N. J. Russ,  
 H. F. Schaefer III,  N. E. Schultz,  N. Shenvi,  A. C. Simmonett,  A. Sodt,  
 D. Stuck,  K. S. Thanthiriwatte,  V. Vanovschi,  Tao Wang,  A. Warshel,  
 C. F. Williams,  Q. Wu,  X. Xu,  W. Zhang

 Please cite Q-Chem as follows:
 Y. Shao et al., Mol. Phys. 113, 184-215 (2015)
 DOI: 10.1080/00268976.2014.952696

 Q-Chem 5.0.2 for Intel X86 EM64T Linux

 Parts of Q-Chem use Armadillo 5.200.1 (Boston Tea Smuggler).
 http://arma.sourceforge.net/

 Q-Chem begins on Sun Feb  7 16:58:38 2021  

Host: 
0

     Scratch files written to /scratch/slurm-2368815/qchem43411//
 Dec117 29775_ 26524  26519 -1
 Parallel job on  1  processors
Processing $rem in /ihome/crc/install/qchem/5.0/config/preferences.
 MEM_TOTAL  500 

Checking the input file for inconsistencies... 	...done.

--------------------------------------------------------------
User input:
--------------------------------------------------------------
$comment
Divinylbenzene, single point, TD-DFT (5 singlets, 5 triplets), RB3LYP/STO-3G
$end

$rem
method = b3lyp
basis = sto-3g
cis_n_roots = 5
gui = 2
$end

$molecule
0 1
C                  0.27867948   -1.36683162    0.00000000
C                  1.32303041   -0.44173575    0.00000000
C                  1.04434506    0.92484978    0.00000000
C                 -0.27867948    1.36683162    0.00000000
C                 -1.32303041    0.44173575    0.00000000
C                 -1.04434506   -0.92484978    0.00000000
H                  2.36595443   -0.79037726    0.00000000
H                  1.86746094    1.65407997    0.00000000
H                 -2.36595443    0.79037726    0.00000000
H                 -1.86746094   -1.65407997    0.00000000
C                 -0.58659169    2.87589931    0.00000000
C                  0.36350188    3.80076420    0.00000000
H                 -1.65647768    3.12394312    0.00000000
H                  0.14429560    4.87693235    0.00000000
H                  1.43338788    3.55272039    0.00000000
C                  0.58659169   -2.87589931    0.00000000
C                 -0.36350188   -3.80076420    0.00000000
H                  1.65647768   -3.12394312    0.00000000
H                 -0.14429560   -4.87693235    0.00000000
H                 -1.43338788   -3.55272039    0.00000000
$end

--------------------------------------------------------------
 ----------------------------------------------------------------
             Standard Nuclear Orientation (Angstroms)
    I     Atom           X                Y                Z
 ----------------------------------------------------------------
    1      C       1.3668132833     0.2787694006    -0.0000000000
    2      C       0.4416487095     1.3230594681    -0.0000000000
    3      C      -0.9249184834     1.0442842137    -0.0000000000
    4      C      -1.3668132833    -0.2787694006     0.0000000000
    5      C      -0.4416487095    -1.3230594681     0.0000000000
    6      C       0.9249184834    -1.0442842137     0.0000000000
    7      H       0.7902216068     2.3660064222    -0.0000000000
    8      H      -1.6542028230     1.8673521173    -0.0000000000
    9      H      -0.7902216068    -2.3660064222     0.0000000000
   10      H       1.6542028230    -1.8673521173     0.0000000000
   11      C      -2.8758607131    -0.5867808885     0.0000000000
   12      C      -3.8007881058     0.3632518344    -0.0000000000
   13      H      -3.1238341368    -1.6566831945     0.0000000000
   14      H      -4.8769418324     0.1439747559    -0.0000000000
   15      H      -3.5528146821     1.4331541504    -0.0000000000
   16      C       2.8758607131     0.5867808885    -0.0000000000
   17      C       3.8007881058    -0.3632518344     0.0000000000
   18      H       3.1238341368     1.6566831945    -0.0000000000
   19      H       4.8769418324    -0.1439747559     0.0000000000
   20      H       3.5528146821    -1.4331541504     0.0000000000
 ----------------------------------------------------------------
 Molecular Point Group                 C2h   NOp =  4
 Largest Abelian Subgroup              C2h   NOp =  4
 Nuclear Repulsion Energy =   450.0061381957 hartrees
 There are       35 alpha and       35 beta electrons
 Requested basis set is STO-3G
 There are 30 shells and 60 basis functions

 Total QAlloc Memory Limit    500 MB
 Mega-Array Size        61 MB
 MEM_STATIC part        62 MB
 A cutoff of  1.0D-11 yielded    402 shell pairs
 There are      1776 function pairs
 
 -------------------------------------------------------
 OpenMP Integral Computing Module                       
 Release: version 1.0, May 2013, Q-Chem Inc. Pittsburgh 
 -------------------------------------------------------
 Integral Job Info:
 Integral job number is                      11
 Integral operator is                         1
 short-range coefficients                     0
 long-range coefficients              100000000
 Omega coefficients                           0
 if combine SR and LR in K                    0
 Integral screening is                        0
 Integral computing path is                   2
 max size of driver memory is            800000
 size of driver memory is                 45569
 size of scratch memory is              1046100
 max col of scratch BK array                289
 max len of scratch array in speh3           22
 max len of scratch index in speh4            8
 max int batch size is                      520
 min int batch size is                       52
 fixed nKL is                                52
 max L of basis functions is                  1
 order of int derivative is                   0
 number of shells is                         30
 number of basis is                          60
 number of cartesian basis is                60
 number of contracted shell pairs           402
 number of primitive shell pairs           2441
 maxK2 (contraction) of shell pair            9
 max number of K2 of shell pair               1
 max number of CS2 of shell pair             48
 max number of PS2 of shell pair            360
 mem total for path MDJ                  517502
 -------------------------------------------------------
 Smallest overlap matrix eigenvalue = 1.71E-01

 Scale SEOQF with 1.000000e-01/1.000000e-01/1.000000e+00

 Standard Electronic Orientation quadrupole field applied
 Nucleus-field energy     =     0.0000000194 hartrees
 Guess from superposition of atomic densities
 Warning:  Energy on first SCF cycle will be non-variational
 SAD guess density has 70.000000 electrons
 A restricted hybrid HF-DFT SCF calculation will be
 performed using Pulay DIIS extrapolation
 Exchange:     0.2000 Hartree-Fock + 0.0800 Slater + 0.7200 B88
 Correlation:  0.1900 VWN1RPA + 0.8100 LYP
 Using SG-1 standard quadrature grid
 SCF converges when DIIS error is below 1.0E-08
 using 12 threads for integral computing
 -------------------------------------------------------
 OpenMP Integral computing Module                
 Release: version 1.0, May 2013, Q-Chem Inc. Pittsburgh 
 -------------------------------------------------------
 -------------------------------------------------------
 OpenMP BLAS3 based DFT computing Module                
 Release: version 1.0, May 2013, Q-Chem Inc. Pittsburgh 
 -------------------------------------------------------
 ---------------------------------------
  Cycle       Energy         DIIS Error
 ---------------------------------------
    1    -381.9237697848      1.39E-01
    2    -382.2936857016      3.10E-03
    3    -382.2938864986      3.37E-03
    4    -382.2996520619      1.12E-03
    5    -382.3003056221      3.23E-04
    6    -382.3003614590      3.18E-05
    7    -382.3003620709      4.08E-06
    8    -382.3003620822      8.07E-07
    9    -382.3003620827      2.35E-07
   10    -382.3003620827      1.01E-07
   11    -382.3003620827      8.88E-09 Convergence criterion met
 ---------------------------------------
 SCF time:  CPU 11.93 s  wall 2.26 s
 SCF   energy in the final basis set = -382.30036208
 Total energy in the final basis set = -382.30036208
 
 Direct TDDFT/TDA calculation will be performed
 Exchange:     0.2000 Hartree-Fock + 0.0800 Slater + 0.7200 B88
 Correlation:  0.1900 VWN1RPA + 0.8100 LYP
 Using SG-1 standard quadrature grid
 Triplet excitation energies requested
 Singlet excitation energies requested
 CIS energy converged when residual is below 10e- 6
 ---------------------------------------------------
 Iter    Rts Conv    Rts Left    Ttl Dev     Max Dev
 ---------------------------------------------------
   1         0           5      0.003726    0.001289
   2         0           5      0.000616    0.000297
   3         0           5      0.001152    0.000794
   4         0           5      0.000118    0.000072
   5         1           4      0.000012    0.000007
   6         5           0      0.000002    0.000001    Roots Converged
 ---------------------------------------------------
 Triplets done: starting singlet calculation
 ---------------------------------------------------
 Iter    Rts Conv    Rts Left    Ttl Dev     Max Dev
 ---------------------------------------------------
   7         0           5      0.013668    0.004814
   8         0           5      0.005755    0.002240
   9         0           5      0.003426    0.001907
  10         0           5      0.000835    0.000510
  11         2           3      0.000333    0.000248
  12         3           2      0.000088    0.000066
  13         3           2      0.000015    0.000013
  14         4           1      0.000002    0.000001
  15         5           0      0.000001    0.000001    Roots Converged
 ---------------------------------------------------
 
 ---------------------------------------------------
         TDDFT/TDA Excitation Energies              
 ---------------------------------------------------

 Excited state   1: excitation energy (eV) =    3.6052
 Total energy for state  1:                  -382.16787224 au
    Multiplicity: Triplet
    Trans. Mom.:  0.0000 X   0.0000 Y   0.0000 Z
    Strength   :     0.0000000000
    D( 33) --> V(  3) amplitude = -0.2618
    D( 34) --> V(  2) amplitude = -0.2125
    D( 35) --> V(  1) amplitude =  0.9266

 Excited state   2: excitation energy (eV) =    4.5675
 Total energy for state  2:                  -382.13250870 au
    Multiplicity: Triplet
    Trans. Mom.:  0.0000 X   0.0000 Y   0.0000 Z
    Strength   :     0.0000000000
    D( 32) --> V(  3) amplitude = -0.2631
    D( 33) --> V(  1) amplitude =  0.7012
    D( 33) --> V(  4) amplitude =  0.2381
    D( 35) --> V(  3) amplitude = -0.6096

 Excited state   3: excitation energy (eV) =    4.9905
 Total energy for state  3:                  -382.11696603 au
    Multiplicity: Triplet
    Trans. Mom.:  0.0000 X   0.0000 Y   0.0000 Z
    Strength   :     0.0000000000
    D( 34) --> V(  1) amplitude =  0.7005
    D( 34) --> V(  2) amplitude =  0.2854
    D( 35) --> V(  2) amplitude = -0.6085

 Excited state   4: excitation energy (eV) =    5.0940
 Total energy for state  4:                  -382.11316091 au
    Multiplicity: Triplet
    Trans. Mom.:  0.0000 X   0.0000 Y   0.0000 Z
    Strength   :     0.0000000000
    D( 32) --> V(  1) amplitude =  0.2599
    D( 34) --> V(  1) amplitude = -0.2206
    D( 34) --> V(  2) amplitude =  0.8379
    D( 35) --> V(  2) amplitude =  0.2449

 Excited state   5: excitation energy (eV) =    5.5401
 Total energy for state  5:                  -382.09676681 au
    Multiplicity: Triplet
    Trans. Mom.:  0.0000 X   0.0000 Y   0.0000 Z
    Strength   :     0.0000000000
    D( 34) --> V(  1) amplitude =  0.6650
    D( 35) --> V(  2) amplitude =  0.7378

 Excited state   6: excitation energy (eV) =    5.6388
 Total energy for state  6:                  -382.09314107 au
    Multiplicity: Singlet
    Trans. Mom.: -0.1222 X   0.0442 Y   0.0000 Z
    Strength   :     0.0023322338
    D( 34) --> V(  1) amplitude =  0.7247
    D( 35) --> V(  2) amplitude =  0.6819

 Excited state   7: excitation energy (eV) =    6.0376
 Total energy for state  7:                  -382.07848402 au
    Multiplicity: Singlet
    Trans. Mom.: -2.5216 X   0.0404 Y   0.0000 Z
    Strength   :     0.9407714761
    D( 35) --> V(  1) amplitude =  0.9669

 Excited state   8: excitation energy (eV) =    6.6210
 Total energy for state  8:                  -382.05704427 au
    Multiplicity: Singlet
    Trans. Mom.:  0.0000 X  -0.0000 Y   0.0000 Z
    Strength   :     0.0000000000
    D( 33) --> V(  1) amplitude =  0.7612
    D( 35) --> V(  3) amplitude =  0.6427

 Excited state   9: excitation energy (eV) =    7.3316
 Total energy for state  9:                  -382.03092926 au
    Multiplicity: Singlet
    Trans. Mom.:  0.5413 X  -0.9349 Y   0.0000 Z
    Strength   :     0.2096083769
    D( 32) --> V(  2) amplitude =  0.3718
    D( 34) --> V(  1) amplitude = -0.5918
    D( 34) --> V(  4) amplitude = -0.2492
    D( 35) --> V(  2) amplitude =  0.6527

 Excited state  10: excitation energy (eV) =    7.5567
 Total energy for state 10:                  -382.02265926 au
    Multiplicity: Singlet
    Trans. Mom.: -0.0000 X  -0.0000 Y  -0.0000 Z
    Strength   :     0.0000000000
    D( 33) --> V(  2) amplitude = -0.8857
    D( 34) --> V(  3) amplitude =  0.4536
 
 ---------------------------------------------------
  SETman timing summary (seconds)
  CPU time                26.21s
  System time              0.00s
  Wall time                2.62s
 
 --------------------------------------------------------------
             Orbital Energies (a.u.) and Symmetries
 --------------------------------------------------------------
 
 Alpha MOs, Restricted
 -- Occupied --                  
-10.018 -10.018 -10.008 -10.008 -10.007 -10.007 -10.006 -10.005
  1 Bu    1 Ag    2 Bu    2 Ag    3 Bu    3 Ag    4 Bu    4 Ag                 
 -9.992  -9.992  -0.818  -0.755  -0.721  -0.704  -0.670  -0.585
  5 Ag    5 Bu    6 Ag    6 Bu    7 Ag    7 Bu    8 Bu    8 Ag                 
 -0.561  -0.532  -0.512  -0.462  -0.439  -0.410  -0.400  -0.397
  9 Ag    9 Bu   10 Ag   11 Ag   10 Bu   11 Bu   12 Bu   12 Ag                 
 -0.376  -0.358  -0.349  -0.330  -0.305  -0.295  -0.281  -0.263
 13 Bu   14 Bu   13 Ag    1 Au   15 Bu   14 Ag   15 Ag    1 Bg                 
 -0.216  -0.198  -0.160
  2 Au    2 Bg    3 Bg                                                         
 -- Virtual --                   
  0.050   0.091   0.116   0.181   0.280   0.319   0.330   0.365
  3 Au    4 Au    4 Bg    5 Au    5 Bg   16 Ag   16 Bu   17 Bu                 
  0.370   0.413   0.416   0.422   0.446   0.469   0.496   0.539
 17 Ag   18 Bu   18 Ag   19 Bu   19 Ag   20 Bu   20 Ag   21 Ag                 
  0.571   0.587   0.610   0.627   0.646   0.693   0.743   0.806
 21 Bu   22 Ag   22 Bu   23 Bu   23 Ag   24 Ag   24 Bu   25 Ag                 
  0.816
 25 Bu                                                                         
 
 Beta MOs, Restricted
 -- Occupied --                  
-10.018 -10.018 -10.008 -10.008 -10.007 -10.007 -10.006 -10.005
  1 Bu    1 Ag    2 Bu    2 Ag    3 Bu    3 Ag    4 Bu    4 Ag                 
 -9.992  -9.992  -0.818  -0.755  -0.721  -0.704  -0.670  -0.585
  5 Ag    5 Bu    6 Ag    6 Bu    7 Ag    7 Bu    8 Bu    8 Ag                 
 -0.561  -0.532  -0.512  -0.462  -0.439  -0.410  -0.400  -0.397
  9 Ag    9 Bu   10 Ag   11 Ag   10 Bu   11 Bu   12 Bu   12 Ag                 
 -0.376  -0.358  -0.349  -0.330  -0.305  -0.295  -0.281  -0.263
 13 Bu   14 Bu   13 Ag    1 Au   15 Bu   14 Ag   15 Ag    1 Bg                 
 -0.216  -0.198  -0.160
  2 Au    2 Bg    3 Bg                                                         
 -- Virtual --                   
  0.050   0.091   0.116   0.181   0.280   0.319   0.330   0.365
  3 Au    4 Au    4 Bg    5 Au    5 Bg   16 Ag   16 Bu   17 Bu                 
  0.370   0.413   0.416   0.422   0.446   0.469   0.496   0.539
 17 Ag   18 Bu   18 Ag   19 Bu   19 Ag   20 Bu   20 Ag   21 Ag                 
  0.571   0.587   0.610   0.627   0.646   0.693   0.743   0.806
 21 Bu   22 Ag   22 Bu   23 Bu   23 Ag   24 Ag   24 Bu   25 Ag                 
  0.816
 25 Bu                                                                         
 --------------------------------------------------------------
 
          Ground-State Mulliken Net Atomic Charges

     Atom                 Charge (a.u.)
  ----------------------------------------
      1 C                    -0.004104
      2 C                    -0.079244
      3 C                    -0.077213
      4 C                    -0.004104
      5 C                    -0.079244
      6 C                    -0.077213
      7 H                     0.078761
      8 H                     0.079722
      9 H                     0.078761
     10 H                     0.079722
     11 C                    -0.075269
     12 C                    -0.156380
     13 H                     0.078811
     14 H                     0.078363
     15 H                     0.076553
     16 C                    -0.075269
     17 C                    -0.156380
     18 H                     0.078811
     19 H                     0.078363
     20 H                     0.076553
  ----------------------------------------
  Sum of atomic charges =    -0.000000

 -----------------------------------------------------------------
                    Cartesian Multipole Moments
 -----------------------------------------------------------------
    Charge (ESU x 10^10)
                 0.0000
    Dipole Moment (Debye)
         X      -0.0000      Y      -0.0000      Z       0.0000
       Tot       0.0000
    Quadrupole Moments (Debye-Ang)
        XX     -50.9644     XY      -0.1107     YY     -50.1432
        XZ       0.0000     YZ      -0.0000     ZZ     -58.5742
    Octopole Moments (Debye-Ang^2)
       XXX      -0.0000    XXY       0.0000    XYY      -0.0000
       YYY      -0.0000    XXZ       0.0000    XYZ      -0.0000
       YYZ       0.0000    XZZ      -0.0000    YZZ      -0.0000
       ZZZ       0.0000
    Hexadecapole Moments (Debye-Ang^3)
      XXXX   -1811.1616   XXXY       0.4958   XXYY    -358.4243
      XYYY       3.4692   YYYY    -329.5792   XXXZ       0.0000
      XXYZ      -0.0000   XYYZ      -0.0000   YYYZ       0.0000
      XXZZ    -356.7119   XYZZ      -0.0670   YYZZ     -72.1347
      XZZZ      -0.0000   YZZZ       0.0000   ZZZZ     -47.5456
 -----------------------------------------------------------------
Archival summary:
1\1\smp-n24.crc.pitt.edu\SP\ProcedureUnspecified\STO-3G\1010\shu8\SunFeb716:58:462021SunFeb716:58:462021\0\\#,ProcedureUnspecified,STO-3G,\\0,1\C\C,1,1.3949\H,2,1.09968,1,119.988\C,2,1.39471,1,119.999,3,-180,0\H,4,1.09966,2,120.011,1,-180,0\C,4,1.39516,2,120.009,1,-0,0\C,6,1.3949,4,119.992,2,0,0\H,7,1.09968,6,119.988,4,-180,0\C,7,1.39471,6,119.999,4,-0,0\H,9,1.09966,7,120.011,6,180,0\C,1,1.54016,2,120.005,3,-0,0\H,11,1.09826,1,114.585,2,-180,0\C,11,1.32592,1,122.697,2,0,0\H,13,1.09826,11,122.718,1,0,0\H,13,1.09827,11,122.716,1,180,0\C,6,1.54016,4,120.002,2,-180,0\H,16,1.09826,6,114.585,4,-0,0\C,16,1.32592,6,122.697,4,-180,0\H,18,1.09826,16,122.718,6,-0,0\H,18,1.09827,16,122.716,6,-180,0\\\@

 Total job time:  7.31s(wall), 43.67s(cpu) 
 Sun Feb  7 16:58:46 2021

        *************************************************************
        *                                                           *
        *  Thank you very much for using Q-Chem.  Have a nice day.  *
        *                                                           *
        *************************************************************


0 sent ACK to 0 
now end server 0 ... 
cleanup process ... done
remove work dirs /scratch/slurm-2368815/qchem43411.0 -- /scratch/slurm-2368815/qchem43411.0
rm -rf /scratch/slurm-2368815/qchem43411.0
rm -rf /scratch/slurm-2368815/qchem43411
