
#==============================================================================#
#                                                                              #
#   SSSSS                                                    #########         #
#   SS    EEEE RRR  EEEE N   N II TTTTTT YY  YY          ####################  #
#   SS    E    R  R E    NN  N II   TT    YYYY        ######################## #
#   SSSSS EEEE RRR  EEEE N N N II   TT     YY      #########             ##### #
#      SS E    R R  E    N  NN II   TT     YY   #######       OOOOOOOO         #
#      SS EEEE R  R EEEE N   N II   TT     YY ########      OOOOOOOOOOOO       #
#   SSSSS                                  ########        OOOOOOOOOOOOOO      #
#                                     ###########   OOO    OOOOOOOOOOOOOO      #
# #########                   ###############      OOOOO   OOOOOOOOOOOOOO      #
# ######################################      OO   OOOOO    OOOOOOOOOOOO       #
#       #########################         O   OO    OOO       OOOOOOOO         #
#                                                                              #
#                                                                              #
#                                   Serenity                                   #
#                                                                              #
#                           A quantum chemistry code                           #
#                developed in the group of Johannes Neugebauer                 #
#                        at the University of Münster.                         #
#                                                                              #
#==============================================================================#

  Program Info:
 ---------------
    Version           :   1.6.1
    Git Branch        :   niklas_master_thesis
    Serenity Home     :   /home/lukas/serenity

  Citations:
 ------------
    First publication :
  J. P. Unsleber, T. Dresselhaus, K. Klahr, D. Schnieders, M. Böckers, D. Barton
  and J. Neugebauer, Serenity: A Subsystem Quantum Chemistry Program,
  J. Comput. Chem., 39, 788-798, (2018).

    Update paper      :
  N. Niemeyer, P. Eschenbach, M. Bensberg, J. Toelle, L. Hellmann, L. Lampe,
  A. Massolle, A. Rikus, D. Schnieders, J. P. Unsleber, and J. Neugebauer,
  The subsystem quantum chemistry program Serenity,
  Wiley Interdiscip. Rev. Comput. Mol. Sci., 13, e1647, (2023).

    Libint (2.7.0-b6) :
  Libint: A library for the evaluation of molecular integrals of many-body operators
  over Gaussian functions, v2.7.0-beta6  Edward F. Valeev, http://libint.valeyev.net/ .

    Libxc (6.1.0)     :
  S. Lehtola, C. Steigemann, M. J.T. Oliveira, and M. A.L. Marques.,  SoftwareX 7, 1–5 (2018)
  10.1016/j.softx.2017.11.002

    XCFun (v2.0.2)    :
  Ekström, U. (2020). XCFun: A library of exchange-correlation functionals with
  arbitrary-order derivatives. Zenodo. https://doi.org/10.5281/zenodo.3946698

    Libecpint (1.0.7) :
  R. A. Shaw, J. G. Hill, J. Chem. Phys. 147, 074108 (2017); doi: 10.1063/1.4986887

  Program started:
 ------------------
    Time              :   2025-11-11 20:50:56
    By                :   lukas
    On                :   HOSTNAME UNKNOWN

    Threads           :   12
    Memory Limit      :   2897 MB

          ------------------------------------------------------------          
                                System dvb_td_un                                
          ------------------------------------------------------------          

     Charge:                              0
     Spin:                                0
     Method:                            DFT
     Functional:                      B3LYP
     Basis Set:                      STO-3G
  Current Geometry (Angstrom):
 ------------------------------
        1  C   +0.2786794800   -1.3668316200   +0.0000000000
        2  C   +1.3230304100   -0.4417357500   +0.0000000000
        3  C   +1.0443450600   +0.9248497800   +0.0000000000
        4  C   -0.2786794800   +1.3668316200   +0.0000000000
        5  C   -1.3230304100   +0.4417357500   +0.0000000000
        6  C   -1.0443450600   -0.9248497800   +0.0000000000
        7  H   +2.3659544300   -0.7903772600   +0.0000000000
        8  H   +1.8674609400   +1.6540799700   +0.0000000000
        9  H   -2.3659544300   +0.7903772600   +0.0000000000
       10  H   -1.8674609400   -1.6540799700   +0.0000000000
       11  C   -0.5865916900   +2.8758993100   +0.0000000000
       12  C   +0.3635018800   +3.8007642000   +0.0000000000
       13  H   -1.6564776800   +3.1239431200   +0.0000000000
       14  H   +0.1442956000   +4.8769323500   +0.0000000000
       15  H   +1.4333878800   +3.5527203900   +0.0000000000
       16  C   +0.5865916900   -2.8758993100   +0.0000000000
       17  C   -0.3635018800   -3.8007642000   +0.0000000000
       18  H   +1.6564776800   -3.1239431200   +0.0000000000
       19  H   -0.1442956000   -4.8769323500   +0.0000000000
       20  H   -1.4333878800   -3.5527203900   +0.0000000000



o------------------------------------------------------------------------------o
|                                Running Tasks                                 |
o------------------------------------------------------------------------------o

 o-------------o
 | Task No. 1: |
 o-------------o


          ------------------------------------------------------------          
                                Main SCF Options                                
          ------------------------------------------------------------          

     SCF Mode:                 UNRESTRICTED
     Method:                            DFT
     Functional:                      B3LYP
     Grid Accuracy:                     2/4
     Dispersion Correction:            NONE
     Basis Set:                      STO-3G
     Basis Functions:                    60
     Caching Threshold:                  -1
     Integral Threshold:            5.6e-11

     Energy Threshold:              5.0e-08
     RMSD[D] Threshold:             1.0e-08
     DIIS Threshold:                5.0e-07
     Initial Guess:                 ATOMSCF

     Density Fitting:
       Coulomb                           RI
       Exchange                        NONE
       Long-Range Exchange             NONE
       Correlation                       RI

          ------------------------------------------------------------          
                                      SCF                                       
          ------------------------------------------------------------          

  Constructing an integration grid:
 -----------------------------------
    Total number of grid points (before weight cutoff):    105900
    Total number of grid points (after weight cutoff):     88862
    
  Constructing an integration grid:
 -----------------------------------
    Total number of grid points (before weight cutoff):    37900
    Total number of grid points (after weight cutoff):     33404
    
    Cycle      E/a.u.         abs(dE)/a.u.     rmsd(P)/a.u.       [F,P]/a.u.      time/min   Mode
       1  -381.7459707369              inf              inf         1.31e-01      0:00 
       2  -381.9327522387         1.87e-01         4.66e-03         9.18e-02      0:00:434    D-L
       3  -382.0238970462         9.11e-02         4.56e-03         4.53e-02      0:00:605    -DL
       4  -382.0421517618         1.83e-02         2.84e-03         2.56e-02      0:00:621    -DL
       5  -382.0466464741         4.49e-03         1.70e-03         1.13e-02      0:00:577    -DL
       6  -382.0475009235         8.54e-04         9.54e-04         4.13e-03      0:00:415    -DL
       7  -382.0478959531         3.95e-04         5.72e-04         2.94e-03      0:00:401    -DL
       8  -382.0480781139         1.82e-04         4.09e-04         1.75e-03      0:00:430    -DL
       9  -382.0481940886         1.16e-04         3.74e-04         1.10e-03      0:00:466    -DL
      10  -382.0482521605         5.81e-05         3.63e-04         5.21e-04      0:00:447    -DL
      11  -382.0482593509         7.19e-06         1.32e-04         2.10e-04      0:00:443    -DL
      12  -382.0482603613         1.01e-06         4.10e-05         9.39e-05      0:00:542    -DL
      13  -382.0482606660         3.05e-07         2.28e-05         4.20e-05      0:00:418    -D-
      14  -382.0482607380         7.19e-08         8.23e-06         1.75e-05      0:00:424    -D-
      15  -382.0482607655         2.75e-08         5.20e-06         1.11e-05      0:00:400    -D-
      16  -382.0482607742         8.76e-09         3.31e-06         7.55e-06      0:00:366    -D-
      17  -382.0482607775         3.31e-09         2.30e-06         2.56e-06      0:00:322    -D-
      18  -382.0482607776         5.53e-11         7.12e-07         1.21e-06      0:00:220    -D-
      19  -382.0482607779         2.88e-10         2.17e-07         7.48e-07      0:00:245    -D-
      20  -382.0482607777         1.76e-10         1.17e-07         3.91e-07      0:00:387    -D-
    Converged after  20 cycles. Loop exited.


          ------------------------------------------------------------          
                               Final SCF Results                                
          ------------------------------------------------------------          

Energy components as stored:
Electron Electron Repulsion (with self-interact.):                                   634.2405845229 
Nuclear Repulsion:                                                                   450.0061379780 
One-Particle Energy (including ECPs):                                              -1408.6618201896 
Exchange-Correlation Energy (without HF/MP2 contributions):                          -46.5623050704 
Exact exchange (HF exchange in DFT):                                                 -11.0696854229 
Dispersion Correction (DFT):                                                           0.0000000000 
MP2 correlation (in DFT):                                                              0.0000000000 
PCM Solvation Energy:                                                                  0.0000000000 
----------------------------------------------------------------------------------------------------
Derived energy components:
Two-Particle Energy (DFT):                                                           576.6085940297 
Exchange-Correlation Energy:                                                         -57.6319904932 
Total Energy (DFT):                                                                 -382.0470881820 
----------------------------------------------------------------------------------------------------
    
  Orbital Energies:
 -------------------
Alpha:
        #    Occ.      Hartree                eV   
       ---  ------    ---------            --------
        26   1.00   -0.3541238945       -9.6362020724
        27   1.00   -0.3452888859       -9.3957892400
        28   1.00   -0.3266220703       -8.8878393125
        29   1.00   -0.3016371679       -8.2079654827
        30   1.00   -0.2918555765       -7.9417948209
        31   1.00   -0.2772960418       -7.5456096968
        32   1.00   -0.2595482277       -7.0626670732
        33   1.00   -0.2123911796       -5.7794584226
        34   1.00   -0.1939687487       -5.2781585392
        35   1.00   -0.1564289997       -4.2566499306
        36   0.00   +0.0532451024       +1.4488730481
        37   0.00   +0.0943248621       +2.5667102555
        38   0.00   +0.1201522382       +3.2695089616
        39   0.00   +0.1851406539       +5.0379338440
        40   0.00   +0.2839694225       +7.7272016384
        41   0.00   +0.3228807136       +8.7860318088
        42   0.00   +0.3332441464       +9.0680351813
        43   0.00   +0.3690129592      +10.0413541617
        44   0.00   +0.3738962146      +10.1742343108
        45   0.00   +0.4165088987      +11.3337845162
Beta:
        #    Occ.      Hartree                eV   
       ---  ------    ---------            --------
        26   1.00   -0.3541238963       -9.6362021206
        27   1.00   -0.3452888965       -9.3957895281
        28   1.00   -0.3266220310       -8.8878382410
        29   1.00   -0.3016371642       -8.2079653820
        30   1.00   -0.2918555768       -7.9417948286
        31   1.00   -0.2772960217       -7.5456091502
        32   1.00   -0.2595481510       -7.0626649856
        33   1.00   -0.2123911992       -5.7794589559
        34   1.00   -0.1939687010       -5.2781572437
        35   1.00   -0.1564291511       -4.2566540506
        36   0.00   +0.0532449459       +1.4488687890
        37   0.00   +0.0943249155       +2.5667117079
        38   0.00   +0.1201522246       +3.2695085928
        39   0.00   +0.1851407443       +5.0379363040
        40   0.00   +0.2839694708       +7.7272029521
        41   0.00   +0.3228807487       +8.7860327634
        42   0.00   +0.3332441565       +9.0680354572
        43   0.00   +0.3690129988      +10.0413552414
        44   0.00   +0.3738962084      +10.1742341423
        45   0.00   +0.4165088848      +11.3337841392
    
  Additional Analysis:
 ----------------------

   -<V>/<T> = 2.016 
      <S*S> = 0.000 
    S*(S+1) = 0.000 
          C = 0.000 

    Time taken for task 1: 27.336547673 s.
    
 o-------------o
 | Task No. 2: |
 o-------------o


o------------------------------------------------------------------------------o
|                                    LRSCF                                     |
o------------------------------------------------------------------------------o

 o-------------o
 | LRSCF Info: |
 o-------------o

 System(s):
                       Sys  Stat    nOcc_a    nOcc_b   nVirt_a   nVirt_b     nDim
 -----------------------------------------------------------------------------------
    1            dvb_td_un   act       35       35       25       25     1750 

 Type        :               Isolated 
 NaddKinFunc :                   NONE 
 NaddXCFunc  :                   NONE 


  Set gauge-origin to center of mass.
  Gauge-origin (Angstrom):  -0.0000  -0.0000   0.0000

  Molecular weight:   130.0783

  Nuclear dipole moment:     0.0000    -0.0000     0.0000

 o---------o
 | Kernel: |
 o---------o

  Grid:    4/4

 .. done.

 o------------------o
 | Density Fitting: |
 o------------------o

  Coulomb      :  NONE      
  Exchange     :  NONE      

  Using adaptive prescreening thresholds.

 o--------------------o
 | Eigenvalue Solver: |
 o--------------------o

    Number of sets                        : 2
    Dimension of the eigenvalue problem   : 1750
    Number of roots to be determined      : 5
    Convergence threshold                 : 1e-05
    Maximum number of iterations          : 100
    Maximum subspace dimension            : 1000000

    TDDFT algorithm.
  
   it.    dimension    time (min)    converged     max. norm
 ----------------------------------------------------------------
    1         10          0.061           0      5.86e-02  ( 2)
    2         15          0.038           0      2.15e-02  ( 1)
    3         20          0.023           0      3.69e-02  ( 3)
    4         25          0.020           0      1.21e-02  ( 3)
    5         30          0.020           0      6.52e-03  ( 5)
    6         35          0.016           0      5.91e-04  ( 5)
    7         40          0.011           2      8.87e-05  ( 5)
    8         43          0.010           4      3.65e-05  ( 5)
    9         44          0.008           5      6.03e-06  ( 5)

  Iterative solver converged in   9 iterations.

        TDDFT excitation energies      
 ------------------------------------------
    root        eigenvalue       res norm  
            (a.u.)      (eV)               
 ------------------------------------------
     1    0.1145417   3.11684   2.078e-06
     2    0.1513125   4.11742   4.234e-06
     3    0.1723345   4.68946   4.280e-06
     4    0.1823792   4.96279   1.750e-06
     5    0.2025745   5.51233   6.030e-06

---------------------------------------------------------------------------------------
                                 uTDDFT Summary                                      

---------------------------------------------------------------------------------------
    Convergence Threshold            :          1.0e-05
---------------------------------------------------------------------------------------
                               Dominant Contributions                                  
---------------------------------------------------------------------------------------
 state                      energy                      sys     i         a   |c|^2*100
          (a.u.)       (eV)       (nm)     %singles
---------------------------------------------------------------------------------------
    1    0.114542    3.11684     397.79     100.00       1    35  a    36  a    39.50 
                                                         1    35  b    36  b    39.50 
                                                         1    33  a    38  a     4.47 
                                                         1    33  b    38  b     4.47 
    2    0.151313    4.11742     301.12     100.00       1    33  b    36  b    23.27 
                                                         1    33  a    36  a    23.27 
                                                         1    35  a    38  a    18.46 
                                                         1    35  b    38  b    18.46 
                                                         1    32  a    38  a     4.15 
    3    0.172334    4.68946     264.39     100.00       1    34  a    37  a    30.32 
                                                         1    34  b    37  b    30.32 
                                                         1    32  a    36  a     6.76 
                                                         1    32  b    36  b     6.76 
                                                         1    35  a    39  a     4.40 
                                                         1    35  b    39  b     4.40 
                                                         1    33  b    38  b     4.07 
    4    0.182379    4.96279     249.83     100.00       1    34  b    36  b    25.51 
                                                         1    34  a    36  a    25.51 
                                                         1    35  a    37  a    21.51 
                                                         1    35  b    37  b    21.51 
    5    0.202574    5.51233     224.92     100.00       1    32  a    36  a    11.83 
                                                         1    32  b    36  b    11.83 
                                                         1    34  b    37  b    11.02 
                                                         1    34  a    37  a    11.02 
                                                         1    33  b    38  b    10.37 
                                                         1    33  a    38  a    10.37 
                                                         1    35  a    39  a     6.53 
                                                         1    35  b    39  b     6.53 
                                                         1    35  b    36  b     5.70 
---------------------------------------------------------------------------------------
                                    Delta <S*S>                                        
 state  Delta <S*S> 
---------------------------------------------------------------------------------------
    1    2.000000 
    2    2.000000 
    3    2.000000 
    4    2.000000 
    5    2.000000 
---------------------------------------------------------------------------------------
                          Absorption Spectrum (dipole-length)                          
---------------------------------------------------------------------------------------
 state       energy      wavelength        fosc          Sxx        Syy        Szz     
              (eV)          (nm)           (au)                    (au)                
---------------------------------------------------------------------------------------
   1         3.11684        397.8        0.000000      0.00000    0.00000    0.00000
   2         4.11742        301.1        0.000000      0.00000    0.00000    0.00000
   3         4.68946        264.4        0.000000      0.00000    0.00000    0.00000
   4         4.96279        249.8        0.000000      0.00000    0.00000    0.00000
   5         5.51233        224.9        0.000000      0.00000    0.00000    0.00000
---------------------------------------------------------------------------------------
                         Absorption Spectrum (dipole-velocity)                         
---------------------------------------------------------------------------------------
 state       energy      wavelength        fosc          Sxx        Syy        Szz     
              (eV)          (nm)           (au)                    (au)                
---------------------------------------------------------------------------------------
   1         3.11684        397.8        0.000000      0.00000    0.00000    0.00000
   2         4.11742        301.1        0.000000      0.00000    0.00000    0.00000
   3         4.68946        264.4        0.000000      0.00000    0.00000    0.00000
   4         4.96279        249.8        0.000000      0.00000    0.00000    0.00000
   5         5.51233        224.9        0.000000      0.00000    0.00000    0.00000
---------------------------------------------------------------------------------------
                              CD Spectrum (dipole-length)                              
---------------------------------------------------------------------------------------
 state       energy      wavelength         R            Sxx        Syy        Szz     
              (eV)          (nm)        (1e-40cgs)               (1e-40cgs)            
---------------------------------------------------------------------------------------
   1         3.11684        397.8         -0.0000      0.00000   -0.00000   -0.00000
   2         4.11742        301.1          0.0000     -0.00000    0.00000   -0.00000
   3         4.68946        264.4          0.0000     -0.00000    0.00000    0.00000
   4         4.96279        249.8          0.0000     -0.00000    0.00000    0.00000
   5         5.51233        224.9         -0.0000     -0.00000   -0.00000    0.00000
---------------------------------------------------------------------------------------
                             CD Spectrum (dipole-velocity)                             
---------------------------------------------------------------------------------------
 state       energy      wavelength         R            Sxx        Syy        Szz     
              (eV)          (nm)        (1e-40cgs)               (1e-40cgs)            
---------------------------------------------------------------------------------------
   1         3.11684        397.8         -0.0000      0.00000   -0.00000   -0.00000
   2         4.11742        301.1          0.0000     -0.00000    0.00000    0.00000
   3         4.68946        264.4          0.0000     -0.00000    0.00000    0.00000
   4         4.96279        249.8          0.0000     -0.00000    0.00000    0.00000
   5         5.51233        224.9         -0.0000     -0.00000   -0.00000    0.00000
---------------------------------------------------------------------------------------
                            CD Spectrum (mod. dipole-length)                           
---------------------------------------------------------------------------------------
 state       energy      wavelength         R            Sxx        Syy        Szz     
              (eV)          (nm)        (1e-40cgs)               (1e-40cgs)            
---------------------------------------------------------------------------------------
   1         3.11684        397.8         -0.0000     -0.00000    0.00000    0.00000
   2         4.11742        301.1          0.0000      0.00000   -0.00000   -0.00000
   3         4.68946        264.4          0.0000      0.00000   -0.00000    0.00000
   4         4.96279        249.8          0.0000      0.00000   -0.00000    0.00000
   5         5.51233        224.9         -0.0000     -0.00000    0.00000    0.00000
---------------------------------------------------------------------------------------
    Time taken for task 2: 15.534603693 s.
    

o------------------------------------------------------------------------------o
|                                   Cleanup                                    |
o------------------------------------------------------------------------------o

    All clean and shiny

  Final Timings:
 ----------------
              Active System -     1e-Int Pot.      0:00.071 min
              Active System -    Coulomb Pot.      0:07.297 min
              Active System -   Coul./XC Pot.      0:18.530 min
              Active System -   Exchange Pot.      0:11.218 min
              Active System - Functional Pot.      0:06.298 min
                LRSCF -              Disk I/O      0:00.940 min
                LRSCF -      Dipole Integrals      0:00.040 min
                LRSCF -   Kernel: Contraction      0:01.376 min
                LRSCF -   Kernel: Num. Integ.      0:01.534 min
                LRSCF -   Sigmavector:      J      0:03.678 min
                LRSCF -   Sigmavector:      K      0:01.586 min
                LRSCF -   Sigmavector:   Fock      0:00.020 min
                LRSCF -   Sigmavector: Kernel      0:05.301 min
                LRSCF -  AO-MO Transformation      0:00.137 min
                LRSCF -  Kernel on Grid Eval.      0:02.548 min
                LRSCF - Add/Sym Fock Matrices      0:00.021 min
                LRSCF - Shell-Wise Abs. Calc.      0:00.007 min
               Tech. -           DIIS/Damping      0:00.183 min
               Tech. -           Grid Sorting      0:00.291 min
               Tech. -     Grid Constructions      0:00.099 min
               Tech. -    Basis On Grid Eval.      0:01.848 min
               Tech. -    Fock Matrix Solving      0:00.123 min
               Tech. -    Grid to Matrix Int.      0:01.506 min
               Tech. -  Density On Grid Eval.      0:01.327 min
               Tech. - Libint Initializations      0:15.208 min
               Tech. - XCFun Functional Eval.      0:04.862 min

  Program ended:
 ----------------
    Time:  2025-11-11 20:51:39
    On:    HOSTNAME UNKNOWN
    Time taken for the entire run: 42.888617418 s.
    

