                  Welcome to Q-Chem
     A Quantum Leap Into The Future Of Chemistry


 Q-Chem 4.2, Q-Chem, Inc., Pleasanton, CA (2014).

 Y. Shao,  Z. Gan,  E. Epifanovsky,  A. T. B. Gilbert,  M. Wormit,  
 J. Kussmann,  A. W. Lange,  A. Behn,  J. Deng,  X. Feng,  D. Ghosh,  
 M. Goldey,  P. R. Horn,  L. D. Jacobson,  I. Kaliman,  R. Z. Khaliullin,  
 T. Kus,  A. Landau,  J. Liu,  E. I. Proynov,  Y. M. Rhee,  R. M. Richard,  
 M. A. Rohrdanz,  R. P. Steele,  E. J. Sundstrom,  H. L. Woodcock III,  
 P. M. Zimmerman,  D. Zuev,  B. Albrecht,  E. Alguire,  B. Austin,  
 G. J. O. Beran,  Y. A. Bernard,  E. Berquist,  K. Brandhorst,  
 K. B. Bravaya,  S. T. Brown,  D. Casanova,  C.-M. Chang,  Y. Chen,  
 S. H. Chien,  K. D. Closser,  D. L. Crittenden,  M. Diedenhofen,  
 R. A. DiStasio Jr.,  H. Do,  A. D. Dutoi,  R. G. Edgar,  S. Fatehi,  
 L. Fusti-Molnar,  A. Ghysels,  A. Golubeva-Zadorozhnaya,  J. Gomes,  
 M. W. D. Hanson-Heine,  P. H. P. Harbach,  A. W. Hauser,  E. G. Hohenstein,  
 Z. C. Holden,  T.-C. Jagau,  H. Ji,  B. Kaduk,  K. Khistyaev,  Jaehoon Kim,  
 Jihan Kim,  R. A. King,  P. Klunzinger,  D. Kosenkov,  T. Kowalczyk,  
 C. M. Krauter,  K. U. Lao,  A. Laurent,  K. V. Lawler,  S. V. Levchenko,  
 C. Y. Lin,  F. Liu,  E. Livshits,  R. C. Lochan,  A. Luenser,  P. Manohar,  
 S. F. Manzer,  S.-P. Mao,  N. Mardirossian,  A. V. Marenich,  S. A. Maurer,  
 N. J. Mayhall,  C. M. Oana,  R. Olivares-Amaya,  D. P. O'Neill,  
 J. A. Parkhill,  T. M. Perrine,  R. Peverati,  P. A. Pieniazek,  A. Prociuk,  
 D. R. Rehn,  E. Rosta,  N. J. Russ,  N. Sergueev,  S. M. Sharada,  
 S. Sharma,  D. W. Small,  A. Sodt,  T. Stein,  D. Stuck,  Y.-C. Su,  
 A. J. W. Thom,  T. Tsuchimochi,  L. Vogt,  O. Vydrov,  T. Wang,  
 M. A. Watson,  J. Wenzel,  A. White,  C. F. Williams,  V. Vanovschi,  
 S. Yeganeh,  S. R. Yost,  Z.-Q. You,  I. Y. Zhang,  X. Zhang,  Y. Zhao,  
 B. R. Brooks,  G. K. L. Chan,  D. M. Chipman,  C. J. Cramer,  
 W. A. Goddard III,  M. S. Gordon,  W. J. Hehre,  A. Klamt,  
 H. F. Schaefer III,  M. W. Schmidt,  C. D. Sherrill,  D. G. Truhlar,  
 A. Warshel,  X. Xu,  A. Aspuru-Guzik,  R. Baer,  A. T. Bell,  N. A. Besley,  
 J.-D. Chai,  A. Dreuw,  B. D. Dunietz,  T. R. Furlani,  S. R. Gwaltney,  
 C.-P. Hsu,  Y. Jung,  J. Kong,  D. S. Lambrecht,  W. Liang,  C. Ochsenfeld,  
 V. A. Rassolov,  L. V. Slipchenko,  J. E. Subotnik,  T. Van Voorhis,  
 J. M. Herbert,  A. I. Krylov,  P. M. W. Gill,  M. Head-Gordon

 Contributors to earlier versions of Q-Chem not listed above: 
 R. D. Adamson,  J. Baker,  E. F. C. Byrd,  A. K. Chakraborty,  C.-L. Cheng,  
 H. Dachsel,  R. J. Doerksen,  G. Hawkins,  A. Heyden,  S. Hirata,  
 G. Kedziora,  F. J. Keil,  C. Kelley,  P. P. Korambath,  W. Kurlancheek,  
 A. M. Lee,  M. S. Lee,  D. Liotard,  I. Lotan,  P. E. Maslen,  N. Nair,  
 D. Neuhauser,  R. Olson,  B. Peters,  J. Ritchie,  N. E. Schultz,  
 N. Shenvi,  A. C. Simmonett,  K. S. Thanthiriwatte,  Q. Wu,  W. Zhang

 Q-Chem 4.2.0 for Intel X86 EM64T Linux

 Parts of Q-Chem use Armadillo 4.100.2 (Dirt Cruiser).
 http://arma.sourceforge.net/

 Q-Chem begins on Sun Jul 31 14:04:16 2016  

Host: copper
0

     Scratch files written to /tmp/qchem/qchem15987//
 Apr3014 |home|eric|opt|apps|qchem|trunk_intel_release|libmdc|qstr_info.C -1
Checking the input file for consistency...	...done.

--------------------------------------------------------------
User input:
--------------------------------------------------------------
$rem
 method b3lyp
 basis 6-31g*
 moprop 2
 moprop_diis_dim_ss 5
$end

$molecule
0 1
S          -1.71956        -0.00008        -0.00009
S           1.13397         0.99623         0.32378
S           1.13395        -0.99624        -0.32388
C          -0.51264         1.34934        -0.38930
C          -0.51251        -1.34919         0.38961
H          -0.43862         1.46792        -1.47144
H          -0.87301         2.27578         0.06671
H          -0.43822        -1.46730         1.47178
H          -0.87299        -2.27583        -0.06589
$end
--------------------------------------------------------------
 ----------------------------------------------------------------
             Standard Nuclear Orientation (Angstroms)
    I     Atom           X                Y                Z
 ----------------------------------------------------------------
    1      S       1.7195603122    -0.0000829260     0.0000929987
    2      S      -1.1339676405     0.9962316031    -0.3237811068
    3      S      -1.1339517347    -0.9962393001     0.3238761145
    4      C       0.5126414909     1.3493382558     0.3893025565
    5      C       0.5125091349    -1.3491906577    -0.3896112071
    6      H       0.4386195765     1.4679168524     1.4714425793
    7      H       0.8730136929     2.2757783768    -0.0667054576
    8      H       0.4382210500    -1.4672990424    -1.4717815149
    9      H       0.8729869336    -2.2758318081     0.0658881947
 ----------------------------------------------------------------
 Molecular Point Group                 C1    NOp =  1
 Largest Abelian Subgroup              C1    NOp =  1
 Nuclear Repulsion Energy =   360.5083975396 hartrees
 There are       32 alpha and       32 beta electrons
 Requested basis set is 6-31G(d)
 There are 31 shells and 95 basis functions

Total QAlloc Memory Limit   2000 MB
Mega-Array Size        61 MB
MEM_STATIC part        62 MB

                       Distance Matrix (Angstroms)
             S (  1)   S (  2)   S (  3)   C (  4)   C (  5)   H (  6)
   S (  2)  3.039763
   S (  3)  3.039687  2.095090
   C (  4)  1.851776  1.828796  2.866581
   C (  5)  1.851738  2.866396  1.828790  2.808695
   H (  6)  2.441455  2.432765  3.140375  1.091131  3.377140
   H (  7)  2.429125  2.394014  3.858311  1.093665  3.657134  1.790876
   H (  8)  2.441509  3.139851  2.432696  3.376776  1.091128  4.156689
   H (  9)  2.429002  3.858252  2.394101  3.657363  1.093658  4.022426
             H (  7)   H (  8)
   H (  8)  4.021680
   H (  9)  4.553541  1.790859
 
 A cutoff of  1.0D-08 yielded    456 shell pairs
 There are      4583 function pairs
JobNum = 11
 Smallest overlap matrix eigenvalue = 1.19E-02

  Scale SEOQF with 1.000000e-01/1.000000e-01/1.000000e+00

 Standard Electronic Orientation quadrupole field applied
 Nucleus-field energy     =    -0.0000000020 hartrees
 Guess from superposition of atomic densities
 Warning:  Energy on first SCF cycle will be non-variational
 A restricted hybrid HF-DFT SCF calculation will be
 performed using Pulay DIIS extrapolation
 Exchange:     0.2000 Hartree-Fock + 0.0800 Slater + 0.7200 Becke88
 Correlation:  0.8100 LYP + 0.1900 VWN1RPA
 Using SG-1 standard quadrature grid
 SCF converges when DIIS error is below 1.0E-05
 ---------------------------------------
  Cycle       Energy         DIIS Error
 ---------------------------------------
    1   -1273.9016175212      6.83E-02
    2   -1273.1524031479      4.63E-03
    3   -1273.1434868474      5.41E-03
    4   -1273.1772947190      1.03E-03
    5   -1273.1786492772      1.09E-04
    6   -1273.1786616155      5.95E-05
    7   -1273.1786654700      1.76E-05
    8   -1273.1786655885      3.91E-06 Convergence criterion met
 ---------------------------------------
 SCF time:  CPU 4.28 s  wall 5.19 s
 SCF   energy in the final basis set = -1273.1786655885
 Total energy in the final basis set = -1273.1786655885


      ==================================================== 
      ===                                              === 
      ===      MO-based Calculation of Properties      === 
      ===                                              === 
      ===    J. Kussmann, A. Luenser, C. Ochsenfeld    === 
      ===                                              === 
      ==================================================== 

WARNING: SYMMETRY USAGE disabled in MO-CPSCF for now... 

 --> static polarizability

OV_DIM:  Setting MaxSz  = 2016
OV_DIM:  Setting MaxSpc = 2016
Now forming Dipole-matrix (explicitly)... 
...done! 

  DIIS-Info:
  starting crit.:                        1.0e+00
  Max. dimension of DIIS-subspace:             5
  Mode: cyclic vector sampling, shifting vectors if max. dimension is reached.

  ++++++++++++++++++++++++++++
  ++++ TDSCF  - 1st order ++++
  ++++++++++++++++++++++++++++

  ConvCrit:  1.0e-06       Max. Iter:    50
  Treat Ex/Ey/Ez together...

    FREQUENCY   1:         0.0000000000 a.u.

  ----------------------------------------------------------------------------------------
     Iter              Error Ex           Error Ey          Error Ez          Converged
  ----------------------------------------------------------------------------------------

 =======================================================
   Intermediate polarization tensor
 =======================================================
   ISOTROPIC:       13.75468536
   ANISOTROPIC:     23.81551169
   Trace =          41.26405607
   Full Tensor:
         22.73735291      -0.00152767       0.00111916
         -0.00152767      -0.12581475       6.35506469
          0.00111916       6.35506469      18.65251790
 =======================================================

        0          10000000000.0000000000  (isotropic)


 =======================================================
   Intermediate polarization tensor
 =======================================================
   ISOTROPIC:      139.88735192
   ANISOTROPIC:    105.28154029
   Trace =         419.66205577
   Full Tensor:
        143.25257805       0.00352279      -0.00205554
          0.00352279     197.31095549     -13.88149200
         -0.00205554     -13.88149200      79.09852223
 =======================================================

        1           126.1326665683  (isotropic)


 =======================================================
   Intermediate polarization tensor
 =======================================================
   ISOTROPIC:       88.06273188
   ANISOTROPIC:     51.01449897
   Trace =         264.18819563
   Full Tensor:
         94.32890641      -0.00008041      -0.00011136
          0.00050366     113.40372781      -5.96958190
         -0.00009265      -4.34809369      56.45556141
 =======================================================

        2            51.8246200482  (isotropic)


 =======================================================
   Intermediate polarization tensor
 =======================================================
   ISOTROPIC:       71.70087673
   ANISOTROPIC:     35.48894723
   Trace =         215.10263020
   Full Tensor:
         79.58186789       0.00038663      -0.00009591
          0.00014141      86.95159406      -2.52527664
         -0.00008306      -1.86981904      48.56916825
 =======================================================

        3            16.3618551440  (isotropic)


 =======================================================
   Intermediate polarization tensor
 =======================================================
   ISOTROPIC:       66.96798217
   ANISOTROPIC:     30.16209469
   Trace =         200.90394651
   Full Tensor:
         76.02955431      -0.00061137       0.00022773
         -0.00011315      77.87409035      -1.83509116
          0.00023363      -1.83581079      47.00030185
 =======================================================

        4             4.7328945616  (isotropic)


 =======================================================
   Intermediate polarization tensor
 =======================================================
   ISOTROPIC:       66.06273511
   ANISOTROPIC:     29.07362108
   Trace =         198.18820534
   Full Tensor:
         75.44863757       0.00050866      -0.00004298
         -0.00005304      76.00556277      -1.34424813
         -0.00007344      -1.07478573      46.73400501
 =======================================================

        5             0.9052470567  (isotropic)


 =======================================================
   Intermediate polarization tensor
 =======================================================
   ISOTROPIC:       66.00947123
   ANISOTROPIC:     29.06337788
   Trace =         198.02841369
   Full Tensor:
         75.35759720      -0.00020471       0.00010802
         -0.00017631      75.94263186      -1.72950442
          0.00008474      -1.51842616      46.72818463
 =======================================================

        6             0.0532638846  (isotropic)


 =======================================================
   Intermediate polarization tensor
 =======================================================
   ISOTROPIC:       66.10855819
   ANISOTROPIC:     29.06997172
   Trace =         198.32567458
   Full Tensor:
         75.55849183       0.00001951       0.00009543
         -0.00011318      75.95889052      -1.52307038
          0.00011727      -1.49171106      46.80829223
 =======================================================

        7             0.0990869647  (isotropic)


 =======================================================
   Intermediate polarization tensor
 =======================================================
   ISOTROPIC:       66.09868291
   ANISOTROPIC:     29.08327105
   Trace =         198.29604873
   Full Tensor:
         75.49985836      -0.00024463       0.00009939
         -0.00010426      76.00445599      -1.51233393
          0.00008734      -1.52945994      46.79173438
 =======================================================

        8             0.0098752828  (isotropic)


 =======================================================
   Intermediate polarization tensor
 =======================================================
   ISOTROPIC:       66.09428871
   ANISOTROPIC:     29.08476941
   Trace =         198.28286612
   Full Tensor:
         75.51014846       0.00008086       0.00010186
         -0.00010961      75.98742775      -1.51563036
          0.00010828      -1.51063658      46.78528991
 =======================================================

        9             0.0043942052  (isotropic)


 =======================================================
   Intermediate polarization tensor
 =======================================================
   ISOTROPIC:       66.09651460
   ANISOTROPIC:     29.08197070
   Trace =         198.28954381
   Full Tensor:
         75.50776298      -0.00034273       0.00009461
         -0.00010622      75.99200170      -1.51604645
          0.00009426      -1.51657088      46.78977913
 =======================================================

       10             0.0022258959  (isotropic)


 =======================================================
   Intermediate polarization tensor
 =======================================================
   ISOTROPIC:       66.09508135
   ANISOTROPIC:     29.08238916
   Trace =         198.28524404
   Full Tensor:
         75.50780039       0.00023766       0.00010832
         -0.00010871      75.98947505      -1.51525015
          0.00010321      -1.51592017      46.78796860
 =======================================================

       11             0.0014332555  (isotropic)


 =======================================================
   Intermediate polarization tensor
 =======================================================
   ISOTROPIC:       66.09558183
   ANISOTROPIC:     29.08251764
   Trace =         198.28674549
   Full Tensor:
         75.50798706      -0.00038298       0.00009080
         -0.00010741      75.99039009      -1.51577627
          0.00009738      -1.51499675      46.78836835
 =======================================================

       12             0.0005004840  (isotropic)


 =======================================================
   Intermediate polarization tensor
 =======================================================
   ISOTROPIC:       66.09547407
   ANISOTROPIC:     29.08225926
   Trace =         198.28642221
   Full Tensor:
         75.50793978      -0.00004698       0.00010233
         -0.00010803      75.99002389      -1.51553105
          0.00010001      -1.51577025      46.78845854
 =======================================================

       13             0.0001077599  (isotropic)


 =======================================================
   Intermediate polarization tensor
 =======================================================
   ISOTROPIC:       66.09544793
   ANISOTROPIC:     29.08233979
   Trace =         198.28634380
   Full Tensor:
         75.50789738      -0.00014056       0.00009702
         -0.00010784      75.99007938      -1.51558842
          0.00009919      -1.51547821      46.78836703
 =======================================================

       14             0.0000261387  (isotropic)


 =======================================================
   Intermediate polarization tensor
 =======================================================
   ISOTROPIC:       66.09547264
   ANISOTROPIC:     29.08232018
   Trace =         198.28641793
   Full Tensor:
         75.50793053      -0.00010493       0.00010047
         -0.00010797      75.99007766      -1.51556767
          0.00009951      -1.51559750      46.78840973
 =======================================================

       15             0.0000247098  (isotropic)


 =======================================================
   Intermediate polarization tensor
 =======================================================
   ISOTROPIC:       66.09545619
   ANISOTROPIC:     29.08231518
   Trace =         198.28636857
   Full Tensor:
         75.50791240      -0.00010751       0.00009851
         -0.00010787      75.99006140      -1.51557155
          0.00009941      -1.51555789      46.78839477
 =======================================================

       16             0.0000164516  (isotropic)


 =======================================================
   Intermediate polarization tensor
 =======================================================
   ISOTROPIC:       66.09546489
   ANISOTROPIC:     29.08231956
   Trace =         198.28639467
   Full Tensor:
         75.50792079      -0.00010857       0.00009967
         -0.00010794      75.99007250      -1.51557091
          0.00009945      -1.51557410      46.78840138
 =======================================================

       17             0.0000086998  (isotropic)


 =======================================================
   Intermediate polarization tensor
 =======================================================
   ISOTROPIC:       66.09546259
   ANISOTROPIC:     29.08231956
   Trace =         198.28638778
   Full Tensor:
         75.50791995      -0.00010743       0.00009922
         -0.00010790      75.99006900      -1.51557056
          0.00009944      -1.51557014      46.78839883
 =======================================================

       18             0.0000022967  (isotropic)


 =======================================================
   Intermediate polarization tensor
 =======================================================
   ISOTROPIC:       66.09546354
   ANISOTROPIC:     29.08231914
   Trace =         198.28639063
   Full Tensor:
         75.50791999      -0.00010802       0.00009953
         -0.00010793      75.99007053      -1.51557081
          0.00009944      -1.51557059      46.78840011
 =======================================================

       19             0.0000009506  (isotropic)



  ===== TDSCF converged after 19 iterations... =====


 MO-TDSCF-Part of Polarizability time:  CPU      24.38 s  wall      24.38 s

               ======================================================= 
               ===                                                 === 
               ===                 Polarizability (a.u.)           === 
               ===                                                 === 
               ======================================================= 

   =================================================================================
   =   Frequency:            0.00000000 a.u.    =           0.00000000 eV          =
   =                                            =           0.00000000 x 10^-8 Hz  =
   =   Wavenumber:           0.00000000 cm^(-1)                                    =
   =================================================================================

      ISOTROPIC:     66.09546354          ANISOTROPIC:     29.08231914

      Trace =       198.28639063
      Full Tensor:

                     75.50791999           -0.00010802            0.00009953
                     -0.00010793           75.99007053           -1.51557081
                      0.00009944           -1.51557059           46.78840011


  Dipole moment:
  --------------

                   Ex              Ey              Ez               Total

  (a.u.)       0.22950076      0.00009632     -0.00022593         0.22950089
  (Debye)      0.58333343      0.00024481     -0.00057425         0.58333377



 --- DONE ---

 Hess-Part of Polarizability time:  CPU       0.00 s  wall       0.00 s

      ======================================================== 
      =   LinK/CFMM integral contractions as described in:   = 
      =                                                      = 
      =            J. Kussmann and C. Ochsenfeld,            = 
      =            J. Chem. Phys. DOI: 10.1063/1.2794033     = 
      =            (2007)                                    = 
      ======================================================== 

 MO-PROP time:  CPU 24.38 s  wall 24.39 s 

 Analysis of SCF Wavefunction
 
 --------------------------------------------------------------
                    Orbital Energies (a.u.)
 --------------------------------------------------------------
 
 Alpha MOs
 -- Occupied --
-88.910 -88.910 -88.891 -10.258 -10.258  -7.971  -7.971  -7.952
 -5.937  -5.937  -5.933  -5.933  -5.925  -5.925  -5.917  -5.913
 -5.906  -0.864  -0.765  -0.754  -0.609  -0.609  -0.475  -0.463
 -0.446  -0.403  -0.375  -0.375  -0.320  -0.287  -0.239  -0.232
 -- Virtual --
 -0.052   0.001   0.014   0.046   0.081   0.108   0.113   0.131
  0.135   0.307   0.330   0.332   0.348   0.353   0.365   0.372
  0.390   0.401   0.421   0.422   0.455   0.456   0.511   0.527
  0.572   0.621   0.667   0.682   0.733   0.743   0.778   0.817
  0.827   0.857   0.858   0.887   0.892   0.904   0.912   0.941
  0.970   0.976   1.019   1.050   1.087   1.183   1.282   1.373
  1.695   1.705   1.733   1.750   2.059   2.121   2.125   2.173
  2.210   2.236   3.793   3.922   3.926   4.172   4.181
 --------------------------------------------------------------
 
          Ground-State Mulliken Net Atomic Charges

     Atom                 Charge (a.u.)
  ----------------------------------------
      1 S                     0.144021
      2 S                     0.064899
      3 S                     0.064897
      4 C                    -0.579881
      5 C                    -0.579946
      6 H                     0.224715
      7 H                     0.218267
      8 H                     0.224741
      9 H                     0.218286
  ----------------------------------------
  Sum of atomic charges =    -0.000000

 -----------------------------------------------------------------
                    Cartesian Multipole Moments
 -----------------------------------------------------------------
    Charge (ESU x 10^10)
                -0.0000
    Dipole Moment (Debye)
         X       0.5833      Y       0.0002      Z      -0.0006
       Tot       0.5833
    Quadrupole Moments (Debye-Ang)
        XX     -56.3303     XY       0.0004     YY     -45.4127
        XZ      -0.0003     YZ       1.9026     ZZ     -53.0809
    Octopole Moments (Debye-Ang^2)
       XXX      -7.0751    XXY       0.0002    XYY       9.5640
       YYY      -0.0015    XXZ       0.0015    XYZ       2.0097
       YYZ      -0.0015    XZZ      -0.4678    YZZ       0.0009
       ZZZ      -0.0018
    Hexadecapole Moments (Debye-Ang^3)
      XXXX    -529.3412   XXXY      -0.0003   XXYY    -150.2095
      XYYY      -0.0027   YYYY    -350.3332   XXXZ       0.0022
      XXYZ       0.1850   XYYZ      -0.0010   YYYZ      -4.9214
      XXZZ    -110.7674   XYZZ       0.0028   YYZZ     -80.6813
      XZZZ      -0.0010   YZZZ       8.6936   ZZZZ    -108.8981
 -----------------------------------------------------------------
Archival summary:
1\1\copper\SP\ProcedureUnspecified\6-31G*\324\eric\SunJul3114:04:492016SunJul3114:04:492016\0\\#,ProcedureUnspecified,6-31G*,\\0,1\S\C,1,1.8288\H,2,1.09113,1,110.28\H,2,1.09366,1,107.317,3,119.944,0\S,2,1.85178,1,111.357,3,-121.626,0\C,5,1.85174,2,98.6443,1,20.1531,0\H,6,1.09113,5,109.388,2,-101.948,0\H,6,1.09366,5,108.348,2,138.005,0\S,6,1.82879,5,111.355,2,20.1958,0\\\@

 Total job time:  32.39s(wall), 28.74s(cpu) 
 Sun Jul 31 14:04:49 2016

        *************************************************************
        *                                                           *
        *  Thank you very much for using Q-Chem.  Have a nice day.  *
        *                                                           *
        *************************************************************


