
Running Job 1 of 1 water_hf_solvent_sm12_cm5.in
qchem water_hf_solvent_sm12_cm5.in_1757569.0 /tmp/qchem/qchem1757569/ 0
/home/eric/data/opt/apps/qchem/release/6.0.1.2/exe/qcprog.exe_s water_hf_solvent_sm12_cm5.in_1757569.0 /tmp/qchem/qchem1757569/
                  Welcome to Q-Chem
     A Quantum Leap Into The Future Of Chemistry


 Q-Chem 6.0, Q-Chem, Inc., Pleasanton, CA (2022)

 E. Epifanovsky,  A. T. B. Gilbert,  Xintian Feng,  Joonho Lee,  Yuezhi Mao,  
 N. Mardirossian,  P. Pokhilko,  A. White,  M. Wormit,  M. P. Coons,  
 A. L. Dempwolff,  Zhengting Gan,  D. Hait,  P. R. Horn,  L. D. Jacobson,  
 I. Kaliman,  J. Kussmann,  A. W. Lange,  Ka Un Lao,  D. S. Levine,  Jie Liu,  
 S. C. McKenzie,  A. F. Morrison,  K. Nanda,  F. Plasser,  D. R. Rehn,  
 M. L. Vidal,  Zhi-Qiang You,  Ying Zhu,  B. Alam,  B. Albrecht,  
 A. Aldossary,  E. Alguire,  J. H. Andersen,  V. Athavale,  D. Barton,  
 K. Begam,  A. Behn,  N. Bellonzi,  Y. A. Bernard,  E. J. Berquist,  
 H. Burton,  A. Carreras,  K. Carter-Fenk,  Romit Chakraborty,  
 Chandrima Chakravarty,  Junhan Chen,  A. D. Chien,  K. D. Closser,  
 V. Cofer-Shabica,  L. Cunha,  S. Dasgupta,  Jia Deng,  M. de Wergifosse,  
 M. Diedenhofen,  Hainam Do,  S. Ehlert,  Po-Tung Fang,  S. Fatehi,  
 Qingguo Feng,  T. Friedhoff,  B. Ganoe,  J. Gayvert,  Qinghui Ge,  
 G. Gidofalvi,  M. Goldey,  J. Gomes,  C. Gonzalez-Espinoza,  S. Gulania,  
 A. Gunina,  J. A. Gyamfi,  M. W. D. Hanson-Heine,  P. H. P. Harbach,  
 A. W. Hauser,  M. F. Herbst,  M. Hernandez Vera,  M. Hodecker,  
 Z. C. Holden,  S. Houck,  Xunkun Huang,  Kerwin Hui,  B. C. Huynh,  
 K. Ikeda,  M. Ivanov,  Hyunjun Ji,  Zuxin Jin,  Hanjie Jiang,  B. Kaduk,  
 S. Kaehler,  R. Kang,  K. Khistyaev,  Jaehoon Kim,  Yongbin Kim,  
 P. Klunzinger,  Z. Koczor-Benda,  Joong Hoon Koh,  D. Kosenkov,  
 Saikiran Kotaru,  L. Koulias,  T. Kowalczyk,  C. M. Krauter,  K. Kue,  
 A. Kunitsa,  T. Kus,  A. Landau,  K. V. Lawler,  D. Lefrancois,  S. Lehtola,  
 Rain Li,  Shaozhi Li,  Yi-Pei Li,  Jiashu Liang,  M. Liebenthal,  
 Hung-Hsuan Lin,  You-Sheng Lin,  Fenglai Liu,  Kuan-Yu Liu,  
 M. Loipersberger,  A. Luenser,  C. Malbon,  A. Manjanath,  P. Manohar,  
 E. Mansoor,  S. F. Manzer,  Shan-Ping Mao,  A. V. Marenich,  T. Markovich,  
 S. Mason,  F. Matz,  S. A. Maurer,  P. F. McLaughlin,  M. F. S. J. Menger,  
 J.-M. Mewes,  S. A. Mewes,  P. Morgante,  Mohammad Mostafanejad,  
 J. W. Mullinax,  K. J. Oosterbaan,  G. Paran,  V. Parravicini,  
 Alexander C. Paul,  Suranjan K. Paul,  F. Pavosevic,  Zheng Pei,  S. Prager,  
 E. I. Proynov,  E. Ramos,  B. Rana,  A. E. Rask,  A. Rettig,  R. M. Richard,  
 F. Rob,  E. Rossomme,  T. Scheele,  M. Scheurer,  M. Schneider,  
 P. E. Schneider,  N. Sergueev,  S. M. Sharada,  Hengyuan Shen,  
 W. Skomorowski,  D. W. Small,  C. J. Stein,  Yingli Su,  Yu-Chuan Su,  
 E. J. Sundstrom,  Zhen Tao,  J. Thirman,  Hung-Yi Tsai,  T. Tsuchimochi,  
 N. M. Tubman,  C. Utku,  S. P. Veccham,  O. Vydrov,  J. Wenzel,  
 Jonathan Wong,  J. Witte,  A. Yamada,  Chou-Hsun Yang,  Kun Yao,  
 S. Yeganeh,  S. R. Yost,  A. Zech,  F. Zeller,  Igor Ying Zhang,  
 Xing Zhang,  Yu Zhang,  D. Zuev,  A. Aspuru-Guzik,  A. T. Bell,  
 N. A. Besley,  K. B. Bravaya,  B. R. Brooks,  D. Casanova,  Jeng-Da Chai,  
 Hsing-Ta Chen,  S. Coriani,  C. J. Cramer,  A. E. DePrince, III,  
 R. A. DiStasio Jr.,  A. Dreuw,  B. D. Dunietz,  T. R. Furlani,  
 W. A. Goddard III,  S. Grimme,  S. Hammes-Schiffer,  T. Head-Gordon,  
 W. J. Hehre,  Chao-Ping Hsu,  T.-C. Jagau,  Yousung Jung,  A. Klamt,  
 Jing Kong,  D. S. Lambrecht,  Xiangyuan Li,  WanZhen Liang,  N. J. Mayhall,  
 C. W. McCurdy,  J. B. Neaton,  T. Neudecker,  C. Ochsenfeld,  
 J. A. Parkhill,  R. Peverati,  V. A. Rassolov,  Haisheng Ren,  Yihan Shao,  
 L. V. Slipchenko,  R. P. Steele,  J. E. Subotnik,  A. J. W. Thom,  
 A. Tkatchenko,  D. G. Truhlar,  T. Van Voorhis,  Fan Wang,  
 T. A. Wesolowski,  K. B. Whaley,  H. L. Woodcock III,  P. M. Zimmerman,  
 S. Faraji,  P. M. W. Gill,  M. Head-Gordon,  J. M. Herbert,  A. I. Krylov

 Contributors to earlier versions of Q-Chem not listed above: 
 R. D. Adamson,  B. Austin,  R. Baer,  J. Baker,  G. J. O. Beran,  
 K. Brandhorst,  S. T. Brown,  E. F. C. Byrd,  Arup K. Chakraborty,  
 G. K. L. Chan,  Chun-Min Chang,  Yunqing Chen,  C.-L. Cheng,  
 Siu Hung Chien,  D. M. Chipman,  D. L. Crittenden,  H. Dachsel,  
 R. J. Doerksen,  A. D. Dutoi,  R. G. Edgar,  J. Fosso-Tande,  
 L. Fusti-Molnar,  D. Ghosh,  A. Ghysels,  A. Golubeva-Zadorozhnaya,  
 J. Gonthier,  M. S. Gordon,  S. R. Gwaltney,  G. Hawkins,  J. E. Herr,  
 A. Heyden,  S. Hirata,  E. G. Hohenstein,  G. Kedziora,  F. J. Keil,  
 C. Kelley,  Jihan Kim,  R. A. King,  R. Z. Khaliullin,  P. P. Korambath,  
 W. Kurlancheek,  A. Laurent,  A. M. Lee,  M. S. Lee,  S. V. Levchenko,  
 Ching Yeh Lin,  D. Liotard,  E. Livshits,  R. C. Lochan,  I. Lotan,  
 L. A. Martinez-Martinez,  P. E. Maslen,  N. Nair,  D. P. O'Neill,  
 D. Neuhauser,  E. Neuscamman,  C. M. Oana,  R. Olivares-Amaya,  R. Olson,  
 T. M. Perrine,  B. Peters,  P. A. Pieniazek,  A. Prociuk,  Y. M. Rhee,  
 J. Ritchie,  M. A. Rohrdanz,  E. Rosta,  N. J. Russ,  H. F. Schaefer III,  
 M. W. Schmidt,  N. E. Schultz,  S. Sharma,  N. Shenvi,  C. D. Sherrill,  
 A. C. Simmonett,  A. Sodt,  T. Stein,  D. Stuck,  K. S. Thanthiriwatte,  
 V. Vanovschi,  L. Vogt,  Tao Wang,  A. Warshel,  M. A. Watson,  
 C. F. Williams,  Q. Wu,  X. Xu,  Jun Yang,  W. Zhang,  Yan Zhao

   Please cite Q-Chem as follows:
  "Software for the frontiers of quantum chemistry:
   An overview of developments in the Q-Chem 5 package"
   J. Chem. Phys. 155, 084801 (2021)
   https://doi.org/10.1063/5.0055522 (open access)

 Q-Chem 6.0.0 for Intel X86 EM64T Linux

 Parts of Q-Chem use Armadillo 9.900.5 (Nocturnal Misbehaviour).
 http://arma.sourceforge.net/

 Q-Chem begins on Sun Jun 25 15:08:19 2023  

 Host: 
0

     Scratch files written to /tmp/qchem/qchem1757569//
 Aug1822 |scratch|qcdevops|jenkins|workspace|build_RNUM 6466   
 Processing $rem in /home/eric/data/opt/apps/qchem/release/6.0.1.2/config/preferences:
 Processing $rem in /home/eric/.qchemrc:
 Symmetry turned off for PCM/SM12/SMD calculation

 Checking the input file for inconsistencies... 	...done.

--------------------------------------------------------------
User input:
--------------------------------------------------------------
$molecule
0 1
O
H 1 R1
H 1 R1 2 A1

R1=0.99
A1=106.0
$end

$rem
method = hf
basis = sto-3g
gui = 2
solvent_method = sm12
$end

$smx
solvent toluene
charges cm5
$end
--------------------------------------------------------------
 ----------------------------------------------------------------
             Standard Nuclear Orientation (Angstroms)
    I     Atom           X                Y                Z
 ----------------------------------------------------------------
    1      O       0.0000000000     0.0000000000     0.0000000000
    2      H       0.0000000000     0.0000000000     0.9900000000
    3      H       0.9516490790     0.0000000000    -0.2728809823
 ----------------------------------------------------------------
 Nuclear Repulsion Energy =           8.88700626 hartrees
 There are        5 alpha and        5 beta electrons
 Requested basis set is STO-3G
 There are 4 shells and 7 basis functions

 Total QAlloc Memory Limit   8000 MB
 Mega-Array Size       188 MB
 MEM_STATIC part       192 MB


                       Distance Matrix (Angstroms)
             O (  1)   H (  2)
   H (  2)  0.990000
   H (  3)  0.990000  1.581298
 
 A cutoff of  1.0D-09 yielded     10 shell pairs
 There are        34 function pairs
 Smallest overlap matrix eigenvalue = 3.64E-01

 Scale SEOQF with 1.000000e+00/1.000000e+00/1.000000e+00

 Standard Electronic Orientation quadrupole field applied
 Nucleus-field energy     =    -0.0000000008 hartrees
 ================ Generating on-the-fly SAD Guess ================
 Attempting to make child job directory: /tmp/qchem/qchem1757569//Frg1/
 Attempting to make child job directory: /tmp/qchem/qchem1757569//Frg2/
 Creating input file /tmp/qchem/qchem1757569/Frg1.input
 using default PutDataFrgm: nothing
 calling putenv with: QCSCRATCH=/tmp/qchem/qchem1757569/ 
 calling putenv with: BRIANQC_ENABLE=0 
 Spawning Job For Fragment 0
 Done Job For Fragment 0
 calling putenv with: QCSCRATCH=/tmp/qchem 
 calling putenv with: QCTHREADS=1 
 Creating input file /tmp/qchem/qchem1757569/Frg2.input
 using default PutDataFrgm: nothing
 calling putenv with: QCSCRATCH=/tmp/qchem/qchem1757569/ 
 calling putenv with: BRIANQC_ENABLE=0 
 Spawning Job For Fragment 1
 Done Job For Fragment 1
 calling putenv with: QCSCRATCH=/tmp/qchem 
 calling putenv with: QCTHREADS=1 
 Time for running child jobs:  CPU 0.00 s  wall 0.14 s
 ============= Method Specific SAD Guess Constructed =============
 Guess from on-the-fly superposition of atomic densities
 Warning: Energy on first SCF cycle will be non-variational

 -----------------------------------------------------------------------
  General SCF calculation program by
  Eric Jon Sundstrom, Paul Horn, Yuezhi Mao, Dmitri Zuev, Alec White,
  David Stuck, Shaama M.S., Shane Yost, Joonho Lee, David Small,
  Daniel Levine, Susi Lehtola, Hugh Burton, Evgeny Epifanovsky,
  Bang C. Huynh
 -----------------------------------------------------------------------
 Hartree-Fock
 
 SM12 calculation using CM5 charges
 Citation of the SM12 model:
 Marenich, A.V.; Cramer, C.J.; Truhlar, D.G.
 J. Chem. Theory Comput. 2013, 9, 609-612.
 iSolventCode=         168
 Solvent: toluene                                                         
 
Hirshfeld: reading atomic densities from disk.
warning:  vdwdata pointer should have been initialzed before dftman

 Charges (in A.U.) from CM5PAC (Nov. 11, 2011)
 -----------------------------------------------
 Center     Atomic      CM5         Hirshfeld
 Number     Number      Charge      Charge
 -----------------------------------------------
    1          8       -0.310280    0.000014
    2          1        0.155146   -0.000001
    3          1        0.155149    0.000002
 -----------------------------------------------

 Dipole moment (in Debye)
 -----------------------------------------------
                 X        Y        Z     Total
 -----------------------------------------------
 CM5          0.7092   0.0000   0.5344   0.8880
 Hirshfeld    0.0000   0.0000  -0.0000   0.0000
 -----------------------------------------------

 A restricted SCF calculation will be
 performed using DIIS
 SCF converges when DIIS error is below 1.0e-05
 ---------------------------------------
  Cycle       Energy         DIIS error
 ---------------------------------------
Hirshfeld: reading atomic densities from disk.

 Charges (in A.U.) from CM5PAC (Nov. 11, 2011)
 -----------------------------------------------
 Center     Atomic      CM5         Hirshfeld
 Number     Number      Charge      Charge
 -----------------------------------------------
    1          8       -0.778798   -0.468504
    2          1        0.389405    0.234258
    3          1        0.389407    0.234260
 -----------------------------------------------

 Dipole moment (in Debye)
 -----------------------------------------------
                 X        Y        Z     Total
 -----------------------------------------------
 CM5          1.7800   0.0000   1.3413   2.2288
 Hirshfeld    1.0708   0.0000   0.8069   1.3408
 -----------------------------------------------

    1     -74.6004034463      3.98e-01  
Hirshfeld: reading atomic densities from disk.

 Charges (in A.U.) from CM5PAC (Nov. 11, 2011)
 -----------------------------------------------
 Center     Atomic      CM5         Hirshfeld
 Number     Number      Charge      Charge
 -----------------------------------------------
    1          8       -0.532575   -0.222281
    2          1        0.266294    0.111147
    3          1        0.266295    0.111148
 -----------------------------------------------

 Dipole moment (in Debye)
 -----------------------------------------------
                 X        Y        Z     Total
 -----------------------------------------------
 CM5          1.2172   0.0000   0.9172   1.5241
 Hirshfeld    0.5081   0.0000   0.3828   0.6362
 -----------------------------------------------

    2     -74.9221365792      6.59e-02  
Hirshfeld: reading atomic densities from disk.

 Charges (in A.U.) from CM5PAC (Nov. 11, 2011)
 -----------------------------------------------
 Center     Atomic      CM5         Hirshfeld
 Number     Number      Charge      Charge
 -----------------------------------------------
    1          8       -0.545786   -0.235492
    2          1        0.272899    0.117753
    3          1        0.272900    0.117754
 -----------------------------------------------

 Dipole moment (in Debye)
 -----------------------------------------------
                 X        Y        Z     Total
 -----------------------------------------------
 CM5          1.2474   0.0000   0.9400   1.5619
 Hirshfeld    0.5383   0.0000   0.4056   0.6740
 -----------------------------------------------

    3     -74.9639668614      7.73e-03  
Hirshfeld: reading atomic densities from disk.

 Charges (in A.U.) from CM5PAC (Nov. 11, 2011)
 -----------------------------------------------
 Center     Atomic      CM5         Hirshfeld
 Number     Number      Charge      Charge
 -----------------------------------------------
    1          8       -0.545152   -0.234858
    2          1        0.272583    0.117436
    3          1        0.272583    0.117437
 -----------------------------------------------

 Dipole moment (in Debye)
 -----------------------------------------------
                 X        Y        Z     Total
 -----------------------------------------------
 CM5          1.2460   0.0000   0.9389   1.5601
 Hirshfeld    0.5368   0.0000   0.4045   0.6721
 -----------------------------------------------

    4     -74.9642927454      1.56e-03  
Hirshfeld: reading atomic densities from disk.

 Charges (in A.U.) from CM5PAC (Nov. 11, 2011)
 -----------------------------------------------
 Center     Atomic      CM5         Hirshfeld
 Number     Number      Charge      Charge
 -----------------------------------------------
    1          8       -0.545154   -0.234860
    2          1        0.272583    0.117436
    3          1        0.272584    0.117437
 -----------------------------------------------

 Dipole moment (in Debye)
 -----------------------------------------------
                 X        Y        Z     Total
 -----------------------------------------------
 CM5          1.2460   0.0000   0.9389   1.5601
 Hirshfeld    0.5368   0.0000   0.4045   0.6722
 -----------------------------------------------

    5     -74.9643137317      2.87e-05  
    6     -74.9643136417      6.19e-06  Convergence criterion met
 ---------------------------------------
 SCF time:   CPU 0.11s  wall 0.00s 
(1)  E-EN(liq) elect-nuc energy of solute                -74.964313642 a.u.
(2)  G-P(liq) polarization free energy of solvation            -0.8173 kcal/mol
(3)  G-ENP(liq) elect-nuc-pol free energy of system      -74.965616036 a.u.
(4)  G-CDS(liq) cavity-dispersion-solvent structure 
     free energy                                               -2.1899 kcal/mol
(5)  G-P-CDS(liq) = G-P(liq) + G-CDS(liq) = (2) + (4)          -3.0071 kcal/mol
(6)  G-S(liq) free energy of system = (1) + (5)          -74.969105792 a.u.
 SCF   energy in the final basis set =      -74.9691057924
 Total energy in the final basis set =      -74.9691057924
 
 --------------------------------------------------------------
 
                    Orbital Energies (a.u.)
 --------------------------------------------------------------
 
 Alpha MOs
 -- Occupied --
-20.2395  -1.2482  -0.6004  -0.4434  -0.3863
 -- Virtual --
  0.5739   0.7118
 --------------------------------------------------------------
 
          Ground-State Mulliken Net Atomic Charges

     Atom                 Charge (a.u.)
  ----------------------------------------
      1 O                    -0.346819
      2 H                     0.173410
      3 H                     0.173410
  ----------------------------------------
  Sum of atomic charges =     0.000000

 -----------------------------------------------------------------
                    Cartesian Multipole Moments
 -----------------------------------------------------------------
    Charge (ESU x 10^10)
                 0.0000
    Dipole Moment (Debye)
         X       1.3510      Y       0.0000      Z       1.0180
       Tot       1.6916
    Quadrupole Moments (Debye-Ang)
        XX      -4.7385     XY      -0.0000     YY      -6.1182
        XZ      -0.3524     YZ      -0.0000     ZZ      -4.5364
    Octopole Moments (Debye-Ang^2)
       XXX      -0.7873    XXY       0.0000    XYY      -0.5906
       YYY       0.0000    XXZ      -0.7029    XYZ      -0.0000
       YYZ      -0.4450    XZZ      -0.4983    YZZ       0.0000
       ZZZ      -0.2659
    Hexadecapole Moments (Debye-Ang^3)
      XXXX      -5.3635   XXXY       0.0000   XXYY      -1.6272
      XYYY      -0.0000   YYYY      -3.2576   XXXZ       0.1972
      XXYZ      -0.0000   XYYZ       0.1702   YYYZ      -0.0000
      XXZZ      -2.1649   XYZZ      -0.0000   YYZZ      -1.7249
      XZZZ       0.4892   YZZZ      -0.0000   ZZZZ      -5.7572
 -----------------------------------------------------------------
 Total job time:  0.28s(wall), 0.13s(cpu) 
 Sun Jun 25 15:08:19 2023

        *************************************************************
        *                                                           *
        *  Thank you very much for using Q-Chem.  Have a nice day.  *
        *                                                           *
        *************************************************************


