

     ************************************************************************
     *************** Dalton - An Electronic Structure Program ***************
     ************************************************************************

    This is output from DALTON 2015.0
   ----------------------------------------------------------------------------
    NOTE:
     
    Dalton is an experimental code for the evaluation of molecular
    properties using (MC)SCF, DFT, CI, and CC wave functions.
    The authors accept no responsibility for the performance of
    the code or for the correctness of the results.
     
    The code (in whole or part) is provided under a licence and
    is not to be reproduced for further distribution without
    the written permission of the authors or their representatives.
     
    See the home page "http://daltonprogram.org" for further information.
     
    If results obtained with this code are published,
    the appropriate citations would be both of:
     
       K. Aidas, C. Angeli, K. L. Bak, V. Bakken, R. Bast,
       L. Boman, O. Christiansen, R. Cimiraglia, S. Coriani,
       J. Cukras, P. Dahle, E. K. Dalskov, U. Ekstroem,
       T. Enevoldsen, J. J. Eriksen, P. Ettenhuber, B. Fernandez,
       L. Ferrighi, H. Fliegl, L. Frediani, K. Hald, A. Halkier,
       C. Haettig, H. Heiberg, T. Helgaker, A. C. Hennum,
       H. Hettema, E. Hjertenaes, S. Hoest, I.-M. Hoeyvik,
       M. F. Iozzi, B. Jansik, H. J. Aa. Jensen, D. Jonsson,
       P. Joergensen, M. Kaminski, J. Kauczor, S. Kirpekar,
       T. Kjaergaard, W. Klopper, S. Knecht, R. Kobayashi, H. Koch,
       J. Kongsted, A. Krapp, K. Kristensen, A. Ligabue,
       O. B. Lutnaes, J. I. Melo, K. V. Mikkelsen, R. H. Myhre,
       C. Neiss, C. B. Nielsen, P. Norman, J. Olsen,
       J. M. H. Olsen, A. Osted, M. J. Packer, F. Pawlowski,
       T. B. Pedersen, P. F. Provasi, S. Reine, Z. Rinkevicius,
       T. A. Ruden, K. Ruud, V. Rybkin, P. Salek, C. C. M. Samson,
       A. Sanchez de Meras, T. Saue, S. P. A. Sauer,
       B. Schimmelpfennig, K. Sneskov, A. H. Steindal,
       K. O. Sylvester-Hvid, P. R. Taylor, A. M. Teale,
       E. I. Tellgren, D. P. Tew, A. J. Thorvaldsen, L. Thoegersen,
       O. Vahtras, M. A. Watson, D. J. D. Wilson, M. Ziolkowski
       and H. Agren,
       "The Dalton quantum chemistry program system",
       WIREs Comput. Mol. Sci. 2013. (doi: 10.1002/wcms.1172)
    
    and
    
       Dalton, a Molecular Electronic Structure Program,
       Release DALTON2014.0 (2015), see http://daltonprogram.org
   ----------------------------------------------------------------------------

    Authors in alphabetical order (major contribution(s) in parenthesis):

  Kestutis Aidas,           Vilnius University,           Lithuania   (QM/MM)
  Celestino Angeli,         University of Ferrara,        Italy       (NEVPT2)
  Keld L. Bak,              UNI-C,                        Denmark     (AOSOPPA, non-adiabatic coupling, magnetic properties)
  Vebjoern Bakken,          University of Oslo,           Norway      (DALTON; geometry optimizer, symmetry detection)
  Radovan Bast,             KTH Stockholm,                Sweden      (DALTON installation and execution frameworks)
  Pablo Baudin,             University of Valencia,       Spain       (Cholesky excitation energies)
  Linus Boman,              NTNU,                         Norway      (Cholesky decomposition and subsystems)
  Ove Christiansen,         Aarhus University,            Denmark     (CC module)
  Renzo Cimiraglia,         University of Ferrara,        Italy       (NEVPT2)
  Sonia Coriani,            University of Trieste,        Italy       (CC module, MCD in RESPONS)
  Janusz Cukras,            University of Trieste,        Italy       (MChD in RESPONS)
  Paal Dahle,               University of Oslo,           Norway      (Parallelization)
  Erik K. Dalskov,          UNI-C,                        Denmark     (SOPPA)
  Thomas Enevoldsen,        Univ. of Southern Denmark,    Denmark     (SOPPA)
  Janus J. Eriksen,         Aarhus University,            Denmark     (Polarizable embedding model, TDA)
  Berta Fernandez,          U. of Santiago de Compostela, Spain       (doublet spin, ESR in RESPONS)
  Lara Ferrighi,            Aarhus University,            Denmark     (PCM Cubic response)
  Heike Fliegl,             University of Oslo,           Norway      (CCSD(R12))
  Luca Frediani,            UiT The Arctic U. of Norway,  Norway      (PCM)
  Bin Gao,                  UiT The Arctic U. of Norway,  Norway      (Gen1Int library)
  Christof Haettig,         Ruhr-University Bochum,       Germany     (CC module)
  Kasper Hald,              Aarhus University,            Denmark     (CC module)
  Asger Halkier,            Aarhus University,            Denmark     (CC module)
  Erik D. Hedegaard,        Univ. of Southern Denmark,    Denmark     (Polarizable embedding model, QM/MM)
  Hanne Heiberg,            University of Oslo,           Norway      (geometry analysis, selected one-electron integrals)
  Trygve Helgaker,          University of Oslo,           Norway      (DALTON; ABACUS, ERI, DFT modules, London, and much more)
  Alf Christian Hennum,     University of Oslo,           Norway      (Parity violation)
  Hinne Hettema,            University of Auckland,       New Zealand (quadratic response in RESPONS; SIRIUS supersymmetry)
  Eirik Hjertenaes,         NTNU,                         Norway      (Cholesky decomposition)
  Maria Francesca Iozzi,    University of Oslo,           Norway      (RPA)
  Brano Jansik              Technical Univ. of Ostrava    Czech Rep.  (DFT cubic response)
  Hans Joergen Aa. Jensen,  Univ. of Southern Denmark,    Denmark     (DALTON; SIRIUS, RESPONS, ABACUS modules, London, and much more)
  Dan Jonsson,              UiT The Arctic U. of Norway,  Norway      (cubic response in RESPONS module)
  Poul Joergensen,          Aarhus University,            Denmark     (RESPONS, ABACUS, and CC modules)
  Maciej Kaminski,          University of Warsaw,         Poland      (CPPh in RESPONS)
  Joanna Kauczor,           Linkoeping University,        Sweden      (Complex polarization propagator (CPP) module)
  Sheela Kirpekar,          Univ. of Southern Denmark,    Denmark     (Mass-velocity & Darwin integrals)
  Wim Klopper,              KIT Karlsruhe,                Germany     (R12 code in CC, SIRIUS, and ABACUS modules)
  Stefan Knecht,            ETH Zurich,                   Switzerland (Parallel CI and MCSCF)
  Rika Kobayashi,           Australian National Univ.,    Australia   (DIIS in CC, London in MCSCF)
  Henrik Koch,              NTNU,                         Norway      (CC module, Cholesky decomposition)
  Jacob Kongsted,           Univ. of Southern Denmark,    Denmark     (Polarizable embedding model, QM/MM)
  Andrea Ligabue,           University of Modena,         Italy       (CTOCD, AOSOPPA)
  Nanna H. List             Univ. of Southern Denmark,    Denmark     (Polarizable embedding model)
  Ola B. Lutnaes,           University of Oslo,           Norway      (DFT Hessian)
  Juan I. Melo,             University of Buenos Aires,   Argentina   (LRESC, Relativistic Effects on NMR Shieldings)
  Kurt V. Mikkelsen,        University of Copenhagen,     Denmark     (MC-SCRF and QM/MM)
  Rolf H. Myhre,            NTNU,                         Norway      (Cholesky, subsystems and ECC2)
  Christian Neiss,          Univ. Erlangen-Nuernberg,     Germany     (CCSD(R12))
  Christian B. Nielsen,     University of Copenhagen,     Denmark     (QM/MM)
  Patrick Norman,           Linkoeping University,        Sweden      (Cubic response and complex response in RESPONS)
  Jeppe Olsen,              Aarhus University,            Denmark     (SIRIUS CI/density modules)
  Jogvan Magnus H. Olsen,   Univ. of Southern Denmark,    Denmark     (Polarizable embedding model, QM/MM)
  Anders Osted,             Copenhagen University,        Denmark     (QM/MM)
  Martin J. Packer,         University of Sheffield,      UK          (SOPPA)
  Filip Pawlowski,          Kazimierz Wielki University,  Poland      (CC3)
  Morten N. Pedersen,       Univ. of Southern Denmark,    Denmark     (Polarizable embedding model)
  Thomas B. Pedersen,       University of Oslo,           Norway      (Cholesky decomposition)
  Patricio F. Provasi,      University of Northeastern,   Argentina   (Analysis of coupling constants in localized orbitals)
  Zilvinas Rinkevicius,     KTH Stockholm,                Sweden      (open-shell DFT, ESR)
  Elias Rudberg,            KTH Stockholm,                Sweden      (DFT grid and basis info)
  Torgeir A. Ruden,         University of Oslo,           Norway      (Numerical derivatives in ABACUS)
  Kenneth Ruud,             UiT The Arctic U. of Norway,  Norway      (DALTON; ABACUS magnetic properties and much more)
  Pawel Salek,              KTH Stockholm,                Sweden      (DALTON; DFT code)
  Claire C. M. Samson       University of Karlsruhe       Germany     (Boys localization, r12 integrals in ERI)
  Alfredo Sanchez de Meras, University of Valencia,       Spain       (CC module, Cholesky decomposition)
  Trond Saue,               Paul Sabatier University,     France      (direct Fock matrix construction)
  Stephan P. A. Sauer,      University of Copenhagen,     Denmark     (SOPPA(CCSD), SOPPA prop., AOSOPPA, vibrational g-factors)
  Bernd Schimmelpfennig,    Forschungszentrum Karlsruhe,  Germany     (AMFI module)
  Kristian Sneskov,         Aarhus University,            Denmark     (Polarizable embedding model, QM/MM)
  Arnfinn H. Steindal,      UiT The Arctic U. of Norway,  Norway      (parallel QM/MM, Polarizable embedding model)
  Casper Steinmann,         Univ. of Southern Denmark,    Denmark     (QFIT, Polarizable embedding model)
  K. O. Sylvester-Hvid,     University of Copenhagen,     Denmark     (MC-SCRF)
  Peter R. Taylor,          VLSCI/Univ. of Melbourne,     Australia   (Symmetry handling ABACUS, integral transformation)
  Andrew M. Teale,          University of Nottingham,     England     (DFT-AC, DFT-D)
  David P. Tew,             University of Bristol,        England     (CCSD(R12))
  Olav Vahtras,             KTH Stockholm,                Sweden      (triplet response, spin-orbit, ESR, TDDFT, open-shell DFT)
  David J. Wilson,          La Trobe University,          Australia   (DFT Hessian and DFT magnetizabilities)
  Hans Agren,               KTH Stockholm,                Sweden      (SIRIUS module, RESPONS, MC-SCRF solvation model)
 --------------------------------------------------------------------------------

     Date and time (Linux)  : Sun Jul 31 13:54:45 2016
     Host name              : copper                                  

 * Work memory size             :    64000000 =  488.28 megabytes.

 * Directories for basis set searches:
   1) /home/eric/Dropbox/research/cclib/polarizability/trithiolane/dalton
   2) /home/eric/opt/apps/dalton/2015-i2013.sp1.1-mkl-omp/dalton/basis


Compilation information
-----------------------

 Who compiled             | eric
 Host                     | copper
 System                   | Linux-3.13.0-46-generic
 CMake generator          | Unix Makefiles
 Processor                | x86_64
 64-bit integers          | OFF
 MPI                      | OFF
 Fortran compiler         | /home/eric/opt/apps/intel/2013_sp1_update1/compose
                          | r_xe_2013_sp1.1.106/bin/intel64/ifort
 Fortran compiler version | ifort (IFORT) 14.0.1 20131008
 C compiler               | /home/eric/opt/apps/intel/2013_sp1_update1/compose
                          | r_xe_2013_sp1.1.106/bin/intel64/icc
 C compiler version       | icc (ICC) 14.0.1 20131008
 C++ compiler             | /home/eric/opt/apps/intel/2013_sp1_update1/compose
                          | r_xe_2013_sp1.1.106/bin/intel64/icpc
 C++ compiler version     | icpc (ICC) 14.0.1 20131008
 Static linking           | OFF
 Last Git revision        | d34efb170c481236ad60c789dea90a4c857c6bab
 Configuration time       | 2015-03-16 13:50:41.378554


   Content of the .dal input file
 ----------------------------------

BASIS                                             
6-31G*                                            
trithiolane static polarizability                 
---                                               
Atomtypes=3 Angstrom Charge=0                     
Charge=16.0 Atoms=3                               
S          -1.71956        -0.00008        -0.0000
S           1.13397         0.99623         0.3237
S           1.13395        -0.99624        -0.3238
Charge=6.0 Atoms=2                                
C          -0.51264         1.34934        -0.3893
C          -0.51251        -1.34919         0.3896
Charge=1.0 Atoms=4                                
H          -0.43862         1.46792        -1.4714
H          -0.87301         2.27578         0.0667
H          -0.43822        -1.46730         1.4717
H          -0.87299        -2.27583        -0.0658
                                                  
**DALTON INPUT                                    
.RUN ALL                                          
.DIRECT                                           
**WAVE FUNCTIONS                                  
.DFT                                              
B3LYP                                             
**RESPONSE                                        
*LINEAR                                           
.DIPLEN                                           
**END OF DALTON INPUT                             


       *******************************************************************
       *********** Output from DALTON general input processing ***********
       *******************************************************************

 --------------------------------------------------------------------------------
   Overall default print level:    0
   Print level for DALTON.STAT:    1

    AO-direct calculation (in sections where implemented)
    HERMIT 1- and 2-electron integral sections will be executed
    "Old" integral transformation used (limited to max 255 basis functions)
    Wave function sections will be executed (SIRIUS module)
    Dynamic molecular response properties section will be executed (RESPONSE module)
    Static molecular property section will be executed (ABACUS module)
 --------------------------------------------------------------------------------


   ****************************************************************************
   *************** Output of molecule and basis set information ***************
   ****************************************************************************


    The two title cards from your ".mol" input:
    ------------------------------------------------------------------------
 1: trithiolane static polarizability                                       
 2: ---                                                                     
    ------------------------------------------------------------------------

  Coordinates are entered in Angstrom and converted to atomic units.
          - Conversion factor : 1 bohr = 0.52917721 A

  Atomic type no.    1
  --------------------
  Nuclear charge:  16.00000
  Number of symmetry independent centers:    3
  Number of basis sets to read;    2
  Basis set file used for this atomic type with Z =  16 :
     "/home/eric/opt/apps/dalton/2015-i2013.sp1.1-mkl-omp/dalton/basis/6-31G*"

  Info about the basis set file: your basis has no documentation.
  Basis set: 6-31G*                                                                          

  Atomic type no.    2
  --------------------
  Nuclear charge:   6.00000
  Number of symmetry independent centers:    2
  Number of basis sets to read;    2
  Basis set file used for this atomic type with Z =   6 :
     "/home/eric/opt/apps/dalton/2015-i2013.sp1.1-mkl-omp/dalton/basis/6-31G*"

  Info about the basis set file: your basis has no documentation.
  Basis set: 6-31G*                                                                          

  Atomic type no.    3
  --------------------
  Nuclear charge:   1.00000
  Number of symmetry independent centers:    4
  Number of basis sets to read;    2
  Basis set file used for this atomic type with Z =   1 :
     "/home/eric/opt/apps/dalton/2015-i2013.sp1.1-mkl-omp/dalton/basis/6-31G*"

  Info about the basis set file: your basis has no documentation.
  Basis set: 6-31G*                                                                          


                      SYMADD: Requested addition of symmetry
                      --------------------------------------

 Symmetry test threshold:  5.00E-06

@   The molecule is centered at center of mass and rotated
@   so principal axes of inertia are along coordinate axes.

 Symmetry class found: C(1)           

 Symmetry Independent Centres             
 ----------------------------
      16 :      2.10347389     1.90389939     0.54191836  Isotope  1
      16 :      2.10338877    -1.90396125    -0.54206962  Isotope  1
      16 :     -3.28893996    -0.00010785    -0.00014763  Isotope  1
       6 :     -1.00797786    -2.52064351     0.82994634  Isotope  1
       6 :     -1.00815988     2.52099032    -0.82933647  Isotope  1
       1 :     -0.86759260    -2.66815172     2.88179999  Isotope  1
       1 :     -0.86827985     2.66938468    -2.88116618  Isotope  1
       1 :     -1.68913844     4.30235206    -0.03285737  Isotope  1
       1 :     -1.68920838    -4.30233029     0.03444387  Isotope  1

 No symmetry elements were found.


                         SYMGRP: Point group information
                         -------------------------------

@    Full point group is: C(1)           
@    Represented as:      C1 


                                 Isotopic Masses
                                 ---------------

                           S          31.972072
                           S          31.972072
                           S          31.972072
                           C          12.000000
                           C          12.000000
                           H           1.007825
                           H           1.007825
                           H           1.007825
                           H           1.007825

                       Total mass:   123.947516 amu
                       Natural abundance:  83.864 %

 Center-of-mass coordinates (a.u.):   -0.000000    0.000000    0.000000


  Atoms and basis sets
  --------------------

  Number of atom types :    3
  Total number of atoms:    9

  Basis set used is "6-31G*" from the basis set library.

  label    atoms   charge   prim   cont     basis
  ----------------------------------------------------------------------
  S           3   16.0000    51    18      [16s10p1d|4s3p1d]                                  
  C           2    6.0000    27    14      [10s4p1d|3s2p1d]                                   
  H           4    1.0000     4     2      [4s|2s]                                            
  ----------------------------------------------------------------------
  total:      9   64.0000   223    90
  ----------------------------------------------------------------------
  Spherical harmonic basis used.

  Threshold for neglecting AO integrals:  1.00D-12


  Cartesian Coordinates (a.u.)
  ----------------------------

  Total number of coordinates:   27
  S       :     1  x  -3.2889399599    2  y  -0.0001078534    3  z  -0.0001476330
  S       :     4  x   2.1034738938    5  y   1.9038993869    6  z   0.5419183619
  S       :     7  x   2.1033887736    8  y  -1.9039612508    9  z  -0.5420696184
  C       :    10  x  -1.0081598833   11  y   2.5209903164   12  z  -0.8293364671
  C       :    13  x  -1.0079778554   14  y  -2.5206435106   15  z   0.8299463368
  H       :    16  x  -0.8682798501   17  y   2.6693846790   18  z  -2.8811661838
  H       :    19  x  -1.6891384388   20  y   4.3023520566   21  z  -0.0328573721
  H       :    22  x  -0.8675925959   23  y  -2.6681517224   24  z   2.8817999885
  H       :    25  x  -1.6892083815   26  y  -4.3023302869   27  z   0.0344438746


   Interatomic separations (in Angstrom):
   --------------------------------------

            S           S           S           C           C           H     
            ------      ------      ------      ------      ------      ------
 S     :    0.000000
 S     :    3.039763    0.000000
 S     :    3.039687    2.095090    0.000000
 C     :    1.851776    1.828796    2.866581    0.000000
 C     :    1.851738    2.866396    1.828790    2.808695    0.000000
 H     :    2.441455    2.432765    3.140375    1.091131    3.377140    0.000000
 H     :    2.429125    2.394014    3.858311    1.093665    3.657134    1.790876
 H     :    2.441509    3.139851    2.432696    3.376776    1.091128    4.156689
 H     :    2.429002    3.858252    2.394101    3.657363    1.093658    4.022426

            H           H           H     
            ------      ------      ------
 H     :    0.000000
 H     :    4.021680    0.000000
 H     :    4.553541    1.790859    0.000000


  Max    interatomic separation is    4.5535 Angstrom (    8.6049 Bohr)
  between atoms    9 and    7, "H     " and "H     ".

  Min HX interatomic separation is    1.0911 Angstrom (    2.0619 Bohr)

  Min YX interatomic separation is    1.8288 Angstrom (    3.4559 Bohr)


  Bond distances (Angstrom):
  --------------------------

                  atom 1     atom 2       distance
                  ------     ------       --------
  bond distance:  S          S            2.095090
  bond distance:  C          S            1.851776
  bond distance:  C          S            1.828796
  bond distance:  C          S            1.851738
  bond distance:  C          S            1.828790
  bond distance:  H          C            1.091131
  bond distance:  H          C            1.093665
  bond distance:  H          C            1.091128
  bond distance:  H          C            1.093658


  Bond angles (degrees):
  ----------------------

                  atom 1     atom 2     atom 3         angle
                  ------     ------     ------         -----
  bond angle:     C          S          C             98.644
  bond angle:     S          S          C             93.617
  bond angle:     S          S          C             93.609
  bond angle:     S          C          S            111.357
  bond angle:     S          C          H            109.382
  bond angle:     S          C          H            108.355
  bond angle:     S          C          H            110.280
  bond angle:     S          C          H            107.317
  bond angle:     H          C          H            110.109
  bond angle:     S          C          S            111.355
  bond angle:     S          C          H            109.388
  bond angle:     S          C          H            108.348
  bond angle:     S          C          H            110.275
  bond angle:     S          C          H            107.324
  bond angle:     H          C          H            110.109




 Principal moments of inertia (u*A**2) and principal axes
 --------------------------------------------------------

   IA     136.656824          1.000000    0.000000   -0.000000
   IB     199.509668         -0.000000    1.000000    0.000000
   IC     307.020280          0.000000   -0.000000    1.000000


 Rotational constants
 --------------------

               A                   B                   C

           3698.1615           2533.1053           1646.0769 MHz
            0.123357            0.084495            0.054907 cm-1


@  Nuclear repulsion energy :  360.508397539632 Hartree


                     .---------------------------------------.
                     | Starting in Integral Section (HERMIT) |
                     `---------------------------------------'



 ***************************************************************************************
 ****************** Output from **INTEGRALS input processing (HERMIT) ******************
 ***************************************************************************************


 - Using defaults, no **INTEGRALS input found

 Default print level:        1

 * Nuclear model: Point charge

 Calculation of one-electron Hamiltonian integrals.

 Center of mass  (bohr):     -0.000000000000      0.000000000000      0.000000000000
 Operator center (bohr):      0.000000000000      0.000000000000      0.000000000000
 Gauge origin    (bohr):     -0.000000000000      0.000000000000      0.000000000000
 Dipole origin   (bohr):     -0.000000000000      0.000000000000      0.000000000000


     ************************************************************************
     ************************** Output from HERINT **************************
     ************************************************************************

 >>>  Time used in GABGEN     is   0.28 seconds
 >>>> Total CPU  time used in HERMIT:   0.63 seconds
 >>>> Total wall time used in HERMIT:   0.22 seconds


                        .----------------------------------.
                        | End of Integral Section (HERMIT) |
                        `----------------------------------'



                   .--------------------------------------------.
                   | Starting in Wave Function Section (SIRIUS) |
                   `--------------------------------------------'


 *** Output from Huckel module :

     Using EWMO model:          T
     Using EHT  model:          F
     Number of Huckel orbitals each symmetry:   56

 EWMO - Energy Weighted Maximum Overlap - is a Huckel type method,
        which normally is better than Extended Huckel Theory.
 Reference: Linderberg and Ohrn, Propagators in Quantum Chemistry (Wiley, 1973)

 Huckel EWMO eigenvalues for symmetry :  1
          -92.010748     -92.010745     -92.010177     -11.348765     -11.347301
           -9.019020      -9.016261      -9.013245      -6.689683      -6.688820
           -6.688651      -6.688532      -6.688421      -6.688244      -6.688012
           -6.687905      -6.687766      -1.654972      -1.346991      -1.125025
           -0.887715      -0.880298      -0.764292      -0.678802      -0.619370
           -0.528213      -0.469272      -0.469254      -0.411197      -0.401837
           -0.363429      -0.347889      -0.229932      -0.201927      -0.200182
           -0.187902      -0.167508      -0.126019      -0.120294      -0.119340
           -0.118968      -0.064873      -0.061994      -0.059100      -0.053501
           -0.052928      -0.050379      -0.050086      -0.049501      -0.046528
           -0.046374      -0.041372      -0.038715      -0.038428      -0.036663
           -0.030074

 **********************************************************************
 *SIRIUS* a direct, restricted step, second order MCSCF program       *
 **********************************************************************

 
     Date and time (Linux)  : Sun Jul 31 13:54:46 2016
     Host name              : copper                                  

 Title lines from ".mol" input file:
     trithiolane static polarizability                                       
     ---                                                                     

 Print level on unit LUPRI =   2 is   0
 Print level on unit LUW4  =   2 is   5

@    Restricted, closed shell Kohn-Sham DFT calculation.

@    Time-dependent Kohn-Sham DFT calculation (TD-DFT).
 Fock matrices are calculated directly without use of integrals on disk.

 Initial molecular orbitals are obtained according to
 ".MOSTART EWMO  " input option

     Wave function specification
     ============================
@    Wave function type        >>> KS-DFT <<<
@    Number of closed shell electrons          64
@    Number of electrons in active shells       0
@    Total charge of the molecule               0

@    Spin multiplicity and 2 M_S                1         0
@    Total number of symmetries                 1 (point group: C1 )
@    Reference state symmetry                   1 (irrep name : A  )
 
     This is a DFT calculation of type: B3LYP
 Weighted mixed functional:
               HF exchange:    0.20000
                       VWN:    0.19000
                       LYP:    0.81000
                     Becke:    0.72000
                    Slater:    0.80000

     Orbital specifications
     ======================
@    Abelian symmetry species          All |    1
@                                          |  A  
                                       --- |  ---
@    Occupied SCF orbitals              32 |   32
@    Secondary orbitals                 58 |   58
@    Total number of orbitals           90 |   90
@    Number of basis functions          90 |   90

     Optimization information
     ========================
@    Number of configurations                 1
@    Number of orbital rotations           1856
     ------------------------------------------
@    Total number of variables             1857

     Maximum number of Fock   iterations      0
     Maximum number of DIIS   iterations     60
     Maximum number of QC-SCF iterations     60
     Threshold for SCF convergence     1.00D-05
 
     This is a DFT calculation of type: B3LYP
 Weighted mixed functional:
               HF exchange:    0.20000
                       VWN:    0.19000
                       LYP:    0.81000
                     Becke:    0.72000
                    Slater:    0.80000


 ***********************************************
 ***** DIIS acceleration of SCF iterations *****
 ***********************************************

 C1-DIIS algorithm; max error vectors =    8

 Iter      Total energy        Error norm    Delta(E)  DIIS dim.
 -----------------------------------------------------------------------------
   1  Screening settings (-IFTHRS, JTDIIS, DIFDEN, times)   -7    1    F  1.17D+01  3.01D+00
      K-S energy, electrons, error :    -71.393956595232  64.0000351827    3.52D-05
@  1    -1272.34244466        2.77649D+00   -1.27D+03    1
      Virial theorem: -V/T =      2.003575
@      MULPOP S      -0.24; S      -0.07; S      -0.07; C       0.47; C       0.47; H      -0.15; H      -0.13; H      -0.15; H      -0.13; 
 -----------------------------------------------------------------------------
   2  Screening settings (-IFTHRS, JTDIIS, DIFDEN, times)   -8    2    F  1.11D+01  2.83D+00
      K-S energy, electrons, error :    -72.459751090822  64.0000198625    1.99D-05
@  2    -1272.17122176        3.41483D+00    1.71D-01    2
      Virial theorem: -V/T =      1.998090
@      MULPOP S       0.76; S       0.39; S       0.39; C      -1.69; C      -1.70; H       0.46; H       0.47; H       0.46; H       0.47; 
 -----------------------------------------------------------------------------
   3  Screening settings (-IFTHRS, JTDIIS, DIFDEN, times)   -8    3    F  1.27D+01  4.62D+00
      K-S energy, electrons, error :    -71.911257398443  64.0000221978    2.22D-05
@  3    -1272.90226781        5.73602D-01   -7.31D-01    3
      Virial theorem: -V/T =      2.001461
@      MULPOP S       0.02; S      -0.02; S      -0.03; C      -0.37; C      -0.37; H       0.20; H       0.19; H       0.20; H       0.19; 
 -----------------------------------------------------------------------------
   4  Screening settings (-IFTHRS, JTDIIS, DIFDEN, times)   -9    4    F  1.28D+01  4.48D+00
      K-S energy, electrons, error :    -71.835861944819  64.0000233968    2.34D-05
@  4    -1272.92010154        2.60029D-01   -1.78D-02    4
      Virial theorem: -V/T =      2.002456
@      MULPOP S       0.17; S       0.10; S       0.11; C      -0.62; C      -0.62; H       0.22; H       0.21; H       0.22; H       0.21; 
 -----------------------------------------------------------------------------
   5  Screening settings (-IFTHRS, JTDIIS, DIFDEN, times)   -9    5    F  1.24D+01  4.53D+00
      K-S energy, electrons, error :    -71.881168344707  64.0000230491    2.30D-05
@  5    -1272.92527498        3.48656D-02   -5.17D-03    5
      Virial theorem: -V/T =      2.001973
@      MULPOP S       0.15; S       0.06; S       0.06; C      -0.58; C      -0.58; H       0.22; H       0.22; H       0.22; H       0.22; 
 -----------------------------------------------------------------------------
   6  Screening settings (-IFTHRS, JTDIIS, DIFDEN, times)  -10    6    F  1.32D+01  5.02D+00
      K-S energy, electrons, error :    -71.883998286500  64.0000229033    2.29D-05
@  6    -1272.92535502        1.40007D-02   -8.00D-05    6
      Virial theorem: -V/T =      2.001953
@      MULPOP S       0.14; S       0.07; S       0.07; C      -0.58; C      -0.58; H       0.22; H       0.22; H       0.22; H       0.22; 
 -----------------------------------------------------------------------------
   7  Screening settings (-IFTHRS, JTDIIS, DIFDEN, times)  -10    7    F  1.49D+01  5.89D+00
      K-S energy, electrons, error :    -71.883101542228  64.0000229461    2.29D-05
@  7    -1272.92537159        3.53944D-03   -1.66D-05    7
      Virial theorem: -V/T =      2.001962
@      MULPOP S       0.14; S       0.06; S       0.06; C      -0.58; C      -0.58; H       0.22; H       0.22; H       0.22; H       0.22; 
 -----------------------------------------------------------------------------
   8  Screening settings (-IFTHRS, JTDIIS, DIFDEN, times)  -11    8    F  1.18D+01  4.31D+00
      K-S energy, electrons, error :    -71.882996796246  64.0000229440    2.29D-05
@  8    -1272.92537262        3.29913D-04   -1.03D-06    8
      Virial theorem: -V/T =      2.001963
@      MULPOP S       0.14; S       0.06; S       0.06; C      -0.58; C      -0.58; H       0.22; H       0.22; H       0.22; H       0.22; 
 -----------------------------------------------------------------------------
   9  Screening settings (-IFTHRS, JTDIIS, DIFDEN, times)  -11    9    F  1.19D+01  4.27D+00
      K-S energy, electrons, error :    -71.883029008549  64.0000229437    2.29D-05
@  9    -1272.92537263        6.08077D-05   -9.39D-09    8
      Virial theorem: -V/T =      2.001963
@      MULPOP S       0.14; S       0.06; S       0.06; C      -0.58; C      -0.58; H       0.22; H       0.22; H       0.22; H       0.22; 
 -----------------------------------------------------------------------------
  10  Screening settings (-IFTHRS, JTDIIS, DIFDEN, times)  -11   10    F  1.28D+01  4.79D+00
      K-S energy, electrons, error :    -71.883028273264  64.0000229438    2.29D-05
@ 10    -1272.92537263        5.36475D-05   -1.22D-10    8
      Virial theorem: -V/T =      2.001963
@      MULPOP S       0.14; S       0.06; S       0.06; C      -0.58; C      -0.58; H       0.22; H       0.22; H       0.22; H       0.22; 
 -----------------------------------------------------------------------------
  11  Screening settings (-IFTHRS, JTDIIS, DIFDEN, times)  -11   11    F  1.32D+01  4.65D+00
      K-S energy, electrons, error :    -71.883027989701  64.0000229439    2.29D-05
@ 11    -1272.92537263        6.45591D-06   -2.26D-10    8

@ *** DIIS converged in  11 iterations !
@     Converged SCF energy, gradient:  -1272.925372626974    6.46D-06
    - total time used in SIRFCK :              0.00 seconds


 *** SCF orbital energy analysis ***

 Only the 20 lowest virtual orbital energies printed in each symmetry.

 Number of electrons :   64
 Orbital occupations :   32

 Sym       Kohn-Sham orbital energies

1 A     -88.88683949   -88.88681864   -88.86776045   -10.24652331   -10.24650851
         -7.96360500    -7.96358257    -7.94395902    -5.92833023    -5.92823929
         -5.92458704    -5.92455155    -5.91631667    -5.91630821    -5.90867139
         -5.90495870    -5.89703877    -0.86082996    -0.76190715    -0.75073059
         -0.60557516    -0.60528576    -0.47196636    -0.45957544    -0.44299360
         -0.39948525    -0.37158789    -0.37114199    -0.31621737    -0.28336551
         -0.23538102    -0.22859693    -0.04849455     0.00435549     0.01730104
          0.04978670     0.08418615     0.11093285     0.11609716     0.13405571
          0.13812786     0.31042081     0.33454190     0.33545770     0.35088794
          0.35792586     0.36818860     0.37599734     0.39318802     0.40689666
          0.42551377     0.42820933

    E(LUMO) :    -0.04849455 au (symmetry 1)
  - E(HOMO) :    -0.22859693 au (symmetry 1)
  ------------------------------------------
    gap     :     0.18010238 au

 >>> Writing SIRIFC interface file

 >>>> CPU and wall time for SCF :     246.250      87.405


                       .-----------------------------------.
                       | >>> Final results from SIRIUS <<< |
                       `-----------------------------------'


@    Spin multiplicity:           1
@    Spatial symmetry:            1 ( irrep  A   in C1  )
@    Total charge of molecule:    0

@    Final DFT energy:          -1272.925372626974                 
@    Nuclear repulsion:           360.508397539632
@    Electronic energy:         -1633.433770166605

@    Final gradient norm:           0.000006455911

 
     Date and time (Linux)  : Sun Jul 31 13:56:13 2016
     Host name              : copper                                  

File label for MO orbitals:  31Jul16   FOCKDIIS

 (Only coefficients >0.0100 are printed.)

 Molecular orbitals for symmetry species 1  (A  )
 ------------------------------------------------

    Orbital        23       24       25       26       27       28       29
   1 S   :1s    -0.0000  -0.0093  -0.0114  -0.0000  -0.0001   0.0197   0.0156
   2 S   :1s     0.0000   0.0427   0.0526   0.0000   0.0003  -0.0919  -0.0739
   3 S   :1s    -0.0001  -0.0913  -0.1115  -0.0000  -0.0007   0.1920   0.1495
   4 S   :1s    -0.0000  -0.0725  -0.1095  -0.0000  -0.0008   0.2218   0.1801
   5 S   :2px   -0.0000  -0.0412  -0.0755  -0.0000  -0.0003   0.0899   0.1694
   6 S   :2py   -0.0535  -0.0000   0.0000   0.1548  -0.0325  -0.0001   0.0000
   7 S   :2pz   -0.0456   0.0000   0.0000  -0.0696  -0.0267  -0.0001   0.0000
   8 S   :2px    0.0001   0.1010   0.1857   0.0001   0.0008  -0.2266  -0.4401
   9 S   :2py    0.1330   0.0000  -0.0001  -0.3942   0.0836   0.0002  -0.0001
  10 S   :2pz    0.1125  -0.0001  -0.0000   0.1772   0.0680   0.0002  -0.0001
  11 S   :2px    0.0000   0.0252   0.0455   0.0000   0.0002  -0.0559  -0.1897
  12 S   :2py    0.0316   0.0000  -0.0000  -0.0816   0.0063   0.0000  -0.0000
  13 S   :2pz    0.0366  -0.0000  -0.0000   0.0450   0.0392   0.0001  -0.0000
  14 S   :3d2-   0.0142   0.0000  -0.0000  -0.0529   0.0245   0.0001  -0.0000
  15 S   :3d1-   0.0000  -0.0147   0.0123  -0.0000  -0.0000   0.0008   0.0159
  16 S   :3d0    0.0000   0.0066  -0.0133   0.0000  -0.0001   0.0175   0.0160
  17 S   :3d1+   0.0168  -0.0000   0.0000   0.0217   0.0020   0.0000  -0.0000
  18 S   :3d2+   0.0000   0.0200   0.0251   0.0000  -0.0000   0.0058  -0.0015
  19 S   :1s    -0.0031  -0.0096  -0.0073  -0.0115  -0.0153   0.0116  -0.0080
  20 S   :1s     0.0138   0.0439   0.0347   0.0526   0.0708  -0.0537   0.0392
  21 S   :1s    -0.0329  -0.0963  -0.0693  -0.1146  -0.1511   0.1141  -0.0699
  22 S   :1s    -0.0090  -0.0592  -0.0940  -0.1074  -0.1521   0.0876  -0.1011
  23 S   :2px    0.0097   0.0124   0.1151   0.0238   0.1049   0.0099   0.0823
  24 S   :2py    0.0057   0.0490  -0.0371  -0.0192   0.0031  -0.1526   0.0814
  25 S   :2pz   -0.0473   0.0295   0.0018   0.0433   0.0862  -0.0080   0.0692
  26 S   :2px   -0.0240  -0.0305  -0.2906  -0.0589  -0.2698  -0.0285  -0.2163
  27 S   :2py   -0.0147  -0.1233   0.0957   0.0487  -0.0065   0.3999  -0.2173
  28 S   :2pz    0.1185  -0.0730  -0.0026  -0.1099  -0.2222   0.0213  -0.1824
  29 S   :2px   -0.0154  -0.0162  -0.0688  -0.0163  -0.0714   0.0125  -0.1034
  30 S   :2py   -0.0048  -0.0372   0.0226   0.0273  -0.0196   0.1365  -0.0846
  31 S   :2pz    0.0390  -0.0201   0.0145  -0.0349  -0.0843   0.0118  -0.0829
  32 S   :3d2-  -0.0032   0.0180   0.0184  -0.0141  -0.0079  -0.0092   0.0031
  33 S   :3d1-  -0.0062   0.0027  -0.0075  -0.0002   0.0134  -0.0246   0.0048
  34 S   :3d0   -0.0150   0.0057  -0.0066   0.0015  -0.0025   0.0167  -0.0082
  35 S   :3d1+  -0.0148   0.0112   0.0155   0.0056   0.0181   0.0107   0.0156
  36 S   :3d2+  -0.0012  -0.0051   0.0345  -0.0029   0.0272   0.0288  -0.0159
  37 S   :1s     0.0031  -0.0097  -0.0073   0.0115   0.0152   0.0117  -0.0080
  38 S   :1s    -0.0137   0.0439   0.0347  -0.0526  -0.0704  -0.0543   0.0392
  39 S   :1s     0.0328  -0.0964  -0.0693   0.1145   0.1503   0.1152  -0.0698
  40 S   :1s     0.0089  -0.0593  -0.0939   0.1074   0.1515   0.0888  -0.1011
  41 S   :2px   -0.0097   0.0124   0.1151  -0.0239  -0.1050   0.0091   0.0822
  42 S   :2py    0.0056  -0.0490   0.0371  -0.0192   0.0020   0.1526  -0.0814
  43 S   :2pz   -0.0473  -0.0294  -0.0018   0.0433   0.0861   0.0087  -0.0692
  44 S   :2px    0.0240  -0.0305  -0.2906   0.0590   0.2699  -0.0265  -0.2162
  45 S   :2py   -0.0145   0.1233  -0.0957   0.0489  -0.0037  -0.4000   0.2173
  46 S   :2pz    0.1185   0.0729   0.0026  -0.1099  -0.2221  -0.0229   0.1825
  47 S   :2px    0.0154  -0.0163  -0.0688   0.0164   0.0713   0.0130  -0.1033
  48 S   :2py   -0.0047   0.0372  -0.0226   0.0274  -0.0186  -0.1366   0.0846
  49 S   :2pz    0.0391   0.0201  -0.0146  -0.0349  -0.0842  -0.0124   0.0829
  50 S   :3d2-  -0.0033  -0.0180  -0.0184  -0.0141  -0.0079   0.0091  -0.0031
  51 S   :3d1-   0.0062   0.0027  -0.0075   0.0002  -0.0132  -0.0247   0.0048
  52 S   :3d0    0.0150   0.0057  -0.0066  -0.0015   0.0024   0.0167  -0.0082
  53 S   :3d1+  -0.0148  -0.0112  -0.0155   0.0056   0.0181  -0.0106  -0.0156
  54 S   :3d2+   0.0012  -0.0051   0.0345   0.0029  -0.0274   0.0286  -0.0159
  55 C   :1s     0.0009  -0.0131  -0.0065   0.0024  -0.0224   0.0194   0.0118
  56 C   :1s     0.0005   0.0252   0.0046  -0.0051   0.0439  -0.0358  -0.0250
  57 C   :1s    -0.0062   0.0404   0.0633  -0.0380   0.1165  -0.0652  -0.0544
  58 C   :2px   -0.1158   0.0652   0.1316   0.1544   0.1532   0.1579   0.1496
  59 C   :2py    0.1102  -0.1710  -0.1407   0.2622  -0.1664  -0.0151   0.1138
  60 C   :2pz    0.2563  -0.2404   0.1773  -0.0156   0.1573  -0.0918   0.0092
  61 C   :2px   -0.0631   0.0337   0.0870   0.1082   0.0866   0.0978   0.0747
  62 C   :2py    0.0632  -0.0972  -0.1068   0.1377  -0.1045   0.0296   0.0622
  63 C   :2pz    0.1341  -0.1223   0.0926  -0.0138   0.0933  -0.0478  -0.0131
  64 C   :3d2-  -0.0026   0.0019  -0.0011  -0.0122   0.0005   0.0083  -0.0104
  66 C   :3d0   -0.0097   0.0113  -0.0069   0.0031  -0.0069   0.0051  -0.0024
  68 C   :3d2+  -0.0058   0.0022   0.0008  -0.0057   0.0089   0.0129   0.0070
  69 C   :1s    -0.0009  -0.0131  -0.0065  -0.0024   0.0223   0.0196   0.0118
  70 C   :1s    -0.0005   0.0252   0.0046   0.0051  -0.0437  -0.0361  -0.0250
  71 C   :1s     0.0062   0.0404   0.0633   0.0380  -0.1160  -0.0660  -0.0544
  72 C   :2px    0.1159   0.0652   0.1314  -0.1545  -0.1544   0.1567   0.1496
  73 C   :2py    0.1105   0.1709   0.1407   0.2622  -0.1664   0.0140  -0.1138
  74 C   :2pz    0.2564   0.2400  -0.1775  -0.0155   0.1567   0.0930  -0.0091
  75 C   :2px    0.0631   0.0337   0.0870  -0.1082  -0.0873   0.0971   0.0747
  76 C   :2py    0.0634   0.0971   0.1068   0.1377  -0.1042  -0.0303  -0.0622
  77 C   :2pz    0.1341   0.1221  -0.0927  -0.0137   0.0931   0.0485   0.0131
  78 C   :3d2-  -0.0026  -0.0019   0.0011  -0.0122   0.0006  -0.0084   0.0104
  80 C   :3d0    0.0097   0.0113  -0.0069  -0.0031   0.0069   0.0052  -0.0024
  82 C   :3d2+   0.0058   0.0022   0.0008   0.0057  -0.0090   0.0129   0.0070
  83 H   :1s    -0.1460   0.1481  -0.1012   0.0266  -0.0809   0.0473  -0.0100
  84 H   :1s    -0.0870   0.0915  -0.0738   0.0211  -0.0705   0.0477  -0.0201
  85 H   :1s     0.1367  -0.1449  -0.0538   0.1122  -0.0704  -0.0959   0.0264
  86 H   :1s     0.0819  -0.0969  -0.0275   0.0992  -0.0633  -0.0959   0.0347
  87 H   :1s     0.1461   0.1480  -0.1012  -0.0264   0.0805   0.0479  -0.0100
  88 H   :1s     0.0871   0.0914  -0.0738  -0.0211   0.0701   0.0483  -0.0201
  89 H   :1s    -0.1368  -0.1447  -0.0538  -0.1123   0.0710  -0.0954   0.0264
  90 H   :1s    -0.0820  -0.0968  -0.0275  -0.0993   0.0640  -0.0954   0.0347

    Orbital        30       31       32       33       34       35       36
   1 S   :1s    -0.0000  -0.0000  -0.0033   0.0000  -0.0000  -0.0034   0.0281
   2 S   :1s     0.0000   0.0000   0.0112  -0.0000   0.0000   0.0201  -0.1427
   3 S   :1s     0.0000  -0.0000  -0.0519   0.0000  -0.0000  -0.0195   0.2655
   4 S   :1s    -0.0000   0.0000  -0.0114  -0.0000  -0.0002  -0.2310   1.0534
   5 S   :2px   -0.0000  -0.0000   0.0579  -0.0000   0.0000  -0.0308  -0.1355
   6 S   :2py    0.0559   0.0800  -0.0001  -0.0809  -0.1120   0.0000  -0.0001
   7 S   :2pz   -0.0152   0.2466  -0.0002   0.0074   0.0412   0.0000  -0.0000
   8 S   :2px    0.0000   0.0000  -0.1602   0.0000  -0.0000   0.0881   0.3882
   9 S   :2py   -0.1470  -0.2120   0.0002   0.2275   0.3008  -0.0001   0.0001
  10 S   :2pz    0.0401  -0.6531   0.0006  -0.0210  -0.1097  -0.0000   0.0001
  11 S   :2px    0.0000   0.0000  -0.0852  -0.0000  -0.0001  -0.0117   0.9214
  12 S   :2py   -0.0795  -0.1311   0.0001   0.2627   0.6550  -0.0003   0.0003
  13 S   :2pz    0.0129  -0.4058   0.0004  -0.0522  -0.2337   0.0000   0.0002
  14 S   :3d2-  -0.0007  -0.0039   0.0000  -0.0271  -0.1004   0.0000  -0.0000
  15 S   :3d1-  -0.0000  -0.0000  -0.0013  -0.0000  -0.0000  -0.0382   0.0630
  16 S   :3d0   -0.0000   0.0000   0.0119  -0.0000   0.0000   0.0073   0.0661
  17 S   :3d1+   0.0026  -0.0106   0.0000   0.0039   0.0421  -0.0000  -0.0000
  18 S   :3d2+  -0.0000   0.0000  -0.0012   0.0000  -0.0000  -0.0488   0.0316
  19 S   :1s    -0.0047  -0.0008   0.0043  -0.0148   0.0162   0.0169  -0.0054
  20 S   :1s     0.0226   0.0070  -0.0208   0.0693  -0.0824  -0.0753   0.0139
  21 S   :1s    -0.0444   0.0039   0.0418  -0.1566   0.1498   0.1966  -0.1011
  22 S   :1s    -0.0655  -0.0740   0.0826  -0.4003   0.6329   0.4495   0.0377
  23 S   :2px    0.0995   0.0312   0.0709   0.0565   0.0771   0.0785  -0.0010
  24 S   :2py    0.0529  -0.0110   0.0350  -0.1655   0.0676  -0.0335   0.0235
  25 S   :2pz   -0.1373  -0.0003  -0.1710  -0.0399   0.0379   0.0636  -0.0040
  26 S   :2px   -0.2635  -0.0850  -0.1905  -0.1536  -0.2226  -0.2188   0.0151
  27 S   :2py   -0.1392   0.0296  -0.0950   0.4555  -0.1846   0.0790  -0.0781
  28 S   :2pz    0.3622  -0.0002   0.4559   0.1116  -0.1069  -0.1840   0.0136
  29 S   :2px   -0.1136  -0.0373  -0.1538  -0.1852  -0.3845  -0.5550  -0.0580
  30 S   :2py   -0.0939   0.0482  -0.0484   0.6570  -0.4459   0.2414   0.0064
  31 S   :2pz    0.2110   0.0207   0.2827   0.1518  -0.2312  -0.3269   0.0049
  32 S   :3d2-  -0.0076  -0.0093   0.0200  -0.0124  -0.0070   0.0534  -0.0141
  33 S   :3d1-  -0.0255   0.0013   0.0164   0.0196  -0.0226   0.0135  -0.0067
  34 S   :3d0   -0.0196  -0.0069   0.0070  -0.0140   0.0244   0.0079   0.0124
  35 S   :3d1+   0.0069   0.0015  -0.0071  -0.0138  -0.0236  -0.0321  -0.0145
  36 S   :3d2+   0.0048   0.0007  -0.0033  -0.0568  -0.0007  -0.0848  -0.0349
  37 S   :1s     0.0047   0.0008   0.0043   0.0148  -0.0161   0.0169  -0.0054
  38 S   :1s    -0.0226  -0.0070  -0.0208  -0.0693   0.0823  -0.0754   0.0139
  39 S   :1s     0.0444  -0.0039   0.0419   0.1566  -0.1496   0.1968  -0.1011
  40 S   :1s     0.0654   0.0741   0.0824   0.4003  -0.6326   0.4503   0.0378
  41 S   :2px   -0.0995  -0.0312   0.0710  -0.0565  -0.0770   0.0785  -0.0009
  42 S   :2py    0.0529  -0.0111  -0.0350  -0.1655   0.0677   0.0334  -0.0235
  43 S   :2pz   -0.1373   0.0000   0.1710  -0.0399   0.0379  -0.0637   0.0040
  44 S   :2px    0.2636   0.0848  -0.1907   0.1537   0.2224  -0.2189   0.0151
  45 S   :2py   -0.1392   0.0298   0.0949   0.4555  -0.1847  -0.0788   0.0780
  46 S   :2pz    0.3621  -0.0011  -0.4559   0.1115  -0.1067   0.1841  -0.0136
  47 S   :2px    0.1137   0.0371  -0.1539   0.1852   0.3840  -0.5553  -0.0582
  48 S   :2py   -0.0939   0.0483   0.0483   0.6570  -0.4462  -0.2408  -0.0066
  49 S   :2pz    0.2110   0.0201  -0.2827   0.1517  -0.2309   0.3273  -0.0049
  50 S   :3d2-  -0.0076  -0.0093  -0.0199  -0.0124  -0.0071  -0.0534   0.0141
  51 S   :3d1-   0.0255  -0.0013   0.0164  -0.0196   0.0226   0.0135  -0.0067
  52 S   :3d0    0.0196   0.0069   0.0070   0.0140  -0.0244   0.0079   0.0124
  53 S   :3d1+   0.0069   0.0016   0.0071  -0.0139  -0.0236   0.0321   0.0145
  54 S   :3d2+  -0.0048  -0.0007  -0.0033   0.0568   0.0006  -0.0848  -0.0349
  55 C   :1s    -0.0204  -0.0002   0.0134   0.0337   0.0754   0.0573   0.0925
  56 C   :1s     0.0436  -0.0011  -0.0267  -0.0624  -0.1127  -0.0920  -0.1134
  57 C   :1s     0.0999   0.0195  -0.1078  -0.2878  -0.7981  -0.5974  -1.1950
  58 C   :2px    0.1028   0.0055  -0.0421   0.0121   0.0331  -0.2749   0.1575
  59 C   :2py   -0.0343   0.0242   0.0297   0.0200   0.1650   0.0038   0.1567
  60 C   :2pz   -0.0507   0.0937  -0.0700  -0.0494  -0.0852  -0.0931  -0.0372
  61 C   :2px    0.0563   0.0121  -0.0598   0.0254  -0.0250  -0.5253   0.3937
  62 C   :2py    0.0065  -0.0020  -0.0132   0.0623   0.3217   0.0028   0.3246
  63 C   :2pz    0.0121   0.0182  -0.0354  -0.0397  -0.1444  -0.2480  -0.0507
  64 C   :3d2-  -0.0015   0.0018  -0.0057   0.0166  -0.0039   0.0013   0.0112
  65 C   :3d1-  -0.0057   0.0133  -0.0003   0.0020  -0.0060   0.0005  -0.0013
  66 C   :3d0    0.0131  -0.0132   0.0124   0.0037  -0.0022  -0.0066   0.0017
  67 C   :3d1+   0.0097   0.0131   0.0067   0.0040   0.0044   0.0021  -0.0084
  68 C   :3d2+  -0.0018  -0.0044  -0.0042   0.0065   0.0149   0.0084  -0.0180
  69 C   :1s     0.0204   0.0002   0.0134  -0.0337  -0.0753   0.0573   0.0925
  70 C   :1s    -0.0436   0.0010  -0.0267   0.0624   0.1126  -0.0921  -0.1134
  71 C   :1s    -0.0998  -0.0197  -0.1077   0.2879   0.7978  -0.5982  -1.1948
  72 C   :2px   -0.1028  -0.0056  -0.0421  -0.0121  -0.0334  -0.2749   0.1573
  73 C   :2py   -0.0343   0.0242  -0.0297   0.0199   0.1649  -0.0039  -0.1567
  74 C   :2pz   -0.0507   0.0938   0.0699  -0.0494  -0.0853   0.0932   0.0372
  75 C   :2px   -0.0563  -0.0122  -0.0598  -0.0254   0.0245  -0.5254   0.3934
  76 C   :2py    0.0066  -0.0019   0.0132   0.0623   0.3216  -0.0030  -0.3246
  77 C   :2pz    0.0121   0.0183   0.0354  -0.0397  -0.1444   0.2482   0.0506
  78 C   :3d2-  -0.0015   0.0018   0.0057   0.0166  -0.0039  -0.0013  -0.0112
  79 C   :3d1-   0.0057  -0.0133  -0.0002  -0.0020   0.0060   0.0005  -0.0013
  80 C   :3d0   -0.0131   0.0133   0.0124  -0.0037   0.0022  -0.0066   0.0017
  81 C   :3d1+   0.0097   0.0131  -0.0067   0.0040   0.0044  -0.0021   0.0084
  82 C   :3d2+   0.0018   0.0044  -0.0043  -0.0065  -0.0149   0.0084  -0.0180
  83 H   :1s     0.0722  -0.0895   0.0583   0.0241   0.0168  -0.0121   0.0301
  84 H   :1s     0.0890  -0.1324   0.1086   0.0806   0.0745  -0.0554   0.3331
  85 H   :1s    -0.0472   0.0560  -0.0032  -0.0621  -0.0116   0.0059   0.0498
  86 H   :1s    -0.0798   0.0822   0.0168  -0.0797  -0.0200   0.0900   0.3515
  87 H   :1s    -0.0722   0.0897   0.0581  -0.0241  -0.0168  -0.0120   0.0301
  88 H   :1s    -0.0890   0.1327   0.1083  -0.0807  -0.0745  -0.0553   0.3331
  89 H   :1s     0.0472  -0.0559  -0.0031   0.0621   0.0116   0.0059   0.0498
  90 H   :1s     0.0798  -0.0821   0.0170   0.0797   0.0200   0.0900   0.3513

    Orbital        37       38       39       40       41       42
   1 S   :1s    -0.0000  -0.0265  -0.0000   0.0000  -0.0110  -0.0034
   2 S   :1s     0.0000   0.0870   0.0001  -0.0000   0.0277   0.0146
   3 S   :1s    -0.0001  -0.4246  -0.0003   0.0002  -0.2059  -0.0441
   4 S   :1s     0.0002  -0.1314  -0.0001  -0.0001   0.1362  -0.0323
   5 S   :2px   -0.0000   0.0532   0.0000  -0.0000   0.0207  -0.0917
   6 S   :2py    0.1075  -0.0001   0.0299  -0.0172  -0.0000   0.0000
   7 S   :2pz   -0.0337   0.0000  -0.0044   0.0045   0.0000   0.0000
   8 S   :2px    0.0000  -0.1472  -0.0001   0.0001  -0.0690   0.3727
   9 S   :2py   -0.3078   0.0002  -0.1138   0.0514   0.0000  -0.0000
  10 S   :2pz    0.1006  -0.0001   0.0063   0.0099   0.0000  -0.0001
  11 S   :2px    0.0001  -0.4896  -0.0003  -0.0000   0.0536  -0.4767
  12 S   :2py   -0.7309   0.0001   0.2131   0.0918   0.0003   0.0001
  13 S   :2pz    0.1617  -0.0002   0.1180  -0.3839  -0.0004   0.0001
  14 S   :3d2-   0.0770  -0.0000  -0.0150   0.0049  -0.0000  -0.0000
  15 S   :3d1-   0.0000   0.0132  -0.0000  -0.0000   0.0360   0.0260
  16 S   :3d0   -0.0000  -0.0189  -0.0000   0.0001  -0.0141  -0.0132
  17 S   :3d1+  -0.0060   0.0000  -0.0400   0.0617   0.0001  -0.0000
  18 S   :3d2+  -0.0000   0.0427   0.0000   0.0001  -0.0438   0.0431
  19 S   :1s     0.0116  -0.0113   0.0015  -0.0081  -0.0002   0.0347
  20 S   :1s    -0.0690   0.0288  -0.0021   0.0342  -0.0060  -0.0670
  21 S   :1s     0.0754  -0.2120   0.0341  -0.1026  -0.0295   0.7390
  22 S   :1s     0.7264   0.1511  -0.1803  -0.1994   0.0517  -0.8321
  23 S   :2px    0.0675  -0.0233   0.0080  -0.0412   0.0107  -0.0930
  24 S   :2py   -0.0120  -0.0107   0.0334   0.0144  -0.0109  -0.0770
  25 S   :2pz    0.0204   0.0230  -0.0069  -0.0257   0.0153  -0.0391
  26 S   :2px   -0.1889   0.0652  -0.0216   0.1163  -0.0356   0.3686
  27 S   :2py    0.0353   0.0288  -0.1111  -0.0504   0.0576   0.3401
  28 S   :2pz   -0.0477  -0.0748   0.0165   0.0923  -0.0417   0.1536
  29 S   :2px   -0.6265   0.0836  -0.0254   0.3707  -0.0192  -0.3168
  30 S   :2py   -0.0450   0.1091   0.2106  -0.0344  -0.1008  -0.5011
  31 S   :2pz   -0.3591   0.0150   0.1031  -0.0516  -0.1685  -0.1366
  32 S   :3d2-   0.0223   0.0463   0.0063  -0.0029  -0.0337  -0.0738
  33 S   :3d1-   0.0325   0.0051   0.0344  -0.0069  -0.0106  -0.0271
  34 S   :3d0    0.0178  -0.0000   0.0213  -0.0326  -0.0094   0.0170
  35 S   :3d1+  -0.0843  -0.0039   0.0145  -0.0025  -0.0416   0.0153
  36 S   :3d2+  -0.0149   0.0303   0.0101   0.0319   0.0314   0.0452
  37 S   :1s    -0.0116  -0.0113  -0.0015   0.0081  -0.0002   0.0347
  38 S   :1s     0.0690   0.0287   0.0021  -0.0342  -0.0061  -0.0670
  39 S   :1s    -0.0755  -0.2118  -0.0343   0.1027  -0.0292   0.7389
  40 S   :1s    -0.7263   0.1514   0.1805   0.1991   0.0522  -0.8319
  41 S   :2px   -0.0675  -0.0232  -0.0080   0.0411   0.0107  -0.0930
  42 S   :2py   -0.0120   0.0107   0.0334   0.0144   0.0109   0.0770
  43 S   :2pz    0.0204  -0.0230  -0.0069  -0.0257  -0.0154   0.0392
  44 S   :2px    0.1889   0.0650   0.0217  -0.1163  -0.0358   0.3686
  45 S   :2py    0.0353  -0.0287  -0.1112  -0.0503  -0.0576  -0.3401
  46 S   :2pz   -0.0476   0.0748   0.0166   0.0922   0.0418  -0.1538
  47 S   :2px    0.6264   0.0830   0.0255  -0.3706  -0.0200  -0.3169
  48 S   :2py   -0.0452  -0.1092   0.2106  -0.0346   0.1009   0.5011
  49 S   :2pz   -0.3592  -0.0149   0.1030  -0.0518   0.1686   0.1367
  50 S   :3d2-   0.0223  -0.0463   0.0063  -0.0030   0.0337   0.0738
  51 S   :3d1-  -0.0325   0.0052  -0.0344   0.0070  -0.0106  -0.0272
  52 S   :3d0   -0.0178   0.0000  -0.0213   0.0326  -0.0094   0.0170
  53 S   :3d1+  -0.0843   0.0039   0.0145  -0.0026   0.0416  -0.0153
  54 S   :3d2+   0.0149   0.0303  -0.0101  -0.0320   0.0314   0.0452
  55 C   :1s     0.0266   0.0371   0.0582   0.0274   0.0173   0.0113
  56 C   :1s    -0.0191  -0.0290  -0.0605  -0.0228   0.0109  -0.0138
  57 C   :1s    -0.4601  -0.8129  -1.0648  -0.5513  -0.4280  -0.0847
  58 C   :2px   -0.3212   0.0166   0.0664   0.1023  -0.0901   0.1186
  59 C   :2py   -0.0603  -0.2535  -0.2304   0.0079   0.0413  -0.0658
  60 C   :2pz    0.0067   0.0586  -0.0254   0.2728   0.2669  -0.0069
  61 C   :2px   -0.7358   0.0867   0.2667   0.1476  -0.2727   0.0450
  62 C   :2py   -0.0949  -0.7516  -0.7246   0.1086   0.3402   0.0112
  63 C   :2pz    0.1720   0.1396  -0.2085   0.9180   0.8333   0.1000
  64 C   :3d2-  -0.0049  -0.0170  -0.0100   0.0022  -0.0007   0.0080
  66 C   :3d0    0.0117   0.0059   0.0000   0.0110   0.0158  -0.0022
  68 C   :3d2+  -0.0057  -0.0065  -0.0034  -0.0030   0.0119  -0.0006
  69 C   :1s    -0.0265   0.0372  -0.0581  -0.0274   0.0173   0.0113
  70 C   :1s     0.0190  -0.0290   0.0605   0.0228   0.0109  -0.0138
  71 C   :1s     0.4589  -0.8142   1.0641   0.5525  -0.4270  -0.0848
  72 C   :2px    0.3212   0.0164  -0.0664  -0.1020  -0.0904   0.1187
  73 C   :2py   -0.0602   0.2538  -0.2301   0.0080  -0.0415   0.0658
  74 C   :2pz    0.0066  -0.0586  -0.0254   0.2733  -0.2663   0.0069
  75 C   :2px    0.7359   0.0865  -0.2668  -0.1469  -0.2734   0.0449
  76 C   :2py   -0.0945   0.7525  -0.7238   0.1094  -0.3405  -0.0113
  77 C   :2pz    0.1717  -0.1396  -0.2082   0.9195  -0.8314  -0.1000
  78 C   :3d2-  -0.0049   0.0170  -0.0100   0.0022   0.0007  -0.0080
  80 C   :3d0   -0.0116   0.0059  -0.0000  -0.0111   0.0157  -0.0022
  82 C   :3d2+   0.0057  -0.0065   0.0034   0.0029   0.0119  -0.0006
  83 H   :1s     0.0565   0.0165   0.0003   0.0756   0.0809   0.0297
  84 H   :1s     0.4448   0.5540   0.2161   1.3264   1.2547   0.1377
  85 H   :1s     0.0031   0.0634   0.0851  -0.0213  -0.0728   0.0136
  86 H   :1s    -0.0738   1.1016   1.3868  -0.2488  -0.7702   0.2203
  87 H   :1s    -0.0564   0.0165  -0.0003  -0.0758   0.0808   0.0298
  88 H   :1s    -0.4441   0.5541  -0.2157  -1.3289   1.2524   0.1376
  89 H   :1s    -0.0031   0.0635  -0.0850   0.0214  -0.0728   0.0136
  90 H   :1s     0.0745   1.1032  -1.3856   0.2498  -0.7699   0.2203



 >>>> Total CPU  time used in SIRIUS :    247.18 seconds
 >>>> Total wall time used in SIRIUS :     87.61 seconds

 
     Date and time (Linux)  : Sun Jul 31 13:56:13 2016
     Host name              : copper                                  


                     .---------------------------------------.
                     | End of Wave Function Section (SIRIUS) |
                     `---------------------------------------'



                 .------------------------------------------------.
                 | Starting in Dynamic Property Section (RESPONS) |
                 `------------------------------------------------'


 ------------------------------------------------------------------------------
  RESPONSE  -  an MCSCF, MC-srDFT, DFT, and SOPPA response property program
 ------------------------------------------------------------------------------


 <<<<<<<<<< OUTPUT FROM RESPONSE INPUT PROCESSING >>>>>>>>>>




 Linear Response calculation
 ---------------------------

 Print level                                    : IPRLR  =   2
 Maximum number of iterations                   : MAXITL =  60
 Threshold for relative convergence             : THCLR  = 1.000D-03
 Maximum iterations in optimal orbital algorithm: MAXITO =   5

  1 B-frequencies  0.000000D+00

    3 second order properties calculated with symmetry no.    1 and labels:

          XDIPLEN 
          YDIPLEN 
          ZDIPLEN 


   SCF energy         :    -1272.925372626973513
 -- inactive part     :    -1633.433770166605200
 -- nuclear repulsion :      360.508397539631687


                    *****************************************
                    *** DFT response calculation (TD-DFT) ***
                    *****************************************



 >>>>>>>>>> Linear response calculation
 >>>>>>>>>> Symmetry of excitation/property operator(s)    1  ( A  )

 Number of excitations of this symmetry            0
 Number of response properties of this symmetry    3
 Number of C6/C8 properties of this symmetry       0


 Perturbation symmetry.     KSYMOP:       1
 Perturbation spin symmetry.TRPLET:       F
 Orbital variables.         KZWOPT:    1856
 Configuration variables.   KZCONF:       0
 Total number of variables. KZVAR :    1856


 RSPLR -- linear response calculation for symmetry 1  ( A  )
 RSPLR -- operator label : XDIPLEN 
 RSPLR -- operator spin  :   0
 RSPLR -- frequencies :   0.000000
 FREQ 2   0.000000000000000E+000



 <<<  SOLVING SETS OF LINEAR EQUATIONS FOR LINEAR RESPONSE PROPERTIES >>>

 Operator symmetry = 1  ( A  ); triplet =   F


 *** THE REQUESTED    1 SOLUTION VECTORS CONVERGED

 Convergence of RSP solution vectors, threshold = 1.00D-03
 ---------------------------------------------------------------
 (dimension of paired reduced space:   12)
 RSP solution vector no.    1; norm of residual   3.43D-04

 *** RSPCTL MICROITERATIONS CONVERGED


 RSPLR -- linear response calculation for symmetry 1  ( A  )
 RSPLR -- operator label : YDIPLEN 
 RSPLR -- operator spin  :   0
 RSPLR -- frequencies :   0.000000
 FREQ 2   0.000000000000000E+000



 <<<  SOLVING SETS OF LINEAR EQUATIONS FOR LINEAR RESPONSE PROPERTIES >>>

 Operator symmetry = 1  ( A  ); triplet =   F


 *** THE REQUESTED    1 SOLUTION VECTORS CONVERGED

 Convergence of RSP solution vectors, threshold = 1.00D-03
 ---------------------------------------------------------------
 (dimension of paired reduced space:   12)
 RSP solution vector no.    1; norm of residual   4.37D-04

 *** RSPCTL MICROITERATIONS CONVERGED


 RSPLR -- linear response calculation for symmetry 1  ( A  )
 RSPLR -- operator label : ZDIPLEN 
 RSPLR -- operator spin  :   0
 RSPLR -- frequencies :   0.000000
 FREQ 2   0.000000000000000E+000



 <<<  SOLVING SETS OF LINEAR EQUATIONS FOR LINEAR RESPONSE PROPERTIES >>>

 Operator symmetry = 1  ( A  ); triplet =   F


 *** THE REQUESTED    1 SOLUTION VECTORS CONVERGED

 Convergence of RSP solution vectors, threshold = 1.00D-03
 ---------------------------------------------------------------
 (dimension of paired reduced space:   12)
 RSP solution vector no.    1; norm of residual   7.57D-04

 *** RSPCTL MICROITERATIONS CONVERGED


           Final output of second order properties from linear response
           ------------------------------------------------------------


@ Spin symmetry of operators: singlet

 Note that minus the linear response function: - << A; B >>(omega) is printed.
 The results are of quadratic accuracy using Sellers formula.

@ FREQUENCY INDEPENDENT SECOND ORDER PROPERTIES

@ -<< XDIPLEN  ; XDIPLEN  >> =  7.547587828574D+01
@ -<< XDIPLEN  ; YDIPLEN  >> =  1.785551526102D-04
@ -<< XDIPLEN  ; ZDIPLEN  >> =  3.265866660271D-05
@ -<< YDIPLEN  ; YDIPLEN  >> =  7.606316619503D+01
@ -<< YDIPLEN  ; ZDIPLEN  >> =  4.364980528402D-01
@ -<< ZDIPLEN  ; ZDIPLEN  >> =  4.663141782352D+01


 Time used in linear response calculation is    486.42 CPU seconds for symmetry 1

 >>>> Total CPU  time used in RESPONSE:  8 minutes  6 seconds
 >>>> Total wall time used in RESPONSE:  2 minutes 52 seconds


                   .-------------------------------------------.
                   | End of Dynamic Property Section (RESPONS) |
                   `-------------------------------------------'


 Center of mass dipole origin  :   -0.000000    0.000000    0.000000

 Center of mass gauge origin   :   -0.000000    0.000000    0.000000


                 .------------------------------------------------.
                 | Starting in Static Property Section (ABACUS) - |
                 `------------------------------------------------'


 
     Date and time (Linux)  : Sun Jul 31 13:59:05 2016
     Host name              : copper                                  


   ***************************************************************************
   ************************ FINAL RESULTS from ABACUS ************************
   ***************************************************************************


 
     Date and time (Linux)  : Sun Jul 31 13:59:05 2016
     Host name              : copper                                  


                             Molecular geometry (au)
                             -----------------------

 S         -3.2889399599           -0.0001078534           -0.0001476330
 S          2.1034738938            1.9038993869            0.5419183619
 S          2.1033887736           -1.9039612508           -0.5420696184
 C         -1.0081598833            2.5209903164           -0.8293364671
 C         -1.0079778554           -2.5206435106            0.8299463368
 H         -0.8682798501            2.6693846790           -2.8811661838
 H         -1.6891384388            4.3023520566           -0.0328573721
 H         -0.8675925959           -2.6681517224            2.8817999885
 H         -1.6892083815           -4.3023302869            0.0344438746





                        Molecular wave function and energy
                        ----------------------------------

     Spatial symmetry   1 ( A   )
     Spin multiplicity  1
     2 * M_S            0
     State number       1
     Total charge       0

     Total energy      -1272.9253726270 au (Hartrees)
                        -34638.06138516 eV
                          -3342065.0506 kJ/mol
                           -798772.7176 kcal/mol


                   Scalar Breit-Pauli relativistic corrections
                   -------------------------------------------

     Darwin correction:                         10.1821705872 au
     Mass-velocity correction:                 -13.4259586531 au

     Total relativistic correction:             -3.2437880659 au (0.2548%)
     Non-relativistic + relativistic energy: -1276.1691606929 au



      (Note that these corrections are NOT included in the results below.)


                                  Dipole moment
                                  -------------

                 au               Debye          C m (/(10**-30)
              0.230000           0.584601           1.950020


                             Dipole moment components
                             ------------------------

                 au               Debye          C m (/(10**-30)

      x     -0.22999978        -0.58460110        -1.95001938
      y      0.00006025         0.00015314         0.00051081
      z      0.00022763         0.00057859         0.00192996


   Units:   1 a.u. =   2.54175 Debye 
            1 a.u. =   8.47835 (10**-30) C m (SI)




   Interatomic separations (in Angstrom):
   --------------------------------------

            S           S           S           C           C           H     
            ------      ------      ------      ------      ------      ------
 S     :    0.000000
 S     :    3.039763    0.000000
 S     :    3.039687    2.095090    0.000000
 C     :    1.851776    1.828796    2.866581    0.000000
 C     :    1.851738    2.866396    1.828790    2.808695    0.000000
 H     :    2.441455    2.432765    3.140375    1.091131    3.377140    0.000000
 H     :    2.429125    2.394014    3.858311    1.093665    3.657134    1.790876
 H     :    2.441509    3.139851    2.432696    3.376776    1.091128    4.156689
 H     :    2.429002    3.858252    2.394101    3.657363    1.093658    4.022426

            H           H           H     
            ------      ------      ------
 H     :    0.000000
 H     :    4.021680    0.000000
 H     :    4.553541    1.790859    0.000000


  Max    interatomic separation is    4.5535 Angstrom (    8.6049 Bohr)
  between atoms    9 and    7, "H     " and "H     ".

  Min HX interatomic separation is    1.0911 Angstrom (    2.0619 Bohr)

  Min YX interatomic separation is    1.8288 Angstrom (    3.4559 Bohr)


  Bond distances (Angstrom):
  --------------------------

                  atom 1     atom 2       distance
                  ------     ------       --------
  bond distance:  S          S            2.095090
  bond distance:  C          S            1.851776
  bond distance:  C          S            1.828796
  bond distance:  C          S            1.851738
  bond distance:  C          S            1.828790
  bond distance:  H          C            1.091131
  bond distance:  H          C            1.093665
  bond distance:  H          C            1.091128
  bond distance:  H          C            1.093658


  Bond angles (degrees):
  ----------------------

                  atom 1     atom 2     atom 3         angle
                  ------     ------     ------         -----
  bond angle:     C          S          C             98.644
  bond angle:     S          S          C             93.617
  bond angle:     S          S          C             93.609
  bond angle:     S          C          S            111.357
  bond angle:     S          C          H            109.382
  bond angle:     S          C          H            108.355
  bond angle:     S          C          H            110.280
  bond angle:     S          C          H            107.317
  bond angle:     H          C          H            110.109
  bond angle:     S          C          S            111.355
  bond angle:     S          C          H            109.388
  bond angle:     S          C          H            108.348
  bond angle:     S          C          H            110.275
  bond angle:     S          C          H            107.324
  bond angle:     H          C          H            110.109




 CPU time statistics for ABACUS
 ------------------------------




 >>>> Total CPU  time used in ABACUS:   0.44 seconds
 >>>> Total wall time used in ABACUS:   0.11 seconds


                   .-------------------------------------------.
                   | End of Static Property Section (ABACUS) - |
                   `-------------------------------------------'

 >>>> Total CPU  time used in DALTON: 12 minutes 15 seconds
 >>>> Total wall time used in DALTON:  4 minutes 20 seconds

 
     Date and time (Linux)  : Sun Jul 31 13:59:05 2016
     Host name              : copper                                  
