 *******************************************************************************
 **                                                                           **
 **                              MOPAC v23.1.2                                **
 **                                                                           **
 *******************************************************************************
 **          Digital Object Identifier (DOI): 10.5281/zenodo.6511958          **
 **    Visit the DOI location for information on how to cite this program.    **
 *******************************************************************************

                              PM7 CALCULATION RESULTS

 *******************************************************************************
 *  CALCULATION DONE: (MAX THREADS = 16)             Mon Jul 14 17:06:58 2025  *
 *  SINGLET    - SPIN STATE DEFINED AS A SINGLET
 *
 *
 *
 *                 CHARGE ON SYSTEM = 0
 *
 *
 *
 *  T=         - A TIME OF 172800.0 SECONDS REQUESTED
 *  DUMP=N     - RESTART FILE WRITTEN EVERY 7200.0 SECONDS REQUESTED
 *  AUX        - OUTPUT AUXILIARY INFORMATION
 *  LARGE      - EXPANDED OUTPUT TO BE PRINTED
 *******************************************************************************
 AUX LARGE CHARGE=0 SINGLET
 Title

  ATOM    CHEMICAL      BOND LENGTH      BOND ANGLE     TWIST ANGLE 
 NUMBER    SYMBOL       (ANGSTROMS)      (DEGREES)       (DEGREES) 
   (I)                     NA:I           NB:NA:I       NC:NB:NA:I       NA    NB    NC 
     1       O          0.00000000  *    0.0000000  *    0.0000000  *     0     0     0
     2       H          0.97000000  *    0.0000000  *    0.0000000  *     1     0     0
     3       H          0.97000000  *  109.4710000  *    0.0000000  *     1     2     0



          CARTESIAN COORDINATES 

    NO.       ATOM           X           Y           Z

     1         O          0.0000      0.0000      0.0000
     2         H          0.9700      0.0000      0.0000
     3         H         -0.3233      0.9145      0.0000

 General Reference for PM7:
 "Optimization of Parameters for Semiempirical Methods VI: More Modifications to the 
 NDDO Approximations and Re-optimization of Parameters", J. J. P. Stewart, J. Mol. Mod., 1:32, 19 (2013)
 https://link.springer.com/article/10.1007/s00894-012-1667-x

           Empirical Formula: H2 O  =     3 atoms



      MOLECULAR POINT GROUP   :   C2v 


 SINGLET STATE CALCULATION


      RHF CALCULATION, NO. OF DOUBLY OCCUPIED LEVELS = 4


          Geometry optimization using EF

          DIAGONAL MATRIX USED AS START HESSIAN

 CYCLE:     1 TIME:   0.000 TIME LEFT:  2.00D  GRAD.:    19.860 HEAT: -57.34689
 CYCLE:     2 TIME:   0.004 TIME LEFT:  2.00D  GRAD.:     9.575 HEAT: -57.63819
 CYCLE:     3 TIME:   0.000 TIME LEFT:  2.00D  GRAD.:     3.399 HEAT: -57.75236
 CYCLE:     4 TIME:   0.000 TIME LEFT:  2.00D  GRAD.:     3.246 HEAT: -57.76051
 CYCLE:     5 TIME:   0.000 TIME LEFT:  2.00D  GRAD.:     3.950 HEAT: -57.77439
 CYCLE:     6 TIME:   0.004 TIME LEFT:  2.00D  GRAD.:     3.847 HEAT: -57.78038
 CYCLE:     7 TIME:   0.000 TIME LEFT:  2.00D  GRAD.:     1.867 HEAT: -57.79695
 CYCLE:     8 TIME:   0.000 TIME LEFT:  2.00D  GRAD.:     0.715 HEAT: -57.79924

     GRADIENT =  0.71542 IS LESS THAN CUTOFF =  1.00000



 -------------------------------------------------------------------------------
 AUX LARGE CHARGE=0 SINGLET
 Title



     GEOMETRY OPTIMISED USING EIGENVECTOR FOLLOWING (EF).     
     SCF FIELD WAS ACHIEVED                                   


                              PM7 CALCULATION
                                                       MOPAC v23.1.2 Windows
                                                       Mon Jul 14 17:06:58 2025




          FINAL HEAT OF FORMATION =        -57.79924 KCAL/MOL =    -241.83203 KJ/MOL


          COSMO AREA              =         42.43 SQUARE ANGSTROMS
          COSMO VOLUME            =         25.18 CUBIC ANGSTROMS

          GRADIENT NORM           =          0.71542          =       0.41305 PER ATOM
          IONIZATION POTENTIAL    =         12.111797 EV
          HOMO LUMO ENERGIES (EV) =        -12.112  4.047
          NO. OF FILLED LEVELS    =          4
          MOLECULAR WEIGHT        =         18.0152         POINT GROUP:  C2v 

          MOLECULAR DIMENSIONS (Angstroms)

            Atom       Atom       Distance
            H     3    H     2     1.51894
            O     1    H     2     0.58026
            O     1    H     2     0.00000


          SCF CALCULATIONS        =          9

          WALL-CLOCK TIME         =      0.027 SECONDS
          COMPUTATION TIME        =      0.016 SECONDS




  ATOM    CHEMICAL      BOND LENGTH      BOND ANGLE     TWIST ANGLE 
 NUMBER    SYMBOL       (ANGSTROMS)      (DEGREES)       (DEGREES) 
   (I)                     NA:I           NB:NA:I       NC:NB:NA:I       NA    NB    NC 
     1       O          0.00714136  *    0.0075433  *    0.0000000  *     0     0     0
     2       H          0.95652298  *    2.5114907  *    0.0000000  *     1     0     0
     3       H          0.95502428  *  105.2375379  *    0.0000000  *     1     2     0

                             CARTESIAN COORDINATES

   1    O        0.007141360     0.007543279     0.000000000
   2    H        0.963664344     0.007543279     0.000000000
   3    H       -0.243859422     0.928993214     0.000000000


           Empirical Formula: H2 O  =     3 atoms



      MOLECULAR POINT GROUP   :   C2v 


                  EIGENVALUES  
 -29.61033 -17.82612 -14.22147 -12.11180   4.04732   6.34320


              NET ATOMIC CHARGES AND DIPOLE CONTRIBUTIONS

  ATOM NO.   TYPE          CHARGE      No. of ELECS.   s-Pop       p-Pop       
    1          O          -0.648727        6.6487     1.81396     4.83477
    2          H           0.324494        0.6755     0.67551
    3          H           0.324233        0.6758     0.67577
 DIPOLE           X         Y         Z       TOTAL
 POINT-CHG.     1.100     1.435     0.000     1.808
 HYBRID         0.196     0.257     0.000     0.323
 SUM            1.296     1.692     0.000     2.131


          ATOMIC ORBITAL ELECTRON POPULATIONS

     Atom    s        px        py        pz   
    1  O   1.81396   1.39979   1.43498   2.00000
    2  H   0.67551
    3  H   0.67577

 **********************
 *                    *
 * JOB ENDED NORMALLY *
 *                    *
 **********************



 TOTAL JOB TIME:             0.03 SECONDS

 == MOPAC DONE ==
