
 Primary working directories    : /scratch/3364797.clusman0a.frank.sam.pitt.edu
 Secondary working directories  : /scratch/3364797.clusman0a.frank.sam.pitt.edu
 Wavefunction directory         : /scratch/3364797.clusman0a.frank.sam.pitt.edu/
 Main file repository           : /scratch/3364797.clusman0a.frank.sam.pitt.edu/

 SHA1      : f8cfea266908527a8826bdcd5983aaf62e47d3bf
 NAME      : 2012.1.23
 ARCHNAME  : Linux/x86_64
 FC        : /opt/sam/intel/composer_xe_2015.1.133/bin/intel64/ifort
 FCVERSION : 15.0.1
 BLASLIB   : -L/opt/sam/intel/composer_xe_2015.1.133/mkl/lib/intel64 -lmkl_intel_ilp64 -lmkl_sequential -lmkl_core
 id        : cfopitt

 Nodes     nprocs
 n153         1

 Using customized tuning parameters: mindgm=1; mindgv=20; mindgc=4; mindgr=1; noblas=0; minvec=7
 default implementation of scratch files=df  

 ***,Title
 
 gprint,basis
 gprint,orbital
 
 basis, STO-3G
 
 geometry={
 C        -4.17279        2.71785       -0.10705
 N        -4.61074        1.36006        0.11435
 O        -3.39764        1.66807       -0.47929
 S        -3.54968        3.49993        1.40731
 H        -4.65853        3.25487       -0.95033
 H        -5.24440        1.07756       -0.66755
 H        -4.78235        3.34711        2.06997
 }
 
 {rhf
 wf,40,1,0}
 

 Variables initialized (782), CPU time= 0.00 sec
 Commands  initialized (547), CPU time= 0.01 sec, 517 directives.
 Default parameters read. Elapsed time= 0.33 sec

 Checking input...
 Passed
1


                                         ***  PROGRAM SYSTEM MOLPRO  ***
                         Copyright, University College Cardiff Consultants Limited, 2008

                                    Version 2012.1 linked May  6 2015 10:26:36


 **********************************************************************************************************************************
 LABEL *   Title                                                                         
 Linux-2.6.32-358.18.1.el6.646g0000.x86_64/n153(x86_64) 64 bit serial version            DATE: 03-Feb-16          TIME: 16:10:33  
 **********************************************************************************************************************************

 SHA1:             f8cfea266908527a8826bdcd5983aaf62e47d3bf
 **********************************************************************************************************************************



 Variable memory set to    8000000 words,  buffer space   230000 words

 SETTING BASIS          =    STO-3G

Geometry recognized as XYZ



 Recomputing integrals since basis changed


 Using spherical harmonics

 Library entry C      S STO-3G               selected for orbital group  1
 Library entry C      P STO-3G               selected for orbital group  1
 Library entry N      S STO-3G               selected for orbital group  2
 Library entry N      P STO-3G               selected for orbital group  2
 Library entry O      S STO-3G               selected for orbital group  3
 Library entry O      P STO-3G               selected for orbital group  3
 Library entry S      S STO-3G               selected for orbital group  4
 Library entry S      P STO-3G               selected for orbital group  4
 Library entry H      S STO-3G               selected for orbital group  5

1PROGRAM * SEWARD (Integral evaluation for generally contracted gaussian basis sets)     Author: Roland Lindh, 1990

 Geometry written to block  1 of record 700


 Point group  C1  



 ATOMIC COORDINATES

 NR  ATOM    CHARGE       X              Y              Z

   1  C       6.00   -7.885430304    5.135992166   -0.202295182
   2  N       7.00   -8.713035863    2.570140922    0.216090183
   3  O       8.00   -6.420609093    3.152195468   -0.905726838
   4  S      16.00   -6.707923054    6.613909179    2.659430482
   5  H       1.00   -8.803345875    6.150812893   -1.795863434
   6  H       1.00   -9.910479724    2.036293290   -1.261486679
   7  H       1.00   -9.037331765    6.325121232    3.911676400

 Bond lengths in Bohr (Angstrom)

 1-2  2.728290652  1-3  2.564364758  1-4  3.429320020  1-5  2.100449923  2-3  2.617724473
     ( 1.443749233)     ( 1.357003386)     ( 1.814717997)     ( 1.111510228)     ( 1.385240131)

 2-6  1.975372997  4-7  2.660387802
     ( 1.045322369)     ( 1.407816592)

 Bond angles

  1-2-3   57.28385979   1-2-6  108.86483656   1-3-2   63.52668029   1-4-7   92.60014402

  2-1-3   59.18945992   2-1-4  112.42622481   2-1-5  115.98649993   3-1-4  111.47938511

  3-1-5  114.53675168   3-2-6  105.68779817   4-1-5  125.09569943


 BASIS DATA

   Nr Sym  Nuc  Type         Exponents   Contraction coefficients

    1.1 A     1  1s          71.616837     0.154329
                             13.045096     0.535328
                              3.530512     0.444635
    2.1 A     1  1s           2.941249    -0.099967
                              0.683483     0.399513
                              0.222290     0.700115
    3.1 A     1  2px          2.941249     0.155916
                              0.683483     0.607684
                              0.222290     0.391957
    4.1 A     1  2py          2.941249     0.155916
                              0.683483     0.607684
                              0.222290     0.391957
    5.1 A     1  2pz          2.941249     0.155916
                              0.683483     0.607684
                              0.222290     0.391957
    6.1 A     2  1s          99.106169     0.154329
                             18.052312     0.535328
                              4.885660     0.444635
    7.1 A     2  1s           3.780456    -0.099967
                              0.878497     0.399513
                              0.285714     0.700115
    8.1 A     2  2px          3.780456     0.155916
                              0.878497     0.607684
                              0.285714     0.391957
    9.1 A     2  2py          3.780456     0.155916
                              0.878497     0.607684
                              0.285714     0.391957
   10.1 A     2  2pz          3.780456     0.155916
                              0.878497     0.607684
                              0.285714     0.391957
   11.1 A     3  1s         130.709320     0.154329
                             23.808861     0.535328
                              6.443608     0.444635
   12.1 A     3  1s           5.033151    -0.099967
                              1.169596     0.399513
                              0.380389     0.700115
   13.1 A     3  2px          5.033151     0.155916
                              1.169596     0.607684
                              0.380389     0.391957
   14.1 A     3  2py          5.033151     0.155916
                              1.169596     0.607684
                              0.380389     0.391957
   15.1 A     3  2pz          5.033151     0.155916
                              1.169596     0.607684
                              0.380389     0.391957
   16.1 A     4  1s         533.125740     0.154329
                             97.109518     0.535328
                             26.281625     0.444635
   17.1 A     4  1s          33.329752    -0.099967
                              7.745118     0.399513
                              2.518953     0.700115
   18.1 A     4  1s           2.029194    -0.219620
                              0.566140     0.225595
                              0.221583     0.900398
   19.1 A     4  2px         33.329752     0.155916
                              7.745118     0.607684
                              2.518953     0.391957
   20.1 A     4  2py         33.329752     0.155916
                              7.745118     0.607684
                              2.518953     0.391957
   21.1 A     4  2pz         33.329752     0.155916
                              7.745118     0.607684
                              2.518953     0.391957
   22.1 A     4  2px          2.029194     0.010588
                              0.566140     0.595167
                              0.221583     0.462001
   23.1 A     4  2py          2.029194     0.010588
                              0.566140     0.595167
                              0.221583     0.462001
   24.1 A     4  2pz          2.029194     0.010588
                              0.566140     0.595167
                              0.221583     0.462001
   25.1 A     5  1s           3.425251     0.154329
                              0.623914     0.535328
                              0.168855     0.444635
   26.1 A     6  1s           3.425251     0.154329
                              0.623914     0.535328
                              0.168855     0.444635
   27.1 A     7  1s           3.425251     0.154329
                              0.623914     0.535328
                              0.168855     0.444635

 NUCLEAR CHARGE:                   40
 NUMBER OF PRIMITIVE AOS:          81
 NUMBER OF SYMMETRY AOS:           81
 NUMBER OF CONTRACTIONS:           27   (  27A   )
 NUMBER OF CORE ORBITALS:           8   (   8A   )
 NUMBER OF VALENCE ORBITALS:       19   (  19A   )


 NUCLEAR REPULSION ENERGY  160.99712651


 Eigenvalues of metric

         1 0.254E+00 0.326E+00 0.351E+00 0.377E+00 0.428E+00 0.480E+00 0.616E+00 0.635E+00


 Contracted 2-electron integrals neglected if value below      1.0D-11
 AO integral compression algorithm  1   Integral accuracy      1.0D-11

     0.524 MB (compressed) written to integral file ( 77.0%)


 NUMBER OF SORTED TWO-ELECTRON INTEGRALS:      71631.     BUFFER LENGTH:  32768
 NUMBER OF SEGMENTS:   1  SEGMENT LENGTH:      71631      RECORD LENGTH: 524288

 Memory used in sort:       0.63 MW

 SORT1 READ       96188. AND WROTE       65848. INTEGRALS IN      1 RECORDS. CPU TIME:     0.01 SEC, REAL TIME:     0.01 SEC
 SORT2 READ       65848. AND WROTE       71631. INTEGRALS IN      2 RECORDS. CPU TIME:     0.01 SEC, REAL TIME:     0.02 SEC

 FILE SIZES:   FILE 1:    11.3 MBYTE,  FILE 4:     4.2 MBYTE,   TOTAL:     15.5 MBYTE

 OPERATOR DM      FOR CENTER  0  COORDINATES:    0.000000    0.000000    0.000000


 **********************************************************************************************************************************
 DATASETS  * FILE   NREC   LENGTH (MB)   RECORD NAMES
              1      19       11.05       500      610      700      900      950      970     1000      129      960     1100   
                                          VAR    BASINP    GEOM    SYMINP    ZMAT    AOBASIS   BASIS     P2S    ABASIS      S 
                                         1400     1410     1200     1210     1080     1600     1650     1300     1700   
                                           T        V       H0       H01     AOSYM     SMH    MOLCAS    ERIS     OPER   

 PROGRAMS   *        TOTAL       INT
 CPU TIMES  *         0.53      0.42
 REAL TIME  *         1.92 SEC
 DISK USED  *        15.86 MB      
 **********************************************************************************************************************************

1PROGRAM * RHF-SCF (CLOSED SHELL)       Authors: W. Meyer, H.-J. Werner


 NUMBER OF ELECTRONS:      20+   20-    SPACE SYMMETRY=1    SPIN SYMMETRY: Singlet 
 CONVERGENCE THRESHOLDS:    1.00E-05 (Density)    1.00E-07 (Energy)
 MAX. NUMBER OF ITERATIONS:       60
 INTERPOLATION TYPE:            DIIS
 INTERPOLATION STEPS:              2 (START)      1 (STEP)
 LEVEL SHIFTS:                  0.00 (CLOSED)  0.00 (OPEN) 




   Atom=C  basis=MINAO             lmin=0  lmax=1
   Atom=N  basis=MINAO             lmin=0  lmax=1
   Atom=O  basis=MINAO             lmin=0  lmax=1
   Atom=S  basis=MINAO             lmin=0  lmax=1
   Atom=H  basis=MINAO             lmin=0  lmax=0

 Orbital guess generated from atomic densities. Full valence occupancy:   20

 Molecular orbital dump at record        2100.2

 ITERATION    DDIFF          GRAD             ENERGY        2-EL.EN.            DIPOLE MOMENTS         DIIS   ORB.
    1      0.000D+00      0.000D+00      -559.69393324    755.263818   -2.36051    0.50713   -0.53815    0    start
    2      0.000D+00      0.211D-01      -559.79929044    749.408850   -0.62738    0.40962   -0.48193    1    diag
    3      0.434D-01      0.584D-02      -559.80522581    749.224322   -0.78380    0.49205   -0.42562    2    diag
    4      0.866D-02      0.124D-02      -559.80563528    749.174461   -0.73850    0.48970   -0.41574    3    diag
    5      0.225D-02      0.291D-03      -559.80566974    749.165364   -0.73609    0.49461   -0.40945    4    diag
    6      0.757D-03      0.613D-04      -559.80567170    749.165709   -0.73588    0.49455   -0.40884    5    diag
    7      0.196D-03      0.176D-04      -559.80567187    749.165627   -0.73569    0.49445   -0.40909    6    diag
    8      0.604D-04      0.477D-05      -559.80567188    749.165669   -0.73572    0.49435   -0.40909    7    diag
    9      0.145D-04      0.160D-05      -559.80567189    749.165651   -0.73569    0.49436   -0.40912    8    diag
   10      0.450D-05      0.430D-06      -559.80567189    749.165651   -0.73569    0.49436   -0.40912    0    orth

 Final occupancy:  20

 !RHF STATE 1.1 Energy               -559.805671885101
 Nuclear energy                       160.99712651
 One-electron energy                -1095.38562376
 Two-electron energy                  374.58282537
 Virial quotient                       -1.01115211
 !RHF STATE 1.1 Dipole moment          -0.73569235     0.49436484    -0.40911749
 Dipole moment /Debye                  -1.86982097     1.25646780    -1.03980482

 ELECTRON ORBITALS
 =================


   Orb  Occ    Energy  Couls-En    Coefficients

                                   1 1s      1 1s      1 2px     1 2py     1 2pz     2 1s      2 1s      2 2px     2 2py     2 2pz  
                                   3 1s      3 1s      3 2px     3 2py     3 2pz     4 1s      4 1s      4 1s      4 2px     4 2py  
                                   4 2pz     4 2px     4 2py     4 2pz     5 1s      6 1s      7 1s   

   1.1   2   -90.7763 -222.7308 -0.000068  0.000472  0.000162  0.000165  0.000367 -0.000000 -0.000020  0.000005 -0.000013 -0.000004
                                 0.000002 -0.000026  0.000004 -0.000020 -0.000015  0.994162  0.017118 -0.002502 -0.000181 -0.000076
                                -0.000058  0.000342  0.000155  0.000112  0.000014  0.000011  0.000607

   2.1   2   -20.3427  -60.8539  0.000479 -0.004539 -0.002908  0.003120  0.001402  0.000304 -0.002721 -0.002972  0.000110  0.001456
                                 0.994292  0.025145 -0.004036  0.002131  0.001902  0.000003 -0.000001  0.000171 -0.000009  0.000017
                                 0.000015  0.000056 -0.000152 -0.000143  0.000209 -0.000008 -0.000042

   3.1   2   -15.4025  -48.8940  0.000449 -0.005207  0.001810  0.003963 -0.000685  0.993659  0.029356  0.001006  0.003258 -0.005045
                                 0.000384 -0.003158  0.002343  0.001602 -0.001007 -0.000001  0.000014  0.000104  0.000011 -0.000006
                                -0.000005 -0.000104 -0.000054 -0.000017  0.000361 -0.006655 -0.000096

   4.1   2   -11.1421  -40.1995  0.992269  0.034199  0.000214 -0.003393 -0.000877  0.000400 -0.005299 -0.000623 -0.003566  0.000155
                                 0.000351 -0.004993  0.000848 -0.002590 -0.000343 -0.000075  0.000153 -0.003992 -0.000171 -0.000262
                                -0.000442  0.001319  0.001928  0.003329 -0.006541 -0.000528  0.000003

   5.1   2    -8.6748  -44.8440  0.001278 -0.008342 -0.002541 -0.002731 -0.005960  0.000032  0.000246 -0.000137  0.000136 -0.000107
                                -0.000004  0.000358 -0.000123  0.000232  0.000097 -0.367326  1.046870  0.053377 -0.013537 -0.005253
                                -0.004330 -0.007133 -0.003163 -0.002366 -0.000199 -0.000195 -0.010249

   6.1   2    -6.3070  -41.0156 -0.001162  0.009888  0.004917  0.003425  0.005481 -0.000037 -0.000017 -0.000067 -0.000002 -0.000135
                                 0.000006 -0.000563  0.000337 -0.000362  0.000114 -0.000687  0.002027 -0.000878 -0.277714  0.238219
                                 0.913103 -0.016840  0.014509  0.055237  0.000095  0.000143 -0.009646

   7.1   2    -6.3049  -41.0057 -0.000940  0.008163 -0.000222  0.002361  0.006877 -0.000021 -0.000452  0.000198 -0.000286  0.000359
                                -0.000006  0.000001 -0.000210 -0.000018 -0.000352 -0.006693  0.019485 -0.009159  0.901176  0.349896
                                 0.182754  0.053554  0.020878  0.010843  0.000076  0.000198  0.011727

   8.1   2    -6.3017  -41.0205 -0.000062  0.000374  0.001262 -0.003586  0.001387 -0.000047 -0.000322  0.000160 -0.000178  0.000679
                                 0.000001 -0.000460  0.000508 -0.000200  0.000202  0.000182 -0.000527 -0.000087 -0.281184  0.890134
                                -0.317781 -0.014132  0.044879 -0.015927  0.000599  0.000194 -0.000000

   9.1   2    -1.4754  -17.8152 -0.095964  0.207687  0.036245 -0.110668 -0.018514 -0.112898  0.332949  0.087027  0.072845 -0.083281
                                -0.182059  0.619195 -0.142445  0.055821  0.059528  0.003416 -0.011990  0.025542  0.002274  0.004006
                                 0.005576 -0.005160 -0.006611 -0.010968  0.020267  0.030801  0.001275

  10.1   2    -0.9950  -15.2858  0.030903 -0.076789  0.167575  0.023899 -0.067411  0.177609 -0.653217  0.117267 -0.066146  0.080085
                                -0.149629  0.627086  0.096774  0.078411 -0.027008 -0.007245  0.024816 -0.068380 -0.009415 -0.003044
                                -0.001487  0.022746  0.007055  0.004179 -0.028610 -0.192691 -0.021422

  11.1   2    -0.9450  -15.9772 -0.126658  0.400102  0.041154  0.090705  0.092099  0.052960 -0.206325 -0.015506  0.077558  0.088088
                                 0.032350 -0.138885  0.042899  0.119789  0.032767  0.066985 -0.229231  0.643601  0.034970  0.019542
                                 0.028827 -0.084754 -0.045583 -0.068121  0.096855 -0.083504  0.131781

  12.1   2    -0.7882  -14.5562 -0.147115  0.494596 -0.079145  0.003137 -0.210766  0.047966 -0.213143 -0.078563  0.174770 -0.003630
                                 0.049734 -0.234258 -0.063570  0.236777 -0.078282 -0.045885  0.154958 -0.478381 -0.014793 -0.000219
                                 0.028745  0.036034  0.001040 -0.074411  0.273323 -0.058298 -0.150602

  13.1   2    -0.6849  -14.5970 -0.022135  0.082935  0.066142 -0.240939  0.264401 -0.020775  0.087947  0.211895  0.224247  0.275106
                                 0.054752 -0.266631 -0.051767  0.096379  0.395457 -0.019775  0.065705 -0.221382 -0.007989  0.033135
                                 0.020756  0.022668 -0.094155 -0.051548 -0.191798 -0.271923 -0.085617

  14.1   2    -0.5583  -14.7145 -0.033864  0.149674  0.128486  0.305807  0.192261 -0.045110  0.206487 -0.176953 -0.259099  0.207906
                                -0.034293  0.178297  0.445154 -0.053451  0.211669 -0.013328  0.043775 -0.156714 -0.026691  0.026169
                                 0.102451  0.075872 -0.074296 -0.284909  0.067110  0.145195 -0.245722

  15.1   2    -0.5321  -14.4200  0.008697 -0.001465  0.363873 -0.244853  0.006684  0.012592 -0.099821 -0.346279  0.020573 -0.138412
                                 0.020827 -0.117288  0.019438  0.523513 -0.081953  0.009608 -0.031324  0.117263 -0.047377  0.014979
                                 0.004582  0.139059 -0.044623 -0.010049 -0.294175  0.259635 -0.082143

  16.1   2    -0.4689  -14.4572 -0.002402 -0.012306  0.196404  0.142092 -0.060478  0.012324 -0.047776  0.320568 -0.213480 -0.255639
                                 0.051530 -0.251328 -0.423303 -0.089297  0.128461  0.022288 -0.071249  0.290134 -0.106487 -0.031116
                                 0.074496  0.312663  0.098319 -0.215992  0.036808  0.006098 -0.351457

  17.1   2    -0.4035  -14.5114  0.017020 -0.086605  0.230520  0.030681 -0.372398 -0.034546  0.160848  0.091573 -0.354519  0.164356
                                 0.031036 -0.159321  0.012359  0.266799  0.505340 -0.005792  0.018444 -0.075973  0.032453 -0.027567
                                -0.098187 -0.094375  0.080110  0.290258  0.227600  0.026583  0.275552

  18.1   2    -0.3770  -14.3772  0.034081 -0.142996 -0.192961 -0.152669 -0.223090 -0.047400  0.233151 -0.093481  0.127624  0.367513
                                -0.015808  0.078767  0.197211  0.012267 -0.077721  0.031658 -0.099559  0.435816 -0.170301 -0.062732
                                -0.075276  0.522321  0.187181  0.228709  0.125446 -0.172737 -0.264420

  19.1   2    -0.3449  -14.4865 -0.003573  0.032902  0.202529  0.088935 -0.020344 -0.072897  0.373347  0.068293 -0.291067  0.486688
                                 0.013405 -0.061354 -0.321494  0.131449 -0.625795 -0.006549  0.020523 -0.091479  0.038570  0.014473
                                 0.033919 -0.122361 -0.043152 -0.103095 -0.074459 -0.221012  0.041786

  20.1   2    -0.2848  -15.0406  0.005298 -0.014192 -0.005751 -0.024878  0.013177 -0.011565  0.054089 -0.045695  0.093880  0.035962
                                -0.006594  0.030976  0.030894  0.089003  0.057306 -0.000194  0.000844  0.000529  0.082188 -0.283703
                                 0.090849 -0.271916  0.935562 -0.301116 -0.120878 -0.028102 -0.004114

 HOMO     20.1    -0.284825 =      -7.7505eV
 LUMO     21.1     0.383687 =      10.4406eV
 LUMO-HOMO         0.668511 =      18.1911eV


 **********************************************************************************************************************************
 DATASETS  * FILE   NREC   LENGTH (MB)   RECORD NAMES
              1      19       11.05       500      610      700      900      950      970     1000      129      960     1100   
                                          VAR    BASINP    GEOM    SYMINP    ZMAT    AOBASIS   BASIS     P2S    ABASIS      S 
                                         1400     1410     1200     1210     1080     1600     1650     1300     1700   
                                           T        V       H0       H01     AOSYM     SMH    MOLCAS    ERIS     OPER   

              2       4        0.44       700     1000      520     2100   
                                         GEOM     BASIS   MCVARS     RHF  

 PROGRAMS   *        TOTAL       RHF       INT
 CPU TIMES  *         0.66      0.13      0.42
 REAL TIME  *         2.28 SEC
 DISK USED  *        15.86 MB      
 **********************************************************************************************************************************

        RHF-SCF 
   -559.80567189
 **********************************************************************************************************************************
 Variable memory released
