
 eiger (compute-1-1.local) : TURBOMOLE V7.2 ( 21285 ) 30 Jun 2017 at 11:51:10
 Copyright (C) 2017 TURBOMOLE GmbH, Karlsruhe


    2019-03-19 10:30:43.483 

                                                                                
  
Total energy =   -951.0821039338 H =    -25880.2755630 eV
 
 HOMO-LUMO Separation
   HOMO:    41.    14 b1    -0.44436965 H =    -12.09192 eV
   LUMO:    42.    18 a1    -0.27690959 H =     -7.53510 eV
   Gap :                    +0.16746006 H =     +4.55682 eV
 
Number of MOs=    474, Electrons=     82.00, Symmetry: c2v  
 
   Nr.   Orbital    Occupation       Energy
   58.    19 b1                    -0.024056 H =        -0.655 eV
   57.     7 a2                    -0.033480 H =        -0.911 eV
   56.     9 b2                    -0.051469 H =        -1.401 eV
   55.    23 a1                    -0.053448 H =        -1.454 eV
   54.    22 a1                    -0.077441 H =        -2.107 eV
   53.    18 b1                    -0.093932 H =        -2.556 eV
   52.    21 a1                    -0.103293 H =        -2.811 eV
   51.    17 b1                    -0.121554 H =        -3.308 eV
   50.     6 a2                    -0.146342 H =        -3.982 eV
   49.     8 b2                    -0.167713 H =        -4.564 eV
   48.    20 a1                    -0.180991 H =        -4.925 eV
   47.    16 b1                    -0.229041 H =        -6.233 eV
   46.    19 a1                    -0.251740 H =        -6.850 eV
   45.    15 b1                    -0.266447 H =        -7.250 eV
   44.     7 b2                    -0.269532 H =        -7.334 eV
   43.     5 a2                    -0.270976 H =        -7.374 eV
   42.    18 a1                    -0.276910 H =        -7.535 eV
   41.    14 b1       2.000        -0.444370 H =       -12.092 eV
   40.     6 b2       2.000        -0.446235 H =       -12.143 eV
   39.    17 a1       2.000        -0.455012 H =       -12.382 eV
   38.    13 b1       2.000        -0.473470 H =       -12.884 eV
   37.     4 a2       2.000        -0.473984 H =       -12.898 eV
   36.     5 b2       2.000        -0.479377 H =       -13.045 eV
   35.    16 a1       2.000        -0.479427 H =       -13.046 eV
   34.    12 b1       2.000        -0.486135 H =       -13.228 eV
   33.    15 a1       2.000        -0.495507 H =       -13.483 eV
   32.     3 a2       2.000        -0.496566 H =       -13.512 eV
   31.     4 b2       2.000        -0.540468 H =       -14.707 eV
   30.    14 a1       2.000        -0.559214 H =       -15.217 eV
   29.    11 b1       2.000        -0.566942 H =       -15.427 eV
   28.    13 a1       2.000        -0.599501 H =       -16.313 eV
   27.    10 b1       2.000        -0.607524 H =       -16.532 eV
   26.     2 a2       2.000        -0.627040 H =       -17.063 eV


    ------------------------------------------------------------------------
         total  cpu-time :   0.08 seconds
         total wall-time :   0.10 seconds
    ------------------------------------------------------------------------

   ****  eiger : all done  ****


    2019-03-19 10:30:43.552 

