Q-Chem Developer Version!
                  Welcome to Q-Chem
     A Quantum Leap Into The Future Of Chemistry


 Q-Chem 5.1, Q-Chem, Inc., Pleasanton, CA (2018)

 Yihan Shao,  Zhengting Gan,  E. Epifanovsky,  A. T. B. Gilbert,  M. Wormit,  
 J. Kussmann,  A. W. Lange,  A. Behn,  Jia Deng,  Xintian Feng,  D. Ghosh,  
 M. Goldey,  P. R. Horn,  L. D. Jacobson,  I. Kaliman,  T. Kus,  A. Landau,  
 Jie Liu,  E. I. Proynov,  R. M. Richard,  R. P. Steele,  E. J. Sundstrom,  
 H. L. Woodcock III,  P. M. Zimmerman,  D. Zuev,  B. Albrecht,  E. Alguire,  
 S. A. Baeppler,  D. Barton,  Z. Benda,  Y. A. Bernard,  E. J. Berquist,  
 K. B. Bravaya,  H. Burton,  D. Casanova,  Chun-Min Chang,  Yunqing Chen,  
 A. Chien,  K. D. Closser,  M. P. Coons,  S. Coriani,  S. Dasgupta,  
 A. L. Dempwolff,  M. Diedenhofen,  Hainam Do,  R. G. Edgar,  Po-Tung Fang,  
 S. Faraji,  S. Fatehi,  Qingguo Feng,  K. D. Fenk,  J. Fosso-Tande,  
 J. Gayvert,  Qinghui Ge,  A. Ghysels,  G. Gidofalvi,  J. Gomes,  
 J. Gonthier,  A. Gunina,  D. Hait,  M. W. D. Hanson-Heine,  
 P. H. P. Harbach,  A. W. Hauser,  J. E. Herr,  E. G. Hohenstein,  
 Z. C. Holden,  Kerwin Hui,  B. C. Huynh,  T.-C. Jagau,  Hyunjun Ji,  
 B. Kaduk,  K. Khistyaev,  Jaehoon Kim,  P. Klunzinger,  K. Koh,  
 D. Kosenkov,  L. Koulias,  T. Kowalczyk,  C. M. Krauter,  A. Kunitsa,  
 Ka Un Lao,  A. Laurent,  K. V. Lawler,  Joonho Lee,  D. Lefrancois,  
 S. Lehtola,  D. S. Levine,  Yi-Pei Li,  You-Sheng Lin,  Fenglai Liu,  
 E. Livshits,  A. Luenser,  P. Manohar,  E. Mansoor,  S. F. Manzer,  
 Shan-Ping Mao,  Yuezhi Mao,  N. Mardirossian,  A. V. Marenich,  
 T. Markovich,  L. A. Martinez-Martinez,  S. A. Maurer,  N. J. Mayhall,  
 S. C. McKenzie,  J.-M. Mewes,  A. F. Morrison,  J. W. Mullinax,  K. Nanda,  
 T. S. Nguyen-Beck,  R. Olivares-Amaya,  J. A. Parkhill,  T. M. Perrine,  
 F. Plasser,  P. Pokhilko,  S. Prager,  A. Prociuk,  E. Ramos,  D. R. Rehn,  
 F. Rob,  M. Schneider,  N. Sergueev,  S. M. Sharada,  S. Sharma,  
 D. W. Small,  T. Stauch,  T. Stein,  Yu-Chuan Su,  A. J. W. Thom,  
 A. Tkatchenko,  T. Tsuchimochi,  N. M. Tubman,  L. Vogt,  M. L. Vidal,  
 O. Vydrov,  M. A. Watson,  J. Wenzel,  M. de Wergifosse,  T. A. Wesolowski,  
 A. White,  J. Witte,  A. Yamada,  Jun Yang,  K. Yao,  S. Yeganeh,  
 S. R. Yost,  Zhi-Qiang You,  A. Zech,  Igor Ying Zhang,  Xing Zhang,  
 Yan Zhao,  Ying Zhu,  B. R. Brooks,  G. K. L. Chan,  C. J. Cramer,  
 M. S. Gordon,  W. J. Hehre,  A. Klamt,  M. W. Schmidt,  C. D. Sherrill,  
 D. G. Truhlar,  A. Aspuru-Guzik,  R. Baer,  A. T. Bell,  N. A. Besley,  
 Jeng-Da Chai,  A. E. DePrince, III,  R. A. DiStasio Jr.,  A. Dreuw,  
 B. D. Dunietz,  T. R. Furlani,  Chao-Ping Hsu,  Yousung Jung,  Jing Kong,  
 D. S. Lambrecht,  WanZhen Liang,  C. Ochsenfeld,  V. A. Rassolov,  
 L. V. Slipchenko,  J. E. Subotnik,  T. Van Voorhis,  J. M. Herbert,  
 A. I. Krylov,  P. M. W. Gill,  M. Head-Gordon

 Contributors to earlier versions of Q-Chem not listed above: 
 R. D. Adamson,  B. Austin,  J. Baker,  G. J. O. Beran,  K. Brandhorst,  
 S. T. Brown,  E. F. C. Byrd,  A. K. Chakraborty,  C.-L. Cheng,  
 Siu Hung Chien,  D. M. Chipman,  D. L. Crittenden,  H. Dachsel,  
 R. J. Doerksen,  A. D. Dutoi,  L. Fusti-Molnar,  W. A. Goddard III,  
 A. Golubeva-Zadorozhnaya,  S. R. Gwaltney,  G. Hawkins,  A. Heyden,  
 S. Hirata,  G. Kedziora,  F. J. Keil,  C. Kelley,  Jihan Kim,  R. A. King,  
 R. Z. Khaliullin,  P. P. Korambath,  W. Kurlancheek,  A. M. Lee,  M. S. Lee,  
 S. V. Levchenko,  Ching Yeh Lin,  D. Liotard,  R. C. Lochan,  I. Lotan,  
 P. E. Maslen,  N. Nair,  D. P. O'Neill,  D. Neuhauser,  E. Neuscamman,  
 C. M. Oana,  R. Olson,  B. Peters,  R. Peverati,  P. A. Pieniazek,  
 Y. M. Rhee,  J. Ritchie,  M. A. Rohrdanz,  E. Rosta,  N. J. Russ,  
 H. F. Schaefer III,  N. E. Schultz,  N. Shenvi,  A. C. Simmonett,  A. Sodt,  
 D. Stuck,  K. S. Thanthiriwatte,  V. Vanovschi,  Tao Wang,  A. Warshel,  
 C. F. Williams,  Q. Wu,  X. Xu,  W. Zhang

 Please cite Q-Chem as follows:
 Y. Shao et al., Mol. Phys. 113, 184-215 (2015)
 DOI: 10.1080/00268976.2014.952696

 Q-Chem 5.1.2 for Intel X86 EM64T Linux

 Parts of Q-Chem use Armadillo 8.300.2 (Tropical Shenanigans).
 http://arma.sourceforge.net/

Compilation information
-----------------------

 SVN revision             | 29783
 SVN branch               | trunk
 Last SVN revision        | 29781
 Last SVN author          | ilyak
 Hostname                 | osmium
 User                     | eric
 System                   | Linux-4.19.8-arch1-1-ARCH
 Processor                | x86_64
 Compiler                 | GNU
 C compiler version       | 8.2.1
 CXX compiler version     | 8.2.1
 Fortran compiler version | 8.2.1
 Configuration time       | 2018-12-16 22:52:03


 Q-Chem begins on Mon Dec 17 00:03:44 2018  

Host: osmium
0

     Scratch files written to /tmp/qchem/qchem44777//
Core orbitals will be frozen
Input Ideriv = 0
Curr. Ideriv = -1
Max.  Ideriv = 0

Checking the input file for inconsistencies... 	...done.

--------------------------------------------------------------
User input:
--------------------------------------------------------------
$comment
 Water, single point, RCIS(D)/STO-3G (5 singlets, 5 triplets)
$end

$rem
 method = cis(d)
 basis = sto-3g
 cis_n_roots = 5
 ao2mo_disk = 200
$end

$molecule
 0 1
 O
 H 1 R1
 H 1 R1 2 A1

 R1=0.99
 A1=106.0
$end
--------------------------------------------------------------
 ----------------------------------------------------------------
             Standard Nuclear Orientation (Angstroms)
    I     Atom           X                Y                Z
 ----------------------------------------------------------------
    1      O      -0.0000000000     0.0000000000     0.1191593746
    2      H      -0.7906491549    -0.0000000000    -0.4766374983
    3      H       0.7906491549    -0.0000000000    -0.4766374983
 ----------------------------------------------------------------
 Molecular Point Group                 C2v   NOp =  4
 Largest Abelian Subgroup              C2v   NOp =  4
 Nuclear Repulsion Energy =     8.8870062630 hartrees
 There are        5 alpha and        5 beta electrons
 Requested basis set is STO-3G
 There are 4 shells and 7 basis functions

 Total QAlloc Memory Limit   2000 MB
 Mega-Array Size       188 MB
 MEM_STATIC part       192 MB

                       Distance Matrix (Angstroms)
             O (  1)   H (  2)
   H (  2)  0.990000
   H (  3)  0.990000  1.581298

 A cutoff of  1.0D-11 yielded     10 shell pairs
 There are        34 function pairs
 Smallest overlap matrix eigenvalue = 3.64E-01

 Scale SEOQF with 1.000000e+00/1.000000e+00/1.000000e+00

 Standard Electronic Orientation quadrupole field applied
 Nucleus-field energy     =    -0.0000000002 hartrees
 Guess from superposition of atomic densities
 Warning:  Energy on first SCF cycle will be non-variational
 SAD guess density has 10.000000 electrons

 -----------------------------------------------------------------------
  General SCF calculation program by
  Eric Jon Sundstrom, Paul Horn, Yuezhi Mao, Dmitri Zuev, Alec White,
  David Stuck, Shaama M.S., Shane Yost, Joonho Lee, David Small,
  Daniel Levine, Susi Lehtola, Hugh Burton, Evgeny Epifanovsky
 -----------------------------------------------------------------------
 Hartree-Fock
 A restricted SCF calculation will be
 performed using DIIS
 SCF converges when DIIS error is below 1.0e-08
 ---------------------------------------
  Cycle       Energy         DIIS error
 ---------------------------------------
    1     -74.6004034647      3.98e-01  
    2     -74.9231294897      6.68e-02  
    3     -74.9638278706      8.22e-03  
    4     -74.9643050866      1.60e-03  
    5     -74.9643287510      2.83e-05  
    6     -74.9643287654      8.23e-06  
    7     -74.9643287668      1.04e-07  
    8     -74.9643287668      5.45e-11  Convergence criterion met
 ---------------------------------------
 SCF time:   CPU 0.05s  wall 0.00s 
 SCF   energy in the final basis set =      -74.9643287668
 Total energy in the final basis set =      -74.9643287668

 Direct RCIS calculation will be performed
 Triplet excitation energies requested
 Singlet excitation energies requested
 Using Frozen Core approximation: lowest orbital not used
 CIS energy converged when residual is below 10e- 6
 ---------------------------------------------------
 Iter    Rts Conv    Rts Left    Ttl Dev     Max Dev
 ---------------------------------------------------
   1         3           2      0.050829    0.022873
   2         4           1      0.006916    0.006916
   3         5           0      0.000000    0.000000    Roots Converged
 ---------------------------------------------------
 Triplets done: starting singlet calculation
 ---------------------------------------------------
 Iter    Rts Conv    Rts Left    Ttl Dev     Max Dev
 ---------------------------------------------------
   4         3           2      0.042400    0.033008
   5         4           1      0.003712    0.003712
   6         5           0      0.000000    0.000000    Roots Converged
 ---------------------------------------------------

 ---------------------------------------------------
               CIS Excitation Energies              
 ---------------------------------------------------

 Excited state   1: excitation energy (eV) =   10.1773
 Total energy for state  1:                   -74.59032049 au
    Multiplicity: Triplet
    Trans. Mom.:  0.0000 X   0.0000 Y   0.0000 Z
    Strength   :     0.0000000000
    D(  5) --> V(  1) amplitude =  1.0000

 Excited state   2: excitation energy (eV) =   12.2266
 Total energy for state  2:                   -74.51500783 au
    Multiplicity: Singlet
    Trans. Mom.: -0.0000 X   0.1058 Y  -0.0000 Z
    Strength   :     0.0033537495
    D(  5) --> V(  1) amplitude =  1.0000

 Excited state   3: excitation energy (eV) =   12.2743
 Total energy for state  3:                   -74.51325580 au
    Multiplicity: Triplet
    Trans. Mom.:  0.0000 X   0.0000 Y   0.0000 Z
    Strength   :     0.0000000000
    D(  3) --> V(  2) amplitude = -0.2310
    D(  4) --> V(  1) amplitude =  0.9676

 Excited state   4: excitation energy (eV) =   12.9040
 Total energy for state  4:                   -74.49011510 au
    Multiplicity: Triplet
    Trans. Mom.:  0.0000 X   0.0000 Y   0.0000 Z
    Strength   :     0.0000000000
    D(  5) --> V(  2) amplitude =  1.0000

 Excited state   5: excitation energy (eV) =   14.1315
 Total energy for state  5:                   -74.44500527 au
    Multiplicity: Triplet
    Trans. Mom.:  0.0000 X   0.0000 Y   0.0000 Z
    Strength   :     0.0000000000
    D(  3) --> V(  1) amplitude = -0.5360
    D(  4) --> V(  2) amplitude =  0.8429

 Excited state   6: excitation energy (eV) =   14.2466
 Total energy for state  6:                   -74.44077591 au
    Multiplicity: Singlet
    Trans. Mom.:  0.0000 X  -0.0000 Y  -0.0000 Z
    Strength   :     0.0000000000
    D(  5) --> V(  2) amplitude =  1.0000

 Excited state   7: excitation energy (eV) =   15.8635
 Total energy for state  7:                   -74.38135431 au
    Multiplicity: Singlet
    Trans. Mom.:  0.0000 X   0.0000 Y   0.4349 Z
    Strength   :     0.0735217921
    D(  3) --> V(  2) amplitude =  0.2478
    D(  4) --> V(  1) amplitude =  0.9669

 Excited state   8: excitation energy (eV) =   17.0482
 Total energy for state  8:                   -74.33782016 au
    Multiplicity: Triplet
    Trans. Mom.:  0.0000 X   0.0000 Y   0.0000 Z
    Strength   :     0.0000000000
    D(  3) --> V(  1) amplitude =  0.8340
    D(  4) --> V(  2) amplitude =  0.5373

 Excited state   9: excitation energy (eV) =   18.1613
 Total energy for state  9:                   -74.29691398 au
    Multiplicity: Singlet
    Trans. Mom.: -0.3367 X   0.0000 Y  -0.0000 Z
    Strength   :     0.0504561247
    D(  3) --> V(  1) amplitude =  0.4407
    D(  4) --> V(  2) amplitude =  0.8976

 Excited state  10: excitation energy (eV) =   21.0596
 Total energy for state 10:                   -74.19040335 au
    Multiplicity: Singlet
    Trans. Mom.:  1.5339 X   0.0000 Y   0.0000 Z
    Strength   :     1.2139728704
    D(  3) --> V(  1) amplitude =  0.8967
    D(  4) --> V(  2) amplitude = -0.4400

 ---------------------------------------------------
 Setting up for CIS(D)
  SETman timing summary (seconds)
  CPU time                 0.00s
  System time              0.00s
  Wall time                0.00s
 Algorithm is semi-direct
 Memory given =  190 MB     Disk given =  200 MB

 MP2 correlation energy    =     -0.0379533354 au
 Total ground state energy =    -75.0022821021 au

 ---------------------------------------------------
             CIS(D) Excitation Energies             
 ---------------------------------------------------

 CIS(D) excitation energy for state  1 singlet =  11.8759 eV
CISD Excitation Energy in AU   0.4364
CIS Excitation Energy in AU   0.3740
CISD Correlation Energy in AU   0.0624
 Mixing theta caused by each excited state
          1        2        3        4        5
         0.00     0.00     0.00     0.00     0.00
 Estimated CIS(D) corrected by each excited state
          1        2        3        4        5
       0.0000  11.8759  11.8759  11.8759  11.8759
       0.0000  14.2250  15.7393  18.3803  21.5928
 by state number  2     11.8759
 by state number  3     11.8759
 by state number  4     11.8759
 by state number  5     11.8759

 CIS(D) excitation energy for state  2 singlet =  14.2018 eV
CISD Excitation Energy in AU   0.5219
CIS Excitation Energy in AU   0.4511
CISD Correlation Energy in AU   0.0708
 Mixing theta caused by each excited state
          1        2        3        4        5
         0.00     0.00     0.00     0.00     0.00
 Estimated CIS(D) corrected by each excited state
          1        2        3        4        5
      11.8402   0.0000  14.2018  14.2018  14.2018
      14.2018   0.0000  15.7060  18.3570  21.5798
 by state number  1     14.2018
 by state number  3     14.2018
 by state number  4     14.2018
 by state number  5     14.2018

 CIS(D) excitation energy for state  3 singlet =  15.6772 eV
CISD Excitation Energy in AU   0.5761
CIS Excitation Energy in AU   0.4742
CISD Correlation Energy in AU   0.1019
 Mixing theta caused by each excited state
          1        2        3        4        5
         0.00     0.00     0.00     0.00     0.00
 Estimated CIS(D) corrected by each excited state
          1        2        3        4        5
      11.8094  14.1818   0.0000  15.6772  15.6772
      15.6772  15.6772   0.0000  18.3370  21.5686
 by state number  1     15.6772
 by state number  2     15.6772
 by state number  4     15.6772
 by state number  5     15.6772

 CIS(D) excitation energy for state  4 singlet =  18.3060 eV
CISD Excitation Energy in AU   0.6727
CIS Excitation Energy in AU   0.5193
CISD Correlation Energy in AU   0.1534
 Mixing theta caused by each excited state
          1        2        3        4        5
         0.00     0.00     0.00     0.00     0.89
 Estimated CIS(D) corrected by each excited state
          1        2        3        4        5
      11.7616  14.1508  15.6326   0.0000  18.3029
      18.3060  18.3060  18.3060   0.0000  21.5546
 by state number  1     18.3060
 by state number  2     18.3060
 by state number  3     18.3060
 by state number  5     18.3029

 CIS(D) excitation energy for state  5 singlet =  21.5275 eV
CISD Excitation Energy in AU   0.7911
CIS Excitation Energy in AU   0.6265
CISD Correlation Energy in AU   0.1646
 Mixing theta caused by each excited state
          1        2        3        4        5
         0.00     0.00     0.00     0.93     0.00
 Estimated CIS(D) corrected by each excited state
          1        2        3        4        5
      11.6937  14.1069  15.5692  18.2589   0.0000
      21.5275  21.5275  21.5275  21.5309   0.0000
 by state number  1     21.5275
 by state number  2     21.5275
 by state number  3     21.5275
 by state number  4     21.5309

 ---------------------------------------------------
 ------------------------------------------------------------------------------
                     CIS(D)        : Timing summary (seconds)
 ------------------------------------------------------------------------------
     job step          cpu (% of tot)      sys (% of tot)     wall (% of tot)
 ------------------------------------------------------------------------------
 ------------------------------------------------------------------------------
   Grand Totals     0.2645E-02          0.0000E+00          0.2672E-02
 ------------------------------------------------------------------------------
 Algorithm is semi-direct
 Memory given =  190 MB     Disk given =  200 MB

 MP2 correlation energy    =     -0.0379533354 au
 Total ground state energy =    -75.0022821021 au

 ---------------------------------------------------
             CIS(D) Excitation Energies             
 ---------------------------------------------------

 CIS(D) excitation energy for state  1 triplet =  10.1077 eV
CISD Excitation Energy in AU   0.3715
CIS Excitation Energy in AU   0.3740
CISD Correlation Energy in AU  -0.0026
 Mixing theta caused by each excited state
          1        2        3        4        5
         0.00     0.00     0.00     0.00     0.00
 Estimated CIS(D) corrected by each excited state
          1        2        3        4        5
       0.0000  10.1077  10.1077  10.1077  10.1077
       0.0000  12.5851  13.0478  14.6542  17.6304
 by state number  2     10.1077
 by state number  3     10.1077
 by state number  4     10.1077
 by state number  5     10.1077

 CIS(D) excitation energy for state  2 triplet =  12.5740 eV
CISD Excitation Energy in AU   0.4621
CIS Excitation Energy in AU   0.4511
CISD Correlation Energy in AU   0.0110
 Mixing theta caused by each excited state
          1        2        3        4        5
         0.00     0.00     0.00     0.00     0.00
 Estimated CIS(D) corrected by each excited state
          1        2        3        4        5
      10.0826   0.0000  12.5740  12.5740  12.5740
      12.5740   0.0000  13.0310  14.6510  17.6208
 by state number  1     12.5740
 by state number  3     12.5740
 by state number  4     12.5740
 by state number  5     12.5740

 CIS(D) excitation energy for state  3 triplet =  13.0257 eV
CISD Excitation Energy in AU   0.4787
CIS Excitation Energy in AU   0.4742
CISD Correlation Energy in AU   0.0045
 Mixing theta caused by each excited state
          1        2        3        4        5
         0.00     0.00     0.00     0.00     0.00
 Estimated CIS(D) corrected by each excited state
          1        2        3        4        5
      10.0746  12.5705   0.0000  13.0257  13.0257
      13.0257  13.0257   0.0000  14.6499  17.6178
 by state number  1     13.0257
 by state number  2     13.0257
 by state number  4     13.0257
 by state number  5     13.0257

 CIS(D) excitation energy for state  4 triplet =  14.6479 eV
CISD Excitation Energy in AU   0.5383
CIS Excitation Energy in AU   0.5193
CISD Correlation Energy in AU   0.0190
 Mixing theta caused by each excited state
          1        2        3        4        5
         0.00     0.00     0.00     0.00     0.72
 Estimated CIS(D) corrected by each excited state
          1        2        3        4        5
      10.0584  12.5635  13.0149   0.0000  14.6461
      14.6479  14.6479  14.6479   0.0000  17.6135
 by state number  1     14.6479
 by state number  2     14.6479
 by state number  3     14.6479
 by state number  5     14.6461

 CIS(D) excitation energy for state  5 triplet =  17.5962 eV
CISD Excitation Energy in AU   0.6466
CIS Excitation Energy in AU   0.6265
CISD Correlation Energy in AU   0.0201
 Mixing theta caused by each excited state
          1        2        3        4        5
         0.00     0.00     0.00     0.73     0.00
 Estimated CIS(D) corrected by each excited state
          1        2        3        4        5
      10.0161  12.5453  12.9869  14.6406   0.0000
      17.5962  17.5962  17.5962  17.5982   0.0000
 by state number  1     17.5962
 by state number  2     17.5962
 by state number  3     17.5962
 by state number  4     17.5982

 ---------------------------------------------------
 ------------------------------------------------------------------------------
                     CIS(D)        : Timing summary (seconds)
 ------------------------------------------------------------------------------
     job step          cpu (% of tot)      sys (% of tot)     wall (% of tot)
 ------------------------------------------------------------------------------
 ------------------------------------------------------------------------------
   Grand Totals     0.4122E-02          0.0000E+00          0.4161E-02
 ------------------------------------------------------------------------------

 --------------------------------------------------------------
             Orbital Energies (a.u.) and Symmetries
 --------------------------------------------------------------

 Alpha MOs, Restricted
 -- Occupied --                  
-20.244  -1.251  -0.603  -0.445  -0.388
  1 A1    2 A1    1 B1    3 A1    1 B2                                         
 -- Virtual --                   
  0.571   0.709
  4 A1    2 B1                                                                 

 Beta MOs, Restricted
 -- Occupied --                  
-20.244  -1.251  -0.603  -0.445  -0.388
  1 A1    2 A1    1 B1    3 A1    1 B2                                         
 -- Virtual --                   
  0.571   0.709
  4 A1    2 B1                                                                 
 --------------------------------------------------------------

          Ground-State Mulliken Net Atomic Charges

     Atom                 Charge (a.u.)
  ----------------------------------------
      1 O                    -0.339214
      2 H                     0.169607
      3 H                     0.169607
  ----------------------------------------
  Sum of atomic charges =    -0.000000

 -----------------------------------------------------------------
                    Cartesian Multipole Moments
 -----------------------------------------------------------------
    Charge (ESU x 10^10)
                -0.0000
    Dipole Moment (Debye)
         X      -0.0000      Y      -0.0000      Z      -1.6735
       Tot       1.6735
    Quadrupole Moments (Debye-Ang)
        XX      -4.2950     XY      -0.0000     YY      -6.1213
        XZ      -0.0000     YZ      -0.0000     ZZ      -5.4175
    Octopole Moments (Debye-Ang^2)
       XXX       0.0000    XXY      -0.0000    XYY       0.0000
       YYY      -0.0000    XXZ      -0.5848    XYZ      -0.0000
       YYZ       0.0136    XZZ      -0.0000    YZZ      -0.0000
       ZZZ      -0.1457
    Hexadecapole Moments (Debye-Ang^3)
      XXXX      -6.8264   XXXY      -0.0000   XXYY      -1.8585
      XYYY      -0.0000   YYYY      -3.2614   XXXZ      -0.0000
      XXYZ      -0.0000   XYYZ      -0.0000   YYYZ      -0.0000
      XXZZ      -1.7504   XYZZ      -0.0000   YYZZ      -1.4123
      XZZZ      -0.0000   YZZZ      -0.0000   ZZZZ      -4.9965
 -----------------------------------------------------------------
Archival summary:
1\1\osmium\SP\MP2\STO-3G\12\eric\MonDec1700:03:442018MonDec1700:03:442018\0\\#,MP2,STO-3G,\\0,1\O\H,1,0.99\H,1,0.99,2,106\\HF=-74.9643288\MP2=0\\@

 Total job time:  0.08s(wall), 0.07s(cpu) 
 Mon Dec 17 00:03:44 2018

        *************************************************************
        *                                                           *
        *  Thank you very much for using Q-Chem.  Have a nice day.  *
        *                                                           *
        *************************************************************


