Job dvb_un_sp started on c-gle.ch.cam.ac.uk at Thu Apr  6 14:12:05 2006
  +--------------------------------------------------------------------+
  |  Jaguar version 4.2, release  77                                   |
  |                                                                    |
  |  Copyright 1991-2000 Schrodinger, Inc.                             |
  |  All Rights Reserved.                                              |
  |                                                                    |
  |  Use of this program should be acknowledged in publications as:    |
  |  Jaguar 4.2, Schrodinger, Inc., Portland, Oregon, 2000.            |
  +--------------------------------------------------------------------+
   
  start of program pre
  Job name: dvb_un_sp
  Executables used: /usr/glea/schrodinger/jaguar-v42077/bin/Linux-x86
  Temporary files : /home/tmp/rsp25/dvb_un_sp
  
  Input file comments:
    ../../Gaussian/basicGaussian03/dvb_sp.out
    
    entry_name: dvb_sp-1
  
  basis set:             sto-3g          
  net molecular charge:    1
  multiplicity:            2
  
  number of basis functions....   60
  no dealiasing set available for atom   1
  switch to all-analytic calculation
  
 Input geometry:
                                angstroms
  atom            x                 y                 z
  C1        0.2694810000     -1.4100870000      0.0000000000 
  C2       -1.0647520000     -0.9207000000      0.0000000000 
  C3       -1.3254340000      0.4570290000      0.0000000000 
  C4       -0.2694810000      1.4100870000      0.0000000000 
  C5        1.0647520000      0.9207000000      0.0000000000 
  H6       -1.9044340000     -1.6275960000      0.0000000000 
  H7       -2.3647720000      0.8131670000      0.0000000000 
  H8        1.9044340000      1.6275960000      0.0000000000 
  C9       -0.6037320000      2.8699170000      0.0000000000 
  C10       0.2694810000      3.8919520000      0.0000000000 
  H11       1.3551660000      3.7420140000      0.0000000000 
  H12      -1.6819040000      3.0900050000      0.0000000000 
  H13      -0.0740290000      4.9329690000      0.0000000000 
  C14       0.6037320000     -2.8699170000      0.0000000000 
  H15       1.6819040000     -3.0900050000      0.0000000000 
  C16      -0.2694810000     -3.8919520000      0.0000000000 
  H17      -1.3551660000     -3.7420140000      0.0000000000 
  H18       0.0740290000     -4.9329690000      0.0000000000 
  C19       1.3254340000     -0.4570290000      0.0000000000 
  H20       2.3647720000     -0.8131670000      0.0000000000 
   
  Molecular weight:     130.08 amu
  
   
  Stoichiometry: C10H10
  Molecular Point Group: C2h     
  Point Group used: C1 (symmetry turned off)
 
  bond lengths (angstroms):
 
  C1   C2  :   1.421154       C1   C14 :   1.497607
  C1   C19 :   1.422447       C2   C3  :   1.402174
  C2   H6  :   1.097619       C3   C4  :   1.422447
  C3   H7  :   1.098662       C4   C5  :   1.421154
  C4   C9  :   1.497607       C5   H8  :   1.097619
  C5   C19 :   1.402174       C9   C10 :   1.344268
  C9   H12 :   1.100406       C10  H11 :   1.095990
  C10  H13 :   1.096228       C14  H15 :   1.100406
  C14  C16 :   1.344268       C16  H17 :   1.095990
  C16  H18 :   1.096228       C19  H20 :   1.098662
 
  bond angles
 
  C14  C1   C2  : 123.039140       C19  C1   C2  : 117.789270
  C19  C1   C14 : 119.171590       C3   C2   C1  : 120.857022
  H6   C2   C1  : 119.764592       H6   C2   C3  : 119.378387
  C4   C3   C2  : 121.353708       H7   C3   C2  : 119.628810
  H7   C3   C4  : 119.017482       C5   C4   C3  : 117.789270
  C9   C4   C3  : 119.171590       C9   C4   C5  : 123.039140
  H8   C5   C4  : 119.764592       C19  C5   C4  : 120.857022
  C19  C5   H8  : 119.378387       C10  C9   C4  : 126.593399
  H12  C9   C4  : 114.433788       H12  C9   C10 : 118.972814
  H11  C10  C9  : 122.647066       H13  C10  C9  : 121.228248
  H13  C10  H11 : 116.124686       H15  C14  C1  : 114.433788
  C16  C14  C1  : 126.593399       C16  C14  H15 : 118.972814
  H17  C16  C14 : 122.647066       H18  C16  C14 : 121.228248
  H18  C16  H17 : 116.124686       C5   C19  C1  : 121.353708
  H20  C19  C1  : 119.017482       H20  C19  C5  : 119.628810
 
  torsional angles
 
  C1   C2   C3   C4  :   0.000000       C1   C2   C3   H7  : 180.000000
  C1   C14  C16  H17 :   0.000000       C1   C14  C16  H18 : 180.000000
  C1   C19  C5   C4  :   0.000000       C1   C19  C5   H8  : 180.000000
  C2   C1   C14  H15 : 180.000000       C2   C1   C14  C16 :   0.000000
  C2   C1   C19  C5  :   0.000001       C2   C1   C19  H20 : 180.000000
  C2   C3   C4   C5  :   0.000001       C2   C3   C4   C9  : 180.000000
  C3   C2   C1   C14 : 180.000000       C3   C2   C1   C19 :   0.000000
  C3   C4   C5   H8  : 180.000000       C3   C4   C5   C19 :   0.000000
  C3   C4   C9   C10 : 180.000000       C3   C4   C9   H12 :   0.000000
  C4   C3   C2   H6  : 180.000000       C4   C5   C19  H20 : 180.000000
  C4   C9   C10  H11 :   0.000000       C4   C9   C10  H13 : 180.000000
  C5   C4   C3   H7  : 180.000000       C5   C4   C9   C10 :   0.000000
  C5   C4   C9   H12 : 180.000000       C5   C19  C1   C14 : 180.000000
  H6   C2   C1   C14 :   0.000000       H6   C2   C1   C19 : 180.000000
  H6   C2   C3   H7  :   0.000000       H7   C3   C4   C9  :   0.000000
  H8   C5   C4   C9  :   0.000000       H8   C5   C19  H20 :   0.000000
  C9   C4   C5   C19 : 180.000000       H11  C10  C9   H12 : 180.000000
  H12  C9   C10  H13 :   0.000000       C14  C1   C19  H20 :   0.000000
  H15  C14  C1   C19 :   0.000000       H15  C14  C16  H17 : 180.000000
  H15  C14  C16  H18 :   0.000000       C16  C14  C1   C19 : 180.000000
 
  nuclear repulsion energy.......   445.899347663 hartrees
 
 Non-default options chosen:
   SCF calculation type: UDFT            
   UDFT=Becke_3_Parameter/HF+Slater+Becke88+VWN+LYP (B3LYP)
   Forces will be computed, but geometry will not be optimized
   Vibrational frequencies and related properties will be computed
      from analytic second derivatives
   HF Initial guess: read from Jaguar .in file
   J and K strips stored in core if nfb*nham < 1500
  
 Non-default print settings:
     11= 2
  
  end of program pre
   
   
  start of program onee
  smallest eigenvalue of S:    1.814E-01
  number of canonical orbitals.....   60
  end of program onee
   
   
  start of program hfig
  initial wavefunction read from .in file
  
 Unrestricted initial guess not found
 Will try to use restricted guess
  
   45  orbitals read from .in file
  virtual orbitals input are ignored
  Largest Normalization error   5.551115123125782E-015
  RMS Normalization error   6.968997210286370E-016
  
  
    Unrestricted Spin Properties ...
    Sz*(Sz+1) ..............     0.750
    <S**2> of initial guess      0.750
  
  
  end of program hfig
   
   
  start of program probe
  end of program probe
   
   
  start of program grid
   
  number of gridpoints: 
     atom        C1     C2     C3     C4     C5     H6     H7     H8
  grid # 1     4304   4304   4304   4304   4304   4304   4304   4304
  grid # 2     1192   1192   1192   1192   1192   1192   1192   1192
  grid # 3     5226   5226   5226   5226   5226   5226   5226   5226
   
  number of gridpoints: 
     atom        C9    C10    H11    H12    H13    C14    H15    C16
  grid # 1     4304   4304   4304   4304   4304   4304   4304   4304
  grid # 2     1192   1192   1192   1192   1192   1192   1192   1192
  grid # 3     5226   5226   5226   5226   5226   5226   5226   5226
   
  number of gridpoints: 
     atom       H17    H18    C19    H20  total
  grid # 1     4304   4304   4304   4304  86080
  grid # 2     1192   1192   1192   1192  23840
  grid # 3     5226   5226   5226   5226 104520
   
  end of program grid
   
   
  start of program scfa
 number of electrons..........         69
 number of alpha electrons....         35
 number of beta electrons.....         34
 number of alpha orbitals.....         60
 number of beta orbitals......         60
 number of alpha occupied orb..        35
 number of alpha virtual orb...        25
 number of beta occupied orb...        34
 number of beta virtual orb....        26
 SCF type: UDFT=Becke_3_Parameter/HF+Slater+Becke88+VWN+LYP (B3LYP)
  
       i  u  d  i  g                 
       t  p  i  c  r                               RMS    maximum
       e  d  i  u  i                     energy  density   DIIS  
       r  t  s  t  d     total energy    change  change    error 
  
etot   1  N  N  0  N  -382.06476343152           1.3E-03  1.9E-02
etot   2  Y  Y  0  N  -382.07620216078  1.1E-02  4.7E-04  1.5E-02
etot   3  N  Y  0  N  -382.08064655909  4.4E-03  1.3E-04  5.1E-03
etot   4  Y  Y  0  N  -382.08103575426  3.9E-04  1.7E-04  3.0E-03
etot   5  Y  Y  0  N  -382.08128719753  2.5E-04  7.8E-05  2.4E-03
etot   6  Y  Y  0  N  -382.08135795749  7.1E-05  5.5E-05  8.7E-04
etot   7  N  Y  0  N  -382.08137882090  2.1E-05  2.0E-05  3.7E-04
etot   8  Y  Y  0  N  -382.08138190648  3.1E-06  8.8E-06  1.6E-04
etot   9  Y  Y  0  N  -382.08138256644  6.6E-07  4.8E-06  8.5E-05
etot  10  Y  N  0  N  -382.08138267276  1.1E-07  0.0E+00  0.0E+00
  
  
 Energy components, in hartrees:
   (A)  Nuclear repulsion............   445.89934766251
   (E)  Total one-electron terms..... -1386.55973315882
   (I)  Total two-electron terms.....   558.57900282354
   (L)  Electronic energy............  -827.98073033527  (E+I)
   (N)  Total energy.................  -382.08138267276  (A+L)
  
                                 Total             Coulomb       Exchange+Corr.
 Total two-electron terms   558.57900282354   615.94139745295   -57.36239462941
   Hamiltonian  1........   291.36756393612   311.90220571547   -20.53464177936
   Hamiltonian  2........   283.87855558788   304.03919173748   -20.16063614960
  
 SCFE: SCF energy: UDFT    -382.08138267276 hartrees   iterations:  10
  
 
 Alpha HOMO energy:    -0.36975
LUMO energy:   -0.17750
 
  Alpha Orbital energies: 
  -10.25358  -10.25353  -10.21931  -10.21927  -10.21792  -10.21782
  -10.21773  -10.21772  -10.21537  -10.21537   -1.02078   -0.96193
   -0.92165   -0.89905   -0.87687   -0.78726   -0.75962   -0.72274
   -0.70380   -0.65031   -0.63512   -0.60375   -0.59604   -0.58791
   -0.56839   -0.55243   -0.53736   -0.53366   -0.50119   -0.49297
   -0.48269   -0.47367   -0.41796   -0.39421   -0.36975   -0.17750
   -0.11128   -0.09444   -0.02960    0.06019    0.13951    0.14908
    0.17924    0.19661    0.21543    0.22102    0.23989    0.24156
    0.26213    0.28527    0.32050    0.34375    0.37960    0.39895
    0.42557    0.43815    0.47768    0.50599    0.56819    0.58202
 
 
 Beta HOMO energy:    -0.38882
LUMO energy:   -0.30054
 
  Beta Orbital energies: 
  -10.25060  -10.25056  -10.21900  -10.21897  -10.21857  -10.21857
  -10.21770  -10.21759  -10.21091  -10.21091   -1.01473   -0.95449
   -0.91379   -0.89741   -0.86468   -0.78194   -0.75557   -0.71884
   -0.70068   -0.64811   -0.63305   -0.60101   -0.59325   -0.58502
   -0.56767   -0.54949   -0.53541   -0.51737   -0.49958   -0.49148
   -0.48112   -0.45085   -0.39103   -0.38882   -0.30054   -0.14706
   -0.10317   -0.07373   -0.00823    0.07639    0.14194    0.15097
    0.18110    0.19812    0.22105    0.22637    0.24294    0.24658
    0.26928    0.29046    0.32423    0.34722    0.38108    0.40110
    0.42990    0.44071    0.48146    0.51139    0.57191    0.58519
 
  
  
    Unrestricted Spin Properties ...
    Sz*(Sz+1)      0.750
    <S**2> ...     0.778
  
  
  end of program scfa
   
   
  start of program cutabab2
  end of program cutabab2
   
   
  start of program der1a
  end of program der1a
   
   
  start of program der1bb
   
  forces (hartrees/bohr) : total     
   
 atom  label          x              y              z
 ----  -----   -------------  -------------  -------------
   1    C1      5.422992E-03  -3.790430E-02   1.409214E-10
   2    C2     -2.663150E-02   1.802784E-02   4.707724E-10
   3    C3     -1.843837E-02  -2.634561E-02   1.157641E-10
   4    C4     -5.422437E-03   3.790340E-02  -3.615118E-10
   5    C5      2.663217E-02  -1.802727E-02  -2.491073E-10
   6    H6     -1.889702E-03  -3.939693E-04  -1.343639E-11
   7    H7     -1.872513E-03   9.763203E-05   9.471461E-11
   8    H8      1.891003E-03   3.945037E-04   2.286505E-10
   9    C9     -2.297597E-02  -4.405113E-02  -2.249351E-10
  10    C10     2.349467E-02   1.942089E-02  -6.376566E-10
  11    H11     4.807172E-03  -1.085909E-04   2.800574E-10
  12    H12    -1.871202E-03   1.836280E-04   1.249244E-10
  13    H13    -2.195632E-03   4.372889E-03   9.675983E-11
  14    C14     2.297522E-02   4.405066E-02   1.250088E-10
  15    H15     1.871853E-03  -1.829309E-04   1.245295E-10
  16    C16    -2.349515E-02  -1.942142E-02   9.411924E-10
  17    H17    -4.807064E-03   1.086396E-04  -1.794668E-10
  18    H18     2.195606E-03  -4.372809E-03   9.408450E-11
  19    C19     1.843616E-02   2.634442E-02  -6.193558E-11
  20    H20     1.872686E-03  -9.647966E-05  -8.754867E-11
 -----------   -------------  -------------  -------------
    total       6.198483E-10  -1.763837E-09   1.021782E-09
   
  end of program der1bb
   
   
  start of program scf 
 number of electrons..........         69
 number of alpha electrons....         35
 number of beta electrons.....         34
 number of alpha orbitals.....         60
 number of beta orbitals......         60
 number of alpha occupied orb..        35
 number of alpha virtual orb...        25
 number of beta occupied orb...        34
 number of beta virtual orb....        26
 SCF type: UDFT=Becke_3_Parameter/HF+Slater+Becke88+VWN+LYP (B3LYP)
  
       i  u  d  i  g                 
       t  p  i  c  r                               RMS    maximum
       e  d  i  u  i                     energy  density   DIIS  
       r  t  s  t  d     total energy    change  change    error 
  
etot   1  N  N  0  N  -382.08138345188           1.2E-06  2.9E-05
etot   2  Y  N  0  N  -382.08138345533  3.4E-09  0.0E+00  0.0E+00
  
  
 Energy components, in hartrees:
   (A)  Nuclear repulsion............   445.89934766251
   (E)  Total one-electron terms..... -1386.55992593883
   (I)  Total two-electron terms.....   558.57919482099
   (L)  Electronic energy............  -827.98073111784  (E+I)
   (N)  Total energy.................  -382.08138345533  (A+L)
  
                                 Total             Coulomb       Exchange+Corr.
 Total two-electron terms   558.57919482099   615.94159333159   -57.36239851060
   Hamiltonian  1........   291.36748982096   311.90213324101   -20.53464342005
   Hamiltonian  2........   283.87882280953   304.03946009059   -20.16063728105
  
 SCFE: SCF energy: UDFT    -382.08138345533 hartrees   iterations:   2
  
 
 Alpha HOMO energy:    -0.36976
LUMO energy:   -0.17750
 
  Alpha Orbital energies: 
  -10.25357  -10.25352  -10.21931  -10.21927  -10.21790  -10.21780
  -10.21772  -10.21771  -10.21539  -10.21538   -1.02077   -0.96192
   -0.92166   -0.89905   -0.87687   -0.78725   -0.75962   -0.72275
   -0.70380   -0.65031   -0.63511   -0.60375   -0.59604   -0.58792
   -0.56838   -0.55243   -0.53736   -0.53365   -0.50120   -0.49297
   -0.48269   -0.47367   -0.41797   -0.39420   -0.36976   -0.17750
   -0.11127   -0.09444   -0.02960    0.06020    0.13951    0.14908
    0.17925    0.19661    0.21543    0.22102    0.23990    0.24156
    0.26213    0.28527    0.32050    0.34375    0.37961    0.39896
    0.42557    0.43815    0.47768    0.50599    0.56820    0.58203
 
 
 Beta HOMO energy:    -0.38882
LUMO energy:   -0.30054
 
  Beta Orbital energies: 
  -10.25060  -10.25055  -10.21900  -10.21897  -10.21856  -10.21856
  -10.21768  -10.21757  -10.21092  -10.21092   -1.01472   -0.95449
   -0.91379   -0.89740   -0.86468   -0.78194   -0.75557   -0.71884
   -0.70067   -0.64811   -0.63305   -0.60101   -0.59325   -0.58502
   -0.56766   -0.54949   -0.53541   -0.51737   -0.49958   -0.49147
   -0.48111   -0.45084   -0.39102   -0.38882   -0.30054   -0.14706
   -0.10316   -0.07373   -0.00823    0.07639    0.14194    0.15097
    0.18111    0.19812    0.22105    0.22638    0.24294    0.24658
    0.26928    0.29046    0.32424    0.34722    0.38108    0.40111
    0.42990    0.44071    0.48146    0.51139    0.57192    0.58519
 
  
  
    Unrestricted Spin Properties ...
    Sz*(Sz+1)      0.750
    <S**2> ...     0.778
  
  
  end of program scf 
   
   
  start of program cutabab2
  end of program cutabab2
   
   
  start of program der2a
  end of program der2a
   
   
  start of program der2b
  end of program der2b
   
   
  start of program der2nda
  end of program der2nda
   
   
  start of program der2ndb
  end of program der2ndb
   
   
  start of program cphfa
 WARNING: The diagonal element of A is negative
  Ignore the scaling matrix 
       1  vectors produced in CPHF
  
     v    i  j  k  i  g
     e    t  c  c  c  r
     c    e  o  o  u  i
     t    r  r  r  t  d       RMS  
  
     1    1  5  2  0  N     1.2E-02
     1    2  5  2  0  N     2.6E-03
     1    3  5  2  0  N     1.6E-03
     1    4  5  2  0  N     4.5E-04
     1    5  5  2  0  N     2.6E-04
     1    6  5  2  0  N     5.7E-05
     1    7  5  2  0  N     3.9E-05
  end of program cphfa
   
   
  start of program freq
   
  harmonic frequencies in cm**-1 reduced masses and 
  normal modes in cartesian coordinates:
  
  frequencies  -167.79  -138.68   110.61   120.09   212.65   261.23   392.82
  reduc. mass     1.13     0.71     0.84     1.46     1.17     0.83     0.85
    C1   X     0.00000  0.00000  0.00000  0.05332 -0.06650  0.00000  0.00002
    C1   Y     0.00000  0.00000  0.00000 -0.01271 -0.01893  0.00000 -0.00002
    C1   Z    -0.03012  0.04636  0.03021  0.00000  0.00000  0.11545 -0.09923
    C2   X     0.00000  0.00000  0.00000  0.05637 -0.04418  0.00000  0.00002
    C2   Y     0.00000  0.00000  0.00000 -0.00861  0.03682  0.00000 -0.00001
    C2   Z    -0.00446  0.07569  0.09004  0.00000  0.00000  0.06876 -0.02332
    C3   X     0.00000  0.00000  0.00000  0.05701  0.02858  0.00000  0.00000
    C3   Y     0.00000  0.00000  0.00000 -0.01423  0.05353  0.00000 -0.00001
    C3   Z    -0.02356  0.03392  0.07646  0.00000  0.00000 -0.07509  0.10807
    C4   X     0.00000  0.00000  0.00000  0.05322  0.06656  0.00000 -0.00002
    C4   Y     0.00000  0.00000  0.00000 -0.01271  0.01892  0.00000  0.00002
    C4   Z    -0.03013 -0.04635  0.03021  0.00000  0.00000 -0.11545 -0.09923
    C5   X     0.00000  0.00000  0.00000  0.05630  0.04425  0.00000 -0.00002
    C5   Y     0.00000  0.00000  0.00000 -0.00856 -0.03682  0.00000  0.00001
    C5   Z    -0.00447 -0.07570  0.09003  0.00000  0.00000 -0.06876 -0.02332
    H6   X     0.00000  0.00000  0.00000  0.05322 -0.07666  0.00000  0.00002
    H6   Y     0.00000  0.00000  0.00000 -0.00292  0.07320  0.00000 -0.00001
    H6   Z    -0.00190  0.15111  0.10542  0.00000  0.00000  0.10538  0.01259
    H7   X     0.00000  0.00000  0.00000  0.05729  0.04528  0.00000 -0.00001
    H7   Y     0.00000  0.00000  0.00000 -0.01483  0.10263  0.00000 -0.00004
    H7   Z    -0.03421  0.06706  0.07935  0.00000  0.00000 -0.13226  0.28626
    H8   X     0.00000  0.00000  0.00000  0.05312  0.07672  0.00000 -0.00002
    H8   Y     0.00000  0.00000  0.00000 -0.00283 -0.07319  0.00000  0.00001
    H8   Z    -0.00191 -0.15112  0.10541  0.00000  0.00000 -0.10539  0.01259
    C9   X     0.00000  0.00000  0.00000 -0.01681  0.03917  0.00000  0.00000
    C9   Y     0.00000  0.00000  0.00000 -0.03173  0.01466  0.00000  0.00004
    C9   Z    -0.08184 -0.09666 -0.09891  0.00000  0.00000  0.02668 -0.04636
    C10  X     0.00000  0.00000  0.00000 -0.12602 -0.06977  0.00000  0.00001
    C10  Y     0.00000  0.00000  0.00000  0.06136  0.10959  0.00000  0.00003
    C10  Z     0.12806  0.09218 -0.08164  0.00000  0.00000  0.02750  0.01766
    H11  X     0.00000  0.00000  0.00000 -0.10801 -0.05021  0.00000  0.00001
    H11  Y     0.00000  0.00000  0.00000  0.18557  0.24159  0.00000  0.00002
    H11  Z     0.35620  0.29245  0.07145  0.00000  0.00000 -0.21648 -0.17653
    H12  X     0.00000  0.00000  0.00000 -0.03490  0.02400  0.00000  0.00000
    H12  Y     0.00000  0.00000  0.00000 -0.11904 -0.05744  0.00000  0.00006
    H12  Z    -0.26161 -0.24384 -0.23218  0.00000  0.00000  0.22548  0.11206
    H13  X     0.00000  0.00000  0.00000 -0.25053 -0.20372  0.00000  0.00003
    H13  Y     0.00000  0.00000  0.00000  0.02029  0.06580  0.00000  0.00004
    H13  Z     0.08362  0.06192 -0.21646  0.00000  0.00000  0.26498  0.27968
    C14  X     0.00000  0.00000  0.00000 -0.01677 -0.03919  0.00000  0.00000
    C14  Y     0.00000  0.00000  0.00000 -0.03175 -0.01471  0.00000 -0.00004
    C14  Z    -0.08184  0.09667 -0.09890  0.00000  0.00000 -0.02668 -0.04636
    H15  X     0.00000  0.00000  0.00000 -0.03488 -0.02404  0.00000  0.00000
    H15  Y     0.00000  0.00000  0.00000 -0.11914  0.05729  0.00000 -0.00006
    H15  Z    -0.26158  0.24387 -0.23217  0.00000  0.00000 -0.22547  0.11206
    C16  X     0.00000  0.00000  0.00000 -0.12611  0.06962  0.00000 -0.00001
    C16  Y     0.00000  0.00000  0.00000  0.06146 -0.10953  0.00000 -0.00003
    C16  Z     0.12805 -0.09219 -0.08164  0.00000  0.00000 -0.02750  0.01766
    H17  X     0.00000  0.00000  0.00000 -0.10807  0.05009  0.00000 -0.00001
    H17  Y     0.00000  0.00000  0.00000  0.18581 -0.24139  0.00000 -0.00002
    H17  Z     0.35617 -0.29249  0.07145  0.00000  0.00000  0.21649 -0.17653
    H18  X     0.00000  0.00000  0.00000 -0.25076  0.20343  0.00000 -0.00003
    H18  Y     0.00000  0.00000  0.00000  0.02034 -0.06579  0.00000 -0.00004
    H18  Z     0.08361 -0.06192 -0.21646  0.00000  0.00000 -0.26498  0.27968
    C19  X     0.00000  0.00000  0.00000  0.05704 -0.02852  0.00000  0.00000
    C19  Y     0.00000  0.00000  0.00000 -0.01416 -0.05354  0.00000  0.00001
    C19  Z    -0.02356 -0.03392  0.07646  0.00000  0.00000  0.07509  0.10807
    H20  X     0.00000  0.00000  0.00000  0.05734 -0.04522  0.00000  0.00001
    H20  Y     0.00000  0.00000  0.00000 -0.01468 -0.10264  0.00000  0.00004
    H20  Z    -0.03421 -0.06706  0.07935  0.00000  0.00000  0.13226  0.28626
  
  frequencies   393.90   404.43   467.94   551.07   557.53   632.33   634.77
  reduc. mass     1.25     1.07     0.92     0.51     0.92     2.27     0.52
    C1   X     0.05838  0.00000 -0.02850  0.00000 -0.04626  0.04951  0.00000
    C1   Y    -0.06629  0.00000 -0.03263  0.00000 -0.06711  0.00502  0.00000
    C1   Z     0.00003  0.06466  0.00000 -0.00725  0.00000  0.00000  0.09573
    C2   X     0.06639  0.00000 -0.04784  0.00000 -0.02346  0.05524  0.00000
    C2   Y    -0.02484  0.00000 -0.05561  0.00000  0.02270  0.12352  0.00000
    C2   Z     0.00001 -0.12456  0.00000  0.07578  0.00000  0.00000  0.01109
    C3   X     0.00632  0.00000 -0.04776  0.00000  0.07420 -0.09168  0.00000
    C3   Y    -0.01898  0.00000 -0.04404  0.00000  0.04844  0.09660  0.00000
    C3   Z    -0.00004  0.08103  0.00000 -0.07410  0.00000  0.00000  0.00363
    C4   X    -0.05839  0.00000 -0.02849  0.00000  0.04626 -0.04951  0.00000
    C4   Y     0.06630  0.00000 -0.03263  0.00000  0.06711 -0.00504  0.00000
    C4   Z     0.00003  0.06466  0.00000  0.00725  0.00000  0.00000  0.09573
    C5   X    -0.06640  0.00000 -0.04783  0.00000  0.02346 -0.05527  0.00000
    C5   Y     0.02484  0.00000 -0.05558  0.00000 -0.02270 -0.12348  0.00000
    C5   Z     0.00001 -0.12456  0.00000 -0.07578  0.00000  0.00000  0.01109
    H6   X     0.06155  0.00000 -0.05027  0.00000 -0.10587  0.08286  0.00000
    H6   Y    -0.01996  0.00000 -0.05354  0.00000  0.11927  0.09034  0.00000
    H6   Z     0.00001 -0.32495  0.00000  0.14542  0.00000 -0.00001 -0.24642
    H7   X    -0.02498  0.00000 -0.05113  0.00000  0.08394 -0.10695  0.00000
    H7   Y    -0.10693  0.00000 -0.04843  0.00000  0.07350  0.05248  0.00000
    H7   Z    -0.00011  0.11963  0.00000 -0.12118  0.00000 -0.00001 -0.25773
    H8   X    -0.06156  0.00000 -0.05027  0.00000  0.10587 -0.08290  0.00000
    H8   Y     0.01996  0.00000 -0.05352  0.00000 -0.11926 -0.09027  0.00000
    H8   Z     0.00001 -0.32495  0.00000 -0.14543  0.00000 -0.00001 -0.24642
    C9   X    -0.00726  0.00000  0.10163  0.00000 -0.10082 -0.01776  0.00000
    C9   Y     0.11614  0.00000  0.01560  0.00000  0.04672  0.00285  0.00000
    C9   Z     0.00002  0.01028  0.00000  0.09030  0.00000  0.00000 -0.08476
    C10  X     0.03306  0.00000  0.02858  0.00000 -0.02209 -0.01332  0.00000
    C10  Y     0.09234  0.00000  0.09593  0.00000 -0.03412 -0.00750  0.00000
    C10  Z    -0.00001 -0.00629  0.00000 -0.01024  0.00000  0.00000  0.00417
    H11  X     0.02886  0.00000  0.05363  0.00000 -0.05225 -0.01687  0.00000
    H11  Y     0.05692  0.00000  0.26340  0.00000 -0.24541 -0.03342  0.00000
    H11  Z     0.00006  0.15879  0.00000  0.26064  0.00000 -0.00001 -0.23012
    H12  X     0.00011  0.00000  0.10537  0.00000 -0.10896 -0.01755  0.00000
    H12  Y     0.16126  0.00000  0.04006  0.00000  0.00839  0.00430  0.00000
    H12  Z    -0.00004 -0.07805  0.00000 -0.06216  0.00000  0.00000  0.03475
    H13  X     0.07195  0.00000 -0.13023  0.00000  0.17443  0.00681  0.00000
    H13  Y     0.10642  0.00000  0.04547  0.00000  0.02961 -0.00107  0.00000
    H13  Z    -0.00010 -0.17459  0.00000 -0.39466  0.00000  0.00001  0.34399
    C14  X     0.00725  0.00000  0.10162  0.00000  0.10084  0.01785  0.00000
    C14  Y    -0.11613  0.00000  0.01559  0.00000 -0.04673 -0.00294  0.00000
    C14  Z     0.00002  0.01028  0.00000 -0.09030  0.00000  0.00000 -0.08476
    H15  X    -0.00012  0.00000  0.10536  0.00000  0.10897  0.01764  0.00000
    H15  Y    -0.16122 -0.00001  0.04005  0.00000 -0.00841 -0.00439  0.00000
    H15  Z    -0.00004 -0.07805  0.00000  0.06216  0.00000  0.00000  0.03475
    C16  X    -0.03303  0.00000  0.02857  0.00000  0.02209  0.01333  0.00000
    C16  Y    -0.09236  0.00000  0.09591  0.00000  0.03412  0.00747  0.00000
    C16  Z    -0.00001 -0.00629  0.00000  0.01024  0.00000  0.00000  0.00417
    H17  X    -0.02884  0.00000  0.05362  0.00000  0.05225  0.01690  0.00000
    H17  Y    -0.05701  0.00000  0.26336  0.00000  0.24546  0.03359  0.00000
    H17  Z     0.00006  0.15880  0.00000 -0.26065  0.00000 -0.00001 -0.23011
    H18  X    -0.07185  0.00000 -0.13021  0.00000 -0.17448 -0.00700  0.00000
    H18  Y    -0.10642  0.00000  0.04546  0.00000 -0.02962  0.00099  0.00000
    H18  Z    -0.00010 -0.17459  0.00000  0.39466  0.00000  0.00001  0.34399
    C19  X    -0.00633  0.00000 -0.04778  0.00000 -0.07421  0.09162  0.00000
    C19  Y     0.01899  0.00000 -0.04401  0.00000 -0.04843 -0.09652  0.00000
    C19  Z    -0.00004  0.08103  0.00000  0.07410  0.00000  0.00000  0.00363
    H20  X     0.02497  0.00000 -0.05115  0.00000 -0.08394  0.10691  0.00000
    H20  Y     0.10695  0.00000 -0.04841  0.00000 -0.07349 -0.05237  0.00000
    H20  Z    -0.00011  0.11963  0.00000  0.12118  0.00000 -0.00001 -0.25773
  
  frequencies   708.13   794.70   845.31   850.66   890.66  1000.28  1000.42
  reduc. mass     1.20     1.92     0.29     1.42     0.44     0.47     0.47
    C1   X     0.00003  0.00000  0.00000 -0.01004  0.00000  0.00000  0.00000
    C1   Y     0.00820  0.00000  0.00000  0.04210  0.00000  0.00000  0.00000
    C1   Z     0.00000  0.15059 -0.00054  0.00000 -0.09345 -0.00278  0.00123
    C2   X     0.01427  0.00000  0.00000 -0.11540  0.00000  0.00000  0.00000
    C2   Y    -0.07591  0.00000  0.00000 -0.03713  0.00000  0.00000  0.00000
    C2   Z     0.00000 -0.06360  0.06815  0.00000  0.06381  0.00731 -0.00199
    C3   X     0.04132  0.00000  0.00000 -0.11466  0.00000  0.00000  0.00000
    C3   Y    -0.07659  0.00000  0.00000 -0.00193  0.00000  0.00000  0.00000
    C3   Z     0.00000  0.06336  0.06575  0.00000  0.05762  0.00129  0.00110
    C4   X     0.00000  0.00000  0.00000  0.01003  0.00000  0.00000  0.00000
    C4   Y     0.00821  0.00000  0.00000 -0.04210  0.00000  0.00000  0.00000
    C4   Z     0.00000 -0.15059  0.00054  0.00000 -0.09345  0.00279  0.00121
    C5   X     0.01422  0.00000  0.00000  0.11540  0.00000  0.00000  0.00000
    C5   Y    -0.07604  0.00000  0.00000  0.03712  0.00000  0.00000  0.00000
    C5   Z     0.00000  0.06360 -0.06815  0.00000  0.06381 -0.00733 -0.00195
    H6   X     0.04492  0.00000  0.00000 -0.06540  0.00000  0.00000  0.00000
    H6   Y    -0.10993  0.00000  0.00000 -0.10821  0.00000  0.00000  0.00000
    H6   Z     0.00000 -0.14439 -0.44519 -0.00002 -0.37372 -0.03435 -0.01074
    H7   X     0.02573  0.00000  0.00000 -0.08733  0.00000  0.00000  0.00000
    H7   Y    -0.12372  0.00000  0.00000  0.10083  0.00000  0.00000  0.00000
    H7   Z     0.00000  0.15249 -0.43203 -0.00002 -0.36026 -0.00269  0.01278
    H8   X     0.04487  0.00000  0.00000  0.06541  0.00000  0.00000  0.00000
    H8   Y    -0.11005  0.00000  0.00000  0.10819  0.00000  0.00000  0.00000
    H8   Z     0.00000  0.14439  0.44520  0.00001 -0.37371  0.03429 -0.01094
    C9   X    -0.06888  0.00000  0.00000 -0.03316  0.00000  0.00000  0.00000
    C9   Y     0.10421  0.00000  0.00000  0.05437  0.00000  0.00000  0.00000
    C9   Z     0.00000  0.05192 -0.00554  0.00000  0.03259 -0.01874 -0.01748
    C10  X    -0.00033  0.00000  0.00000 -0.00309  0.00000  0.00000  0.00000
    C10  Y     0.05318  0.00000  0.00000  0.03685  0.00000  0.00000  0.00000
    C10  Z     0.00000 -0.00205 -0.00111  0.00000  0.00178  0.09913  0.09818
    H11  X    -0.02586  0.00000  0.00000 -0.02193  0.00000  0.00000  0.00000
    H11  Y    -0.13567  0.00000  0.00000 -0.09804  0.00000  0.00000  0.00000
    H11  Z     0.00000  0.11739  0.04815  0.00000  0.06860 -0.47183 -0.47120
    H12  X    -0.07425  0.00000  0.00000 -0.03701  0.00000  0.00000  0.00000
    H12  Y     0.09701  0.00000  0.00000  0.04900  0.00000  0.00000  0.00000
    H12  Z     0.00000 -0.00114  0.04072  0.00000  0.04619 -0.12455 -0.12635
    H13  X     0.19110  0.00000  0.00000  0.14938  0.00000  0.00000  0.00000
    H13  Y     0.11765  0.00000  0.00000  0.08804  0.00000  0.00000  0.00000
    H13  Z     0.00000 -0.20023 -0.01180  0.00000 -0.12316 -0.37102 -0.36952
    C14  X    -0.06886  0.00000  0.00000  0.03316  0.00000  0.00000  0.00000
    C14  Y     0.10421  0.00000  0.00000 -0.05436  0.00000  0.00000  0.00000
    C14  Z     0.00000 -0.05192  0.00554  0.00000  0.03259  0.01864 -0.01758
    H15  X    -0.07422  0.00000  0.00000  0.03700  0.00000  0.00000  0.00000
    H15  Y     0.09702  0.00000  0.00000 -0.04899  0.00000  0.00000  0.00000
    H15  Z     0.00000  0.00114 -0.04072  0.00000  0.04619  0.12382 -0.12704
    C16  X    -0.00031  0.00000  0.00000  0.00309  0.00000  0.00000  0.00000
    C16  Y     0.05318  0.00000  0.00000 -0.03684  0.00000  0.00000  0.00000
    C16  Z     0.00000  0.00205  0.00111  0.00000  0.00178 -0.09857  0.09874
    H17  X    -0.02583  0.00000  0.00000  0.02193  0.00000  0.00000  0.00000
    H17  Y    -0.13562  0.00000  0.00000  0.09804  0.00000  0.00000  0.00000
    H17  Z     0.00000 -0.11739 -0.04815  0.00000  0.06860  0.46915 -0.47387
    H18  X     0.19109  0.00000  0.00001 -0.14938  0.00000  0.00000  0.00000
    H18  Y     0.11764  0.00000  0.00000 -0.08803  0.00000  0.00000  0.00000
    H18  Z     0.00000  0.20023  0.01180  0.00000 -0.12316  0.36893 -0.37162
    C19  X     0.04138  0.00000  0.00000  0.11466  0.00000  0.00000  0.00000
    C19  Y    -0.07667  0.00000  0.00000  0.00192  0.00000  0.00000  0.00000
    C19  Z     0.00000 -0.06336 -0.06575  0.00000  0.05762 -0.00128  0.00110
    H20  X     0.02580  0.00000  0.00000  0.08734  0.00000  0.00000  0.00000
    H20  Y    -0.12378  0.00000  0.00000 -0.10084  0.00000  0.00000  0.00000
    H20  Z     0.00000 -0.15249  0.43203  0.00001 -0.36025  0.00276  0.01277
  
  frequencies  1029.03  1033.12  1043.20  1043.90  1064.24  1077.17  1080.63
  reduc. mass     0.19     0.18     0.20     0.21     0.73     0.29     0.42
    C1   X     0.00000  0.00000  0.00000  0.00000 -0.02308 -0.01984 -0.02473
    C1   Y     0.00000  0.00000  0.00000  0.00000  0.03541  0.04787  0.01412
    C1   Z    -0.00326 -0.00989  0.01169  0.01466  0.00000  0.00000  0.00000
    C2   X     0.00000  0.00000  0.00000  0.00000 -0.07097  0.04494  0.09324
    C2   Y     0.00000  0.00000  0.00000  0.00000 -0.02585  0.01806  0.02721
    C2   Z     0.06289  0.05259  0.05320 -0.02953  0.00000  0.00000  0.00000
    C3   X     0.00000  0.00000  0.00000  0.00000  0.11133  0.01899 -0.05160
    C3   Y     0.00000  0.00000  0.00000  0.00000 -0.01122 -0.02485 -0.02526
    C3   Z    -0.05438 -0.05043 -0.05879  0.04426  0.00000  0.00000  0.00000
    C4   X     0.00000  0.00000  0.00000  0.00000 -0.02306  0.01981 -0.02476
    C4   Y     0.00000  0.00000  0.00000  0.00000  0.03537 -0.04787  0.01420
    C4   Z     0.00326 -0.00989  0.01169 -0.01466  0.00000  0.00000  0.00000
    C5   X     0.00000  0.00000  0.00000  0.00000 -0.07101 -0.04473  0.09332
    C5   Y     0.00000  0.00000  0.00000  0.00000 -0.02588 -0.01799  0.02723
    C5   Z    -0.06289  0.05260  0.05318  0.02955  0.00000  0.00000  0.00000
    H6   X     0.00000  0.00000  0.00000  0.00000 -0.17415  0.08210  0.18270
    H6   Y     0.00000  0.00000  0.00000  0.00000  0.09080 -0.01591 -0.06537
    H6   Z    -0.36561 -0.31622 -0.26661  0.22171  0.00000  0.00000  0.00000
    H7   X     0.00000  0.00000  0.00000  0.00000  0.14155  0.00933 -0.12656
    H7   Y     0.00000  0.00000  0.00000  0.00000  0.05177 -0.06297 -0.23536
    H7   Z     0.34827  0.30711  0.30667 -0.27726  0.00000  0.00000  0.00000
    H8   X     0.00000  0.00000  0.00000  0.00000 -0.17422 -0.08167  0.18283
    H8   Y     0.00000  0.00000  0.00000  0.00000  0.09079  0.01575 -0.06540
    H8   Z     0.36562 -0.31626 -0.26649 -0.22178  0.00000  0.00000  0.00000
    C9   X     0.00000  0.00000  0.00000  0.00000 -0.02700  0.04574 -0.04071
    C9   Y     0.00000  0.00000  0.00000  0.00000  0.02049 -0.02947  0.02401
    C9   Z     0.04234  0.05700 -0.05867  0.06857  0.00000  0.00000  0.00000
    C10  X     0.00000  0.00000  0.00000  0.00000  0.02683 -0.03764  0.03264
    C10  Y     0.00000  0.00000  0.00000  0.00000 -0.04985  0.07044 -0.04085
    C10  Z    -0.01922 -0.02166  0.01949 -0.02245  0.00000  0.00000  0.00000
    H11  X     0.00000  0.00000  0.00000  0.00000  0.06040 -0.08437  0.06765
    H11  Y     0.00000  0.00000  0.00000  0.00000  0.20843 -0.29180  0.22239
    H11  Z    -0.06746 -0.09472  0.10080 -0.12652  0.00000  0.00000  0.00000
    H12  X     0.00000  0.00000  0.00000  0.00000  0.00035  0.00149 -0.00474
    H12  Y     0.00000  0.00000  0.00000  0.00000  0.15698 -0.25256  0.21451
    H12  Z    -0.32441 -0.39432  0.41551 -0.47183  0.00001 -0.00001  0.00000
    H13  X     0.00000  0.00000  0.00001 -0.00001 -0.23163  0.32855 -0.22521
    H13  Y     0.00000  0.00000  0.00000  0.00000 -0.13822  0.19539 -0.12726
    H13  Z     0.15227  0.16933 -0.16249  0.18165 -0.00001  0.00000  0.00000
    C14  X     0.00000  0.00000  0.00000  0.00000 -0.02703 -0.04579 -0.04063
    C14  Y     0.00000  0.00000  0.00000  0.00000  0.02050  0.02949  0.02395
    C14  Z    -0.04234  0.05700 -0.05865 -0.06860  0.00000  0.00000  0.00000
    H15  X     0.00000  0.00000  0.00000  0.00000  0.00036 -0.00149 -0.00473
    H15  Y     0.00000  0.00000  0.00000  0.00000  0.15715  0.25280  0.21407
    H15  Z     0.32437 -0.39429  0.41534  0.47205 -0.00001 -0.00001  0.00000
    C16  X     0.00000  0.00000  0.00000  0.00000  0.02685  0.03767  0.03258
    C16  Y     0.00000  0.00000  0.00000  0.00000 -0.04990 -0.07048 -0.04073
    C16  Z     0.01922 -0.02165  0.01948  0.02246  0.00000  0.00000  0.00000
    H17  X     0.00000  0.00000  0.00000  0.00000  0.06046  0.08444  0.06750
    H17  Y     0.00000  0.00000  0.00000  0.00000  0.20863  0.29203  0.22188
    H17  Z     0.06745 -0.09471  0.10076  0.12658  0.00000  0.00000  0.00000
    H18  X     0.00000  0.00000  0.00000  0.00000 -0.23186 -0.32877 -0.22465
    H18  Y     0.00000  0.00000  0.00000  0.00000 -0.13836 -0.19551 -0.12693
    H18  Z    -0.15224  0.16931 -0.16242 -0.18173  0.00000  0.00000  0.00000
    C19  X     0.00000  0.00000  0.00000  0.00000  0.11133 -0.01915 -0.05157
    C19  Y     0.00000  0.00000  0.00000  0.00000 -0.01120  0.02481 -0.02530
    C19  Z     0.05438 -0.05044 -0.05877 -0.04428  0.00000  0.00000  0.00000
    H20  X     0.00000  0.00000  0.00000  0.00000  0.14155 -0.00965 -0.12654
    H20  Y     0.00000  0.00000  0.00000  0.00000  0.05181  0.06251 -0.23547
    H20  Z    -0.34828  0.30716  0.30653  0.27735  0.00000  0.00000  0.00000
  
  frequencies  1193.08  1253.60  1270.12  1285.42  1375.83  1401.75  1418.93
  reduc. mass     0.31     0.30     1.32     0.95     0.38     0.34     0.22
    C1   X    -0.03578  0.00132  0.01543  0.00536  0.09213 -0.03065  0.04468
    C1   Y    -0.05165 -0.08104 -0.13657  0.12108 -0.01253  0.00992 -0.00026
    C1   Z     0.00000  0.00000  0.00000  0.00000  0.00000  0.00000  0.00000
    C2   X     0.01951 -0.03222  0.03296 -0.01022  0.00203  0.00818  0.00833
    C2   Y     0.07074 -0.00030  0.00555  0.06849 -0.03587 -0.00540 -0.01646
    C2   Z     0.00000  0.00000  0.00000  0.00000  0.00000  0.00000  0.00000
    C3   X     0.03114 -0.04627 -0.02202  0.03888  0.00063  0.01931 -0.00912
    C3   Y    -0.04246 -0.01905  0.02036 -0.05692 -0.00624  0.00996 -0.01209
    C3   Z     0.00000  0.00000  0.00000  0.00000  0.00000  0.00000  0.00000
    C4   X    -0.03578 -0.00130  0.01541 -0.00535 -0.09207 -0.03067 -0.04465
    C4   Y    -0.05166  0.08101 -0.13648 -0.12119  0.01255  0.00992  0.00027
    C4   Z     0.00000  0.00000  0.00000  0.00000  0.00000  0.00000  0.00000
    C5   X     0.01952  0.03222  0.03295  0.01025 -0.00206  0.00818 -0.00834
    C5   Y     0.07072  0.00031  0.00562 -0.06847  0.03588 -0.00539  0.01647
    C5   Z     0.00000  0.00000  0.00000  0.00000  0.00000  0.00000  0.00000
    H6   X    -0.25123 -0.25311 -0.05415 -0.17161 -0.24296  0.03493 -0.13814
    H6   Y     0.40269  0.25550  0.10660  0.27147  0.24392 -0.03567  0.15354
    H6   Z     0.00000  0.00000  0.00000  0.00000  0.00000  0.00000  0.00000
    H7   X    -0.05520 -0.18841  0.09463  0.01764  0.11666  0.00742  0.06056
    H7   Y    -0.32346 -0.41511  0.35894 -0.15998  0.32801 -0.03146  0.19176
    H7   Z     0.00000  0.00000  0.00000  0.00000  0.00000  0.00000  0.00000
    H8   X    -0.25121  0.25310 -0.05432  0.17163  0.24292  0.03499  0.13812
    H8   Y     0.40264 -0.25548  0.10688 -0.27144 -0.24390 -0.03573 -0.15354
    H8   Z     0.00000  0.00000  0.00000  0.00000  0.00000  0.00000  0.00000
    C9   X     0.00556  0.03121 -0.03762 -0.04141  0.04824  0.06975 -0.04390
    C9   Y    -0.00600 -0.02113  0.04152  0.02758 -0.03423 -0.01444  0.00031
    C9   Z     0.00000  0.00000  0.00000  0.00000  0.00000  0.00000  0.00000
    C10  X    -0.00266 -0.01135  0.00651  0.01636 -0.03756 -0.07170  0.05947
    C10  Y     0.02040 -0.00612  0.00411  0.01666  0.00990 -0.01051  0.01592
    C10  Z     0.00000  0.00000  0.00000  0.00000  0.00000  0.00000  0.00000
    H11  X    -0.00771 -0.02120  0.01587  0.02803 -0.06412 -0.12050  0.09812
    H11  Y    -0.02313 -0.06692  0.07772  0.08404 -0.15417 -0.27496  0.21830
    H11  Z     0.00000  0.00000  0.00000  0.00000  0.00000  0.00000  0.00000
    H12  X     0.00480  0.01780 -0.00681 -0.01830  0.10071  0.18036 -0.14917
    H12  Y    -0.00437 -0.11879  0.22531  0.18417  0.19672  0.47565 -0.48119
    H12  Z     0.00000  0.00000  0.00000  0.00000  0.00000  0.00000  0.00000
    H13  X     0.09765 -0.01473  0.00720  0.00398  0.02116 -0.04119  0.05265
    H13  Y     0.05530 -0.00917  0.00479  0.01622  0.02798 -0.00886  0.02118
    H13  Z     0.00000  0.00000  0.00000  0.00000  0.00000  0.00000  0.00000
    C14  X     0.00557 -0.03122 -0.03766  0.04138 -0.04825  0.06972  0.04392
    C14  Y    -0.00601  0.02115  0.04155 -0.02756  0.03425 -0.01443 -0.00030
    C14  Z     0.00000  0.00000  0.00000  0.00000  0.00000  0.00000  0.00000
    H15  X     0.00481 -0.01780 -0.00683  0.01830 -0.10077  0.18030  0.14921
    H15  Y    -0.00441  0.11885  0.22546 -0.18398 -0.19688  0.47549  0.48129
    H15  Z     0.00000  0.00000  0.00000  0.00000  0.00000  0.00000  0.00000
    C16  X    -0.00267  0.01135  0.00653 -0.01636  0.03758 -0.07168 -0.05949
    C16  Y     0.02040  0.00612  0.00411 -0.01666 -0.00991 -0.01051 -0.01593
    C16  Z     0.00000  0.00000  0.00000  0.00000  0.00000  0.00000  0.00000
    H17  X    -0.00772  0.02120  0.01590 -0.02802  0.06415 -0.12046 -0.09815
    H17  Y    -0.02315  0.06695  0.07780 -0.08399  0.15424 -0.27486 -0.21838
    H17  Z     0.00000  0.00000  0.00000  0.00000  0.00000  0.00000  0.00000
    H18  X     0.09767  0.01472  0.00717 -0.00397 -0.02120 -0.04118 -0.05270
    H18  Y     0.05531  0.00916  0.00478 -0.01622 -0.02800 -0.00886 -0.02120
    H18  Z     0.00000  0.00000  0.00000  0.00000  0.00000  0.00000  0.00000
    C19  X     0.03114  0.04626 -0.02200 -0.03891 -0.00065  0.01931  0.00911
    C19  Y    -0.04245  0.01906  0.02031  0.05693  0.00622  0.00996  0.01208
    C19  Z     0.00000  0.00000  0.00000  0.00000  0.00000  0.00000  0.00000
    H20  X    -0.05519  0.18843  0.09457 -0.01753 -0.11671  0.00740 -0.06058
    H20  Y    -0.32345  0.41520  0.35865  0.16040 -0.32811 -0.03153 -0.19180
    H20  Z     0.00000  0.00000  0.00000  0.00000  0.00000  0.00000  0.00000
  
  frequencies  1473.83  1491.07  1524.76  1545.87  1591.99  1593.44  1696.62
  reduc. mass     0.95     1.99     0.31     0.57     0.70     1.22     1.29
    C1   X     0.11648  0.02862 -0.03220  0.09905  0.03049 -0.11750 -0.04049
    C1   Y    -0.00325  0.00981  0.02043  0.04361 -0.08813 -0.02461  0.00332
    C1   Z     0.00000  0.00000  0.00000  0.00000  0.00000  0.00000  0.00000
    C2   X    -0.03463 -0.05202  0.02991 -0.02201 -0.07895  0.08650  0.01986
    C2   Y    -0.00062  0.11899  0.00485 -0.03140  0.04340 -0.01476  0.00392
    C2   Z     0.00000  0.00000  0.00000  0.00000  0.00000  0.00000  0.00000
    C3   X    -0.05109 -0.00231 -0.02122 -0.04001  0.04897 -0.07373  0.00176
    C3   Y    -0.01699 -0.13043 -0.03889  0.00026  0.07068 -0.05918 -0.01609
    C3   Z     0.00000  0.00000  0.00000  0.00000  0.00000  0.00000  0.00000
    C4   X     0.11649  0.02866  0.03217  0.09903  0.02865  0.11804 -0.04051
    C4   Y    -0.00326  0.00983 -0.02044  0.04359 -0.08853  0.02322  0.00332
    C4   Z     0.00000  0.00000  0.00000  0.00000  0.00000  0.00000  0.00000
    C5   X    -0.03460 -0.05202 -0.02988 -0.02198 -0.07758 -0.08775  0.01987
    C5   Y    -0.00065  0.11896 -0.00489 -0.03142  0.04317  0.01541  0.00392
    C5   Z     0.00000  0.00000  0.00000  0.00000  0.00000  0.00000  0.00000
    H6   X    -0.13078  0.15580 -0.01101 -0.12877  0.16529 -0.04410  0.03103
    H6   Y     0.10355 -0.11155  0.06328  0.08429 -0.26089  0.16297 -0.00109
    H6   Z     0.00000  0.00000  0.00000  0.00000  0.00000  0.00000  0.00000
    H7   X    -0.08094  0.10692  0.02356 -0.07138 -0.07000 -0.01059  0.02915
    H7   Y    -0.08352  0.15712  0.09937 -0.06328 -0.30461  0.16937  0.05820
    H7   Z     0.00000  0.00000  0.00000  0.00000  0.00000  0.00000  0.00000
    H8   X    -0.13090  0.15573  0.01096 -0.12882  0.16458  0.04661  0.03103
    H8   Y     0.10371 -0.11150 -0.06322  0.08438 -0.25829 -0.16700 -0.00107
    H8   Z     0.00000  0.00000  0.00000  0.00000  0.00000  0.00000  0.00000
    C9   X     0.02571  0.00042  0.02421 -0.02560 -0.00607 -0.01251  0.07051
    C9   Y     0.08857 -0.01562  0.08166 -0.04986  0.01894 -0.00759  0.08867
    C9   Z     0.00000  0.00000  0.00000  0.00000  0.00000  0.00000  0.00000
    C10  X    -0.01398 -0.00062  0.01562 -0.02387 -0.00707 -0.01420 -0.07608
    C10  Y    -0.03687  0.00565 -0.00144 -0.01693 -0.00812 -0.01848 -0.09154
    C10  Z     0.00000  0.00000  0.00000  0.00000  0.00000  0.00000  0.00000
    H11  X    -0.04877  0.00095 -0.04228  0.02139  0.00463  0.00966 -0.04830
    H11  Y    -0.19745  0.01002 -0.35645  0.27683  0.08513  0.14780  0.24237
    H11  Z     0.00000  0.00000  0.00000  0.00000  0.00000  0.00000  0.00000
    H12  X     0.00500  0.01609 -0.02070  0.03252 -0.00339  0.01388  0.04260
    H12  Y    -0.06081  0.06554 -0.16698  0.25719  0.03490  0.12701 -0.15093
    H12  Z     0.00000  0.00000  0.00000  0.00000  0.00000  0.00000  0.00000
    H13  X    -0.25054  0.02844 -0.40221  0.29452  0.06542  0.12920  0.23659
    H13  Y    -0.12873  0.01675 -0.14805  0.09207  0.01455  0.02855 -0.00901
    H13  Z     0.00000  0.00000  0.00000  0.00000  0.00000  0.00000  0.00000
    C14  X     0.02571  0.00041 -0.02420 -0.02562 -0.00627  0.01241  0.07052
    C14  Y     0.08858 -0.01564 -0.08162 -0.04990  0.01880  0.00790  0.08868
    C14  Z     0.00000  0.00000  0.00000  0.00000  0.00000  0.00000  0.00000
    H15  X     0.00499  0.01609  0.02068  0.03253 -0.00316 -0.01393  0.04260
    H15  Y    -0.06087  0.06558  0.16683  0.25731  0.03692 -0.12639 -0.15093
    H15  Z     0.00000  0.00000  0.00000  0.00000  0.00000  0.00000  0.00000
    C16  X    -0.01397 -0.00061 -0.01562 -0.02388 -0.00730  0.01406 -0.07608
    C16  Y    -0.03687  0.00566  0.00144 -0.01694 -0.00841  0.01833 -0.09154
    C16  Z     0.00000  0.00000  0.00000  0.00000  0.00000  0.00000  0.00000
    H17  X    -0.04877  0.00097  0.04226  0.02141  0.00479 -0.00959 -0.04831
    H17  Y    -0.19748  0.01013  0.35630  0.27703  0.08752 -0.14633  0.24238
    H17  Z     0.00000  0.00000  0.00000  0.00000  0.00000  0.00000  0.00000
    H18  X    -0.25058  0.02857  0.40203  0.29474  0.06752 -0.12805  0.23659
    H18  Y    -0.12874  0.01681  0.14798  0.09215  0.01503 -0.02831 -0.00901
    H18  Z     0.00000  0.00000  0.00000  0.00000  0.00000  0.00000  0.00000
    C19  X    -0.05112 -0.00229  0.02122 -0.04003  0.04780  0.07446  0.00175
    C19  Y    -0.01701 -0.13040  0.03892  0.00025  0.06973  0.06030 -0.01610
    C19  Z     0.00000  0.00000  0.00000  0.00000  0.00000  0.00000  0.00000
    H20  X    -0.08091  0.10691 -0.02357 -0.07139 -0.07015  0.00943  0.02915
    H20  Y    -0.08334  0.15703 -0.09933 -0.06320 -0.30186 -0.17418  0.05821
    H20  Z     0.00000  0.00000  0.00000  0.00000  0.00000  0.00000  0.00000
  
  frequencies  1704.76  1763.94  3437.90  3439.01  3467.03  3467.66  3478.01
  reduc. mass     1.61     1.69     0.20     0.20     0.38     0.37     0.29
    C1   X    -0.02827 -0.01279 -0.00012  0.00009  0.00068  0.00073 -0.00056
    C1   Y     0.06566 -0.03911  0.00025 -0.00041 -0.00112 -0.00149 -0.00192
    C1   Z     0.00000  0.00000  0.00000  0.00000  0.00000  0.00000  0.00000
    C2   X     0.05819 -0.01018 -0.00203  0.00178  0.00037 -0.00083 -0.02452
    C2   Y    -0.11019  0.02692 -0.00161  0.00158 -0.00025 -0.00075 -0.01678
    C2   Z     0.00000  0.00000  0.00000  0.00000  0.00000  0.00000  0.00000
    C3   X     0.00118 -0.01160  0.00113  0.00045 -0.00134  0.00128  0.04985
    C3   Y     0.11826 -0.02886 -0.00018 -0.00042  0.00044 -0.00059 -0.01533
    C3   Z     0.00000  0.00000  0.00000  0.00000  0.00000  0.00000  0.00000
    C4   X     0.02829  0.01280 -0.00012 -0.00009  0.00068 -0.00073 -0.00056
    C4   Y    -0.06565  0.03911  0.00025  0.00041 -0.00112  0.00148 -0.00192
    C4   Z     0.00000  0.00000  0.00000  0.00000  0.00000  0.00000  0.00000
    C5   X    -0.05820  0.01018 -0.00203 -0.00178  0.00037  0.00084 -0.02450
    C5   Y     0.11021 -0.02693 -0.00161 -0.00158 -0.00025  0.00075 -0.01677
    C5   Z     0.00000  0.00000  0.00000  0.00000  0.00000  0.00000  0.00000
    H6   X    -0.12189  0.04474  0.02066 -0.01783 -0.00248  0.00694  0.25771
    H6   Y     0.09555 -0.03181  0.01685 -0.01477 -0.00200  0.00557  0.21654
    H6   Z     0.00000  0.00000  0.00000  0.00000  0.00000  0.00000  0.00000
    H7   X    -0.08994  0.00992 -0.01245 -0.00460  0.01528 -0.01637 -0.55146
    H7   Y    -0.12275  0.03594  0.00405  0.00171 -0.00455  0.00478  0.18760
    H7   Z     0.00000  0.00000  0.00000  0.00000  0.00000  0.00000  0.00000
    H8   X     0.12188 -0.04474  0.02067  0.01781 -0.00246 -0.00696  0.25752
    H8   Y    -0.09552  0.03181  0.01686  0.01475 -0.00198 -0.00558  0.21637
    H8   Z     0.00000  0.00000  0.00000  0.00000  0.00000  0.00000  0.00000
    C9   X    -0.02404 -0.06958  0.01423  0.01539 -0.05825  0.05766 -0.00197
    C9   Y    -0.01847 -0.10935 -0.00807 -0.00811  0.00646 -0.00687  0.00051
    C9   Z     0.00000  0.00000  0.00000  0.00000  0.00000  0.00000  0.00000
    C10  X     0.02391  0.07548  0.02967  0.02930  0.01566 -0.01596 -0.00046
    C10  Y     0.02621  0.09207  0.03532  0.03493  0.01299 -0.01318 -0.00127
    C10  Z     0.00000  0.00000  0.00000  0.00000  0.00000  0.00000  0.00000
    H11  X     0.01645  0.05797 -0.45866 -0.45613 -0.16683  0.17547  0.01103
    H11  Y    -0.05984 -0.17830  0.06554  0.06505  0.02752 -0.02877 -0.00180
    H11  Z     0.00000  0.00000  0.00000  0.00000  0.00000  0.00000  0.00000
    H12  X    -0.01958 -0.04013 -0.20668 -0.21768  0.62527 -0.62136  0.02170
    H12  Y     0.04107  0.12561  0.03926  0.04150 -0.12593  0.12526 -0.00331
    H12  Z     0.00000  0.00000  0.00000  0.00000  0.00000  0.00000  0.00000
    H13  X    -0.06892 -0.16651  0.14661  0.14573  0.03935 -0.04175 -0.00507
    H13  Y     0.00079  0.03336 -0.43190 -0.42914 -0.11553  0.12234  0.01527
    H13  Z     0.00000  0.00000  0.00000  0.00000  0.00000  0.00000  0.00000
    C14  X     0.02404  0.06957  0.01422 -0.01539 -0.05821 -0.05770 -0.00197
    C14  Y     0.01848  0.10935 -0.00807  0.00811  0.00646  0.00688  0.00051
    C14  Z     0.00000  0.00000  0.00000  0.00000  0.00000  0.00000  0.00000
    H15  X     0.01958  0.04013 -0.20653  0.21782  0.62487  0.62176  0.02170
    H15  Y    -0.04106 -0.12561  0.03923 -0.04153 -0.12585 -0.12534 -0.00331
    H15  Z     0.00000  0.00000  0.00000  0.00000  0.00000  0.00000  0.00000
    C16  X    -0.02391 -0.07548  0.02965 -0.02932  0.01565  0.01597 -0.00046
    C16  Y    -0.02621 -0.09207  0.03530 -0.03495  0.01298  0.01319 -0.00127
    C16  Z     0.00000  0.00000  0.00000  0.00000  0.00000  0.00000  0.00000
    H17  X    -0.01645 -0.05797 -0.45835  0.45645 -0.16671 -0.17558  0.01103
    H17  Y     0.05984  0.17829  0.06550 -0.06509  0.02750  0.02879 -0.00180
    H17  Z     0.00000  0.00000  0.00000  0.00000  0.00000  0.00000  0.00000
    H18  X     0.06891  0.16650  0.14651 -0.14583  0.03932  0.04178 -0.00507
    H18  Y    -0.00079 -0.03336 -0.43160  0.42944 -0.11545 -0.12241  0.01528
    H18  Z     0.00000  0.00000  0.00000  0.00000  0.00000  0.00000  0.00000
    C19  X    -0.00119  0.01160  0.00113 -0.00045 -0.00134 -0.00128  0.04981
    C19  Y    -0.11830  0.02887 -0.00018  0.00042  0.00044  0.00059 -0.01532
    C19  Z     0.00000  0.00000  0.00000  0.00000  0.00000  0.00000  0.00000
    H20  X     0.08997 -0.00993 -0.01244  0.00461  0.01525  0.01638 -0.55104
    H20  Y     0.12280 -0.03595  0.00405 -0.00171 -0.00454 -0.00479  0.18746
    H20  Z     0.00000  0.00000  0.00000  0.00000  0.00000  0.00000  0.00000
  
  frequencies  3479.72  3493.41  3496.87  3590.11  3590.16
  reduc. mass     0.28     0.29     0.28     0.27     0.27
    C1   X    -0.00424 -0.00346  0.00145  0.00018  0.00018
    C1   Y    -0.00153 -0.00030 -0.00206  0.00026  0.00033
    C1   Z     0.00000  0.00000  0.00000  0.00000  0.00000
    C2   X     0.02551  0.03907 -0.03904  0.00032  0.00035
    C2   Y     0.01773  0.03540 -0.03462  0.00029  0.00030
    C2   Z     0.00000  0.00000  0.00000  0.00000  0.00000
    C3   X    -0.04898  0.02835 -0.03056 -0.00002  0.00012
    C3   Y     0.01467 -0.01292  0.01294 -0.00001 -0.00007
    C3   Z     0.00000  0.00000  0.00000  0.00000  0.00000
    C4   X     0.00424 -0.00346 -0.00145  0.00018 -0.00018
    C4   Y     0.00153 -0.00030  0.00206  0.00026 -0.00033
    C4   Z     0.00000  0.00000  0.00000  0.00000  0.00000
    C5   X    -0.02553  0.03907  0.03905  0.00032 -0.00035
    C5   Y    -0.01775  0.03539  0.03462  0.00029 -0.00030
    C5   Z     0.00000  0.00000  0.00000  0.00000  0.00000
    H6   X    -0.27145 -0.44396  0.43526 -0.00498 -0.00506
    H6   Y    -0.22833 -0.37591  0.36864 -0.00395 -0.00415
    H6   Z     0.00000  0.00000  0.00000  0.00000  0.00000
    H7   X     0.54098 -0.31728  0.33368 -0.00013 -0.00056
    H7   Y    -0.18416  0.10918 -0.11472 -0.00004  0.00015
    H7   Z     0.00000  0.00000  0.00000  0.00000  0.00000
    H8   X     0.27167 -0.44391 -0.43530 -0.00498  0.00506
    H8   Y     0.22851 -0.37586 -0.36868 -0.00395  0.00415
    H8   Z     0.00000  0.00000  0.00000  0.00000  0.00000
    C9   X     0.00130  0.00007  0.00092  0.00272 -0.00274
    C9   Y    -0.00021 -0.00003 -0.00011 -0.00020  0.00032
    C9   Z     0.00000  0.00000  0.00000  0.00000  0.00000
    C10  X    -0.00042  0.00021  0.00023  0.05065 -0.05069
    C10  Y    -0.00106  0.00140  0.00147 -0.04403  0.04402
    C10  Z     0.00000  0.00000  0.00000  0.00000  0.00000
    H11  X     0.00877 -0.00930 -0.01140 -0.45465  0.45380
    H11  Y    -0.00170  0.00181  0.00202  0.06447 -0.06434
    H11  Z     0.00000  0.00000  0.00000  0.00000  0.00000
    H12  X    -0.01546  0.00027 -0.00782 -0.03085  0.03150
    H12  Y     0.00321 -0.00034  0.00047  0.00387 -0.00404
    H12  Z     0.00000  0.00000  0.00000  0.00000  0.00000
    H13  X    -0.00368  0.00526  0.00619 -0.15057  0.15083
    H13  Y     0.01042 -0.01519 -0.01818  0.45585 -0.45666
    H13  Z     0.00000  0.00000  0.00000  0.00000  0.00000
    C14  X    -0.00130  0.00008 -0.00092  0.00273  0.00274
    C14  Y     0.00021 -0.00003  0.00011 -0.00020 -0.00032
    C14  Z     0.00000  0.00000  0.00000  0.00000  0.00000
    H15  X     0.01545  0.00026  0.00782 -0.03085 -0.03150
    H15  Y    -0.00321 -0.00033 -0.00047  0.00387  0.00404
    H15  Z     0.00000  0.00000  0.00000  0.00000  0.00000
    C16  X     0.00042  0.00021 -0.00023  0.05066  0.05068
    C16  Y     0.00105  0.00140 -0.00147 -0.04403 -0.04401
    C16  Z     0.00000  0.00000  0.00000  0.00000  0.00000
    H17  X    -0.00876 -0.00930  0.01140 -0.45470 -0.45375
    H17  Y     0.00170  0.00181 -0.00202  0.06448  0.06433
    H17  Z     0.00000  0.00000  0.00000  0.00000  0.00000
    H18  X     0.00367  0.00526 -0.00618 -0.15059 -0.15081
    H18  Y    -0.01040 -0.01519  0.01817  0.45590  0.45661
    H18  Z     0.00000  0.00000  0.00000  0.00000  0.00000
    C19  X     0.04901  0.02835  0.03057 -0.00002 -0.00012
    C19  Y    -0.01468 -0.01292 -0.01294 -0.00001  0.00007
    C19  Z     0.00000  0.00000  0.00000  0.00000  0.00000
    H20  X    -0.54139 -0.31727 -0.33373 -0.00013  0.00056
    H20  Y     0.18430  0.10917  0.11473 -0.00004 -0.00015
    H20  Z     0.00000  0.00000  0.00000  0.00000  0.00000
  
  
  Thermochemical Properties:
    pressure:        1.0000 atm
    rotational symmetry number:    2
    vibrational frequencies below  10.0 cm-1 excluded:    2
    zero point energy:    109.685 kcal/mol

     temp(K)   Cp (cal/mol K)   S (cal/mol K)   H (kcal/mol)   G (kcal/mol)
        0.00           7.9489         23.3562         0.0000         0.0000
      298.15          36.9693         90.1563         6.7162       -20.1639
  
  end of program freq
   
 Total cpu seconds     user:    7273.210   user+sys:    7430.680
  
Job dvb_un_sp completed on c-gle.ch.cam.ac.uk at Thu Apr  6 16:16:57 2006
