******************************************************************************
PSI3 started on silenziosa at Thu Mar 27 00:27:02 2014

    -----------------------------------------------------------------------    
            PSI3: An Open-Source Ab Initio Electronic Structure Package 
                                Version 3.4 Alpha

    T. D. Crawford, C. D. Sherrill, E. F. Valeev, J. T. Fermann, R. A. King,
    M. L. Leininger, S. T. Brown, C. L. Janssen, E. T. Seidl, J. P. Kenny,
    and W. D. Allen, J. Comput. Chem. 28, 1610-1616 (2007)
    -----------------------------------------------------------------------    

PSI3 will perform a RHF SCF energy computation.

The following programs will be executed:

 input
 cints
 cscf
 psiclean

******************************************************************************
INPUT tstart called on silenziosa
Thu Mar 27 00:27:02 2014

                                --------------
                                    INPUT
                                --------------

  LABEL       =	dvb
  SHOWNORM    =	0
  PUREAM      =	0
  PRINT_LVL   =	1

  Parsed basis sets from /usr/share/psi/pbasis.dat

  -Geometry before Center-of-Mass shift (a.u.):
   Atom            X                  Y                   Z
  ------   -----------------  -----------------  -----------------
    C        -2.674440983762     0.435056091007     0.000000000000
    C         2.674440983762    -0.435056091007     0.000000000000
    C        -0.935665992322     2.483970862096     0.000000000000
    C         0.935665992322    -2.483970862096     0.000000000000
    C         1.680739384168     2.061595384839     0.000000000000
    C        -1.680739384168    -2.061595384839     0.000000000000
    H        -1.662110758091     4.429015758385     0.000000000000
    H         1.662110758091    -4.429015758385     0.000000000000
    H         2.981806490513     3.675528627082     0.000000000000
    H        -2.981806490513    -3.675528627082     0.000000000000
    C         5.451074288721    -0.984716139601     0.000000000000
    C        -5.451074288721     0.984716139601     0.000000000000
    H         5.934373949247    -3.008369259087     0.000000000000
    H        -5.934373949247     3.008369259087     0.000000000000
    C         7.332217735423     0.722354453300     0.000000000000
    C        -7.332217735423    -0.722354453300     0.000000000000
    H         6.981926363580     2.763608903753     0.000000000000
    H        -6.981926363580    -2.763608903753     0.000000000000
    H         9.319458393042     0.134368880057     0.000000000000
    H        -9.319458393042    -0.134368880057     0.000000000000


  -Rotational constants (cm-1) :
    A =    0.15403  B =    0.02287  C =    0.01992
    It is an asymmetric top.

  -Geometry after Center-of-Mass shift and reorientation (a.u.):
   Atom            X                  Y                   Z
  ------   -----------------  -----------------  -----------------
    C        -2.672387377847     0.447497576166     0.000000000000
    C         2.672387377847    -0.447497576166     0.000000000000
    C        -0.924096065421     2.488298325122     0.000000000000
    C         0.924096065421    -2.488298325122     0.000000000000
    C         1.690315346094     2.053751308957     0.000000000000
    C        -1.690315346094    -2.053751308957     0.000000000000
    H        -1.641481199949     4.436702855770     0.000000000000
    H         1.641481199949    -4.436702855770     0.000000000000
    H         2.998879215285     3.661612225167     0.000000000000
    H        -2.998879215285    -3.661612225167     0.000000000000
    C         5.446432631395    -1.010073447045     0.000000000000
    C        -5.446432631395     1.010073447045     0.000000000000
    H         5.920309470140    -3.035953811621     0.000000000000
    H        -5.920309470140     3.035953811621     0.000000000000
    C         7.335499997945     0.688224277398     0.000000000000
    C        -7.335499997945    -0.688224277398     0.000000000000
    H         6.994711919868     2.731086794193     0.000000000000
    H        -6.994711919868    -2.731086794193     0.000000000000
    H         9.319982794667     0.090996937810     0.000000000000
    H        -9.319982794667    -0.090996937810     0.000000000000


  -SYMMETRY INFORMATION:
    Computational point group is C2h 
    Number of irr. rep.      = 4
    Number of atoms          = 20
    Number of unique atoms   = 10


  -BASIS SETS:

   -Basis set on unique center 1:
      ( (S (    71.61683700     0.15432897)
           (    13.04509600     0.53532814)
           (     3.53051220     0.44463454) )
        (S (     2.94124940    -0.09996723)
           (     0.68348310     0.39951283)
           (     0.22228990     0.70011547) )
        (P (     2.94124940     0.15591627)
           (     0.68348310     0.60768372)
           (     0.22228990     0.39195739) )
       )

   -Basis set on unique center 2:
      ( (S (    71.61683700     0.15432897)
           (    13.04509600     0.53532814)
           (     3.53051220     0.44463454) )
        (S (     2.94124940    -0.09996723)
           (     0.68348310     0.39951283)
           (     0.22228990     0.70011547) )
        (P (     2.94124940     0.15591627)
           (     0.68348310     0.60768372)
           (     0.22228990     0.39195739) )
       )

   -Basis set on unique center 3:
      ( (S (    71.61683700     0.15432897)
           (    13.04509600     0.53532814)
           (     3.53051220     0.44463454) )
        (S (     2.94124940    -0.09996723)
           (     0.68348310     0.39951283)
           (     0.22228990     0.70011547) )
        (P (     2.94124940     0.15591627)
           (     0.68348310     0.60768372)
           (     0.22228990     0.39195739) )
       )

   -Basis set on unique center 4:
      ( (S (     3.42525091     0.15432897)
           (     0.62391373     0.53532814)
           (     0.16885540     0.44463454) )
       )

   -Basis set on unique center 5:
      ( (S (     3.42525091     0.15432897)
           (     0.62391373     0.53532814)
           (     0.16885540     0.44463454) )
       )

   -Basis set on unique center 6:
      ( (S (    71.61683700     0.15432897)
           (    13.04509600     0.53532814)
           (     3.53051220     0.44463454) )
        (S (     2.94124940    -0.09996723)
           (     0.68348310     0.39951283)
           (     0.22228990     0.70011547) )
        (P (     2.94124940     0.15591627)
           (     0.68348310     0.60768372)
           (     0.22228990     0.39195739) )
       )

   -Basis set on unique center 7:
      ( (S (     3.42525091     0.15432897)
           (     0.62391373     0.53532814)
           (     0.16885540     0.44463454) )
       )

   -Basis set on unique center 8:
      ( (S (    71.61683700     0.15432897)
           (    13.04509600     0.53532814)
           (     3.53051220     0.44463454) )
        (S (     2.94124940    -0.09996723)
           (     0.68348310     0.39951283)
           (     0.22228990     0.70011547) )
        (P (     2.94124940     0.15591627)
           (     0.68348310     0.60768372)
           (     0.22228990     0.39195739) )
       )

   -Basis set on unique center 9:
      ( (S (     3.42525091     0.15432897)
           (     0.62391373     0.53532814)
           (     0.16885540     0.44463454) )
       )

   -Basis set on unique center 10:
      ( (S (     3.42525091     0.15432897)
           (     0.62391373     0.53532814)
           (     0.16885540     0.44463454) )
       )


  -BASIS SET INFORMATION:
    Total number of shells = 40
    Number of primitives   = 60
    Number of AO           = 60
    Number of SO           = 60

    Irrep    Number of SO
    -----    ------------
      1           25
      2            5
      3            5
      4           25

  -Contraction Scheme:
    Atom     All Primitives // Unique Primitives // Shells
    ----     ---------------------------------------------
       1      6s 3p //  6s //  2s 1p
       2      6s 3p //  6s //  2s 1p
       3      6s 3p //  6s //  2s 1p
       4      6s 3p //  6s //  2s 1p
       5      6s 3p //  6s //  2s 1p
       6      6s 3p //  6s //  2s 1p
       7      3s //  3s //  1s
       8      3s //  3s //  1s
       9      3s //  3s //  1s
      10      3s //  3s //  1s
      11      6s 3p //  6s //  2s 1p
      12      6s 3p //  6s //  2s 1p
      13      3s //  3s //  1s
      14      3s //  3s //  1s
      15      6s 3p //  6s //  2s 1p
      16      6s 3p //  6s //  2s 1p
      17      3s //  3s //  1s
      18      3s //  3s //  1s
      19      3s //  3s //  1s
      20      3s //  3s //  1s


  -Unique atoms in the canonical coordinate system (a.u.):
   Atom            X                  Y                   Z
  ------   -----------------  -----------------  -----------------
    C         2.672387377847    -0.447497576166     0.000000000000
    C         0.924096065421    -2.488298325122     0.000000000000
    C         1.690315346094     2.053751308957     0.000000000000
    H         1.641481199949    -4.436702855770     0.000000000000
    H         2.998879215285     3.661612225167     0.000000000000
    C         5.446432631395    -1.010073447045     0.000000000000
    H         5.920309470140    -3.035953811621     0.000000000000
    C         7.335499997945     0.688224277398     0.000000000000
    H         6.994711919868     2.731086794193     0.000000000000
    H         9.319982794667     0.090996937810     0.000000000000


  -Geometry in the canonical coordinate system (a.u.):
   Atom            X                  Y                   Z
  ------   -----------------  -----------------  -----------------
    C        -2.672387377847     0.447497576166     0.000000000000
    C         2.672387377847    -0.447497576166     0.000000000000
    C        -0.924096065421     2.488298325122     0.000000000000
    C         0.924096065421    -2.488298325122     0.000000000000
    C         1.690315346094     2.053751308957     0.000000000000
    C        -1.690315346094    -2.053751308957     0.000000000000
    H        -1.641481199949     4.436702855770     0.000000000000
    H         1.641481199949    -4.436702855770     0.000000000000
    H         2.998879215285     3.661612225167     0.000000000000
    H        -2.998879215285    -3.661612225167     0.000000000000
    C         5.446432631395    -1.010073447045     0.000000000000
    C        -5.446432631395     1.010073447045     0.000000000000
    H         5.920309470140    -3.035953811621     0.000000000000
    H        -5.920309470140     3.035953811621     0.000000000000
    C         7.335499997945     0.688224277398     0.000000000000
    C        -7.335499997945    -0.688224277398     0.000000000000
    H         6.994711919868     2.731086794193     0.000000000000
    H        -6.994711919868    -2.731086794193     0.000000000000
    H         9.319982794667     0.090996937810     0.000000000000
    H        -9.319982794667    -0.090996937810     0.000000000000


  -Geometry in the canonical coordinate system (Angstrom):
   Atom            X                  Y                   Z
  ------   -----------------  -----------------  -----------------
    C        -1.414166600871     0.236805536290     0.000000000000
    C         1.414166600871    -0.236805536290     0.000000000000
    C        -0.489010613711     1.316750862379     0.000000000000
    C         0.489010613711    -1.316750862379     0.000000000000
    C         0.894476424788     1.086798467804     0.000000000000
    C        -0.894476424788    -1.086798467804     0.000000000000
    H        -0.868634505674     2.347802211847     0.000000000000
    H         0.868634505674    -2.347802211847     0.000000000000
    H         1.586938653228     1.937641884219     0.000000000000
    H        -1.586938653228    -1.937641884219     0.000000000000
    C         2.882128236745    -0.534507887995     0.000000000000
    C        -2.882128236745     0.534507887995     0.000000000000
    H         3.132893078638    -1.606557686124     0.000000000000
    H        -3.132893078638     1.606557686124     0.000000000000
    C         3.881779708952     0.364192629809     0.000000000000
    C        -3.881779708952    -0.364192629809     0.000000000000
    H         3.701442411303     1.445228996531     0.000000000000
    H        -3.701442411303    -1.445228996531     0.000000000000
    H         4.931922856009     0.048153509217     0.000000000000
    H        -4.931922856009    -0.048153509217     0.000000000000


  -Geometry in the reference coordinate system (a.u.):
   Atom            X                  Y                   Z
  ------   -----------------  -----------------  -----------------
    C        -2.672387377847     0.447497576166     0.000000000000
    C         2.672387377847    -0.447497576166     0.000000000000
    C        -0.924096065421     2.488298325122     0.000000000000
    C         0.924096065421    -2.488298325122     0.000000000000
    C         1.690315346094     2.053751308957     0.000000000000
    C        -1.690315346094    -2.053751308957     0.000000000000
    H        -1.641481199949     4.436702855770     0.000000000000
    H         1.641481199949    -4.436702855770     0.000000000000
    H         2.998879215285     3.661612225167     0.000000000000
    H        -2.998879215285    -3.661612225167     0.000000000000
    C         5.446432631395    -1.010073447045     0.000000000000
    C        -5.446432631395     1.010073447045     0.000000000000
    H         5.920309470140    -3.035953811621     0.000000000000
    H        -5.920309470140     3.035953811621     0.000000000000
    C         7.335499997945     0.688224277398     0.000000000000
    C        -7.335499997945    -0.688224277398     0.000000000000
    H         6.994711919868     2.731086794193     0.000000000000
    H        -6.994711919868    -2.731086794193     0.000000000000
    H         9.319982794667     0.090996937810     0.000000000000
    H        -9.319982794667    -0.090996937810     0.000000000000


  --------------------------------------------------------------------------

    Nuclear Repulsion Energy (a.u.) =     445.937012167701

  -The Interatomic Distances in angstroms:

           1           2           3           4           5           6           7           8           9          10

    1   0.0000000
    2   2.8677127   0.0000000
    3   1.4220392   2.4567501   0.0000000
    4   2.4567501   1.4220392   2.8092449   0.0000000
    5   2.4601465   1.4219724   1.4024673   2.4375094   0.0000000
    6   1.4219724   2.4601465   2.4375094   1.4024673   2.8151156   0.0000000
    7   2.1803468   3.4483878   1.0987180   3.9079598   2.1676463   3.4346979   0.0000000
    8   3.4483878   2.1803468   3.9079598   1.0987180   3.4346979   2.1676463   5.0066760   0.0000000
    9   3.4495619   2.1813005   2.1668113   3.4346060   1.0970134   3.9121171   2.4895925   4.3452263   0.0000000
   10   2.1813005   3.4495619   3.4346060   2.1668113   3.9121171   1.0970134   4.3452263   2.4895925   5.0091238   0.0000000
   11   4.3649827   1.4978445   3.8460026   2.5177204   2.5650329   3.8167745   4.7303206   2.7096482   2.7908853   4.6841588
   12   1.4978445   4.3649827   2.5177204   3.8460026   3.8167745   2.5650329   2.7096482   4.7303206   4.6841588   2.7908853
   13   4.9064997   2.1977811   4.6544515   2.6597185   3.5020960   4.0607702   5.6257609   2.3825009   3.8666944   4.7314298
   14   2.1977811   4.9064997   2.6597185   4.6544515   4.0607702   3.5020960   2.3825009   5.6257609   4.7314298   3.8666944
   15   5.2974782   2.5397467   4.4733852   3.7863509   3.0734574   4.9917930   5.1479260   4.0538821   2.7824518   5.9334073
   16   2.5397467   5.2974782   3.7863509   4.4733852   4.9917930   3.0734574   4.0538821   5.1479260   5.9334073   2.7824518
   17   5.2564002   2.8391673   4.1924221   4.2365376   2.8297580   5.2472500   4.6583518   4.7341194   2.1710819   6.2778013
   18   2.8391673   5.2564002   4.2365376   4.1924221   5.2472500   2.8297580   4.7341194   4.6583518   6.2778013   2.1710819
   19   6.3488929   3.5292791   5.5673925   4.6478418   4.1689036   5.9359114   6.2397796   4.7170877   3.8417555   6.8146121
   20   3.5292791   6.3488929   4.6478418   5.5673925   5.9359114   4.1689036   4.7170877   6.2397796   6.8146121   3.8417555
          11          12          13          14          15          16          17          18          19          20

   11   0.0000000
   12   5.8625462   0.0000000
   13   1.1009876   6.3847195   0.0000000
   14   6.3847195   1.1009876   7.0416040   0.0000000
   15   1.3442342   6.7660519   2.1082429   7.1238406   0.0000000
   16   6.7660519   1.3442342   7.1238406   2.1082429   7.7976535   0.0000000
   17   2.1425765   6.6462633   3.1042955   6.8362394   1.0959750   7.7961057   0.0000000
   18   6.6462633   2.1425765   6.8362394   3.1042955   7.7961057   1.0959750   7.9471662   0.0000000
   19   2.1309980   7.8291721   2.4442948   8.2140051   1.0966683   8.8233430   1.8616933   8.7615745   0.0000000
   20   7.8291721   2.1309980   8.2140051   2.4442948   8.8233430   1.0966683   8.7615745   1.8616933   9.8643159   0.0000000

    Note: To print *all* bond angles, out-of-plane
          angles, and torsion angles set print = 3


******************************************************************************
INPUT tstop called on silenziosa
Thu Mar 27 00:27:02 2014

user time   =       0.02 seconds =       0.00 minutes
system time =       0.00 seconds =       0.00 minutes
total time  =          0 seconds =       0.00 minutes
******************************************************************************
cints tstart called on silenziosa
Thu Mar 27 00:27:02 2014

                  --------------------------------------------
                    CINTS: An integrals program written in C
                     Justin T. Fermann and Edward F. Valeev
                  --------------------------------------------


  -OPTIONS:
    Print level                 = 1
    Integral tolerance          = 1e-15
    Max. memory to use          = 2500000 double words
    Number of threads           = 1
    LIBINT's real type length   = 64 bit

  -CALCULATION CONSTANTS:
    Label                       = dvb
    Number of atoms             = 20
    Number of atomic orbitals   = 60
    Number of symmetry orbitals = 60
    Maximum AM in the basis     = 1

  -SYMMETRY INFORMATION;
    Computational point group        = C2h
    Number of irreps                 = 4

    Wrote 492643 two-electron integrals to IWL file 33

******************************************************************************
cints tstop called on silenziosa
Thu Mar 27 00:27:03 2014

user time   =       1.26 seconds =       0.02 minutes
system time =       0.02 seconds =       0.00 minutes
total time  =          1 seconds =       0.02 minutes
******************************************************************************
SCF tstart called on silenziosa
Thu Mar 27 00:27:03 2014


             ------------------------------------------

                CSCF3.0: An SCF program written in C

              Written by too many people to mention here

             ------------------------------------------

  I think the multiplicity is 1.
  If this is wrong, please specify the MULTP keyword

  label        = dvb
  wfn          = SCF
  reference    = RHF
  multiplicity = 1
  charge       = 0
  direct       = false
  dertype      = NONE
  convergence  = 7
  maxiter      = 100
  guess        = AUTO

  nuclear repulsion energy      445.9370121677010
  first run, so defaulting to core-hamiltonian guess

  level shift                      = 0.100000

  level shifting will stop after 10 cycles
  diis scale factor                = 1.000000
  iterations before extrapolation  = 0
  6 error matrices will be kept

  keeping integrals in 3704720 bytes of core

  The lowest eigenvalue of the overlap matrix was 1.814710e-01

  Using core guess to determine occupations


  Symmetry block:   Ag    Bg    Au    Bu   
  DOCC:             15     3     3    14   
  SOCC:              0     0     0     0   

  reading integrals in the IWL format from files 33,35,36,37
  wrote 231229 integrals to file92

  iter       total energy        delta E         delta P          diiser
    1      -303.4606689300    7.493977e+02    0.000000e+00    0.000000e+00
    2      -302.0509080055   -1.409761e+00    5.334626e-02    6.117122e-01
    3      -357.0889551708    5.503805e+01    3.256698e-02    6.451086e-01
    4      -367.3737768674    1.028482e+01    1.328071e-02    1.444390e+00
    5      -368.7637109023    1.389934e+00    2.730504e-03    7.195130e-01
    6      -369.1370761189    3.733652e-01    1.658803e-03    5.194212e-01
    7      -369.1972832498    6.020713e-02    3.575655e-04    5.010304e-01
    8      -298.4688026156   -7.072848e+01    4.224521e-02    4.981755e-01
    9      -372.5635068168    7.409470e+01    4.052717e-02    1.074406e+00
   10      -374.7896192941    2.226112e+00    5.137591e-03    7.640647e-01
   11      -375.5343876996    7.447684e-01    2.015379e-03    3.474660e-01
   12      -376.2940800806    7.596924e-01    1.986355e-03    3.469499e-01
   13      -376.9746237811    6.805437e-01    1.866193e-03    2.923750e-01
   14      -377.5369286413    5.623049e-01    1.695594e-03    3.059500e-01
   15      -376.2036437301   -1.333285e+00    9.002136e-03    3.079174e-01
   16      -378.7787712313    2.575128e+00    7.129837e-03    5.008350e-01
   17      -378.8090767562    3.030552e-02    1.194994e-03    3.946217e-02
   18      -378.8353837093    2.630695e-02    5.415933e-04    4.951236e-02
   19      -378.8606134395    2.522973e-02    8.005809e-04    3.150705e-02
   20      -378.8701146529    9.501213e-03    4.962435e-04    1.795444e-02
   21      -378.8782394034    8.124751e-03    5.734013e-04    1.152276e-02
   22      -378.8829580276    4.718624e-03    4.067983e-04    9.033689e-03
   23      -378.8879913356    5.033308e-03    5.437475e-04    8.767311e-03
   24      -378.8910661911    3.074856e-03    4.272784e-04    7.704560e-03
   25      -378.8929638338    1.897643e-03    3.482608e-04    6.230254e-03
   26      -378.8943057235    1.341890e-03    3.474219e-04    4.872093e-03
   27      -378.8949820762    6.763527e-04    3.241184e-04    2.976838e-03
   28      -378.8951280156    1.459394e-04    9.956694e-05    2.126655e-03
   29      -378.8952078618    7.984621e-05    1.206791e-04    8.419430e-04
   30      -378.8952170146    9.152743e-06    4.686162e-05    4.064048e-04
   31      -378.8952193436    2.329055e-06    1.434390e-05    2.227818e-04
   32      -378.8952197749    4.312557e-07    4.710824e-06    1.123820e-04
   33      -378.8952199638    1.889684e-07    4.838732e-06    6.220553e-05
   34      -378.8952200125    4.865615e-08    3.064121e-06    2.524801e-05
   35      -378.8952200234    1.094850e-08    1.138605e-06    1.221346e-05
   36      -378.8952200271    3.691071e-09    7.658318e-07    1.058038e-05
   37      -378.8952200298    2.655383e-09    4.718509e-07    5.580032e-06
   38      -378.8952200307    8.838015e-10    2.991591e-07    3.112956e-06
   39      -378.8952200310    2.738716e-10    1.943718e-07    1.570777e-06
   40      -378.8952200310    3.967671e-11    6.163996e-08    8.375031e-07

Orbital energies (a.u.):

  Doubly occupied orbitals
   1Ag    -11.085851     1Bu    -11.085849     2Bu    -11.009771  
   2Ag    -11.009699     3Bu    -11.006119     3Ag    -11.006064  
   4Bu    -10.990997     4Ag    -10.990983     5Ag    -10.975114  
   5Bu    -10.975113     6Ag     -1.075344     6Bu     -1.020629  
   7Ag     -0.975435     7Bu     -0.932953     8Bu     -0.892082  
   8Ag     -0.792784     9Ag     -0.746618     9Bu     -0.727138  
  10Ag     -0.681776    11Ag     -0.604858    10Bu     -0.596400  
  11Bu     -0.555644    12Ag     -0.553716    12Bu     -0.518476  
  13Bu     -0.508100    14Bu     -0.490418    13Ag     -0.477484  
   1Au     -0.469270     1Bg     -0.407695    14Ag     -0.397182  
  15Ag     -0.345952     2Au     -0.336026     2Bg     -0.283449  
   3Bg     -0.238549     3Au     -0.024385  


  Unoccupied orbitals
  15Bu     -0.241872     4Bg      0.253987     4Au      0.290603  
   5Au      0.348447     5Bg      0.499514    16Bu      0.564465  
  16Ag      0.566064    17Ag      0.602722    17Bu      0.634117  
  18Bu      0.658457    18Ag      0.662174    19Bu      0.679563  
  19Ag      0.691537    20Bu      0.710579    20Ag      0.754377  
  21Ag      0.816228    21Bu      0.839855    22Ag      0.874341  
  22Bu      0.901018    23Bu      0.927694    23Ag      0.946551  
  24Ag      0.993443    24Bu      1.024543    25Ag      1.122249  
  25Bu      1.143262  


      * SCF total energy   =    -378.895220030994
        kinetic energy     =     377.082344862879
        nuc. attr. energy  =   -1777.170951622465
        elec. rep. energy  =    1021.193386728592
        potential energy   =    -755.977564893873
        virial theorem     =       1.995215365430
        wavefunction norm  =       1.000000000000
******************************************************************************
SCF tstop called on silenziosa
Thu Mar 27 00:27:03 2014

user time   =       0.06 seconds =       0.00 minutes
system time =       0.01 seconds =       0.00 minutes
total time  =          0 seconds =       0.00 minutes

                          --------------------------
                          PSI3 Computation Completed
                          --------------------------

PSI3 stopped on silenziosa at Thu Mar 27 00:27:03 2014

Total PSI3 wall time          1 seconds =       0.02 minutes
******************************************************************************