Job dvb_sp started on c-gle.ch.cam.ac.uk at Tue Apr  4 15:29:42 2006
Jaguar version 4.2, release  77
Molecular Point Group: C2h     
Point Group used: C2h
pre (input checking) done.
onee (1-electron integrals) done.
hfig (HF initial guess) done.
probe (project orbitals) done.
grid (grid generation) done.
scf type: DFT=Becke_3_Parameter/HF+Slater+Becke88+VWN+LYP (B3LYP)
  
       i  u  d  i  g
       t  p  i  c  r                               RMS    maximum
       e  d  i  u  i                     energy  density   DIIS  
       r  t  s  t  d     total energy    change  change    error 
  
etot   1  N  N  0  N  -382.30825877195           3.1E-06  7.1E-05
etot   2  Y  N  0  N  -382.30825878670  1.5E-08  0.0E+00  0.0E+00
scfa (DFT) done.
cutabab2 done.
der1a (1-e 1st deriv.) done.
der1bb (2-e 1st deriv.) done.
See /home/rsp25/dvb_sp.out for output
Job dvb_sp completed on c-gle.ch.cam.ac.uk at Tue Apr  4 15:30:06 2006
