

     ************************************************************************
     *************** Dalton - An Electronic Structure Program ***************
     ************************************************************************

    This is output from DALTON release Dalton2018.2 (2019)
         ( Web site: http://daltonprogram.org )

   ----------------------------------------------------------------------------

    NOTE:
     
    Dalton is an experimental code for the evaluation of molecular
    properties using (MC)SCF, DFT, CI, and CC wave functions.
    The authors accept no responsibility for the performance of
    the code or for the correctness of the results.
     
    The code (in whole or part) is provided under a licence and
    is not to be reproduced for further distribution without
    the written permission of the authors or their representatives.
     
    See the home page "http://daltonprogram.org" for further information.
     
    If results obtained with this code are published,
    the appropriate citations would be both of:
     
       K. Aidas, C. Angeli, K. L. Bak, V. Bakken, R. Bast,
       L. Boman, O. Christiansen, R. Cimiraglia, S. Coriani,
       P. Dahle, E. K. Dalskov, U. Ekstroem,
       T. Enevoldsen, J. J. Eriksen, P. Ettenhuber, B. Fernandez,
       L. Ferrighi, H. Fliegl, L. Frediani, K. Hald, A. Halkier,
       C. Haettig, H. Heiberg, T. Helgaker, A. C. Hennum,
       H. Hettema, E. Hjertenaes, S. Hoest, I.-M. Hoeyvik,
       M. F. Iozzi, B. Jansik, H. J. Aa. Jensen, D. Jonsson,
       P. Joergensen, J. Kauczor, S. Kirpekar,
       T. Kjaergaard, W. Klopper, S. Knecht, R. Kobayashi, H. Koch,
       J. Kongsted, A. Krapp, K. Kristensen, A. Ligabue,
       O. B. Lutnaes, J. I. Melo, K. V. Mikkelsen, R. H. Myhre,
       C. Neiss, C. B. Nielsen, P. Norman, J. Olsen,
       J. M. H. Olsen, A. Osted, M. J. Packer, F. Pawlowski,
       T. B. Pedersen, P. F. Provasi, S. Reine, Z. Rinkevicius,
       T. A. Ruden, K. Ruud, V. Rybkin, P. Salek, C. C. M. Samson,
       A. Sanchez de Meras, T. Saue, S. P. A. Sauer,
       B. Schimmelpfennig, K. Sneskov, A. H. Steindal,
       K. O. Sylvester-Hvid, P. R. Taylor, A. M. Teale,
       E. I. Tellgren, D. P. Tew, A. J. Thorvaldsen, L. Thoegersen,
       O. Vahtras, M. A. Watson, D. J. D. Wilson, M. Ziolkowski
       and H. Agren,
       "The Dalton quantum chemistry program system",
       WIREs Comput. Mol. Sci. 2014, 4:269–284 (doi: 10.1002/wcms.1172)
     
    and
     
       Dalton, a molecular electronic structure program,
       Release Dalton2018.2 (2019), see http://daltonprogram.org
   ----------------------------------------------------------------------------

    Authors in alphabetical order (major contribution(s) in parenthesis):

  Kestutis Aidas,           Vilnius University,           Lithuania   (QM/MM)
  Celestino Angeli,         University of Ferrara,        Italy       (NEVPT2)
  Keld L. Bak,              UNI-C,                        Denmark     (AOSOPPA, non-adiabatic coupling, magnetic properties)
  Vebjoern Bakken,          University of Oslo,           Norway      (DALTON; geometry optimizer, symmetry detection)
  Radovan Bast,             UiT The Arctic U. of Norway,  Norway      (DALTON installation and execution frameworks)
  Pablo Baudin,             University of Valencia,       Spain       (Cholesky excitation energies)
  Linus Boman,              NTNU,                         Norway      (Cholesky decomposition and subsystems)
  Ove Christiansen,         Aarhus University,            Denmark     (CC module)
  Renzo Cimiraglia,         University of Ferrara,        Italy       (NEVPT2)
  Sonia Coriani,            Technical Univ. of Denmark,   Denmark     (CC module, MCD in RESPONS)
  Janusz Cukras,            University of Trieste,        Italy       (MChD in RESPONS)
  Paal Dahle,               University of Oslo,           Norway      (Parallelization)
  Erik K. Dalskov,          UNI-C,                        Denmark     (SOPPA)
  Thomas Enevoldsen,        Univ. of Southern Denmark,    Denmark     (SOPPA)
  Janus J. Eriksen,         Aarhus University,            Denmark     (Polarizable embedding model, TDA)
  Rasmus Faber,             University of Copenhagen,     Denmark     (Vib.avg. NMR with SOPPA, parallel AO-SOPPA)
  Tobias Fahleson,          KTH Stockholm,                Sweden      (Damped cubic response)
  Berta Fernandez,          U. of Santiago de Compostela, Spain       (doublet spin, ESR in RESPONS)
  Lara Ferrighi,            Aarhus University,            Denmark     (PCM Cubic response)
  Heike Fliegl,             University of Oslo,           Norway      (CCSD(R12))
  Luca Frediani,            UiT The Arctic U. of Norway,  Norway      (PCM)
  Bin Gao,                  UiT The Arctic U. of Norway,  Norway      (Gen1Int library)
  Christof Haettig,         Ruhr-University Bochum,       Germany     (CC module)
  Kasper Hald,              Aarhus University,            Denmark     (CC module)
  Asger Halkier,            Aarhus University,            Denmark     (CC module)
  Frederik Beyer Hansen,    University of Copenhagen,     Denmark     (Parallel AO-SOPPA)
  Erik D. Hedegaard,        Univ. of Southern Denmark,    Denmark     (Polarizable embedding model, QM/MM)
  Hanne Heiberg,            University of Oslo,           Norway      (geometry analysis, selected one-electron integrals)
  Trygve Helgaker,          University of Oslo,           Norway      (DALTON; ABACUS, ERI, DFT modules, London, and much more)
  Alf Christian Hennum,     University of Oslo,           Norway      (Parity violation)
  Hinne Hettema,            University of Auckland,       New Zealand (quadratic response in RESPONS; SIRIUS supersymmetry)
  Eirik Hjertenaes,         NTNU,                         Norway      (Cholesky decomposition)
  Pi A. B. Haase,           University of Copenhagen,     Denmark     (Triplet AO-SOPPA)
  Maria Francesca Iozzi,    University of Oslo,           Norway      (RPA)
  Christoph Jacob           TU Braunschweig               Germany     (Frozen density embedding model)
  Brano Jansik              Technical Univ. of Ostrava    Czech Rep.  (DFT cubic response)
  Hans Joergen Aa. Jensen,  Univ. of Southern Denmark,    Denmark     (DALTON; SIRIUS, RESPONS, ABACUS modules, London, and much more)
  Dan Jonsson,              UiT The Arctic U. of Norway,  Norway      (cubic response in RESPONS module)
  Poul Joergensen,          Aarhus University,            Denmark     (RESPONS, ABACUS, and CC modules)
  Maciej Kaminski,          University of Warsaw,         Poland      (CPPh in RESPONS)
  Joanna Kauczor,           Linkoeping University,        Sweden      (Complex polarization propagator (CPP) module)
  Sheela Kirpekar,          Univ. of Southern Denmark,    Denmark     (Mass-velocity & Darwin integrals)
  Wim Klopper,              KIT Karlsruhe,                Germany     (R12 code in CC, SIRIUS, and ABACUS modules)
  Stefan Knecht,            ETH Zurich,                   Switzerland (Parallel CI and MCSCF)
  Rika Kobayashi,           Australian National Univ.,    Australia   (DIIS in CC, London in MCSCF)
  Henrik Koch,              NTNU,                         Norway      (CC module, Cholesky decomposition)
  Jacob Kongsted,           Univ. of Southern Denmark,    Denmark     (Polarizable embedding model, QM/MM)
  Andrea Ligabue,           University of Modena,         Italy       (CTOCD, AOSOPPA)
  Nanna H. List             Univ. of Southern Denmark,    Denmark     (Polarizable embedding model)
  Ola B. Lutnaes,           University of Oslo,           Norway      (DFT Hessian)
  Juan I. Melo,             University of Buenos Aires,   Argentina   (LRESC, Relativistic Effects on NMR Shieldings)
  Kurt V. Mikkelsen,        University of Copenhagen,     Denmark     (MC-SCRF and QM/MM)
  Rolf H. Myhre,            NTNU,                         Norway      (Subsystems and CC3)
  Christian Neiss,          Univ. Erlangen-Nuernberg,     Germany     (CCSD(R12))
  Christian B. Nielsen,     University of Copenhagen,     Denmark     (QM/MM)
  Patrick Norman,           KTH Stockholm,                Sweden      (Cubic response and complex frequency response in RESPONS)
  Jeppe Olsen,              Aarhus University,            Denmark     (SIRIUS CI/density modules)
  Jogvan Magnus H. Olsen,   Univ. of Southern Denmark,    Denmark     (Polarizable embedding model, QM/MM)
  Anders Osted,             Copenhagen University,        Denmark     (QM/MM)
  Martin J. Packer,         University of Sheffield,      UK          (SOPPA)
  Filip Pawlowski,          Kazimierz Wielki University,  Poland      (CC3)
  Morten N. Pedersen,       Univ. of Southern Denmark,    Denmark     (Polarizable embedding model)
  Thomas B. Pedersen,       University of Oslo,           Norway      (Cholesky decomposition)
  Patricio F. Provasi,      University of Northeastern,   Argentina   (Analysis of coupling constants in localized orbitals)
  Zilvinas Rinkevicius,     KTH Stockholm,                Sweden      (open-shell DFT, ESR)
  Elias Rudberg,            KTH Stockholm,                Sweden      (DFT grid and basis info)
  Torgeir A. Ruden,         University of Oslo,           Norway      (Numerical derivatives in ABACUS)
  Kenneth Ruud,             UiT The Arctic U. of Norway,  Norway      (DALTON; ABACUS magnetic properties and much more)
  Pawel Salek,              KTH Stockholm,                Sweden      (DALTON; DFT code)
  Claire C. M. Samson       University of Karlsruhe       Germany     (Boys localization, r12 integrals in ERI)
  Alfredo Sanchez de Meras, University of Valencia,       Spain       (CC module, Cholesky decomposition)
  Trond Saue,               Paul Sabatier University,     France      (direct Fock matrix construction)
  Stephan P. A. Sauer,      University of Copenhagen,     Denmark     (SOPPA(CCSD), SOPPA prop., AOSOPPA, vibrational g-factors)
  Andre S. P. Gomes,        CNRS/Universite de Lille,     France      (Frozen density embedding model)
  Bernd Schimmelpfennig,    Forschungszentrum Karlsruhe,  Germany     (AMFI module)
  Kristian Sneskov,         Aarhus University,            Denmark     (Polarizable embedding model, QM/MM)
  Arnfinn H. Steindal,      UiT The Arctic U. of Norway,  Norway      (parallel QM/MM, Polarizable embedding model)
  Casper Steinmann,         Univ. of Southern Denmark,    Denmark     (QFIT, Polarizable embedding model)
  K. O. Sylvester-Hvid,     University of Copenhagen,     Denmark     (MC-SCRF)
  Peter R. Taylor,          VLSCI/Univ. of Melbourne,     Australia   (Symmetry handling ABACUS, integral transformation)
  Andrew M. Teale,          University of Nottingham,     England     (DFT-AC, DFT-D)
  David P. Tew,             University of Bristol,        England     (CCSD(R12))
  Olav Vahtras,             KTH Stockholm,                Sweden      (triplet response, spin-orbit, ESR, TDDFT, open-shell DFT)
  Lucas Visscher,           Vrije Universiteit Amsterdam, Netherlands (Frozen density embedding model)
  David J. Wilson,          La Trobe University,          Australia   (DFT Hessian and DFT magnetizabilities)
  Hans Agren,               KTH Stockholm,                Sweden      (SIRIUS module, RESPONS, MC-SCRF solvation model)
 --------------------------------------------------------------------------------

     Date and time (Linux)  : Wed Jun 10 22:22:59 2020
     Host name              : osmium                                  

 * Work memory size             :    64000000 =  488.28 megabytes.

 * Directories for basis set searches:
   1) /home/eric/development/cclib_berquist/data/DALTON/basicDALTON-2018
   2) /home/eric/data/opt/apps/dalton/2018.2-g9.3.0-mkl-omp/dalton/basis


Compilation information
-----------------------

 Who compiled             | eric
 Host                     | osmium
 System                   | Linux-5.5.10-arch1-1
 CMake generator          | Unix Makefiles
 Processor                | x86_64
 64-bit integers          | OFF
 MPI                      | OFF
 Fortran compiler         | /usr/bin/f95
 Fortran compiler version | GNU Fortran (Arch Linux 9.3.0-1) 9.3.0
 Fortran flags            |  -fopenmp -DVAR_GFORTRAN -ffloat-store -fcray-poin
                          | ter -std=legacy -m64 -O3 -ffast-math -funroll-loop
                          | s -ftree-vectorize
 C compiler               | /usr/bin/cc
 C compiler version       | unknown
 C flags                  |  -fopenmp -std=c99 -DRESTRICT=restrict -DFUNDERSCO
                          | RE=1 -DHAVE_NO_LSEEK64 -ffloat-store -Wall -m64 -O
                          | 3 -ffast-math -funroll-loops -ftree-vectorize -Wno
                          | -unused
 C++ compiler             | /usr/bin/c++
 C++ compiler version     | c++ (Arch Linux 9.3.0-1) 9.3.0
 C++ flags                |  -fopenmp -g -Wall -fno-rtti -fno-exceptions -m64 
                          | -march=native -O3 -ffast-math -funroll-loops -ftre
                          | e-vectorize -Wno-unused
 BLAS                     | -Wl,--start-group;/opt/intel/mkl/lib/intel64/libmk
                          | l_gf_lp64.so;/opt/intel/mkl/lib/intel64/libmkl_gnu
                          | _thread.so;/opt/intel/mkl/lib/intel64/libmkl_core.
                          | so;/usr/lib/libpthread.so;/usr/lib/libm.so;-fopenm
                          | p;-Wl,--end-group
 LAPACK                   | -Wl,--start-group;/opt/intel/mkl/lib/intel64/libmk
                          | l_lapack95_lp64.a;/opt/intel/mkl/lib/intel64/libmk
                          | l_gf_lp64.so;-fopenmp;-Wl,--end-group
 Static linking           | OFF
 Configuration time       | 2020-03-29 00:15:44.956303


   Content of the .dal input file
 ----------------------------------

BASIS
STO-3G
divinylbenzene
Generated by Open Babel
AtomTypes=6 Angstrom
Charge=6.0 Atoms=6
C                  0.27867948   -1.36683162    0.00000000
C                  1.32303041   -0.44173575    0.00000000
C                  1.04434506    0.92484978    0.00000000
C                 -0.27867948    1.36683162    0.00000000
C                 -1.32303041    0.44173575    0.00000000
C                 -1.04434506   -0.92484978    0.00000000
Charge=1.0 Atoms=4
H                  2.36595443   -0.79037726    0.00000000
H                  1.86746094    1.65407997    0.00000000
H                 -2.36595443    0.79037726    0.00000000
H                 -1.86746094   -1.65407997    0.00000000
Charge=6.0 Atoms=2
C                 -0.58659169    2.87589931    0.00000000
C                  0.36350188    3.80076420    0.00000000
Charge=1.0 Atoms=3
H                 -1.65647768    3.12394312    0.00000000
H                  0.14429560    4.87693235    0.00000000
H                  1.43338788    3.55272039    0.00000000
Charge=6.0 Atoms=2
C                  0.58659169   -2.87589931    0.00000000
C                 -0.36350188   -3.80076420    0.00000000
Charge=1.0 Atoms=3
H                  1.65647768   -3.12394312    0.00000000
H                 -0.14429560   -4.87693235    0.00000000
H                 -1.43338788   -3.55272039    0.00000000

**DALTON
.RUN WAVE FUNCTIONS
.RUN PROPERTIES
*MOLBAS
.PRINT
  2
**WAVE FUNCTIONS
.DFT
BP86
*SCF INPUT
.THRESH
1.0D-08
*DFT INPUT
.ULTRAF
.DFTD3
**END OF


       *******************************************************************
       *********** Output from DALTON general input processing ***********
       *******************************************************************

 --------------------------------------------------------------------------------
   Overall default print level:    0
   Print level for DALTON.STAT:    1

    HERMIT 1- and 2-electron integral sections will be executed
    "Old" integral transformation used (limited to max 255 basis functions)
    Wave function sections will be executed (SIRIUS module)
    Static molecular property section will be executed (ABACUS module)
 --------------------------------------------------------------------------------


 Changes of defaults for *MOLBAS
 -------------------------------

 Print level in molecule setup (READIN):    2

 * Nuclear model: Point charge



   ****************************************************************************
   *************** Output of molecule and basis set information ***************
   ****************************************************************************


 Basis set 1 is  "STO-3G" from the basis set library.

    The two title cards from your ".mol" input:
    ------------------------------------------------------------------------
 1: divinylbenzene                                                          
 2: Generated by Open Babel                                                 
    ------------------------------------------------------------------------

  Coordinates are entered in Angstrom and converted to atomic units.
          - Conversion factor : 1 bohr = 0.52917721 A

  Atomic type no.    1
  --------------------
  Nuclear charge:   6.00000
  Number of symmetry independent centers:    6
  Number of basis sets to read;    2
  Basis set file used for this atomic type with Z =   6 :
  Trying file: "/home/eric/development/cclib_berquist/data/DALTON/basicDALTON-2018/STO-3G"
  Trying file: "/home/eric/data/opt/apps/dalton/2018.2-g9.3.0-mkl-omp/dalton/basis/STO-3G"
     "/home/eric/data/opt/apps/dalton/2018.2-g9.3.0-mkl-omp/dalton/basis/STO-3G"
  Basis set file used for this atomic type with Z =   6 :
     "/home/eric/data/opt/apps/dalton/2018.2-g9.3.0-mkl-omp/dalton/basis/ano-4"

  Atomic type no.    2
  --------------------
  Nuclear charge:   1.00000
  Number of symmetry independent centers:    4
  Number of basis sets to read;    2
  Basis set file used for this atomic type with Z =   1 :
  Trying file: "/home/eric/development/cclib_berquist/data/DALTON/basicDALTON-2018/STO-3G"
  Trying file: "/home/eric/data/opt/apps/dalton/2018.2-g9.3.0-mkl-omp/dalton/basis/STO-3G"
     "/home/eric/data/opt/apps/dalton/2018.2-g9.3.0-mkl-omp/dalton/basis/STO-3G"
  Basis set file used for this atomic type with Z =   1 :
     "/home/eric/data/opt/apps/dalton/2018.2-g9.3.0-mkl-omp/dalton/basis/ano-4"

  Atomic type no.    3
  --------------------
  Nuclear charge:   6.00000
  Number of symmetry independent centers:    2
  Number of basis sets to read;    2
  Basis set file used for this atomic type with Z =   6 :
  Trying file: "/home/eric/development/cclib_berquist/data/DALTON/basicDALTON-2018/STO-3G"
  Trying file: "/home/eric/data/opt/apps/dalton/2018.2-g9.3.0-mkl-omp/dalton/basis/STO-3G"
     "/home/eric/data/opt/apps/dalton/2018.2-g9.3.0-mkl-omp/dalton/basis/STO-3G"
  Basis set file used for this atomic type with Z =   6 :
     "/home/eric/data/opt/apps/dalton/2018.2-g9.3.0-mkl-omp/dalton/basis/ano-4"

  Atomic type no.    4
  --------------------
  Nuclear charge:   1.00000
  Number of symmetry independent centers:    3
  Number of basis sets to read;    2
  Basis set file used for this atomic type with Z =   1 :
  Trying file: "/home/eric/development/cclib_berquist/data/DALTON/basicDALTON-2018/STO-3G"
  Trying file: "/home/eric/data/opt/apps/dalton/2018.2-g9.3.0-mkl-omp/dalton/basis/STO-3G"
     "/home/eric/data/opt/apps/dalton/2018.2-g9.3.0-mkl-omp/dalton/basis/STO-3G"
  Basis set file used for this atomic type with Z =   1 :
     "/home/eric/data/opt/apps/dalton/2018.2-g9.3.0-mkl-omp/dalton/basis/ano-4"

  Atomic type no.    5
  --------------------
  Nuclear charge:   6.00000
  Number of symmetry independent centers:    2
  Number of basis sets to read;    2
  Basis set file used for this atomic type with Z =   6 :
  Trying file: "/home/eric/development/cclib_berquist/data/DALTON/basicDALTON-2018/STO-3G"
  Trying file: "/home/eric/data/opt/apps/dalton/2018.2-g9.3.0-mkl-omp/dalton/basis/STO-3G"
     "/home/eric/data/opt/apps/dalton/2018.2-g9.3.0-mkl-omp/dalton/basis/STO-3G"
  Basis set file used for this atomic type with Z =   6 :
     "/home/eric/data/opt/apps/dalton/2018.2-g9.3.0-mkl-omp/dalton/basis/ano-4"

  Atomic type no.    6
  --------------------
  Nuclear charge:   1.00000
  Number of symmetry independent centers:    3
  Number of basis sets to read;    2
  Basis set file used for this atomic type with Z =   1 :
  Trying file: "/home/eric/development/cclib_berquist/data/DALTON/basicDALTON-2018/STO-3G"
  Trying file: "/home/eric/data/opt/apps/dalton/2018.2-g9.3.0-mkl-omp/dalton/basis/STO-3G"
     "/home/eric/data/opt/apps/dalton/2018.2-g9.3.0-mkl-omp/dalton/basis/STO-3G"
  Basis set file used for this atomic type with Z =   1 :
     "/home/eric/data/opt/apps/dalton/2018.2-g9.3.0-mkl-omp/dalton/basis/ano-4"


                      SYMADD: Requested addition of symmetry
                      --------------------------------------

 Symmetry test threshold:  5.00E-06

@   The molecule is centered at center of mass and rotated
@   so principal axes of inertia are along coordinate axes.

 Symmetry class found: C(2h)          

 Symmetry Independent Centres             
 ----------------------------
       6 :      2.63583938     0.00000000     0.00000000  Isotope  1
       6 :     -1.31752659     2.28320528     0.00000000  Isotope  1
       6 :      1.31844955     2.28276066     0.00000000  Isotope  1
       6 :     -2.77257539     4.80386765     0.00000000  Isotope  1
       6 :     -1.62307658     7.03024884     0.00000000  Isotope  1
       1 :      4.71388628    -0.00076749     0.00000000  Isotope  1
       1 :      2.35742759     4.08248301     0.00000000  Isotope  1
       1 :      4.83874588    -4.60818226     0.00000000  Isotope  1
       1 :      0.44309393     7.22593424     0.00000000  Isotope  1
       1 :     -2.66004710     8.82804534     0.00000000  Isotope  1

 The following symmetry elements were found:   Z  XY    


                         SYMGRP: Point group information
                         -------------------------------

@    Full point group is: C(2h)          
@    Represented as:      C2h

@  * The irrep name for each symmetry:    1: Ag     2: Au     3: Bu     4: Bg 

   * The point group was generated by:

      Reflection in the xy-plane
      Rotation about the z-axis

   * Group multiplication table

        |  E   C2z   i   Oxy
   -----+--------------------
     E  |  E   C2z   i   Oxy
    C2z | C2z   E   Oxy   i 
     i  |  i   Oxy   E   C2z
    Oxy | Oxy   i   C2z   E 

   * Character table

        |  E   C2z   i   Oxy
   -----+--------------------
    Ag  |   1    1    1    1
    Au  |   1    1   -1   -1
    Bu  |   1   -1   -1    1
    Bg  |   1   -1    1   -1

   * Direct product table

        | Ag   Au   Bu   Bg 
   -----+--------------------
    Ag  | Ag   Au   Bu   Bg 
    Au  | Au   Ag   Bg   Bu 
    Bu  | Bu   Bg   Ag   Au 
    Bg  | Bg   Bu   Au   Ag 


                                 Isotopic Masses
                                 ---------------

                           C   _1     12.000000
                           C   _2     12.000000
                           C   _1     12.000000
                           C   _2     12.000000
                           C   _1     12.000000
                           C   _2     12.000000
                           H   _1      1.007825
                           H   _2      1.007825
                           H   _1      1.007825
                           H   _2      1.007825
                           H   _1      1.007825
                           H   _2      1.007825
                           C   _1     12.000000
                           C   _2     12.000000
                           C   _1     12.000000
                           C   _2     12.000000
                           H   _1      1.007825
                           H   _2      1.007825
                           H   _1      1.007825
                           H   _2      1.007825

                       Total mass:   130.078250 amu
                       Natural abundance:  89.395 %

 Center-of-mass coordinates (a.u.):    0.000000    0.000000    0.000000


  Atoms and basis sets
  --------------------

  Number of atom types :    4
  Total number of atoms:   20

  Basis set used is "STO-3G" from the basis set library.

  label    atoms   charge   prim   cont     basis
  ----------------------------------------------------------------------
  C           6    6.0000    15     5      [6s3p|2s1p]                                        
  H           6    1.0000     3     1      [3s|1s]                                            
  C           4    6.0000    15     5      [6s3p|2s1p]                                        
  H           4    1.0000     3     1      [3s|1s]                                            
  ----------------------------------------------------------------------
  total:     20   70.0000   180    60
  ----------------------------------------------------------------------

  Threshold for neglecting AO integrals:  1.00D-12


  Cartesian Coordinates (a.u.)
  ----------------------------

  Total number of coordinates:   60
  C   / 1 :     1  x  -1.3175265898    2  y   2.2832052784    3  z   0.0000000000
  C   / 2 :     4  x   1.3175265898    5  y  -2.2832052784    6  z   0.0000000000
  C   / 1 :     7  x   2.6358393815    8  y   0.0000000000    9  z   0.0000000000
  C   / 2 :    10  x  -2.6358393815   11  y  -0.0000000000   12  z   0.0000000000
  C   / 1 :    13  x   1.3184495471   14  y   2.2827606598   15  z   0.0000000000
  C   / 2 :    16  x  -1.3184495471   17  y  -2.2827606598   18  z   0.0000000000
  H   / 1 :    19  x   4.7138862752   20  y  -0.0007674948   21  z   0.0000000000
  H   / 2 :    22  x  -4.7138862752   23  y   0.0007674948   24  z   0.0000000000
  H   / 1 :    25  x   2.3574275928   26  y   4.0824830103   27  z   0.0000000000
  H   / 2 :    28  x  -2.3574275928   29  y  -4.0824830103   30  z   0.0000000000
  H   / 1 :    31  x   4.8387458824   32  y  -4.6081822563   33  z   0.0000000000
  H   / 2 :    34  x  -4.8387458824   35  y   4.6081822563   36  z   0.0000000000
  C   / 1 :    37  x  -2.7725753918   38  y   4.8038676515   39  z   0.0000000000
  C   / 2 :    40  x   2.7725753918   41  y  -4.8038676515   42  z   0.0000000000
  C   / 1 :    43  x  -1.6230765809   44  y   7.0302488418   45  z   0.0000000000
  C   / 2 :    46  x   1.6230765809   47  y  -7.0302488418   48  z   0.0000000000
  H   / 1 :    49  x  -2.6600470999   50  y   8.8280453421   51  z   0.0000000000
  H   / 2 :    52  x   2.6600470999   53  y  -8.8280453421   54  z   0.0000000000
  H   / 1 :    55  x   0.4430939277   56  y   7.2259342429   57  z   0.0000000000
  H   / 2 :    58  x  -0.4430939277   59  y  -7.2259342429   60  z   0.0000000000


  Symmetry Coordinates
  --------------------

  Number of coordinates in each symmetry:    20   10   20   10

  Symmetry  Ag  ( 1)

    1   C     x    [  1  -    4 ]/2
    2   C     y    [  2  -    5 ]/2
    3   C     x    [  7  -   10 ]/2
    4   C     y    [  8  -   11 ]/2
    5   C     x    [ 13  -   16 ]/2
    6   C     y    [ 14  -   17 ]/2
    7   H     x    [ 19  -   22 ]/2
    8   H     y    [ 20  -   23 ]/2
    9   H     x    [ 25  -   28 ]/2
   10   H     y    [ 26  -   29 ]/2
   11   H     x    [ 31  -   34 ]/2
   12   H     y    [ 32  -   35 ]/2
   13   C     x    [ 37  -   40 ]/2
   14   C     y    [ 38  -   41 ]/2
   15   C     x    [ 43  -   46 ]/2
   16   C     y    [ 44  -   47 ]/2
   17   H     x    [ 49  -   52 ]/2
   18   H     y    [ 50  -   53 ]/2
   19   H     x    [ 55  -   58 ]/2
   20   H     y    [ 56  -   59 ]/2

  Symmetry  Au  ( 2)

   21   C     z    [  3  +    6 ]/2
   22   C     z    [  9  +   12 ]/2
   23   C     z    [ 15  +   18 ]/2
   24   H     z    [ 21  +   24 ]/2
   25   H     z    [ 27  +   30 ]/2
   26   H     z    [ 33  +   36 ]/2
   27   C     z    [ 39  +   42 ]/2
   28   C     z    [ 45  +   48 ]/2
   29   H     z    [ 51  +   54 ]/2
   30   H     z    [ 57  +   60 ]/2

  Symmetry  Bu  ( 3)

   31   C     x    [  1  +    4 ]/2
   32   C     y    [  2  +    5 ]/2
   33   C     x    [  7  +   10 ]/2
   34   C     y    [  8  +   11 ]/2
   35   C     x    [ 13  +   16 ]/2
   36   C     y    [ 14  +   17 ]/2
   37   H     x    [ 19  +   22 ]/2
   38   H     y    [ 20  +   23 ]/2
   39   H     x    [ 25  +   28 ]/2
   40   H     y    [ 26  +   29 ]/2
   41   H     x    [ 31  +   34 ]/2
   42   H     y    [ 32  +   35 ]/2
   43   C     x    [ 37  +   40 ]/2
   44   C     y    [ 38  +   41 ]/2
   45   C     x    [ 43  +   46 ]/2
   46   C     y    [ 44  +   47 ]/2
   47   H     x    [ 49  +   52 ]/2
   48   H     y    [ 50  +   53 ]/2
   49   H     x    [ 55  +   58 ]/2
   50   H     y    [ 56  +   59 ]/2

  Symmetry  Bg  ( 4)

   51   C     z    [  3  -    6 ]/2
   52   C     z    [  9  -   12 ]/2
   53   C     z    [ 15  -   18 ]/2
   54   H     z    [ 21  -   24 ]/2
   55   H     z    [ 27  -   30 ]/2
   56   H     z    [ 33  -   36 ]/2
   57   C     z    [ 39  -   42 ]/2
   58   C     z    [ 45  -   48 ]/2
   59   H     z    [ 51  -   54 ]/2
   60   H     z    [ 57  -   60 ]/2

  Max    interatomic separation is    9.7581 Angstrom (   18.4402 Bohr)
  between atoms   18 and   17, "H   _2" and "H   _1".

  Min HX interatomic separation is    1.0983 Angstrom (    2.0754 Bohr)

  Min YX interatomic separation is    1.3259 Angstrom (    2.5056 Bohr)


  Bond distances (Angstrom):
  --------------------------

                  atom 1     atom 2       distance
                  ------     ------       --------
  bond distance:  C   _1     C   _2       1.395160
  bond distance:  C   _2     C   _1       1.395160
  bond distance:  C   _1     C   _1       1.394899
  bond distance:  C   _1     C   _1       1.394712
  bond distance:  C   _2     C   _2       1.394899
  bond distance:  C   _2     C   _2       1.394712
  bond distance:  H   _1     C   _1       1.099655
  bond distance:  H   _2     C   _2       1.099655
  bond distance:  H   _1     C   _1       1.099680
  bond distance:  H   _2     C   _2       1.099680
  bond distance:  C   _1     C   _1       1.540161
  bond distance:  C   _1     H   _2       1.098263
  bond distance:  C   _2     C   _2       1.540161
  bond distance:  C   _2     H   _1       1.098263
  bond distance:  C   _1     C   _1       1.325916
  bond distance:  C   _2     C   _2       1.325916
  bond distance:  H   _1     C   _1       1.098266
  bond distance:  H   _2     C   _2       1.098266
  bond distance:  H   _1     C   _1       1.098263
  bond distance:  H   _2     C   _2       1.098263


  Bond angles (degrees):
  ----------------------

                  atom 1     atom 2     atom 3         angle
                  ------     ------     ------         -----
  bond angle:     C   _2     C   _1     C   _1       119.992
  bond angle:     C   _2     C   _1     C   _1       120.002
  bond angle:     C   _1     C   _1     C   _1       120.005
  bond angle:     C   _1     C   _2     C   _2       119.992
  bond angle:     C   _1     C   _2     C   _2       120.002
  bond angle:     C   _2     C   _2     C   _2       120.005
  bond angle:     C   _2     C   _1     C   _1       120.009
  bond angle:     C   _2     C   _1     H   _1       119.981
  bond angle:     C   _1     C   _1     H   _1       120.011
  bond angle:     C   _1     C   _2     C   _2       120.009
  bond angle:     C   _1     C   _2     H   _2       119.981
  bond angle:     C   _2     C   _2     H   _2       120.011
  bond angle:     C   _1     C   _1     C   _1       119.999
  bond angle:     C   _1     C   _1     H   _1       119.988
  bond angle:     C   _1     C   _1     H   _1       120.013
  bond angle:     C   _2     C   _2     C   _2       119.999
  bond angle:     C   _2     C   _2     H   _2       119.988
  bond angle:     C   _2     C   _2     H   _2       120.013
  bond angle:     C   _1     C   _1     H   _2       114.585
  bond angle:     C   _1     C   _1     C   _1       122.697
  bond angle:     H   _2     C   _1     C   _1       122.718
  bond angle:     C   _2     C   _2     H   _1       114.585
  bond angle:     C   _2     C   _2     C   _2       122.697
  bond angle:     H   _1     C   _2     C   _2       122.718
  bond angle:     C   _1     C   _1     H   _1       122.716
  bond angle:     C   _1     C   _1     H   _1       122.718
  bond angle:     H   _1     C   _1     H   _1       114.566
  bond angle:     C   _2     C   _2     H   _2       122.716
  bond angle:     C   _2     C   _2     H   _2       122.718
  bond angle:     H   _2     C   _2     H   _2       114.566




 Principal moments of inertia (u*A**2) and principal axes
 --------------------------------------------------------

   IA     109.483941         -0.322340    0.946624    0.000000
   IB     715.096026          0.946624    0.322340    0.000000
   IC     824.579967          0.000000    0.000000    1.000000


 Rotational constants
 --------------------

@    The molecule is planar.

               A                   B                   C

           4616.0104            706.7289            612.8927 MHz
            0.153974            0.023574            0.020444 cm-1


@  Nuclear repulsion energy :  450.006138195658 Hartree


  Orbital exponents and contraction coefficients
  ----------------------------------------------


  C   #1 1s      1       71.616837      0.1543    0.0000
   seg. cont.    2       13.045096      0.5353    0.0000
                 3        3.530512      0.4446    0.0000
                 4        2.941249      0.0000   -0.1000
                 5        0.683483      0.0000    0.3995
                 6        0.222290      0.0000    0.7001

  C   #2 1s      7       71.616837      0.1543    0.0000
   seg. cont.    8       13.045096      0.5353    0.0000
                 9        3.530512      0.4446    0.0000
                10        2.941249      0.0000   -0.1000
                11        0.683483      0.0000    0.3995
                12        0.222290      0.0000    0.7001

  C   #1 2px    13        2.941249      0.1559
   seg. cont.   14        0.683483      0.6077
                15        0.222290      0.3920

  C   #2 2px    16        2.941249      0.1559
   seg. cont.   17        0.683483      0.6077
                18        0.222290      0.3920

  C   #1 2py    19        2.941249      0.1559
   seg. cont.   20        0.683483      0.6077
                21        0.222290      0.3920

  C   #2 2py    22        2.941249      0.1559
   seg. cont.   23        0.683483      0.6077
                24        0.222290      0.3920

  C   #1 2pz    25        2.941249      0.1559
   seg. cont.   26        0.683483      0.6077
                27        0.222290      0.3920

  C   #2 2pz    28        2.941249      0.1559
   seg. cont.   29        0.683483      0.6077
                30        0.222290      0.3920

  C   #1 1s     31       71.616837      0.1543    0.0000
   seg. cont.   32       13.045096      0.5353    0.0000
                33        3.530512      0.4446    0.0000
                34        2.941249      0.0000   -0.1000
                35        0.683483      0.0000    0.3995
                36        0.222290      0.0000    0.7001

  C   #2 1s     37       71.616837      0.1543    0.0000
   seg. cont.   38       13.045096      0.5353    0.0000
                39        3.530512      0.4446    0.0000
                40        2.941249      0.0000   -0.1000
                41        0.683483      0.0000    0.3995
                42        0.222290      0.0000    0.7001

  C   #1 2px    43        2.941249      0.1559
   seg. cont.   44        0.683483      0.6077
                45        0.222290      0.3920

  C   #2 2px    46        2.941249      0.1559
   seg. cont.   47        0.683483      0.6077
                48        0.222290      0.3920

  C   #1 2py    49        2.941249      0.1559
   seg. cont.   50        0.683483      0.6077
                51        0.222290      0.3920

  C   #2 2py    52        2.941249      0.1559
   seg. cont.   53        0.683483      0.6077
                54        0.222290      0.3920

  C   #1 2pz    55        2.941249      0.1559
   seg. cont.   56        0.683483      0.6077
                57        0.222290      0.3920

  C   #2 2pz    58        2.941249      0.1559
   seg. cont.   59        0.683483      0.6077
                60        0.222290      0.3920

  C   #1 1s     61       71.616837      0.1543    0.0000
   seg. cont.   62       13.045096      0.5353    0.0000
                63        3.530512      0.4446    0.0000
                64        2.941249      0.0000   -0.1000
                65        0.683483      0.0000    0.3995
                66        0.222290      0.0000    0.7001

  C   #2 1s     67       71.616837      0.1543    0.0000
   seg. cont.   68       13.045096      0.5353    0.0000
                69        3.530512      0.4446    0.0000
                70        2.941249      0.0000   -0.1000
                71        0.683483      0.0000    0.3995
                72        0.222290      0.0000    0.7001

  C   #1 2px    73        2.941249      0.1559
   seg. cont.   74        0.683483      0.6077
                75        0.222290      0.3920

  C   #2 2px    76        2.941249      0.1559
   seg. cont.   77        0.683483      0.6077
                78        0.222290      0.3920

  C   #1 2py    79        2.941249      0.1559
   seg. cont.   80        0.683483      0.6077
                81        0.222290      0.3920

  C   #2 2py    82        2.941249      0.1559
   seg. cont.   83        0.683483      0.6077
                84        0.222290      0.3920

  C   #1 2pz    85        2.941249      0.1559
   seg. cont.   86        0.683483      0.6077
                87        0.222290      0.3920

  C   #2 2pz    88        2.941249      0.1559
   seg. cont.   89        0.683483      0.6077
                90        0.222290      0.3920

  H   #1 1s     91        3.425251      0.1543
   seg. cont.   92        0.623914      0.5353
                93        0.168855      0.4446

  H   #2 1s     94        3.425251      0.1543
   seg. cont.   95        0.623914      0.5353
                96        0.168855      0.4446

  H   #1 1s     97        3.425251      0.1543
   seg. cont.   98        0.623914      0.5353
                99        0.168855      0.4446

  H   #2 1s    100        3.425251      0.1543
   seg. cont.  101        0.623914      0.5353
               102        0.168855      0.4446

  H   #1 1s    103        3.425251      0.1543
   seg. cont.  104        0.623914      0.5353
               105        0.168855      0.4446

  H   #2 1s    106        3.425251      0.1543
   seg. cont.  107        0.623914      0.5353
               108        0.168855      0.4446

  C   #1 1s    109       71.616837      0.1543    0.0000
   seg. cont.  110       13.045096      0.5353    0.0000
               111        3.530512      0.4446    0.0000
               112        2.941249      0.0000   -0.1000
               113        0.683483      0.0000    0.3995
               114        0.222290      0.0000    0.7001

  C   #2 1s    115       71.616837      0.1543    0.0000
   seg. cont.  116       13.045096      0.5353    0.0000
               117        3.530512      0.4446    0.0000
               118        2.941249      0.0000   -0.1000
               119        0.683483      0.0000    0.3995
               120        0.222290      0.0000    0.7001

  C   #1 2px   121        2.941249      0.1559
   seg. cont.  122        0.683483      0.6077
               123        0.222290      0.3920

  C   #2 2px   124        2.941249      0.1559
   seg. cont.  125        0.683483      0.6077
               126        0.222290      0.3920

  C   #1 2py   127        2.941249      0.1559
   seg. cont.  128        0.683483      0.6077
               129        0.222290      0.3920

  C   #2 2py   130        2.941249      0.1559
   seg. cont.  131        0.683483      0.6077
               132        0.222290      0.3920

  C   #1 2pz   133        2.941249      0.1559
   seg. cont.  134        0.683483      0.6077
               135        0.222290      0.3920

  C   #2 2pz   136        2.941249      0.1559
   seg. cont.  137        0.683483      0.6077
               138        0.222290      0.3920

  C   #1 1s    139       71.616837      0.1543    0.0000
   seg. cont.  140       13.045096      0.5353    0.0000
               141        3.530512      0.4446    0.0000
               142        2.941249      0.0000   -0.1000
               143        0.683483      0.0000    0.3995
               144        0.222290      0.0000    0.7001

  C   #2 1s    145       71.616837      0.1543    0.0000
   seg. cont.  146       13.045096      0.5353    0.0000
               147        3.530512      0.4446    0.0000
               148        2.941249      0.0000   -0.1000
               149        0.683483      0.0000    0.3995
               150        0.222290      0.0000    0.7001

  C   #1 2px   151        2.941249      0.1559
   seg. cont.  152        0.683483      0.6077
               153        0.222290      0.3920

  C   #2 2px   154        2.941249      0.1559
   seg. cont.  155        0.683483      0.6077
               156        0.222290      0.3920

  C   #1 2py   157        2.941249      0.1559
   seg. cont.  158        0.683483      0.6077
               159        0.222290      0.3920

  C   #2 2py   160        2.941249      0.1559
   seg. cont.  161        0.683483      0.6077
               162        0.222290      0.3920

  C   #1 2pz   163        2.941249      0.1559
   seg. cont.  164        0.683483      0.6077
               165        0.222290      0.3920

  C   #2 2pz   166        2.941249      0.1559
   seg. cont.  167        0.683483      0.6077
               168        0.222290      0.3920

  H   #1 1s    169        3.425251      0.1543
   seg. cont.  170        0.623914      0.5353
               171        0.168855      0.4446

  H   #2 1s    172        3.425251      0.1543
   seg. cont.  173        0.623914      0.5353
               174        0.168855      0.4446

  H   #1 1s    175        3.425251      0.1543
   seg. cont.  176        0.623914      0.5353
               177        0.168855      0.4446

  H   #2 1s    178        3.425251      0.1543
   seg. cont.  179        0.623914      0.5353
               180        0.168855      0.4446


  Contracted Orbitals
  -------------------

    1  C   #1  1s      1    2    3
    2  C   #2  1s      7    8    9
    3  C   #1  1s      4    5    6
    4  C   #2  1s     10   11   12
    5  C   #1  2px    13   14   15
    6  C   #2  2px    16   17   18
    7  C   #1  2py    19   20   21
    8  C   #2  2py    22   23   24
    9  C   #1  2pz    25   26   27
   10  C   #2  2pz    28   29   30
   11  C   #1  1s     31   32   33
   12  C   #2  1s     37   38   39
   13  C   #1  1s     34   35   36
   14  C   #2  1s     40   41   42
   15  C   #1  2px    43   44   45
   16  C   #2  2px    46   47   48
   17  C   #1  2py    49   50   51
   18  C   #2  2py    52   53   54
   19  C   #1  2pz    55   56   57
   20  C   #2  2pz    58   59   60
   21  C   #1  1s     61   62   63
   22  C   #2  1s     67   68   69
   23  C   #1  1s     64   65   66
   24  C   #2  1s     70   71   72
   25  C   #1  2px    73   74   75
   26  C   #2  2px    76   77   78
   27  C   #1  2py    79   80   81
   28  C   #2  2py    82   83   84
   29  C   #1  2pz    85   86   87
   30  C   #2  2pz    88   89   90
   31  H   #1  1s     91   92   93
   32  H   #2  1s     94   95   96
   33  H   #1  1s     97   98   99
   34  H   #2  1s    100  101  102
   35  H   #1  1s    103  104  105
   36  H   #2  1s    106  107  108
   37  C   #1  1s    109  110  111
   38  C   #2  1s    115  116  117
   39  C   #1  1s    112  113  114
   40  C   #2  1s    118  119  120
   41  C   #1  2px   121  122  123
   42  C   #2  2px   124  125  126
   43  C   #1  2py   127  128  129
   44  C   #2  2py   130  131  132
   45  C   #1  2pz   133  134  135
   46  C   #2  2pz   136  137  138
   47  C   #1  1s    139  140  141
   48  C   #2  1s    145  146  147
   49  C   #1  1s    142  143  144
   50  C   #2  1s    148  149  150
   51  C   #1  2px   151  152  153
   52  C   #2  2px   154  155  156
   53  C   #1  2py   157  158  159
   54  C   #2  2py   160  161  162
   55  C   #1  2pz   163  164  165
   56  C   #2  2pz   166  167  168
   57  H   #1  1s    169  170  171
   58  H   #2  1s    172  173  174
   59  H   #1  1s    175  176  177
   60  H   #2  1s    178  179  180




  Symmetry Orbitals
  -----------------

  Number of orbitals in each symmetry:          25    5   25    5


  Symmetry  Ag ( 1)

    1     C        1s         1 +    2
    2     C        1s         3 +    4
    3     C        2px        5 -    6
    4     C        2py        7 -    8
    5     C        1s        11 +   12
    6     C        1s        13 +   14
    7     C        2px       15 -   16
    8     C        2py       17 -   18
    9     C        1s        21 +   22
   10     C        1s        23 +   24
   11     C        2px       25 -   26
   12     C        2py       27 -   28
   13     H        1s        31 +   32
   14     H        1s        33 +   34
   15     H        1s        35 +   36
   16     C        1s        37 +   38
   17     C        1s        39 +   40
   18     C        2px       41 -   42
   19     C        2py       43 -   44
   20     C        1s        47 +   48
   21     C        1s        49 +   50
   22     C        2px       51 -   52
   23     C        2py       53 -   54
   24     H        1s        57 +   58
   25     H        1s        59 +   60


  Symmetry  Au ( 2)

   26     C        2pz        9 +   10
   27     C        2pz       19 +   20
   28     C        2pz       29 +   30
   29     C        2pz       45 +   46
   30     C        2pz       55 +   56


  Symmetry  Bu ( 3)

   31     C        1s         1 -    2
   32     C        1s         3 -    4
   33     C        2px        5 +    6
   34     C        2py        7 +    8
   35     C        1s        11 -   12
   36     C        1s        13 -   14
   37     C        2px       15 +   16
   38     C        2py       17 +   18
   39     C        1s        21 -   22
   40     C        1s        23 -   24
   41     C        2px       25 +   26
   42     C        2py       27 +   28
   43     H        1s        31 -   32
   44     H        1s        33 -   34
   45     H        1s        35 -   36
   46     C        1s        37 -   38
   47     C        1s        39 -   40
   48     C        2px       41 +   42
   49     C        2py       43 +   44
   50     C        1s        47 -   48
   51     C        1s        49 -   50
   52     C        2px       51 +   52
   53     C        2py       53 +   54
   54     H        1s        57 -   58
   55     H        1s        59 -   60


  Symmetry  Bg ( 4)

   56     C        2pz        9 -   10
   57     C        2pz       19 -   20
   58     C        2pz       29 -   30
   59     C        2pz       45 -   46
   60     C        2pz       55 -   56

  Symmetries of electric field:  Bu (3)  Bu (3)  Au (2)

  Symmetries of magnetic field:  Bg (4)  Bg (4)  Ag (1)


 Copy of .mol input
 ------------------

 - as modified by symmetry addition module

--------------------------------------------------------------------------------
BASIS                                                                           
STO-3G                                                                          
divinylbenzene                                                                  
Generated by Open Babel                                                         
ATOMTYPES=6 GENERATORS=2 Z  XY                                                  
Charge=6.0 Atoms=3                                                              
C      -1.31752658979336    2.28320527842915    0.00000000000000                
C       2.63583938153376    0.00000000000000    0.00000000000000                
C       1.31844954714891    2.28276065980510    0.00000000000000                
Charge=1.0 Atoms=3                                                              
H       4.71388627522518   -0.00076749481174    0.00000000000000                
H       2.35742759284923    4.08248301029614    0.00000000000000                
Charge=6.0 Atoms=2                                                              
Charge=1.0 Atoms=3                                                              
H       4.83874588242347   -4.60818225632146    0.00000000000000                
Charge=6.0 Atoms=2                                                              
C      -2.77257539175330    4.80386765147453    0.00000000000000                
C      -1.62307658086278    7.03024884176986    0.00000000000000                
Charge=1.0 Atoms=2                                                              
H      -2.66004709988475    8.82804534213470    0.00000000000000                
H       0.44309392773195    7.22593424290761    0.00000000000000                
--------------------------------------------------------------------------------



                     .---------------------------------------.
                     | Starting in Integral Section (HERMIT) |
                     `---------------------------------------'



 ***************************************************************************************
 ****************** Output from **INTEGRALS input processing (HERMIT) ******************
 ***************************************************************************************


 - Using defaults, no **INTEGRALS input found

 Default print level:        1

 Calculation of one- and two-electron Hamiltonian integrals.

 Center of mass  (bohr):      0.000000000000      0.000000000000      0.000000000000
 Operator center (bohr):      0.000000000000      0.000000000000      0.000000000000
 Gauge origin    (bohr):      0.000000000000      0.000000000000      0.000000000000
 Dipole origin   (bohr):      0.000000000000      0.000000000000      0.000000000000


     ************************************************************************
     ************************** Output from HERINT **************************
     ************************************************************************



                      Nuclear contribution to dipole moments
                      --------------------------------------

                    All dipole components are zero by symmetry



 Threshold for neglecting two-electron integrals:  1.00D-12
 HERMIT - Number of two-electron integrals written:      492026 ( 29.4% )
 HERMIT - Megabytes written:                              5.640

  Time used in TWOINT     is       0.80 seconds
  Total CPU  time used in HERMIT:   0.89 seconds
  Total wall time used in HERMIT:   0.90 seconds


                        .----------------------------------.
                        | End of Integral Section (HERMIT) |
                        `----------------------------------'



                   .--------------------------------------------.
                   | Starting in Wave Function Section (SIRIUS) |
                   `--------------------------------------------'



 Settings for DFT calculation:
 -----------------------------

     Default thresholds:                                       1.00D-09    1.00D-10    2.00D-12
     Default threshold for number of electrons:                1.00D-03
     DFT radial quadrature accuracy and ang. expansion order:              2.00D-15  64

 *** Output from Huckel module :

     Using EWMO model:          F
     Using EHT  model:          T
     Number of Huckel orbitals each symmetry:   25    5   25    5

 Huckel EHT eigenvalues for symmetry :  1
          -11.416815     -11.395327     -11.381126     -11.374972     -11.367692
           -1.608529      -1.272849      -1.010170      -0.868151      -0.807272
           -0.698498      -0.543023      -0.508190      -0.410531      -0.392168
           -0.236854      -0.219617      -0.217323      -0.211439      -0.201043
           -0.182879      -0.177800      -0.175322      -0.167382      -0.160555

 Huckel EHT eigenvalues for symmetry :  2
           -0.746677      -0.493617      -0.311562      -0.288483      -0.257780

 Huckel EHT eigenvalues for symmetry :  3
          -11.406300     -11.396174     -11.385557     -11.371215     -11.361319
           -1.428674      -1.252156      -1.059464      -0.847223      -0.657717
           -0.605101      -0.538296      -0.514843      -0.449289      -0.433945
           -0.244127      -0.229623      -0.211781      -0.204154      -0.203448
           -0.182305      -0.171500      -0.163643      -0.160707      -0.158912

 Huckel EHT eigenvalues for symmetry :  4
           -0.583034      -0.460100      -0.410084      -0.285324      -0.232338

 **********************************************************************
 *SIRIUS* a direct, restricted step, second order MCSCF program       *
 **********************************************************************

 
     Date and time (Linux)  : Wed Jun 10 22:23:01 2020
     Host name              : osmium                                  

 Title lines from ".mol" input file:
     divinylbenzene                                                          
     Generated by Open Babel                                                 

 Print level on unit LUPRI =   2 is   0
 Print level on unit LUW4  =   2 is   5

@    Restricted, closed shell Kohn-Sham DFT calculation.

 Initial molecular orbitals are obtained according to
 ".MOSTART EHT   " input option

     Wave function specification
     ============================
@    Wave function type        --- KS-DFT ---
@    Number of closed shell electrons          70
@    Number of electrons in active shells       0
@    Total charge of the molecule               0

@    Spin multiplicity and 2 M_S                1         0
@    Total number of symmetries                 4 (point group: C2h)
@    Reference state symmetry                   1 (irrep name : Ag )
 
     This is a DFT calculation of type: BP86
 Weighted mixed functional:
                      PZ81:    1.00000
                      P86c:    1.00000
                     Becke:    1.00000
                    Slater:    1.00000

     Orbital specifications
     ======================
@    Abelian symmetry species          All |    1    2    3    4
@                                          |  Ag   Au   Bu   Bg 
                                       --- |  ---  ---  ---  ---
@    Total number of orbitals           60 |   25    5   25    5
@    Number of basis functions          60 |   25    5   25    5

      ** Automatic occupation of RKS orbitals **

      -- Initial occupation of symmetries is determined from extended Huckel guess.           
      -- Initial occupation of symmetries is :
@    Occupied SCF orbitals              35 |   15    2   15    3

     Maximum number of Fock   iterations      0
     Maximum number of DIIS   iterations     60
     Maximum number of QC-SCF iterations     60
     Threshold for SCF convergence     1.00D-08
 
     This is a DFT calculation of type: BP86
 Weighted mixed functional:
                      PZ81:    1.00000
                      P86c:    1.00000
                     Becke:    1.00000
                    Slater:    1.00000


 ***********************************************
 ***** DIIS acceleration of SCF iterations *****
 ***********************************************

 C1-DIIS algorithm; max error vectors =    8


                      DFT-D Empirical Dispersion Correction
                      -------------------------------------

       Running DFT-D Version :     3
                   Reference : S. Grimme, J. Antony, S. Ehrlich and H. Krieg, 
                               J. Chem. Phys. 132 (2010), 154104
       Becke-Johnson Damping :    F
                3-body terms :    F


                      DFT-D3 Functional Dependent Parameters
                      --------------------------------------

      s_6 =       1.000000000000     sr_6 =       1.139000000000
      s_8 =       1.683000000000     sr_8 =       1.000000000000
      alp =      14.000000000000


                          +------------------------------+
                          ! Dispersion Energy Correction !
                          +------------------------------+

                      E_disp :         -0.014719923805

 Automatic occupation of symmetries with  70 electrons.

 Iter     Total energy    Error norm  Delta(E)    SCF occupation
 -----------------------------------------------------------------------------
      K-S energy, electrons, error :    -57.931906120247  69.9999924191   -7.58D-06
@  1  -381.914019799       4.03D+00  -3.82D+02    15   2  15   3
      Virial theorem: -V/T =      2.009104
@    MULPOP   C   _1  0.15; C   _2  0.15; C   _1  0.13; C   _2  0.13; C   _1  0.11; C   _2  0.11; H   _1 -0.16; H   _2 -0.16; H   _1 -0.14; H   _2 -0.14; 
@             H   _1 -0.15; H   _2 -0.15; C   _1  0.21; C   _2  0.21; C   _1  0.09; C   _2  0.09; H   _1 -0.14; H   _2 -0.14; H   _1 -0.11; H   _2 -0.11; 
   1  Level shift: doubly occupied orbital energies shifted by -2.00D-01
 -----------------------------------------------------------------------------
      K-S energy, electrons, error :    -58.010695004683  69.9999925408   -7.46D-06
@  2  -382.281465993       7.21D-01  -3.67D-01    15   2  15   3
      Virial theorem: -V/T =      2.014528
@    MULPOP   C   _1 -0.11; C   _2 -0.11; C   _1 -0.15; C   _2 -0.15; C   _1 -0.14; C   _2 -0.14; H   _1  0.18; H   _2  0.18; H   _1  0.18; H   _2  0.18; 
@             H   _1  0.18; H   _2  0.18; C   _1 -0.28; C   _2 -0.28; C   _1 -0.15; C   _2 -0.15; H   _1  0.15; H   _2  0.15; H   _1  0.14; H   _2  0.14; 
   2  Level shift: doubly occupied orbital energies shifted by -5.00D-02
 -----------------------------------------------------------------------------
      K-S energy, electrons, error :    -57.855712829321  69.9999925950   -7.40D-06
@  3  -382.277907514       7.73D-01   3.56D-03    15   2  15   3
      Virial theorem: -V/T =      2.017671
@    MULPOP   C   _1  0.12; C   _2  0.12; C   _1 -0.07; C   _2 -0.07; C   _1 -0.08; C   _2 -0.08; H   _1  0.03; H   _2  0.03; H   _1  0.03; H   _2  0.03; 
@             H   _1  0.02; H   _2  0.02; C   _1  0.19; C   _2  0.19; C   _1 -0.38; C   _2 -0.38; H   _1  0.07; H   _2  0.07; H   _1  0.07; H   _2  0.07; 
   3  Level shift: doubly occupied orbital energies shifted by -5.00D-02
 -----------------------------------------------------------------------------
      K-S energy, electrons, error :    -57.876853439466  69.9999925923   -7.41D-06
@  4  -382.322630707       2.67D-01  -4.47D-02    15   2  15   3
      Virial theorem: -V/T =      2.017293
@    MULPOP   C   _1 -0.01; C   _2 -0.01; C   _1 -0.07; C   _2 -0.07; C   _1 -0.05; C   _2 -0.05; H   _1  0.06; H   _2  0.06; H   _1  0.07; H   _2  0.07; 
@             H   _1  0.07; H   _2  0.07; C   _1 -0.15; C   _2 -0.15; C   _1 -0.04; C   _2 -0.04; H   _1  0.06; H   _2  0.06; H   _1  0.05; H   _2  0.05; 
   4  Level shift: doubly occupied orbital energies shifted by -2.50D-02
 -----------------------------------------------------------------------------
      K-S energy, electrons, error :    -57.899039381387  69.9999925845   -7.42D-06
@  5  -382.327908822       3.85D-02  -5.28D-03    15   2  15   3
      Virial theorem: -V/T =      2.016871
@    MULPOP   C   _1 -0.02; C   _2 -0.02; C   _1 -0.08; C   _2 -0.08; C   _1 -0.08; C   _2 -0.08; H   _1  0.08; H   _2  0.08; H   _1  0.08; H   _2  0.08; 
@             H   _1  0.08; H   _2  0.08; C   _1 -0.09; C   _2 -0.09; C   _1 -0.15; C   _2 -0.15; H   _1  0.08; H   _2  0.08; H   _1  0.08; H   _2  0.08; 
 -----------------------------------------------------------------------------
      K-S energy, electrons, error :    -57.899957593511  69.9999925869   -7.41D-06
@  6  -382.328020016       1.36D-02  -1.11D-04    15   2  15   3
      Virial theorem: -V/T =      2.016854
@    MULPOP   C   _1 -0.00; C   _2 -0.00; C   _1 -0.09; C   _2 -0.09; C   _1 -0.08; C   _2 -0.08; H   _1  0.08; H   _2  0.08; H   _1  0.08; H   _2  0.08; 
@             H   _1  0.08; H   _2  0.08; C   _1 -0.09; C   _2 -0.09; C   _1 -0.16; C   _2 -0.16; H   _1  0.08; H   _2  0.08; H   _1  0.08; H   _2  0.08; 
 -----------------------------------------------------------------------------
      K-S energy, electrons, error :    -57.899548273369  69.9999925863   -7.41D-06
@  7  -382.328033306       3.29D-03  -1.33D-05    15   2  15   3
      Virial theorem: -V/T =      2.016862
@    MULPOP   C   _1 -0.01; C   _2 -0.01; C   _1 -0.08; C   _2 -0.08; C   _1 -0.08; C   _2 -0.08; H   _1  0.08; H   _2  0.08; H   _1  0.08; H   _2  0.08; 
@             H   _1  0.08; H   _2  0.08; C   _1 -0.08; C   _2 -0.08; C   _1 -0.17; C   _2 -0.17; H   _1  0.08; H   _2  0.08; H   _1  0.08; H   _2  0.08; 
 -----------------------------------------------------------------------------
      K-S energy, electrons, error :    -57.899536063721  69.9999925861   -7.41D-06
@  8  -382.328034189       8.68D-04  -8.83D-07    15   2  15   3
      Virial theorem: -V/T =      2.016862
@    MULPOP   C   _1 -0.01; C   _2 -0.01; C   _1 -0.08; C   _2 -0.08; C   _1 -0.08; C   _2 -0.08; H   _1  0.08; H   _2  0.08; H   _1  0.08; H   _2  0.08; 
@             H   _1  0.08; H   _2  0.08; C   _1 -0.08; C   _2 -0.08; C   _1 -0.16; C   _2 -0.16; H   _1  0.08; H   _2  0.08; H   _1  0.08; H   _2  0.08; 
 -----------------------------------------------------------------------------
      K-S energy, electrons, error :    -57.899539323870  69.9999925861   -7.41D-06
@  9  -382.328034250       1.36D-04  -6.11D-08    15   2  15   3
      Virial theorem: -V/T =      2.016862
@    MULPOP   C   _1 -0.01; C   _2 -0.01; C   _1 -0.08; C   _2 -0.08; C   _1 -0.08; C   _2 -0.08; H   _1  0.08; H   _2  0.08; H   _1  0.08; H   _2  0.08; 
@             H   _1  0.08; H   _2  0.08; C   _1 -0.08; C   _2 -0.08; C   _1 -0.16; C   _2 -0.16; H   _1  0.08; H   _2  0.08; H   _1  0.08; H   _2  0.08; 
 -----------------------------------------------------------------------------
      K-S energy, electrons, error :    -57.899538550988  69.9999925862   -7.41D-06
@ 10  -382.328034251       5.85D-05  -1.20D-09    15   2  15   3
      Virial theorem: -V/T =      2.016862
@    MULPOP   C   _1 -0.01; C   _2 -0.01; C   _1 -0.08; C   _2 -0.08; C   _1 -0.08; C   _2 -0.08; H   _1  0.08; H   _2  0.08; H   _1  0.08; H   _2  0.08; 
@             H   _1  0.08; H   _2  0.08; C   _1 -0.08; C   _2 -0.08; C   _1 -0.16; C   _2 -0.16; H   _1  0.08; H   _2  0.08; H   _1  0.08; H   _2  0.08; 
 -----------------------------------------------------------------------------
      K-S energy, electrons, error :    -57.899538459109  69.9999925862   -7.41D-06
@ 11  -382.328034251       2.56D-06  -2.78D-10    15   2  15   3
      Virial theorem: -V/T =      2.016862
@    MULPOP   C   _1 -0.01; C   _2 -0.01; C   _1 -0.08; C   _2 -0.08; C   _1 -0.08; C   _2 -0.08; H   _1  0.08; H   _2  0.08; H   _1  0.08; H   _2  0.08; 
@             H   _1  0.08; H   _2  0.08; C   _1 -0.08; C   _2 -0.08; C   _1 -0.16; C   _2 -0.16; H   _1  0.08; H   _2  0.08; H   _1  0.08; H   _2  0.08; 
 -----------------------------------------------------------------------------
      K-S energy, electrons, error :    -57.899538462820  69.9999925862   -7.41D-06
@ 12  -382.328034251       3.86D-07  -5.68D-13    15   2  15   3
      Virial theorem: -V/T =      2.016862
@    MULPOP   C   _1 -0.01; C   _2 -0.01; C   _1 -0.08; C   _2 -0.08; C   _1 -0.08; C   _2 -0.08; H   _1  0.08; H   _2  0.08; H   _1  0.08; H   _2  0.08; 
@             H   _1  0.08; H   _2  0.08; C   _1 -0.08; C   _2 -0.08; C   _1 -0.16; C   _2 -0.16; H   _1  0.08; H   _2  0.08; H   _1  0.08; H   _2  0.08; 
 -----------------------------------------------------------------------------
      K-S energy, electrons, error :    -57.899538456270  69.9999925862   -7.41D-06
@ 13  -382.328034251       5.15D-08   3.52D-12    15   2  15   3
      Virial theorem: -V/T =      2.016862
@    MULPOP   C   _1 -0.01; C   _2 -0.01; C   _1 -0.08; C   _2 -0.08; C   _1 -0.08; C   _2 -0.08; H   _1  0.08; H   _2  0.08; H   _1  0.08; H   _2  0.08; 
@             H   _1  0.08; H   _2  0.08; C   _1 -0.08; C   _2 -0.08; C   _1 -0.16; C   _2 -0.16; H   _1  0.08; H   _2  0.08; H   _1  0.08; H   _2  0.08; 
 -----------------------------------------------------------------------------
      K-S energy, electrons, error :    -57.899538458698  69.9999925862   -7.41D-06
@ 14  -382.328034251       4.85D-09  -2.27D-12    15   2  15   3

@ *** DIIS converged in  14 iterations !
@     Converged SCF energy, gradient:   -382.328034251356    4.85D-09
    - total time used in SIRFCK :              0.00 seconds


 *** SCF orbital energy analysis ***

 Only the 20 lowest virtual orbital energies printed in each symmetry.

 Number of electrons :   70
 Orbital occupations :   15    2   15    3

 Sym       Kohn-Sham orbital energies

1 Ag     -9.74343885    -9.73223790    -9.73173389    -9.73045390    -9.71621236
         -0.74369759    -0.65130739    -0.52657538    -0.50324580    -0.45880377
         -0.41197725    -0.34941344    -0.30420375    -0.25362835    -0.24068356
          0.27279485     0.32205604     0.36494757     0.39274424     0.44132717
          0.48279055     0.52988098     0.58590568     0.63233995     0.74181196

2 Au     -0.28852577    -0.18250701     0.01820871     0.05623478     0.13891027


3 Bu     -9.74350010    -9.73223940    -9.73175296    -9.73056725    -9.71621239
         -0.68380343    -0.63621820    -0.60398784    -0.47636686    -0.38962920
         -0.36216636    -0.35235683    -0.32965828    -0.31182811    -0.26361055
          0.28280763     0.31661531     0.36195584     0.37089210     0.41584089
          0.51407600     0.55179849     0.56770243     0.68131825     0.75046156

4 Bg     -0.22759205    -0.16898691    -0.13428818     0.07692575     0.22981043


    E(LUMO) :     0.01820871 au (symmetry 2)
  - E(HOMO) :    -0.13428818 au (symmetry 4)
  ------------------------------------------
    gap     :     0.15249688 au

 --- Writing SIRIFC interface file

 CPU and wall time for SCF :     583.362      56.218


                       .-----------------------------------.
                       | --- Final results from SIRIUS --- |
                       `-----------------------------------'


@    Spin multiplicity:           1
@    Spatial symmetry:            1 ( irrep  Ag  in C2h )
@    Total charge of molecule:    0

@    Final DFT energy:           -382.328034251356                 
@    Nuclear repulsion:           450.006138195658
@    Electronic energy:          -832.334172447014

@    Final gradient norm:           0.000000004853

 
     Date and time (Linux)  : Wed Jun 10 22:23:57 2020
     Host name              : osmium                                  

File label for MO orbitals:  10Jun20   FOCKDIIS

 (Only coefficients > 0.0100 are printed.)

 Molecular orbitals for symmetry species 1  (Ag )
 ------------------------------------------------

    Orbital         6        7        8        9       10       11       12
   1 C   :1s    -0.1083  -0.0044  -0.0614  -0.0657   0.0502  -0.0382   0.0199
   2 C   :1s     0.2709   0.0153   0.1795   0.1935  -0.1449   0.1257  -0.0660
   3 C   :2px    0.0265  -0.0351  -0.1610   0.1322  -0.0309  -0.1002   0.0161
   4 C   :2py   -0.0447   0.0852  -0.0041   0.1242   0.1444   0.0975  -0.0082
   5 C   :1s    -0.0993   0.0431  -0.0235   0.1088  -0.0097  -0.0142  -0.0261
   6 C   :1s     0.2469  -0.1112   0.0682  -0.3190   0.0368   0.0556   0.0879
   7 C   :2px   -0.0614   0.0282   0.0355  -0.0833   0.1508   0.1707  -0.0225
   8 C   :2py   -0.0057  -0.0250  -0.1667  -0.0260   0.1410  -0.1087   0.0628
   9 C   :1s    -0.0998   0.0345   0.0912  -0.0418  -0.0536   0.0239   0.0207
  10 C   :1s     0.2480  -0.0889  -0.2598   0.1227   0.1718  -0.0674  -0.0764
  11 C   :2px   -0.0360  -0.0141  -0.0497  -0.1616   0.1714   0.0156   0.0126
  12 C   :2py   -0.0493   0.0482  -0.0264   0.1224   0.1115   0.1612  -0.1253
  13 H   :1s     0.0431  -0.0208   0.0435  -0.1596   0.1038   0.1280   0.0167
  14 H   :1s     0.0443  -0.0085  -0.1229   0.0551   0.1653   0.0855  -0.1066
  15 H   :1s     0.0216   0.0753   0.0912  -0.0130   0.1090  -0.1501  -0.1728
  16 C   :1s    -0.0431  -0.1207  -0.0548  -0.0150  -0.0581   0.0449  -0.0244
  17 C   :1s     0.1107   0.3171   0.1666   0.0479   0.1779  -0.1410   0.0651
  18 C   :2px    0.0207   0.0326  -0.0555   0.0540  -0.0578   0.1602   0.2430
  19 C   :2py   -0.0194   0.0717  -0.1212  -0.0820  -0.0321  -0.1390   0.1601
  20 C   :1s    -0.0225  -0.1209   0.0700   0.0528   0.0553  -0.0156  -0.0077
  21 C   :1s     0.0561   0.3161  -0.2022  -0.1579  -0.1745   0.0593   0.0068
  22 C   :2px   -0.0046  -0.0336  -0.0359   0.0236  -0.0434   0.2047   0.0425
  23 C   :2py   -0.0213  -0.0668  -0.0428  -0.0561  -0.1004   0.0449  -0.3321
  24 H   :1s     0.0091   0.0742  -0.0793  -0.0861  -0.1045  -0.0168  -0.2438
  25 H   :1s     0.0135   0.0755  -0.0988  -0.0391  -0.0844   0.1740  -0.0052

    Orbital        13       14       15       16       17       18       19
   1 C   :1s     0.0276   0.0034   0.0092   0.0704   0.0357  -0.0413   0.1161
   2 C   :1s    -0.0984  -0.0079  -0.0534  -0.4033  -0.2145   0.2448  -0.7077
   3 C   :2px   -0.0809   0.2253   0.2132   0.1887   0.0281   0.1384   0.0539
   4 C   :2py   -0.0505   0.2225  -0.1943  -0.2881  -0.0025   0.2515  -0.0207
   5 C   :1s     0.0011   0.0078   0.0056   0.0326  -0.0374  -0.0744  -0.0936
   6 C   :1s    -0.0138  -0.0194  -0.0148  -0.1984   0.2297   0.4592   0.5875
   7 C   :2px   -0.1704   0.1700   0.1473  -0.2672   0.0356   0.0011   0.1736
   8 C   :2py    0.0710   0.2454  -0.1829  -0.0508  -0.1437   0.1414  -0.2106
   9 C   :1s    -0.0006  -0.0091   0.0020   0.0425  -0.0443   0.0870  -0.0488
  10 C   :1s    -0.0000   0.0203  -0.0081  -0.2552   0.2732  -0.5343   0.3080
  11 C   :2px    0.1070  -0.1888  -0.2298  -0.1348   0.0795  -0.0022  -0.2676
  12 C   :2py   -0.1161  -0.1968   0.1512  -0.1707   0.2416   0.0193   0.1842
  13 H   :1s    -0.1520   0.1893   0.1877   0.4078  -0.1914  -0.2536  -0.4169
  14 H   :1s     0.0080  -0.2868   0.0509   0.4054  -0.3236   0.1833  -0.1939
  15 H   :1s     0.1835   0.0688   0.1706   0.0660   0.5188   0.3487  -0.3968
  16 C   :1s    -0.0190  -0.0076   0.0226  -0.0609   0.0547   0.0471  -0.0979
  17 C   :1s     0.0782   0.0388  -0.0942   0.3351  -0.3303  -0.2966   0.5948
  18 C   :2px   -0.1447  -0.0175  -0.1930   0.3024   0.3157   0.1718  -0.1080
  19 C   :2py   -0.1237  -0.1270   0.2177  -0.3055  -0.0547   0.2548  -0.1187
  20 C   :1s     0.0085   0.0066  -0.0035   0.0388  -0.0444   0.0968   0.0625
  21 C   :1s    -0.0203  -0.0162   0.0058  -0.2211   0.2607  -0.6111  -0.3778
  22 C   :2px    0.3080   0.0945   0.0749   0.1309   0.4009  -0.1049   0.0441
  23 C   :2py   -0.0152   0.0938  -0.1085  -0.1073  -0.1481  -0.2344  -0.0216
  24 H   :1s    -0.1728   0.0288  -0.1566   0.3397   0.1986   0.4390   0.2326
  25 H   :1s     0.2749   0.0488   0.1174  -0.0985  -0.5059   0.3850   0.1718

    Orbital        20       21       22       23       24       25
   1 C   :1s    -0.0152   0.0968   0.0025  -0.0089  -0.0030   0.0001
   2 C   :1s     0.0943  -0.6529  -0.0156   0.0379   0.0129  -0.0025
   3 C   :2px   -0.3462  -0.3069   0.1684  -0.2678   0.1318  -0.6482
   4 C   :2py   -0.1039   0.4958   0.1280   0.3851   0.2649  -0.3497
   5 C   :1s     0.1087  -0.0294  -0.0231  -0.0188   0.0188   0.0122
   6 C   :1s    -0.6967   0.1957   0.1643   0.1327  -0.1366  -0.0932
   7 C   :2px    0.0741  -0.3451  -0.6588  -0.2608   0.1061   0.0775
   8 C   :2py   -0.1613  -0.3360   0.0622   0.1169  -0.4699   0.5886
   9 C   :1s    -0.1139  -0.0530   0.0176   0.0229  -0.0188  -0.0129
  10 C   :1s     0.7321   0.3494  -0.1289  -0.1536   0.1356   0.0974
  11 C   :2px    0.1501  -0.3850   0.2491  -0.2999   0.2319  -0.5683
  12 C   :2py   -0.1304  -0.1553   0.6054  -0.0370  -0.4302   0.2170
  13 H   :1s     0.2606   0.1806   0.4537   0.1503  -0.0174  -0.0182
  14 H   :1s    -0.3696   0.0902  -0.4659   0.2387   0.1619   0.0387
  15 H   :1s    -0.0095   0.2686  -0.0961  -0.3438   0.0006   0.1633
  16 C   :1s     0.0153   0.0574  -0.0392   0.0194  -0.0617  -0.0320
  17 C   :1s    -0.1170  -0.3778   0.2761  -0.1192   0.4789   0.2585
  18 C   :2px   -0.0385   0.1632   0.0157  -0.5542   0.1901   0.3497
  19 C   :2py    0.1036  -0.0330   0.1996   0.2031   0.6160   0.3853
  20 C   :1s     0.0673  -0.0218   0.0409  -0.0196   0.0590   0.0404
  21 C   :1s    -0.4344   0.1405  -0.2799   0.1414  -0.4521  -0.3266
  22 C   :2px   -0.0181  -0.3344   0.0394   0.4774   0.3921   0.1521
  23 C   :2py   -0.3620   0.0589   0.2156  -0.3137   0.5354   0.3825
  24 H   :1s     0.4518  -0.2472  -0.0198   0.3250  -0.0263  -0.0600
  25 H   :1s     0.3083   0.1831   0.1273  -0.4220  -0.1607  -0.0291

 Molecular orbitals for symmetry species 2  (Au )
 ------------------------------------------------

    Orbital         1        2        3        4        5
   1 C   :2pz    0.3383  -0.0123  -0.4373   0.0414   0.5026
   2 C   :2pz    0.3000  -0.1694   0.2185  -0.5887  -0.1790
   3 C   :2pz    0.3002  -0.1606   0.2887   0.5486  -0.2119
   4 C   :2pz    0.1584   0.4189  -0.2776  -0.0002  -0.5185
   5 C   :2pz    0.0836   0.4205   0.4548  -0.0241   0.3747

 Molecular orbitals for symmetry species 3  (Bu )
 ------------------------------------------------

    Orbital         6        7        8        9       10       11       12
   1 C   :1s    -0.1026   0.0195  -0.1016   0.0107  -0.0103  -0.0759   0.0075
   2 C   :1s     0.2691  -0.0524   0.2767  -0.0275   0.0379   0.2572  -0.0295
   3 C   :2px   -0.0044   0.1133   0.0416  -0.0854   0.0960   0.0280   0.2670
   4 C   :2py    0.0265   0.0696  -0.0479   0.0950   0.1721  -0.0663  -0.0184
   5 C   :1s     0.0365  -0.1360   0.0391  -0.0468  -0.0139  -0.0444   0.0158
   6 C   :1s    -0.0949   0.3637  -0.1073   0.1421   0.0459   0.1560  -0.0561
   7 C   :2px    0.0057  -0.0195   0.0055  -0.0079   0.0537   0.2099  -0.1138
   8 C   :2py    0.0682   0.0452   0.1029   0.0019  -0.1934   0.0630  -0.1391
   9 C   :1s    -0.0494  -0.1168  -0.0780   0.0246   0.0360   0.0409  -0.0369
  10 C   :1s     0.1283   0.3117   0.2136  -0.0743  -0.1179  -0.1450   0.1217
  11 C   :2px   -0.0605   0.0566  -0.0697   0.0547  -0.1331  -0.1458  -0.2217
  12 C   :2py    0.0290  -0.0510   0.0212  -0.0605   0.0937  -0.1925  -0.0140
  13 H   :1s    -0.0244   0.0974  -0.0294   0.0424   0.0654   0.2404  -0.1192
  14 H   :1s     0.0358   0.0851   0.0530  -0.0556  -0.0296  -0.2653  -0.0700
  15 H   :1s    -0.0642   0.0116   0.0392  -0.1781   0.1411   0.0544  -0.0040
  16 C   :1s    -0.1111   0.0030   0.0563  -0.1008  -0.0199   0.0111   0.0020
  17 C   :1s     0.2892  -0.0096  -0.1482   0.3101   0.0588  -0.0319  -0.0171
  18 C   :2px    0.0394   0.0159  -0.0027  -0.1079   0.2312   0.0314  -0.0302
  19 C   :2py    0.0101   0.0248  -0.1277  -0.0683  -0.0048  -0.0343   0.1978
  20 C   :1s    -0.0838  -0.0132   0.1088   0.0806   0.0129  -0.0133  -0.0003
  21 C   :1s     0.2150   0.0341  -0.2939  -0.2494  -0.0511   0.0480  -0.0111
  22 C   :2px   -0.0214   0.0051   0.0319  -0.1027   0.1170  -0.0451  -0.2397
  23 C   :2py   -0.0600  -0.0048   0.0261  -0.1210  -0.2114   0.0878  -0.0350
  24 H   :1s     0.0439   0.0078  -0.0860  -0.1231  -0.1915   0.0979   0.0685
  25 H   :1s     0.0512   0.0155  -0.0722  -0.1641   0.0463  -0.0425  -0.2009

    Orbital        13       14       15       16       17       18       19
   1 C   :1s     0.0019  -0.0049   0.0120  -0.0569  -0.0408  -0.0706   0.0371
   2 C   :1s    -0.0095   0.0190  -0.0560   0.3224   0.2264   0.4103  -0.2293
   3 C   :2px    0.0025   0.1132   0.1620  -0.2978  -0.0587   0.0863  -0.1935
   4 C   :2py   -0.1319   0.1760  -0.2380   0.1956   0.4363   0.0828   0.0886
   5 C   :1s     0.0349  -0.0141   0.0108  -0.0153  -0.0160  -0.0686   0.0700
   6 C   :1s    -0.1117   0.0513  -0.0360   0.0825   0.0967   0.4084  -0.4319
   7 C   :2px    0.3175   0.0366   0.0644  -0.3022   0.0769   0.1027  -0.4291
   8 C   :2py   -0.0390  -0.2384   0.0196  -0.0160   0.2525   0.0907   0.1089
   9 C   :1s     0.0079   0.0093  -0.0152   0.0317  -0.0104   0.0932  -0.0197
  10 C   :1s    -0.0207  -0.0299   0.0508  -0.1859   0.0689  -0.5659   0.1114
  11 C   :2px    0.0686  -0.1500  -0.1181  -0.2174   0.1446   0.0221  -0.2508
  12 C   :2py    0.2705   0.1631  -0.0849  -0.0326   0.4081  -0.1035  -0.0270
  13 H   :1s     0.2198   0.0489   0.0301   0.2658  -0.1119  -0.3105   0.6584
  14 H   :1s     0.2103   0.0468  -0.0611   0.2081  -0.4625   0.3047   0.0783
  15 H   :1s    -0.0106  -0.1844  -0.2272   0.3134  -0.3111  -0.3688  -0.3837
  16 C   :1s    -0.0021   0.0013   0.0036   0.0216   0.1002   0.0578   0.0542
  17 C   :1s     0.0002   0.0156  -0.0164  -0.1148  -0.5775  -0.3632  -0.3434
  18 C   :2px   -0.0387  -0.1799  -0.2264  -0.3752  -0.0413   0.2000   0.1938
  19 C   :2py    0.1321  -0.2182   0.1422   0.2450   0.2734   0.2076   0.0376
  20 C   :1s     0.0049   0.0223  -0.0026   0.0054  -0.0574   0.0802   0.0070
  21 C   :1s    -0.0255  -0.0600   0.0065  -0.0328   0.3337  -0.5083  -0.0504
  22 C   :2px   -0.1382   0.0859   0.2125  -0.3620   0.0365  -0.1205   0.1749
  23 C   :2py   -0.0514   0.2505  -0.1219   0.0965   0.0560  -0.2608  -0.2545
  24 H   :1s     0.0094   0.1269  -0.2335  -0.2934  -0.2382   0.4052   0.3146
  25 H   :1s    -0.1007   0.0833   0.2240   0.3813  -0.1534   0.3352  -0.1518

    Orbital        20       21       22       23       24       25
   1 C   :1s     0.0567   0.0023   0.0756   0.0718   0.0051   0.0616
   2 C   :1s    -0.3458  -0.0002  -0.5297  -0.4855  -0.0353  -0.4719
   3 C   :2px    0.0865   0.4807   0.2901  -0.2833   0.3959  -0.3390
   4 C   :2py    0.1758   0.2531   0.0962  -0.1818   0.2659   0.5617
   5 C   :1s     0.0523   0.1007  -0.0217  -0.0110   0.0408   0.0612
   6 C   :1s    -0.3209  -0.6858   0.1470   0.0916  -0.3062  -0.4540
   7 C   :2px    0.0760  -0.0049  -0.0181   0.1688   0.0778   0.6533
   8 C   :2py    0.2175   0.0141   0.8048  -0.0045   0.1662   0.0008
   9 C   :1s    -0.0610   0.0145   0.0834  -0.0599   0.0253  -0.0609
  10 C   :1s     0.3755  -0.1143  -0.5826   0.4097  -0.1923   0.4533
  11 C   :2px    0.0907   0.4294  -0.4644  -0.3222   0.1862  -0.3442
  12 C   :2py    0.2386  -0.3620   0.2163   0.0920  -0.1327  -0.5745
  13 H   :1s     0.0796   0.2782  -0.0502  -0.1211   0.0486  -0.2608
  14 H   :1s    -0.5036   0.0882   0.2718  -0.1546   0.0588   0.2854
  15 H   :1s     0.2707  -0.2568   0.0919  -0.3380   0.1936   0.0398
  16 C   :1s    -0.0632  -0.0082  -0.0460   0.0425   0.0651   0.0126
  17 C   :1s     0.3860   0.0683   0.3150  -0.3231  -0.5063  -0.0761
  18 C   :2px   -0.0959   0.3268   0.0668   0.3544  -0.4978  -0.1112
  19 C   :2py    0.1335   0.0699  -0.0611  -0.4213  -0.6048   0.2290
  20 C   :1s     0.1151   0.0124  -0.0029  -0.0220  -0.0715   0.0017
  21 C   :1s    -0.7266  -0.0967   0.0226   0.1616   0.5581  -0.0219
  22 C   :2px   -0.0677  -0.2532   0.0368  -0.6148  -0.2428   0.1612
  23 C   :2py   -0.1083   0.4034   0.2261  -0.0571  -0.6533   0.0238
  24 H   :1s     0.3905  -0.3421  -0.1369  -0.2598   0.1113   0.0447
  25 H   :1s     0.4935   0.2094  -0.1060   0.4151   0.0102  -0.1318

 Molecular orbitals for symmetry species 4  (Bg )
 ------------------------------------------------

    Orbital         1        2        3        4        5
   1 C   :2pz    0.3546  -0.0217   0.3778   0.0197   0.5492
   2 C   :2pz   -0.1347   0.4712  -0.1985   0.2218   0.4762
   3 C   :2pz    0.1471   0.4485   0.2423  -0.2124  -0.4786
   4 C   :2pz    0.3684   0.0008  -0.2339   0.5357  -0.2632
   5 C   :2pz    0.2668   0.0181  -0.3964  -0.5319   0.1417

  Total CPU  time used in SIRIUS :  9 minutes 44 seconds
  Total wall time used in SIRIUS :  56.24 seconds

 
     Date and time (Linux)  : Wed Jun 10 22:23:57 2020
     Host name              : osmium                                  


                     .---------------------------------------.
                     | End of Wave Function Section (SIRIUS) |
                     `---------------------------------------'


 Center of mass dipole origin  :    0.000000    0.000000    0.000000

 Center of mass gauge origin   :    0.000000    0.000000    0.000000


                 .------------------------------------------------.
                 | Starting in Static Property Section (ABACUS) - |
                 `------------------------------------------------'


 
     Date and time (Linux)  : Wed Jun 10 22:23:57 2020
     Host name              : osmium                                  


   ***************************************************************************
   ************************ FINAL RESULTS from ABACUS ************************
   ***************************************************************************


 
     Date and time (Linux)  : Wed Jun 10 22:23:57 2020
     Host name              : osmium                                  


                             Molecular geometry (au)
                             -----------------------

 C   _1    -1.3175265898            2.2832052784            0.0000000000
 C   _2     1.3175265898           -2.2832052784            0.0000000000
 C   _1     2.6358393815            0.0000000000            0.0000000000
 C   _2    -2.6358393815           -0.0000000000            0.0000000000
 C   _1     1.3184495471            2.2827606598            0.0000000000
 C   _2    -1.3184495471           -2.2827606598            0.0000000000
 H   _1     4.7138862752           -0.0007674948            0.0000000000
 H   _2    -4.7138862752            0.0007674948            0.0000000000
 H   _1     2.3574275928            4.0824830103            0.0000000000
 H   _2    -2.3574275928           -4.0824830103            0.0000000000
 H   _1     4.8387458824           -4.6081822563            0.0000000000
 H   _2    -4.8387458824            4.6081822563            0.0000000000
 C   _1    -2.7725753918            4.8038676515            0.0000000000
 C   _2     2.7725753918           -4.8038676515            0.0000000000
 C   _1    -1.6230765809            7.0302488418            0.0000000000
 C   _2     1.6230765809           -7.0302488418            0.0000000000
 H   _1    -2.6600470999            8.8280453421            0.0000000000
 H   _2     2.6600470999           -8.8280453421            0.0000000000
 H   _1     0.4430939277            7.2259342429            0.0000000000
 H   _2    -0.4430939277           -7.2259342429            0.0000000000





                        Molecular wave function and energy
                        ----------------------------------

     Spatial symmetry   1 ( Ag  )
     Spin multiplicity  1
     2 * M_S            0
     State number       1
     Total charge       0

     Total energy       -382.3280342514 au (Hartrees)
                        -10403.67503425 eV
                          -1003802.0992 kJ/mol
                           -239914.4596 kcal/mol


                   Scalar Breit-Pauli relativistic corrections
                   -------------------------------------------

     Darwin correction:                          0.3878501831 au
     Mass-velocity correction:                  -0.4893849763 au

     Total relativistic correction:             -0.1015347932 au ( 0.0266%)
     Non-relativistic + relativistic energy:  -382.4295690446 au



      (Note that these corrections are NOT included in the results below.)


                                  Dipole moment
                                  -------------

                 au               Debye          C m (/(10**-30)
              0.000000           0.000000           0.000000


                             Dipole moment components
                             ------------------------

                    All dipole components are zero by symmetry


   Units:   1 a.u. =   2.54175 Debye 
            1 a.u. =   8.47835 (10**-30) C m (SI)



  Max    interatomic separation is    9.7581 Angstrom (   18.4402 Bohr)
  between atoms   18 and   17, "H   _2" and "H   _1".

  Min HX interatomic separation is    1.0983 Angstrom (    2.0754 Bohr)

  Min YX interatomic separation is    1.3259 Angstrom (    2.5056 Bohr)


  Bond distances (Angstrom):
  --------------------------

                  atom 1     atom 2       distance
                  ------     ------       --------
  bond distance:  C   _1     C   _2       1.395160
  bond distance:  C   _2     C   _1       1.395160
  bond distance:  C   _1     C   _1       1.394899
  bond distance:  C   _1     C   _1       1.394712
  bond distance:  C   _2     C   _2       1.394899
  bond distance:  C   _2     C   _2       1.394712
  bond distance:  H   _1     C   _1       1.099655
  bond distance:  H   _2     C   _2       1.099655
  bond distance:  H   _1     C   _1       1.099680
  bond distance:  H   _2     C   _2       1.099680
  bond distance:  C   _1     C   _1       1.540161
  bond distance:  C   _1     H   _2       1.098263
  bond distance:  C   _2     C   _2       1.540161
  bond distance:  C   _2     H   _1       1.098263
  bond distance:  C   _1     C   _1       1.325916
  bond distance:  C   _2     C   _2       1.325916
  bond distance:  H   _1     C   _1       1.098266
  bond distance:  H   _2     C   _2       1.098266
  bond distance:  H   _1     C   _1       1.098263
  bond distance:  H   _2     C   _2       1.098263


  Bond angles (degrees):
  ----------------------

                  atom 1     atom 2     atom 3         angle
                  ------     ------     ------         -----
  bond angle:     C   _2     C   _1     C   _1       119.992
  bond angle:     C   _2     C   _1     C   _1       120.002
  bond angle:     C   _1     C   _1     C   _1       120.005
  bond angle:     C   _1     C   _2     C   _2       119.992
  bond angle:     C   _1     C   _2     C   _2       120.002
  bond angle:     C   _2     C   _2     C   _2       120.005
  bond angle:     C   _2     C   _1     C   _1       120.009
  bond angle:     C   _2     C   _1     H   _1       119.981
  bond angle:     C   _1     C   _1     H   _1       120.011
  bond angle:     C   _1     C   _2     C   _2       120.009
  bond angle:     C   _1     C   _2     H   _2       119.981
  bond angle:     C   _2     C   _2     H   _2       120.011
  bond angle:     C   _1     C   _1     C   _1       119.999
  bond angle:     C   _1     C   _1     H   _1       119.988
  bond angle:     C   _1     C   _1     H   _1       120.013
  bond angle:     C   _2     C   _2     C   _2       119.999
  bond angle:     C   _2     C   _2     H   _2       119.988
  bond angle:     C   _2     C   _2     H   _2       120.013
  bond angle:     C   _1     C   _1     H   _2       114.585
  bond angle:     C   _1     C   _1     C   _1       122.697
  bond angle:     H   _2     C   _1     C   _1       122.718
  bond angle:     C   _2     C   _2     H   _1       114.585
  bond angle:     C   _2     C   _2     C   _2       122.697
  bond angle:     H   _1     C   _2     C   _2       122.718
  bond angle:     C   _1     C   _1     H   _1       122.716
  bond angle:     C   _1     C   _1     H   _1       122.718
  bond angle:     H   _1     C   _1     H   _1       114.566
  bond angle:     C   _2     C   _2     H   _2       122.716
  bond angle:     C   _2     C   _2     H   _2       122.718
  bond angle:     H   _2     C   _2     H   _2       114.566


  Total CPU  time used in ABACUS:   0.02 seconds
  Total wall time used in ABACUS:   0.02 seconds


                   .-------------------------------------------.
                   | End of Static Property Section (ABACUS) - |
                   `-------------------------------------------'

  Total CPU  time used in DALTON:  9 minutes 45 seconds
  Total wall time used in DALTON:  57.93 seconds

 
     Date and time (Linux)  : Wed Jun 10 22:23:57 2020
     Host name              : osmium                                  
